--------------------------------------------------------------------------
[[20602,1],0]: A high-performance Open MPI point-to-point messaging module
was unable to find any relevant network interfaces:

Module: OpenFabrics (openib)
  Host: GCRAZGDL0429

Another transport will be used instead, although this may result in
lower performance.

NOTE: You can disable this warning by setting the MCA parameter
btl_base_warn_component_unused to 0.
--------------------------------------------------------------------------
2022-04-15 04:18:55.417520: I tensorflow/core/platform/cpu_feature_guard.cc:142] Your CPU supports instructions that this TensorFlow binary was not compiled to use: AVX2 FMA
2022-04-15 04:18:55.445179: I tensorflow/core/platform/profile_utils/cpu_utils.cc:94] CPU Frequency: 2593990000 Hz
2022-04-15 04:18:55.445586: I tensorflow/compiler/xla/service/service.cc:168] XLA service 0x5622a568c090 initialized for platform Host (this does not guarantee that XLA will be used). Devices:
2022-04-15 04:18:55.445619: I tensorflow/compiler/xla/service/service.cc:176]   StreamExecutor device (0): Host, Default Version
Warning: Log dir exp/wtrpo_Hopper-v3/wtrpo_Hopper-v3_s5 already exists! Storing info there anyway.
[32;1mLogging data to exp/wtrpo_Hopper-v3/wtrpo_Hopper-v3_s5/progress.txt[0m
[36;1mSaving config:
[0m
{
    "ac_kwargs":	{
        "hidden_sizes":	[
            64,
            64
        ]
    },
    "actor_critic":	"mlp_actor_critic",
    "algo":	"trpo",
    "backtrack_coeff":	0.8,
    "backtrack_iters":	10,
    "cg_iters":	10,
    "damping_coeff":	0.1,
    "delta":	0.01,
    "env_fn":	"<function <lambda> at 0x7fb0bd4ae290>",
    "epochs":	50,
    "exp_name":	"wtrpo_Hopper-v3",
    "gamma":	0.99,
    "lam":	0.97,
    "logger":	{
        "<spinup.utils.logx.EpochLogger object at 0x7fb0bd4cc910>":	{
            "epoch_dict":	{},
            "exp_name":	"wtrpo_Hopper-v3",
            "first_row":	true,
            "log_current_row":	{},
            "log_headers":	[],
            "output_dir":	"exp/wtrpo_Hopper-v3/wtrpo_Hopper-v3_s5",
            "output_file":	{
                "<_io.TextIOWrapper name='exp/wtrpo_Hopper-v3/wtrpo_Hopper-v3_s5/progress.txt' mode='w' encoding='UTF-8'>":	{
                    "mode":	"w"
                }
            }
        }
    },
    "logger_kwargs":	{
        "exp_name":	"wtrpo_Hopper-v3",
        "output_dir":	"exp/wtrpo_Hopper-v3/wtrpo_Hopper-v3_s5"
    },
    "max_ep_len":	1000,
    "save_freq":	10,
    "seed":	5,
    "steps_per_epoch":	4000,
    "train_v_iters":	80,
    "vf_lr":	0.001
}
[32;1m
Number of parameters: 	 pi: 5126, 	 v: 4993
[0m
Warning: trajectory cut off by epoch at 3 steps.
[32;1mLine search failed! Keeping old params.[0m
---------------------------------------
|             Epoch |               0 |
|      AverageEpRet |              18 |
|          StdEpRet |            6.59 |
|          MaxEpRet |            43.6 |
|          MinEpRet |            7.33 |
|             EpLen |            21.7 |
|      AverageVVals |           0.458 |
|          StdVVals |           0.373 |
|          MaxVVals |             2.4 |
|          MinVVals |          -0.837 |
| TotalEnvInteracts |           4e+03 |
|            LossPi |        3.36e-08 |
|             LossV |             115 |
|       DeltaLossPi |               0 |
|        DeltaLossV |           -77.2 |
|                KL |        2.91e+04 |
|    BacktrackIters |               9 |
|              Time |            10.6 |
---------------------------------------
Warning: trajectory cut off by epoch at 7 steps.
[32;1mLine search failed! Keeping old params.[0m
---------------------------------------
|             Epoch |               1 |
|      AverageEpRet |            19.1 |
|          StdEpRet |            8.11 |
|          MaxEpRet |            57.4 |
|          MinEpRet |            7.08 |
|             EpLen |            21.9 |
|      AverageVVals |            7.86 |
|          StdVVals |            1.54 |
|          MaxVVals |            10.2 |
|          MinVVals |          -0.361 |
| TotalEnvInteracts |           8e+03 |
|            LossPi |       -1.31e-09 |
|             LossV |            53.2 |
|       DeltaLossPi |        1.19e-10 |
|        DeltaLossV |           -22.7 |
|                KL |        2.91e+04 |
|    BacktrackIters |               9 |
|              Time |            18.4 |
---------------------------------------
Warning: trajectory cut off by epoch at 17 steps.
[32;1mLine search failed! Keeping old params.[0m
---------------------------------------
|             Epoch |               2 |
|      AverageEpRet |            19.1 |
|          StdEpRet |            6.88 |
|          MaxEpRet |            50.2 |
|          MinEpRet |            7.31 |
|             EpLen |            21.8 |
|      AverageVVals |            9.37 |
|          StdVVals |            4.24 |
|          MaxVVals |            15.3 |
|          MinVVals |           -1.29 |
| TotalEnvInteracts |         1.2e+04 |
|            LossPi |        2.92e-09 |
|             LossV |            22.6 |
|       DeltaLossPi |        2.15e-09 |
|        DeltaLossV |              -4 |
|                KL |        2.91e+04 |
|    BacktrackIters |               9 |
|              Time |            27.3 |
---------------------------------------
Warning: trajectory cut off by epoch at 5 steps.
[32;1mLine search failed! Keeping old params.[0m
---------------------------------------
|             Epoch |               3 |
|      AverageEpRet |            19.4 |
|          StdEpRet |            7.19 |
|          MaxEpRet |              51 |
|          MinEpRet |            6.78 |
|             EpLen |              22 |
|      AverageVVals |            9.72 |
|          StdVVals |             5.2 |
|          MaxVVals |            17.3 |
|          MinVVals |           -10.5 |
| TotalEnvInteracts |         1.6e+04 |
|            LossPi |        7.87e-09 |
|             LossV |            20.8 |
|       DeltaLossPi |               0 |
|        DeltaLossV |           -1.54 |
|                KL |        2.91e+04 |
|    BacktrackIters |               9 |
|              Time |              36 |
---------------------------------------
[32;1mLine search failed! Keeping old params.[0m
---------------------------------------
|             Epoch |               4 |
|      AverageEpRet |            18.1 |
|          StdEpRet |            7.77 |
|          MaxEpRet |            54.7 |
|          MinEpRet |            6.27 |
|             EpLen |            21.6 |
|      AverageVVals |            9.28 |
|          StdVVals |            5.72 |
|          MaxVVals |            17.8 |
|          MinVVals |           -10.3 |
| TotalEnvInteracts |           2e+04 |
|            LossPi |        7.15e-10 |
|             LossV |            23.3 |
|       DeltaLossPi |       -9.54e-10 |
|        DeltaLossV |           -1.57 |
|                KL |        2.91e+04 |
|    BacktrackIters |               9 |
|              Time |            43.5 |
---------------------------------------
Warning: trajectory cut off by epoch at 5 steps.
[32;1mLine search failed! Keeping old params.[0m
---------------------------------------
|             Epoch |               5 |
|      AverageEpRet |            18.3 |
|          StdEpRet |            6.91 |
|          MaxEpRet |            44.6 |
|          MinEpRet |            6.29 |
|             EpLen |            21.2 |
|      AverageVVals |            9.18 |
|          StdVVals |            5.37 |
|          MaxVVals |            18.3 |
|          MinVVals |           -7.76 |
| TotalEnvInteracts |         2.4e+04 |
|            LossPi |       -2.18e-08 |
|             LossV |            17.4 |
|       DeltaLossPi |        4.77e-10 |
|        DeltaLossV |          -0.651 |
|                KL |        2.91e+04 |
|    BacktrackIters |               9 |
|              Time |            50.9 |
---------------------------------------
Warning: trajectory cut off by epoch at 16 steps.
[32;1mLine search failed! Keeping old params.[0m
---------------------------------------
|             Epoch |               6 |
|      AverageEpRet |            19.8 |
|          StdEpRet |            7.72 |
|          MaxEpRet |            48.6 |
|          MinEpRet |            6.19 |
|             EpLen |            21.9 |
|      AverageVVals |            9.66 |
|          StdVVals |            5.25 |
|          MaxVVals |            18.8 |
|          MinVVals |           -7.35 |
| TotalEnvInteracts |         2.8e+04 |
|            LossPi |        1.79e-10 |
|             LossV |            21.8 |
|       DeltaLossPi |        9.54e-10 |
|        DeltaLossV |           -1.63 |
|                KL |        2.91e+04 |
|    BacktrackIters |               9 |
|              Time |            58.4 |
---------------------------------------
Warning: trajectory cut off by epoch at 23 steps.
[32;1mLine search failed! Keeping old params.[0m
---------------------------------------
|             Epoch |               7 |
|      AverageEpRet |              20 |
|          StdEpRet |            7.58 |
|          MaxEpRet |            53.5 |
|          MinEpRet |            7.66 |
|             EpLen |            22.5 |
|      AverageVVals |            10.3 |
|          StdVVals |               6 |
|          MaxVVals |            19.9 |
|          MinVVals |           -8.02 |
| TotalEnvInteracts |         3.2e+04 |
|            LossPi |       -1.91e-09 |
|             LossV |            20.1 |
|       DeltaLossPi |        4.77e-10 |
|        DeltaLossV |          -0.928 |
|                KL |        2.91e+04 |
|    BacktrackIters |               9 |
|              Time |            66.8 |
---------------------------------------
Warning: trajectory cut off by epoch at 13 steps.
[32;1mLine search failed! Keeping old params.[0m
---------------------------------------
|             Epoch |               8 |
|      AverageEpRet |            19.1 |
|          StdEpRet |             7.1 |
|          MaxEpRet |            52.2 |
|          MinEpRet |            5.63 |
|             EpLen |              22 |
|      AverageVVals |            9.73 |
|          StdVVals |            6.01 |
|          MaxVVals |              20 |
|          MinVVals |           -7.71 |
| TotalEnvInteracts |         3.6e+04 |
|            LossPi |       -2.86e-09 |
|             LossV |            18.1 |
|       DeltaLossPi |        2.38e-10 |
|        DeltaLossV |          -0.706 |
|                KL |        2.91e+04 |
|    BacktrackIters |               9 |
|              Time |            75.1 |
---------------------------------------
[32;1mLine search failed! Keeping old params.[0m
---------------------------------------
|             Epoch |               9 |
|      AverageEpRet |              20 |
|          StdEpRet |            9.81 |
|          MaxEpRet |            72.2 |
|          MinEpRet |            6.89 |
|             EpLen |            22.2 |
|      AverageVVals |            9.87 |
|          StdVVals |            5.66 |
|          MaxVVals |            20.3 |
|          MinVVals |           -6.92 |
| TotalEnvInteracts |           4e+04 |
|            LossPi |       -7.15e-10 |
|             LossV |            38.2 |
|       DeltaLossPi |               0 |
|        DeltaLossV |           -3.16 |
|                KL |        2.91e+04 |
|    BacktrackIters |               9 |
|              Time |            83.9 |
---------------------------------------
Warning: trajectory cut off by epoch at 9 steps.
[32;1mLine search failed! Keeping old params.[0m
---------------------------------------
|             Epoch |              10 |
|      AverageEpRet |              20 |
|          StdEpRet |            8.38 |
|          MaxEpRet |            59.2 |
|          MinEpRet |            6.19 |
|             EpLen |            22.3 |
|      AverageVVals |            10.5 |
|          StdVVals |            6.14 |
|          MaxVVals |            22.4 |
|          MinVVals |           -16.4 |
| TotalEnvInteracts |         4.4e+04 |
|            LossPi |       -1.19e-09 |
|             LossV |            24.9 |
|       DeltaLossPi |        9.54e-10 |
|        DeltaLossV |           -1.22 |
|                KL |        2.91e+04 |
|    BacktrackIters |               9 |
|              Time |            94.1 |
---------------------------------------
Warning: trajectory cut off by epoch at 5 steps.
[32;1mLine search failed! Keeping old params.[0m
---------------------------------------
|             Epoch |              11 |
|      AverageEpRet |            18.9 |
|          StdEpRet |            7.85 |
|          MaxEpRet |            54.2 |
|          MinEpRet |             6.1 |
|             EpLen |            21.6 |
|      AverageVVals |            10.3 |
|          StdVVals |            6.28 |
|          MaxVVals |            22.3 |
|          MinVVals |           -3.23 |
| TotalEnvInteracts |         4.8e+04 |
|            LossPi |        1.74e-08 |
|             LossV |            21.4 |
|       DeltaLossPi |        9.54e-10 |
|        DeltaLossV |           -1.02 |
|                KL |        2.91e+04 |
|    BacktrackIters |               9 |
|              Time |             103 |
---------------------------------------
Warning: trajectory cut off by epoch at 3 steps.
[32;1mLine search failed! Keeping old params.[0m
---------------------------------------
|             Epoch |              12 |
|      AverageEpRet |            18.7 |
|          StdEpRet |            6.32 |
|          MaxEpRet |            41.9 |
|          MinEpRet |               7 |
|             EpLen |            20.9 |
|      AverageVVals |            9.76 |
|          StdVVals |            5.69 |
|          MaxVVals |            22.3 |
|          MinVVals |            -3.6 |
| TotalEnvInteracts |         5.2e+04 |
|            LossPi |        2.77e-08 |
|             LossV |            13.1 |
|       DeltaLossPi |        1.43e-09 |
|        DeltaLossV |          -0.497 |
|                KL |        2.91e+04 |
|    BacktrackIters |               9 |
|              Time |             113 |
---------------------------------------
Warning: trajectory cut off by epoch at 12 steps.
[32;1mLine search failed! Keeping old params.[0m
---------------------------------------
|             Epoch |              13 |
|      AverageEpRet |            20.4 |
|          StdEpRet |            8.36 |
|          MaxEpRet |            51.3 |
|          MinEpRet |            6.44 |
|             EpLen |            22.5 |
|      AverageVVals |            9.69 |
|          StdVVals |            5.47 |
|          MaxVVals |            21.7 |
|          MinVVals |           -3.26 |
| TotalEnvInteracts |         5.6e+04 |
|            LossPi |       -1.54e-08 |
|             LossV |            23.6 |
|       DeltaLossPi |        2.38e-09 |
|        DeltaLossV |              -2 |
|                KL |        2.91e+04 |
|    BacktrackIters |               9 |
|              Time |             121 |
---------------------------------------
Warning: trajectory cut off by epoch at 14 steps.
[32;1mLine search failed! Keeping old params.[0m
---------------------------------------
|             Epoch |              14 |
|      AverageEpRet |            19.8 |
|          StdEpRet |            8.29 |
|          MaxEpRet |            68.5 |
|          MinEpRet |               6 |
|             EpLen |            22.4 |
|      AverageVVals |            10.5 |
|          StdVVals |            6.43 |
|          MaxVVals |            23.3 |
|          MinVVals |           -5.46 |
| TotalEnvInteracts |           6e+04 |
|            LossPi |          -1e-08 |
|             LossV |            23.3 |
|       DeltaLossPi |       -4.77e-10 |
|        DeltaLossV |           -1.17 |
|                KL |        2.91e+04 |
|    BacktrackIters |               9 |
|              Time |             129 |
---------------------------------------
Warning: trajectory cut off by epoch at 17 steps.
[32;1mLine search failed! Keeping old params.[0m
---------------------------------------
|             Epoch |              15 |
|      AverageEpRet |            18.3 |
|          StdEpRet |            7.38 |
|          MaxEpRet |              65 |
|          MinEpRet |            6.49 |
|             EpLen |            21.9 |
|      AverageVVals |            9.55 |
|          StdVVals |             6.4 |
|          MaxVVals |            24.3 |
|          MinVVals |           -11.8 |
| TotalEnvInteracts |         6.4e+04 |
|            LossPi |       -9.54e-10 |
|             LossV |            18.6 |
|       DeltaLossPi |        9.54e-10 |
|        DeltaLossV |           -1.62 |
|                KL |        2.91e+04 |
|    BacktrackIters |               9 |
|              Time |             136 |
---------------------------------------
Warning: trajectory cut off by epoch at 21 steps.
[32;1mLine search failed! Keeping old params.[0m
---------------------------------------
|             Epoch |              16 |
|      AverageEpRet |            19.4 |
|          StdEpRet |            8.58 |
|          MaxEpRet |            66.1 |
|          MinEpRet |            6.45 |
|             EpLen |            21.5 |
|      AverageVVals |            9.68 |
|          StdVVals |            5.75 |
|          MaxVVals |              23 |
|          MinVVals |           -2.67 |
| TotalEnvInteracts |         6.8e+04 |
|            LossPi |       -1.66e-08 |
|             LossV |            26.5 |
|       DeltaLossPi |        2.38e-10 |
|        DeltaLossV |           -1.34 |
|                KL |        2.91e+04 |
|    BacktrackIters |               9 |
|              Time |             145 |
---------------------------------------
Warning: trajectory cut off by epoch at 3 steps.
[32;1mLine search failed! Keeping old params.[0m
---------------------------------------
|             Epoch |              17 |
|      AverageEpRet |            19.4 |
|          StdEpRet |            8.55 |
|          MaxEpRet |            60.9 |
|          MinEpRet |            6.71 |
|             EpLen |            21.8 |
|      AverageVVals |            9.89 |
|          StdVVals |            6.19 |
|          MaxVVals |            26.2 |
|          MinVVals |           -6.54 |
| TotalEnvInteracts |         7.2e+04 |
|            LossPi |       -3.28e-10 |
|             LossV |            24.2 |
|       DeltaLossPi |       -2.38e-10 |
|        DeltaLossV |          -0.981 |
|                KL |        2.91e+04 |
|    BacktrackIters |               9 |
|              Time |             153 |
---------------------------------------
Warning: trajectory cut off by epoch at 1 steps.
[32;1mLine search failed! Keeping old params.[0m
---------------------------------------
|             Epoch |              18 |
|      AverageEpRet |            18.1 |
|          StdEpRet |            6.48 |
|          MaxEpRet |            51.9 |
|          MinEpRet |            7.02 |
|             EpLen |            21.3 |
|      AverageVVals |            9.69 |
|          StdVVals |            6.15 |
|          MaxVVals |            26.8 |
|          MinVVals |           -4.38 |
| TotalEnvInteracts |         7.6e+04 |
|            LossPi |        1.81e-08 |
|             LossV |            14.6 |
|       DeltaLossPi |       -9.54e-10 |
|        DeltaLossV |           -1.38 |
|                KL |        2.91e+04 |
|    BacktrackIters |               9 |
|              Time |             161 |
---------------------------------------
Warning: trajectory cut off by epoch at 8 steps.
[32;1mLine search failed! Keeping old params.[0m
---------------------------------------
|             Epoch |              19 |
|      AverageEpRet |            18.9 |
|          StdEpRet |            7.79 |
|          MaxEpRet |            49.7 |
|          MinEpRet |            6.96 |
|             EpLen |            21.6 |
|      AverageVVals |            9.28 |
|          StdVVals |            5.58 |
|          MaxVVals |            24.7 |
|          MinVVals |           -2.37 |
| TotalEnvInteracts |           8e+04 |
|            LossPi |        1.25e-08 |
|             LossV |            20.7 |
|       DeltaLossPi |               0 |
|        DeltaLossV |           -1.06 |
|                KL |        2.91e+04 |
|    BacktrackIters |               9 |
|              Time |             171 |
---------------------------------------
Warning: trajectory cut off by epoch at 11 steps.
[32;1mLine search failed! Keeping old params.[0m
---------------------------------------
|             Epoch |              20 |
|      AverageEpRet |            19.7 |
|          StdEpRet |            7.91 |
|          MaxEpRet |            60.2 |
|          MinEpRet |            6.45 |
|             EpLen |            21.9 |
|      AverageVVals |              10 |
|          StdVVals |             5.9 |
|          MaxVVals |            26.7 |
|          MinVVals |           -3.42 |
| TotalEnvInteracts |         8.4e+04 |
|            LossPi |       -1.43e-08 |
|             LossV |              20 |
|       DeltaLossPi |       -4.77e-10 |
|        DeltaLossV |          -0.865 |
|                KL |        2.91e+04 |
|    BacktrackIters |               9 |
|              Time |             181 |
---------------------------------------
Warning: trajectory cut off by epoch at 10 steps.
[32;1mLine search failed! Keeping old params.[0m
---------------------------------------
|             Epoch |              21 |
|      AverageEpRet |            19.4 |
|          StdEpRet |            6.86 |
|          MaxEpRet |              41 |
|          MinEpRet |            8.18 |
|             EpLen |            21.7 |
|      AverageVVals |            10.1 |
|          StdVVals |            5.93 |
|          MaxVVals |            25.6 |
|          MinVVals |           -2.11 |
| TotalEnvInteracts |         8.8e+04 |
|            LossPi |        4.89e-09 |
|             LossV |            16.4 |
|       DeltaLossPi |        4.77e-10 |
|        DeltaLossV |          -0.768 |
|                KL |        2.91e+04 |
|    BacktrackIters |               9 |
|              Time |             190 |
---------------------------------------
Warning: trajectory cut off by epoch at 3 steps.
[32;1mLine search failed! Keeping old params.[0m
---------------------------------------
|             Epoch |              22 |
|      AverageEpRet |            19.4 |
|          StdEpRet |            7.59 |
|          MaxEpRet |            50.1 |
|          MinEpRet |            6.58 |
|             EpLen |            22.3 |
|      AverageVVals |            9.61 |
|          StdVVals |            5.92 |
|          MaxVVals |            24.7 |
|          MinVVals |           -3.01 |
| TotalEnvInteracts |         9.2e+04 |
|            LossPi |        -1.5e-08 |
|             LossV |            18.8 |
|       DeltaLossPi |        1.43e-09 |
|        DeltaLossV |          -0.646 |
|                KL |        2.91e+04 |
|    BacktrackIters |               9 |
|              Time |             199 |
---------------------------------------
Warning: trajectory cut off by epoch at 26 steps.
[32;1mLine search failed! Keeping old params.[0m
---------------------------------------
|             Epoch |              23 |
|      AverageEpRet |            20.5 |
|          StdEpRet |            8.08 |
|          MaxEpRet |            56.4 |
|          MinEpRet |            7.51 |
|             EpLen |            22.2 |
|      AverageVVals |            10.4 |
|          StdVVals |            5.81 |
|          MaxVVals |            23.7 |
|          MinVVals |           -2.85 |
| TotalEnvInteracts |         9.6e+04 |
|            LossPi |        8.82e-09 |
|             LossV |            20.9 |
|       DeltaLossPi |               0 |
|        DeltaLossV |          -0.999 |
|                KL |        2.91e+04 |
|    BacktrackIters |               9 |
|              Time |             209 |
---------------------------------------
Warning: trajectory cut off by epoch at 5 steps.
[32;1mLine search failed! Keeping old params.[0m
---------------------------------------
|             Epoch |              24 |
|      AverageEpRet |            19.7 |
|          StdEpRet |            6.94 |
|          MaxEpRet |              44 |
|          MinEpRet |             7.3 |
|             EpLen |            22.2 |
|      AverageVVals |            10.5 |
|          StdVVals |            6.41 |
|          MaxVVals |            24.3 |
|          MinVVals |           -3.69 |
| TotalEnvInteracts |           1e+05 |
|            LossPi |       -7.39e-09 |
|             LossV |            16.4 |
|       DeltaLossPi |               0 |
|        DeltaLossV |           -1.42 |
|                KL |        2.91e+04 |
|    BacktrackIters |               9 |
|              Time |             217 |
---------------------------------------
Warning: trajectory cut off by epoch at 1 steps.
[32;1mLine search failed! Keeping old params.[0m
---------------------------------------
|             Epoch |              25 |
|      AverageEpRet |            18.5 |
|          StdEpRet |            6.85 |
|          MaxEpRet |            47.7 |
|          MinEpRet |            6.58 |
|             EpLen |            21.6 |
|      AverageVVals |            9.64 |
|          StdVVals |            6.05 |
|          MaxVVals |            25.9 |
|          MinVVals |           -1.79 |
| TotalEnvInteracts |        1.04e+05 |
|            LossPi |       -1.26e-08 |
|             LossV |            14.7 |
|       DeltaLossPi |        2.62e-09 |
|        DeltaLossV |          -0.635 |
|                KL |        2.91e+04 |
|    BacktrackIters |               9 |
|              Time |             224 |
---------------------------------------
Warning: trajectory cut off by epoch at 17 steps.
[32;1mLine search failed! Keeping old params.[0m
---------------------------------------
|             Epoch |              26 |
|      AverageEpRet |            19.6 |
|          StdEpRet |            7.88 |
|          MaxEpRet |            44.7 |
|          MinEpRet |            5.81 |
|             EpLen |            21.9 |
|      AverageVVals |            9.48 |
|          StdVVals |             5.6 |
|          MaxVVals |            24.1 |
|          MinVVals |           -2.82 |
| TotalEnvInteracts |        1.08e+05 |
|            LossPi |        1.03e-08 |
|             LossV |            19.3 |
|       DeltaLossPi |               0 |
|        DeltaLossV |           -1.35 |
|                KL |        2.91e+04 |
|    BacktrackIters |               9 |
|              Time |             232 |
---------------------------------------
Warning: trajectory cut off by epoch at 6 steps.
[32;1mLine search failed! Keeping old params.[0m
---------------------------------------
|             Epoch |              27 |
|      AverageEpRet |            19.1 |
|          StdEpRet |            8.32 |
|          MaxEpRet |            57.7 |
|          MinEpRet |            6.54 |
|             EpLen |            21.8 |
|      AverageVVals |             9.8 |
|          StdVVals |            6.17 |
|          MaxVVals |            25.6 |
|          MinVVals |            -9.2 |
| TotalEnvInteracts |        1.12e+05 |
|            LossPi |       -1.65e-08 |
|             LossV |            21.2 |
|       DeltaLossPi |        2.38e-10 |
|        DeltaLossV |           -1.07 |
|                KL |        2.91e+04 |
|    BacktrackIters |               9 |
|              Time |             241 |
---------------------------------------
Warning: trajectory cut off by epoch at 20 steps.
[32;1mLine search failed! Keeping old params.[0m
---------------------------------------
|             Epoch |              28 |
|      AverageEpRet |            18.1 |
|          StdEpRet |             6.3 |
|          MaxEpRet |            44.3 |
|          MinEpRet |            6.22 |
|             EpLen |            21.3 |
|      AverageVVals |            9.66 |
|          StdVVals |            6.13 |
|          MaxVVals |            24.4 |
|          MinVVals |           -6.68 |
| TotalEnvInteracts |        1.16e+05 |
|            LossPi |        8.58e-09 |
|             LossV |            14.8 |
|       DeltaLossPi |               0 |
|        DeltaLossV |            -1.5 |
|                KL |        2.91e+04 |
|    BacktrackIters |               9 |
|              Time |             250 |
---------------------------------------
Warning: trajectory cut off by epoch at 5 steps.
[32;1mLine search failed! Keeping old params.[0m
---------------------------------------
|             Epoch |              29 |
|      AverageEpRet |            18.3 |
|          StdEpRet |            7.49 |
|          MaxEpRet |            51.3 |
|          MinEpRet |            6.19 |
|             EpLen |            21.6 |
|      AverageVVals |            9.03 |
|          StdVVals |            5.61 |
|          MaxVVals |            23.5 |
|          MinVVals |            -3.2 |
| TotalEnvInteracts |         1.2e+05 |
|            LossPi |       -1.32e-08 |
|             LossV |            16.1 |
|       DeltaLossPi |               0 |
|        DeltaLossV |          -0.749 |
|                KL |        2.91e+04 |
|    BacktrackIters |               9 |
|              Time |             258 |
---------------------------------------
Warning: trajectory cut off by epoch at 1 steps.
[32;1mLine search failed! Keeping old params.[0m
---------------------------------------
|             Epoch |              30 |
|      AverageEpRet |            20.9 |
|          StdEpRet |             8.8 |
|          MaxEpRet |            62.5 |
|          MinEpRet |            7.73 |
|             EpLen |            22.9 |
|      AverageVVals |            9.89 |
|          StdVVals |            5.88 |
|          MaxVVals |            25.9 |
|          MinVVals |           -2.78 |
| TotalEnvInteracts |        1.24e+05 |
|            LossPi |        8.34e-09 |
|             LossV |            27.4 |
|       DeltaLossPi |       -1.43e-09 |
|        DeltaLossV |           -2.42 |
|                KL |        2.91e+04 |
|    BacktrackIters |               9 |
|              Time |             269 |
---------------------------------------
Warning: trajectory cut off by epoch at 12 steps.
[32;1mLine search failed! Keeping old params.[0m
---------------------------------------
|             Epoch |              31 |
|      AverageEpRet |              19 |
|          StdEpRet |            6.93 |
|          MaxEpRet |              43 |
|          MinEpRet |            6.72 |
|             EpLen |            22.3 |
|      AverageVVals |            10.4 |
|          StdVVals |            6.57 |
|          MaxVVals |            26.1 |
|          MinVVals |           -4.66 |
| TotalEnvInteracts |        1.28e+05 |
|            LossPi |        -1.6e-08 |
|             LossV |            16.4 |
|       DeltaLossPi |       -7.15e-10 |
|        DeltaLossV |           -1.95 |
|                KL |        2.91e+04 |
|    BacktrackIters |               9 |
|              Time |             280 |
---------------------------------------
Warning: trajectory cut off by epoch at 22 steps.
[32;1mLine search failed! Keeping old params.[0m
---------------------------------------
|             Epoch |              32 |
|      AverageEpRet |            19.1 |
|          StdEpRet |            7.94 |
|          MaxEpRet |            64.1 |
|          MinEpRet |            6.98 |
|             EpLen |              22 |
|      AverageVVals |            9.47 |
|          StdVVals |            5.78 |
|          MaxVVals |            24.5 |
|          MinVVals |           -3.05 |
| TotalEnvInteracts |        1.32e+05 |
|            LossPi |        1.53e-08 |
|             LossV |            20.3 |
|       DeltaLossPi |               0 |
|        DeltaLossV |           -1.25 |
|                KL |        2.91e+04 |
|    BacktrackIters |               9 |
|              Time |             289 |
---------------------------------------
Warning: trajectory cut off by epoch at 1 steps.
[32;1mLine search failed! Keeping old params.[0m
---------------------------------------
|             Epoch |              33 |
|      AverageEpRet |            19.1 |
|          StdEpRet |            7.49 |
|          MaxEpRet |            54.2 |
|          MinEpRet |            5.61 |
|             EpLen |            22.3 |
|      AverageVVals |            9.63 |
|          StdVVals |            6.22 |
|          MaxVVals |            27.2 |
|          MinVVals |           -3.71 |
| TotalEnvInteracts |        1.36e+05 |
|            LossPi |       -9.89e-09 |
|             LossV |            17.3 |
|       DeltaLossPi |       -9.54e-10 |
|        DeltaLossV |           -1.03 |
|                KL |        2.91e+04 |
|    BacktrackIters |               9 |
|              Time |             298 |
---------------------------------------
Warning: trajectory cut off by epoch at 10 steps.
[32;1mLine search failed! Keeping old params.[0m
---------------------------------------
|             Epoch |              34 |
|      AverageEpRet |            18.6 |
|          StdEpRet |            8.68 |
|          MaxEpRet |            70.2 |
|          MinEpRet |            6.71 |
|             EpLen |            21.7 |
|      AverageVVals |            9.48 |
|          StdVVals |            6.04 |
|          MaxVVals |            26.7 |
|          MinVVals |           -2.88 |
| TotalEnvInteracts |         1.4e+05 |
|            LossPi |        2.28e-08 |
|             LossV |            26.8 |
|       DeltaLossPi |               0 |
|        DeltaLossV |            -2.3 |
|                KL |        2.91e+04 |
|    BacktrackIters |               9 |
|              Time |             306 |
---------------------------------------
Warning: trajectory cut off by epoch at 16 steps.
[32;1mLine search failed! Keeping old params.[0m
---------------------------------------
|             Epoch |              35 |
|      AverageEpRet |            18.4 |
|          StdEpRet |            7.25 |
|          MaxEpRet |            79.8 |
|          MinEpRet |            7.23 |
|             EpLen |            21.5 |
|      AverageVVals |             9.4 |
|          StdVVals |            6.16 |
|          MaxVVals |            29.1 |
|          MinVVals |           -6.79 |
| TotalEnvInteracts |        1.44e+05 |
|            LossPi |       -1.19e-09 |
|             LossV |            19.3 |
|       DeltaLossPi |               0 |
|        DeltaLossV |           -2.34 |
|                KL |        2.91e+04 |
|    BacktrackIters |               9 |
|              Time |             314 |
---------------------------------------
Warning: trajectory cut off by epoch at 21 steps.
[32;1mLine search failed! Keeping old params.[0m
---------------------------------------
|             Epoch |              36 |
|      AverageEpRet |            19.9 |
|          StdEpRet |            8.89 |
|          MaxEpRet |              80 |
|          MinEpRet |            6.57 |
|             EpLen |            22.6 |
|      AverageVVals |            9.58 |
|          StdVVals |            5.76 |
|          MaxVVals |            30.7 |
|          MinVVals |           -2.48 |
| TotalEnvInteracts |        1.48e+05 |
|            LossPi |        5.48e-09 |
|             LossV |            32.4 |
|       DeltaLossPi |               0 |
|        DeltaLossV |           -2.81 |
|                KL |        2.91e+04 |
|    BacktrackIters |               9 |
|              Time |             322 |
---------------------------------------
Warning: trajectory cut off by epoch at 16 steps.
[32;1mLine search failed! Keeping old params.[0m
---------------------------------------
|             Epoch |              37 |
|      AverageEpRet |            18.9 |
|          StdEpRet |             6.8 |
|          MaxEpRet |            46.4 |
|          MinEpRet |            6.14 |
|             EpLen |            21.9 |
|      AverageVVals |            10.2 |
|          StdVVals |            6.23 |
|          MaxVVals |            28.1 |
|          MinVVals |           -3.37 |
| TotalEnvInteracts |        1.52e+05 |
|            LossPi |        -1.9e-08 |
|             LossV |            16.4 |
|       DeltaLossPi |        1.43e-09 |
|        DeltaLossV |           -1.62 |
|                KL |        2.91e+04 |
|    BacktrackIters |               9 |
|              Time |             331 |
---------------------------------------
Warning: trajectory cut off by epoch at 18 steps.
[32;1mLine search failed! Keeping old params.[0m
---------------------------------------
|             Epoch |              38 |
|      AverageEpRet |            19.3 |
|          StdEpRet |            7.93 |
|          MaxEpRet |            51.2 |
|          MinEpRet |            7.04 |
|             EpLen |            22.1 |
|      AverageVVals |            9.56 |
|          StdVVals |            5.88 |
|          MaxVVals |            29.7 |
|          MinVVals |           -4.43 |
| TotalEnvInteracts |        1.56e+05 |
|            LossPi |        2.62e-09 |
|             LossV |            19.4 |
|       DeltaLossPi |        7.15e-10 |
|        DeltaLossV |           -1.04 |
|                KL |        2.91e+04 |
|    BacktrackIters |               9 |
|              Time |             339 |
---------------------------------------
Warning: trajectory cut off by epoch at 6 steps.
[32;1mLine search failed! Keeping old params.[0m
---------------------------------------
|             Epoch |              39 |
|      AverageEpRet |            19.6 |
|          StdEpRet |            8.14 |
|          MaxEpRet |            56.1 |
|          MinEpRet |             7.3 |
|             EpLen |            21.9 |
|      AverageVVals |            9.92 |
|          StdVVals |            5.98 |
|          MaxVVals |            26.8 |
|          MinVVals |           -2.12 |
| TotalEnvInteracts |         1.6e+05 |
|            LossPi |        1.03e-08 |
|             LossV |            22.6 |
|       DeltaLossPi |       -9.54e-10 |
|        DeltaLossV |          -0.959 |
|                KL |        2.91e+04 |
|    BacktrackIters |               9 |
|              Time |             344 |
---------------------------------------
Warning: trajectory cut off by epoch at 3 steps.
[32;1mLine search failed! Keeping old params.[0m
---------------------------------------
|             Epoch |              40 |
|      AverageEpRet |            18.9 |
|          StdEpRet |            7.11 |
|          MaxEpRet |            41.3 |
|          MinEpRet |            5.62 |
|             EpLen |            21.4 |
|      AverageVVals |            10.1 |
|          StdVVals |             6.2 |
|          MaxVVals |            29.8 |
|          MinVVals |           -3.15 |
| TotalEnvInteracts |        1.64e+05 |
|            LossPi |        -1.1e-08 |
|             LossV |              16 |
|       DeltaLossPi |        4.77e-10 |
|        DeltaLossV |           -1.31 |
|                KL |        2.91e+04 |
|    BacktrackIters |               9 |
|              Time |             350 |
---------------------------------------
Warning: trajectory cut off by epoch at 13 steps.
[32;1mLine search failed! Keeping old params.[0m
---------------------------------------
|             Epoch |              41 |
|      AverageEpRet |            19.9 |
|          StdEpRet |            9.22 |
|          MaxEpRet |            65.9 |
|          MinEpRet |            6.98 |
|             EpLen |            22.5 |
|      AverageVVals |            9.68 |
|          StdVVals |            5.92 |
|          MaxVVals |            27.2 |
|          MinVVals |            -5.3 |
| TotalEnvInteracts |        1.68e+05 |
|            LossPi |       -7.75e-09 |
|             LossV |            28.2 |
|       DeltaLossPi |       -1.91e-09 |
|        DeltaLossV |           -2.77 |
|                KL |        2.91e+04 |
|    BacktrackIters |               9 |
|              Time |             355 |
---------------------------------------
Warning: trajectory cut off by epoch at 8 steps.
[32;1mLine search failed! Keeping old params.[0m
---------------------------------------
|             Epoch |              42 |
|      AverageEpRet |            20.5 |
|          StdEpRet |             8.6 |
|          MaxEpRet |            73.1 |
|          MinEpRet |            6.93 |
|             EpLen |            22.7 |
|      AverageVVals |            10.3 |
|          StdVVals |            6.46 |
|          MaxVVals |            29.9 |
|          MinVVals |           -4.35 |
| TotalEnvInteracts |        1.72e+05 |
|            LossPi |        4.29e-09 |
|             LossV |            26.3 |
|       DeltaLossPi |               0 |
|        DeltaLossV |            -1.3 |
|                KL |        2.91e+04 |
|    BacktrackIters |               9 |
|              Time |             360 |
---------------------------------------
Warning: trajectory cut off by epoch at 9 steps.
[32;1mLine search failed! Keeping old params.[0m
---------------------------------------
|             Epoch |              43 |
|      AverageEpRet |            18.8 |
|          StdEpRet |            6.84 |
|          MaxEpRet |            39.7 |
|          MinEpRet |            6.11 |
|             EpLen |            21.1 |
|      AverageVVals |            10.5 |
|          StdVVals |            6.27 |
|          MaxVVals |            28.4 |
|          MinVVals |            -2.8 |
| TotalEnvInteracts |        1.76e+05 |
|            LossPi |       -9.06e-09 |
|             LossV |            16.3 |
|       DeltaLossPi |       -9.54e-10 |
|        DeltaLossV |           -1.92 |
|                KL |        2.91e+04 |
|    BacktrackIters |               9 |
|              Time |             365 |
---------------------------------------
Warning: trajectory cut off by epoch at 13 steps.
[32;1mLine search failed! Keeping old params.[0m
---------------------------------------
|             Epoch |              44 |
|      AverageEpRet |            19.5 |
|          StdEpRet |            6.44 |
|          MaxEpRet |            49.2 |
|          MinEpRet |            7.33 |
|             EpLen |            21.9 |
|      AverageVVals |            9.64 |
|          StdVVals |            5.56 |
|          MaxVVals |            24.2 |
|          MinVVals |           -3.91 |
| TotalEnvInteracts |         1.8e+05 |
|            LossPi |        5.01e-09 |
|             LossV |            14.8 |
|       DeltaLossPi |        4.77e-10 |
|        DeltaLossV |           -0.74 |
|                KL |        2.91e+04 |
|    BacktrackIters |               9 |
|              Time |             370 |
---------------------------------------
Warning: trajectory cut off by epoch at 13 steps.
[32;1mLine search failed! Keeping old params.[0m
---------------------------------------
|             Epoch |              45 |
|      AverageEpRet |            19.5 |
|          StdEpRet |            8.99 |
|          MaxEpRet |            64.4 |
|          MinEpRet |            6.83 |
|             EpLen |            21.7 |
|      AverageVVals |            10.1 |
|          StdVVals |            5.79 |
|          MaxVVals |            28.9 |
|          MinVVals |           -6.56 |
| TotalEnvInteracts |        1.84e+05 |
|            LossPi |        1.67e-09 |
|             LossV |            26.5 |
|       DeltaLossPi |       -4.77e-10 |
|        DeltaLossV |           -3.21 |
|                KL |        2.91e+04 |
|    BacktrackIters |               9 |
|              Time |             374 |
---------------------------------------
[32;1mLine search failed! Keeping old params.[0m
---------------------------------------
|             Epoch |              46 |
|      AverageEpRet |            19.2 |
|          StdEpRet |            7.38 |
|          MaxEpRet |            45.6 |
|          MinEpRet |            6.72 |
|             EpLen |            22.5 |
|      AverageVVals |            9.75 |
|          StdVVals |            6.43 |
|          MaxVVals |              32 |
|          MinVVals |           -5.28 |
| TotalEnvInteracts |        1.88e+05 |
|            LossPi |        8.05e-09 |
|             LossV |            17.7 |
|       DeltaLossPi |        4.77e-10 |
|        DeltaLossV |           -1.38 |
|                KL |        2.91e+04 |
|    BacktrackIters |               9 |
|              Time |             379 |
---------------------------------------
Warning: trajectory cut off by epoch at 13 steps.
[32;1mLine search failed! Keeping old params.[0m
---------------------------------------
|             Epoch |              47 |
|      AverageEpRet |            18.8 |
|          StdEpRet |            7.99 |
|          MaxEpRet |            64.5 |
|          MinEpRet |            7.44 |
|             EpLen |            22.4 |
|      AverageVVals |            9.42 |
|          StdVVals |               6 |
|          MaxVVals |            25.8 |
|          MinVVals |           -5.88 |
| TotalEnvInteracts |        1.92e+05 |
|            LossPi |       -5.54e-09 |
|             LossV |            20.4 |
|       DeltaLossPi |        4.77e-10 |
|        DeltaLossV |           -1.12 |
|                KL |        2.91e+04 |
|    BacktrackIters |               9 |
|              Time |             383 |
---------------------------------------
Warning: trajectory cut off by epoch at 2 steps.
[32;1mLine search failed! Keeping old params.[0m
---------------------------------------
|             Epoch |              48 |
|      AverageEpRet |            19.2 |
|          StdEpRet |            8.68 |
|          MaxEpRet |            64.9 |
|          MinEpRet |            7.55 |
|             EpLen |            22.2 |
|      AverageVVals |            9.72 |
|          StdVVals |            6.46 |
|          MaxVVals |            33.4 |
|          MinVVals |           -5.82 |
| TotalEnvInteracts |        1.96e+05 |
|            LossPi |        -3.1e-09 |
|             LossV |            25.6 |
|       DeltaLossPi |       -9.54e-10 |
|        DeltaLossV |          -0.968 |
|                KL |        2.91e+04 |
|    BacktrackIters |               9 |
|              Time |             388 |
---------------------------------------
Warning: trajectory cut off by epoch at 14 steps.
[32;1mLine search failed! Keeping old params.[0m
---------------------------------------
|             Epoch |              49 |
|      AverageEpRet |            18.9 |
|          StdEpRet |            7.97 |
|          MaxEpRet |            44.5 |
|          MinEpRet |            6.73 |
|             EpLen |            21.4 |
|      AverageVVals |              10 |
|          StdVVals |            6.33 |
|          MaxVVals |            29.9 |
|          MinVVals |           -1.83 |
| TotalEnvInteracts |           2e+05 |
|            LossPi |       -1.12e-08 |
|             LossV |            19.8 |
|       DeltaLossPi |        7.15e-10 |
|        DeltaLossV |           -1.06 |
|                KL |        2.91e+04 |
|    BacktrackIters |               9 |
|              Time |             392 |
---------------------------------------
