--------------------------------------------------------------------------
[[29817,1],0]: A high-performance Open MPI point-to-point messaging module
was unable to find any relevant network interfaces:

Module: OpenFabrics (openib)
  Host: GCRAZGDL0429

Another transport will be used instead, although this may result in
lower performance.

NOTE: You can disable this warning by setting the MCA parameter
btl_base_warn_component_unused to 0.
--------------------------------------------------------------------------
--------------------------------------------------------------------------
[[29875,1],3]: A high-performance Open MPI point-to-point messaging module
was unable to find any relevant network interfaces:

Module: OpenFabrics (openib)
  Host: GCRAZGDL0429

Another transport will be used instead, although this may result in
lower performance.

NOTE: You can disable this warning by setting the MCA parameter
btl_base_warn_component_unused to 0.
--------------------------------------------------------------------------
Warning: Log dir exp/trpo_Walker2d-v3/trpo_Walker2d-v3_s2 already exists! Storing info there anyway.
[32;1mLogging data to exp/trpo_Walker2d-v3/trpo_Walker2d-v3_s2/progress.txt[0m
[36;1mSaving config:
[0m
{
    "ac_kwargs":	{
        "hidden_sizes":	[
            64,
            64
        ]
    },
    "actor_critic":	"mlp_actor_critic",
    "algo":	"trpo",
    "backtrack_coeff":	0.8,
    "backtrack_iters":	10,
    "cg_iters":	10,
    "damping_coeff":	0.1,
    "delta":	0.01,
    "env_fn":	"<function <lambda> at 0x7f7ddb9364d0>",
    "epochs":	50,
    "exp_name":	"trpo_Walker2d-v3",
    "gamma":	0.99,
    "lam":	0.97,
    "logger":	{
        "<spinup.utils.logx.EpochLogger object at 0x7f7ddb8e02d0>":	{
            "epoch_dict":	{},
            "exp_name":	"trpo_Walker2d-v3",
            "first_row":	true,
            "log_current_row":	{},
            "log_headers":	[],
            "output_dir":	"exp/trpo_Walker2d-v3/trpo_Walker2d-v3_s2",
            "output_file":	{
                "<_io.TextIOWrapper name='exp/trpo_Walker2d-v3/trpo_Walker2d-v3_s2/progress.txt' mode='w' encoding='UTF-8'>":	{
                    "mode":	"w"
                }
            }
        }
    },
    "logger_kwargs":	{
        "exp_name":	"trpo_Walker2d-v3",
        "output_dir":	"exp/trpo_Walker2d-v3/trpo_Walker2d-v3_s2"
    },
    "max_ep_len":	1000,
    "save_freq":	10,
    "seed":	2,
    "steps_per_epoch":	4000,
    "train_v_iters":	80,
    "vf_lr":	0.001
}
[GCRAZGDL0429:31902] 3 more processes have sent help message help-mpi-btl-base.txt / btl:no-nics
[GCRAZGDL0429:31902] Set MCA parameter "orte_base_help_aggregate" to 0 to see all help / error messages
[32;1m
Number of parameters: 	 pi: 5708, 	 v: 5377
[0m
2022-04-14 05:26:59.134319: I tensorflow/core/platform/cpu_feature_guard.cc:142] Your CPU supports instructions that this TensorFlow binary was not compiled to use: AVX2 FMA
2022-04-14 05:26:59.225315: I tensorflow/core/platform/profile_utils/cpu_utils.cc:94] CPU Frequency: 2593990000 Hz
2022-04-14 05:26:59.237209: I tensorflow/compiler/xla/service/service.cc:168] XLA service 0x55c756d16d90 initialized for platform Host (this does not guarantee that XLA will be used). Devices:
2022-04-14 05:26:59.237322: I tensorflow/compiler/xla/service/service.cc:176]   StreamExecutor device (0): Host, Default Version
2022-04-14 05:27:10.904866: I tensorflow/core/platform/cpu_feature_guard.cc:142] Your CPU supports instructions that this TensorFlow binary was not compiled to use: AVX2 FMA
2022-04-14 05:27:11.053168: I tensorflow/core/platform/profile_utils/cpu_utils.cc:94] CPU Frequency: 2593990000 Hz
2022-04-14 05:27:11.065274: I tensorflow/compiler/xla/service/service.cc:168] XLA service 0x55bfb145fa50 initialized for platform Host (this does not guarantee that XLA will be used). Devices:
2022-04-14 05:27:11.065324: I tensorflow/compiler/xla/service/service.cc:176]   StreamExecutor device (0): Host, Default Version
2022-04-14 05:27:22.281356: I tensorflow/core/platform/cpu_feature_guard.cc:142] Your CPU supports instructions that this TensorFlow binary was not compiled to use: AVX2 FMA
2022-04-14 05:27:22.377315: I tensorflow/core/platform/profile_utils/cpu_utils.cc:94] CPU Frequency: 2593990000 Hz
2022-04-14 05:27:22.378045: I tensorflow/compiler/xla/service/service.cc:168] XLA service 0x56413ac60e90 initialized for platform Host (this does not guarantee that XLA will be used). Devices:
2022-04-14 05:27:22.378153: I tensorflow/compiler/xla/service/service.cc:176]   StreamExecutor device (0): Host, Default Version
2022-04-14 05:27:29.829412: I tensorflow/core/platform/cpu_feature_guard.cc:142] Your CPU supports instructions that this TensorFlow binary was not compiled to use: AVX2 FMA
2022-04-14 05:27:29.941210: I tensorflow/core/platform/profile_utils/cpu_utils.cc:94] CPU Frequency: 2593990000 Hz
2022-04-14 05:27:29.941696: I tensorflow/compiler/xla/service/service.cc:168] XLA service 0x55e3d9eaf7d0 initialized for platform Host (this does not guarantee that XLA will be used). Devices:
2022-04-14 05:27:29.941791: I tensorflow/compiler/xla/service/service.cc:176]   StreamExecutor device (0): Host, Default Version
Warning: trajectory cut off by epoch at 31 steps.
Warning: trajectory cut off by epoch at 11 steps.
Warning: trajectory cut off by epoch at 7 steps.
Warning: trajectory cut off by epoch at 22 steps.
[32;1mAccepting new params at step 0 of line search.[0m
---------------------------------------
|             Epoch |               0 |
|      AverageEpRet |            6.66 |
|          StdEpRet |            6.26 |
|          MaxEpRet |            32.5 |
|          MinEpRet |           -7.65 |
|             EpLen |            27.3 |
|      AverageVVals |          -0.285 |
|          StdVVals |            1.01 |
|          MaxVVals |             2.1 |
|          MinVVals |           -2.26 |
| TotalEnvInteracts |           4e+03 |
|            LossPi |        1.49e-08 |
|             LossV |            36.3 |
|       DeltaLossPi |         -0.0521 |
|        DeltaLossV |           -14.2 |
|                KL |         0.00937 |
|    BacktrackIters |               0 |
|              Time |            82.9 |
---------------------------------------
Warning: trajectory cut off by epoch at 10 steps.
Warning: trajectory cut off by epoch at 4 steps.
Warning: trajectory cut off by epoch at 1 steps.
Warning: trajectory cut off by epoch at 6 steps.
[32;1mAccepting new params at step 0 of line search.[0m
---------------------------------------
|             Epoch |               1 |
|      AverageEpRet |            7.36 |
|          StdEpRet |            6.43 |
|          MaxEpRet |            30.5 |
|          MinEpRet |           -5.99 |
|             EpLen |            28.8 |
|      AverageVVals |            2.93 |
|          StdVVals |            1.65 |
|          MaxVVals |            6.95 |
|          MinVVals |           -2.17 |
| TotalEnvInteracts |           8e+03 |
|            LossPi |               0 |
|             LossV |            20.7 |
|       DeltaLossPi |         -0.0509 |
|        DeltaLossV |           -3.39 |
|                KL |         0.00942 |
|    BacktrackIters |               0 |
|              Time |             153 |
---------------------------------------
Warning: trajectory cut off by epoch at 17 steps.
Warning: trajectory cut off by epoch at 3 steps.
Warning: trajectory cut off by epoch at 70 steps.
Warning: trajectory cut off by epoch at 33 steps.
[32;1mAccepting new params at step 0 of line search.[0m
---------------------------------------
|             Epoch |               2 |
|      AverageEpRet |            8.34 |
|          StdEpRet |            6.05 |
|          MaxEpRet |            33.7 |
|          MinEpRet |           -1.77 |
|             EpLen |            28.7 |
|      AverageVVals |            3.33 |
|          StdVVals |            2.17 |
|          MaxVVals |            8.43 |
|          MinVVals |           -3.05 |
| TotalEnvInteracts |         1.2e+04 |
|            LossPi |       -1.86e-08 |
|             LossV |            18.3 |
|       DeltaLossPi |         -0.0584 |
|        DeltaLossV |           -2.58 |
|                KL |         0.00934 |
|    BacktrackIters |               0 |
|              Time |             222 |
---------------------------------------
Warning: trajectory cut off by epoch at 9 steps.
Warning: trajectory cut off by epoch at 38 steps.
Warning: trajectory cut off by epoch at 20 steps.
Warning: trajectory cut off by epoch at 30 steps.
[32;1mAccepting new params at step 0 of line search.[0m
---------------------------------------
|             Epoch |               3 |
|      AverageEpRet |            10.6 |
|          StdEpRet |            8.76 |
|          MaxEpRet |            51.1 |
|          MinEpRet |           -10.1 |
|             EpLen |            31.7 |
|      AverageVVals |            4.05 |
|          StdVVals |            2.55 |
|          MaxVVals |            9.68 |
|          MinVVals |           -4.82 |
| TotalEnvInteracts |         1.6e+04 |
|            LossPi |        1.12e-08 |
|             LossV |            36.8 |
|       DeltaLossPi |         -0.0512 |
|        DeltaLossV |           -9.92 |
|                KL |         0.00926 |
|    BacktrackIters |               0 |
|              Time |             294 |
---------------------------------------
Warning: trajectory cut off by epoch at 19 steps.
Warning: trajectory cut off by epoch at 24 steps.
Warning: trajectory cut off by epoch at 25 steps.
Warning: trajectory cut off by epoch at 12 steps.
[32;1mAccepting new params at step 0 of line search.[0m
---------------------------------------
|             Epoch |               4 |
|      AverageEpRet |            13.7 |
|          StdEpRet |            10.9 |
|          MaxEpRet |            47.3 |
|          MinEpRet |           -5.71 |
|             EpLen |              35 |
|      AverageVVals |            5.58 |
|          StdVVals |            4.44 |
|          MaxVVals |            14.7 |
|          MinVVals |           -13.2 |
| TotalEnvInteracts |           2e+04 |
|            LossPi |       -1.58e-08 |
|             LossV |            48.5 |
|       DeltaLossPi |         -0.0509 |
|        DeltaLossV |            -9.6 |
|                KL |         0.00943 |
|    BacktrackIters |               0 |
|              Time |             364 |
---------------------------------------
Warning: trajectory cut off by epoch at 7 steps.
Warning: trajectory cut off by epoch at 25 steps.
Warning: trajectory cut off by epoch at 16 steps.
Warning: trajectory cut off by epoch at 45 steps.
[32;1mAccepting new params at step 0 of line search.[0m
---------------------------------------
|             Epoch |               5 |
|      AverageEpRet |            12.9 |
|          StdEpRet |            9.78 |
|          MaxEpRet |              49 |
|          MinEpRet |           -2.68 |
|             EpLen |            34.9 |
|      AverageVVals |             6.4 |
|          StdVVals |            5.02 |
|          MaxVVals |            17.4 |
|          MinVVals |           -12.4 |
| TotalEnvInteracts |         2.4e+04 |
|            LossPi |         1.3e-08 |
|             LossV |            40.9 |
|       DeltaLossPi |         -0.0523 |
|        DeltaLossV |           -8.28 |
|                KL |         0.00941 |
|    BacktrackIters |               0 |
|              Time |             435 |
---------------------------------------
Warning: trajectory cut off by epoch at 45 steps.
Warning: trajectory cut off by epoch at 21 steps.
Warning: trajectory cut off by epoch at 19 steps.
Warning: trajectory cut off by epoch at 15 steps.
[32;1mAccepting new params at step 0 of line search.[0m
---------------------------------------
|             Epoch |               6 |
|      AverageEpRet |            14.4 |
|          StdEpRet |            9.37 |
|          MaxEpRet |            40.8 |
|          MinEpRet |           -6.05 |
|             EpLen |            36.1 |
|      AverageVVals |            6.38 |
|          StdVVals |            4.68 |
|          MaxVVals |            17.7 |
|          MinVVals |           -16.1 |
| TotalEnvInteracts |         2.8e+04 |
|            LossPi |        1.12e-08 |
|             LossV |            31.4 |
|       DeltaLossPi |         -0.0485 |
|        DeltaLossV |           -7.87 |
|                KL |         0.00918 |
|    BacktrackIters |               0 |
|              Time |             506 |
---------------------------------------
Warning: trajectory cut off by epoch at 1 steps.
Warning: trajectory cut off by epoch at 53 steps.
Warning: trajectory cut off by epoch at 16 steps.
Warning: trajectory cut off by epoch at 5 steps.
[32;1mAccepting new params at step 0 of line search.[0m
---------------------------------------
|             Epoch |               7 |
|      AverageEpRet |            19.2 |
|          StdEpRet |              14 |
|          MaxEpRet |            51.3 |
|          MinEpRet |           -17.3 |
|             EpLen |            41.3 |
|      AverageVVals |            7.45 |
|          StdVVals |            5.32 |
|          MaxVVals |            18.6 |
|          MinVVals |           -16.7 |
| TotalEnvInteracts |         3.2e+04 |
|            LossPi |        1.49e-08 |
|             LossV |            74.8 |
|       DeltaLossPi |         -0.0543 |
|        DeltaLossV |           -20.7 |
|                KL |         0.00943 |
|    BacktrackIters |               0 |
|              Time |             576 |
---------------------------------------
Warning: trajectory cut off by epoch at 47 steps.
Warning: trajectory cut off by epoch at 14 steps.
Warning: trajectory cut off by epoch at 1 steps.
Warning: trajectory cut off by epoch at 32 steps.
[32;1mAccepting new params at step 0 of line search.[0m
---------------------------------------
|             Epoch |               8 |
|      AverageEpRet |            21.3 |
|          StdEpRet |            13.4 |
|          MaxEpRet |            59.5 |
|          MinEpRet |           -2.91 |
|             EpLen |              42 |
|      AverageVVals |            10.3 |
|          StdVVals |            6.89 |
|          MaxVVals |            23.7 |
|          MinVVals |           -20.3 |
| TotalEnvInteracts |         3.6e+04 |
|            LossPi |       -1.86e-09 |
|             LossV |            60.4 |
|       DeltaLossPi |         -0.0523 |
|        DeltaLossV |           -14.2 |
|                KL |         0.00943 |
|    BacktrackIters |               0 |
|              Time |             644 |
---------------------------------------
Warning: trajectory cut off by epoch at 42 steps.
Warning: trajectory cut off by epoch at 38 steps.
Warning: trajectory cut off by epoch at 5 steps.
Warning: trajectory cut off by epoch at 28 steps.
[32;1mAccepting new params at step 0 of line search.[0m
---------------------------------------
|             Epoch |               9 |
|      AverageEpRet |            24.2 |
|          StdEpRet |            14.3 |
|          MaxEpRet |            56.8 |
|          MinEpRet |           -5.17 |
|             EpLen |            44.7 |
|      AverageVVals |            10.8 |
|          StdVVals |            6.52 |
|          MaxVVals |            24.5 |
|          MinVVals |             -23 |
| TotalEnvInteracts |           4e+04 |
|            LossPi |               0 |
|             LossV |            70.8 |
|       DeltaLossPi |         -0.0526 |
|        DeltaLossV |           -17.3 |
|                KL |         0.00937 |
|    BacktrackIters |               0 |
|              Time |             689 |
---------------------------------------
Warning: trajectory cut off by epoch at 33 steps.
Warning: trajectory cut off by epoch at 13 steps.
Warning: trajectory cut off by epoch at 14 steps.
Warning: trajectory cut off by epoch at 35 steps.
[32;1mAccepting new params at step 0 of line search.[0m
---------------------------------------
|             Epoch |              10 |
|      AverageEpRet |            28.6 |
|          StdEpRet |            18.4 |
|          MaxEpRet |             118 |
|          MinEpRet |           -2.05 |
|             EpLen |            46.5 |
|      AverageVVals |            13.2 |
|          StdVVals |            7.28 |
|          MaxVVals |            26.9 |
|          MinVVals |           -17.5 |
| TotalEnvInteracts |         4.4e+04 |
|            LossPi |        3.73e-09 |
|             LossV |             124 |
|       DeltaLossPi |         -0.0567 |
|        DeltaLossV |           -29.6 |
|                KL |         0.00926 |
|    BacktrackIters |               0 |
|              Time |             763 |
---------------------------------------
Warning: trajectory cut off by epoch at 28 steps.
Warning: trajectory cut off by epoch at 14 steps.
Warning: trajectory cut off by epoch at 10 steps.
Warning: trajectory cut off by epoch at 20 steps.
[32;1mAccepting new params at step 0 of line search.[0m
---------------------------------------
|             Epoch |              11 |
|      AverageEpRet |              30 |
|          StdEpRet |            20.8 |
|          MaxEpRet |             120 |
|          MinEpRet |           -19.3 |
|             EpLen |            50.4 |
|      AverageVVals |            14.6 |
|          StdVVals |             9.3 |
|          MaxVVals |            35.2 |
|          MinVVals |           -22.8 |
| TotalEnvInteracts |         4.8e+04 |
|            LossPi |         1.3e-08 |
|             LossV |             133 |
|       DeltaLossPi |         -0.0554 |
|        DeltaLossV |           -33.2 |
|                KL |         0.00929 |
|    BacktrackIters |               0 |
|              Time |             835 |
---------------------------------------
Warning: trajectory cut off by epoch at 44 steps.
Warning: trajectory cut off by epoch at 25 steps.
Warning: trajectory cut off by epoch at 23 steps.
Warning: trajectory cut off by epoch at 69 steps.
[32;1mAccepting new params at step 0 of line search.[0m
---------------------------------------
|             Epoch |              12 |
|      AverageEpRet |            33.7 |
|          StdEpRet |            18.9 |
|          MaxEpRet |             105 |
|          MinEpRet |           -1.99 |
|             EpLen |            53.3 |
|      AverageVVals |            15.1 |
|          StdVVals |            10.2 |
|          MaxVVals |            37.4 |
|          MinVVals |           -32.2 |
| TotalEnvInteracts |         5.2e+04 |
|            LossPi |        1.49e-08 |
|             LossV |             125 |
|       DeltaLossPi |         -0.0545 |
|        DeltaLossV |           -36.6 |
|                KL |         0.00932 |
|    BacktrackIters |               0 |
|              Time |             906 |
---------------------------------------
Warning: trajectory cut off by epoch at 44 steps.
Warning: trajectory cut off by epoch at 25 steps.
Warning: trajectory cut off by epoch at 23 steps.
[32;1mAccepting new params at step 0 of line search.[0m
---------------------------------------
|             Epoch |              13 |
|      AverageEpRet |            41.4 |
|          StdEpRet |            25.8 |
|          MaxEpRet |             149 |
|          MinEpRet |           -10.1 |
|             EpLen |            61.1 |
|      AverageVVals |            16.2 |
|          StdVVals |            9.68 |
|          MaxVVals |            42.4 |
|          MinVVals |             -26 |
| TotalEnvInteracts |         5.6e+04 |
|            LossPi |        1.49e-08 |
|             LossV |             252 |
|       DeltaLossPi |         -0.0582 |
|        DeltaLossV |           -88.2 |
|                KL |         0.00911 |
|    BacktrackIters |               0 |
|              Time |             977 |
---------------------------------------
Warning: trajectory cut off by epoch at 23 steps.
Warning: trajectory cut off by epoch at 44 steps.
Warning: trajectory cut off by epoch at 8 steps.
Warning: trajectory cut off by epoch at 7 steps.
[32;1mAccepting new params at step 0 of line search.[0m
---------------------------------------
|             Epoch |              14 |
|      AverageEpRet |            37.9 |
|          StdEpRet |            25.3 |
|          MaxEpRet |             108 |
|          MinEpRet |           -67.8 |
|             EpLen |            60.3 |
|      AverageVVals |              19 |
|          StdVVals |              13 |
|          MaxVVals |            44.2 |
|          MinVVals |           -43.5 |
| TotalEnvInteracts |           6e+04 |
|            LossPi |       -9.31e-09 |
|             LossV |             216 |
|       DeltaLossPi |         -0.0563 |
|        DeltaLossV |             -75 |
|                KL |         0.00923 |
|    BacktrackIters |               0 |
|              Time |        1.05e+03 |
---------------------------------------
Warning: trajectory cut off by epoch at 27 steps.
Warning: trajectory cut off by epoch at 41 steps.
Warning: trajectory cut off by epoch at 56 steps.
Warning: trajectory cut off by epoch at 53 steps.
[32;1mAccepting new params at step 0 of line search.[0m
---------------------------------------
|             Epoch |              15 |
|      AverageEpRet |            48.9 |
|          StdEpRet |            35.6 |
|          MaxEpRet |             141 |
|          MinEpRet |           -7.11 |
|             EpLen |            67.1 |
|      AverageVVals |            17.9 |
|          StdVVals |            13.9 |
|          MaxVVals |            45.4 |
|          MinVVals |           -42.6 |
| TotalEnvInteracts |         6.4e+04 |
|            LossPi |               0 |
|             LossV |             344 |
|       DeltaLossPi |         -0.0565 |
|        DeltaLossV |            -124 |
|                KL |         0.00928 |
|    BacktrackIters |               0 |
|              Time |        1.14e+03 |
---------------------------------------
Warning: trajectory cut off by epoch at 5 steps.
Warning: trajectory cut off by epoch at 44 steps.
Warning: trajectory cut off by epoch at 31 steps.
Warning: trajectory cut off by epoch at 42 steps.
[32;1mAccepting new params at step 0 of line search.[0m
---------------------------------------
|             Epoch |              16 |
|      AverageEpRet |            52.5 |
|          StdEpRet |            33.7 |
|          MaxEpRet |             186 |
|          MinEpRet |            11.5 |
|             EpLen |            69.2 |
|      AverageVVals |            24.6 |
|          StdVVals |            15.7 |
|          MaxVVals |            58.9 |
|          MinVVals |           -46.8 |
| TotalEnvInteracts |         6.8e+04 |
|            LossPi |        1.86e-08 |
|             LossV |             317 |
|       DeltaLossPi |         -0.0562 |
|        DeltaLossV |            -109 |
|                KL |         0.00929 |
|    BacktrackIters |               0 |
|              Time |        1.22e+03 |
---------------------------------------
Warning: trajectory cut off by epoch at 27 steps.
Warning: trajectory cut off by epoch at 58 steps.
Warning: trajectory cut off by epoch at 11 steps.
Warning: trajectory cut off by epoch at 60 steps.
[32;1mAccepting new params at step 0 of line search.[0m
---------------------------------------
|             Epoch |              17 |
|      AverageEpRet |            53.2 |
|          StdEpRet |            31.6 |
|          MaxEpRet |             136 |
|          MinEpRet |           -7.39 |
|             EpLen |            75.4 |
|      AverageVVals |            21.1 |
|          StdVVals |            16.7 |
|          MaxVVals |            59.5 |
|          MinVVals |           -46.6 |
| TotalEnvInteracts |         7.2e+04 |
|            LossPi |        1.49e-08 |
|             LossV |             285 |
|       DeltaLossPi |         -0.0549 |
|        DeltaLossV |           -88.8 |
|                KL |         0.00917 |
|    BacktrackIters |               0 |
|              Time |         1.3e+03 |
---------------------------------------
Warning: trajectory cut off by epoch at 22 steps.
Warning: trajectory cut off by epoch at 11 steps.
Warning: trajectory cut off by epoch at 70 steps.
Warning: trajectory cut off by epoch at 25 steps.
[32;1mAccepting new params at step 0 of line search.[0m
---------------------------------------
|             Epoch |              18 |
|      AverageEpRet |            57.4 |
|          StdEpRet |            34.9 |
|          MaxEpRet |             151 |
|          MinEpRet |           -6.76 |
|             EpLen |            75.9 |
|      AverageVVals |            23.9 |
|          StdVVals |            15.8 |
|          MaxVVals |              59 |
|          MinVVals |           -35.7 |
| TotalEnvInteracts |         7.6e+04 |
|            LossPi |        3.73e-08 |
|             LossV |             312 |
|       DeltaLossPi |         -0.0556 |
|        DeltaLossV |           -89.5 |
|                KL |         0.00907 |
|    BacktrackIters |               0 |
|              Time |        1.37e+03 |
---------------------------------------
Warning: trajectory cut off by epoch at 95 steps.
Warning: trajectory cut off by epoch at 13 steps.
Warning: trajectory cut off by epoch at 42 steps.
Warning: trajectory cut off by epoch at 57 steps.
[32;1mAccepting new params at step 0 of line search.[0m
---------------------------------------
|             Epoch |              19 |
|      AverageEpRet |              64 |
|          StdEpRet |            36.1 |
|          MaxEpRet |             152 |
|          MinEpRet |            8.33 |
|             EpLen |            77.4 |
|      AverageVVals |            27.2 |
|          StdVVals |            16.4 |
|          MaxVVals |            64.9 |
|          MinVVals |           -29.7 |
| TotalEnvInteracts |           8e+04 |
|            LossPi |       -7.45e-09 |
|             LossV |             280 |
|       DeltaLossPi |         -0.0546 |
|        DeltaLossV |           -80.3 |
|                KL |         0.00924 |
|    BacktrackIters |               0 |
|              Time |        1.44e+03 |
---------------------------------------
Warning: trajectory cut off by epoch at 83 steps.
Warning: trajectory cut off by epoch at 22 steps.
Warning: trajectory cut off by epoch at 100 steps.
Warning: trajectory cut off by epoch at 34 steps.
[32;1mAccepting new params at step 0 of line search.[0m
---------------------------------------
|             Epoch |              20 |
|      AverageEpRet |            76.5 |
|          StdEpRet |            37.9 |
|          MaxEpRet |             155 |
|          MinEpRet |           0.374 |
|             EpLen |            87.5 |
|      AverageVVals |              29 |
|          StdVVals |            20.2 |
|          MaxVVals |            65.6 |
|          MinVVals |           -42.7 |
| TotalEnvInteracts |         8.4e+04 |
|            LossPi |       -7.45e-09 |
|             LossV |             330 |
|       DeltaLossPi |         -0.0526 |
|        DeltaLossV |           -90.4 |
|                KL |         0.00922 |
|    BacktrackIters |               0 |
|              Time |        1.52e+03 |
---------------------------------------
Warning: trajectory cut off by epoch at 31 steps.
Warning: trajectory cut off by epoch at 71 steps.
Warning: trajectory cut off by epoch at 11 steps.
Warning: trajectory cut off by epoch at 104 steps.
[32;1mAccepting new params at step 0 of line search.[0m
---------------------------------------
|             Epoch |              21 |
|      AverageEpRet |            73.4 |
|          StdEpRet |            41.4 |
|          MaxEpRet |             175 |
|          MinEpRet |          -0.304 |
|             EpLen |              97 |
|      AverageVVals |            27.6 |
|          StdVVals |            21.2 |
|          MaxVVals |            71.3 |
|          MinVVals |           -40.1 |
| TotalEnvInteracts |         8.8e+04 |
|            LossPi |        2.24e-08 |
|             LossV |             332 |
|       DeltaLossPi |          -0.054 |
|        DeltaLossV |             -98 |
|                KL |         0.00911 |
|    BacktrackIters |               0 |
|              Time |        1.59e+03 |
---------------------------------------
Warning: trajectory cut off by epoch at 4 steps.
Warning: trajectory cut off by epoch at 1 steps.
Warning: trajectory cut off by epoch at 11 steps.
Warning: trajectory cut off by epoch at 78 steps.
[32;1mAccepting new params at step 0 of line search.[0m
---------------------------------------
|             Epoch |              22 |
|      AverageEpRet |            98.1 |
|          StdEpRet |            50.8 |
|          MaxEpRet |             216 |
|          MinEpRet |           -6.11 |
|             EpLen |             100 |
|      AverageVVals |            33.8 |
|          StdVVals |            20.3 |
|          MaxVVals |            73.6 |
|          MinVVals |           -32.3 |
| TotalEnvInteracts |         9.2e+04 |
|            LossPi |       -3.17e-08 |
|             LossV |             540 |
|       DeltaLossPi |         -0.0561 |
|        DeltaLossV |            -206 |
|                KL |         0.00906 |
|    BacktrackIters |               0 |
|              Time |        1.66e+03 |
---------------------------------------
Warning: trajectory cut off by epoch at 115 steps.
Warning: trajectory cut off by epoch at 231 steps.
Warning: trajectory cut off by epoch at 64 steps.
Warning: trajectory cut off by epoch at 46 steps.
[32;1mAccepting new params at step 0 of line search.[0m
---------------------------------------
|             Epoch |              23 |
|      AverageEpRet |            88.1 |
|          StdEpRet |              41 |
|          MaxEpRet |             174 |
|          MinEpRet |            19.3 |
|             EpLen |             101 |
|      AverageVVals |            35.7 |
|          StdVVals |            25.9 |
|          MaxVVals |            80.8 |
|          MinVVals |           -52.7 |
| TotalEnvInteracts |         9.6e+04 |
|            LossPi |       -1.86e-08 |
|             LossV |             354 |
|       DeltaLossPi |         -0.0571 |
|        DeltaLossV |            -146 |
|                KL |         0.00914 |
|    BacktrackIters |               0 |
|              Time |        1.73e+03 |
---------------------------------------
Warning: trajectory cut off by epoch at 124 steps.
Warning: trajectory cut off by epoch at 64 steps.
Warning: trajectory cut off by epoch at 109 steps.
Warning: trajectory cut off by epoch at 22 steps.
[32;1mAccepting new params at step 0 of line search.[0m
---------------------------------------
|             Epoch |              24 |
|      AverageEpRet |            90.8 |
|          StdEpRet |              54 |
|          MaxEpRet |             311 |
|          MinEpRet |            6.95 |
|             EpLen |            99.5 |
|      AverageVVals |            35.3 |
|          StdVVals |            23.6 |
|          MaxVVals |            85.5 |
|          MinVVals |           -45.2 |
| TotalEnvInteracts |           1e+05 |
|            LossPi |       -1.12e-08 |
|             LossV |             612 |
|       DeltaLossPi |         -0.0594 |
|        DeltaLossV |            -230 |
|                KL |         0.00919 |
|    BacktrackIters |               0 |
|              Time |         1.8e+03 |
---------------------------------------
Warning: trajectory cut off by epoch at 74 steps.
Warning: trajectory cut off by epoch at 7 steps.
Warning: trajectory cut off by epoch at 66 steps.
Warning: trajectory cut off by epoch at 54 steps.
[32;1mAccepting new params at step 0 of line search.[0m
---------------------------------------
|             Epoch |              25 |
|      AverageEpRet |            88.3 |
|          StdEpRet |            48.3 |
|          MaxEpRet |             210 |
|          MinEpRet |            13.1 |
|             EpLen |             106 |
|      AverageVVals |            34.8 |
|          StdVVals |            24.6 |
|          MaxVVals |            87.3 |
|          MinVVals |           -42.1 |
| TotalEnvInteracts |        1.04e+05 |
|            LossPi |        2.24e-08 |
|             LossV |             429 |
|       DeltaLossPi |         -0.0553 |
|        DeltaLossV |            -188 |
|                KL |          0.0091 |
|    BacktrackIters |               0 |
|              Time |        1.87e+03 |
---------------------------------------
Warning: trajectory cut off by epoch at 113 steps.
Warning: trajectory cut off by epoch at 121 steps.
Warning: trajectory cut off by epoch at 34 steps.
Warning: trajectory cut off by epoch at 19 steps.
[32;1mAccepting new params at step 0 of line search.[0m
---------------------------------------
|             Epoch |              26 |
|      AverageEpRet |             104 |
|          StdEpRet |            47.4 |
|          MaxEpRet |             229 |
|          MinEpRet |            15.7 |
|             EpLen |             106 |
|      AverageVVals |            37.2 |
|          StdVVals |            26.4 |
|          MaxVVals |              94 |
|          MinVVals |           -42.6 |
| TotalEnvInteracts |        1.08e+05 |
|            LossPi |        1.12e-08 |
|             LossV |             449 |
|       DeltaLossPi |          -0.058 |
|        DeltaLossV |            -192 |
|                KL |         0.00905 |
|    BacktrackIters |               0 |
|              Time |        1.94e+03 |
---------------------------------------
Warning: trajectory cut off by epoch at 60 steps.
Warning: trajectory cut off by epoch at 79 steps.
Warning: trajectory cut off by epoch at 24 steps.
Warning: trajectory cut off by epoch at 5 steps.
[32;1mAccepting new params at step 0 of line search.[0m
---------------------------------------
|             Epoch |              27 |
|      AverageEpRet |              96 |
|          StdEpRet |            45.7 |
|          MaxEpRet |             199 |
|          MinEpRet |            5.18 |
|             EpLen |             109 |
|      AverageVVals |            37.4 |
|          StdVVals |            27.8 |
|          MaxVVals |            92.8 |
|          MinVVals |           -55.1 |
| TotalEnvInteracts |        1.12e+05 |
|            LossPi |        3.73e-09 |
|             LossV |             401 |
|       DeltaLossPi |         -0.0564 |
|        DeltaLossV |            -139 |
|                KL |         0.00924 |
|    BacktrackIters |               0 |
|              Time |        2.01e+03 |
---------------------------------------
Warning: trajectory cut off by epoch at 89 steps.
Warning: trajectory cut off by epoch at 82 steps.
Warning: trajectory cut off by epoch at 16 steps.
Warning: trajectory cut off by epoch at 57 steps.
[32;1mAccepting new params at step 0 of line search.[0m
---------------------------------------
|             Epoch |              28 |
|      AverageEpRet |             108 |
|          StdEpRet |            63.4 |
|          MaxEpRet |             338 |
|          MinEpRet |           -55.6 |
|             EpLen |             110 |
|      AverageVVals |            38.6 |
|          StdVVals |            27.8 |
|          MaxVVals |            93.6 |
|          MinVVals |           -49.5 |
| TotalEnvInteracts |        1.16e+05 |
|            LossPi |       -3.73e-09 |
|             LossV |             631 |
|       DeltaLossPi |         -0.0616 |
|        DeltaLossV |            -281 |
|                KL |          0.0092 |
|    BacktrackIters |               0 |
|              Time |        2.08e+03 |
---------------------------------------
Warning: trajectory cut off by epoch at 15 steps.
Warning: trajectory cut off by epoch at 118 steps.
Warning: trajectory cut off by epoch at 34 steps.
Warning: trajectory cut off by epoch at 87 steps.
[32;1mAccepting new params at step 0 of line search.[0m
---------------------------------------
|             Epoch |              29 |
|      AverageEpRet |             115 |
|          StdEpRet |              53 |
|          MaxEpRet |             260 |
|          MinEpRet |            3.73 |
|             EpLen |             107 |
|      AverageVVals |            45.1 |
|          StdVVals |            31.1 |
|          MaxVVals |            99.3 |
|          MinVVals |           -45.7 |
| TotalEnvInteracts |         1.2e+05 |
|            LossPi |        1.49e-08 |
|             LossV |             438 |
|       DeltaLossPi |         -0.0565 |
|        DeltaLossV |            -175 |
|                KL |          0.0092 |
|    BacktrackIters |               0 |
|              Time |        2.15e+03 |
---------------------------------------
Warning: trajectory cut off by epoch at 10 steps.
Warning: trajectory cut off by epoch at 92 steps.
Warning: trajectory cut off by epoch at 21 steps.
Warning: trajectory cut off by epoch at 90 steps.
[32;1mAccepting new params at step 0 of line search.[0m
---------------------------------------
|             Epoch |              30 |
|      AverageEpRet |             115 |
|          StdEpRet |            68.8 |
|          MaxEpRet |             382 |
|          MinEpRet |           -24.3 |
|             EpLen |             115 |
|      AverageVVals |              44 |
|          StdVVals |            26.4 |
|          MaxVVals |             101 |
|          MinVVals |           -43.8 |
| TotalEnvInteracts |        1.24e+05 |
|            LossPi |       -4.47e-08 |
|             LossV |             824 |
|       DeltaLossPi |         -0.0571 |
|        DeltaLossV |            -412 |
|                KL |         0.00912 |
|    BacktrackIters |               0 |
|              Time |        2.23e+03 |
---------------------------------------
Warning: trajectory cut off by epoch at 66 steps.
Warning: trajectory cut off by epoch at 57 steps.
Warning: trajectory cut off by epoch at 34 steps.
Warning: trajectory cut off by epoch at 26 steps.
[32;1mAccepting new params at step 0 of line search.[0m
---------------------------------------
|             Epoch |              31 |
|      AverageEpRet |             121 |
|          StdEpRet |            42.4 |
|          MaxEpRet |             215 |
|          MinEpRet |            40.8 |
|             EpLen |             112 |
|      AverageVVals |            47.1 |
|          StdVVals |            30.6 |
|          MaxVVals |             106 |
|          MinVVals |           -67.7 |
| TotalEnvInteracts |        1.28e+05 |
|            LossPi |       -2.24e-08 |
|             LossV |             377 |
|       DeltaLossPi |         -0.0555 |
|        DeltaLossV |            -196 |
|                KL |         0.00928 |
|    BacktrackIters |               0 |
|              Time |        2.28e+03 |
---------------------------------------
Warning: trajectory cut off by epoch at 97 steps.
Warning: trajectory cut off by epoch at 12 steps.
Warning: trajectory cut off by epoch at 7 steps.
Warning: trajectory cut off by epoch at 72 steps.
[32;1mAccepting new params at step 0 of line search.[0m
---------------------------------------
|             Epoch |              32 |
|      AverageEpRet |             138 |
|          StdEpRet |            50.5 |
|          MaxEpRet |             270 |
|          MinEpRet |            40.6 |
|             EpLen |             119 |
|      AverageVVals |              47 |
|          StdVVals |            29.2 |
|          MaxVVals |             103 |
|          MinVVals |           -45.2 |
| TotalEnvInteracts |        1.32e+05 |
|            LossPi |        4.28e-08 |
|             LossV |             526 |
|       DeltaLossPi |         -0.0568 |
|        DeltaLossV |            -218 |
|                KL |         0.00918 |
|    BacktrackIters |               0 |
|              Time |        2.35e+03 |
---------------------------------------
Warning: trajectory cut off by epoch at 3 steps.
Warning: trajectory cut off by epoch at 6 steps.
Warning: trajectory cut off by epoch at 28 steps.
Warning: trajectory cut off by epoch at 63 steps.
[32;1mAccepting new params at step 0 of line search.[0m
---------------------------------------
|             Epoch |              33 |
|      AverageEpRet |             142 |
|          StdEpRet |            39.5 |
|          MaxEpRet |             192 |
|          MinEpRet |            19.7 |
|             EpLen |             115 |
|      AverageVVals |            57.2 |
|          StdVVals |            29.4 |
|          MaxVVals |             107 |
|          MinVVals |           -34.1 |
| TotalEnvInteracts |        1.36e+05 |
|            LossPi |       -7.45e-09 |
|             LossV |             339 |
|       DeltaLossPi |         -0.0542 |
|        DeltaLossV |            -160 |
|                KL |         0.00919 |
|    BacktrackIters |               0 |
|              Time |        2.42e+03 |
---------------------------------------
Warning: trajectory cut off by epoch at 66 steps.
Warning: trajectory cut off by epoch at 59 steps.
Warning: trajectory cut off by epoch at 59 steps.
Warning: trajectory cut off by epoch at 116 steps.
[32;1mAccepting new params at step 0 of line search.[0m
---------------------------------------
|             Epoch |              34 |
|      AverageEpRet |             133 |
|          StdEpRet |            49.2 |
|          MaxEpRet |             273 |
|          MinEpRet |            29.3 |
|             EpLen |             116 |
|      AverageVVals |            53.7 |
|          StdVVals |            27.2 |
|          MaxVVals |             103 |
|          MinVVals |           -45.8 |
| TotalEnvInteracts |         1.4e+05 |
|            LossPi |        3.73e-09 |
|             LossV |             410 |
|       DeltaLossPi |         -0.0583 |
|        DeltaLossV |            -166 |
|                KL |         0.00921 |
|    BacktrackIters |               0 |
|              Time |        2.49e+03 |
---------------------------------------
Warning: trajectory cut off by epoch at 98 steps.
Warning: trajectory cut off by epoch at 94 steps.
Warning: trajectory cut off by epoch at 16 steps.
Warning: trajectory cut off by epoch at 39 steps.
[32;1mAccepting new params at step 0 of line search.[0m
---------------------------------------
|             Epoch |              35 |
|      AverageEpRet |             139 |
|          StdEpRet |            38.4 |
|          MaxEpRet |             205 |
|          MinEpRet |            41.8 |
|             EpLen |             117 |
|      AverageVVals |            52.5 |
|          StdVVals |            29.7 |
|          MaxVVals |             108 |
|          MinVVals |           -45.4 |
| TotalEnvInteracts |        1.44e+05 |
|            LossPi |       -2.24e-08 |
|             LossV |             294 |
|       DeltaLossPi |         -0.0624 |
|        DeltaLossV |            -129 |
|                KL |         0.00919 |
|    BacktrackIters |               0 |
|              Time |        2.56e+03 |
---------------------------------------
Warning: trajectory cut off by epoch at 28 steps.
Warning: trajectory cut off by epoch at 5 steps.
Warning: trajectory cut off by epoch at 78 steps.
Warning: trajectory cut off by epoch at 49 steps.
[32;1mAccepting new params at step 0 of line search.[0m
---------------------------------------
|             Epoch |              36 |
|      AverageEpRet |             150 |
|          StdEpRet |            53.7 |
|          MaxEpRet |             259 |
|          MinEpRet |           -12.2 |
|             EpLen |             120 |
|      AverageVVals |            54.3 |
|          StdVVals |            30.8 |
|          MaxVVals |             110 |
|          MinVVals |           -53.6 |
| TotalEnvInteracts |        1.48e+05 |
|            LossPi |        3.73e-09 |
|             LossV |             510 |
|       DeltaLossPi |         -0.0567 |
|        DeltaLossV |            -233 |
|                KL |         0.00921 |
|    BacktrackIters |               0 |
|              Time |        2.64e+03 |
---------------------------------------
Warning: trajectory cut off by epoch at 113 steps.
Warning: trajectory cut off by epoch at 111 steps.
Warning: trajectory cut off by epoch at 42 steps.
Warning: trajectory cut off by epoch at 33 steps.
[32;1mAccepting new params at step 0 of line search.[0m
---------------------------------------
|             Epoch |              37 |
|      AverageEpRet |             157 |
|          StdEpRet |            45.6 |
|          MaxEpRet |             267 |
|          MinEpRet |            50.4 |
|             EpLen |             119 |
|      AverageVVals |            63.7 |
|          StdVVals |            28.8 |
|          MaxVVals |             116 |
|          MinVVals |           -30.1 |
| TotalEnvInteracts |        1.52e+05 |
|            LossPi |        1.86e-08 |
|             LossV |             377 |
|       DeltaLossPi |         -0.0563 |
|        DeltaLossV |            -180 |
|                KL |          0.0091 |
|    BacktrackIters |               0 |
|              Time |        2.71e+03 |
---------------------------------------
Warning: trajectory cut off by epoch at 100 steps.
Warning: trajectory cut off by epoch at 58 steps.
Warning: trajectory cut off by epoch at 7 steps.
Warning: trajectory cut off by epoch at 20 steps.
[32;1mAccepting new params at step 0 of line search.[0m
---------------------------------------
|             Epoch |              38 |
|      AverageEpRet |             137 |
|          StdEpRet |            77.4 |
|          MaxEpRet |             490 |
|          MinEpRet |            31.5 |
|             EpLen |             123 |
|      AverageVVals |            53.7 |
|          StdVVals |            33.9 |
|          MaxVVals |             115 |
|          MinVVals |           -61.3 |
| TotalEnvInteracts |        1.56e+05 |
|            LossPi |       -2.24e-08 |
|             LossV |        1.08e+03 |
|       DeltaLossPi |         -0.0589 |
|        DeltaLossV |            -497 |
|                KL |         0.00908 |
|    BacktrackIters |               0 |
|              Time |        2.79e+03 |
---------------------------------------
Warning: trajectory cut off by epoch at 39 steps.
Warning: trajectory cut off by epoch at 64 steps.
Warning: trajectory cut off by epoch at 43 steps.
Warning: trajectory cut off by epoch at 5 steps.
[32;1mAccepting new params at step 0 of line search.[0m
---------------------------------------
|             Epoch |              39 |
|      AverageEpRet |             147 |
|          StdEpRet |            47.3 |
|          MaxEpRet |             301 |
|          MinEpRet |              20 |
|             EpLen |             120 |
|      AverageVVals |            54.8 |
|          StdVVals |            27.5 |
|          MaxVVals |             115 |
|          MinVVals |           -23.2 |
| TotalEnvInteracts |         1.6e+05 |
|            LossPi |       -3.73e-09 |
|             LossV |             413 |
|       DeltaLossPi |         -0.0577 |
|        DeltaLossV |            -195 |
|                KL |         0.00915 |
|    BacktrackIters |               0 |
|              Time |        2.87e+03 |
---------------------------------------
Warning: trajectory cut off by epoch at 73 steps.
Warning: trajectory cut off by epoch at 76 steps.
Warning: trajectory cut off by epoch at 86 steps.
Warning: trajectory cut off by epoch at 72 steps.
[32;1mAccepting new params at step 0 of line search.[0m
---------------------------------------
|             Epoch |              40 |
|      AverageEpRet |             166 |
|          StdEpRet |              74 |
|          MaxEpRet |             458 |
|          MinEpRet |            29.7 |
|             EpLen |             123 |
|      AverageVVals |            59.5 |
|          StdVVals |            30.6 |
|          MaxVVals |             124 |
|          MinVVals |           -44.7 |
| TotalEnvInteracts |        1.64e+05 |
|            LossPi |       -7.45e-09 |
|             LossV |             950 |
|       DeltaLossPi |         -0.0576 |
|        DeltaLossV |            -406 |
|                KL |         0.00916 |
|    BacktrackIters |               0 |
|              Time |        2.96e+03 |
---------------------------------------
Warning: trajectory cut off by epoch at 83 steps.
Warning: trajectory cut off by epoch at 17 steps.
Warning: trajectory cut off by epoch at 80 steps.
Warning: trajectory cut off by epoch at 78 steps.
[32;1mAccepting new params at step 0 of line search.[0m
---------------------------------------
|             Epoch |              41 |
|      AverageEpRet |             150 |
|          StdEpRet |            45.3 |
|          MaxEpRet |             289 |
|          MinEpRet |            48.8 |
|             EpLen |             121 |
|      AverageVVals |            62.4 |
|          StdVVals |            31.5 |
|          MaxVVals |             132 |
|          MinVVals |           -28.7 |
| TotalEnvInteracts |        1.68e+05 |
|            LossPi |       -2.24e-08 |
|             LossV |             687 |
|       DeltaLossPi |          -0.066 |
|        DeltaLossV |            -351 |
|                KL |         0.00921 |
|    BacktrackIters |               0 |
|              Time |        3.03e+03 |
---------------------------------------
Warning: trajectory cut off by epoch at 59 steps.
Warning: trajectory cut off by epoch at 114 steps.
Warning: trajectory cut off by epoch at 66 steps.
Warning: trajectory cut off by epoch at 120 steps.
[32;1mAccepting new params at step 0 of line search.[0m
---------------------------------------
|             Epoch |              42 |
|      AverageEpRet |             142 |
|          StdEpRet |            54.1 |
|          MaxEpRet |             339 |
|          MinEpRet |              29 |
|             EpLen |             126 |
|      AverageVVals |            55.2 |
|          StdVVals |            30.7 |
|          MaxVVals |             110 |
|          MinVVals |           -60.2 |
| TotalEnvInteracts |        1.72e+05 |
|            LossPi |        3.73e-09 |
|             LossV |             641 |
|       DeltaLossPi |         -0.0592 |
|        DeltaLossV |            -303 |
|                KL |         0.00929 |
|    BacktrackIters |               0 |
|              Time |         3.1e+03 |
---------------------------------------
Warning: trajectory cut off by epoch at 162 steps.
Warning: trajectory cut off by epoch at 33 steps.
Warning: trajectory cut off by epoch at 156 steps.
Warning: trajectory cut off by epoch at 106 steps.
[32;1mAccepting new params at step 0 of line search.[0m
---------------------------------------
|             Epoch |              43 |
|      AverageEpRet |             147 |
|          StdEpRet |            34.6 |
|          MaxEpRet |             197 |
|          MinEpRet |            8.95 |
|             EpLen |             111 |
|      AverageVVals |              58 |
|          StdVVals |              29 |
|          MaxVVals |             112 |
|          MinVVals |           -37.1 |
| TotalEnvInteracts |        1.76e+05 |
|            LossPi |       -8.38e-09 |
|             LossV |             240 |
|       DeltaLossPi |         -0.0552 |
|        DeltaLossV |            -122 |
|                KL |         0.00919 |
|    BacktrackIters |               0 |
|              Time |        3.17e+03 |
---------------------------------------
Warning: trajectory cut off by epoch at 6 steps.
Warning: trajectory cut off by epoch at 23 steps.
Warning: trajectory cut off by epoch at 97 steps.
Warning: trajectory cut off by epoch at 80 steps.
[32;1mAccepting new params at step 0 of line search.[0m
---------------------------------------
|             Epoch |              44 |
|      AverageEpRet |             144 |
|          StdEpRet |            47.2 |
|          MaxEpRet |             205 |
|          MinEpRet |           -35.6 |
|             EpLen |             119 |
|      AverageVVals |            56.8 |
|          StdVVals |            33.8 |
|          MaxVVals |             128 |
|          MinVVals |           -54.4 |
| TotalEnvInteracts |         1.8e+05 |
|            LossPi |        1.49e-08 |
|             LossV |             422 |
|       DeltaLossPi |         -0.0564 |
|        DeltaLossV |            -230 |
|                KL |         0.00909 |
|    BacktrackIters |               0 |
|              Time |        3.24e+03 |
---------------------------------------
Warning: trajectory cut off by epoch at 26 steps.
Warning: trajectory cut off by epoch at 82 steps.
Warning: trajectory cut off by epoch at 60 steps.
Warning: trajectory cut off by epoch at 55 steps.
[32;1mAccepting new params at step 0 of line search.[0m
---------------------------------------
|             Epoch |              45 |
|      AverageEpRet |             167 |
|          StdEpRet |            40.1 |
|          MaxEpRet |             309 |
|          MinEpRet |             101 |
|             EpLen |             122 |
|      AverageVVals |            58.9 |
|          StdVVals |            28.4 |
|          MaxVVals |             109 |
|          MinVVals |           -29.4 |
| TotalEnvInteracts |        1.84e+05 |
|            LossPi |        2.24e-08 |
|             LossV |             482 |
|       DeltaLossPi |         -0.0588 |
|        DeltaLossV |            -222 |
|                KL |         0.00908 |
|    BacktrackIters |               0 |
|              Time |         3.3e+03 |
---------------------------------------
Warning: trajectory cut off by epoch at 3 steps.
Warning: trajectory cut off by epoch at 3 steps.
Warning: trajectory cut off by epoch at 65 steps.
Warning: trajectory cut off by epoch at 82 steps.
[32;1mAccepting new params at step 0 of line search.[0m
---------------------------------------
|             Epoch |              46 |
|      AverageEpRet |             155 |
|          StdEpRet |            46.2 |
|          MaxEpRet |             292 |
|          MinEpRet |              18 |
|             EpLen |             117 |
|      AverageVVals |            66.9 |
|          StdVVals |            28.2 |
|          MaxVVals |             116 |
|          MinVVals |           -9.06 |
| TotalEnvInteracts |        1.88e+05 |
|            LossPi |        1.86e-08 |
|             LossV |             452 |
|       DeltaLossPi |          -0.059 |
|        DeltaLossV |            -214 |
|                KL |         0.00912 |
|    BacktrackIters |               0 |
|              Time |        3.36e+03 |
---------------------------------------
Warning: trajectory cut off by epoch at 34 steps.
Warning: trajectory cut off by epoch at 86 steps.
Warning: trajectory cut off by epoch at 48 steps.
Warning: trajectory cut off by epoch at 103 steps.
[32;1mAccepting new params at step 0 of line search.[0m
---------------------------------------
|             Epoch |              47 |
|      AverageEpRet |             173 |
|          StdEpRet |            52.2 |
|          MaxEpRet |             411 |
|          MinEpRet |             122 |
|             EpLen |             124 |
|      AverageVVals |            63.6 |
|          StdVVals |              29 |
|          MaxVVals |             120 |
|          MinVVals |           -9.76 |
| TotalEnvInteracts |        1.92e+05 |
|            LossPi |       -2.24e-08 |
|             LossV |             518 |
|       DeltaLossPi |         -0.0611 |
|        DeltaLossV |            -305 |
|                KL |         0.00923 |
|    BacktrackIters |               0 |
|              Time |         3.4e+03 |
---------------------------------------
Warning: trajectory cut off by epoch at 69 steps.
Warning: trajectory cut off by epoch at 7 steps.
Warning: trajectory cut off by epoch at 43 steps.
Warning: trajectory cut off by epoch at 49 steps.
[32;1mAccepting new params at step 0 of line search.[0m
---------------------------------------
|             Epoch |              48 |
|      AverageEpRet |             157 |
|          StdEpRet |            53.5 |
|          MaxEpRet |             273 |
|          MinEpRet |           -19.8 |
|             EpLen |             120 |
|      AverageVVals |            65.3 |
|          StdVVals |            30.3 |
|          MaxVVals |             129 |
|          MinVVals |           -37.2 |
| TotalEnvInteracts |        1.96e+05 |
|            LossPi |        -1.3e-08 |
|             LossV |             466 |
|       DeltaLossPi |         -0.0593 |
|        DeltaLossV |            -235 |
|                KL |           0.009 |
|    BacktrackIters |               0 |
|              Time |        3.44e+03 |
---------------------------------------
Warning: trajectory cut off by epoch at 75 steps.
Warning: trajectory cut off by epoch at 85 steps.
Warning: trajectory cut off by epoch at 138 steps.
Warning: trajectory cut off by epoch at 38 steps.
[32;1mAccepting new params at step 0 of line search.[0m
---------------------------------------
|             Epoch |              49 |
|      AverageEpRet |             166 |
|          StdEpRet |            34.6 |
|          MaxEpRet |             255 |
|          MinEpRet |            73.3 |
|             EpLen |             122 |
|      AverageVVals |              64 |
|          StdVVals |              31 |
|          MaxVVals |             118 |
|          MinVVals |           -37.1 |
| TotalEnvInteracts |           2e+05 |
|            LossPi |       -3.73e-09 |
|             LossV |             326 |
|       DeltaLossPi |         -0.0596 |
|        DeltaLossV |            -190 |
|                KL |         0.00907 |
|    BacktrackIters |               0 |
|              Time |        3.46e+03 |
---------------------------------------
