--------------------------------------------------------------------------
[[20552,1],0]: A high-performance Open MPI point-to-point messaging module
was unable to find any relevant network interfaces:

Module: OpenFabrics (openib)
  Host: GCRAZGDL0429

Another transport will be used instead, although this may result in
lower performance.

NOTE: You can disable this warning by setting the MCA parameter
btl_base_warn_component_unused to 0.
--------------------------------------------------------------------------
2022-04-15 04:18:54.021648: I tensorflow/core/platform/cpu_feature_guard.cc:142] Your CPU supports instructions that this TensorFlow binary was not compiled to use: AVX2 FMA
2022-04-15 04:18:54.045208: I tensorflow/core/platform/profile_utils/cpu_utils.cc:94] CPU Frequency: 2593990000 Hz
2022-04-15 04:18:54.046158: I tensorflow/compiler/xla/service/service.cc:168] XLA service 0x55e10cd1a040 initialized for platform Host (this does not guarantee that XLA will be used). Devices:
2022-04-15 04:18:54.046222: I tensorflow/compiler/xla/service/service.cc:176]   StreamExecutor device (0): Host, Default Version
Warning: Log dir exp/wtrpo_Hopper-v3/wtrpo_Hopper-v3_s2 already exists! Storing info there anyway.
[32;1mLogging data to exp/wtrpo_Hopper-v3/wtrpo_Hopper-v3_s2/progress.txt[0m
[36;1mSaving config:
[0m
{
    "ac_kwargs":	{
        "hidden_sizes":	[
            64,
            64
        ]
    },
    "actor_critic":	"mlp_actor_critic",
    "algo":	"trpo",
    "backtrack_coeff":	0.8,
    "backtrack_iters":	10,
    "cg_iters":	10,
    "damping_coeff":	0.1,
    "delta":	0.01,
    "env_fn":	"<function <lambda> at 0x7f66a38d9290>",
    "epochs":	50,
    "exp_name":	"wtrpo_Hopper-v3",
    "gamma":	0.99,
    "lam":	0.97,
    "logger":	{
        "<spinup.utils.logx.EpochLogger object at 0x7f66a38f69d0>":	{
            "epoch_dict":	{},
            "exp_name":	"wtrpo_Hopper-v3",
            "first_row":	true,
            "log_current_row":	{},
            "log_headers":	[],
            "output_dir":	"exp/wtrpo_Hopper-v3/wtrpo_Hopper-v3_s2",
            "output_file":	{
                "<_io.TextIOWrapper name='exp/wtrpo_Hopper-v3/wtrpo_Hopper-v3_s2/progress.txt' mode='w' encoding='UTF-8'>":	{
                    "mode":	"w"
                }
            }
        }
    },
    "logger_kwargs":	{
        "exp_name":	"wtrpo_Hopper-v3",
        "output_dir":	"exp/wtrpo_Hopper-v3/wtrpo_Hopper-v3_s2"
    },
    "max_ep_len":	1000,
    "save_freq":	10,
    "seed":	2,
    "steps_per_epoch":	4000,
    "train_v_iters":	80,
    "vf_lr":	0.001
}
[32;1m
Number of parameters: 	 pi: 5126, 	 v: 4993
[0m
Warning: trajectory cut off by epoch at 26 steps.
[32;1mLine search failed! Keeping old params.[0m
---------------------------------------
|             Epoch |               0 |
|      AverageEpRet |            25.8 |
|          StdEpRet |            22.1 |
|          MaxEpRet |            73.6 |
|          MinEpRet |            3.62 |
|             EpLen |            20.1 |
|      AverageVVals |           0.244 |
|          StdVVals |           0.417 |
|          MaxVVals |            1.38 |
|          MinVVals |           -1.02 |
| TotalEnvInteracts |           4e+03 |
|            LossPi |       -7.65e-08 |
|             LossV |             598 |
|       DeltaLossPi |       -4.77e-10 |
|        DeltaLossV |            -334 |
|                KL |        2.91e+04 |
|    BacktrackIters |               9 |
|              Time |            10.9 |
---------------------------------------
Warning: trajectory cut off by epoch at 3 steps.
[32;1mLine search failed! Keeping old params.[0m
---------------------------------------
|             Epoch |               1 |
|      AverageEpRet |            24.7 |
|          StdEpRet |            21.8 |
|          MaxEpRet |            73.6 |
|          MinEpRet |            3.63 |
|             EpLen |            19.7 |
|      AverageVVals |            8.96 |
|          StdVVals |            4.21 |
|          MaxVVals |            13.6 |
|          MinVVals |           -6.31 |
| TotalEnvInteracts |           8e+03 |
|            LossPi |       -1.75e-08 |
|             LossV |             253 |
|       DeltaLossPi |               0 |
|        DeltaLossV |           -91.7 |
|                KL |        2.91e+04 |
|    BacktrackIters |               9 |
|              Time |            18.5 |
---------------------------------------
Warning: trajectory cut off by epoch at 1 steps.
[32;1mLine search failed! Keeping old params.[0m
---------------------------------------
|             Epoch |               2 |
|      AverageEpRet |            26.3 |
|          StdEpRet |            22.7 |
|          MaxEpRet |             103 |
|          MinEpRet |            2.01 |
|             EpLen |            20.5 |
|      AverageVVals |            12.6 |
|          StdVVals |             7.4 |
|          MaxVVals |            18.8 |
|          MinVVals |           -15.9 |
| TotalEnvInteracts |         1.2e+04 |
|            LossPi |       -5.72e-09 |
|             LossV |             190 |
|       DeltaLossPi |       -7.15e-10 |
|        DeltaLossV |           -46.4 |
|                KL |        2.91e+04 |
|    BacktrackIters |               9 |
|              Time |            26.9 |
---------------------------------------
Warning: trajectory cut off by epoch at 20 steps.
[32;1mLine search failed! Keeping old params.[0m
---------------------------------------
|             Epoch |               3 |
|      AverageEpRet |            23.3 |
|          StdEpRet |            21.7 |
|          MaxEpRet |            68.3 |
|          MinEpRet |            2.82 |
|             EpLen |              19 |
|      AverageVVals |            14.4 |
|          StdVVals |            9.16 |
|          MaxVVals |            22.8 |
|          MinVVals |           -10.9 |
| TotalEnvInteracts |         1.6e+04 |
|            LossPi |       -2.98e-08 |
|             LossV |             117 |
|       DeltaLossPi |        4.77e-10 |
|        DeltaLossV |           -22.2 |
|                KL |        2.91e+04 |
|    BacktrackIters |               9 |
|              Time |            35.5 |
---------------------------------------
Warning: trajectory cut off by epoch at 3 steps.
[32;1mLine search failed! Keeping old params.[0m
---------------------------------------
|             Epoch |               4 |
|      AverageEpRet |            23.7 |
|          StdEpRet |            22.3 |
|          MaxEpRet |              78 |
|          MinEpRet |            3.11 |
|             EpLen |            19.1 |
|      AverageVVals |              15 |
|          StdVVals |            10.3 |
|          MaxVVals |            25.6 |
|          MinVVals |           -14.8 |
| TotalEnvInteracts |           2e+04 |
|            LossPi |       -2.35e-08 |
|             LossV |             111 |
|       DeltaLossPi |        5.96e-11 |
|        DeltaLossV |           -13.8 |
|                KL |        2.91e+04 |
|    BacktrackIters |               9 |
|              Time |            42.9 |
---------------------------------------
Warning: trajectory cut off by epoch at 6 steps.
[32;1mLine search failed! Keeping old params.[0m
---------------------------------------
|             Epoch |               5 |
|      AverageEpRet |              26 |
|          StdEpRet |            21.2 |
|          MaxEpRet |            66.3 |
|          MinEpRet |            3.82 |
|             EpLen |            20.3 |
|      AverageVVals |            17.2 |
|          StdVVals |            10.8 |
|          MaxVVals |            27.9 |
|          MinVVals |           -7.13 |
| TotalEnvInteracts |         2.4e+04 |
|            LossPi |        2.62e-09 |
|             LossV |            82.9 |
|       DeltaLossPi |       -2.38e-10 |
|        DeltaLossV |           -4.79 |
|                KL |        2.91e+04 |
|    BacktrackIters |               9 |
|              Time |            50.7 |
---------------------------------------
Warning: trajectory cut off by epoch at 1 steps.
[32;1mLine search failed! Keeping old params.[0m
---------------------------------------
|             Epoch |               6 |
|      AverageEpRet |            26.9 |
|          StdEpRet |            22.7 |
|          MaxEpRet |            72.1 |
|          MinEpRet |            2.67 |
|             EpLen |            20.7 |
|      AverageVVals |            17.2 |
|          StdVVals |            11.6 |
|          MaxVVals |            29.3 |
|          MinVVals |           -11.7 |
| TotalEnvInteracts |         2.8e+04 |
|            LossPi |        4.29e-09 |
|             LossV |            82.8 |
|       DeltaLossPi |        4.77e-10 |
|        DeltaLossV |           -7.49 |
|                KL |        2.91e+04 |
|    BacktrackIters |               9 |
|              Time |            58.8 |
---------------------------------------
Warning: trajectory cut off by epoch at 9 steps.
[32;1mLine search failed! Keeping old params.[0m
---------------------------------------
|             Epoch |               7 |
|      AverageEpRet |            24.2 |
|          StdEpRet |              22 |
|          MaxEpRet |            67.4 |
|          MinEpRet |            3.44 |
|             EpLen |            19.6 |
|      AverageVVals |            17.3 |
|          StdVVals |            12.5 |
|          MaxVVals |            31.2 |
|          MinVVals |           -8.05 |
| TotalEnvInteracts |         3.2e+04 |
|            LossPi |       -1.07e-09 |
|             LossV |              79 |
|       DeltaLossPi |       -4.77e-10 |
|        DeltaLossV |           -2.82 |
|                KL |        2.91e+04 |
|    BacktrackIters |               9 |
|              Time |            66.9 |
---------------------------------------
Warning: trajectory cut off by epoch at 25 steps.
[32;1mLine search failed! Keeping old params.[0m
---------------------------------------
|             Epoch |               8 |
|      AverageEpRet |            26.3 |
|          StdEpRet |            21.8 |
|          MaxEpRet |            67.6 |
|          MinEpRet |            3.64 |
|             EpLen |            20.4 |
|      AverageVVals |            18.6 |
|          StdVVals |            12.5 |
|          MaxVVals |            32.1 |
|          MinVVals |            -6.7 |
| TotalEnvInteracts |         3.6e+04 |
|            LossPi |        5.72e-09 |
|             LossV |            76.5 |
|       DeltaLossPi |       -4.77e-10 |
|        DeltaLossV |           -2.33 |
|                KL |        2.91e+04 |
|    BacktrackIters |               9 |
|              Time |            73.2 |
---------------------------------------
Warning: trajectory cut off by epoch at 3 steps.
[32;1mLine search failed! Keeping old params.[0m
---------------------------------------
|             Epoch |               9 |
|      AverageEpRet |            22.7 |
|          StdEpRet |            21.1 |
|          MaxEpRet |            69.9 |
|          MinEpRet |            3.77 |
|             EpLen |            18.7 |
|      AverageVVals |            17.5 |
|          StdVVals |            12.8 |
|          MaxVVals |            32.5 |
|          MinVVals |           -7.27 |
| TotalEnvInteracts |           4e+04 |
|            LossPi |       -7.51e-09 |
|             LossV |            80.4 |
|       DeltaLossPi |        1.67e-09 |
|        DeltaLossV |           -6.26 |
|                KL |        2.91e+04 |
|    BacktrackIters |               9 |
|              Time |            80.2 |
---------------------------------------
Warning: trajectory cut off by epoch at 27 steps.
[32;1mLine search failed! Keeping old params.[0m
---------------------------------------
|             Epoch |              10 |
|      AverageEpRet |            27.4 |
|          StdEpRet |            22.7 |
|          MaxEpRet |            74.2 |
|          MinEpRet |            3.76 |
|             EpLen |              21 |
|      AverageVVals |              18 |
|          StdVVals |            12.3 |
|          MaxVVals |            32.9 |
|          MinVVals |           -7.22 |
| TotalEnvInteracts |         4.4e+04 |
|            LossPi |        7.15e-10 |
|             LossV |            79.8 |
|       DeltaLossPi |       -4.77e-10 |
|        DeltaLossV |           -8.08 |
|                KL |        2.91e+04 |
|    BacktrackIters |               9 |
|              Time |            89.2 |
---------------------------------------
Warning: trajectory cut off by epoch at 1 steps.
[32;1mLine search failed! Keeping old params.[0m
---------------------------------------
|             Epoch |              11 |
|      AverageEpRet |            24.4 |
|          StdEpRet |            21.3 |
|          MaxEpRet |            69.2 |
|          MinEpRet |             3.6 |
|             EpLen |            19.5 |
|      AverageVVals |            18.2 |
|          StdVVals |            12.9 |
|          MaxVVals |            34.3 |
|          MinVVals |           -13.2 |
| TotalEnvInteracts |         4.8e+04 |
|            LossPi |       -7.15e-09 |
|             LossV |            67.4 |
|       DeltaLossPi |        4.77e-10 |
|        DeltaLossV |           -6.65 |
|                KL |        2.91e+04 |
|    BacktrackIters |               9 |
|              Time |            97.1 |
---------------------------------------
[32;1mLine search failed! Keeping old params.[0m
---------------------------------------
|             Epoch |              12 |
|      AverageEpRet |            21.8 |
|          StdEpRet |            20.9 |
|          MaxEpRet |            76.3 |
|          MinEpRet |            3.61 |
|             EpLen |            18.3 |
|      AverageVVals |            16.2 |
|          StdVVals |            12.7 |
|          MaxVVals |              35 |
|          MinVVals |           -5.54 |
| TotalEnvInteracts |         5.2e+04 |
|            LossPi |       -9.54e-10 |
|             LossV |            60.4 |
|       DeltaLossPi |               0 |
|        DeltaLossV |           -1.82 |
|                KL |        2.91e+04 |
|    BacktrackIters |               9 |
|              Time |             107 |
---------------------------------------
Warning: trajectory cut off by epoch at 18 steps.
[32;1mLine search failed! Keeping old params.[0m
---------------------------------------
|             Epoch |              13 |
|      AverageEpRet |            23.1 |
|          StdEpRet |            20.8 |
|          MaxEpRet |            63.3 |
|          MinEpRet |             3.8 |
|             EpLen |            18.8 |
|      AverageVVals |            16.9 |
|          StdVVals |            12.9 |
|          MaxVVals |            35.6 |
|          MinVVals |           -3.37 |
| TotalEnvInteracts |         5.6e+04 |
|            LossPi |       -4.29e-09 |
|             LossV |              55 |
|       DeltaLossPi |               0 |
|        DeltaLossV |           -1.32 |
|                KL |        2.91e+04 |
|    BacktrackIters |               9 |
|              Time |             116 |
---------------------------------------
Warning: trajectory cut off by epoch at 1 steps.
[32;1mLine search failed! Keeping old params.[0m
---------------------------------------
|             Epoch |              14 |
|      AverageEpRet |            25.5 |
|          StdEpRet |            21.9 |
|          MaxEpRet |            68.1 |
|          MinEpRet |            3.58 |
|             EpLen |            19.9 |
|      AverageVVals |            17.6 |
|          StdVVals |              13 |
|          MaxVVals |            36.1 |
|          MinVVals |           -8.75 |
| TotalEnvInteracts |           6e+04 |
|            LossPi |       -1.28e-08 |
|             LossV |            55.7 |
|       DeltaLossPi |       -1.91e-09 |
|        DeltaLossV |           -2.72 |
|                KL |        2.91e+04 |
|    BacktrackIters |               9 |
|              Time |             124 |
---------------------------------------
Warning: trajectory cut off by epoch at 5 steps.
[32;1mLine search failed! Keeping old params.[0m
---------------------------------------
|             Epoch |              15 |
|      AverageEpRet |              24 |
|          StdEpRet |              22 |
|          MaxEpRet |            70.6 |
|          MinEpRet |            3.51 |
|             EpLen |            19.2 |
|      AverageVVals |            17.9 |
|          StdVVals |            13.5 |
|          MaxVVals |            36.8 |
|          MinVVals |           -10.2 |
| TotalEnvInteracts |         6.4e+04 |
|            LossPi |        1.76e-08 |
|             LossV |            58.7 |
|       DeltaLossPi |               0 |
|        DeltaLossV |           -1.48 |
|                KL |        2.91e+04 |
|    BacktrackIters |               9 |
|              Time |             131 |
---------------------------------------
Warning: trajectory cut off by epoch at 2 steps.
[32;1mLine search failed! Keeping old params.[0m
---------------------------------------
|             Epoch |              16 |
|      AverageEpRet |              28 |
|          StdEpRet |            21.9 |
|          MaxEpRet |            69.4 |
|          MinEpRet |            3.62 |
|             EpLen |            21.3 |
|      AverageVVals |              19 |
|          StdVVals |            13.3 |
|          MaxVVals |            37.4 |
|          MinVVals |           -2.54 |
| TotalEnvInteracts |         6.8e+04 |
|            LossPi |        4.77e-10 |
|             LossV |            50.4 |
|       DeltaLossPi |               0 |
|        DeltaLossV |           -1.89 |
|                KL |        2.91e+04 |
|    BacktrackIters |               9 |
|              Time |             138 |
---------------------------------------
Warning: trajectory cut off by epoch at 4 steps.
[32;1mLine search failed! Keeping old params.[0m
---------------------------------------
|             Epoch |              17 |
|      AverageEpRet |              24 |
|          StdEpRet |              22 |
|          MaxEpRet |            67.1 |
|          MinEpRet |            3.41 |
|             EpLen |            19.3 |
|      AverageVVals |              18 |
|          StdVVals |            13.6 |
|          MaxVVals |              38 |
|          MinVVals |            -5.2 |
| TotalEnvInteracts |         7.2e+04 |
|            LossPi |       -5.96e-09 |
|             LossV |            57.7 |
|       DeltaLossPi |        2.38e-10 |
|        DeltaLossV |           -2.27 |
|                KL |        2.91e+04 |
|    BacktrackIters |               9 |
|              Time |             146 |
---------------------------------------
Warning: trajectory cut off by epoch at 22 steps.
[32;1mLine search failed! Keeping old params.[0m
---------------------------------------
|             Epoch |              18 |
|      AverageEpRet |              23 |
|          StdEpRet |            21.3 |
|          MaxEpRet |            72.5 |
|          MinEpRet |            2.27 |
|             EpLen |            18.8 |
|      AverageVVals |            17.8 |
|          StdVVals |            14.1 |
|          MaxVVals |            38.4 |
|          MinVVals |           -6.87 |
| TotalEnvInteracts |         7.6e+04 |
|            LossPi |        1.43e-09 |
|             LossV |            54.7 |
|       DeltaLossPi |       -2.86e-09 |
|        DeltaLossV |            -1.5 |
|                KL |        2.91e+04 |
|    BacktrackIters |               9 |
|              Time |             153 |
---------------------------------------
Warning: trajectory cut off by epoch at 14 steps.
[32;1mLine search failed! Keeping old params.[0m
---------------------------------------
|             Epoch |              19 |
|      AverageEpRet |              22 |
|          StdEpRet |            21.3 |
|          MaxEpRet |            72.4 |
|          MinEpRet |            2.88 |
|             EpLen |            18.2 |
|      AverageVVals |            16.7 |
|          StdVVals |            13.5 |
|          MaxVVals |            38.4 |
|          MinVVals |           -4.99 |
| TotalEnvInteracts |           8e+04 |
|            LossPi |        6.68e-09 |
|             LossV |            55.9 |
|       DeltaLossPi |       -9.54e-10 |
|        DeltaLossV |           -1.67 |
|                KL |        2.91e+04 |
|    BacktrackIters |               9 |
|              Time |             161 |
---------------------------------------
Warning: trajectory cut off by epoch at 4 steps.
[32;1mLine search failed! Keeping old params.[0m
---------------------------------------
|             Epoch |              20 |
|      AverageEpRet |            24.6 |
|          StdEpRet |            22.3 |
|          MaxEpRet |            77.2 |
|          MinEpRet |            2.97 |
|             EpLen |            19.6 |
|      AverageVVals |            17.7 |
|          StdVVals |            13.8 |
|          MaxVVals |            38.7 |
|          MinVVals |           -3.99 |
| TotalEnvInteracts |         8.4e+04 |
|            LossPi |       -4.77e-09 |
|             LossV |            59.9 |
|       DeltaLossPi |               0 |
|        DeltaLossV |           -3.57 |
|                KL |        2.91e+04 |
|    BacktrackIters |               9 |
|              Time |             170 |
---------------------------------------
Warning: trajectory cut off by epoch at 8 steps.
[32;1mLine search failed! Keeping old params.[0m
---------------------------------------
|             Epoch |              21 |
|      AverageEpRet |            27.3 |
|          StdEpRet |            21.2 |
|          MaxEpRet |            75.8 |
|          MinEpRet |            3.92 |
|             EpLen |            20.9 |
|      AverageVVals |            19.7 |
|          StdVVals |            13.8 |
|          MaxVVals |            39.1 |
|          MinVVals |           -10.2 |
| TotalEnvInteracts |         8.8e+04 |
|            LossPi |               0 |
|             LossV |            57.8 |
|       DeltaLossPi |               0 |
|        DeltaLossV |           -4.77 |
|                KL |        2.91e+04 |
|    BacktrackIters |               9 |
|              Time |             180 |
---------------------------------------
Warning: trajectory cut off by epoch at 8 steps.
[32;1mLine search failed! Keeping old params.[0m
---------------------------------------
|             Epoch |              22 |
|      AverageEpRet |            24.7 |
|          StdEpRet |            22.2 |
|          MaxEpRet |            78.9 |
|          MinEpRet |            3.18 |
|             EpLen |            19.7 |
|      AverageVVals |              18 |
|          StdVVals |            13.5 |
|          MaxVVals |            38.8 |
|          MinVVals |           -4.56 |
| TotalEnvInteracts |         9.2e+04 |
|            LossPi |       -2.61e-08 |
|             LossV |            70.2 |
|       DeltaLossPi |       -4.77e-10 |
|        DeltaLossV |            -4.4 |
|                KL |        2.91e+04 |
|    BacktrackIters |               9 |
|              Time |             189 |
---------------------------------------
Warning: trajectory cut off by epoch at 4 steps.
[32;1mLine search failed! Keeping old params.[0m
---------------------------------------
|             Epoch |              23 |
|      AverageEpRet |              24 |
|          StdEpRet |            21.8 |
|          MaxEpRet |            72.4 |
|          MinEpRet |            3.08 |
|             EpLen |            19.2 |
|      AverageVVals |            18.2 |
|          StdVVals |            13.6 |
|          MaxVVals |            39.1 |
|          MinVVals |           -3.97 |
| TotalEnvInteracts |         9.6e+04 |
|            LossPi |        5.72e-09 |
|             LossV |              64 |
|       DeltaLossPi |        4.77e-10 |
|        DeltaLossV |           -1.96 |
|                KL |        2.91e+04 |
|    BacktrackIters |               9 |
|              Time |             199 |
---------------------------------------
Warning: trajectory cut off by epoch at 11 steps.
[32;1mLine search failed! Keeping old params.[0m
---------------------------------------
|             Epoch |              24 |
|      AverageEpRet |              24 |
|          StdEpRet |            22.4 |
|          MaxEpRet |            75.4 |
|          MinEpRet |            3.31 |
|             EpLen |            19.1 |
|      AverageVVals |            18.1 |
|          StdVVals |            13.6 |
|          MaxVVals |            39.2 |
|          MinVVals |           -3.41 |
| TotalEnvInteracts |           1e+05 |
|            LossPi |       -1.05e-08 |
|             LossV |            76.6 |
|       DeltaLossPi |       -4.77e-10 |
|        DeltaLossV |           -2.91 |
|                KL |        2.91e+04 |
|    BacktrackIters |               9 |
|              Time |             207 |
---------------------------------------
Warning: trajectory cut off by epoch at 27 steps.
[32;1mLine search failed! Keeping old params.[0m
---------------------------------------
|             Epoch |              25 |
|      AverageEpRet |              24 |
|          StdEpRet |            21.5 |
|          MaxEpRet |            71.2 |
|          MinEpRet |            2.32 |
|             EpLen |            19.2 |
|      AverageVVals |            18.4 |
|          StdVVals |            13.7 |
|          MaxVVals |            39.4 |
|          MinVVals |           -6.12 |
| TotalEnvInteracts |        1.04e+05 |
|            LossPi |        4.77e-09 |
|             LossV |            59.3 |
|       DeltaLossPi |        1.43e-09 |
|        DeltaLossV |           -2.43 |
|                KL |        2.91e+04 |
|    BacktrackIters |               9 |
|              Time |             214 |
---------------------------------------
Warning: trajectory cut off by epoch at 7 steps.
[32;1mLine search failed! Keeping old params.[0m
---------------------------------------
|             Epoch |              26 |
|      AverageEpRet |            22.4 |
|          StdEpRet |            21.7 |
|          MaxEpRet |            75.2 |
|          MinEpRet |            3.72 |
|             EpLen |            18.4 |
|      AverageVVals |            16.9 |
|          StdVVals |            13.6 |
|          MaxVVals |            39.2 |
|          MinVVals |           -6.77 |
| TotalEnvInteracts |        1.08e+05 |
|            LossPi |       -3.93e-09 |
|             LossV |            54.5 |
|       DeltaLossPi |       -1.19e-09 |
|        DeltaLossV |           -2.95 |
|                KL |        2.91e+04 |
|    BacktrackIters |               9 |
|              Time |             222 |
---------------------------------------
Warning: trajectory cut off by epoch at 17 steps.
[32;1mLine search failed! Keeping old params.[0m
---------------------------------------
|             Epoch |              27 |
|      AverageEpRet |            24.5 |
|          StdEpRet |            21.2 |
|          MaxEpRet |            71.1 |
|          MinEpRet |            3.49 |
|             EpLen |            19.7 |
|      AverageVVals |            18.2 |
|          StdVVals |              14 |
|          MaxVVals |            39.8 |
|          MinVVals |           -3.54 |
| TotalEnvInteracts |        1.12e+05 |
|            LossPi |        5.01e-09 |
|             LossV |            58.9 |
|       DeltaLossPi |               0 |
|        DeltaLossV |           -5.71 |
|                KL |        2.91e+04 |
|    BacktrackIters |               9 |
|              Time |             230 |
---------------------------------------
Warning: trajectory cut off by epoch at 14 steps.
[32;1mLine search failed! Keeping old params.[0m
---------------------------------------
|             Epoch |              28 |
|      AverageEpRet |            24.7 |
|          StdEpRet |              22 |
|          MaxEpRet |            72.4 |
|          MinEpRet |            3.83 |
|             EpLen |            19.5 |
|      AverageVVals |            18.3 |
|          StdVVals |            13.6 |
|          MaxVVals |            39.5 |
|          MinVVals |           -4.97 |
| TotalEnvInteracts |        1.16e+05 |
|            LossPi |        1.55e-08 |
|             LossV |            65.6 |
|       DeltaLossPi |        7.15e-10 |
|        DeltaLossV |           -3.08 |
|                KL |        2.91e+04 |
|    BacktrackIters |               9 |
|              Time |             239 |
---------------------------------------
Warning: trajectory cut off by epoch at 7 steps.
[32;1mLine search failed! Keeping old params.[0m
---------------------------------------
|             Epoch |              29 |
|      AverageEpRet |            23.2 |
|          StdEpRet |            20.6 |
|          MaxEpRet |            60.5 |
|          MinEpRet |            3.83 |
|             EpLen |            18.7 |
|      AverageVVals |            17.9 |
|          StdVVals |            13.4 |
|          MaxVVals |            39.4 |
|          MinVVals |           -1.98 |
| TotalEnvInteracts |         1.2e+05 |
|            LossPi |       -4.77e-10 |
|             LossV |            56.8 |
|       DeltaLossPi |       -9.54e-10 |
|        DeltaLossV |           -8.16 |
|                KL |        2.91e+04 |
|    BacktrackIters |               9 |
|              Time |             247 |
---------------------------------------
Warning: trajectory cut off by epoch at 9 steps.
[32;1mLine search failed! Keeping old params.[0m
---------------------------------------
|             Epoch |              30 |
|      AverageEpRet |            24.9 |
|          StdEpRet |              22 |
|          MaxEpRet |            74.1 |
|          MinEpRet |            3.25 |
|             EpLen |            19.6 |
|      AverageVVals |            17.4 |
|          StdVVals |            13.1 |
|          MaxVVals |            39.1 |
|          MinVVals |           -4.39 |
| TotalEnvInteracts |        1.24e+05 |
|            LossPi |       -1.07e-09 |
|             LossV |            73.1 |
|       DeltaLossPi |        4.77e-10 |
|        DeltaLossV |           -10.5 |
|                KL |        2.91e+04 |
|    BacktrackIters |               9 |
|              Time |             257 |
---------------------------------------
[32;1mLine search failed! Keeping old params.[0m
---------------------------------------
|             Epoch |              31 |
|      AverageEpRet |            25.5 |
|          StdEpRet |            22.2 |
|          MaxEpRet |            72.9 |
|          MinEpRet |            3.39 |
|             EpLen |              20 |
|      AverageVVals |            18.4 |
|          StdVVals |            13.6 |
|          MaxVVals |              40 |
|          MinVVals |           -3.12 |
| TotalEnvInteracts |        1.28e+05 |
|            LossPi |        2.67e-08 |
|             LossV |            59.6 |
|       DeltaLossPi |        4.77e-10 |
|        DeltaLossV |           -2.49 |
|                KL |        2.91e+04 |
|    BacktrackIters |               9 |
|              Time |             266 |
---------------------------------------
Warning: trajectory cut off by epoch at 6 steps.
[32;1mLine search failed! Keeping old params.[0m
---------------------------------------
|             Epoch |              32 |
|      AverageEpRet |            21.9 |
|          StdEpRet |              21 |
|          MaxEpRet |            68.1 |
|          MinEpRet |            3.53 |
|             EpLen |            18.2 |
|      AverageVVals |            17.9 |
|          StdVVals |              14 |
|          MaxVVals |              40 |
|          MinVVals |           -2.78 |
| TotalEnvInteracts |        1.32e+05 |
|            LossPi |       -1.12e-08 |
|             LossV |            64.2 |
|       DeltaLossPi |               0 |
|        DeltaLossV |           -8.13 |
|                KL |        2.91e+04 |
|    BacktrackIters |               9 |
|              Time |             275 |
---------------------------------------
Warning: trajectory cut off by epoch at 4 steps.
[32;1mLine search failed! Keeping old params.[0m
---------------------------------------
|             Epoch |              33 |
|      AverageEpRet |            22.7 |
|          StdEpRet |            20.8 |
|          MaxEpRet |            67.2 |
|          MinEpRet |            3.66 |
|             EpLen |            18.7 |
|      AverageVVals |            16.9 |
|          StdVVals |            13.6 |
|          MaxVVals |            39.8 |
|          MinVVals |           -8.88 |
| TotalEnvInteracts |        1.36e+05 |
|            LossPi |        5.96e-09 |
|             LossV |            64.2 |
|       DeltaLossPi |               0 |
|        DeltaLossV |           -2.97 |
|                KL |        2.91e+04 |
|    BacktrackIters |               9 |
|              Time |             284 |
---------------------------------------
Warning: trajectory cut off by epoch at 29 steps.
[32;1mLine search failed! Keeping old params.[0m
---------------------------------------
|             Epoch |              34 |
|      AverageEpRet |            26.1 |
|          StdEpRet |            22.4 |
|          MaxEpRet |            72.8 |
|          MinEpRet |            2.88 |
|             EpLen |            20.4 |
|      AverageVVals |            18.1 |
|          StdVVals |            13.3 |
|          MaxVVals |            39.6 |
|          MinVVals |           -4.61 |
| TotalEnvInteracts |         1.4e+05 |
|            LossPi |        2.03e-08 |
|             LossV |              62 |
|       DeltaLossPi |               0 |
|        DeltaLossV |           -3.87 |
|                KL |        2.91e+04 |
|    BacktrackIters |               9 |
|              Time |             293 |
---------------------------------------
Warning: trajectory cut off by epoch at 20 steps.
[32;1mLine search failed! Keeping old params.[0m
---------------------------------------
|             Epoch |              35 |
|      AverageEpRet |            25.4 |
|          StdEpRet |            22.4 |
|          MaxEpRet |            76.6 |
|          MinEpRet |            3.98 |
|             EpLen |            19.8 |
|      AverageVVals |            18.8 |
|          StdVVals |            13.9 |
|          MaxVVals |            40.1 |
|          MinVVals |           -5.94 |
| TotalEnvInteracts |        1.44e+05 |
|            LossPi |        1.53e-08 |
|             LossV |            65.6 |
|       DeltaLossPi |               0 |
|        DeltaLossV |           -1.31 |
|                KL |        2.91e+04 |
|    BacktrackIters |               9 |
|              Time |             302 |
---------------------------------------
Warning: trajectory cut off by epoch at 19 steps.
[32;1mLine search failed! Keeping old params.[0m
---------------------------------------
|             Epoch |              36 |
|      AverageEpRet |            25.7 |
|          StdEpRet |            21.7 |
|          MaxEpRet |            71.5 |
|          MinEpRet |            3.55 |
|             EpLen |            20.1 |
|      AverageVVals |              19 |
|          StdVVals |            13.8 |
|          MaxVVals |            40.4 |
|          MinVVals |           -2.86 |
| TotalEnvInteracts |        1.48e+05 |
|            LossPi |       -1.43e-09 |
|             LossV |            68.1 |
|       DeltaLossPi |               0 |
|        DeltaLossV |           -3.08 |
|                KL |        2.91e+04 |
|    BacktrackIters |               9 |
|              Time |             308 |
---------------------------------------
Warning: trajectory cut off by epoch at 10 steps.
[32;1mLine search failed! Keeping old params.[0m
---------------------------------------
|             Epoch |              37 |
|      AverageEpRet |            22.2 |
|          StdEpRet |            21.1 |
|          MaxEpRet |            82.6 |
|          MinEpRet |            3.48 |
|             EpLen |            18.4 |
|      AverageVVals |            17.1 |
|          StdVVals |            13.5 |
|          MaxVVals |              40 |
|          MinVVals |           -3.88 |
| TotalEnvInteracts |        1.52e+05 |
|            LossPi |       -5.96e-09 |
|             LossV |            65.7 |
|       DeltaLossPi |        2.38e-10 |
|        DeltaLossV |           -3.08 |
|                KL |        2.91e+04 |
|    BacktrackIters |               9 |
|              Time |             317 |
---------------------------------------
Warning: trajectory cut off by epoch at 22 steps.
[32;1mLine search failed! Keeping old params.[0m
---------------------------------------
|             Epoch |              38 |
|      AverageEpRet |              24 |
|          StdEpRet |            21.6 |
|          MaxEpRet |              74 |
|          MinEpRet |            3.74 |
|             EpLen |            19.2 |
|      AverageVVals |            17.8 |
|          StdVVals |            13.4 |
|          MaxVVals |            39.1 |
|          MinVVals |           -4.61 |
| TotalEnvInteracts |        1.56e+05 |
|            LossPi |           1e-08 |
|             LossV |            65.9 |
|       DeltaLossPi |       -1.43e-09 |
|        DeltaLossV |           -2.65 |
|                KL |        2.91e+04 |
|    BacktrackIters |               9 |
|              Time |             324 |
---------------------------------------
Warning: trajectory cut off by epoch at 17 steps.
[32;1mLine search failed! Keeping old params.[0m
---------------------------------------
|             Epoch |              39 |
|      AverageEpRet |              23 |
|          StdEpRet |            21.6 |
|          MaxEpRet |            64.8 |
|          MinEpRet |            3.71 |
|             EpLen |            18.7 |
|      AverageVVals |            17.3 |
|          StdVVals |            13.7 |
|          MaxVVals |            40.3 |
|          MinVVals |           -6.89 |
| TotalEnvInteracts |         1.6e+05 |
|            LossPi |        9.06e-09 |
|             LossV |            55.4 |
|       DeltaLossPi |        4.77e-10 |
|        DeltaLossV |              -4 |
|                KL |        2.91e+04 |
|    BacktrackIters |               9 |
|              Time |             333 |
---------------------------------------
Warning: trajectory cut off by epoch at 17 steps.
[32;1mLine search failed! Keeping old params.[0m
---------------------------------------
|             Epoch |              40 |
|      AverageEpRet |            25.6 |
|          StdEpRet |              22 |
|          MaxEpRet |              66 |
|          MinEpRet |            3.09 |
|             EpLen |            20.1 |
|      AverageVVals |            18.6 |
|          StdVVals |            13.9 |
|          MaxVVals |            40.3 |
|          MinVVals |           -2.35 |
| TotalEnvInteracts |        1.64e+05 |
|            LossPi |        -1.6e-08 |
|             LossV |            67.4 |
|       DeltaLossPi |               0 |
|        DeltaLossV |           -3.87 |
|                KL |        2.91e+04 |
|    BacktrackIters |               9 |
|              Time |             341 |
---------------------------------------
Warning: trajectory cut off by epoch at 32 steps.
[32;1mLine search failed! Keeping old params.[0m
---------------------------------------
|             Epoch |              41 |
|      AverageEpRet |            26.1 |
|          StdEpRet |            21.9 |
|          MaxEpRet |            69.2 |
|          MinEpRet |            3.73 |
|             EpLen |            20.1 |
|      AverageVVals |            18.3 |
|          StdVVals |            13.5 |
|          MaxVVals |            40.1 |
|          MinVVals |           -3.69 |
| TotalEnvInteracts |        1.68e+05 |
|            LossPi |        1.48e-08 |
|             LossV |            59.3 |
|       DeltaLossPi |       -1.19e-09 |
|        DeltaLossV |           -7.51 |
|                KL |        2.91e+04 |
|    BacktrackIters |               9 |
|              Time |             347 |
---------------------------------------
Warning: trajectory cut off by epoch at 9 steps.
[32;1mLine search failed! Keeping old params.[0m
---------------------------------------
|             Epoch |              42 |
|      AverageEpRet |            24.2 |
|          StdEpRet |            22.1 |
|          MaxEpRet |            91.3 |
|          MinEpRet |            3.67 |
|             EpLen |            19.5 |
|      AverageVVals |            18.5 |
|          StdVVals |              14 |
|          MaxVVals |            40.7 |
|          MinVVals |           -5.22 |
| TotalEnvInteracts |        1.72e+05 |
|            LossPi |       -1.24e-08 |
|             LossV |            62.3 |
|       DeltaLossPi |       -7.15e-10 |
|        DeltaLossV |           -5.36 |
|                KL |        2.91e+04 |
|    BacktrackIters |               9 |
|              Time |             352 |
---------------------------------------
Warning: trajectory cut off by epoch at 13 steps.
[32;1mLine search failed! Keeping old params.[0m
---------------------------------------
|             Epoch |              43 |
|      AverageEpRet |            24.3 |
|          StdEpRet |            21.6 |
|          MaxEpRet |            75.4 |
|          MinEpRet |            1.72 |
|             EpLen |            19.4 |
|      AverageVVals |            18.5 |
|          StdVVals |            14.1 |
|          MaxVVals |              41 |
|          MinVVals |           -9.24 |
| TotalEnvInteracts |        1.76e+05 |
|            LossPi |        3.34e-09 |
|             LossV |            57.7 |
|       DeltaLossPi |       -4.77e-10 |
|        DeltaLossV |           -3.71 |
|                KL |        2.91e+04 |
|    BacktrackIters |               9 |
|              Time |             357 |
---------------------------------------
Warning: trajectory cut off by epoch at 7 steps.
[32;1mLine search failed! Keeping old params.[0m
---------------------------------------
|             Epoch |              44 |
|      AverageEpRet |            24.8 |
|          StdEpRet |            21.8 |
|          MaxEpRet |            66.7 |
|          MinEpRet |            3.33 |
|             EpLen |            19.6 |
|      AverageVVals |            17.9 |
|          StdVVals |            13.7 |
|          MaxVVals |            40.7 |
|          MinVVals |           -1.92 |
| TotalEnvInteracts |         1.8e+05 |
|            LossPi |        1.55e-08 |
|             LossV |            55.8 |
|       DeltaLossPi |        4.77e-10 |
|        DeltaLossV |           -1.94 |
|                KL |        2.91e+04 |
|    BacktrackIters |               9 |
|              Time |             362 |
---------------------------------------
Warning: trajectory cut off by epoch at 31 steps.
[32;1mLine search failed! Keeping old params.[0m
---------------------------------------
|             Epoch |              45 |
|      AverageEpRet |            25.8 |
|          StdEpRet |            22.1 |
|          MaxEpRet |              77 |
|          MinEpRet |            3.79 |
|             EpLen |            20.1 |
|      AverageVVals |            18.7 |
|          StdVVals |            13.7 |
|          MaxVVals |            40.6 |
|          MinVVals |           -2.63 |
| TotalEnvInteracts |        1.84e+05 |
|            LossPi |       -1.29e-08 |
|             LossV |            67.9 |
|       DeltaLossPi |        9.54e-10 |
|        DeltaLossV |            -3.3 |
|                KL |        2.91e+04 |
|    BacktrackIters |               9 |
|              Time |             366 |
---------------------------------------
Warning: trajectory cut off by epoch at 30 steps.
[32;1mLine search failed! Keeping old params.[0m
---------------------------------------
|             Epoch |              46 |
|      AverageEpRet |            23.7 |
|          StdEpRet |            21.6 |
|          MaxEpRet |            70.2 |
|          MinEpRet |            3.54 |
|             EpLen |            19.2 |
|      AverageVVals |            17.9 |
|          StdVVals |            13.6 |
|          MaxVVals |            40.9 |
|          MinVVals |           -2.97 |
| TotalEnvInteracts |        1.88e+05 |
|            LossPi |       -5.72e-09 |
|             LossV |            56.5 |
|       DeltaLossPi |               0 |
|        DeltaLossV |           -3.02 |
|                KL |        2.91e+04 |
|    BacktrackIters |               9 |
|              Time |             371 |
---------------------------------------
Warning: trajectory cut off by epoch at 10 steps.
[32;1mLine search failed! Keeping old params.[0m
---------------------------------------
|             Epoch |              47 |
|      AverageEpRet |            24.2 |
|          StdEpRet |            21.8 |
|          MaxEpRet |            64.3 |
|          MinEpRet |            1.97 |
|             EpLen |            19.3 |
|      AverageVVals |            18.2 |
|          StdVVals |            13.8 |
|          MaxVVals |              41 |
|          MinVVals |           -6.42 |
| TotalEnvInteracts |        1.92e+05 |
|            LossPi |       -1.86e-08 |
|             LossV |              58 |
|       DeltaLossPi |        9.54e-10 |
|        DeltaLossV |           -3.98 |
|                KL |        2.91e+04 |
|    BacktrackIters |               9 |
|              Time |             376 |
---------------------------------------
Warning: trajectory cut off by epoch at 10 steps.
[32;1mLine search failed! Keeping old params.[0m
---------------------------------------
|             Epoch |              48 |
|      AverageEpRet |            25.6 |
|          StdEpRet |            21.9 |
|          MaxEpRet |            70.3 |
|          MinEpRet |            3.57 |
|             EpLen |            20.2 |
|      AverageVVals |            18.8 |
|          StdVVals |            13.8 |
|          MaxVVals |              41 |
|          MinVVals |           -3.34 |
| TotalEnvInteracts |        1.96e+05 |
|            LossPi |       -7.69e-09 |
|             LossV |            70.3 |
|       DeltaLossPi |       -4.77e-10 |
|        DeltaLossV |            -3.8 |
|                KL |        2.91e+04 |
|    BacktrackIters |               9 |
|              Time |             380 |
---------------------------------------
Warning: trajectory cut off by epoch at 25 steps.
[32;1mLine search failed! Keeping old params.[0m
---------------------------------------
|             Epoch |              49 |
|      AverageEpRet |            25.8 |
|          StdEpRet |              22 |
|          MaxEpRet |            75.1 |
|          MinEpRet |            3.22 |
|             EpLen |            20.3 |
|      AverageVVals |            18.3 |
|          StdVVals |            13.3 |
|          MaxVVals |            40.2 |
|          MinVVals |            -4.9 |
| TotalEnvInteracts |           2e+05 |
|            LossPi |        1.43e-09 |
|             LossV |            59.8 |
|       DeltaLossPi |               0 |
|        DeltaLossV |           -3.61 |
|                KL |        2.91e+04 |
|    BacktrackIters |               9 |
|              Time |             385 |
---------------------------------------
