--------------------------------------------------------------------------
[[31897,1],0]: A high-performance Open MPI point-to-point messaging module
was unable to find any relevant network interfaces:

Module: OpenFabrics (openib)
  Host: GCRAZGDL0429

Another transport will be used instead, although this may result in
lower performance.

NOTE: You can disable this warning by setting the MCA parameter
btl_base_warn_component_unused to 0.
--------------------------------------------------------------------------
--------------------------------------------------------------------------
[[32035,1],0]: A high-performance Open MPI point-to-point messaging module
was unable to find any relevant network interfaces:

Module: OpenFabrics (openib)
  Host: GCRAZGDL0429

Another transport will be used instead, although this may result in
lower performance.

NOTE: You can disable this warning by setting the MCA parameter
btl_base_warn_component_unused to 0.
--------------------------------------------------------------------------
Warning: Log dir exp/trpo_Hopper-v3/trpo_Hopper-v3_s4 already exists! Storing info there anyway.
[32;1mLogging data to exp/trpo_Hopper-v3/trpo_Hopper-v3_s4/progress.txt[0m
[36;1mSaving config:
[0m
{
    "ac_kwargs":	{
        "hidden_sizes":	[
            64,
            64
        ]
    },
    "actor_critic":	"mlp_actor_critic",
    "algo":	"trpo",
    "backtrack_coeff":	0.8,
    "backtrack_iters":	10,
    "cg_iters":	10,
    "damping_coeff":	0.1,
    "delta":	0.01,
    "env_fn":	"<function <lambda> at 0x7f5a80d784d0>",
    "epochs":	50,
    "exp_name":	"trpo_Hopper-v3",
    "gamma":	0.99,
    "lam":	0.97,
    "logger":	{
        "<spinup.utils.logx.EpochLogger object at 0x7f5a80d22450>":	{
            "epoch_dict":	{},
            "exp_name":	"trpo_Hopper-v3",
            "first_row":	true,
            "log_current_row":	{},
            "log_headers":	[],
            "output_dir":	"exp/trpo_Hopper-v3/trpo_Hopper-v3_s4",
            "output_file":	{
                "<_io.TextIOWrapper name='exp/trpo_Hopper-v3/trpo_Hopper-v3_s4/progress.txt' mode='w' encoding='UTF-8'>":	{
                    "mode":	"w"
                }
            }
        }
    },
    "logger_kwargs":	{
        "exp_name":	"trpo_Hopper-v3",
        "output_dir":	"exp/trpo_Hopper-v3/trpo_Hopper-v3_s4"
    },
    "max_ep_len":	1000,
    "save_freq":	10,
    "seed":	4,
    "steps_per_epoch":	4000,
    "train_v_iters":	80,
    "vf_lr":	0.001
}
[GCRAZGDL0429:29966] 3 more processes have sent help message help-mpi-btl-base.txt / btl:no-nics
[GCRAZGDL0429:29966] Set MCA parameter "orte_base_help_aggregate" to 0 to see all help / error messages
[32;1m
Number of parameters: 	 pi: 5126, 	 v: 4993
[0m
2022-04-14 05:24:25.726383: I tensorflow/core/platform/cpu_feature_guard.cc:142] Your CPU supports instructions that this TensorFlow binary was not compiled to use: AVX2 FMA
2022-04-14 05:24:25.752362: I tensorflow/core/platform/profile_utils/cpu_utils.cc:94] CPU Frequency: 2593990000 Hz
2022-04-14 05:24:25.753538: I tensorflow/compiler/xla/service/service.cc:168] XLA service 0x55b35c631880 initialized for platform Host (this does not guarantee that XLA will be used). Devices:
2022-04-14 05:24:25.753652: I tensorflow/compiler/xla/service/service.cc:176]   StreamExecutor device (0): Host, Default Version
2022-04-14 05:24:26.248517: I tensorflow/core/platform/cpu_feature_guard.cc:142] Your CPU supports instructions that this TensorFlow binary was not compiled to use: AVX2 FMA
2022-04-14 05:24:26.282232: I tensorflow/core/platform/profile_utils/cpu_utils.cc:94] CPU Frequency: 2593990000 Hz
2022-04-14 05:24:26.283124: I tensorflow/compiler/xla/service/service.cc:168] XLA service 0x55876f72f490 initialized for platform Host (this does not guarantee that XLA will be used). Devices:
2022-04-14 05:24:26.283148: I tensorflow/compiler/xla/service/service.cc:176]   StreamExecutor device (0): Host, Default Version
2022-04-14 05:24:27.937939: I tensorflow/core/platform/cpu_feature_guard.cc:142] Your CPU supports instructions that this TensorFlow binary was not compiled to use: AVX2 FMA
2022-04-14 05:24:27.973824: I tensorflow/core/platform/profile_utils/cpu_utils.cc:94] CPU Frequency: 2593990000 Hz
2022-04-14 05:24:27.974273: I tensorflow/compiler/xla/service/service.cc:168] XLA service 0x557110e8eda0 initialized for platform Host (this does not guarantee that XLA will be used). Devices:
2022-04-14 05:24:27.974301: I tensorflow/compiler/xla/service/service.cc:176]   StreamExecutor device (0): Host, Default Version
2022-04-14 05:24:36.913232: I tensorflow/core/platform/cpu_feature_guard.cc:142] Your CPU supports instructions that this TensorFlow binary was not compiled to use: AVX2 FMA
2022-04-14 05:24:36.941120: I tensorflow/core/platform/profile_utils/cpu_utils.cc:94] CPU Frequency: 2593990000 Hz
2022-04-14 05:24:36.950478: I tensorflow/compiler/xla/service/service.cc:168] XLA service 0x55d9342b3f70 initialized for platform Host (this does not guarantee that XLA will be used). Devices:
2022-04-14 05:24:36.950590: I tensorflow/compiler/xla/service/service.cc:176]   StreamExecutor device (0): Host, Default Version
Warning: trajectory cut off by epoch at 11 steps.
Warning: trajectory cut off by epoch at 2 steps.
Warning: trajectory cut off by epoch at 7 steps.
Warning: trajectory cut off by epoch at 17 steps.
[32;1mAccepting new params at step 0 of line search.[0m
---------------------------------------
|             Epoch |               0 |
|      AverageEpRet |            8.96 |
|          StdEpRet |            3.01 |
|          MaxEpRet |            29.4 |
|          MinEpRet |            3.56 |
|             EpLen |            18.5 |
|      AverageVVals |          -0.213 |
|          StdVVals |           0.558 |
|          MaxVVals |            1.07 |
|          MinVVals |           -1.91 |
| TotalEnvInteracts |           4e+03 |
|            LossPi |         4.1e-08 |
|             LossV |            21.7 |
|       DeltaLossPi |         -0.0248 |
|        DeltaLossV |           -16.8 |
|                KL |         0.00969 |
|    BacktrackIters |               0 |
|              Time |            42.9 |
---------------------------------------
Warning: trajectory cut off by epoch at 15 steps.
Warning: trajectory cut off by epoch at 28 steps.
Warning: trajectory cut off by epoch at 4 steps.
Warning: trajectory cut off by epoch at 3 steps.
[32;1mAccepting new params at step 0 of line search.[0m
---------------------------------------
|             Epoch |               1 |
|      AverageEpRet |            10.5 |
|          StdEpRet |            3.74 |
|          MaxEpRet |            29.2 |
|          MinEpRet |            4.62 |
|             EpLen |            20.4 |
|      AverageVVals |            2.97 |
|          StdVVals |            2.82 |
|          MaxVVals |            7.61 |
|          MinVVals |           -3.78 |
| TotalEnvInteracts |           8e+03 |
|            LossPi |        1.21e-08 |
|             LossV |            8.12 |
|       DeltaLossPi |         -0.0409 |
|        DeltaLossV |           -1.49 |
|                KL |         0.00985 |
|    BacktrackIters |               0 |
|              Time |             101 |
---------------------------------------
Warning: trajectory cut off by epoch at 2 steps.
Warning: trajectory cut off by epoch at 26 steps.
Warning: trajectory cut off by epoch at 5 steps.
Warning: trajectory cut off by epoch at 19 steps.
[32;1mAccepting new params at step 0 of line search.[0m
---------------------------------------
|             Epoch |               2 |
|      AverageEpRet |            13.3 |
|          StdEpRet |            6.38 |
|          MaxEpRet |            51.9 |
|          MinEpRet |            4.24 |
|             EpLen |            23.6 |
|      AverageVVals |            3.89 |
|          StdVVals |            3.24 |
|          MaxVVals |            10.7 |
|          MinVVals |           -5.47 |
| TotalEnvInteracts |         1.2e+04 |
|            LossPi |        1.68e-08 |
|             LossV |            18.8 |
|       DeltaLossPi |         -0.0458 |
|        DeltaLossV |           -3.15 |
|                KL |         0.00978 |
|    BacktrackIters |               0 |
|              Time |             149 |
---------------------------------------
Warning: trajectory cut off by epoch at 10 steps.
Warning: trajectory cut off by epoch at 17 steps.
Warning: trajectory cut off by epoch at 26 steps.
Warning: trajectory cut off by epoch at 11 steps.
[32;1mAccepting new params at step 0 of line search.[0m
---------------------------------------
|             Epoch |               3 |
|      AverageEpRet |            18.6 |
|          StdEpRet |            9.85 |
|          MaxEpRet |            62.9 |
|          MinEpRet |            6.24 |
|             EpLen |              30 |
|      AverageVVals |            5.78 |
|          StdVVals |            3.94 |
|          MaxVVals |            14.4 |
|          MinVVals |            -4.2 |
| TotalEnvInteracts |         1.6e+04 |
|            LossPi |       -3.73e-09 |
|             LossV |            43.6 |
|       DeltaLossPi |         -0.0395 |
|        DeltaLossV |           -7.81 |
|                KL |         0.00963 |
|    BacktrackIters |               0 |
|              Time |             216 |
---------------------------------------
Warning: trajectory cut off by epoch at 4 steps.
Warning: trajectory cut off by epoch at 28 steps.
Warning: trajectory cut off by epoch at 22 steps.
Warning: trajectory cut off by epoch at 7 steps.
[32;1mAccepting new params at step 0 of line search.[0m
---------------------------------------
|             Epoch |               4 |
|      AverageEpRet |            28.4 |
|          StdEpRet |              26 |
|          MaxEpRet |             162 |
|          MinEpRet |            6.82 |
|             EpLen |            40.2 |
|      AverageVVals |            9.28 |
|          StdVVals |            5.41 |
|          MaxVVals |            18.1 |
|          MinVVals |           -6.44 |
| TotalEnvInteracts |           2e+04 |
|            LossPi |       -3.73e-09 |
|             LossV |             252 |
|       DeltaLossPi |         -0.0389 |
|        DeltaLossV |           -64.5 |
|                KL |         0.00952 |
|    BacktrackIters |               0 |
|              Time |             287 |
---------------------------------------
Warning: trajectory cut off by epoch at 289 steps.
Warning: trajectory cut off by epoch at 91 steps.
Warning: trajectory cut off by epoch at 18 steps.
Warning: trajectory cut off by epoch at 23 steps.
[32;1mAccepting new params at step 0 of line search.[0m
---------------------------------------
|             Epoch |               5 |
|      AverageEpRet |            50.6 |
|          StdEpRet |            40.7 |
|          MaxEpRet |             206 |
|          MinEpRet |            7.29 |
|             EpLen |            58.7 |
|      AverageVVals |            18.3 |
|          StdVVals |            8.66 |
|          MaxVVals |            28.7 |
|          MinVVals |           -6.57 |
| TotalEnvInteracts |         2.4e+04 |
|            LossPi |        -4.1e-08 |
|             LossV |             681 |
|       DeltaLossPi |         -0.0354 |
|        DeltaLossV |            -171 |
|                KL |          0.0095 |
|    BacktrackIters |               0 |
|              Time |             358 |
---------------------------------------
Warning: trajectory cut off by epoch at 27 steps.
Warning: trajectory cut off by epoch at 277 steps.
Warning: trajectory cut off by epoch at 33 steps.
Warning: trajectory cut off by epoch at 9 steps.
[32;1mAccepting new params at step 0 of line search.[0m
---------------------------------------
|             Epoch |               6 |
|      AverageEpRet |             119 |
|          StdEpRet |              78 |
|          MaxEpRet |             329 |
|          MinEpRet |            12.9 |
|             EpLen |             114 |
|      AverageVVals |            32.9 |
|          StdVVals |            9.26 |
|          MaxVVals |            39.1 |
|          MinVVals |            -6.5 |
| TotalEnvInteracts |         2.8e+04 |
|            LossPi |        5.59e-09 |
|             LossV |        1.03e+03 |
|       DeltaLossPi |         -0.0308 |
|        DeltaLossV |            -291 |
|                KL |         0.00916 |
|    BacktrackIters |               0 |
|              Time |             429 |
---------------------------------------
Warning: trajectory cut off by epoch at 248 steps.
Warning: trajectory cut off by epoch at 55 steps.
Warning: trajectory cut off by epoch at 355 steps.
Warning: trajectory cut off by epoch at 368 steps.
[32;1mAccepting new params at step 0 of line search.[0m
---------------------------------------
|             Epoch |               7 |
|      AverageEpRet |             174 |
|          StdEpRet |            84.8 |
|          MaxEpRet |             379 |
|          MinEpRet |            19.6 |
|             EpLen |             149 |
|      AverageVVals |            48.6 |
|          StdVVals |            5.03 |
|          MaxVVals |            50.2 |
|          MinVVals |           -5.23 |
| TotalEnvInteracts |         3.2e+04 |
|            LossPi |       -5.01e-08 |
|             LossV |         1.2e+03 |
|       DeltaLossPi |         -0.0236 |
|        DeltaLossV |            -398 |
|                KL |         0.00816 |
|    BacktrackIters |               0 |
|              Time |             500 |
---------------------------------------
Warning: trajectory cut off by epoch at 26 steps.
Warning: trajectory cut off by epoch at 78 steps.
Warning: trajectory cut off by epoch at 14 steps.
Warning: trajectory cut off by epoch at 405 steps.
[32;1mAccepting new params at step 0 of line search.[0m
---------------------------------------
|             Epoch |               8 |
|      AverageEpRet |             166 |
|          StdEpRet |              79 |
|          MaxEpRet |             418 |
|          MinEpRet |              29 |
|             EpLen |             139 |
|      AverageVVals |            61.4 |
|          StdVVals |             1.2 |
|          MaxVVals |            61.5 |
|          MinVVals |            24.7 |
| TotalEnvInteracts |         3.6e+04 |
|            LossPi |       -2.33e-09 |
|             LossV |             764 |
|       DeltaLossPi |         -0.0167 |
|        DeltaLossV |           -8.97 |
|                KL |         0.00777 |
|    BacktrackIters |               0 |
|              Time |             570 |
---------------------------------------
Warning: trajectory cut off by epoch at 2 steps.
Warning: trajectory cut off by epoch at 66 steps.
Warning: trajectory cut off by epoch at 160 steps.
Warning: trajectory cut off by epoch at 204 steps.
[32;1mAccepting new params at step 0 of line search.[0m
---------------------------------------
|             Epoch |               9 |
|      AverageEpRet |             193 |
|          StdEpRet |            85.8 |
|          MaxEpRet |             483 |
|          MinEpRet |             105 |
|             EpLen |             162 |
|      AverageVVals |            63.2 |
|          StdVVals |           0.198 |
|          MaxVVals |            63.2 |
|          MinVVals |            53.7 |
| TotalEnvInteracts |           4e+04 |
|            LossPi |        4.19e-09 |
|             LossV |             791 |
|       DeltaLossPi |         -0.0137 |
|        DeltaLossV |           -9.53 |
|                KL |         0.00703 |
|    BacktrackIters |               0 |
|              Time |             642 |
---------------------------------------
Warning: trajectory cut off by epoch at 25 steps.
Warning: trajectory cut off by epoch at 193 steps.
Warning: trajectory cut off by epoch at 114 steps.
Warning: trajectory cut off by epoch at 498 steps.
[32;1mAccepting new params at step 0 of line search.[0m
---------------------------------------
|             Epoch |              10 |
|      AverageEpRet |             179 |
|          StdEpRet |             110 |
|          MaxEpRet |             568 |
|          MinEpRet |            44.8 |
|             EpLen |             151 |
|      AverageVVals |            65.2 |
|          StdVVals |           0.917 |
|          MaxVVals |            65.2 |
|          MinVVals |              36 |
| TotalEnvInteracts |         4.4e+04 |
|            LossPi |        9.31e-09 |
|             LossV |             845 |
|       DeltaLossPi |         -0.0169 |
|        DeltaLossV |           -22.6 |
|                KL |         0.00805 |
|    BacktrackIters |               0 |
|              Time |             710 |
---------------------------------------
Warning: trajectory cut off by epoch at 632 steps.
Warning: trajectory cut off by epoch at 170 steps.
Warning: trajectory cut off by epoch at 222 steps.
Warning: trajectory cut off by epoch at 180 steps.
[32;1mAccepting new params at step 0 of line search.[0m
---------------------------------------
|             Epoch |              11 |
|      AverageEpRet |             263 |
|          StdEpRet |             101 |
|          MaxEpRet |             443 |
|          MinEpRet |             115 |
|             EpLen |             233 |
|      AverageVVals |            68.2 |
|          StdVVals |           0.106 |
|          MaxVVals |            68.2 |
|          MinVVals |              64 |
| TotalEnvInteracts |         4.8e+04 |
|            LossPi |        9.31e-09 |
|             LossV |             742 |
|       DeltaLossPi |         -0.0149 |
|        DeltaLossV |           -71.7 |
|                KL |          0.0075 |
|    BacktrackIters |               0 |
|              Time |             779 |
---------------------------------------
Warning: trajectory cut off by epoch at 527 steps.
Warning: trajectory cut off by epoch at 127 steps.
Warning: trajectory cut off by epoch at 441 steps.
Warning: trajectory cut off by epoch at 18 steps.
[32;1mAccepting new params at step 0 of line search.[0m
---------------------------------------
|             Epoch |              12 |
|      AverageEpRet |             351 |
|          StdEpRet |             126 |
|          MaxEpRet |             589 |
|          MinEpRet |             191 |
|             EpLen |             321 |
|      AverageVVals |            73.9 |
|          StdVVals |          0.0616 |
|          MaxVVals |            73.9 |
|          MinVVals |            70.7 |
| TotalEnvInteracts |         5.2e+04 |
|            LossPi |       -3.73e-09 |
|             LossV |             697 |
|       DeltaLossPi |         -0.0186 |
|        DeltaLossV |           -58.8 |
|                KL |         0.00777 |
|    BacktrackIters |               0 |
|              Time |             849 |
---------------------------------------
Warning: trajectory cut off by epoch at 275 steps.
Warning: trajectory cut off by epoch at 327 steps.
[32;1mAccepting new params at step 0 of line search.[0m
---------------------------------------
|             Epoch |              13 |
|      AverageEpRet |             594 |
|          StdEpRet |             329 |
|          MaxEpRet |        1.03e+03 |
|          MinEpRet |             204 |
|             EpLen |             566 |
|      AverageVVals |            79.1 |
|          StdVVals |           0.149 |
|          MaxVVals |            79.1 |
|          MinVVals |            74.3 |
| TotalEnvInteracts |         5.6e+04 |
|            LossPi |       -2.24e-08 |
|             LossV |             597 |
|       DeltaLossPi |         -0.0182 |
|        DeltaLossV |           -65.2 |
|                KL |         0.00779 |
|    BacktrackIters |               0 |
|              Time |             920 |
---------------------------------------
Warning: trajectory cut off by epoch at 441 steps.
Warning: trajectory cut off by epoch at 101 steps.
[32;1mAccepting new params at step 0 of line search.[0m
---------------------------------------
|             Epoch |              14 |
|      AverageEpRet |             519 |
|          StdEpRet |             355 |
|          MaxEpRet |        1.03e+03 |
|          MinEpRet |             116 |
|             EpLen |             494 |
|      AverageVVals |            84.5 |
|          StdVVals |           0.431 |
|          MaxVVals |            84.6 |
|          MinVVals |            65.5 |
| TotalEnvInteracts |           6e+04 |
|            LossPi |        1.12e-08 |
|             LossV |             579 |
|       DeltaLossPi |         -0.0222 |
|        DeltaLossV |           -14.5 |
|                KL |         0.00678 |
|    BacktrackIters |               0 |
|              Time |             991 |
---------------------------------------
Warning: trajectory cut off by epoch at 631 steps.
Warning: trajectory cut off by epoch at 453 steps.
Warning: trajectory cut off by epoch at 710 steps.
[32;1mAccepting new params at step 0 of line search.[0m
---------------------------------------
|             Epoch |              15 |
|      AverageEpRet |             579 |
|          StdEpRet |             272 |
|          MaxEpRet |        1.02e+03 |
|          MinEpRet |             319 |
|             EpLen |             552 |
|      AverageVVals |            86.1 |
|          StdVVals |            1.17 |
|          MaxVVals |            86.2 |
|          MinVVals |            46.2 |
| TotalEnvInteracts |         6.4e+04 |
|            LossPi |       -3.17e-08 |
|             LossV |             412 |
|       DeltaLossPi |         -0.0161 |
|        DeltaLossV |           -27.1 |
|                KL |         0.00771 |
|    BacktrackIters |               0 |
|              Time |        1.06e+03 |
---------------------------------------
Warning: trajectory cut off by epoch at 686 steps.
Warning: trajectory cut off by epoch at 244 steps.
Warning: trajectory cut off by epoch at 229 steps.
Warning: trajectory cut off by epoch at 258 steps.
[32;1mAccepting new params at step 0 of line search.[0m
---------------------------------------
|             Epoch |              16 |
|      AverageEpRet |             677 |
|          StdEpRet |             193 |
|          MaxEpRet |             806 |
|          MinEpRet |             343 |
|             EpLen |             646 |
|      AverageVVals |            89.5 |
|          StdVVals |           0.394 |
|          MaxVVals |            89.5 |
|          MinVVals |              71 |
| TotalEnvInteracts |         6.8e+04 |
|            LossPi |       -5.82e-10 |
|             LossV |             395 |
|       DeltaLossPi |         -0.0146 |
|        DeltaLossV |           -6.17 |
|                KL |         0.00688 |
|    BacktrackIters |               0 |
|              Time |        1.13e+03 |
---------------------------------------
Warning: trajectory cut off by epoch at 125 steps.
Warning: trajectory cut off by epoch at 573 steps.
Warning: trajectory cut off by epoch at 502 steps.
[32;1mAccepting new params at step 0 of line search.[0m
---------------------------------------
|             Epoch |              17 |
|      AverageEpRet |             730 |
|          StdEpRet |             242 |
|          MaxEpRet |        1.03e+03 |
|          MinEpRet |             458 |
|             EpLen |             700 |
|      AverageVVals |            91.2 |
|          StdVVals |          0.0259 |
|          MaxVVals |            91.2 |
|          MinVVals |            90.3 |
| TotalEnvInteracts |         7.2e+04 |
|            LossPi |       -4.07e-09 |
|             LossV |             376 |
|       DeltaLossPi |         -0.0169 |
|        DeltaLossV |          -0.272 |
|                KL |         0.00798 |
|    BacktrackIters |               0 |
|              Time |        1.21e+03 |
---------------------------------------
[32;1mAccepting new params at step 0 of line search.[0m
---------------------------------------
|             Epoch |              18 |
|      AverageEpRet |        1.02e+03 |
|          StdEpRet |            4.13 |
|          MaxEpRet |        1.03e+03 |
|          MinEpRet |        1.02e+03 |
|             EpLen |           1e+03 |
|      AverageVVals |            91.6 |
|          StdVVals |          0.0453 |
|          MaxVVals |            91.6 |
|          MinVVals |            89.5 |
| TotalEnvInteracts |         7.6e+04 |
|            LossPi |       -1.44e-08 |
|             LossV |             407 |
|       DeltaLossPi |          -0.011 |
|        DeltaLossV |          -0.404 |
|                KL |         0.00801 |
|    BacktrackIters |               0 |
|              Time |        1.29e+03 |
---------------------------------------
Warning: trajectory cut off by epoch at 36 steps.
Warning: trajectory cut off by epoch at 739 steps.
[32;1mAccepting new params at step 0 of line search.[0m
---------------------------------------
|             Epoch |              19 |
|      AverageEpRet |             672 |
|          StdEpRet |             303 |
|          MaxEpRet |        1.03e+03 |
|          MinEpRet |             289 |
|             EpLen |             645 |
|      AverageVVals |            91.2 |
|          StdVVals |          0.0942 |
|          MaxVVals |            91.2 |
|          MinVVals |            85.6 |
| TotalEnvInteracts |           8e+04 |
|            LossPi |       -1.49e-08 |
|             LossV |             459 |
|       DeltaLossPi |         -0.0166 |
|        DeltaLossV |           -1.39 |
|                KL |         0.00699 |
|    BacktrackIters |               0 |
|              Time |        1.38e+03 |
---------------------------------------
Warning: trajectory cut off by epoch at 262 steps.
Warning: trajectory cut off by epoch at 64 steps.
[32;1mAccepting new params at step 0 of line search.[0m
---------------------------------------
|             Epoch |              20 |
|      AverageEpRet |             945 |
|          StdEpRet |             105 |
|          MaxEpRet |        1.02e+03 |
|          MinEpRet |             768 |
|             EpLen |             918 |
|      AverageVVals |            90.3 |
|          StdVVals |           0.018 |
|          MaxVVals |            90.3 |
|          MinVVals |            89.7 |
| TotalEnvInteracts |         8.4e+04 |
|            LossPi |        8.61e-09 |
|             LossV |             399 |
|       DeltaLossPi |         -0.0156 |
|        DeltaLossV |            -1.2 |
|                KL |          0.0071 |
|    BacktrackIters |               0 |
|              Time |        1.46e+03 |
---------------------------------------
Warning: trajectory cut off by epoch at 431 steps.
Warning: trajectory cut off by epoch at 139 steps.
Warning: trajectory cut off by epoch at 389 steps.
[32;1mAccepting new params at step 0 of line search.[0m
---------------------------------------
|             Epoch |              21 |
|      AverageEpRet |             786 |
|          StdEpRet |             175 |
|          MaxEpRet |        1.02e+03 |
|          MinEpRet |             595 |
|             EpLen |             760 |
|      AverageVVals |            91.1 |
|          StdVVals |          0.0606 |
|          MaxVVals |            91.1 |
|          MinVVals |            87.5 |
| TotalEnvInteracts |         8.8e+04 |
|            LossPi |        2.42e-08 |
|             LossV |             396 |
|       DeltaLossPi |          -0.019 |
|        DeltaLossV |          -0.195 |
|                KL |         0.00737 |
|    BacktrackIters |               0 |
|              Time |        1.53e+03 |
---------------------------------------
Warning: trajectory cut off by epoch at 268 steps.
[32;1mAccepting new params at step 0 of line search.[0m
---------------------------------------
|             Epoch |              22 |
|      AverageEpRet |             959 |
|          StdEpRet |             115 |
|          MaxEpRet |        1.03e+03 |
|          MinEpRet |             760 |
|             EpLen |             933 |
|      AverageVVals |            91.5 |
|          StdVVals |          0.0265 |
|          MaxVVals |            91.5 |
|          MinVVals |            90.2 |
| TotalEnvInteracts |         9.2e+04 |
|            LossPi |       -2.33e-09 |
|             LossV |             419 |
|       DeltaLossPi |         -0.0179 |
|        DeltaLossV |          -0.285 |
|                KL |         0.00802 |
|    BacktrackIters |               0 |
|              Time |         1.6e+03 |
---------------------------------------
Warning: trajectory cut off by epoch at 525 steps.
Warning: trajectory cut off by epoch at 45 steps.
[32;1mAccepting new params at step 0 of line search.[0m
---------------------------------------
|             Epoch |              23 |
|      AverageEpRet |             715 |
|          StdEpRet |             252 |
|          MaxEpRet |        1.03e+03 |
|          MinEpRet |             494 |
|             EpLen |             686 |
|      AverageVVals |            91.5 |
|          StdVVals |          0.0479 |
|          MaxVVals |            91.5 |
|          MinVVals |            90.1 |
| TotalEnvInteracts |         9.6e+04 |
|            LossPi |       -5.59e-09 |
|             LossV |             472 |
|       DeltaLossPi |         -0.0151 |
|        DeltaLossV |           -9.04 |
|                KL |         0.00774 |
|    BacktrackIters |               0 |
|              Time |        1.67e+03 |
---------------------------------------
Warning: trajectory cut off by epoch at 699 steps.
Warning: trajectory cut off by epoch at 243 steps.
[32;1mAccepting new params at step 0 of line search.[0m
---------------------------------------
|             Epoch |              24 |
|      AverageEpRet |             794 |
|          StdEpRet |             285 |
|          MaxEpRet |        1.03e+03 |
|          MinEpRet |             329 |
|             EpLen |             764 |
|      AverageVVals |            89.8 |
|          StdVVals |            1.82 |
|          MaxVVals |              90 |
|          MinVVals |            37.4 |
| TotalEnvInteracts |           1e+05 |
|            LossPi |        2.79e-09 |
|             LossV |             417 |
|       DeltaLossPi |         -0.0188 |
|        DeltaLossV |           -10.7 |
|                KL |         0.00771 |
|    BacktrackIters |               0 |
|              Time |        1.74e+03 |
---------------------------------------
[32;1mAccepting new params at step 0 of line search.[0m
---------------------------------------
|             Epoch |              25 |
|      AverageEpRet |        1.03e+03 |
|          StdEpRet |            2.19 |
|          MaxEpRet |        1.03e+03 |
|          MinEpRet |        1.02e+03 |
|             EpLen |           1e+03 |
|      AverageVVals |            91.4 |
|          StdVVals |            1.76 |
|          MaxVVals |            91.9 |
|          MinVVals |            25.7 |
| TotalEnvInteracts |        1.04e+05 |
|            LossPi |        9.78e-09 |
|             LossV |             418 |
|       DeltaLossPi |         -0.0196 |
|        DeltaLossV |           -9.92 |
|                KL |         0.00791 |
|    BacktrackIters |               0 |
|              Time |        1.81e+03 |
---------------------------------------
[32;1mAccepting new params at step 0 of line search.[0m
---------------------------------------
|             Epoch |              26 |
|      AverageEpRet |        1.02e+03 |
|          StdEpRet |            1.52 |
|          MaxEpRet |        1.03e+03 |
|          MinEpRet |        1.02e+03 |
|             EpLen |           1e+03 |
|      AverageVVals |            90.3 |
|          StdVVals |               1 |
|          MaxVVals |            92.8 |
|          MinVVals |            87.4 |
| TotalEnvInteracts |        1.08e+05 |
|            LossPi |       -7.33e-09 |
|             LossV |             424 |
|       DeltaLossPi |         -0.0144 |
|        DeltaLossV |           -6.83 |
|                KL |         0.00899 |
|    BacktrackIters |               0 |
|              Time |        1.88e+03 |
---------------------------------------
[32;1mAccepting new params at step 0 of line search.[0m
---------------------------------------
|             Epoch |              27 |
|      AverageEpRet |        1.03e+03 |
|          StdEpRet |            1.62 |
|          MaxEpRet |        1.03e+03 |
|          MinEpRet |        1.02e+03 |
|             EpLen |           1e+03 |
|      AverageVVals |            90.6 |
|          StdVVals |            1.49 |
|          MaxVVals |            93.7 |
|          MinVVals |            85.5 |
| TotalEnvInteracts |        1.12e+05 |
|            LossPi |        3.38e-09 |
|             LossV |             417 |
|       DeltaLossPi |         -0.0139 |
|        DeltaLossV |           -8.03 |
|                KL |         0.00826 |
|    BacktrackIters |               0 |
|              Time |        1.95e+03 |
---------------------------------------
Warning: trajectory cut off by epoch at 570 steps.
Warning: trajectory cut off by epoch at 266 steps.
[32;1mAccepting new params at step 0 of line search.[0m
---------------------------------------
|             Epoch |              28 |
|      AverageEpRet |             820 |
|          StdEpRet |             234 |
|          MaxEpRet |        1.03e+03 |
|          MinEpRet |             459 |
|             EpLen |             791 |
|      AverageVVals |            91.1 |
|          StdVVals |            1.83 |
|          MaxVVals |            94.9 |
|          MinVVals |            87.6 |
| TotalEnvInteracts |        1.16e+05 |
|            LossPi |       -1.05e-08 |
|             LossV |             392 |
|       DeltaLossPi |          -0.013 |
|        DeltaLossV |           -8.95 |
|                KL |         0.00857 |
|    BacktrackIters |               0 |
|              Time |        2.02e+03 |
---------------------------------------
[32;1mAccepting new params at step 0 of line search.[0m
---------------------------------------
|             Epoch |              29 |
|      AverageEpRet |        1.03e+03 |
|          StdEpRet |            3.21 |
|          MaxEpRet |        1.03e+03 |
|          MinEpRet |        1.02e+03 |
|             EpLen |           1e+03 |
|      AverageVVals |            91.7 |
|          StdVVals |            1.94 |
|          MaxVVals |            95.5 |
|          MinVVals |            88.8 |
| TotalEnvInteracts |         1.2e+05 |
|            LossPi |        9.08e-09 |
|             LossV |             402 |
|       DeltaLossPi |         -0.0134 |
|        DeltaLossV |           -9.54 |
|                KL |         0.00817 |
|    BacktrackIters |               0 |
|              Time |        2.09e+03 |
---------------------------------------
Warning: trajectory cut off by epoch at 772 steps.
Warning: trajectory cut off by epoch at 525 steps.
Warning: trajectory cut off by epoch at 667 steps.
[32;1mAccepting new params at step 0 of line search.[0m
---------------------------------------
|             Epoch |              30 |
|      AverageEpRet |             537 |
|          StdEpRet |             296 |
|          MaxEpRet |        1.03e+03 |
|          MinEpRet |             258 |
|             EpLen |             509 |
|      AverageVVals |            91.1 |
|          StdVVals |            3.19 |
|          MaxVVals |            96.7 |
|          MinVVals |              87 |
| TotalEnvInteracts |        1.24e+05 |
|            LossPi |       -1.87e-08 |
|             LossV |             369 |
|       DeltaLossPi |         -0.0132 |
|        DeltaLossV |           -7.14 |
|                KL |         0.00861 |
|    BacktrackIters |               0 |
|              Time |        2.17e+03 |
---------------------------------------
[32;1mAccepting new params at step 0 of line search.[0m
---------------------------------------
|             Epoch |              31 |
|      AverageEpRet |        1.03e+03 |
|          StdEpRet |            2.14 |
|          MaxEpRet |        1.03e+03 |
|          MinEpRet |        1.02e+03 |
|             EpLen |           1e+03 |
|      AverageVVals |            91.8 |
|          StdVVals |            3.08 |
|          MaxVVals |            97.1 |
|          MinVVals |              87 |
| TotalEnvInteracts |        1.28e+05 |
|            LossPi |        4.19e-09 |
|             LossV |             397 |
|       DeltaLossPi |         -0.0129 |
|        DeltaLossV |           -9.72 |
|                KL |         0.00839 |
|    BacktrackIters |               0 |
|              Time |        2.24e+03 |
---------------------------------------
[32;1mAccepting new params at step 0 of line search.[0m
---------------------------------------
|             Epoch |              32 |
|      AverageEpRet |        1.03e+03 |
|          StdEpRet |            1.93 |
|          MaxEpRet |        1.03e+03 |
|          MinEpRet |        1.02e+03 |
|             EpLen |           1e+03 |
|      AverageVVals |            91.3 |
|          StdVVals |            3.97 |
|          MaxVVals |            98.4 |
|          MinVVals |            85.4 |
| TotalEnvInteracts |        1.32e+05 |
|            LossPi |       -1.92e-08 |
|             LossV |             400 |
|       DeltaLossPi |         -0.0142 |
|        DeltaLossV |             -16 |
|                KL |         0.00822 |
|    BacktrackIters |               0 |
|              Time |        2.31e+03 |
---------------------------------------
[32;1mAccepting new params at step 0 of line search.[0m
---------------------------------------
|             Epoch |              33 |
|      AverageEpRet |        1.03e+03 |
|          StdEpRet |            3.13 |
|          MaxEpRet |        1.03e+03 |
|          MinEpRet |        1.02e+03 |
|             EpLen |           1e+03 |
|      AverageVVals |            91.4 |
|          StdVVals |            3.75 |
|          MaxVVals |             100 |
|          MinVVals |            86.4 |
| TotalEnvInteracts |        1.36e+05 |
|            LossPi |        3.26e-09 |
|             LossV |             399 |
|       DeltaLossPi |         -0.0125 |
|        DeltaLossV |           -14.5 |
|                KL |         0.00812 |
|    BacktrackIters |               0 |
|              Time |        2.38e+03 |
---------------------------------------
Warning: trajectory cut off by epoch at 143 steps.
[32;1mAccepting new params at step 0 of line search.[0m
---------------------------------------
|             Epoch |              34 |
|      AverageEpRet |             992 |
|          StdEpRet |            58.8 |
|          MaxEpRet |        1.03e+03 |
|          MinEpRet |             890 |
|             EpLen |             964 |
|      AverageVVals |            91.7 |
|          StdVVals |            4.44 |
|          MaxVVals |             102 |
|          MinVVals |            87.6 |
| TotalEnvInteracts |         1.4e+05 |
|            LossPi |       -4.19e-09 |
|             LossV |             405 |
|       DeltaLossPi |         -0.0138 |
|        DeltaLossV |           -14.1 |
|                KL |         0.00932 |
|    BacktrackIters |               0 |
|              Time |        2.44e+03 |
---------------------------------------
[32;1mAccepting new params at step 0 of line search.[0m
---------------------------------------
|             Epoch |              35 |
|      AverageEpRet |        1.03e+03 |
|          StdEpRet |            2.23 |
|          MaxEpRet |        1.03e+03 |
|          MinEpRet |        1.03e+03 |
|             EpLen |           1e+03 |
|      AverageVVals |            90.9 |
|          StdVVals |             3.8 |
|          MaxVVals |             104 |
|          MinVVals |            89.2 |
| TotalEnvInteracts |        1.44e+05 |
|            LossPi |        9.66e-09 |
|             LossV |             392 |
|       DeltaLossPi |         -0.0098 |
|        DeltaLossV |           -5.18 |
|                KL |         0.00842 |
|    BacktrackIters |               0 |
|              Time |        2.52e+03 |
---------------------------------------
Warning: trajectory cut off by epoch at 695 steps.
[32;1mAccepting new params at step 0 of line search.[0m
---------------------------------------
|             Epoch |              36 |
|      AverageEpRet |             857 |
|          StdEpRet |             300 |
|          MaxEpRet |        1.03e+03 |
|          MinEpRet |             338 |
|             EpLen |             826 |
|      AverageVVals |            91.8 |
|          StdVVals |            4.57 |
|          MaxVVals |             104 |
|          MinVVals |            89.2 |
| TotalEnvInteracts |        1.48e+05 |
|            LossPi |       -7.45e-09 |
|             LossV |             374 |
|       DeltaLossPi |         -0.0133 |
|        DeltaLossV |           -3.36 |
|                KL |         0.00831 |
|    BacktrackIters |               0 |
|              Time |        2.59e+03 |
---------------------------------------
Warning: trajectory cut off by epoch at 625 steps.
[32;1mAccepting new params at step 0 of line search.[0m
---------------------------------------
|             Epoch |              37 |
|      AverageEpRet |             874 |
|          StdEpRet |             268 |
|          MaxEpRet |        1.03e+03 |
|          MinEpRet |             410 |
|             EpLen |             844 |
|      AverageVVals |            92.5 |
|          StdVVals |            4.77 |
|          MaxVVals |             104 |
|          MinVVals |            89.4 |
| TotalEnvInteracts |        1.52e+05 |
|            LossPi |        9.78e-09 |
|             LossV |             377 |
|       DeltaLossPi |         -0.0123 |
|        DeltaLossV |           -15.5 |
|                KL |         0.00803 |
|    BacktrackIters |               0 |
|              Time |        2.66e+03 |
---------------------------------------
Warning: trajectory cut off by epoch at 261 steps.
Warning: trajectory cut off by epoch at 176 steps.
[32;1mAccepting new params at step 0 of line search.[0m
---------------------------------------
|             Epoch |              38 |
|      AverageEpRet |             924 |
|          StdEpRet |             112 |
|          MaxEpRet |        1.03e+03 |
|          MinEpRet |             774 |
|             EpLen |             891 |
|      AverageVVals |            92.4 |
|          StdVVals |            5.18 |
|          MaxVVals |             102 |
|          MinVVals |            86.2 |
| TotalEnvInteracts |        1.56e+05 |
|            LossPi |       -5.12e-09 |
|             LossV |             363 |
|       DeltaLossPi |         -0.0181 |
|        DeltaLossV |           -19.2 |
|                KL |         0.00733 |
|    BacktrackIters |               0 |
|              Time |        2.73e+03 |
---------------------------------------
[32;1mAccepting new params at step 0 of line search.[0m
---------------------------------------
|             Epoch |              39 |
|      AverageEpRet |        1.03e+03 |
|          StdEpRet |            3.13 |
|          MaxEpRet |        1.03e+03 |
|          MinEpRet |        1.03e+03 |
|             EpLen |           1e+03 |
|      AverageVVals |            91.6 |
|          StdVVals |            6.13 |
|          MaxVVals |             103 |
|          MinVVals |            81.4 |
| TotalEnvInteracts |         1.6e+05 |
|            LossPi |       -2.79e-09 |
|             LossV |             365 |
|       DeltaLossPi |         -0.0123 |
|        DeltaLossV |           -19.9 |
|                KL |         0.00847 |
|    BacktrackIters |               0 |
|              Time |         2.8e+03 |
---------------------------------------
Warning: trajectory cut off by epoch at 118 steps.
Warning: trajectory cut off by epoch at 299 steps.
[32;1mAccepting new params at step 0 of line search.[0m
---------------------------------------
|             Epoch |              40 |
|      AverageEpRet |             928 |
|          StdEpRet |             122 |
|          MaxEpRet |        1.03e+03 |
|          MinEpRet |             732 |
|             EpLen |             896 |
|      AverageVVals |            92.5 |
|          StdVVals |            7.49 |
|          MaxVVals |             103 |
|          MinVVals |            77.8 |
| TotalEnvInteracts |        1.64e+05 |
|            LossPi |        9.31e-09 |
|             LossV |             387 |
|       DeltaLossPi |         -0.0151 |
|        DeltaLossV |           -47.5 |
|                KL |         0.00823 |
|    BacktrackIters |               0 |
|              Time |        2.88e+03 |
---------------------------------------
[32;1mAccepting new params at step 0 of line search.[0m
---------------------------------------
|             Epoch |              41 |
|      AverageEpRet |        1.03e+03 |
|          StdEpRet |            2.45 |
|          MaxEpRet |        1.03e+03 |
|          MinEpRet |        1.03e+03 |
|             EpLen |           1e+03 |
|      AverageVVals |            89.9 |
|          StdVVals |             6.9 |
|          MaxVVals |             104 |
|          MinVVals |            75.4 |
| TotalEnvInteracts |        1.68e+05 |
|            LossPi |        1.86e-09 |
|             LossV |             340 |
|       DeltaLossPi |         -0.0144 |
|        DeltaLossV |             -32 |
|                KL |         0.00924 |
|    BacktrackIters |               0 |
|              Time |        2.96e+03 |
---------------------------------------
[32;1mAccepting new params at step 0 of line search.[0m
---------------------------------------
|             Epoch |              42 |
|      AverageEpRet |        1.03e+03 |
|          StdEpRet |            2.72 |
|          MaxEpRet |        1.03e+03 |
|          MinEpRet |        1.02e+03 |
|             EpLen |           1e+03 |
|      AverageVVals |            94.9 |
|          StdVVals |            6.18 |
|          MaxVVals |             104 |
|          MinVVals |              74 |
| TotalEnvInteracts |        1.72e+05 |
|            LossPi |       -3.73e-09 |
|             LossV |             355 |
|       DeltaLossPi |         -0.0121 |
|        DeltaLossV |           -33.9 |
|                KL |          0.0082 |
|    BacktrackIters |               0 |
|              Time |        3.04e+03 |
---------------------------------------
[32;1mAccepting new params at step 0 of line search.[0m
---------------------------------------
|             Epoch |              43 |
|      AverageEpRet |        1.02e+03 |
|          StdEpRet |            2.02 |
|          MaxEpRet |        1.03e+03 |
|          MinEpRet |        1.02e+03 |
|             EpLen |           1e+03 |
|      AverageVVals |            90.5 |
|          StdVVals |            9.77 |
|          MaxVVals |             105 |
|          MinVVals |            64.2 |
| TotalEnvInteracts |        1.76e+05 |
|            LossPi |        9.55e-09 |
|             LossV |             451 |
|       DeltaLossPi |         -0.0142 |
|        DeltaLossV |           -60.9 |
|                KL |         0.00858 |
|    BacktrackIters |               0 |
|              Time |        3.12e+03 |
---------------------------------------
Warning: trajectory cut off by epoch at 504 steps.
[32;1mAccepting new params at step 0 of line search.[0m
---------------------------------------
|             Epoch |              44 |
|      AverageEpRet |             906 |
|          StdEpRet |             213 |
|          MaxEpRet |        1.03e+03 |
|          MinEpRet |             538 |
|             EpLen |             874 |
|      AverageVVals |            91.7 |
|          StdVVals |            5.74 |
|          MaxVVals |             105 |
|          MinVVals |            72.9 |
| TotalEnvInteracts |         1.8e+05 |
|            LossPi |        9.31e-09 |
|             LossV |             380 |
|       DeltaLossPi |         -0.0113 |
|        DeltaLossV |           -6.93 |
|                KL |         0.00783 |
|    BacktrackIters |               0 |
|              Time |        3.19e+03 |
---------------------------------------
[32;1mAccepting new params at step 0 of line search.[0m
---------------------------------------
|             Epoch |              45 |
|      AverageEpRet |        1.03e+03 |
|          StdEpRet |            4.19 |
|          MaxEpRet |        1.03e+03 |
|          MinEpRet |        1.02e+03 |
|             EpLen |           1e+03 |
|      AverageVVals |            93.9 |
|          StdVVals |            5.83 |
|          MaxVVals |             106 |
|          MinVVals |            78.9 |
| TotalEnvInteracts |        1.84e+05 |
|            LossPi |       -9.31e-09 |
|             LossV |             351 |
|       DeltaLossPi |         -0.0118 |
|        DeltaLossV |           -44.1 |
|                KL |         0.00919 |
|    BacktrackIters |               0 |
|              Time |        3.26e+03 |
---------------------------------------
[32;1mAccepting new params at step 0 of line search.[0m
---------------------------------------
|             Epoch |              46 |
|      AverageEpRet |        1.03e+03 |
|          StdEpRet |            3.49 |
|          MaxEpRet |        1.03e+03 |
|          MinEpRet |        1.02e+03 |
|             EpLen |           1e+03 |
|      AverageVVals |            91.5 |
|          StdVVals |            8.88 |
|          MaxVVals |             106 |
|          MinVVals |            65.4 |
| TotalEnvInteracts |        1.88e+05 |
|            LossPi |        -1.4e-09 |
|             LossV |             355 |
|       DeltaLossPi |          -0.015 |
|        DeltaLossV |           -22.2 |
|                KL |         0.00905 |
|    BacktrackIters |               0 |
|              Time |        3.32e+03 |
---------------------------------------
[32;1mAccepting new params at step 0 of line search.[0m
---------------------------------------
|             Epoch |              47 |
|      AverageEpRet |        1.03e+03 |
|          StdEpRet |            1.72 |
|          MaxEpRet |        1.03e+03 |
|          MinEpRet |        1.02e+03 |
|             EpLen |           1e+03 |
|      AverageVVals |            92.9 |
|          StdVVals |            8.06 |
|          MaxVVals |             107 |
|          MinVVals |            56.1 |
| TotalEnvInteracts |        1.92e+05 |
|            LossPi |        2.89e-08 |
|             LossV |             430 |
|       DeltaLossPi |         -0.0154 |
|        DeltaLossV |           -41.7 |
|                KL |         0.00849 |
|    BacktrackIters |               0 |
|              Time |        3.39e+03 |
---------------------------------------
Warning: trajectory cut off by epoch at 396 steps.
[32;1mAccepting new params at step 0 of line search.[0m
---------------------------------------
|             Epoch |              48 |
|      AverageEpRet |             929 |
|          StdEpRet |             164 |
|          MaxEpRet |        1.03e+03 |
|          MinEpRet |             644 |
|             EpLen |             901 |
|      AverageVVals |            92.9 |
|          StdVVals |            5.15 |
|          MaxVVals |             107 |
|          MinVVals |            68.9 |
| TotalEnvInteracts |        1.96e+05 |
|            LossPi |        2.79e-09 |
|             LossV |             366 |
|       DeltaLossPi |         -0.0116 |
|        DeltaLossV |           -20.9 |
|                KL |         0.00866 |
|    BacktrackIters |               0 |
|              Time |        3.46e+03 |
---------------------------------------
[32;1mAccepting new params at step 0 of line search.[0m
---------------------------------------
|             Epoch |              49 |
|      AverageEpRet |        1.03e+03 |
|          StdEpRet |            5.34 |
|          MaxEpRet |        1.04e+03 |
|          MinEpRet |        1.02e+03 |
|             EpLen |           1e+03 |
|      AverageVVals |              90 |
|          StdVVals |            6.16 |
|          MaxVVals |             108 |
|          MinVVals |            63.7 |
| TotalEnvInteracts |           2e+05 |
|            LossPi |               0 |
|             LossV |             387 |
|       DeltaLossPi |         -0.0114 |
|        DeltaLossV |           -18.9 |
|                KL |         0.00861 |
|    BacktrackIters |               0 |
|              Time |        3.53e+03 |
---------------------------------------
