--------------------------------------------------------------------------
[[24125,1],0]: A high-performance Open MPI point-to-point messaging module
was unable to find any relevant network interfaces:

Module: OpenFabrics (openib)
  Host: GCRAZGDL0429

Another transport will be used instead, although this may result in
lower performance.

NOTE: You can disable this warning by setting the MCA parameter
btl_base_warn_component_unused to 0.
--------------------------------------------------------------------------
2022-04-15 04:17:55.637396: I tensorflow/core/platform/cpu_feature_guard.cc:142] Your CPU supports instructions that this TensorFlow binary was not compiled to use: AVX2 FMA
2022-04-15 04:17:55.642972: I tensorflow/core/platform/profile_utils/cpu_utils.cc:94] CPU Frequency: 2593990000 Hz
2022-04-15 04:17:55.643821: I tensorflow/compiler/xla/service/service.cc:168] XLA service 0x55fa7b1c5d80 initialized for platform Host (this does not guarantee that XLA will be used). Devices:
2022-04-15 04:17:55.643849: I tensorflow/compiler/xla/service/service.cc:176]   StreamExecutor device (0): Host, Default Version
Warning: Log dir exp/wtrpo_Walker2d-v3/wtrpo_Walker2d-v3_s3 already exists! Storing info there anyway.
[32;1mLogging data to exp/wtrpo_Walker2d-v3/wtrpo_Walker2d-v3_s3/progress.txt[0m
[36;1mSaving config:
[0m
{
    "ac_kwargs":	{
        "hidden_sizes":	[
            64,
            64
        ]
    },
    "actor_critic":	"mlp_actor_critic",
    "algo":	"trpo",
    "backtrack_coeff":	0.8,
    "backtrack_iters":	10,
    "cg_iters":	10,
    "damping_coeff":	0.1,
    "delta":	0.01,
    "env_fn":	"<function <lambda> at 0x7ff7d94ee290>",
    "epochs":	50,
    "exp_name":	"wtrpo_Walker2d-v3",
    "gamma":	0.99,
    "lam":	0.97,
    "logger":	{
        "<spinup.utils.logx.EpochLogger object at 0x7ff7d950aa50>":	{
            "epoch_dict":	{},
            "exp_name":	"wtrpo_Walker2d-v3",
            "first_row":	true,
            "log_current_row":	{},
            "log_headers":	[],
            "output_dir":	"exp/wtrpo_Walker2d-v3/wtrpo_Walker2d-v3_s3",
            "output_file":	{
                "<_io.TextIOWrapper name='exp/wtrpo_Walker2d-v3/wtrpo_Walker2d-v3_s3/progress.txt' mode='w' encoding='UTF-8'>":	{
                    "mode":	"w"
                }
            }
        }
    },
    "logger_kwargs":	{
        "exp_name":	"wtrpo_Walker2d-v3",
        "output_dir":	"exp/wtrpo_Walker2d-v3/wtrpo_Walker2d-v3_s3"
    },
    "max_ep_len":	1000,
    "save_freq":	10,
    "seed":	3,
    "steps_per_epoch":	4000,
    "train_v_iters":	80,
    "vf_lr":	0.001
}
[32;1m
Number of parameters: 	 pi: 5708, 	 v: 5377
[0m
Warning: trajectory cut off by epoch at 11 steps.
[32;1mLine search failed! Keeping old params.[0m
---------------------------------------
|             Epoch |               0 |
|      AverageEpRet |           -4.07 |
|          StdEpRet |            2.48 |
|          MaxEpRet |            4.52 |
|          MinEpRet |           -12.3 |
|             EpLen |            10.2 |
|      AverageVVals |           0.311 |
|          StdVVals |           0.409 |
|          MaxVVals |            1.43 |
|          MinVVals |           -1.21 |
| TotalEnvInteracts |           4e+03 |
|            LossPi |        1.26e-07 |
|             LossV |            26.8 |
|       DeltaLossPi |               0 |
|        DeltaLossV |           -21.5 |
|                KL |        5.82e+04 |
|    BacktrackIters |               9 |
|              Time |            5.48 |
---------------------------------------
Warning: trajectory cut off by epoch at 2 steps.
[32;1mLine search failed! Keeping old params.[0m
---------------------------------------
|             Epoch |               1 |
|      AverageEpRet |           -4.26 |
|          StdEpRet |            2.38 |
|          MaxEpRet |           0.402 |
|          MinEpRet |           -14.4 |
|             EpLen |            10.3 |
|      AverageVVals |           -3.86 |
|          StdVVals |             1.4 |
|          MaxVVals |            3.52 |
|          MinVVals |           -7.23 |
| TotalEnvInteracts |           8e+03 |
|            LossPi |       -9.06e-09 |
|             LossV |            5.04 |
|       DeltaLossPi |       -1.43e-09 |
|        DeltaLossV |           -1.97 |
|                KL |        5.82e+04 |
|    BacktrackIters |               9 |
|              Time |              11 |
---------------------------------------
Warning: trajectory cut off by epoch at 8 steps.
[32;1mLine search failed! Keeping old params.[0m
---------------------------------------
|             Epoch |               2 |
|      AverageEpRet |              -4 |
|          StdEpRet |            2.16 |
|          MaxEpRet |            1.48 |
|          MinEpRet |           -11.8 |
|             EpLen |            10.1 |
|      AverageVVals |           -4.29 |
|          StdVVals |            1.86 |
|          MaxVVals |            3.28 |
|          MinVVals |           -8.34 |
| TotalEnvInteracts |         1.2e+04 |
|            LossPi |       -5.01e-09 |
|             LossV |            3.33 |
|       DeltaLossPi |       -9.54e-10 |
|        DeltaLossV |           -0.69 |
|                KL |        5.82e+04 |
|    BacktrackIters |               9 |
|              Time |            16.1 |
---------------------------------------
Warning: trajectory cut off by epoch at 12 steps.
[32;1mLine search failed! Keeping old params.[0m
---------------------------------------
|             Epoch |               3 |
|      AverageEpRet |           -4.24 |
|          StdEpRet |             2.8 |
|          MaxEpRet |               5 |
|          MinEpRet |           -13.8 |
|             EpLen |            10.5 |
|      AverageVVals |           -4.21 |
|          StdVVals |            1.83 |
|          MaxVVals |             2.1 |
|          MinVVals |           -8.45 |
| TotalEnvInteracts |         1.6e+04 |
|            LossPi |        4.89e-09 |
|             LossV |            4.37 |
|       DeltaLossPi |       -8.34e-10 |
|        DeltaLossV |          -0.719 |
|                KL |        5.82e+04 |
|    BacktrackIters |               9 |
|              Time |            21.1 |
---------------------------------------
[32;1mLine search failed! Keeping old params.[0m
---------------------------------------
|             Epoch |               4 |
|      AverageEpRet |           -4.47 |
|          StdEpRet |            2.68 |
|          MaxEpRet |            2.52 |
|          MinEpRet |           -12.7 |
|             EpLen |            10.6 |
|      AverageVVals |           -4.43 |
|          StdVVals |            2.13 |
|          MaxVVals |            2.75 |
|          MinVVals |           -9.39 |
| TotalEnvInteracts |           2e+04 |
|            LossPi |       -1.65e-08 |
|             LossV |             3.3 |
|       DeltaLossPi |        4.77e-10 |
|        DeltaLossV |          -0.305 |
|                KL |        5.82e+04 |
|    BacktrackIters |               9 |
|              Time |              26 |
---------------------------------------
Warning: trajectory cut off by epoch at 3 steps.
[32;1mLine search failed! Keeping old params.[0m
---------------------------------------
|             Epoch |               5 |
|      AverageEpRet |           -4.02 |
|          StdEpRet |            2.51 |
|          MaxEpRet |            3.08 |
|          MinEpRet |           -15.2 |
|             EpLen |            10.4 |
|      AverageVVals |           -4.43 |
|          StdVVals |            2.09 |
|          MaxVVals |            2.03 |
|          MinVVals |           -10.1 |
| TotalEnvInteracts |         2.4e+04 |
|            LossPi |         2.1e-08 |
|             LossV |               3 |
|       DeltaLossPi |        9.54e-10 |
|        DeltaLossV |          -0.331 |
|                KL |        5.82e+04 |
|    BacktrackIters |               9 |
|              Time |            30.7 |
---------------------------------------
Warning: trajectory cut off by epoch at 3 steps.
[32;1mLine search failed! Keeping old params.[0m
---------------------------------------
|             Epoch |               6 |
|      AverageEpRet |           -4.14 |
|          StdEpRet |            2.52 |
|          MaxEpRet |            2.27 |
|          MinEpRet |           -12.6 |
|             EpLen |            10.3 |
|      AverageVVals |           -4.23 |
|          StdVVals |            2.06 |
|          MaxVVals |            1.77 |
|          MinVVals |           -11.1 |
| TotalEnvInteracts |         2.8e+04 |
|            LossPi |       -2.38e-09 |
|             LossV |            3.11 |
|       DeltaLossPi |               0 |
|        DeltaLossV |          -0.378 |
|                KL |        5.82e+04 |
|    BacktrackIters |               9 |
|              Time |            35.5 |
---------------------------------------
Warning: trajectory cut off by epoch at 10 steps.
[32;1mLine search failed! Keeping old params.[0m
---------------------------------------
|             Epoch |               7 |
|      AverageEpRet |              -4 |
|          StdEpRet |            2.44 |
|          MaxEpRet |            3.32 |
|          MinEpRet |           -12.5 |
|             EpLen |            10.3 |
|      AverageVVals |           -4.39 |
|          StdVVals |            2.12 |
|          MaxVVals |            1.99 |
|          MinVVals |           -11.4 |
| TotalEnvInteracts |         3.2e+04 |
|            LossPi |       -8.46e-09 |
|             LossV |            2.63 |
|       DeltaLossPi |               0 |
|        DeltaLossV |          -0.311 |
|                KL |        5.82e+04 |
|    BacktrackIters |               9 |
|              Time |            40.4 |
---------------------------------------
Warning: trajectory cut off by epoch at 5 steps.
[32;1mLine search failed! Keeping old params.[0m
---------------------------------------
|             Epoch |               8 |
|      AverageEpRet |           -4.19 |
|          StdEpRet |            2.49 |
|          MaxEpRet |            1.31 |
|          MinEpRet |           -13.8 |
|             EpLen |            10.4 |
|      AverageVVals |           -4.29 |
|          StdVVals |            2.11 |
|          MaxVVals |            1.79 |
|          MinVVals |           -10.4 |
| TotalEnvInteracts |         3.6e+04 |
|            LossPi |       -2.55e-08 |
|             LossV |             2.4 |
|       DeltaLossPi |       -9.54e-10 |
|        DeltaLossV |          -0.188 |
|                KL |        5.82e+04 |
|    BacktrackIters |               9 |
|              Time |            45.2 |
---------------------------------------
Warning: trajectory cut off by epoch at 1 steps.
[32;1mLine search failed! Keeping old params.[0m
---------------------------------------
|             Epoch |               9 |
|      AverageEpRet |           -4.21 |
|          StdEpRet |            2.51 |
|          MaxEpRet |            1.93 |
|          MinEpRet |             -15 |
|             EpLen |            10.6 |
|      AverageVVals |           -4.27 |
|          StdVVals |            2.08 |
|          MaxVVals |             2.1 |
|          MinVVals |           -11.5 |
| TotalEnvInteracts |           4e+04 |
|            LossPi |        1.78e-08 |
|             LossV |            3.12 |
|       DeltaLossPi |               0 |
|        DeltaLossV |          -0.444 |
|                KL |        5.82e+04 |
|    BacktrackIters |               9 |
|              Time |              51 |
---------------------------------------
Warning: trajectory cut off by epoch at 2 steps.
[32;1mLine search failed! Keeping old params.[0m
---------------------------------------
|             Epoch |              10 |
|      AverageEpRet |           -4.22 |
|          StdEpRet |            2.76 |
|          MaxEpRet |            4.55 |
|          MinEpRet |           -14.9 |
|             EpLen |            10.5 |
|      AverageVVals |           -4.37 |
|          StdVVals |             2.2 |
|          MaxVVals |            1.55 |
|          MinVVals |           -11.8 |
| TotalEnvInteracts |         4.4e+04 |
|            LossPi |        1.67e-08 |
|             LossV |            3.33 |
|       DeltaLossPi |        9.54e-10 |
|        DeltaLossV |          -0.438 |
|                KL |        5.82e+04 |
|    BacktrackIters |               9 |
|              Time |            59.3 |
---------------------------------------
Warning: trajectory cut off by epoch at 10 steps.
[32;1mLine search failed! Keeping old params.[0m
---------------------------------------
|             Epoch |              11 |
|      AverageEpRet |           -4.17 |
|          StdEpRet |            2.45 |
|          MaxEpRet |            1.72 |
|          MinEpRet |           -11.4 |
|             EpLen |            10.4 |
|      AverageVVals |           -4.38 |
|          StdVVals |             2.2 |
|          MaxVVals |            1.61 |
|          MinVVals |           -11.5 |
| TotalEnvInteracts |         4.8e+04 |
|            LossPi |       -8.82e-09 |
|             LossV |            2.54 |
|       DeltaLossPi |       -2.38e-10 |
|        DeltaLossV |          -0.308 |
|                KL |        5.82e+04 |
|    BacktrackIters |               9 |
|              Time |            68.7 |
---------------------------------------
Warning: trajectory cut off by epoch at 7 steps.
[32;1mLine search failed! Keeping old params.[0m
---------------------------------------
|             Epoch |              12 |
|      AverageEpRet |            -3.9 |
|          StdEpRet |            2.24 |
|          MaxEpRet |            2.43 |
|          MinEpRet |           -11.1 |
|             EpLen |            10.3 |
|      AverageVVals |           -4.28 |
|          StdVVals |            2.05 |
|          MaxVVals |            1.53 |
|          MinVVals |           -11.1 |
| TotalEnvInteracts |         5.2e+04 |
|            LossPi |        7.15e-09 |
|             LossV |             2.4 |
|       DeltaLossPi |        2.38e-10 |
|        DeltaLossV |          -0.256 |
|                KL |        5.82e+04 |
|    BacktrackIters |               9 |
|              Time |            78.6 |
---------------------------------------
Warning: trajectory cut off by epoch at 3 steps.
[32;1mLine search failed! Keeping old params.[0m
---------------------------------------
|             Epoch |              13 |
|      AverageEpRet |           -4.03 |
|          StdEpRet |             2.4 |
|          MaxEpRet |            2.85 |
|          MinEpRet |           -13.6 |
|             EpLen |            10.4 |
|      AverageVVals |           -4.29 |
|          StdVVals |            2.14 |
|          MaxVVals |            1.55 |
|          MinVVals |           -13.3 |
| TotalEnvInteracts |         5.6e+04 |
|            LossPi |        2.57e-08 |
|             LossV |            2.59 |
|       DeltaLossPi |        4.77e-10 |
|        DeltaLossV |          -0.298 |
|                KL |        5.82e+04 |
|    BacktrackIters |               9 |
|              Time |            87.2 |
---------------------------------------
[32;1mLine search failed! Keeping old params.[0m
---------------------------------------
|             Epoch |              14 |
|      AverageEpRet |           -4.28 |
|          StdEpRet |            2.57 |
|          MaxEpRet |            2.33 |
|          MinEpRet |           -11.3 |
|             EpLen |            10.4 |
|      AverageVVals |           -4.31 |
|          StdVVals |            2.13 |
|          MaxVVals |            1.71 |
|          MinVVals |           -12.4 |
| TotalEnvInteracts |           6e+04 |
|            LossPi |       -3.81e-09 |
|             LossV |            2.45 |
|       DeltaLossPi |        9.54e-10 |
|        DeltaLossV |          -0.265 |
|                KL |        5.82e+04 |
|    BacktrackIters |               9 |
|              Time |              95 |
---------------------------------------
Warning: trajectory cut off by epoch at 3 steps.
[32;1mLine search failed! Keeping old params.[0m
---------------------------------------
|             Epoch |              15 |
|      AverageEpRet |           -4.19 |
|          StdEpRet |            2.52 |
|          MaxEpRet |            3.28 |
|          MinEpRet |           -13.3 |
|             EpLen |            10.6 |
|      AverageVVals |           -4.39 |
|          StdVVals |            2.18 |
|          MaxVVals |            1.25 |
|          MinVVals |           -12.5 |
| TotalEnvInteracts |         6.4e+04 |
|            LossPi |       -2.38e-10 |
|             LossV |            2.51 |
|       DeltaLossPi |       -4.77e-10 |
|        DeltaLossV |          -0.267 |
|                KL |        5.82e+04 |
|    BacktrackIters |               9 |
|              Time |             104 |
---------------------------------------
Warning: trajectory cut off by epoch at 2 steps.
[32;1mLine search failed! Keeping old params.[0m
---------------------------------------
|             Epoch |              16 |
|      AverageEpRet |           -4.37 |
|          StdEpRet |            2.67 |
|          MaxEpRet |            2.61 |
|          MinEpRet |           -14.4 |
|             EpLen |            10.6 |
|      AverageVVals |           -4.37 |
|          StdVVals |            2.23 |
|          MaxVVals |            1.07 |
|          MinVVals |           -12.3 |
| TotalEnvInteracts |         6.8e+04 |
|            LossPi |       -1.69e-08 |
|             LossV |            3.05 |
|       DeltaLossPi |               0 |
|        DeltaLossV |          -0.367 |
|                KL |        5.82e+04 |
|    BacktrackIters |               9 |
|              Time |             113 |
---------------------------------------
Warning: trajectory cut off by epoch at 7 steps.
[32;1mLine search failed! Keeping old params.[0m
---------------------------------------
|             Epoch |              17 |
|      AverageEpRet |           -4.06 |
|          StdEpRet |            2.65 |
|          MaxEpRet |            2.27 |
|          MinEpRet |           -13.7 |
|             EpLen |            10.4 |
|      AverageVVals |            -4.4 |
|          StdVVals |            2.13 |
|          MaxVVals |            1.24 |
|          MinVVals |           -11.2 |
| TotalEnvInteracts |         7.2e+04 |
|            LossPi |       -1.24e-08 |
|             LossV |            3.09 |
|       DeltaLossPi |        9.54e-10 |
|        DeltaLossV |          -0.393 |
|                KL |        5.82e+04 |
|    BacktrackIters |               9 |
|              Time |             121 |
---------------------------------------
Warning: trajectory cut off by epoch at 6 steps.
[32;1mLine search failed! Keeping old params.[0m
---------------------------------------
|             Epoch |              18 |
|      AverageEpRet |            -4.2 |
|          StdEpRet |             2.7 |
|          MaxEpRet |            3.61 |
|          MinEpRet |           -12.7 |
|             EpLen |            10.4 |
|      AverageVVals |           -4.37 |
|          StdVVals |            2.15 |
|          MaxVVals |            1.61 |
|          MinVVals |           -11.9 |
| TotalEnvInteracts |         7.6e+04 |
|            LossPi |        7.87e-09 |
|             LossV |            3.13 |
|       DeltaLossPi |       -9.54e-10 |
|        DeltaLossV |          -0.437 |
|                KL |        5.82e+04 |
|    BacktrackIters |               9 |
|              Time |             130 |
---------------------------------------
Warning: trajectory cut off by epoch at 1 steps.
[32;1mLine search failed! Keeping old params.[0m
---------------------------------------
|             Epoch |              19 |
|      AverageEpRet |            -4.1 |
|          StdEpRet |            2.37 |
|          MaxEpRet |            1.73 |
|          MinEpRet |             -13 |
|             EpLen |            10.3 |
|      AverageVVals |           -4.34 |
|          StdVVals |            2.24 |
|          MaxVVals |             1.5 |
|          MinVVals |           -12.4 |
| TotalEnvInteracts |           8e+04 |
|            LossPi |       -2.78e-08 |
|             LossV |            2.48 |
|       DeltaLossPi |       -5.96e-10 |
|        DeltaLossV |          -0.435 |
|                KL |        5.82e+04 |
|    BacktrackIters |               9 |
|              Time |             139 |
---------------------------------------
[32;1mLine search failed! Keeping old params.[0m
---------------------------------------
|             Epoch |              20 |
|      AverageEpRet |            -4.1 |
|          StdEpRet |            2.49 |
|          MaxEpRet |            3.16 |
|          MinEpRet |           -13.9 |
|             EpLen |            10.4 |
|      AverageVVals |           -4.33 |
|          StdVVals |            2.16 |
|          MaxVVals |            1.12 |
|          MinVVals |           -13.4 |
| TotalEnvInteracts |         8.4e+04 |
|            LossPi |        1.51e-08 |
|             LossV |            2.86 |
|       DeltaLossPi |               0 |
|        DeltaLossV |          -0.388 |
|                KL |        5.82e+04 |
|    BacktrackIters |               9 |
|              Time |             149 |
---------------------------------------
Warning: trajectory cut off by epoch at 2 steps.
[32;1mLine search failed! Keeping old params.[0m
---------------------------------------
|             Epoch |              21 |
|      AverageEpRet |           -4.23 |
|          StdEpRet |            2.51 |
|          MaxEpRet |           0.697 |
|          MinEpRet |           -11.8 |
|             EpLen |            10.5 |
|      AverageVVals |           -4.33 |
|          StdVVals |            2.17 |
|          MaxVVals |            1.42 |
|          MinVVals |             -12 |
| TotalEnvInteracts |         8.8e+04 |
|            LossPi |       -4.72e-08 |
|             LossV |            2.54 |
|       DeltaLossPi |        9.54e-10 |
|        DeltaLossV |          -0.312 |
|                KL |        5.82e+04 |
|    BacktrackIters |               9 |
|              Time |             159 |
---------------------------------------
Warning: trajectory cut off by epoch at 6 steps.
[32;1mLine search failed! Keeping old params.[0m
---------------------------------------
|             Epoch |              22 |
|      AverageEpRet |           -4.37 |
|          StdEpRet |             2.6 |
|          MaxEpRet |            2.64 |
|          MinEpRet |           -16.3 |
|             EpLen |            10.5 |
|      AverageVVals |           -4.36 |
|          StdVVals |            2.21 |
|          MaxVVals |            4.52 |
|          MinVVals |           -12.1 |
| TotalEnvInteracts |         9.2e+04 |
|            LossPi |       -8.46e-09 |
|             LossV |            2.83 |
|       DeltaLossPi |       -4.77e-10 |
|        DeltaLossV |          -0.344 |
|                KL |        5.82e+04 |
|    BacktrackIters |               9 |
|              Time |             168 |
---------------------------------------
Warning: trajectory cut off by epoch at 5 steps.
[32;1mLine search failed! Keeping old params.[0m
---------------------------------------
|             Epoch |              23 |
|      AverageEpRet |           -4.38 |
|          StdEpRet |            2.49 |
|          MaxEpRet |            1.14 |
|          MinEpRet |           -13.1 |
|             EpLen |            10.4 |
|      AverageVVals |           -4.44 |
|          StdVVals |            2.25 |
|          MaxVVals |            1.83 |
|          MinVVals |           -12.4 |
| TotalEnvInteracts |         9.6e+04 |
|            LossPi |       -2.03e-08 |
|             LossV |            2.93 |
|       DeltaLossPi |       -9.54e-10 |
|        DeltaLossV |          -0.478 |
|                KL |        5.82e+04 |
|    BacktrackIters |               9 |
|              Time |             176 |
---------------------------------------
Warning: trajectory cut off by epoch at 6 steps.
[32;1mLine search failed! Keeping old params.[0m
---------------------------------------
|             Epoch |              24 |
|      AverageEpRet |           -4.07 |
|          StdEpRet |            2.46 |
|          MaxEpRet |            2.34 |
|          MinEpRet |           -11.9 |
|             EpLen |            10.4 |
|      AverageVVals |           -4.52 |
|          StdVVals |            2.28 |
|          MaxVVals |            1.29 |
|          MinVVals |           -14.2 |
| TotalEnvInteracts |           1e+05 |
|            LossPi |       -2.86e-08 |
|             LossV |            2.82 |
|       DeltaLossPi |       -1.91e-09 |
|        DeltaLossV |          -0.654 |
|                KL |        5.82e+04 |
|    BacktrackIters |               9 |
|              Time |             184 |
---------------------------------------
Warning: trajectory cut off by epoch at 5 steps.
[32;1mLine search failed! Keeping old params.[0m
---------------------------------------
|             Epoch |              25 |
|      AverageEpRet |           -4.22 |
|          StdEpRet |            2.46 |
|          MaxEpRet |            1.36 |
|          MinEpRet |           -13.1 |
|             EpLen |            10.5 |
|      AverageVVals |           -4.27 |
|          StdVVals |            2.11 |
|          MaxVVals |            1.13 |
|          MinVVals |           -10.9 |
| TotalEnvInteracts |        1.04e+05 |
|            LossPi |       -5.72e-09 |
|             LossV |            2.57 |
|       DeltaLossPi |        2.38e-09 |
|        DeltaLossV |          -0.359 |
|                KL |        5.82e+04 |
|    BacktrackIters |               9 |
|              Time |             193 |
---------------------------------------
Warning: trajectory cut off by epoch at 1 steps.
[32;1mLine search failed! Keeping old params.[0m
---------------------------------------
|             Epoch |              26 |
|      AverageEpRet |           -4.19 |
|          StdEpRet |            2.47 |
|          MaxEpRet |            3.29 |
|          MinEpRet |           -14.6 |
|             EpLen |            10.2 |
|      AverageVVals |           -4.29 |
|          StdVVals |            2.11 |
|          MaxVVals |            1.42 |
|          MinVVals |           -10.1 |
| TotalEnvInteracts |        1.08e+05 |
|            LossPi |       -1.43e-09 |
|             LossV |            2.58 |
|       DeltaLossPi |               0 |
|        DeltaLossV |          -0.305 |
|                KL |        5.82e+04 |
|    BacktrackIters |               9 |
|              Time |             201 |
---------------------------------------
Warning: trajectory cut off by epoch at 9 steps.
[32;1mLine search failed! Keeping old params.[0m
---------------------------------------
|             Epoch |              27 |
|      AverageEpRet |           -4.33 |
|          StdEpRet |             2.6 |
|          MaxEpRet |            3.62 |
|          MinEpRet |           -13.6 |
|             EpLen |            10.4 |
|      AverageVVals |           -4.46 |
|          StdVVals |            2.24 |
|          MaxVVals |            1.31 |
|          MinVVals |           -12.1 |
| TotalEnvInteracts |        1.12e+05 |
|            LossPi |       -9.54e-09 |
|             LossV |             2.6 |
|       DeltaLossPi |               0 |
|        DeltaLossV |          -0.401 |
|                KL |        5.82e+04 |
|    BacktrackIters |               9 |
|              Time |             210 |
---------------------------------------
Warning: trajectory cut off by epoch at 8 steps.
[32;1mLine search failed! Keeping old params.[0m
---------------------------------------
|             Epoch |              28 |
|      AverageEpRet |           -3.96 |
|          StdEpRet |             2.4 |
|          MaxEpRet |            3.25 |
|          MinEpRet |           -11.1 |
|             EpLen |            10.2 |
|      AverageVVals |           -4.29 |
|          StdVVals |            2.17 |
|          MaxVVals |           0.918 |
|          MinVVals |           -12.3 |
| TotalEnvInteracts |        1.16e+05 |
|            LossPi |        9.54e-10 |
|             LossV |            2.36 |
|       DeltaLossPi |               0 |
|        DeltaLossV |           -0.44 |
|                KL |        5.82e+04 |
|    BacktrackIters |               9 |
|              Time |             218 |
---------------------------------------
Warning: trajectory cut off by epoch at 3 steps.
[32;1mLine search failed! Keeping old params.[0m
---------------------------------------
|             Epoch |              29 |
|      AverageEpRet |           -4.31 |
|          StdEpRet |            2.46 |
|          MaxEpRet |            2.58 |
|          MinEpRet |           -14.2 |
|             EpLen |            10.3 |
|      AverageVVals |           -4.19 |
|          StdVVals |             2.1 |
|          MaxVVals |               1 |
|          MinVVals |             -10 |
| TotalEnvInteracts |         1.2e+05 |
|            LossPi |       -2.34e-08 |
|             LossV |            2.58 |
|       DeltaLossPi |               0 |
|        DeltaLossV |          -0.424 |
|                KL |        5.82e+04 |
|    BacktrackIters |               9 |
|              Time |             227 |
---------------------------------------
Warning: trajectory cut off by epoch at 1 steps.
[32;1mLine search failed! Keeping old params.[0m
---------------------------------------
|             Epoch |              30 |
|      AverageEpRet |           -4.16 |
|          StdEpRet |            2.28 |
|          MaxEpRet |            1.54 |
|          MinEpRet |           -13.7 |
|             EpLen |            10.3 |
|      AverageVVals |           -4.36 |
|          StdVVals |            2.11 |
|          MaxVVals |            1.73 |
|          MinVVals |           -10.1 |
| TotalEnvInteracts |        1.24e+05 |
|            LossPi |       -9.54e-10 |
|             LossV |            2.15 |
|       DeltaLossPi |       -9.54e-10 |
|        DeltaLossV |          -0.324 |
|                KL |        5.82e+04 |
|    BacktrackIters |               9 |
|              Time |             238 |
---------------------------------------
Warning: trajectory cut off by epoch at 2 steps.
[32;1mLine search failed! Keeping old params.[0m
---------------------------------------
|             Epoch |              31 |
|      AverageEpRet |           -4.11 |
|          StdEpRet |            2.62 |
|          MaxEpRet |            5.05 |
|          MinEpRet |           -12.8 |
|             EpLen |            10.6 |
|      AverageVVals |           -4.37 |
|          StdVVals |            2.12 |
|          MaxVVals |            1.11 |
|          MinVVals |           -10.4 |
| TotalEnvInteracts |        1.28e+05 |
|            LossPi |       -6.32e-09 |
|             LossV |            2.89 |
|       DeltaLossPi |               0 |
|        DeltaLossV |          -0.415 |
|                KL |        5.82e+04 |
|    BacktrackIters |               9 |
|              Time |             247 |
---------------------------------------
[32;1mLine search failed! Keeping old params.[0m
---------------------------------------
|             Epoch |              32 |
|      AverageEpRet |           -4.15 |
|          StdEpRet |            2.56 |
|          MaxEpRet |            2.52 |
|          MinEpRet |             -12 |
|             EpLen |            10.5 |
|      AverageVVals |           -4.35 |
|          StdVVals |             2.2 |
|          MaxVVals |           0.796 |
|          MinVVals |           -11.8 |
| TotalEnvInteracts |        1.32e+05 |
|            LossPi |       -1.19e-09 |
|             LossV |            2.89 |
|       DeltaLossPi |        4.77e-10 |
|        DeltaLossV |          -0.472 |
|                KL |        5.82e+04 |
|    BacktrackIters |               9 |
|              Time |             257 |
---------------------------------------
Warning: trajectory cut off by epoch at 5 steps.
[32;1mLine search failed! Keeping old params.[0m
---------------------------------------
|             Epoch |              33 |
|      AverageEpRet |           -4.11 |
|          StdEpRet |            2.57 |
|          MaxEpRet |            2.49 |
|          MinEpRet |           -13.6 |
|             EpLen |            10.6 |
|      AverageVVals |           -4.37 |
|          StdVVals |            2.25 |
|          MaxVVals |            1.52 |
|          MinVVals |           -12.3 |
| TotalEnvInteracts |        1.36e+05 |
|            LossPi |               0 |
|             LossV |             2.8 |
|       DeltaLossPi |               0 |
|        DeltaLossV |          -0.499 |
|                KL |        5.82e+04 |
|    BacktrackIters |               9 |
|              Time |             266 |
---------------------------------------
Warning: trajectory cut off by epoch at 10 steps.
[32;1mLine search failed! Keeping old params.[0m
---------------------------------------
|             Epoch |              34 |
|      AverageEpRet |           -4.26 |
|          StdEpRet |            2.54 |
|          MaxEpRet |            1.47 |
|          MinEpRet |           -13.2 |
|             EpLen |            10.4 |
|      AverageVVals |            -4.3 |
|          StdVVals |            2.16 |
|          MaxVVals |            1.55 |
|          MinVVals |           -12.7 |
| TotalEnvInteracts |         1.4e+05 |
|            LossPi |       -1.06e-08 |
|             LossV |            2.68 |
|       DeltaLossPi |        4.77e-10 |
|        DeltaLossV |          -0.403 |
|                KL |        5.82e+04 |
|    BacktrackIters |               9 |
|              Time |             274 |
---------------------------------------
Warning: trajectory cut off by epoch at 5 steps.
[32;1mLine search failed! Keeping old params.[0m
---------------------------------------
|             Epoch |              35 |
|      AverageEpRet |           -4.03 |
|          StdEpRet |            2.64 |
|          MaxEpRet |            3.08 |
|          MinEpRet |           -15.8 |
|             EpLen |            10.4 |
|      AverageVVals |           -4.33 |
|          StdVVals |            2.18 |
|          MaxVVals |             1.4 |
|          MinVVals |           -11.8 |
| TotalEnvInteracts |        1.44e+05 |
|            LossPi |       -4.53e-09 |
|             LossV |            2.63 |
|       DeltaLossPi |        4.77e-10 |
|        DeltaLossV |            -0.4 |
|                KL |        5.82e+04 |
|    BacktrackIters |               9 |
|              Time |             282 |
---------------------------------------
Warning: trajectory cut off by epoch at 5 steps.
[32;1mLine search failed! Keeping old params.[0m
---------------------------------------
|             Epoch |              36 |
|      AverageEpRet |           -4.38 |
|          StdEpRet |            2.66 |
|          MaxEpRet |            3.21 |
|          MinEpRet |           -12.3 |
|             EpLen |            10.6 |
|      AverageVVals |           -4.36 |
|          StdVVals |            2.25 |
|          MaxVVals |            1.02 |
|          MinVVals |           -13.4 |
| TotalEnvInteracts |        1.48e+05 |
|            LossPi |       -3.81e-09 |
|             LossV |            2.72 |
|       DeltaLossPi |       -1.91e-09 |
|        DeltaLossV |          -0.495 |
|                KL |        5.82e+04 |
|    BacktrackIters |               9 |
|              Time |             291 |
---------------------------------------
Warning: trajectory cut off by epoch at 9 steps.
[32;1mLine search failed! Keeping old params.[0m
---------------------------------------
|             Epoch |              37 |
|      AverageEpRet |           -4.41 |
|          StdEpRet |            2.54 |
|          MaxEpRet |            1.94 |
|          MinEpRet |           -12.9 |
|             EpLen |            10.7 |
|      AverageVVals |           -4.53 |
|          StdVVals |            2.39 |
|          MaxVVals |            1.27 |
|          MinVVals |           -15.2 |
| TotalEnvInteracts |        1.52e+05 |
|            LossPi |       -8.58e-09 |
|             LossV |            2.92 |
|       DeltaLossPi |        9.54e-10 |
|        DeltaLossV |          -0.542 |
|                KL |        5.82e+04 |
|    BacktrackIters |               9 |
|              Time |             299 |
---------------------------------------
Warning: trajectory cut off by epoch at 4 steps.
[32;1mLine search failed! Keeping old params.[0m
---------------------------------------
|             Epoch |              38 |
|      AverageEpRet |           -4.21 |
|          StdEpRet |            2.48 |
|          MaxEpRet |            1.43 |
|          MinEpRet |           -14.8 |
|             EpLen |            10.4 |
|      AverageVVals |            -4.4 |
|          StdVVals |            2.14 |
|          MaxVVals |             1.2 |
|          MinVVals |           -10.1 |
| TotalEnvInteracts |        1.56e+05 |
|            LossPi |        8.58e-09 |
|             LossV |            2.29 |
|       DeltaLossPi |       -2.38e-10 |
|        DeltaLossV |          -0.393 |
|                KL |        5.82e+04 |
|    BacktrackIters |               9 |
|              Time |             307 |
---------------------------------------
Warning: trajectory cut off by epoch at 7 steps.
[32;1mLine search failed! Keeping old params.[0m
---------------------------------------
|             Epoch |              39 |
|      AverageEpRet |           -4.07 |
|          StdEpRet |             2.5 |
|          MaxEpRet |            3.57 |
|          MinEpRet |           -13.2 |
|             EpLen |            10.3 |
|      AverageVVals |           -4.27 |
|          StdVVals |            2.14 |
|          MaxVVals |            1.02 |
|          MinVVals |           -10.4 |
| TotalEnvInteracts |         1.6e+05 |
|            LossPi |       -1.55e-09 |
|             LossV |             2.5 |
|       DeltaLossPi |        1.19e-09 |
|        DeltaLossV |          -0.383 |
|                KL |        5.82e+04 |
|    BacktrackIters |               9 |
|              Time |             317 |
---------------------------------------
Warning: trajectory cut off by epoch at 5 steps.
[32;1mLine search failed! Keeping old params.[0m
---------------------------------------
|             Epoch |              40 |
|      AverageEpRet |           -4.03 |
|          StdEpRet |            2.65 |
|          MaxEpRet |            2.84 |
|          MinEpRet |           -12.3 |
|             EpLen |            10.5 |
|      AverageVVals |           -4.26 |
|          StdVVals |            2.12 |
|          MaxVVals |            2.51 |
|          MinVVals |           -11.7 |
| TotalEnvInteracts |        1.64e+05 |
|            LossPi |       -1.43e-09 |
|             LossV |            3.07 |
|       DeltaLossPi |        4.77e-10 |
|        DeltaLossV |          -0.602 |
|                KL |        5.82e+04 |
|    BacktrackIters |               9 |
|              Time |             327 |
---------------------------------------
Warning: trajectory cut off by epoch at 3 steps.
[32;1mLine search failed! Keeping old params.[0m
---------------------------------------
|             Epoch |              41 |
|      AverageEpRet |           -3.91 |
|          StdEpRet |            2.54 |
|          MaxEpRet |            2.43 |
|          MinEpRet |           -13.8 |
|             EpLen |            10.5 |
|      AverageVVals |           -4.25 |
|          StdVVals |            2.17 |
|          MaxVVals |            1.48 |
|          MinVVals |           -11.7 |
| TotalEnvInteracts |        1.68e+05 |
|            LossPi |       -1.19e-09 |
|             LossV |            3.18 |
|       DeltaLossPi |        1.67e-09 |
|        DeltaLossV |          -0.666 |
|                KL |        5.82e+04 |
|    BacktrackIters |               9 |
|              Time |             337 |
---------------------------------------
Warning: trajectory cut off by epoch at 5 steps.
[32;1mLine search failed! Keeping old params.[0m
---------------------------------------
|             Epoch |              42 |
|      AverageEpRet |           -3.93 |
|          StdEpRet |            2.56 |
|          MaxEpRet |            3.28 |
|          MinEpRet |           -12.6 |
|             EpLen |            10.3 |
|      AverageVVals |           -4.18 |
|          StdVVals |            2.14 |
|          MaxVVals |            1.92 |
|          MinVVals |             -12 |
| TotalEnvInteracts |        1.72e+05 |
|            LossPi |        1.72e-08 |
|             LossV |            2.78 |
|       DeltaLossPi |        4.77e-10 |
|        DeltaLossV |           -0.51 |
|                KL |        5.82e+04 |
|    BacktrackIters |               9 |
|              Time |             345 |
---------------------------------------
Warning: trajectory cut off by epoch at 14 steps.
[32;1mLine search failed! Keeping old params.[0m
---------------------------------------
|             Epoch |              43 |
|      AverageEpRet |           -4.35 |
|          StdEpRet |            2.62 |
|          MaxEpRet |             2.8 |
|          MinEpRet |           -13.5 |
|             EpLen |            10.5 |
|      AverageVVals |           -4.39 |
|          StdVVals |            2.31 |
|          MaxVVals |            1.31 |
|          MinVVals |           -12.7 |
| TotalEnvInteracts |        1.76e+05 |
|            LossPi |       -1.19e-08 |
|             LossV |            2.83 |
|       DeltaLossPi |        9.54e-10 |
|        DeltaLossV |           -0.39 |
|                KL |        5.82e+04 |
|    BacktrackIters |               9 |
|              Time |             355 |
---------------------------------------
Warning: trajectory cut off by epoch at 1 steps.
[32;1mLine search failed! Keeping old params.[0m
---------------------------------------
|             Epoch |              44 |
|      AverageEpRet |           -4.37 |
|          StdEpRet |            2.54 |
|          MaxEpRet |           0.577 |
|          MinEpRet |           -13.3 |
|             EpLen |            10.4 |
|      AverageVVals |           -4.43 |
|          StdVVals |            2.23 |
|          MaxVVals |            1.43 |
|          MinVVals |           -14.9 |
| TotalEnvInteracts |         1.8e+05 |
|            LossPi |        2.38e-09 |
|             LossV |            2.34 |
|       DeltaLossPi |               0 |
|        DeltaLossV |          -0.435 |
|                KL |        5.82e+04 |
|    BacktrackIters |               9 |
|              Time |             362 |
---------------------------------------
Warning: trajectory cut off by epoch at 3 steps.
[32;1mLine search failed! Keeping old params.[0m
---------------------------------------
|             Epoch |              45 |
|      AverageEpRet |           -4.18 |
|          StdEpRet |            2.59 |
|          MaxEpRet |            2.08 |
|          MinEpRet |           -14.5 |
|             EpLen |            10.5 |
|      AverageVVals |           -4.49 |
|          StdVVals |            2.31 |
|          MaxVVals |            2.09 |
|          MinVVals |           -15.5 |
| TotalEnvInteracts |        1.84e+05 |
|            LossPi |        2.24e-08 |
|             LossV |            2.62 |
|       DeltaLossPi |       -9.54e-10 |
|        DeltaLossV |          -0.475 |
|                KL |        5.82e+04 |
|    BacktrackIters |               9 |
|              Time |             369 |
---------------------------------------
Warning: trajectory cut off by epoch at 2 steps.
[32;1mLine search failed! Keeping old params.[0m
---------------------------------------
|             Epoch |              46 |
|      AverageEpRet |           -4.09 |
|          StdEpRet |            2.36 |
|          MaxEpRet |            3.03 |
|          MinEpRet |           -12.8 |
|             EpLen |            10.3 |
|      AverageVVals |           -4.26 |
|          StdVVals |            2.15 |
|          MaxVVals |            1.46 |
|          MinVVals |           -14.6 |
| TotalEnvInteracts |        1.88e+05 |
|            LossPi |        4.53e-09 |
|             LossV |            2.26 |
|       DeltaLossPi |               0 |
|        DeltaLossV |           -0.35 |
|                KL |        5.82e+04 |
|    BacktrackIters |               9 |
|              Time |             379 |
---------------------------------------
Warning: trajectory cut off by epoch at 1 steps.
[32;1mLine search failed! Keeping old params.[0m
---------------------------------------
|             Epoch |              47 |
|      AverageEpRet |           -4.33 |
|          StdEpRet |            2.61 |
|          MaxEpRet |            2.71 |
|          MinEpRet |           -13.5 |
|             EpLen |            10.8 |
|      AverageVVals |           -4.47 |
|          StdVVals |            2.17 |
|          MaxVVals |           0.912 |
|          MinVVals |             -11 |
| TotalEnvInteracts |        1.92e+05 |
|            LossPi |       -1.05e-08 |
|             LossV |            2.68 |
|       DeltaLossPi |        1.43e-09 |
|        DeltaLossV |          -0.437 |
|                KL |        5.82e+04 |
|    BacktrackIters |               9 |
|              Time |             388 |
---------------------------------------
[32;1mLine search failed! Keeping old params.[0m
---------------------------------------
|             Epoch |              48 |
|      AverageEpRet |           -4.04 |
|          StdEpRet |            2.57 |
|          MaxEpRet |            2.68 |
|          MinEpRet |           -13.7 |
|             EpLen |            10.3 |
|      AverageVVals |           -4.38 |
|          StdVVals |            2.13 |
|          MaxVVals |           0.457 |
|          MinVVals |           -11.8 |
| TotalEnvInteracts |        1.96e+05 |
|            LossPi |        1.19e-09 |
|             LossV |            2.76 |
|       DeltaLossPi |               0 |
|        DeltaLossV |          -0.469 |
|                KL |        5.82e+04 |
|    BacktrackIters |               9 |
|              Time |             396 |
---------------------------------------
Warning: trajectory cut off by epoch at 5 steps.
[32;1mLine search failed! Keeping old params.[0m
---------------------------------------
|             Epoch |              49 |
|      AverageEpRet |           -4.13 |
|          StdEpRet |            2.53 |
|          MaxEpRet |            2.17 |
|          MinEpRet |           -13.5 |
|             EpLen |            10.4 |
|      AverageVVals |           -4.37 |
|          StdVVals |            2.24 |
|          MaxVVals |            1.37 |
|          MinVVals |           -12.6 |
| TotalEnvInteracts |           2e+05 |
|            LossPi |         3.7e-09 |
|             LossV |            2.63 |
|       DeltaLossPi |       -2.38e-10 |
|        DeltaLossV |          -0.485 |
|                KL |        5.82e+04 |
|    BacktrackIters |               9 |
|              Time |             403 |
---------------------------------------
