--------------------------------------------------------------------------
[[20597,1],0]: A high-performance Open MPI point-to-point messaging module
was unable to find any relevant network interfaces:

Module: OpenFabrics (openib)
  Host: GCRAZGDL0429

Another transport will be used instead, although this may result in
lower performance.

NOTE: You can disable this warning by setting the MCA parameter
btl_base_warn_component_unused to 0.
--------------------------------------------------------------------------
2022-04-15 04:18:54.759054: I tensorflow/core/platform/cpu_feature_guard.cc:142] Your CPU supports instructions that this TensorFlow binary was not compiled to use: AVX2 FMA
2022-04-15 04:18:54.781200: I tensorflow/core/platform/profile_utils/cpu_utils.cc:94] CPU Frequency: 2593990000 Hz
2022-04-15 04:18:54.782149: I tensorflow/compiler/xla/service/service.cc:168] XLA service 0x56383bea4f00 initialized for platform Host (this does not guarantee that XLA will be used). Devices:
2022-04-15 04:18:54.782217: I tensorflow/compiler/xla/service/service.cc:176]   StreamExecutor device (0): Host, Default Version
Warning: Log dir exp/wtrpo_Hopper-v3/wtrpo_Hopper-v3_s3 already exists! Storing info there anyway.
[32;1mLogging data to exp/wtrpo_Hopper-v3/wtrpo_Hopper-v3_s3/progress.txt[0m
[36;1mSaving config:
[0m
{
    "ac_kwargs":	{
        "hidden_sizes":	[
            64,
            64
        ]
    },
    "actor_critic":	"mlp_actor_critic",
    "algo":	"trpo",
    "backtrack_coeff":	0.8,
    "backtrack_iters":	10,
    "cg_iters":	10,
    "damping_coeff":	0.1,
    "delta":	0.01,
    "env_fn":	"<function <lambda> at 0x7f010c1cf290>",
    "epochs":	50,
    "exp_name":	"wtrpo_Hopper-v3",
    "gamma":	0.99,
    "lam":	0.97,
    "logger":	{
        "<spinup.utils.logx.EpochLogger object at 0x7f010c1ed950>":	{
            "epoch_dict":	{},
            "exp_name":	"wtrpo_Hopper-v3",
            "first_row":	true,
            "log_current_row":	{},
            "log_headers":	[],
            "output_dir":	"exp/wtrpo_Hopper-v3/wtrpo_Hopper-v3_s3",
            "output_file":	{
                "<_io.TextIOWrapper name='exp/wtrpo_Hopper-v3/wtrpo_Hopper-v3_s3/progress.txt' mode='w' encoding='UTF-8'>":	{
                    "mode":	"w"
                }
            }
        }
    },
    "logger_kwargs":	{
        "exp_name":	"wtrpo_Hopper-v3",
        "output_dir":	"exp/wtrpo_Hopper-v3/wtrpo_Hopper-v3_s3"
    },
    "max_ep_len":	1000,
    "save_freq":	10,
    "seed":	3,
    "steps_per_epoch":	4000,
    "train_v_iters":	80,
    "vf_lr":	0.001
}
[32;1m
Number of parameters: 	 pi: 5126, 	 v: 4993
[0m
Warning: trajectory cut off by epoch at 1 steps.
[32;1mLine search failed! Keeping old params.[0m
---------------------------------------
|             Epoch |               0 |
|      AverageEpRet |            18.3 |
|          StdEpRet |            8.19 |
|          MaxEpRet |              57 |
|          MinEpRet |            7.04 |
|             EpLen |            18.5 |
|      AverageVVals |          0.0922 |
|          StdVVals |           0.116 |
|          MaxVVals |           0.513 |
|          MinVVals |          -0.356 |
| TotalEnvInteracts |           4e+03 |
|            LossPi |       -1.19e-08 |
|             LossV |             164 |
|       DeltaLossPi |        9.54e-10 |
|        DeltaLossV |            -111 |
|                KL |        2.91e+04 |
|    BacktrackIters |               9 |
|              Time |            10.4 |
---------------------------------------
Warning: trajectory cut off by epoch at 10 steps.
[32;1mLine search failed! Keeping old params.[0m
---------------------------------------
|             Epoch |               1 |
|      AverageEpRet |            18.3 |
|          StdEpRet |            7.13 |
|          MaxEpRet |            41.5 |
|          MinEpRet |            6.27 |
|             EpLen |            18.4 |
|      AverageVVals |            9.24 |
|          StdVVals |            1.54 |
|          MaxVVals |            11.1 |
|          MinVVals |           0.349 |
| TotalEnvInteracts |           8e+03 |
|            LossPi |        4.89e-09 |
|             LossV |            43.8 |
|       DeltaLossPi |       -4.77e-10 |
|        DeltaLossV |           -15.1 |
|                KL |        2.91e+04 |
|    BacktrackIters |               9 |
|              Time |            19.6 |
---------------------------------------
Warning: trajectory cut off by epoch at 3 steps.
[32;1mLine search failed! Keeping old params.[0m
---------------------------------------
|             Epoch |               2 |
|      AverageEpRet |            17.8 |
|          StdEpRet |            7.43 |
|          MaxEpRet |            55.5 |
|          MinEpRet |            6.94 |
|             EpLen |            18.2 |
|      AverageVVals |             9.8 |
|          StdVVals |            3.69 |
|          MaxVVals |            14.2 |
|          MinVVals |           -1.87 |
| TotalEnvInteracts |         1.2e+04 |
|            LossPi |       -1.67e-09 |
|             LossV |            30.8 |
|       DeltaLossPi |        4.77e-10 |
|        DeltaLossV |           -2.13 |
|                KL |        2.91e+04 |
|    BacktrackIters |               9 |
|              Time |            28.3 |
---------------------------------------
Warning: trajectory cut off by epoch at 2 steps.
[32;1mLine search failed! Keeping old params.[0m
---------------------------------------
|             Epoch |               3 |
|      AverageEpRet |            18.8 |
|          StdEpRet |            9.31 |
|          MaxEpRet |            70.8 |
|          MinEpRet |            6.25 |
|             EpLen |            18.8 |
|      AverageVVals |            9.87 |
|          StdVVals |            4.32 |
|          MaxVVals |            15.3 |
|          MinVVals |            -1.6 |
| TotalEnvInteracts |         1.6e+04 |
|            LossPi |       -5.01e-09 |
|             LossV |            47.4 |
|       DeltaLossPi |               0 |
|        DeltaLossV |           -2.66 |
|                KL |        2.91e+04 |
|    BacktrackIters |               9 |
|              Time |            37.4 |
---------------------------------------
Warning: trajectory cut off by epoch at 6 steps.
[32;1mLine search failed! Keeping old params.[0m
---------------------------------------
|             Epoch |               4 |
|      AverageEpRet |            18.2 |
|          StdEpRet |            8.12 |
|          MaxEpRet |            50.8 |
|          MinEpRet |            7.01 |
|             EpLen |            18.4 |
|      AverageVVals |            10.9 |
|          StdVVals |            4.83 |
|          MaxVVals |            16.9 |
|          MinVVals |          -0.673 |
| TotalEnvInteracts |           2e+04 |
|            LossPi |        7.99e-09 |
|             LossV |            32.1 |
|       DeltaLossPi |        7.15e-10 |
|        DeltaLossV |           -1.58 |
|                KL |        2.91e+04 |
|    BacktrackIters |               9 |
|              Time |            46.3 |
---------------------------------------
Warning: trajectory cut off by epoch at 15 steps.
[32;1mLine search failed! Keeping old params.[0m
---------------------------------------
|             Epoch |               5 |
|      AverageEpRet |            17.7 |
|          StdEpRet |            6.83 |
|          MaxEpRet |            39.5 |
|          MinEpRet |            6.23 |
|             EpLen |            18.1 |
|      AverageVVals |            10.5 |
|          StdVVals |            4.77 |
|          MaxVVals |            16.7 |
|          MinVVals |         -0.0134 |
| TotalEnvInteracts |         2.4e+04 |
|            LossPi |        1.48e-08 |
|             LossV |            21.9 |
|       DeltaLossPi |       -2.38e-10 |
|        DeltaLossV |           -1.34 |
|                KL |        2.91e+04 |
|    BacktrackIters |               9 |
|              Time |            54.6 |
---------------------------------------
[32;1mLine search failed! Keeping old params.[0m
---------------------------------------
|             Epoch |               6 |
|      AverageEpRet |            18.3 |
|          StdEpRet |             7.2 |
|          MaxEpRet |            43.7 |
|          MinEpRet |            7.22 |
|             EpLen |            18.5 |
|      AverageVVals |            9.69 |
|          StdVVals |            4.61 |
|          MaxVVals |            16.4 |
|          MinVVals |            -0.1 |
| TotalEnvInteracts |         2.8e+04 |
|            LossPi |        1.19e-09 |
|             LossV |              24 |
|       DeltaLossPi |        4.77e-10 |
|        DeltaLossV |          -0.858 |
|                KL |        2.91e+04 |
|    BacktrackIters |               9 |
|              Time |            60.8 |
---------------------------------------
Warning: trajectory cut off by epoch at 10 steps.
[32;1mLine search failed! Keeping old params.[0m
---------------------------------------
|             Epoch |               7 |
|      AverageEpRet |            18.6 |
|          StdEpRet |            7.88 |
|          MaxEpRet |            53.3 |
|          MinEpRet |            8.49 |
|             EpLen |            18.6 |
|      AverageVVals |            10.4 |
|          StdVVals |            4.69 |
|          MaxVVals |              17 |
|          MinVVals |          -0.442 |
| TotalEnvInteracts |         3.2e+04 |
|            LossPi |        2.15e-09 |
|             LossV |            28.7 |
|       DeltaLossPi |               0 |
|        DeltaLossV |           -1.31 |
|                KL |        2.91e+04 |
|    BacktrackIters |               9 |
|              Time |            68.8 |
---------------------------------------
Warning: trajectory cut off by epoch at 8 steps.
[32;1mLine search failed! Keeping old params.[0m
---------------------------------------
|             Epoch |               8 |
|      AverageEpRet |            18.2 |
|          StdEpRet |            7.68 |
|          MaxEpRet |            48.5 |
|          MinEpRet |             7.2 |
|             EpLen |            18.4 |
|      AverageVVals |            10.7 |
|          StdVVals |            5.16 |
|          MaxVVals |            17.9 |
|          MinVVals |           -1.79 |
| TotalEnvInteracts |         3.6e+04 |
|            LossPi |       -5.96e-10 |
|             LossV |            26.6 |
|       DeltaLossPi |       -9.54e-10 |
|        DeltaLossV |          -0.641 |
|                KL |        2.91e+04 |
|    BacktrackIters |               9 |
|              Time |            75.8 |
---------------------------------------
Warning: trajectory cut off by epoch at 14 steps.
[32;1mLine search failed! Keeping old params.[0m
---------------------------------------
|             Epoch |               9 |
|      AverageEpRet |            18.5 |
|          StdEpRet |            8.42 |
|          MaxEpRet |            50.5 |
|          MinEpRet |            7.25 |
|             EpLen |            18.5 |
|      AverageVVals |            10.2 |
|          StdVVals |            4.83 |
|          MaxVVals |            17.3 |
|          MinVVals |           -1.93 |
| TotalEnvInteracts |           4e+04 |
|            LossPi |        1.67e-08 |
|             LossV |            31.3 |
|       DeltaLossPi |        2.38e-10 |
|        DeltaLossV |           -1.02 |
|                KL |        2.91e+04 |
|    BacktrackIters |               9 |
|              Time |            85.8 |
---------------------------------------
Warning: trajectory cut off by epoch at 4 steps.
[32;1mLine search failed! Keeping old params.[0m
---------------------------------------
|             Epoch |              10 |
|      AverageEpRet |            17.6 |
|          StdEpRet |            7.13 |
|          MaxEpRet |            57.3 |
|          MinEpRet |            6.51 |
|             EpLen |            18.1 |
|      AverageVVals |            10.6 |
|          StdVVals |            5.42 |
|          MaxVVals |            18.3 |
|          MinVVals |           -3.67 |
| TotalEnvInteracts |         4.4e+04 |
|            LossPi |        2.21e-08 |
|             LossV |            22.5 |
|       DeltaLossPi |        2.38e-10 |
|        DeltaLossV |           -1.07 |
|                KL |        2.91e+04 |
|    BacktrackIters |               9 |
|              Time |            95.9 |
---------------------------------------
Warning: trajectory cut off by epoch at 13 steps.
[32;1mLine search failed! Keeping old params.[0m
---------------------------------------
|             Epoch |              11 |
|      AverageEpRet |            17.7 |
|          StdEpRet |            6.92 |
|          MaxEpRet |            40.4 |
|          MinEpRet |            8.18 |
|             EpLen |              18 |
|      AverageVVals |            9.84 |
|          StdVVals |            4.79 |
|          MaxVVals |            17.1 |
|          MinVVals |           -2.42 |
| TotalEnvInteracts |         4.8e+04 |
|            LossPi |       -5.13e-09 |
|             LossV |            20.9 |
|       DeltaLossPi |               0 |
|        DeltaLossV |          -0.222 |
|                KL |        2.91e+04 |
|    BacktrackIters |               9 |
|              Time |             105 |
---------------------------------------
Warning: trajectory cut off by epoch at 7 steps.
[32;1mLine search failed! Keeping old params.[0m
---------------------------------------
|             Epoch |              12 |
|      AverageEpRet |            17.9 |
|          StdEpRet |            8.12 |
|          MaxEpRet |            54.1 |
|          MinEpRet |             6.9 |
|             EpLen |            18.1 |
|      AverageVVals |              10 |
|          StdVVals |            4.86 |
|          MaxVVals |            17.2 |
|          MinVVals |           -2.48 |
| TotalEnvInteracts |         5.2e+04 |
|            LossPi |        5.01e-09 |
|             LossV |            29.5 |
|       DeltaLossPi |       -1.19e-10 |
|        DeltaLossV |          -0.517 |
|                KL |        2.91e+04 |
|    BacktrackIters |               9 |
|              Time |             113 |
---------------------------------------
Warning: trajectory cut off by epoch at 3 steps.
[32;1mLine search failed! Keeping old params.[0m
---------------------------------------
|             Epoch |              13 |
|      AverageEpRet |            17.7 |
|          StdEpRet |            6.45 |
|          MaxEpRet |            43.5 |
|          MinEpRet |            8.92 |
|             EpLen |            18.1 |
|      AverageVVals |            10.2 |
|          StdVVals |            5.06 |
|          MaxVVals |            17.9 |
|          MinVVals |           -3.35 |
| TotalEnvInteracts |         5.6e+04 |
|            LossPi |       -1.42e-08 |
|             LossV |              19 |
|       DeltaLossPi |        9.54e-10 |
|        DeltaLossV |          -0.544 |
|                KL |        2.91e+04 |
|    BacktrackIters |               9 |
|              Time |             123 |
---------------------------------------
Warning: trajectory cut off by epoch at 15 steps.
[32;1mLine search failed! Keeping old params.[0m
---------------------------------------
|             Epoch |              14 |
|      AverageEpRet |            17.9 |
|          StdEpRet |            7.77 |
|          MaxEpRet |            54.9 |
|          MinEpRet |            6.23 |
|             EpLen |              18 |
|      AverageVVals |             9.8 |
|          StdVVals |            4.59 |
|          MaxVVals |            17.2 |
|          MinVVals |           -2.51 |
| TotalEnvInteracts |           6e+04 |
|            LossPi |        8.11e-09 |
|             LossV |            29.1 |
|       DeltaLossPi |        4.77e-10 |
|        DeltaLossV |          -0.538 |
|                KL |        2.91e+04 |
|    BacktrackIters |               9 |
|              Time |             132 |
---------------------------------------
Warning: trajectory cut off by epoch at 14 steps.
[32;1mLine search failed! Keeping old params.[0m
---------------------------------------
|             Epoch |              15 |
|      AverageEpRet |              19 |
|          StdEpRet |            7.96 |
|          MaxEpRet |            47.5 |
|          MinEpRet |            6.95 |
|             EpLen |              19 |
|      AverageVVals |            10.3 |
|          StdVVals |            4.96 |
|          MaxVVals |            17.9 |
|          MinVVals |           -2.55 |
| TotalEnvInteracts |         6.4e+04 |
|            LossPi |        7.39e-09 |
|             LossV |            27.5 |
|       DeltaLossPi |       -7.15e-10 |
|        DeltaLossV |          -0.691 |
|                KL |        2.91e+04 |
|    BacktrackIters |               9 |
|              Time |             139 |
---------------------------------------
Warning: trajectory cut off by epoch at 2 steps.
[32;1mLine search failed! Keeping old params.[0m
---------------------------------------
|             Epoch |              16 |
|      AverageEpRet |            18.3 |
|          StdEpRet |             7.7 |
|          MaxEpRet |            62.9 |
|          MinEpRet |            7.51 |
|             EpLen |            18.4 |
|      AverageVVals |            10.8 |
|          StdVVals |             5.3 |
|          MaxVVals |            18.6 |
|          MinVVals |           -2.86 |
| TotalEnvInteracts |         6.8e+04 |
|            LossPi |        -2.5e-09 |
|             LossV |            26.9 |
|       DeltaLossPi |        2.03e-09 |
|        DeltaLossV |          -0.547 |
|                KL |        2.91e+04 |
|    BacktrackIters |               9 |
|              Time |             146 |
---------------------------------------
Warning: trajectory cut off by epoch at 16 steps.
[32;1mLine search failed! Keeping old params.[0m
---------------------------------------
|             Epoch |              17 |
|      AverageEpRet |            18.2 |
|          StdEpRet |            8.16 |
|          MaxEpRet |            56.6 |
|          MinEpRet |            6.25 |
|             EpLen |            18.4 |
|      AverageVVals |            10.3 |
|          StdVVals |            4.96 |
|          MaxVVals |            18.2 |
|          MinVVals |           -3.18 |
| TotalEnvInteracts |         7.2e+04 |
|            LossPi |        -8.7e-09 |
|             LossV |            29.6 |
|       DeltaLossPi |        3.58e-10 |
|        DeltaLossV |          -0.544 |
|                KL |        2.91e+04 |
|    BacktrackIters |               9 |
|              Time |             154 |
---------------------------------------
Warning: trajectory cut off by epoch at 11 steps.
[32;1mLine search failed! Keeping old params.[0m
---------------------------------------
|             Epoch |              18 |
|      AverageEpRet |              19 |
|          StdEpRet |            8.11 |
|          MaxEpRet |            54.2 |
|          MinEpRet |            7.43 |
|             EpLen |            18.8 |
|      AverageVVals |            10.5 |
|          StdVVals |            5.05 |
|          MaxVVals |            18.3 |
|          MinVVals |           -3.43 |
| TotalEnvInteracts |         7.6e+04 |
|            LossPi |        7.69e-09 |
|             LossV |            30.1 |
|       DeltaLossPi |       -3.58e-10 |
|        DeltaLossV |          -0.638 |
|                KL |        2.91e+04 |
|    BacktrackIters |               9 |
|              Time |             161 |
---------------------------------------
Warning: trajectory cut off by epoch at 8 steps.
[32;1mLine search failed! Keeping old params.[0m
---------------------------------------
|             Epoch |              19 |
|      AverageEpRet |            18.8 |
|          StdEpRet |            8.47 |
|          MaxEpRet |            50.9 |
|          MinEpRet |            8.05 |
|             EpLen |            18.8 |
|      AverageVVals |            10.8 |
|          StdVVals |            5.07 |
|          MaxVVals |            18.3 |
|          MinVVals |           -1.68 |
| TotalEnvInteracts |           8e+04 |
|            LossPi |        4.53e-09 |
|             LossV |            32.4 |
|       DeltaLossPi |        2.38e-10 |
|        DeltaLossV |          -0.875 |
|                KL |        2.91e+04 |
|    BacktrackIters |               9 |
|              Time |             172 |
---------------------------------------
Warning: trajectory cut off by epoch at 2 steps.
[32;1mLine search failed! Keeping old params.[0m
---------------------------------------
|             Epoch |              20 |
|      AverageEpRet |            18.9 |
|          StdEpRet |             8.9 |
|          MaxEpRet |            57.1 |
|          MinEpRet |            6.33 |
|             EpLen |            18.8 |
|      AverageVVals |              11 |
|          StdVVals |            5.15 |
|          MaxVVals |            19.2 |
|          MinVVals |          -0.855 |
| TotalEnvInteracts |         8.4e+04 |
|            LossPi |       -9.98e-09 |
|             LossV |            36.4 |
|       DeltaLossPi |       -1.19e-10 |
|        DeltaLossV |          -0.679 |
|                KL |        2.91e+04 |
|    BacktrackIters |               9 |
|              Time |             183 |
---------------------------------------
Warning: trajectory cut off by epoch at 2 steps.
[32;1mLine search failed! Keeping old params.[0m
---------------------------------------
|             Epoch |              21 |
|      AverageEpRet |            18.2 |
|          StdEpRet |            8.25 |
|          MaxEpRet |            54.6 |
|          MinEpRet |            7.52 |
|             EpLen |            18.3 |
|      AverageVVals |            10.9 |
|          StdVVals |            5.36 |
|          MaxVVals |              20 |
|          MinVVals |           -2.62 |
| TotalEnvInteracts |         8.8e+04 |
|            LossPi |         1.1e-08 |
|             LossV |            28.8 |
|       DeltaLossPi |        2.38e-10 |
|        DeltaLossV |          -0.889 |
|                KL |        2.91e+04 |
|    BacktrackIters |               9 |
|              Time |             191 |
---------------------------------------
Warning: trajectory cut off by epoch at 8 steps.
[32;1mLine search failed! Keeping old params.[0m
---------------------------------------
|             Epoch |              22 |
|      AverageEpRet |            17.4 |
|          StdEpRet |            7.32 |
|          MaxEpRet |            49.9 |
|          MinEpRet |            7.81 |
|             EpLen |            17.9 |
|      AverageVVals |            10.3 |
|          StdVVals |            5.34 |
|          MaxVVals |            18.8 |
|          MinVVals |           -1.83 |
| TotalEnvInteracts |         9.2e+04 |
|            LossPi |        1.55e-09 |
|             LossV |            21.7 |
|       DeltaLossPi |       -1.19e-09 |
|        DeltaLossV |          -0.741 |
|                KL |        2.91e+04 |
|    BacktrackIters |               9 |
|              Time |             200 |
---------------------------------------
Warning: trajectory cut off by epoch at 18 steps.
[32;1mLine search failed! Keeping old params.[0m
---------------------------------------
|             Epoch |              23 |
|      AverageEpRet |            18.1 |
|          StdEpRet |            8.05 |
|          MaxEpRet |            49.7 |
|          MinEpRet |            6.32 |
|             EpLen |            18.3 |
|      AverageVVals |            9.92 |
|          StdVVals |            4.89 |
|          MaxVVals |            19.1 |
|          MinVVals |           -2.28 |
| TotalEnvInteracts |         9.6e+04 |
|            LossPi |       -1.65e-08 |
|             LossV |            27.8 |
|       DeltaLossPi |        7.15e-10 |
|        DeltaLossV |          -0.705 |
|                KL |        2.91e+04 |
|    BacktrackIters |               9 |
|              Time |             209 |
---------------------------------------
Warning: trajectory cut off by epoch at 18 steps.
[32;1mLine search failed! Keeping old params.[0m
---------------------------------------
|             Epoch |              24 |
|      AverageEpRet |            19.7 |
|          StdEpRet |            9.01 |
|          MaxEpRet |            58.9 |
|          MinEpRet |            5.88 |
|             EpLen |            19.3 |
|      AverageVVals |            10.8 |
|          StdVVals |            5.17 |
|          MaxVVals |            19.7 |
|          MinVVals |           -2.51 |
| TotalEnvInteracts |           1e+05 |
|            LossPi |        -5.3e-09 |
|             LossV |            30.9 |
|       DeltaLossPi |       -7.15e-10 |
|        DeltaLossV |           -1.21 |
|                KL |        2.91e+04 |
|    BacktrackIters |               9 |
|              Time |             216 |
---------------------------------------
Warning: trajectory cut off by epoch at 8 steps.
[32;1mLine search failed! Keeping old params.[0m
---------------------------------------
|             Epoch |              25 |
|      AverageEpRet |            19.5 |
|          StdEpRet |            8.18 |
|          MaxEpRet |            56.3 |
|          MinEpRet |            6.14 |
|             EpLen |            19.1 |
|      AverageVVals |            11.4 |
|          StdVVals |            5.46 |
|          MaxVVals |            20.4 |
|          MinVVals |           -2.14 |
| TotalEnvInteracts |        1.04e+05 |
|            LossPi |        1.84e-08 |
|             LossV |            28.7 |
|       DeltaLossPi |               0 |
|        DeltaLossV |          -0.683 |
|                KL |        2.91e+04 |
|    BacktrackIters |               9 |
|              Time |             225 |
---------------------------------------
Warning: trajectory cut off by epoch at 5 steps.
[32;1mLine search failed! Keeping old params.[0m
---------------------------------------
|             Epoch |              26 |
|      AverageEpRet |            18.3 |
|          StdEpRet |            8.47 |
|          MaxEpRet |            56.3 |
|          MinEpRet |            6.78 |
|             EpLen |            18.6 |
|      AverageVVals |            10.6 |
|          StdVVals |            5.51 |
|          MaxVVals |            19.6 |
|          MinVVals |           -2.49 |
| TotalEnvInteracts |        1.08e+05 |
|            LossPi |       -8.34e-10 |
|             LossV |            32.4 |
|       DeltaLossPi |       -9.54e-10 |
|        DeltaLossV |           -1.13 |
|                KL |        2.91e+04 |
|    BacktrackIters |               9 |
|              Time |             234 |
---------------------------------------
Warning: trajectory cut off by epoch at 14 steps.
[32;1mLine search failed! Keeping old params.[0m
---------------------------------------
|             Epoch |              27 |
|      AverageEpRet |            18.4 |
|          StdEpRet |            7.69 |
|          MaxEpRet |            48.9 |
|          MinEpRet |            6.01 |
|             EpLen |            18.5 |
|      AverageVVals |            10.8 |
|          StdVVals |             5.1 |
|          MaxVVals |            20.7 |
|          MinVVals |            -1.9 |
| TotalEnvInteracts |        1.12e+05 |
|            LossPi |        6.02e-09 |
|             LossV |            26.7 |
|       DeltaLossPi |        7.75e-10 |
|        DeltaLossV |          -0.988 |
|                KL |        2.91e+04 |
|    BacktrackIters |               9 |
|              Time |             242 |
---------------------------------------
Warning: trajectory cut off by epoch at 5 steps.
[32;1mLine search failed! Keeping old params.[0m
---------------------------------------
|             Epoch |              28 |
|      AverageEpRet |            19.1 |
|          StdEpRet |            8.39 |
|          MaxEpRet |            54.1 |
|          MinEpRet |             7.3 |
|             EpLen |            18.8 |
|      AverageVVals |            10.6 |
|          StdVVals |            4.89 |
|          MaxVVals |            22.2 |
|          MinVVals |           -2.77 |
| TotalEnvInteracts |        1.16e+05 |
|            LossPi |       -1.13e-08 |
|             LossV |            32.1 |
|       DeltaLossPi |               0 |
|        DeltaLossV |           -1.11 |
|                KL |        2.91e+04 |
|    BacktrackIters |               9 |
|              Time |             251 |
---------------------------------------
Warning: trajectory cut off by epoch at 11 steps.
[32;1mLine search failed! Keeping old params.[0m
---------------------------------------
|             Epoch |              29 |
|      AverageEpRet |            18.6 |
|          StdEpRet |            7.92 |
|          MaxEpRet |            49.5 |
|          MinEpRet |            6.09 |
|             EpLen |            18.5 |
|      AverageVVals |              11 |
|          StdVVals |            5.32 |
|          MaxVVals |            22.2 |
|          MinVVals |           -1.78 |
| TotalEnvInteracts |         1.2e+05 |
|            LossPi |       -7.15e-09 |
|             LossV |            25.5 |
|       DeltaLossPi |               0 |
|        DeltaLossV |          -0.589 |
|                KL |        2.91e+04 |
|    BacktrackIters |               9 |
|              Time |             259 |
---------------------------------------
Warning: trajectory cut off by epoch at 4 steps.
[32;1mLine search failed! Keeping old params.[0m
---------------------------------------
|             Epoch |              30 |
|      AverageEpRet |            18.6 |
|          StdEpRet |               9 |
|          MaxEpRet |            57.4 |
|          MinEpRet |            6.25 |
|             EpLen |            18.5 |
|      AverageVVals |            10.5 |
|          StdVVals |             5.2 |
|          MaxVVals |              21 |
|          MinVVals |           -2.23 |
| TotalEnvInteracts |        1.24e+05 |
|            LossPi |       -1.33e-08 |
|             LossV |            37.3 |
|       DeltaLossPi |        -3.4e-09 |
|        DeltaLossV |           -1.65 |
|                KL |        2.91e+04 |
|    BacktrackIters |               9 |
|              Time |             270 |
---------------------------------------
Warning: trajectory cut off by epoch at 4 steps.
[32;1mLine search failed! Keeping old params.[0m
---------------------------------------
|             Epoch |              31 |
|      AverageEpRet |            18.8 |
|          StdEpRet |            7.54 |
|          MaxEpRet |            40.2 |
|          MinEpRet |            7.44 |
|             EpLen |            18.8 |
|      AverageVVals |              11 |
|          StdVVals |            5.41 |
|          MaxVVals |            22.3 |
|          MinVVals |           -1.81 |
| TotalEnvInteracts |        1.28e+05 |
|            LossPi |       -1.69e-08 |
|             LossV |            23.3 |
|       DeltaLossPi |        2.38e-10 |
|        DeltaLossV |           -1.39 |
|                KL |        2.91e+04 |
|    BacktrackIters |               9 |
|              Time |             279 |
---------------------------------------
Warning: trajectory cut off by epoch at 16 steps.
[32;1mLine search failed! Keeping old params.[0m
---------------------------------------
|             Epoch |              32 |
|      AverageEpRet |            18.8 |
|          StdEpRet |            7.76 |
|          MaxEpRet |            45.4 |
|          MinEpRet |            7.63 |
|             EpLen |            18.6 |
|      AverageVVals |            10.8 |
|          StdVVals |            5.18 |
|          MaxVVals |            20.4 |
|          MinVVals |          -0.825 |
| TotalEnvInteracts |        1.32e+05 |
|            LossPi |        7.39e-09 |
|             LossV |            26.1 |
|       DeltaLossPi |       -1.19e-09 |
|        DeltaLossV |          -0.583 |
|                KL |        2.91e+04 |
|    BacktrackIters |               9 |
|              Time |             288 |
---------------------------------------
Warning: trajectory cut off by epoch at 26 steps.
[32;1mLine search failed! Keeping old params.[0m
---------------------------------------
|             Epoch |              33 |
|      AverageEpRet |            17.5 |
|          StdEpRet |            6.88 |
|          MaxEpRet |            59.2 |
|          MinEpRet |            7.65 |
|             EpLen |            17.9 |
|      AverageVVals |            10.5 |
|          StdVVals |            5.17 |
|          MaxVVals |            20.3 |
|          MinVVals |          -0.751 |
| TotalEnvInteracts |        1.36e+05 |
|            LossPi |        2.74e-08 |
|             LossV |            21.7 |
|       DeltaLossPi |       -9.54e-10 |
|        DeltaLossV |           -1.39 |
|                KL |        2.91e+04 |
|    BacktrackIters |               9 |
|              Time |             296 |
---------------------------------------
Warning: trajectory cut off by epoch at 6 steps.
[32;1mLine search failed! Keeping old params.[0m
---------------------------------------
|             Epoch |              34 |
|      AverageEpRet |            18.9 |
|          StdEpRet |            7.79 |
|          MaxEpRet |            49.6 |
|          MinEpRet |            6.02 |
|             EpLen |            18.9 |
|      AverageVVals |            9.86 |
|          StdVVals |            4.79 |
|          MaxVVals |            20.5 |
|          MinVVals |            -1.9 |
| TotalEnvInteracts |         1.4e+05 |
|            LossPi |        1.48e-08 |
|             LossV |            28.1 |
|       DeltaLossPi |               0 |
|        DeltaLossV |           -1.48 |
|                KL |        2.91e+04 |
|    BacktrackIters |               9 |
|              Time |             304 |
---------------------------------------
Warning: trajectory cut off by epoch at 17 steps.
[32;1mLine search failed! Keeping old params.[0m
---------------------------------------
|             Epoch |              35 |
|      AverageEpRet |            18.7 |
|          StdEpRet |            8.63 |
|          MaxEpRet |            50.6 |
|          MinEpRet |            6.96 |
|             EpLen |            18.6 |
|      AverageVVals |            10.7 |
|          StdVVals |            5.25 |
|          MaxVVals |            22.4 |
|          MinVVals |          -0.901 |
| TotalEnvInteracts |        1.44e+05 |
|            LossPi |        8.11e-09 |
|             LossV |            33.6 |
|       DeltaLossPi |       -1.43e-09 |
|        DeltaLossV |          -0.934 |
|                KL |        2.91e+04 |
|    BacktrackIters |               9 |
|              Time |             312 |
---------------------------------------
Warning: trajectory cut off by epoch at 19 steps.
[32;1mLine search failed! Keeping old params.[0m
---------------------------------------
|             Epoch |              36 |
|      AverageEpRet |            18.4 |
|          StdEpRet |            7.45 |
|          MaxEpRet |            60.4 |
|          MinEpRet |            5.67 |
|             EpLen |            18.7 |
|      AverageVVals |              11 |
|          StdVVals |             5.2 |
|          MaxVVals |            21.4 |
|          MinVVals |          -0.793 |
| TotalEnvInteracts |        1.48e+05 |
|            LossPi |       -1.31e-08 |
|             LossV |            23.2 |
|       DeltaLossPi |       -4.77e-10 |
|        DeltaLossV |           -1.08 |
|                KL |        2.91e+04 |
|    BacktrackIters |               9 |
|              Time |             319 |
---------------------------------------
Warning: trajectory cut off by epoch at 17 steps.
[32;1mLine search failed! Keeping old params.[0m
---------------------------------------
|             Epoch |              37 |
|      AverageEpRet |            18.2 |
|          StdEpRet |            7.92 |
|          MaxEpRet |            56.4 |
|          MinEpRet |            7.15 |
|             EpLen |            18.4 |
|      AverageVVals |            10.3 |
|          StdVVals |            5.23 |
|          MaxVVals |            20.8 |
|          MinVVals |          -0.797 |
| TotalEnvInteracts |        1.52e+05 |
|            LossPi |       -3.58e-10 |
|             LossV |            26.8 |
|       DeltaLossPi |        9.54e-10 |
|        DeltaLossV |          -0.737 |
|                KL |        2.91e+04 |
|    BacktrackIters |               9 |
|              Time |             328 |
---------------------------------------
Warning: trajectory cut off by epoch at 1 steps.
[32;1mLine search failed! Keeping old params.[0m
---------------------------------------
|             Epoch |              38 |
|      AverageEpRet |            18.4 |
|          StdEpRet |            7.83 |
|          MaxEpRet |            49.9 |
|          MinEpRet |            6.38 |
|             EpLen |            18.3 |
|      AverageVVals |            10.5 |
|          StdVVals |            5.24 |
|          MaxVVals |            23.2 |
|          MinVVals |           -1.65 |
| TotalEnvInteracts |        1.56e+05 |
|            LossPi |       -1.38e-08 |
|             LossV |            29.1 |
|       DeltaLossPi |       -9.54e-10 |
|        DeltaLossV |           -1.12 |
|                KL |        2.91e+04 |
|    BacktrackIters |               9 |
|              Time |             336 |
---------------------------------------
Warning: trajectory cut off by epoch at 2 steps.
[32;1mLine search failed! Keeping old params.[0m
---------------------------------------
|             Epoch |              39 |
|      AverageEpRet |              18 |
|          StdEpRet |            7.52 |
|          MaxEpRet |            47.3 |
|          MinEpRet |            7.27 |
|             EpLen |            18.3 |
|      AverageVVals |            10.3 |
|          StdVVals |             5.1 |
|          MaxVVals |            21.9 |
|          MinVVals |          -0.618 |
| TotalEnvInteracts |         1.6e+05 |
|            LossPi |        2.38e-09 |
|             LossV |            23.7 |
|       DeltaLossPi |        9.54e-10 |
|        DeltaLossV |          -0.734 |
|                KL |        2.91e+04 |
|    BacktrackIters |               9 |
|              Time |             342 |
---------------------------------------
Warning: trajectory cut off by epoch at 5 steps.
[32;1mLine search failed! Keeping old params.[0m
---------------------------------------
|             Epoch |              40 |
|      AverageEpRet |            18.6 |
|          StdEpRet |            8.47 |
|          MaxEpRet |            55.2 |
|          MinEpRet |            7.17 |
|             EpLen |            18.5 |
|      AverageVVals |            10.3 |
|          StdVVals |            4.85 |
|          MaxVVals |            21.3 |
|          MinVVals |           -1.07 |
| TotalEnvInteracts |        1.64e+05 |
|            LossPi |       -6.32e-09 |
|             LossV |            33.8 |
|       DeltaLossPi |        2.38e-10 |
|        DeltaLossV |           -1.36 |
|                KL |        2.91e+04 |
|    BacktrackIters |               9 |
|              Time |             348 |
---------------------------------------
Warning: trajectory cut off by epoch at 6 steps.
[32;1mLine search failed! Keeping old params.[0m
---------------------------------------
|             Epoch |              41 |
|      AverageEpRet |            18.6 |
|          StdEpRet |            7.62 |
|          MaxEpRet |            45.5 |
|          MinEpRet |            6.19 |
|             EpLen |            18.7 |
|      AverageVVals |            10.6 |
|          StdVVals |            5.23 |
|          MaxVVals |            22.6 |
|          MinVVals |           -1.55 |
| TotalEnvInteracts |        1.68e+05 |
|            LossPi |        7.87e-09 |
|             LossV |            24.1 |
|       DeltaLossPi |               0 |
|        DeltaLossV |           -1.06 |
|                KL |        2.91e+04 |
|    BacktrackIters |               9 |
|              Time |             353 |
---------------------------------------
Warning: trajectory cut off by epoch at 9 steps.
[32;1mLine search failed! Keeping old params.[0m
---------------------------------------
|             Epoch |              42 |
|      AverageEpRet |            17.8 |
|          StdEpRet |            7.57 |
|          MaxEpRet |            48.4 |
|          MinEpRet |            6.87 |
|             EpLen |              18 |
|      AverageVVals |            10.6 |
|          StdVVals |             5.2 |
|          MaxVVals |            22.6 |
|          MinVVals |           -3.25 |
| TotalEnvInteracts |        1.72e+05 |
|            LossPi |       -1.38e-08 |
|             LossV |            24.7 |
|       DeltaLossPi |               0 |
|        DeltaLossV |          -0.847 |
|                KL |        2.91e+04 |
|    BacktrackIters |               9 |
|              Time |             358 |
---------------------------------------
Warning: trajectory cut off by epoch at 2 steps.
[32;1mLine search failed! Keeping old params.[0m
---------------------------------------
|             Epoch |              43 |
|      AverageEpRet |            18.8 |
|          StdEpRet |            9.27 |
|          MaxEpRet |            51.2 |
|          MinEpRet |            5.72 |
|             EpLen |            18.6 |
|      AverageVVals |            10.4 |
|          StdVVals |            5.13 |
|          MaxVVals |            22.3 |
|          MinVVals |            -1.2 |
| TotalEnvInteracts |        1.76e+05 |
|            LossPi |       -1.13e-08 |
|             LossV |            36.6 |
|       DeltaLossPi |       -2.38e-10 |
|        DeltaLossV |           -1.68 |
|                KL |        2.91e+04 |
|    BacktrackIters |               9 |
|              Time |             363 |
---------------------------------------
Warning: trajectory cut off by epoch at 12 steps.
[32;1mLine search failed! Keeping old params.[0m
---------------------------------------
|             Epoch |              44 |
|      AverageEpRet |            17.8 |
|          StdEpRet |             7.1 |
|          MaxEpRet |            42.5 |
|          MinEpRet |            7.55 |
|             EpLen |              18 |
|      AverageVVals |              11 |
|          StdVVals |            5.49 |
|          MaxVVals |              24 |
|          MinVVals |           -2.47 |
| TotalEnvInteracts |         1.8e+05 |
|            LossPi |        1.79e-08 |
|             LossV |            23.1 |
|       DeltaLossPi |       -7.15e-10 |
|        DeltaLossV |           -1.99 |
|                KL |        2.91e+04 |
|    BacktrackIters |               9 |
|              Time |             368 |
---------------------------------------
Warning: trajectory cut off by epoch at 6 steps.
[32;1mLine search failed! Keeping old params.[0m
---------------------------------------
|             Epoch |              45 |
|      AverageEpRet |            17.8 |
|          StdEpRet |            7.57 |
|          MaxEpRet |            58.9 |
|          MinEpRet |             6.5 |
|             EpLen |            18.2 |
|      AverageVVals |            10.2 |
|          StdVVals |            4.95 |
|          MaxVVals |              21 |
|          MinVVals |          -0.234 |
| TotalEnvInteracts |        1.84e+05 |
|            LossPi |       -6.44e-09 |
|             LossV |              26 |
|       DeltaLossPi |               0 |
|        DeltaLossV |            -1.5 |
|                KL |        2.91e+04 |
|    BacktrackIters |               9 |
|              Time |             373 |
---------------------------------------
Warning: trajectory cut off by epoch at 12 steps.
[32;1mLine search failed! Keeping old params.[0m
---------------------------------------
|             Epoch |              46 |
|      AverageEpRet |            18.5 |
|          StdEpRet |            7.52 |
|          MaxEpRet |            46.3 |
|          MinEpRet |            6.34 |
|             EpLen |            18.5 |
|      AverageVVals |            10.2 |
|          StdVVals |            5.05 |
|          MaxVVals |            24.6 |
|          MinVVals |          -0.785 |
| TotalEnvInteracts |        1.88e+05 |
|            LossPi |        7.78e-09 |
|             LossV |            24.7 |
|       DeltaLossPi |               0 |
|        DeltaLossV |          -0.861 |
|                KL |        2.91e+04 |
|    BacktrackIters |               9 |
|              Time |             377 |
---------------------------------------
Warning: trajectory cut off by epoch at 3 steps.
[32;1mLine search failed! Keeping old params.[0m
---------------------------------------
|             Epoch |              47 |
|      AverageEpRet |            17.4 |
|          StdEpRet |            7.43 |
|          MaxEpRet |            50.8 |
|          MinEpRet |            6.63 |
|             EpLen |            17.9 |
|      AverageVVals |            10.2 |
|          StdVVals |            5.19 |
|          MaxVVals |            22.2 |
|          MinVVals |          -0.686 |
| TotalEnvInteracts |        1.92e+05 |
|            LossPi |       -3.58e-09 |
|             LossV |            22.7 |
|       DeltaLossPi |       -1.19e-09 |
|        DeltaLossV |          -0.629 |
|                KL |        2.91e+04 |
|    BacktrackIters |               9 |
|              Time |             382 |
---------------------------------------
Warning: trajectory cut off by epoch at 27 steps.
[32;1mLine search failed! Keeping old params.[0m
---------------------------------------
|             Epoch |              48 |
|      AverageEpRet |            17.6 |
|          StdEpRet |            7.43 |
|          MaxEpRet |            56.3 |
|          MinEpRet |            6.15 |
|             EpLen |            18.1 |
|      AverageVVals |            9.75 |
|          StdVVals |            4.93 |
|          MaxVVals |              21 |
|          MinVVals |          -0.735 |
| TotalEnvInteracts |        1.96e+05 |
|            LossPi |       -9.06e-09 |
|             LossV |              26 |
|       DeltaLossPi |        4.77e-10 |
|        DeltaLossV |          -0.808 |
|                KL |        2.91e+04 |
|    BacktrackIters |               9 |
|              Time |             387 |
---------------------------------------
Warning: trajectory cut off by epoch at 1 steps.
[32;1mLine search failed! Keeping old params.[0m
---------------------------------------
|             Epoch |              49 |
|      AverageEpRet |            17.9 |
|          StdEpRet |            7.37 |
|          MaxEpRet |              48 |
|          MinEpRet |               7 |
|             EpLen |              18 |
|      AverageVVals |            10.2 |
|          StdVVals |            4.95 |
|          MaxVVals |            21.3 |
|          MinVVals |          -0.998 |
| TotalEnvInteracts |           2e+05 |
|            LossPi |        1.42e-08 |
|             LossV |            24.5 |
|       DeltaLossPi |        9.54e-10 |
|        DeltaLossV |          -0.758 |
|                KL |        2.91e+04 |
|    BacktrackIters |               9 |
|              Time |             391 |
---------------------------------------
