--------------------------------------------------------------------------
[[20554,1],0]: A high-performance Open MPI point-to-point messaging module
was unable to find any relevant network interfaces:

Module: OpenFabrics (openib)
  Host: GCRAZGDL0429

Another transport will be used instead, although this may result in
lower performance.

NOTE: You can disable this warning by setting the MCA parameter
btl_base_warn_component_unused to 0.
--------------------------------------------------------------------------
2022-04-15 04:18:55.626686: I tensorflow/core/platform/cpu_feature_guard.cc:142] Your CPU supports instructions that this TensorFlow binary was not compiled to use: AVX2 FMA
2022-04-15 04:18:55.648110: I tensorflow/core/platform/profile_utils/cpu_utils.cc:94] CPU Frequency: 2593990000 Hz
2022-04-15 04:18:55.649061: I tensorflow/compiler/xla/service/service.cc:168] XLA service 0x55dad7701d00 initialized for platform Host (this does not guarantee that XLA will be used). Devices:
2022-04-15 04:18:55.649094: I tensorflow/compiler/xla/service/service.cc:176]   StreamExecutor device (0): Host, Default Version
Warning: Log dir exp/wtrpo_Hopper-v3/wtrpo_Hopper-v3_s1 already exists! Storing info there anyway.
[32;1mLogging data to exp/wtrpo_Hopper-v3/wtrpo_Hopper-v3_s1/progress.txt[0m
[36;1mSaving config:
[0m
{
    "ac_kwargs":	{
        "hidden_sizes":	[
            64,
            64
        ]
    },
    "actor_critic":	"mlp_actor_critic",
    "algo":	"trpo",
    "backtrack_coeff":	0.8,
    "backtrack_iters":	10,
    "cg_iters":	10,
    "damping_coeff":	0.1,
    "delta":	0.01,
    "env_fn":	"<function <lambda> at 0x7f821873a290>",
    "epochs":	50,
    "exp_name":	"wtrpo_Hopper-v3",
    "gamma":	0.99,
    "lam":	0.97,
    "logger":	{
        "<spinup.utils.logx.EpochLogger object at 0x7f8218757990>":	{
            "epoch_dict":	{},
            "exp_name":	"wtrpo_Hopper-v3",
            "first_row":	true,
            "log_current_row":	{},
            "log_headers":	[],
            "output_dir":	"exp/wtrpo_Hopper-v3/wtrpo_Hopper-v3_s1",
            "output_file":	{
                "<_io.TextIOWrapper name='exp/wtrpo_Hopper-v3/wtrpo_Hopper-v3_s1/progress.txt' mode='w' encoding='UTF-8'>":	{
                    "mode":	"w"
                }
            }
        }
    },
    "logger_kwargs":	{
        "exp_name":	"wtrpo_Hopper-v3",
        "output_dir":	"exp/wtrpo_Hopper-v3/wtrpo_Hopper-v3_s1"
    },
    "max_ep_len":	1000,
    "save_freq":	10,
    "seed":	1,
    "steps_per_epoch":	4000,
    "train_v_iters":	80,
    "vf_lr":	0.001
}
[32;1m
Number of parameters: 	 pi: 5126, 	 v: 4993
[0m
Warning: trajectory cut off by epoch at 4 steps.
[32;1mLine search failed! Keeping old params.[0m
---------------------------------------
|             Epoch |               0 |
|      AverageEpRet |            7.38 |
|          StdEpRet |            3.27 |
|          MaxEpRet |            25.9 |
|          MinEpRet |            2.05 |
|             EpLen |            10.9 |
|      AverageVVals |          -0.415 |
|          StdVVals |           0.523 |
|          MaxVVals |           0.576 |
|          MinVVals |           -1.41 |
| TotalEnvInteracts |           4e+03 |
|            LossPi |       -3.19e-08 |
|             LossV |            28.6 |
|       DeltaLossPi |       -9.54e-10 |
|        DeltaLossV |           -24.6 |
|                KL |        2.91e+04 |
|    BacktrackIters |               9 |
|              Time |            11.1 |
---------------------------------------
Warning: trajectory cut off by epoch at 7 steps.
[32;1mLine search failed! Keeping old params.[0m
---------------------------------------
|             Epoch |               1 |
|      AverageEpRet |            7.54 |
|          StdEpRet |            3.51 |
|          MaxEpRet |            27.7 |
|          MinEpRet |            2.78 |
|             EpLen |            10.9 |
|      AverageVVals |            3.21 |
|          StdVVals |            2.58 |
|          MaxVVals |            7.46 |
|          MinVVals |           -1.91 |
| TotalEnvInteracts |           8e+03 |
|            LossPi |        5.01e-09 |
|             LossV |            5.33 |
|       DeltaLossPi |       -4.77e-10 |
|        DeltaLossV |          -0.715 |
|                KL |        2.91e+04 |
|    BacktrackIters |               9 |
|              Time |            21.8 |
---------------------------------------
Warning: trajectory cut off by epoch at 9 steps.
[32;1mLine search failed! Keeping old params.[0m
---------------------------------------
|             Epoch |               2 |
|      AverageEpRet |            7.61 |
|          StdEpRet |             3.6 |
|          MaxEpRet |            28.4 |
|          MinEpRet |             2.7 |
|             EpLen |            11.2 |
|      AverageVVals |            3.38 |
|          StdVVals |            2.91 |
|          MaxVVals |            8.85 |
|          MinVVals |           -2.79 |
| TotalEnvInteracts |         1.2e+04 |
|            LossPi |        -1.1e-08 |
|             LossV |             4.7 |
|       DeltaLossPi |        9.54e-10 |
|        DeltaLossV |          -0.143 |
|                KL |        2.91e+04 |
|    BacktrackIters |               9 |
|              Time |            30.3 |
---------------------------------------
Warning: trajectory cut off by epoch at 7 steps.
[32;1mLine search failed! Keeping old params.[0m
---------------------------------------
|             Epoch |               3 |
|      AverageEpRet |             7.6 |
|          StdEpRet |            3.59 |
|          MaxEpRet |            34.7 |
|          MinEpRet |            2.74 |
|             EpLen |              11 |
|      AverageVVals |            3.56 |
|          StdVVals |            2.99 |
|          MaxVVals |            9.74 |
|          MinVVals |           -3.79 |
| TotalEnvInteracts |         1.6e+04 |
|            LossPi |       -6.56e-09 |
|             LossV |            5.13 |
|       DeltaLossPi |               0 |
|        DeltaLossV |           -0.12 |
|                KL |        2.91e+04 |
|    BacktrackIters |               9 |
|              Time |            37.8 |
---------------------------------------
[32;1mLine search failed! Keeping old params.[0m
---------------------------------------
|             Epoch |               4 |
|      AverageEpRet |            7.51 |
|          StdEpRet |            3.14 |
|          MaxEpRet |            23.9 |
|          MinEpRet |            2.33 |
|             EpLen |              11 |
|      AverageVVals |            3.52 |
|          StdVVals |            2.92 |
|          MaxVVals |            9.29 |
|          MinVVals |           -1.96 |
| TotalEnvInteracts |           2e+04 |
|            LossPi |        1.07e-08 |
|             LossV |            3.13 |
|       DeltaLossPi |       -1.19e-09 |
|        DeltaLossV |          -0.077 |
|                KL |        2.91e+04 |
|    BacktrackIters |               9 |
|              Time |            46.5 |
---------------------------------------
Warning: trajectory cut off by epoch at 1 steps.
[32;1mLine search failed! Keeping old params.[0m
---------------------------------------
|             Epoch |               5 |
|      AverageEpRet |            7.56 |
|          StdEpRet |            4.51 |
|          MaxEpRet |              64 |
|          MinEpRet |            2.86 |
|             EpLen |              11 |
|      AverageVVals |            3.38 |
|          StdVVals |            2.85 |
|          MaxVVals |            10.2 |
|          MinVVals |           -2.57 |
| TotalEnvInteracts |         2.4e+04 |
|            LossPi |        1.32e-08 |
|             LossV |            13.2 |
|       DeltaLossPi |        3.58e-10 |
|        DeltaLossV |          -0.723 |
|                KL |        2.91e+04 |
|    BacktrackIters |               9 |
|              Time |            55.2 |
---------------------------------------
Warning: trajectory cut off by epoch at 5 steps.
[32;1mLine search failed! Keeping old params.[0m
---------------------------------------
|             Epoch |               6 |
|      AverageEpRet |             7.3 |
|          StdEpRet |            3.33 |
|          MaxEpRet |              44 |
|          MinEpRet |               3 |
|             EpLen |            10.8 |
|      AverageVVals |            3.54 |
|          StdVVals |            3.13 |
|          MaxVVals |              12 |
|          MinVVals |           -3.96 |
| TotalEnvInteracts |         2.8e+04 |
|            LossPi |        2.26e-09 |
|             LossV |            4.96 |
|       DeltaLossPi |               0 |
|        DeltaLossV |          -0.301 |
|                KL |        2.91e+04 |
|    BacktrackIters |               9 |
|              Time |            63.4 |
---------------------------------------
Warning: trajectory cut off by epoch at 7 steps.
[32;1mLine search failed! Keeping old params.[0m
---------------------------------------
|             Epoch |               7 |
|      AverageEpRet |            7.19 |
|          StdEpRet |            3.14 |
|          MaxEpRet |              37 |
|          MinEpRet |            2.55 |
|             EpLen |            10.7 |
|      AverageVVals |            3.29 |
|          StdVVals |            2.83 |
|          MaxVVals |              12 |
|          MinVVals |           -2.85 |
| TotalEnvInteracts |         3.2e+04 |
|            LossPi |        7.87e-09 |
|             LossV |            3.72 |
|       DeltaLossPi |       -7.15e-10 |
|        DeltaLossV |         -0.0716 |
|                KL |        2.91e+04 |
|    BacktrackIters |               9 |
|              Time |              73 |
---------------------------------------
Warning: trajectory cut off by epoch at 3 steps.
[32;1mLine search failed! Keeping old params.[0m
---------------------------------------
|             Epoch |               8 |
|      AverageEpRet |            7.45 |
|          StdEpRet |               3 |
|          MaxEpRet |            25.1 |
|          MinEpRet |            3.02 |
|             EpLen |            10.9 |
|      AverageVVals |            3.32 |
|          StdVVals |            2.79 |
|          MaxVVals |            11.4 |
|          MinVVals |           -3.67 |
| TotalEnvInteracts |         3.6e+04 |
|            LossPi |        7.15e-09 |
|             LossV |             3.3 |
|       DeltaLossPi |               0 |
|        DeltaLossV |         -0.0826 |
|                KL |        2.91e+04 |
|    BacktrackIters |               9 |
|              Time |            81.1 |
---------------------------------------
Warning: trajectory cut off by epoch at 8 steps.
[32;1mLine search failed! Keeping old params.[0m
---------------------------------------
|             Epoch |               9 |
|      AverageEpRet |            7.43 |
|          StdEpRet |            3.55 |
|          MaxEpRet |            45.4 |
|          MinEpRet |            2.66 |
|             EpLen |            10.8 |
|      AverageVVals |            3.38 |
|          StdVVals |            2.79 |
|          MaxVVals |            12.5 |
|          MinVVals |           -3.47 |
| TotalEnvInteracts |           4e+04 |
|            LossPi |       -7.15e-10 |
|             LossV |            5.29 |
|       DeltaLossPi |       -2.38e-10 |
|        DeltaLossV |          -0.329 |
|                KL |        2.91e+04 |
|    BacktrackIters |               9 |
|              Time |            90.8 |
---------------------------------------
Warning: trajectory cut off by epoch at 9 steps.
[32;1mLine search failed! Keeping old params.[0m
---------------------------------------
|             Epoch |              10 |
|      AverageEpRet |            7.45 |
|          StdEpRet |            3.13 |
|          MaxEpRet |            23.2 |
|          MinEpRet |            2.63 |
|             EpLen |            10.9 |
|      AverageVVals |            3.41 |
|          StdVVals |            2.89 |
|          MaxVVals |              12 |
|          MinVVals |           -3.33 |
| TotalEnvInteracts |         4.4e+04 |
|            LossPi |         2.5e-08 |
|             LossV |             3.3 |
|       DeltaLossPi |               0 |
|        DeltaLossV |          -0.112 |
|                KL |        2.91e+04 |
|    BacktrackIters |               9 |
|              Time |             101 |
---------------------------------------
Warning: trajectory cut off by epoch at 3 steps.
[32;1mLine search failed! Keeping old params.[0m
---------------------------------------
|             Epoch |              11 |
|      AverageEpRet |            7.55 |
|          StdEpRet |            3.49 |
|          MaxEpRet |            27.8 |
|          MinEpRet |            1.71 |
|             EpLen |              11 |
|      AverageVVals |            3.44 |
|          StdVVals |            2.88 |
|          MaxVVals |            11.7 |
|          MinVVals |            -2.4 |
| TotalEnvInteracts |         4.8e+04 |
|            LossPi |        3.81e-09 |
|             LossV |            4.42 |
|       DeltaLossPi |       -9.54e-10 |
|        DeltaLossV |         -0.0909 |
|                KL |        2.91e+04 |
|    BacktrackIters |               9 |
|              Time |             110 |
---------------------------------------
Warning: trajectory cut off by epoch at 15 steps.
[32;1mLine search failed! Keeping old params.[0m
---------------------------------------
|             Epoch |              12 |
|      AverageEpRet |            7.33 |
|          StdEpRet |            3.19 |
|          MaxEpRet |            21.5 |
|          MinEpRet |            1.79 |
|             EpLen |            10.9 |
|      AverageVVals |            3.36 |
|          StdVVals |            2.91 |
|          MaxVVals |            11.5 |
|          MinVVals |           -2.68 |
| TotalEnvInteracts |         5.2e+04 |
|            LossPi |        2.86e-09 |
|             LossV |            3.06 |
|       DeltaLossPi |        4.77e-10 |
|        DeltaLossV |         -0.0617 |
|                KL |        2.91e+04 |
|    BacktrackIters |               9 |
|              Time |             119 |
---------------------------------------
Warning: trajectory cut off by epoch at 2 steps.
[32;1mLine search failed! Keeping old params.[0m
---------------------------------------
|             Epoch |              13 |
|      AverageEpRet |            7.42 |
|          StdEpRet |            3.03 |
|          MaxEpRet |            24.4 |
|          MinEpRet |            2.72 |
|             EpLen |            10.8 |
|      AverageVVals |            3.33 |
|          StdVVals |            2.83 |
|          MaxVVals |            11.5 |
|          MinVVals |           -3.24 |
| TotalEnvInteracts |         5.6e+04 |
|            LossPi |       -9.06e-09 |
|             LossV |            2.99 |
|       DeltaLossPi |       -4.77e-10 |
|        DeltaLossV |         -0.0507 |
|                KL |        2.91e+04 |
|    BacktrackIters |               9 |
|              Time |             128 |
---------------------------------------
Warning: trajectory cut off by epoch at 8 steps.
[32;1mLine search failed! Keeping old params.[0m
---------------------------------------
|             Epoch |              14 |
|      AverageEpRet |            7.29 |
|          StdEpRet |             3.2 |
|          MaxEpRet |              35 |
|          MinEpRet |            2.82 |
|             EpLen |            10.7 |
|      AverageVVals |            3.33 |
|          StdVVals |            2.82 |
|          MaxVVals |            12.4 |
|          MinVVals |           -2.65 |
| TotalEnvInteracts |           6e+04 |
|            LossPi |        5.96e-09 |
|             LossV |            3.93 |
|       DeltaLossPi |       -1.19e-09 |
|        DeltaLossV |          -0.146 |
|                KL |        2.91e+04 |
|    BacktrackIters |               9 |
|              Time |             135 |
---------------------------------------
Warning: trajectory cut off by epoch at 3 steps.
[32;1mLine search failed! Keeping old params.[0m
---------------------------------------
|             Epoch |              15 |
|      AverageEpRet |            7.56 |
|          StdEpRet |            3.93 |
|          MaxEpRet |            41.1 |
|          MinEpRet |            2.69 |
|             EpLen |              11 |
|      AverageVVals |            3.35 |
|          StdVVals |            2.92 |
|          MaxVVals |            13.2 |
|          MinVVals |           -2.14 |
| TotalEnvInteracts |         6.4e+04 |
|            LossPi |        7.39e-09 |
|             LossV |            7.22 |
|       DeltaLossPi |       -7.15e-10 |
|        DeltaLossV |          -0.265 |
|                KL |        2.91e+04 |
|    BacktrackIters |               9 |
|              Time |             143 |
---------------------------------------
Warning: trajectory cut off by epoch at 15 steps.
[32;1mLine search failed! Keeping old params.[0m
---------------------------------------
|             Epoch |              16 |
|      AverageEpRet |            7.52 |
|          StdEpRet |            3.63 |
|          MaxEpRet |            40.1 |
|          MinEpRet |            2.41 |
|             EpLen |            10.7 |
|      AverageVVals |            3.59 |
|          StdVVals |            3.01 |
|          MaxVVals |            14.5 |
|          MinVVals |           -2.01 |
| TotalEnvInteracts |         6.8e+04 |
|            LossPi |        2.07e-08 |
|             LossV |            5.74 |
|       DeltaLossPi |        1.19e-09 |
|        DeltaLossV |           -0.17 |
|                KL |        2.91e+04 |
|    BacktrackIters |               9 |
|              Time |             152 |
---------------------------------------
Warning: trajectory cut off by epoch at 10 steps.
[32;1mLine search failed! Keeping old params.[0m
---------------------------------------
|             Epoch |              17 |
|      AverageEpRet |            7.62 |
|          StdEpRet |            3.68 |
|          MaxEpRet |            33.7 |
|          MinEpRet |            3.19 |
|             EpLen |            10.9 |
|      AverageVVals |            3.55 |
|          StdVVals |            3.02 |
|          MaxVVals |            15.1 |
|          MinVVals |           -2.03 |
| TotalEnvInteracts |         7.2e+04 |
|            LossPi |        1.43e-09 |
|             LossV |            5.63 |
|       DeltaLossPi |       -7.15e-10 |
|        DeltaLossV |          -0.269 |
|                KL |        2.91e+04 |
|    BacktrackIters |               9 |
|              Time |             160 |
---------------------------------------
Warning: trajectory cut off by epoch at 6 steps.
[32;1mLine search failed! Keeping old params.[0m
---------------------------------------
|             Epoch |              18 |
|      AverageEpRet |            7.32 |
|          StdEpRet |             2.9 |
|          MaxEpRet |            24.8 |
|          MinEpRet |            2.99 |
|             EpLen |              11 |
|      AverageVVals |            3.43 |
|          StdVVals |            2.98 |
|          MaxVVals |            13.6 |
|          MinVVals |           -2.39 |
| TotalEnvInteracts |         7.6e+04 |
|            LossPi |       -5.25e-09 |
|             LossV |            3.03 |
|       DeltaLossPi |               0 |
|        DeltaLossV |          -0.256 |
|                KL |        2.91e+04 |
|    BacktrackIters |               9 |
|              Time |             171 |
---------------------------------------
Warning: trajectory cut off by epoch at 6 steps.
[32;1mLine search failed! Keeping old params.[0m
---------------------------------------
|             Epoch |              19 |
|      AverageEpRet |            7.54 |
|          StdEpRet |             3.4 |
|          MaxEpRet |            29.4 |
|          MinEpRet |            2.77 |
|             EpLen |            11.1 |
|      AverageVVals |            3.28 |
|          StdVVals |            2.82 |
|          MaxVVals |              12 |
|          MinVVals |           -2.56 |
| TotalEnvInteracts |           8e+04 |
|            LossPi |       -7.03e-09 |
|             LossV |            4.36 |
|       DeltaLossPi |        3.58e-10 |
|        DeltaLossV |          -0.116 |
|                KL |        2.91e+04 |
|    BacktrackIters |               9 |
|              Time |             179 |
---------------------------------------
Warning: trajectory cut off by epoch at 2 steps.
[32;1mLine search failed! Keeping old params.[0m
---------------------------------------
|             Epoch |              20 |
|      AverageEpRet |            7.51 |
|          StdEpRet |            3.08 |
|          MaxEpRet |            21.6 |
|          MinEpRet |            2.15 |
|             EpLen |              11 |
|      AverageVVals |            3.35 |
|          StdVVals |            2.87 |
|          MaxVVals |              12 |
|          MinVVals |           -1.93 |
| TotalEnvInteracts |         8.4e+04 |
|            LossPi |        4.77e-10 |
|             LossV |            3.13 |
|       DeltaLossPi |       -1.43e-09 |
|        DeltaLossV |          -0.114 |
|                KL |        2.91e+04 |
|    BacktrackIters |               9 |
|              Time |             189 |
---------------------------------------
Warning: trajectory cut off by epoch at 5 steps.
[32;1mLine search failed! Keeping old params.[0m
---------------------------------------
|             Epoch |              21 |
|      AverageEpRet |            7.42 |
|          StdEpRet |            3.48 |
|          MaxEpRet |            30.2 |
|          MinEpRet |            2.16 |
|             EpLen |            10.8 |
|      AverageVVals |            3.41 |
|          StdVVals |            2.83 |
|          MaxVVals |            10.7 |
|          MinVVals |           -2.69 |
| TotalEnvInteracts |         8.8e+04 |
|            LossPi |        -1.2e-08 |
|             LossV |            4.28 |
|       DeltaLossPi |       -4.77e-10 |
|        DeltaLossV |          -0.217 |
|                KL |        2.91e+04 |
|    BacktrackIters |               9 |
|              Time |             198 |
---------------------------------------
Warning: trajectory cut off by epoch at 4 steps.
[32;1mLine search failed! Keeping old params.[0m
---------------------------------------
|             Epoch |              22 |
|      AverageEpRet |            7.43 |
|          StdEpRet |            3.51 |
|          MaxEpRet |            29.2 |
|          MinEpRet |            2.37 |
|             EpLen |            10.8 |
|      AverageVVals |            3.47 |
|          StdVVals |            3.01 |
|          MaxVVals |            13.2 |
|          MinVVals |            -3.7 |
| TotalEnvInteracts |         9.2e+04 |
|            LossPi |       -9.54e-09 |
|             LossV |            4.78 |
|       DeltaLossPi |               0 |
|        DeltaLossV |          -0.252 |
|                KL |        2.91e+04 |
|    BacktrackIters |               9 |
|              Time |             207 |
---------------------------------------
Warning: trajectory cut off by epoch at 11 steps.
[32;1mLine search failed! Keeping old params.[0m
---------------------------------------
|             Epoch |              23 |
|      AverageEpRet |            7.32 |
|          StdEpRet |            2.89 |
|          MaxEpRet |            22.9 |
|          MinEpRet |            2.95 |
|             EpLen |            10.6 |
|      AverageVVals |            3.43 |
|          StdVVals |            2.85 |
|          MaxVVals |            11.3 |
|          MinVVals |           -1.92 |
| TotalEnvInteracts |         9.6e+04 |
|            LossPi |       -2.86e-09 |
|             LossV |            2.62 |
|       DeltaLossPi |        1.43e-09 |
|        DeltaLossV |          -0.171 |
|                KL |        2.91e+04 |
|    BacktrackIters |               9 |
|              Time |             216 |
---------------------------------------
Warning: trajectory cut off by epoch at 7 steps.
[32;1mLine search failed! Keeping old params.[0m
---------------------------------------
|             Epoch |              24 |
|      AverageEpRet |            7.27 |
|          StdEpRet |            3.04 |
|          MaxEpRet |            21.8 |
|          MinEpRet |            2.41 |
|             EpLen |            10.8 |
|      AverageVVals |            3.24 |
|          StdVVals |            2.76 |
|          MaxVVals |            10.9 |
|          MinVVals |           -1.93 |
| TotalEnvInteracts |           1e+05 |
|            LossPi |       -1.53e-08 |
|             LossV |            3.16 |
|       DeltaLossPi |        4.77e-10 |
|        DeltaLossV |         -0.0538 |
|                KL |        2.91e+04 |
|    BacktrackIters |               9 |
|              Time |             225 |
---------------------------------------
Warning: trajectory cut off by epoch at 10 steps.
[32;1mLine search failed! Keeping old params.[0m
---------------------------------------
|             Epoch |              25 |
|      AverageEpRet |            7.48 |
|          StdEpRet |            3.51 |
|          MaxEpRet |            31.7 |
|          MinEpRet |            2.69 |
|             EpLen |            10.8 |
|      AverageVVals |            3.39 |
|          StdVVals |            2.81 |
|          MaxVVals |            10.9 |
|          MinVVals |           -1.46 |
| TotalEnvInteracts |        1.04e+05 |
|            LossPi |       -1.05e-08 |
|             LossV |            4.35 |
|       DeltaLossPi |        4.77e-10 |
|        DeltaLossV |          -0.158 |
|                KL |        2.91e+04 |
|    BacktrackIters |               9 |
|              Time |             235 |
---------------------------------------
Warning: trajectory cut off by epoch at 14 steps.
[32;1mLine search failed! Keeping old params.[0m
---------------------------------------
|             Epoch |              26 |
|      AverageEpRet |             7.3 |
|          StdEpRet |            3.09 |
|          MaxEpRet |            26.7 |
|          MinEpRet |            2.35 |
|             EpLen |            10.9 |
|      AverageVVals |            3.33 |
|          StdVVals |               3 |
|          MaxVVals |            13.4 |
|          MinVVals |           -5.64 |
| TotalEnvInteracts |        1.08e+05 |
|            LossPi |       -1.14e-08 |
|             LossV |            3.21 |
|       DeltaLossPi |               0 |
|        DeltaLossV |          -0.162 |
|                KL |        2.91e+04 |
|    BacktrackIters |               9 |
|              Time |             243 |
---------------------------------------
Warning: trajectory cut off by epoch at 7 steps.
[32;1mLine search failed! Keeping old params.[0m
---------------------------------------
|             Epoch |              27 |
|      AverageEpRet |            7.59 |
|          StdEpRet |            3.52 |
|          MaxEpRet |            25.6 |
|          MinEpRet |            2.81 |
|             EpLen |            10.8 |
|      AverageVVals |            3.41 |
|          StdVVals |            2.78 |
|          MaxVVals |            11.9 |
|          MinVVals |           -1.55 |
| TotalEnvInteracts |        1.12e+05 |
|            LossPi |        2.38e-09 |
|             LossV |            4.64 |
|       DeltaLossPi |        9.54e-10 |
|        DeltaLossV |          -0.178 |
|                KL |        2.91e+04 |
|    BacktrackIters |               9 |
|              Time |             252 |
---------------------------------------
Warning: trajectory cut off by epoch at 10 steps.
[32;1mLine search failed! Keeping old params.[0m
---------------------------------------
|             Epoch |              28 |
|      AverageEpRet |            7.46 |
|          StdEpRet |            2.93 |
|          MaxEpRet |            18.6 |
|          MinEpRet |            2.78 |
|             EpLen |            10.8 |
|      AverageVVals |            3.58 |
|          StdVVals |            2.94 |
|          MaxVVals |            10.9 |
|          MinVVals |           -1.78 |
| TotalEnvInteracts |        1.16e+05 |
|            LossPi |               0 |
|             LossV |            2.62 |
|       DeltaLossPi |       -1.91e-09 |
|        DeltaLossV |          -0.165 |
|                KL |        2.91e+04 |
|    BacktrackIters |               9 |
|              Time |             263 |
---------------------------------------
Warning: trajectory cut off by epoch at 4 steps.
[32;1mLine search failed! Keeping old params.[0m
---------------------------------------
|             Epoch |              29 |
|      AverageEpRet |            7.44 |
|          StdEpRet |            3.16 |
|          MaxEpRet |            25.9 |
|          MinEpRet |            2.41 |
|             EpLen |            10.9 |
|      AverageVVals |             3.3 |
|          StdVVals |            2.83 |
|          MaxVVals |            11.4 |
|          MinVVals |           -2.28 |
| TotalEnvInteracts |         1.2e+05 |
|            LossPi |         3.1e-09 |
|             LossV |            3.04 |
|       DeltaLossPi |               0 |
|        DeltaLossV |         -0.0266 |
|                KL |        2.91e+04 |
|    BacktrackIters |               9 |
|              Time |             272 |
---------------------------------------
Warning: trajectory cut off by epoch at 1 steps.
[32;1mLine search failed! Keeping old params.[0m
---------------------------------------
|             Epoch |              30 |
|      AverageEpRet |             7.5 |
|          StdEpRet |            3.19 |
|          MaxEpRet |            27.6 |
|          MinEpRet |             2.6 |
|             EpLen |            10.9 |
|      AverageVVals |            3.42 |
|          StdVVals |            2.81 |
|          MaxVVals |            10.8 |
|          MinVVals |           -1.63 |
| TotalEnvInteracts |        1.24e+05 |
|            LossPi |        1.43e-09 |
|             LossV |            3.08 |
|       DeltaLossPi |        4.77e-10 |
|        DeltaLossV |         -0.0609 |
|                KL |        2.91e+04 |
|    BacktrackIters |               9 |
|              Time |             282 |
---------------------------------------
Warning: trajectory cut off by epoch at 4 steps.
[32;1mLine search failed! Keeping old params.[0m
---------------------------------------
|             Epoch |              31 |
|      AverageEpRet |            7.47 |
|          StdEpRet |            3.53 |
|          MaxEpRet |            41.5 |
|          MinEpRet |            2.16 |
|             EpLen |            10.8 |
|      AverageVVals |            3.42 |
|          StdVVals |            2.88 |
|          MaxVVals |            14.2 |
|          MinVVals |           -1.64 |
| TotalEnvInteracts |        1.28e+05 |
|            LossPi |        1.43e-08 |
|             LossV |            5.06 |
|       DeltaLossPi |               0 |
|        DeltaLossV |          -0.181 |
|                KL |        2.91e+04 |
|    BacktrackIters |               9 |
|              Time |             291 |
---------------------------------------
Warning: trajectory cut off by epoch at 6 steps.
[32;1mLine search failed! Keeping old params.[0m
---------------------------------------
|             Epoch |              32 |
|      AverageEpRet |            7.57 |
|          StdEpRet |            3.47 |
|          MaxEpRet |              32 |
|          MinEpRet |            2.75 |
|             EpLen |              11 |
|      AverageVVals |            3.46 |
|          StdVVals |            3.01 |
|          MaxVVals |            15.3 |
|          MinVVals |           -2.55 |
| TotalEnvInteracts |        1.32e+05 |
|            LossPi |       -5.96e-09 |
|             LossV |            4.42 |
|       DeltaLossPi |       -9.54e-10 |
|        DeltaLossV |          -0.103 |
|                KL |        2.91e+04 |
|    BacktrackIters |               9 |
|              Time |             300 |
---------------------------------------
Warning: trajectory cut off by epoch at 2 steps.
[32;1mLine search failed! Keeping old params.[0m
---------------------------------------
|             Epoch |              33 |
|      AverageEpRet |            7.64 |
|          StdEpRet |            3.38 |
|          MaxEpRet |            28.9 |
|          MinEpRet |            2.26 |
|             EpLen |            10.9 |
|      AverageVVals |            3.58 |
|          StdVVals |            3.02 |
|          MaxVVals |              14 |
|          MinVVals |           -1.57 |
| TotalEnvInteracts |        1.36e+05 |
|            LossPi |       -3.04e-09 |
|             LossV |            4.07 |
|       DeltaLossPi |       -5.96e-11 |
|        DeltaLossV |         -0.0668 |
|                KL |        2.91e+04 |
|    BacktrackIters |               9 |
|              Time |             308 |
---------------------------------------
Warning: trajectory cut off by epoch at 7 steps.
[32;1mLine search failed! Keeping old params.[0m
---------------------------------------
|             Epoch |              34 |
|      AverageEpRet |            7.39 |
|          StdEpRet |            2.81 |
|          MaxEpRet |            21.6 |
|          MinEpRet |            2.52 |
|             EpLen |            10.8 |
|      AverageVVals |             3.4 |
|          StdVVals |            2.87 |
|          MaxVVals |            12.9 |
|          MinVVals |           -1.44 |
| TotalEnvInteracts |         1.4e+05 |
|            LossPi |       -6.68e-09 |
|             LossV |            2.49 |
|       DeltaLossPi |        4.77e-10 |
|        DeltaLossV |         -0.0863 |
|                KL |        2.91e+04 |
|    BacktrackIters |               9 |
|              Time |             316 |
---------------------------------------
Warning: trajectory cut off by epoch at 3 steps.
[32;1mLine search failed! Keeping old params.[0m
---------------------------------------
|             Epoch |              35 |
|      AverageEpRet |             7.3 |
|          StdEpRet |            3.22 |
|          MaxEpRet |            33.8 |
|          MinEpRet |            3.05 |
|             EpLen |            10.7 |
|      AverageVVals |            3.31 |
|          StdVVals |            2.75 |
|          MaxVVals |            13.4 |
|          MinVVals |           -1.73 |
| TotalEnvInteracts |        1.44e+05 |
|            LossPi |        4.77e-10 |
|             LossV |            3.75 |
|       DeltaLossPi |               0 |
|        DeltaLossV |          -0.134 |
|                KL |        2.91e+04 |
|    BacktrackIters |               9 |
|              Time |             325 |
---------------------------------------
Warning: trajectory cut off by epoch at 15 steps.
[32;1mLine search failed! Keeping old params.[0m
---------------------------------------
|             Epoch |              36 |
|      AverageEpRet |            7.53 |
|          StdEpRet |             3.5 |
|          MaxEpRet |            27.7 |
|          MinEpRet |            1.83 |
|             EpLen |            10.9 |
|      AverageVVals |            3.31 |
|          StdVVals |            2.83 |
|          MaxVVals |            15.1 |
|          MinVVals |           -2.55 |
| TotalEnvInteracts |        1.48e+05 |
|            LossPi |       -2.38e-09 |
|             LossV |            5.28 |
|       DeltaLossPi |        9.54e-10 |
|        DeltaLossV |           -0.25 |
|                KL |        2.91e+04 |
|    BacktrackIters |               9 |
|              Time |             333 |
---------------------------------------
Warning: trajectory cut off by epoch at 13 steps.
[32;1mLine search failed! Keeping old params.[0m
---------------------------------------
|             Epoch |              37 |
|      AverageEpRet |             7.4 |
|          StdEpRet |            3.38 |
|          MaxEpRet |              31 |
|          MinEpRet |            2.92 |
|             EpLen |            10.9 |
|      AverageVVals |            3.53 |
|          StdVVals |            3.04 |
|          MaxVVals |            15.1 |
|          MinVVals |           -2.12 |
| TotalEnvInteracts |        1.52e+05 |
|            LossPi |       -2.15e-09 |
|             LossV |            4.53 |
|       DeltaLossPi |       -4.77e-10 |
|        DeltaLossV |          -0.241 |
|                KL |        2.91e+04 |
|    BacktrackIters |               9 |
|              Time |             339 |
---------------------------------------
Warning: trajectory cut off by epoch at 15 steps.
[32;1mLine search failed! Keeping old params.[0m
---------------------------------------
|             Epoch |              38 |
|      AverageEpRet |            7.51 |
|          StdEpRet |            3.61 |
|          MaxEpRet |            39.6 |
|          MinEpRet |            3.11 |
|             EpLen |            10.6 |
|      AverageVVals |            3.51 |
|          StdVVals |            2.86 |
|          MaxVVals |            14.8 |
|          MinVVals |           -1.77 |
| TotalEnvInteracts |        1.56e+05 |
|            LossPi |       -8.34e-10 |
|             LossV |            5.51 |
|       DeltaLossPi |               0 |
|        DeltaLossV |          -0.312 |
|                KL |        2.91e+04 |
|    BacktrackIters |               9 |
|              Time |             345 |
---------------------------------------
Warning: trajectory cut off by epoch at 2 steps.
[32;1mLine search failed! Keeping old params.[0m
---------------------------------------
|             Epoch |              39 |
|      AverageEpRet |            7.69 |
|          StdEpRet |            3.48 |
|          MaxEpRet |            29.5 |
|          MinEpRet |             3.1 |
|             EpLen |            10.9 |
|      AverageVVals |            3.62 |
|          StdVVals |            2.96 |
|          MaxVVals |            15.9 |
|          MinVVals |           -1.84 |
| TotalEnvInteracts |         1.6e+05 |
|            LossPi |       -8.88e-09 |
|             LossV |            4.48 |
|       DeltaLossPi |        2.38e-10 |
|        DeltaLossV |          -0.154 |
|                KL |        2.91e+04 |
|    BacktrackIters |               9 |
|              Time |             350 |
---------------------------------------
Warning: trajectory cut off by epoch at 4 steps.
[32;1mLine search failed! Keeping old params.[0m
---------------------------------------
|             Epoch |              40 |
|      AverageEpRet |            7.45 |
|          StdEpRet |            3.23 |
|          MaxEpRet |            27.2 |
|          MinEpRet |            3.07 |
|             EpLen |            10.9 |
|      AverageVVals |            3.49 |
|          StdVVals |            2.97 |
|          MaxVVals |            14.4 |
|          MinVVals |           -2.42 |
| TotalEnvInteracts |        1.64e+05 |
|            LossPi |        1.91e-09 |
|             LossV |            3.83 |
|       DeltaLossPi |       -1.43e-09 |
|        DeltaLossV |          -0.115 |
|                KL |        2.91e+04 |
|    BacktrackIters |               9 |
|              Time |             355 |
---------------------------------------
Warning: trajectory cut off by epoch at 2 steps.
[32;1mLine search failed! Keeping old params.[0m
---------------------------------------
|             Epoch |              41 |
|      AverageEpRet |             7.4 |
|          StdEpRet |             3.1 |
|          MaxEpRet |            30.9 |
|          MinEpRet |            2.93 |
|             EpLen |              11 |
|      AverageVVals |             3.3 |
|          StdVVals |            2.82 |
|          MaxVVals |            12.4 |
|          MinVVals |           -2.16 |
| TotalEnvInteracts |        1.68e+05 |
|            LossPi |       -1.91e-09 |
|             LossV |            3.47 |
|       DeltaLossPi |               0 |
|        DeltaLossV |          -0.165 |
|                KL |        2.91e+04 |
|    BacktrackIters |               9 |
|              Time |             360 |
---------------------------------------
Warning: trajectory cut off by epoch at 7 steps.
[32;1mLine search failed! Keeping old params.[0m
---------------------------------------
|             Epoch |              42 |
|      AverageEpRet |            7.65 |
|          StdEpRet |            3.38 |
|          MaxEpRet |              23 |
|          MinEpRet |            2.97 |
|             EpLen |            11.2 |
|      AverageVVals |            3.35 |
|          StdVVals |            2.85 |
|          MaxVVals |            12.3 |
|          MinVVals |           -2.52 |
| TotalEnvInteracts |        1.72e+05 |
|            LossPi |          -2e-08 |
|             LossV |            3.58 |
|       DeltaLossPi |        4.77e-10 |
|        DeltaLossV |          -0.161 |
|                KL |        2.91e+04 |
|    BacktrackIters |               9 |
|              Time |             365 |
---------------------------------------
Warning: trajectory cut off by epoch at 3 steps.
[32;1mLine search failed! Keeping old params.[0m
---------------------------------------
|             Epoch |              43 |
|      AverageEpRet |            7.21 |
|          StdEpRet |            2.83 |
|          MaxEpRet |            21.9 |
|          MinEpRet |            2.29 |
|             EpLen |            10.8 |
|      AverageVVals |            3.34 |
|          StdVVals |            2.92 |
|          MaxVVals |            10.4 |
|          MinVVals |            -1.8 |
| TotalEnvInteracts |        1.76e+05 |
|            LossPi |        1.74e-08 |
|             LossV |            2.59 |
|       DeltaLossPi |       -7.15e-10 |
|        DeltaLossV |          -0.146 |
|                KL |        2.91e+04 |
|    BacktrackIters |               9 |
|              Time |             369 |
---------------------------------------
Warning: trajectory cut off by epoch at 10 steps.
[32;1mLine search failed! Keeping old params.[0m
---------------------------------------
|             Epoch |              44 |
|      AverageEpRet |            7.74 |
|          StdEpRet |            4.47 |
|          MaxEpRet |            46.1 |
|          MinEpRet |            2.72 |
|             EpLen |              11 |
|      AverageVVals |            3.39 |
|          StdVVals |            2.77 |
|          MaxVVals |              12 |
|          MinVVals |           -1.67 |
| TotalEnvInteracts |         1.8e+05 |
|            LossPi |       -9.54e-10 |
|             LossV |            9.69 |
|       DeltaLossPi |               0 |
|        DeltaLossV |           -1.59 |
|                KL |        2.91e+04 |
|    BacktrackIters |               9 |
|              Time |             374 |
---------------------------------------
Warning: trajectory cut off by epoch at 9 steps.
[32;1mLine search failed! Keeping old params.[0m
---------------------------------------
|             Epoch |              45 |
|      AverageEpRet |            7.17 |
|          StdEpRet |            3.05 |
|          MaxEpRet |            33.3 |
|          MinEpRet |            2.49 |
|             EpLen |            10.7 |
|      AverageVVals |            3.51 |
|          StdVVals |            3.16 |
|          MaxVVals |              18 |
|          MinVVals |           -3.03 |
| TotalEnvInteracts |        1.84e+05 |
|            LossPi |        7.63e-09 |
|             LossV |            3.54 |
|       DeltaLossPi |               0 |
|        DeltaLossV |           -0.38 |
|                KL |        2.91e+04 |
|    BacktrackIters |               9 |
|              Time |             379 |
---------------------------------------
Warning: trajectory cut off by epoch at 10 steps.
[32;1mLine search failed! Keeping old params.[0m
---------------------------------------
|             Epoch |              46 |
|      AverageEpRet |            7.34 |
|          StdEpRet |            3.36 |
|          MaxEpRet |            28.6 |
|          MinEpRet |            2.86 |
|             EpLen |            10.7 |
|      AverageVVals |            3.34 |
|          StdVVals |            2.91 |
|          MaxVVals |            20.4 |
|          MinVVals |           -2.08 |
| TotalEnvInteracts |        1.88e+05 |
|            LossPi |        4.77e-09 |
|             LossV |            4.39 |
|       DeltaLossPi |        4.77e-10 |
|        DeltaLossV |          -0.255 |
|                KL |        2.91e+04 |
|    BacktrackIters |               9 |
|              Time |             383 |
---------------------------------------
Warning: trajectory cut off by epoch at 7 steps.
[32;1mLine search failed! Keeping old params.[0m
---------------------------------------
|             Epoch |              47 |
|      AverageEpRet |            7.54 |
|          StdEpRet |            3.31 |
|          MaxEpRet |            29.3 |
|          MinEpRet |            3.04 |
|             EpLen |            11.1 |
|      AverageVVals |            3.33 |
|          StdVVals |            2.85 |
|          MaxVVals |            13.6 |
|          MinVVals |           -2.45 |
| TotalEnvInteracts |        1.92e+05 |
|            LossPi |         9.3e-09 |
|             LossV |             3.6 |
|       DeltaLossPi |        1.91e-09 |
|        DeltaLossV |           -0.23 |
|                KL |        2.91e+04 |
|    BacktrackIters |               9 |
|              Time |             388 |
---------------------------------------
Warning: trajectory cut off by epoch at 6 steps.
[32;1mLine search failed! Keeping old params.[0m
---------------------------------------
|             Epoch |              48 |
|      AverageEpRet |            7.64 |
|          StdEpRet |            4.29 |
|          MaxEpRet |            44.9 |
|          MinEpRet |            2.77 |
|             EpLen |              11 |
|      AverageVVals |            3.46 |
|          StdVVals |            3.11 |
|          MaxVVals |            18.1 |
|          MinVVals |           -2.63 |
| TotalEnvInteracts |        1.96e+05 |
|            LossPi |        3.58e-09 |
|             LossV |            8.27 |
|       DeltaLossPi |        4.77e-10 |
|        DeltaLossV |          -0.526 |
|                KL |        2.91e+04 |
|    BacktrackIters |               9 |
|              Time |             392 |
---------------------------------------
Warning: trajectory cut off by epoch at 8 steps.
[32;1mLine search failed! Keeping old params.[0m
---------------------------------------
|             Epoch |              49 |
|      AverageEpRet |            7.42 |
|          StdEpRet |            3.67 |
|          MaxEpRet |            30.2 |
|          MinEpRet |            2.67 |
|             EpLen |            10.9 |
|      AverageVVals |            3.61 |
|          StdVVals |            3.21 |
|          MaxVVals |            17.8 |
|          MinVVals |           -1.86 |
| TotalEnvInteracts |           2e+05 |
|            LossPi |       -7.15e-09 |
|             LossV |            4.68 |
|       DeltaLossPi |       -7.15e-10 |
|        DeltaLossV |          -0.195 |
|                KL |        2.91e+04 |
|    BacktrackIters |               9 |
|              Time |             396 |
---------------------------------------
