--------------------------------------------------------------------------
[[17240,1],0]: A high-performance Open MPI point-to-point messaging module
was unable to find any relevant network interfaces:

Module: OpenFabrics (openib)
  Host: GCRAZGDL0429

Another transport will be used instead, although this may result in
lower performance.

NOTE: You can disable this warning by setting the MCA parameter
btl_base_warn_component_unused to 0.
--------------------------------------------------------------------------
--------------------------------------------------------------------------
[[17280,1],2]: A high-performance Open MPI point-to-point messaging module
was unable to find any relevant network interfaces:

Module: OpenFabrics (openib)
  Host: GCRAZGDL0429

Another transport will be used instead, although this may result in
lower performance.

NOTE: You can disable this warning by setting the MCA parameter
btl_base_warn_component_unused to 0.
--------------------------------------------------------------------------
Warning: Log dir exp/trpo_HalfCheetah-v3/trpo_HalfCheetah-v3_s3 already exists! Storing info there anyway.
[32;1mLogging data to exp/trpo_HalfCheetah-v3/trpo_HalfCheetah-v3_s3/progress.txt[0m
[36;1mSaving config:
[0m
{
    "ac_kwargs":	{
        "hidden_sizes":	[
            64,
            64
        ]
    },
    "actor_critic":	"mlp_actor_critic",
    "algo":	"trpo",
    "backtrack_coeff":	0.8,
    "backtrack_iters":	10,
    "cg_iters":	10,
    "damping_coeff":	0.1,
    "delta":	0.01,
    "env_fn":	"<function <lambda> at 0x7f5b973364d0>",
    "epochs":	50,
    "exp_name":	"trpo_HalfCheetah-v3",
    "gamma":	0.99,
    "lam":	0.97,
    "logger":	{
        "<spinup.utils.logx.EpochLogger object at 0x7f5b972d62d0>":	{
            "epoch_dict":	{},
            "exp_name":	"trpo_HalfCheetah-v3",
            "first_row":	true,
            "log_current_row":	{},
            "log_headers":	[],
            "output_dir":	"exp/trpo_HalfCheetah-v3/trpo_HalfCheetah-v3_s3",
            "output_file":	{
                "<_io.TextIOWrapper name='exp/trpo_HalfCheetah-v3/trpo_HalfCheetah-v3_s3/progress.txt' mode='w' encoding='UTF-8'>":	{
                    "mode":	"w"
                }
            }
        }
    },
    "logger_kwargs":	{
        "exp_name":	"trpo_HalfCheetah-v3",
        "output_dir":	"exp/trpo_HalfCheetah-v3/trpo_HalfCheetah-v3_s3"
    },
    "max_ep_len":	1000,
    "save_freq":	10,
    "seed":	3,
    "steps_per_epoch":	4000,
    "train_v_iters":	80,
    "vf_lr":	0.001
}
[GCRAZGDL0429:19373] 3 more processes have sent help message help-mpi-btl-base.txt / btl:no-nics
[GCRAZGDL0429:19373] Set MCA parameter "orte_base_help_aggregate" to 0 to see all help / error messages
2022-04-12 02:42:22.690461: I tensorflow/core/platform/cpu_feature_guard.cc:142] Your CPU supports instructions that this TensorFlow binary was not compiled to use: AVX2 FMA
2022-04-12 02:42:22.713137: I tensorflow/core/platform/profile_utils/cpu_utils.cc:94] CPU Frequency: 2593990000 Hz
2022-04-12 02:42:22.714091: I tensorflow/compiler/xla/service/service.cc:168] XLA service 0x56097f4c69c0 initialized for platform Host (this does not guarantee that XLA will be used). Devices:
2022-04-12 02:42:22.717020: I tensorflow/compiler/xla/service/service.cc:176]   StreamExecutor device (0): Host, Default Version
[32;1m
Number of parameters: 	 pi: 5708, 	 v: 5377
[0m
2022-04-12 02:42:24.593217: I tensorflow/core/platform/cpu_feature_guard.cc:142] Your CPU supports instructions that this TensorFlow binary was not compiled to use: AVX2 FMA
2022-04-12 02:42:24.641136: I tensorflow/core/platform/profile_utils/cpu_utils.cc:94] CPU Frequency: 2593990000 Hz
2022-04-12 02:42:24.645749: I tensorflow/compiler/xla/service/service.cc:168] XLA service 0x55687a1e0f90 initialized for platform Host (this does not guarantee that XLA will be used). Devices:
2022-04-12 02:42:24.645781: I tensorflow/compiler/xla/service/service.cc:176]   StreamExecutor device (0): Host, Default Version
2022-04-12 02:42:25.750380: I tensorflow/core/platform/cpu_feature_guard.cc:142] Your CPU supports instructions that this TensorFlow binary was not compiled to use: AVX2 FMA
2022-04-12 02:42:25.793174: I tensorflow/core/platform/profile_utils/cpu_utils.cc:94] CPU Frequency: 2593990000 Hz
2022-04-12 02:42:25.794184: I tensorflow/compiler/xla/service/service.cc:168] XLA service 0x557e22a29c40 initialized for platform Host (this does not guarantee that XLA will be used). Devices:
2022-04-12 02:42:25.794276: I tensorflow/compiler/xla/service/service.cc:176]   StreamExecutor device (0): Host, Default Version
2022-04-12 02:42:26.660320: I tensorflow/core/platform/cpu_feature_guard.cc:142] Your CPU supports instructions that this TensorFlow binary was not compiled to use: AVX2 FMA
2022-04-12 02:42:26.721538: I tensorflow/core/platform/profile_utils/cpu_utils.cc:94] CPU Frequency: 2593990000 Hz
2022-04-12 02:42:26.729996: I tensorflow/compiler/xla/service/service.cc:168] XLA service 0x55718f55bb20 initialized for platform Host (this does not guarantee that XLA will be used). Devices:
2022-04-12 02:42:26.730028: I tensorflow/compiler/xla/service/service.cc:176]   StreamExecutor device (0): Host, Default Version
[32;1mAccepting new params at step 0 of line search.[0m
---------------------------------------
|             Epoch |               0 |
|      AverageEpRet |            -912 |
|          StdEpRet |            98.8 |
|          MaxEpRet |            -779 |
|          MinEpRet |       -1.06e+03 |
|             EpLen |           1e+03 |
|      AverageVVals |         -0.0218 |
|          StdVVals |           0.846 |
|          MaxVVals |            2.25 |
|          MinVVals |           -2.51 |
| TotalEnvInteracts |           4e+03 |
|            LossPi |        4.47e-08 |
|             LossV |         7.3e+03 |
|       DeltaLossPi |         -0.0547 |
|        DeltaLossV |          -1e+03 |
|                KL |           0.009 |
|    BacktrackIters |               0 |
|              Time |            29.3 |
---------------------------------------
[32;1mAccepting new params at step 0 of line search.[0m
---------------------------------------
|             Epoch |               1 |
|      AverageEpRet |            -911 |
|          StdEpRet |             121 |
|          MaxEpRet |            -770 |
|          MinEpRet |        -1.1e+03 |
|             EpLen |           1e+03 |
|      AverageVVals |           -2.59 |
|          StdVVals |            6.03 |
|          MaxVVals |            12.5 |
|          MinVVals |           -15.8 |
| TotalEnvInteracts |           8e+03 |
|            LossPi |       -1.27e-07 |
|             LossV |        7.13e+03 |
|       DeltaLossPi |         -0.0568 |
|        DeltaLossV |       -2.93e+03 |
|                KL |         0.00893 |
|    BacktrackIters |               0 |
|              Time |            57.7 |
---------------------------------------
[32;1mAccepting new params at step 0 of line search.[0m
---------------------------------------
|             Epoch |               2 |
|      AverageEpRet |            -868 |
|          StdEpRet |             159 |
|          MaxEpRet |            -714 |
|          MinEpRet |       -1.13e+03 |
|             EpLen |           1e+03 |
|      AverageVVals |           -19.5 |
|          StdVVals |             9.6 |
|          MaxVVals |            23.5 |
|          MinVVals |           -25.6 |
| TotalEnvInteracts |         1.2e+04 |
|            LossPi |       -3.73e-08 |
|             LossV |        4.82e+03 |
|       DeltaLossPi |         -0.0596 |
|        DeltaLossV |       -1.33e+03 |
|                KL |         0.00897 |
|    BacktrackIters |               0 |
|              Time |            76.9 |
---------------------------------------
[32;1mAccepting new params at step 0 of line search.[0m
---------------------------------------
|             Epoch |               3 |
|      AverageEpRet |            -877 |
|          StdEpRet |            77.2 |
|          MaxEpRet |            -793 |
|          MinEpRet |            -982 |
|             EpLen |           1e+03 |
|      AverageVVals |             -32 |
|          StdVVals |           0.718 |
|          MaxVVals |           -22.8 |
|          MinVVals |           -32.5 |
| TotalEnvInteracts |         1.6e+04 |
|            LossPi |        2.24e-08 |
|             LossV |        2.73e+03 |
|       DeltaLossPi |         -0.0631 |
|        DeltaLossV |            -528 |
|                KL |         0.00898 |
|    BacktrackIters |               0 |
|              Time |             103 |
---------------------------------------
[32;1mAccepting new params at step 0 of line search.[0m
---------------------------------------
|             Epoch |               4 |
|      AverageEpRet |            -882 |
|          StdEpRet |            69.4 |
|          MaxEpRet |            -789 |
|          MinEpRet |            -954 |
|             EpLen |           1e+03 |
|      AverageVVals |             -38 |
|          StdVVals |           0.349 |
|          MaxVVals |           -31.4 |
|          MinVVals |           -38.2 |
| TotalEnvInteracts |           2e+04 |
|            LossPi |       -2.98e-08 |
|             LossV |        2.38e+03 |
|       DeltaLossPi |         -0.0568 |
|        DeltaLossV |            -389 |
|                KL |         0.00913 |
|    BacktrackIters |               0 |
|              Time |             125 |
---------------------------------------
[32;1mAccepting new params at step 0 of line search.[0m
---------------------------------------
|             Epoch |               5 |
|      AverageEpRet |            -727 |
|          StdEpRet |            57.2 |
|          MaxEpRet |            -653 |
|          MinEpRet |            -813 |
|             EpLen |           1e+03 |
|      AverageVVals |             -43 |
|          StdVVals |           0.318 |
|          MaxVVals |           -37.8 |
|          MinVVals |           -43.2 |
| TotalEnvInteracts |         2.4e+04 |
|            LossPi |        3.96e-08 |
|             LossV |        1.47e+03 |
|       DeltaLossPi |         -0.0553 |
|        DeltaLossV |            -165 |
|                KL |         0.00888 |
|    BacktrackIters |               0 |
|              Time |             146 |
---------------------------------------
[32;1mAccepting new params at step 0 of line search.[0m
---------------------------------------
|             Epoch |               6 |
|      AverageEpRet |            -989 |
|          StdEpRet |             155 |
|          MaxEpRet |            -763 |
|          MinEpRet |        -1.2e+03 |
|             EpLen |           1e+03 |
|      AverageVVals |           -46.5 |
|          StdVVals |           0.236 |
|          MaxVVals |           -41.7 |
|          MinVVals |           -46.6 |
| TotalEnvInteracts |         2.8e+04 |
|            LossPi |        2.98e-08 |
|             LossV |        3.37e+03 |
|       DeltaLossPi |         -0.0596 |
|        DeltaLossV |            -431 |
|                KL |         0.00906 |
|    BacktrackIters |               0 |
|              Time |             172 |
---------------------------------------
[32;1mAccepting new params at step 0 of line search.[0m
---------------------------------------
|             Epoch |               7 |
|      AverageEpRet |            -965 |
|          StdEpRet |            56.1 |
|          MaxEpRet |            -905 |
|          MinEpRet |       -1.03e+03 |
|             EpLen |           1e+03 |
|      AverageVVals |           -51.8 |
|          StdVVals |           0.166 |
|          MaxVVals |           -46.7 |
|          MinVVals |           -51.9 |
| TotalEnvInteracts |         3.2e+04 |
|            LossPi |        8.94e-08 |
|             LossV |         2.1e+03 |
|       DeltaLossPi |         -0.0636 |
|        DeltaLossV |            -305 |
|                KL |         0.00897 |
|    BacktrackIters |               0 |
|              Time |             200 |
---------------------------------------
[32;1mAccepting new params at step 0 of line search.[0m
---------------------------------------
|             Epoch |               8 |
|      AverageEpRet |            -742 |
|          StdEpRet |             136 |
|          MaxEpRet |            -619 |
|          MinEpRet |            -957 |
|             EpLen |           1e+03 |
|      AverageVVals |           -56.4 |
|          StdVVals |           0.261 |
|          MaxVVals |           -51.2 |
|          MinVVals |           -56.5 |
| TotalEnvInteracts |         3.6e+04 |
|            LossPi |        1.49e-08 |
|             LossV |        1.06e+03 |
|       DeltaLossPi |         -0.0609 |
|        DeltaLossV |           -36.6 |
|                KL |         0.00895 |
|    BacktrackIters |               0 |
|              Time |             230 |
---------------------------------------
[32;1mAccepting new params at step 0 of line search.[0m
---------------------------------------
|             Epoch |               9 |
|      AverageEpRet |            -814 |
|          StdEpRet |             109 |
|          MaxEpRet |            -688 |
|          MinEpRet |            -981 |
|             EpLen |           1e+03 |
|      AverageVVals |           -58.1 |
|          StdVVals |           0.789 |
|          MaxVVals |           -35.7 |
|          MinVVals |           -58.3 |
| TotalEnvInteracts |           4e+04 |
|            LossPi |       -1.86e-08 |
|             LossV |             896 |
|       DeltaLossPi |         -0.0595 |
|        DeltaLossV |           -67.8 |
|                KL |         0.00915 |
|    BacktrackIters |               0 |
|              Time |             251 |
---------------------------------------
[32;1mAccepting new params at step 0 of line search.[0m
---------------------------------------
|             Epoch |              10 |
|      AverageEpRet |            -589 |
|          StdEpRet |            79.6 |
|          MaxEpRet |            -525 |
|          MinEpRet |            -722 |
|             EpLen |           1e+03 |
|      AverageVVals |           -60.3 |
|          StdVVals |           0.567 |
|          MaxVVals |           -43.4 |
|          MinVVals |           -60.5 |
| TotalEnvInteracts |         4.4e+04 |
|            LossPi |       -3.73e-09 |
|             LossV |             856 |
|       DeltaLossPi |         -0.0571 |
|        DeltaLossV |           -72.3 |
|                KL |         0.00889 |
|    BacktrackIters |               0 |
|              Time |             281 |
---------------------------------------
[32;1mAccepting new params at step 0 of line search.[0m
---------------------------------------
|             Epoch |              11 |
|      AverageEpRet |            -917 |
|          StdEpRet |            88.7 |
|          MaxEpRet |            -790 |
|          MinEpRet |       -1.04e+03 |
|             EpLen |           1e+03 |
|      AverageVVals |             -58 |
|          StdVVals |            5.63 |
|          MaxVVals |              14 |
|          MinVVals |           -60.2 |
| TotalEnvInteracts |         4.8e+04 |
|            LossPi |       -7.45e-09 |
|             LossV |        1.41e+03 |
|       DeltaLossPi |          -0.059 |
|        DeltaLossV |            -206 |
|                KL |           0.009 |
|    BacktrackIters |               0 |
|              Time |             305 |
---------------------------------------
[32;1mAccepting new params at step 0 of line search.[0m
---------------------------------------
|             Epoch |              12 |
|      AverageEpRet |            -807 |
|          StdEpRet |             153 |
|          MaxEpRet |            -637 |
|          MinEpRet |       -1.05e+03 |
|             EpLen |           1e+03 |
|      AverageVVals |           -62.9 |
|          StdVVals |           0.834 |
|          MaxVVals |           -31.5 |
|          MinVVals |           -63.1 |
| TotalEnvInteracts |         5.2e+04 |
|            LossPi |        3.73e-08 |
|             LossV |        1.11e+03 |
|       DeltaLossPi |         -0.0605 |
|        DeltaLossV |           -47.2 |
|                KL |         0.00894 |
|    BacktrackIters |               0 |
|              Time |             326 |
---------------------------------------
[32;1mAccepting new params at step 0 of line search.[0m
---------------------------------------
|             Epoch |              13 |
|      AverageEpRet |            -712 |
|          StdEpRet |            43.3 |
|          MaxEpRet |            -649 |
|          MinEpRet |            -771 |
|             EpLen |           1e+03 |
|      AverageVVals |           -64.5 |
|          StdVVals |            2.44 |
|          MaxVVals |           0.503 |
|          MinVVals |           -65.1 |
| TotalEnvInteracts |         5.6e+04 |
|            LossPi |       -2.31e-08 |
|             LossV |             649 |
|       DeltaLossPi |         -0.0585 |
|        DeltaLossV |           -8.96 |
|                KL |         0.00903 |
|    BacktrackIters |               0 |
|              Time |             355 |
---------------------------------------
[32;1mAccepting new params at step 0 of line search.[0m
---------------------------------------
|             Epoch |              14 |
|      AverageEpRet |            -809 |
|          StdEpRet |             188 |
|          MaxEpRet |            -510 |
|          MinEpRet |            -987 |
|             EpLen |           1e+03 |
|      AverageVVals |           -65.1 |
|          StdVVals |            1.88 |
|          MaxVVals |           -21.4 |
|          MinVVals |           -65.5 |
| TotalEnvInteracts |           6e+04 |
|            LossPi |        2.24e-08 |
|             LossV |        1.16e+03 |
|       DeltaLossPi |         -0.0601 |
|        DeltaLossV |           -51.2 |
|                KL |         0.00897 |
|    BacktrackIters |               0 |
|              Time |             377 |
---------------------------------------
[32;1mAccepting new params at step 0 of line search.[0m
---------------------------------------
|             Epoch |              15 |
|      AverageEpRet |            -754 |
|          StdEpRet |             109 |
|          MaxEpRet |            -574 |
|          MinEpRet |            -848 |
|             EpLen |           1e+03 |
|      AverageVVals |           -65.8 |
|          StdVVals |             3.8 |
|          MaxVVals |           -7.63 |
|          MinVVals |           -66.9 |
| TotalEnvInteracts |         6.4e+04 |
|            LossPi |        3.73e-08 |
|             LossV |             555 |
|       DeltaLossPi |         -0.0623 |
|        DeltaLossV |           -37.4 |
|                KL |         0.00902 |
|    BacktrackIters |               0 |
|              Time |             397 |
---------------------------------------
[32;1mAccepting new params at step 0 of line search.[0m
---------------------------------------
|             Epoch |              16 |
|      AverageEpRet |            -755 |
|          StdEpRet |            95.3 |
|          MaxEpRet |            -656 |
|          MinEpRet |            -880 |
|             EpLen |           1e+03 |
|      AverageVVals |           -65.2 |
|          StdVVals |            7.11 |
|          MaxVVals |            27.7 |
|          MinVVals |           -67.5 |
| TotalEnvInteracts |         6.8e+04 |
|            LossPi |        3.73e-09 |
|             LossV |             587 |
|       DeltaLossPi |         -0.0622 |
|        DeltaLossV |           -42.1 |
|                KL |         0.00905 |
|    BacktrackIters |               0 |
|              Time |             424 |
---------------------------------------
[32;1mAccepting new params at step 0 of line search.[0m
---------------------------------------
|             Epoch |              17 |
|      AverageEpRet |            -845 |
|          StdEpRet |             116 |
|          MaxEpRet |            -696 |
|          MinEpRet |       -1.02e+03 |
|             EpLen |           1e+03 |
|      AverageVVals |           -65.8 |
|          StdVVals |            5.59 |
|          MaxVVals |          -0.836 |
|          MinVVals |           -68.2 |
| TotalEnvInteracts |         7.2e+04 |
|            LossPi |        7.45e-09 |
|             LossV |        1.21e+03 |
|       DeltaLossPi |          -0.057 |
|        DeltaLossV |           -62.3 |
|                KL |         0.00905 |
|    BacktrackIters |               0 |
|              Time |             449 |
---------------------------------------
[32;1mAccepting new params at step 0 of line search.[0m
---------------------------------------
|             Epoch |              18 |
|      AverageEpRet |            -690 |
|          StdEpRet |             184 |
|          MaxEpRet |            -420 |
|          MinEpRet |            -936 |
|             EpLen |           1e+03 |
|      AverageVVals |           -68.1 |
|          StdVVals |            5.55 |
|          MaxVVals |            30.8 |
|          MinVVals |           -69.9 |
| TotalEnvInteracts |         7.6e+04 |
|            LossPi |               0 |
|             LossV |             853 |
|       DeltaLossPi |         -0.0637 |
|        DeltaLossV |            -171 |
|                KL |         0.00905 |
|    BacktrackIters |               0 |
|              Time |             476 |
---------------------------------------
[32;1mAccepting new params at step 0 of line search.[0m
---------------------------------------
|             Epoch |              19 |
|      AverageEpRet |            -812 |
|          StdEpRet |            35.8 |
|          MaxEpRet |            -764 |
|          MinEpRet |            -856 |
|             EpLen |           1e+03 |
|      AverageVVals |           -59.8 |
|          StdVVals |            15.5 |
|          MaxVVals |            42.4 |
|          MinVVals |           -69.8 |
| TotalEnvInteracts |           8e+04 |
|            LossPi |        1.68e-08 |
|             LossV |             846 |
|       DeltaLossPi |         -0.0572 |
|        DeltaLossV |            -433 |
|                KL |         0.00907 |
|    BacktrackIters |               0 |
|              Time |             505 |
---------------------------------------
[32;1mAccepting new params at step 0 of line search.[0m
---------------------------------------
|             Epoch |              20 |
|      AverageEpRet |            -677 |
|          StdEpRet |            53.9 |
|          MaxEpRet |            -618 |
|          MinEpRet |            -763 |
|             EpLen |           1e+03 |
|      AverageVVals |           -70.4 |
|          StdVVals |            1.59 |
|          MaxVVals |           -49.9 |
|          MinVVals |           -71.2 |
| TotalEnvInteracts |         8.4e+04 |
|            LossPi |        5.59e-09 |
|             LossV |             670 |
|       DeltaLossPi |         -0.0615 |
|        DeltaLossV |           -64.2 |
|                KL |         0.00898 |
|    BacktrackIters |               0 |
|              Time |             534 |
---------------------------------------
[32;1mAccepting new params at step 0 of line search.[0m
---------------------------------------
|             Epoch |              21 |
|      AverageEpRet |            -883 |
|          StdEpRet |            86.1 |
|          MaxEpRet |            -738 |
|          MinEpRet |            -967 |
|             EpLen |           1e+03 |
|      AverageVVals |           -66.7 |
|          StdVVals |             5.1 |
|          MaxVVals |           -9.99 |
|          MinVVals |           -69.6 |
| TotalEnvInteracts |         8.8e+04 |
|            LossPi |        1.12e-08 |
|             LossV |        1.04e+03 |
|       DeltaLossPi |         -0.0608 |
|        DeltaLossV |            -123 |
|                KL |         0.00904 |
|    BacktrackIters |               0 |
|              Time |             560 |
---------------------------------------
[32;1mAccepting new params at step 0 of line search.[0m
---------------------------------------
|             Epoch |              22 |
|      AverageEpRet |            -755 |
|          StdEpRet |            33.9 |
|          MaxEpRet |            -710 |
|          MinEpRet |            -797 |
|             EpLen |           1e+03 |
|      AverageVVals |           -71.3 |
|          StdVVals |            2.23 |
|          MaxVVals |           -37.1 |
|          MinVVals |           -71.9 |
| TotalEnvInteracts |         9.2e+04 |
|            LossPi |       -2.42e-08 |
|             LossV |             369 |
|       DeltaLossPi |         -0.0599 |
|        DeltaLossV |           -9.68 |
|                KL |          0.0089 |
|    BacktrackIters |               0 |
|              Time |             590 |
---------------------------------------
[32;1mAccepting new params at step 0 of line search.[0m
---------------------------------------
|             Epoch |              23 |
|      AverageEpRet |            -671 |
|          StdEpRet |             139 |
|          MaxEpRet |            -528 |
|          MinEpRet |            -848 |
|             EpLen |           1e+03 |
|      AverageVVals |           -69.8 |
|          StdVVals |            4.98 |
|          MaxVVals |            3.57 |
|          MinVVals |           -71.5 |
| TotalEnvInteracts |         9.6e+04 |
|            LossPi |        4.47e-08 |
|             LossV |        1.01e+03 |
|       DeltaLossPi |         -0.0629 |
|        DeltaLossV |            -300 |
|                KL |         0.00909 |
|    BacktrackIters |               0 |
|              Time |             617 |
---------------------------------------
[32;1mAccepting new params at step 0 of line search.[0m
---------------------------------------
|             Epoch |              24 |
|      AverageEpRet |            -699 |
|          StdEpRet |            87.6 |
|          MaxEpRet |            -576 |
|          MinEpRet |            -814 |
|             EpLen |           1e+03 |
|      AverageVVals |             -57 |
|          StdVVals |            12.8 |
|          MaxVVals |            20.9 |
|          MinVVals |           -70.1 |
| TotalEnvInteracts |           1e+05 |
|            LossPi |        7.45e-09 |
|             LossV |             802 |
|       DeltaLossPi |         -0.0598 |
|        DeltaLossV |            -241 |
|                KL |         0.00904 |
|    BacktrackIters |               0 |
|              Time |             636 |
---------------------------------------
[32;1mAccepting new params at step 0 of line search.[0m
---------------------------------------
|             Epoch |              25 |
|      AverageEpRet |            -696 |
|          StdEpRet |            75.5 |
|          MaxEpRet |            -593 |
|          MinEpRet |            -798 |
|             EpLen |           1e+03 |
|      AverageVVals |           -65.9 |
|          StdVVals |            5.73 |
|          MaxVVals |            12.4 |
|          MinVVals |           -70.1 |
| TotalEnvInteracts |        1.04e+05 |
|            LossPi |       -6.52e-09 |
|             LossV |             466 |
|       DeltaLossPi |          -0.057 |
|        DeltaLossV |           -37.7 |
|                KL |         0.00905 |
|    BacktrackIters |               0 |
|              Time |             663 |
---------------------------------------
[32;1mAccepting new params at step 0 of line search.[0m
---------------------------------------
|             Epoch |              26 |
|      AverageEpRet |            -744 |
|          StdEpRet |            18.6 |
|          MaxEpRet |            -729 |
|          MinEpRet |            -776 |
|             EpLen |           1e+03 |
|      AverageVVals |           -65.2 |
|          StdVVals |            5.84 |
|          MaxVVals |           -15.6 |
|          MinVVals |           -69.9 |
| TotalEnvInteracts |        1.08e+05 |
|            LossPi |       -9.31e-10 |
|             LossV |             424 |
|       DeltaLossPi |         -0.0623 |
|        DeltaLossV |           -29.7 |
|                KL |         0.00915 |
|    BacktrackIters |               0 |
|              Time |             692 |
---------------------------------------
[32;1mAccepting new params at step 0 of line search.[0m
---------------------------------------
|             Epoch |              27 |
|      AverageEpRet |            -665 |
|          StdEpRet |              86 |
|          MaxEpRet |            -528 |
|          MinEpRet |            -755 |
|             EpLen |           1e+03 |
|      AverageVVals |           -66.4 |
|          StdVVals |            4.18 |
|          MaxVVals |             -27 |
|          MinVVals |           -70.1 |
| TotalEnvInteracts |        1.12e+05 |
|            LossPi |       -1.49e-08 |
|             LossV |             442 |
|       DeltaLossPi |         -0.0652 |
|        DeltaLossV |           -62.3 |
|                KL |         0.00911 |
|    BacktrackIters |               0 |
|              Time |             709 |
---------------------------------------
[32;1mAccepting new params at step 0 of line search.[0m
---------------------------------------
|             Epoch |              28 |
|      AverageEpRet |            -714 |
|          StdEpRet |              71 |
|          MaxEpRet |            -595 |
|          MinEpRet |            -779 |
|             EpLen |           1e+03 |
|      AverageVVals |           -61.2 |
|          StdVVals |             6.8 |
|          MaxVVals |            13.5 |
|          MinVVals |           -69.4 |
| TotalEnvInteracts |        1.16e+05 |
|            LossPi |        1.12e-08 |
|             LossV |             762 |
|       DeltaLossPi |         -0.0631 |
|        DeltaLossV |           -66.4 |
|                KL |         0.00898 |
|    BacktrackIters |               0 |
|              Time |             735 |
---------------------------------------
[32;1mAccepting new params at step 0 of line search.[0m
---------------------------------------
|             Epoch |              29 |
|      AverageEpRet |            -584 |
|          StdEpRet |              60 |
|          MaxEpRet |            -484 |
|          MinEpRet |            -634 |
|             EpLen |           1e+03 |
|      AverageVVals |           -63.6 |
|          StdVVals |            8.49 |
|          MaxVVals |            9.43 |
|          MinVVals |           -70.1 |
| TotalEnvInteracts |         1.2e+05 |
|            LossPi |               0 |
|             LossV |             574 |
|       DeltaLossPi |         -0.0626 |
|        DeltaLossV |            -188 |
|                KL |         0.00894 |
|    BacktrackIters |               0 |
|              Time |             758 |
---------------------------------------
[32;1mAccepting new params at step 0 of line search.[0m
---------------------------------------
|             Epoch |              30 |
|      AverageEpRet |            -691 |
|          StdEpRet |            53.4 |
|          MaxEpRet |            -610 |
|          MinEpRet |            -760 |
|             EpLen |           1e+03 |
|      AverageVVals |           -51.9 |
|          StdVVals |            14.6 |
|          MaxVVals |            12.9 |
|          MinVVals |           -69.3 |
| TotalEnvInteracts |        1.24e+05 |
|            LossPi |       -2.33e-08 |
|             LossV |        1.04e+03 |
|       DeltaLossPi |         -0.0577 |
|        DeltaLossV |            -371 |
|                KL |           0.009 |
|    BacktrackIters |               0 |
|              Time |             784 |
---------------------------------------
[32;1mAccepting new params at step 0 of line search.[0m
---------------------------------------
|             Epoch |              31 |
|      AverageEpRet |            -655 |
|          StdEpRet |             130 |
|          MaxEpRet |            -440 |
|          MinEpRet |            -786 |
|             EpLen |           1e+03 |
|      AverageVVals |           -63.6 |
|          StdVVals |            8.42 |
|          MaxVVals |            29.4 |
|          MinVVals |             -70 |
| TotalEnvInteracts |        1.28e+05 |
|            LossPi |       -1.49e-08 |
|             LossV |             707 |
|       DeltaLossPi |         -0.0625 |
|        DeltaLossV |             -89 |
|                KL |         0.00902 |
|    BacktrackIters |               0 |
|              Time |             813 |
---------------------------------------
[32;1mAccepting new params at step 0 of line search.[0m
---------------------------------------
|             Epoch |              32 |
|      AverageEpRet |            -734 |
|          StdEpRet |            42.1 |
|          MaxEpRet |            -676 |
|          MinEpRet |            -782 |
|             EpLen |           1e+03 |
|      AverageVVals |           -59.8 |
|          StdVVals |            9.01 |
|          MaxVVals |            28.8 |
|          MinVVals |           -69.4 |
| TotalEnvInteracts |        1.32e+05 |
|            LossPi |       -2.79e-09 |
|             LossV |             650 |
|       DeltaLossPi |         -0.0629 |
|        DeltaLossV |            -136 |
|                KL |         0.00902 |
|    BacktrackIters |               0 |
|              Time |             835 |
---------------------------------------
[32;1mAccepting new params at step 0 of line search.[0m
---------------------------------------
|             Epoch |              33 |
|      AverageEpRet |            -717 |
|          StdEpRet |            63.3 |
|          MaxEpRet |            -650 |
|          MinEpRet |            -820 |
|             EpLen |           1e+03 |
|      AverageVVals |           -67.2 |
|          StdVVals |            3.26 |
|          MaxVVals |           -41.8 |
|          MinVVals |           -70.6 |
| TotalEnvInteracts |        1.36e+05 |
|            LossPi |        1.86e-09 |
|             LossV |             409 |
|       DeltaLossPi |          -0.062 |
|        DeltaLossV |           -18.8 |
|                KL |         0.00907 |
|    BacktrackIters |               0 |
|              Time |             862 |
---------------------------------------
[32;1mAccepting new params at step 0 of line search.[0m
---------------------------------------
|             Epoch |              34 |
|      AverageEpRet |            -709 |
|          StdEpRet |            42.9 |
|          MaxEpRet |            -664 |
|          MinEpRet |            -774 |
|             EpLen |           1e+03 |
|      AverageVVals |           -65.8 |
|          StdVVals |            3.29 |
|          MaxVVals |             -38 |
|          MinVVals |           -70.4 |
| TotalEnvInteracts |         1.4e+05 |
|            LossPi |        1.49e-08 |
|             LossV |             404 |
|       DeltaLossPi |         -0.0662 |
|        DeltaLossV |           -15.1 |
|                KL |         0.00905 |
|    BacktrackIters |               0 |
|              Time |             890 |
---------------------------------------
[32;1mAccepting new params at step 0 of line search.[0m
---------------------------------------
|             Epoch |              35 |
|      AverageEpRet |            -695 |
|          StdEpRet |            44.7 |
|          MaxEpRet |            -643 |
|          MinEpRet |            -764 |
|             EpLen |           1e+03 |
|      AverageVVals |           -65.1 |
|          StdVVals |            2.74 |
|          MaxVVals |             -35 |
|          MinVVals |           -70.2 |
| TotalEnvInteracts |        1.44e+05 |
|            LossPi |        1.49e-08 |
|             LossV |             357 |
|       DeltaLossPi |         -0.0645 |
|        DeltaLossV |           -9.02 |
|                KL |         0.00906 |
|    BacktrackIters |               0 |
|              Time |             918 |
---------------------------------------
[32;1mAccepting new params at step 0 of line search.[0m
---------------------------------------
|             Epoch |              36 |
|      AverageEpRet |            -659 |
|          StdEpRet |            46.3 |
|          MaxEpRet |            -593 |
|          MinEpRet |            -717 |
|             EpLen |           1e+03 |
|      AverageVVals |           -63.8 |
|          StdVVals |            4.68 |
|          MaxVVals |           -19.1 |
|          MinVVals |           -70.2 |
| TotalEnvInteracts |        1.48e+05 |
|            LossPi |        1.58e-08 |
|             LossV |             688 |
|       DeltaLossPi |         -0.0605 |
|        DeltaLossV |            -101 |
|                KL |         0.00904 |
|    BacktrackIters |               0 |
|              Time |             942 |
---------------------------------------
[32;1mAccepting new params at step 0 of line search.[0m
---------------------------------------
|             Epoch |              37 |
|      AverageEpRet |            -741 |
|          StdEpRet |            42.4 |
|          MaxEpRet |            -689 |
|          MinEpRet |            -804 |
|             EpLen |           1e+03 |
|      AverageVVals |             -54 |
|          StdVVals |            12.8 |
|          MaxVVals |            16.2 |
|          MinVVals |           -69.9 |
| TotalEnvInteracts |        1.52e+05 |
|            LossPi |        1.12e-08 |
|             LossV |             748 |
|       DeltaLossPi |         -0.0612 |
|        DeltaLossV |            -275 |
|                KL |         0.00904 |
|    BacktrackIters |               0 |
|              Time |             965 |
---------------------------------------
[32;1mAccepting new params at step 0 of line search.[0m
---------------------------------------
|             Epoch |              38 |
|      AverageEpRet |            -638 |
|          StdEpRet |            36.8 |
|          MaxEpRet |            -574 |
|          MinEpRet |            -663 |
|             EpLen |           1e+03 |
|      AverageVVals |           -67.3 |
|          StdVVals |            3.57 |
|          MaxVVals |             -41 |
|          MinVVals |           -71.3 |
| TotalEnvInteracts |        1.56e+05 |
|            LossPi |        1.12e-08 |
|             LossV |             429 |
|       DeltaLossPi |         -0.0639 |
|        DeltaLossV |           -95.5 |
|                KL |         0.00896 |
|    BacktrackIters |               0 |
|              Time |             992 |
---------------------------------------
[32;1mAccepting new params at step 0 of line search.[0m
---------------------------------------
|             Epoch |              39 |
|      AverageEpRet |            -649 |
|          StdEpRet |             112 |
|          MaxEpRet |            -550 |
|          MinEpRet |            -830 |
|             EpLen |           1e+03 |
|      AverageVVals |           -58.3 |
|          StdVVals |            5.46 |
|          MaxVVals |           -12.9 |
|          MinVVals |           -69.5 |
| TotalEnvInteracts |         1.6e+05 |
|            LossPi |       -1.12e-08 |
|             LossV |             450 |
|       DeltaLossPi |         -0.0642 |
|        DeltaLossV |           -48.4 |
|                KL |         0.00906 |
|    BacktrackIters |               0 |
|              Time |        1.02e+03 |
---------------------------------------
[32;1mAccepting new params at step 0 of line search.[0m
---------------------------------------
|             Epoch |              40 |
|      AverageEpRet |            -686 |
|          StdEpRet |            69.3 |
|          MaxEpRet |            -600 |
|          MinEpRet |            -781 |
|             EpLen |           1e+03 |
|      AverageVVals |           -60.7 |
|          StdVVals |            6.77 |
|          MaxVVals |           -14.8 |
|          MinVVals |           -70.1 |
| TotalEnvInteracts |        1.64e+05 |
|            LossPi |        7.45e-09 |
|             LossV |             488 |
|       DeltaLossPi |         -0.0626 |
|        DeltaLossV |           -33.4 |
|                KL |         0.00903 |
|    BacktrackIters |               0 |
|              Time |        1.04e+03 |
---------------------------------------
[32;1mAccepting new params at step 0 of line search.[0m
---------------------------------------
|             Epoch |              41 |
|      AverageEpRet |            -583 |
|          StdEpRet |             118 |
|          MaxEpRet |            -400 |
|          MinEpRet |            -721 |
|             EpLen |           1e+03 |
|      AverageVVals |           -57.1 |
|          StdVVals |            8.25 |
|          MaxVVals |            15.2 |
|          MinVVals |           -70.1 |
| TotalEnvInteracts |        1.68e+05 |
|            LossPi |        2.24e-08 |
|             LossV |             654 |
|       DeltaLossPi |         -0.0595 |
|        DeltaLossV |           -77.3 |
|                KL |         0.00903 |
|    BacktrackIters |               0 |
|              Time |        1.07e+03 |
---------------------------------------
[32;1mAccepting new params at step 0 of line search.[0m
---------------------------------------
|             Epoch |              42 |
|      AverageEpRet |            -774 |
|          StdEpRet |            71.4 |
|          MaxEpRet |            -693 |
|          MinEpRet |            -889 |
|             EpLen |           1e+03 |
|      AverageVVals |           -55.7 |
|          StdVVals |             7.4 |
|          MaxVVals |           -14.8 |
|          MinVVals |           -69.6 |
| TotalEnvInteracts |        1.72e+05 |
|            LossPi |       -4.47e-08 |
|             LossV |             929 |
|       DeltaLossPi |         -0.0613 |
|        DeltaLossV |            -221 |
|                KL |         0.00909 |
|    BacktrackIters |               0 |
|              Time |        1.09e+03 |
---------------------------------------
[32;1mAccepting new params at step 0 of line search.[0m
---------------------------------------
|             Epoch |              43 |
|      AverageEpRet |            -615 |
|          StdEpRet |              23 |
|          MaxEpRet |            -592 |
|          MinEpRet |            -651 |
|             EpLen |           1e+03 |
|      AverageVVals |           -66.4 |
|          StdVVals |            5.21 |
|          MaxVVals |           -11.3 |
|          MinVVals |           -73.3 |
| TotalEnvInteracts |        1.76e+05 |
|            LossPi |       -1.58e-08 |
|             LossV |             437 |
|       DeltaLossPi |         -0.0636 |
|        DeltaLossV |            -101 |
|                KL |         0.00907 |
|    BacktrackIters |               0 |
|              Time |        1.12e+03 |
---------------------------------------
[32;1mAccepting new params at step 0 of line search.[0m
---------------------------------------
|             Epoch |              44 |
|      AverageEpRet |            -644 |
|          StdEpRet |            91.8 |
|          MaxEpRet |            -487 |
|          MinEpRet |            -716 |
|             EpLen |           1e+03 |
|      AverageVVals |           -57.7 |
|          StdVVals |            5.49 |
|          MaxVVals |           -15.1 |
|          MinVVals |           -71.5 |
| TotalEnvInteracts |         1.8e+05 |
|            LossPi |       -2.24e-08 |
|             LossV |             463 |
|       DeltaLossPi |         -0.0631 |
|        DeltaLossV |           -66.7 |
|                KL |         0.00906 |
|    BacktrackIters |               0 |
|              Time |        1.14e+03 |
---------------------------------------
[32;1mAccepting new params at step 0 of line search.[0m
---------------------------------------
|             Epoch |              45 |
|      AverageEpRet |            -643 |
|          StdEpRet |            85.5 |
|          MaxEpRet |            -548 |
|          MinEpRet |            -779 |
|             EpLen |           1e+03 |
|      AverageVVals |           -56.8 |
|          StdVVals |            10.3 |
|          MaxVVals |            43.9 |
|          MinVVals |           -71.9 |
| TotalEnvInteracts |        1.84e+05 |
|            LossPi |        3.73e-09 |
|             LossV |             486 |
|       DeltaLossPi |         -0.0601 |
|        DeltaLossV |           -74.2 |
|                KL |         0.00908 |
|    BacktrackIters |               0 |
|              Time |        1.17e+03 |
---------------------------------------
[32;1mAccepting new params at step 0 of line search.[0m
---------------------------------------
|             Epoch |              46 |
|      AverageEpRet |            -647 |
|          StdEpRet |            60.4 |
|          MaxEpRet |            -548 |
|          MinEpRet |            -712 |
|             EpLen |           1e+03 |
|      AverageVVals |           -59.3 |
|          StdVVals |            5.08 |
|          MaxVVals |           -23.7 |
|          MinVVals |           -71.9 |
| TotalEnvInteracts |        1.88e+05 |
|            LossPi |        1.12e-08 |
|             LossV |             351 |
|       DeltaLossPi |         -0.0649 |
|        DeltaLossV |           -23.7 |
|                KL |         0.00906 |
|    BacktrackIters |               0 |
|              Time |        1.19e+03 |
---------------------------------------
[32;1mAccepting new params at step 0 of line search.[0m
---------------------------------------
|             Epoch |              47 |
|      AverageEpRet |            -692 |
|          StdEpRet |            61.1 |
|          MaxEpRet |            -626 |
|          MinEpRet |            -787 |
|             EpLen |           1e+03 |
|      AverageVVals |             -61 |
|          StdVVals |            4.49 |
|          MaxVVals |             -13 |
|          MinVVals |           -72.1 |
| TotalEnvInteracts |        1.92e+05 |
|            LossPi |               0 |
|             LossV |             353 |
|       DeltaLossPi |         -0.0656 |
|        DeltaLossV |           -35.5 |
|                KL |         0.00909 |
|    BacktrackIters |               0 |
|              Time |        1.21e+03 |
---------------------------------------
[32;1mAccepting new params at step 0 of line search.[0m
---------------------------------------
|             Epoch |              48 |
|      AverageEpRet |            -620 |
|          StdEpRet |            37.1 |
|          MaxEpRet |            -558 |
|          MinEpRet |            -657 |
|             EpLen |           1e+03 |
|      AverageVVals |           -62.7 |
|          StdVVals |            5.72 |
|          MaxVVals |            31.8 |
|          MinVVals |           -72.8 |
| TotalEnvInteracts |        1.96e+05 |
|            LossPi |        2.79e-08 |
|             LossV |             414 |
|       DeltaLossPi |         -0.0634 |
|        DeltaLossV |             -67 |
|                KL |         0.00903 |
|    BacktrackIters |               0 |
|              Time |        1.23e+03 |
---------------------------------------
[32;1mAccepting new params at step 0 of line search.[0m
---------------------------------------
|             Epoch |              49 |
|      AverageEpRet |            -635 |
|          StdEpRet |            54.5 |
|          MaxEpRet |            -577 |
|          MinEpRet |            -724 |
|             EpLen |           1e+03 |
|      AverageVVals |           -57.1 |
|          StdVVals |            7.07 |
|          MaxVVals |            5.88 |
|          MinVVals |           -71.5 |
| TotalEnvInteracts |           2e+05 |
|            LossPi |       -2.33e-10 |
|             LossV |             420 |
|       DeltaLossPi |         -0.0605 |
|        DeltaLossV |             -70 |
|                KL |         0.00905 |
|    BacktrackIters |               0 |
|              Time |        1.25e+03 |
---------------------------------------
