--------------------------------------------------------------------------
[[29803,1],0]: A high-performance Open MPI point-to-point messaging module
was unable to find any relevant network interfaces:

Module: OpenFabrics (openib)
  Host: GCRAZGDL0429

Another transport will be used instead, although this may result in
lower performance.

NOTE: You can disable this warning by setting the MCA parameter
btl_base_warn_component_unused to 0.
--------------------------------------------------------------------------
--------------------------------------------------------------------------
[[29873,1],1]: A high-performance Open MPI point-to-point messaging module
was unable to find any relevant network interfaces:

Module: OpenFabrics (openib)
  Host: GCRAZGDL0429

Another transport will be used instead, although this may result in
lower performance.

NOTE: You can disable this warning by setting the MCA parameter
btl_base_warn_component_unused to 0.
--------------------------------------------------------------------------
Warning: Log dir exp/trpo_Walker2d-v3/trpo_Walker2d-v3_s1 already exists! Storing info there anyway.
[32;1mLogging data to exp/trpo_Walker2d-v3/trpo_Walker2d-v3_s1/progress.txt[0m
[36;1mSaving config:
[0m
{
    "ac_kwargs":	{
        "hidden_sizes":	[
            64,
            64
        ]
    },
    "actor_critic":	"mlp_actor_critic",
    "algo":	"trpo",
    "backtrack_coeff":	0.8,
    "backtrack_iters":	10,
    "cg_iters":	10,
    "damping_coeff":	0.1,
    "delta":	0.01,
    "env_fn":	"<function <lambda> at 0x7fd6aa5174d0>",
    "epochs":	50,
    "exp_name":	"trpo_Walker2d-v3",
    "gamma":	0.99,
    "lam":	0.97,
    "logger":	{
        "<spinup.utils.logx.EpochLogger object at 0x7fd6aa4c1550>":	{
            "epoch_dict":	{},
            "exp_name":	"trpo_Walker2d-v3",
            "first_row":	true,
            "log_current_row":	{},
            "log_headers":	[],
            "output_dir":	"exp/trpo_Walker2d-v3/trpo_Walker2d-v3_s1",
            "output_file":	{
                "<_io.TextIOWrapper name='exp/trpo_Walker2d-v3/trpo_Walker2d-v3_s1/progress.txt' mode='w' encoding='UTF-8'>":	{
                    "mode":	"w"
                }
            }
        }
    },
    "logger_kwargs":	{
        "exp_name":	"trpo_Walker2d-v3",
        "output_dir":	"exp/trpo_Walker2d-v3/trpo_Walker2d-v3_s1"
    },
    "max_ep_len":	1000,
    "save_freq":	10,
    "seed":	1,
    "steps_per_epoch":	4000,
    "train_v_iters":	80,
    "vf_lr":	0.001
}
[GCRAZGDL0429:31900] 3 more processes have sent help message help-mpi-btl-base.txt / btl:no-nics
[GCRAZGDL0429:31900] Set MCA parameter "orte_base_help_aggregate" to 0 to see all help / error messages
[32;1m
Number of parameters: 	 pi: 5708, 	 v: 5377
[0m
2022-04-14 05:27:07.039804: I tensorflow/core/platform/cpu_feature_guard.cc:142] Your CPU supports instructions that this TensorFlow binary was not compiled to use: AVX2 FMA
2022-04-14 05:27:07.145243: I tensorflow/core/platform/profile_utils/cpu_utils.cc:94] CPU Frequency: 2593990000 Hz
2022-04-14 05:27:07.161294: I tensorflow/compiler/xla/service/service.cc:168] XLA service 0x563822c337f0 initialized for platform Host (this does not guarantee that XLA will be used). Devices:
2022-04-14 05:27:07.161338: I tensorflow/compiler/xla/service/service.cc:176]   StreamExecutor device (0): Host, Default Version
2022-04-14 05:27:09.363981: I tensorflow/core/platform/cpu_feature_guard.cc:142] Your CPU supports instructions that this TensorFlow binary was not compiled to use: AVX2 FMA
2022-04-14 05:27:09.449210: I tensorflow/core/platform/profile_utils/cpu_utils.cc:94] CPU Frequency: 2593990000 Hz
2022-04-14 05:27:09.469257: I tensorflow/compiler/xla/service/service.cc:168] XLA service 0x55cb7cb7e010 initialized for platform Host (this does not guarantee that XLA will be used). Devices:
2022-04-14 05:27:09.469444: I tensorflow/compiler/xla/service/service.cc:176]   StreamExecutor device (0): Host, Default Version
2022-04-14 05:27:30.889453: I tensorflow/core/platform/cpu_feature_guard.cc:142] Your CPU supports instructions that this TensorFlow binary was not compiled to use: AVX2 FMA
2022-04-14 05:27:30.989196: I tensorflow/core/platform/profile_utils/cpu_utils.cc:94] CPU Frequency: 2593990000 Hz
2022-04-14 05:27:30.993249: I tensorflow/compiler/xla/service/service.cc:168] XLA service 0x55ae401c0910 initialized for platform Host (this does not guarantee that XLA will be used). Devices:
2022-04-14 05:27:30.993331: I tensorflow/compiler/xla/service/service.cc:176]   StreamExecutor device (0): Host, Default Version
2022-04-14 05:27:47.948486: I tensorflow/core/platform/cpu_feature_guard.cc:142] Your CPU supports instructions that this TensorFlow binary was not compiled to use: AVX2 FMA
2022-04-14 05:27:48.146891: I tensorflow/core/platform/profile_utils/cpu_utils.cc:94] CPU Frequency: 2593990000 Hz
2022-04-14 05:27:48.148896: I tensorflow/compiler/xla/service/service.cc:168] XLA service 0x561098b51850 initialized for platform Host (this does not guarantee that XLA will be used). Devices:
2022-04-14 05:27:48.148946: I tensorflow/compiler/xla/service/service.cc:176]   StreamExecutor device (0): Host, Default Version
Warning: trajectory cut off by epoch at 9 steps.
Warning: trajectory cut off by epoch at 4 steps.
Warning: trajectory cut off by epoch at 11 steps.
[32;1mAccepting new params at step 0 of line search.[0m
---------------------------------------
|             Epoch |               0 |
|      AverageEpRet |           -1.62 |
|          StdEpRet |            4.16 |
|          MaxEpRet |            12.2 |
|          MinEpRet |           -13.6 |
|             EpLen |              16 |
|      AverageVVals |          -0.141 |
|          StdVVals |           0.558 |
|          MaxVVals |            1.54 |
|          MinVVals |           -1.64 |
| TotalEnvInteracts |           4e+03 |
|            LossPi |        5.59e-08 |
|             LossV |            18.6 |
|       DeltaLossPi |         -0.0522 |
|        DeltaLossV |           -7.78 |
|                KL |         0.00932 |
|    BacktrackIters |               0 |
|              Time |            83.5 |
---------------------------------------
Warning: trajectory cut off by epoch at 19 steps.
Warning: trajectory cut off by epoch at 6 steps.
Warning: trajectory cut off by epoch at 8 steps.
[32;1mAccepting new params at step 0 of line search.[0m
---------------------------------------
|             Epoch |               1 |
|      AverageEpRet |           -0.57 |
|          StdEpRet |            3.45 |
|          MaxEpRet |            8.73 |
|          MinEpRet |           -11.5 |
|             EpLen |            15.5 |
|      AverageVVals |            -2.4 |
|          StdVVals |            1.21 |
|          MaxVVals |            2.86 |
|          MinVVals |           -6.12 |
| TotalEnvInteracts |           8e+03 |
|            LossPi |       -3.73e-09 |
|             LossV |            8.41 |
|       DeltaLossPi |         -0.0534 |
|        DeltaLossV |           -1.49 |
|                KL |         0.00947 |
|    BacktrackIters |               0 |
|              Time |             157 |
---------------------------------------
Warning: trajectory cut off by epoch at 28 steps.
Warning: trajectory cut off by epoch at 7 steps.
Warning: trajectory cut off by epoch at 4 steps.
Warning: trajectory cut off by epoch at 11 steps.
[32;1mAccepting new params at step 0 of line search.[0m
---------------------------------------
|             Epoch |               2 |
|      AverageEpRet |          -0.203 |
|          StdEpRet |            3.87 |
|          MaxEpRet |            11.8 |
|          MinEpRet |           -14.5 |
|             EpLen |            15.9 |
|      AverageVVals |           -1.67 |
|          StdVVals |            1.19 |
|          MaxVVals |            4.56 |
|          MinVVals |           -5.44 |
| TotalEnvInteracts |         1.2e+04 |
|            LossPi |       -1.21e-08 |
|             LossV |            9.93 |
|       DeltaLossPi |          -0.055 |
|        DeltaLossV |           -1.79 |
|                KL |         0.00928 |
|    BacktrackIters |               0 |
|              Time |             228 |
---------------------------------------
Warning: trajectory cut off by epoch at 9 steps.
Warning: trajectory cut off by epoch at 10 steps.
Warning: trajectory cut off by epoch at 9 steps.
[32;1mAccepting new params at step 0 of line search.[0m
---------------------------------------
|             Epoch |               3 |
|      AverageEpRet |            1.13 |
|          StdEpRet |            4.12 |
|          MaxEpRet |            15.7 |
|          MinEpRet |           -11.9 |
|             EpLen |            17.4 |
|      AverageVVals |           -1.47 |
|          StdVVals |            1.71 |
|          MaxVVals |            6.36 |
|          MinVVals |           -8.29 |
| TotalEnvInteracts |         1.6e+04 |
|            LossPi |        1.58e-08 |
|             LossV |            10.7 |
|       DeltaLossPi |          -0.057 |
|        DeltaLossV |           -1.77 |
|                KL |         0.00935 |
|    BacktrackIters |               0 |
|              Time |             300 |
---------------------------------------
Warning: trajectory cut off by epoch at 10 steps.
Warning: trajectory cut off by epoch at 6 steps.
Warning: trajectory cut off by epoch at 3 steps.
Warning: trajectory cut off by epoch at 8 steps.
[32;1mAccepting new params at step 0 of line search.[0m
---------------------------------------
|             Epoch |               4 |
|      AverageEpRet |            1.45 |
|          StdEpRet |            4.66 |
|          MaxEpRet |            22.3 |
|          MinEpRet |           -12.9 |
|             EpLen |            17.8 |
|      AverageVVals |           -0.85 |
|          StdVVals |            1.89 |
|          MaxVVals |            6.23 |
|          MinVVals |           -8.69 |
| TotalEnvInteracts |           2e+04 |
|            LossPi |        9.31e-09 |
|             LossV |            12.7 |
|       DeltaLossPi |         -0.0561 |
|        DeltaLossV |            -1.7 |
|                KL |          0.0092 |
|    BacktrackIters |               0 |
|              Time |             370 |
---------------------------------------
Warning: trajectory cut off by epoch at 44 steps.
Warning: trajectory cut off by epoch at 5 steps.
Warning: trajectory cut off by epoch at 10 steps.
Warning: trajectory cut off by epoch at 15 steps.
[32;1mAccepting new params at step 0 of line search.[0m
---------------------------------------
|             Epoch |               5 |
|      AverageEpRet |             2.7 |
|          StdEpRet |             4.8 |
|          MaxEpRet |            22.7 |
|          MinEpRet |           -10.4 |
|             EpLen |            19.4 |
|      AverageVVals |          -0.553 |
|          StdVVals |               2 |
|          MaxVVals |            7.21 |
|          MinVVals |           -8.96 |
| TotalEnvInteracts |         2.4e+04 |
|            LossPi |       -1.86e-09 |
|             LossV |            13.8 |
|       DeltaLossPi |         -0.0565 |
|        DeltaLossV |           -2.37 |
|                KL |         0.00927 |
|    BacktrackIters |               0 |
|              Time |             441 |
---------------------------------------
Warning: trajectory cut off by epoch at 18 steps.
Warning: trajectory cut off by epoch at 15 steps.
Warning: trajectory cut off by epoch at 11 steps.
Warning: trajectory cut off by epoch at 3 steps.
[32;1mAccepting new params at step 0 of line search.[0m
---------------------------------------
|             Epoch |               6 |
|      AverageEpRet |            3.77 |
|          StdEpRet |            4.62 |
|          MaxEpRet |            26.2 |
|          MinEpRet |           -10.1 |
|             EpLen |            18.6 |
|      AverageVVals |           0.209 |
|          StdVVals |            2.26 |
|          MaxVVals |            8.48 |
|          MinVVals |           -9.04 |
| TotalEnvInteracts |         2.8e+04 |
|            LossPi |         1.4e-08 |
|             LossV |            12.6 |
|       DeltaLossPi |         -0.0562 |
|        DeltaLossV |           -2.26 |
|                KL |         0.00938 |
|    BacktrackIters |               0 |
|              Time |             512 |
---------------------------------------
Warning: trajectory cut off by epoch at 9 steps.
Warning: trajectory cut off by epoch at 15 steps.
Warning: trajectory cut off by epoch at 20 steps.
Warning: trajectory cut off by epoch at 7 steps.
[32;1mAccepting new params at step 0 of line search.[0m
---------------------------------------
|             Epoch |               7 |
|      AverageEpRet |            5.22 |
|          StdEpRet |            6.03 |
|          MaxEpRet |            26.8 |
|          MinEpRet |           -10.8 |
|             EpLen |            20.8 |
|      AverageVVals |           0.747 |
|          StdVVals |            2.36 |
|          MaxVVals |            8.95 |
|          MinVVals |           -9.64 |
| TotalEnvInteracts |         3.2e+04 |
|            LossPi |        1.86e-08 |
|             LossV |            21.5 |
|       DeltaLossPi |         -0.0537 |
|        DeltaLossV |           -4.16 |
|                KL |         0.00937 |
|    BacktrackIters |               0 |
|              Time |             577 |
---------------------------------------
Warning: trajectory cut off by epoch at 20 steps.
Warning: trajectory cut off by epoch at 55 steps.
Warning: trajectory cut off by epoch at 22 steps.
Warning: trajectory cut off by epoch at 22 steps.
[32;1mAccepting new params at step 0 of line search.[0m
---------------------------------------
|             Epoch |               8 |
|      AverageEpRet |            5.05 |
|          StdEpRet |            5.79 |
|          MaxEpRet |            31.5 |
|          MinEpRet |           -14.2 |
|             EpLen |            19.7 |
|      AverageVVals |            1.42 |
|          StdVVals |            2.96 |
|          MaxVVals |            11.3 |
|          MinVVals |           -9.33 |
| TotalEnvInteracts |         3.6e+04 |
|            LossPi |       -1.12e-08 |
|             LossV |            18.6 |
|       DeltaLossPi |         -0.0537 |
|        DeltaLossV |           -3.15 |
|                KL |         0.00942 |
|    BacktrackIters |               0 |
|              Time |             647 |
---------------------------------------
Warning: trajectory cut off by epoch at 10 steps.
Warning: trajectory cut off by epoch at 10 steps.
Warning: trajectory cut off by epoch at 12 steps.
Warning: trajectory cut off by epoch at 10 steps.
[32;1mAccepting new params at step 0 of line search.[0m
---------------------------------------
|             Epoch |               9 |
|      AverageEpRet |            6.23 |
|          StdEpRet |             6.9 |
|          MaxEpRet |            37.4 |
|          MinEpRet |           -7.91 |
|             EpLen |            21.5 |
|      AverageVVals |            1.69 |
|          StdVVals |            3.28 |
|          MaxVVals |            14.2 |
|          MinVVals |           -14.1 |
| TotalEnvInteracts |           4e+04 |
|            LossPi |        1.86e-08 |
|             LossV |            25.3 |
|       DeltaLossPi |         -0.0544 |
|        DeltaLossV |           -4.35 |
|                KL |         0.00923 |
|    BacktrackIters |               0 |
|              Time |             719 |
---------------------------------------
Warning: trajectory cut off by epoch at 19 steps.
Warning: trajectory cut off by epoch at 12 steps.
Warning: trajectory cut off by epoch at 6 steps.
Warning: trajectory cut off by epoch at 3 steps.
[32;1mAccepting new params at step 0 of line search.[0m
---------------------------------------
|             Epoch |              10 |
|      AverageEpRet |            7.86 |
|          StdEpRet |            8.52 |
|          MaxEpRet |            48.7 |
|          MinEpRet |           -3.45 |
|             EpLen |            23.3 |
|      AverageVVals |            2.44 |
|          StdVVals |             3.5 |
|          MaxVVals |            14.9 |
|          MinVVals |           -12.8 |
| TotalEnvInteracts |         4.4e+04 |
|            LossPi |       -3.17e-08 |
|             LossV |            38.8 |
|       DeltaLossPi |         -0.0519 |
|        DeltaLossV |           -7.69 |
|                KL |         0.00936 |
|    BacktrackIters |               0 |
|              Time |             794 |
---------------------------------------
Warning: trajectory cut off by epoch at 42 steps.
Warning: trajectory cut off by epoch at 13 steps.
Warning: trajectory cut off by epoch at 5 steps.
Warning: trajectory cut off by epoch at 9 steps.
[32;1mAccepting new params at step 0 of line search.[0m
---------------------------------------
|             Epoch |              11 |
|      AverageEpRet |             8.3 |
|          StdEpRet |            12.3 |
|          MaxEpRet |             137 |
|          MinEpRet |           -5.96 |
|             EpLen |              23 |
|      AverageVVals |            3.51 |
|          StdVVals |            4.05 |
|          MaxVVals |            19.3 |
|          MinVVals |           -11.9 |
| TotalEnvInteracts |         4.8e+04 |
|            LossPi |        2.98e-08 |
|             LossV |            98.7 |
|       DeltaLossPi |         -0.0595 |
|        DeltaLossV |           -29.1 |
|                KL |         0.00922 |
|    BacktrackIters |               0 |
|              Time |             867 |
---------------------------------------
Warning: trajectory cut off by epoch at 37 steps.
Warning: trajectory cut off by epoch at 20 steps.
Warning: trajectory cut off by epoch at 8 steps.
Warning: trajectory cut off by epoch at 15 steps.
[32;1mAccepting new params at step 0 of line search.[0m
---------------------------------------
|             Epoch |              12 |
|      AverageEpRet |            9.85 |
|          StdEpRet |            8.92 |
|          MaxEpRet |            40.6 |
|          MinEpRet |           -2.88 |
|             EpLen |            27.8 |
|      AverageVVals |            3.88 |
|          StdVVals |            6.01 |
|          MaxVVals |            30.9 |
|          MinVVals |           -17.8 |
| TotalEnvInteracts |         5.2e+04 |
|            LossPi |        1.72e-08 |
|             LossV |            52.2 |
|       DeltaLossPi |         -0.0509 |
|        DeltaLossV |             -18 |
|                KL |         0.00923 |
|    BacktrackIters |               0 |
|              Time |             938 |
---------------------------------------
Warning: trajectory cut off by epoch at 66 steps.
Warning: trajectory cut off by epoch at 27 steps.
Warning: trajectory cut off by epoch at 24 steps.
[32;1mAccepting new params at step 0 of line search.[0m
---------------------------------------
|             Epoch |              13 |
|      AverageEpRet |            12.2 |
|          StdEpRet |            13.3 |
|          MaxEpRet |            95.9 |
|          MinEpRet |           -4.08 |
|             EpLen |            29.6 |
|      AverageVVals |            4.55 |
|          StdVVals |             5.4 |
|          MaxVVals |            28.5 |
|          MinVVals |           -18.8 |
| TotalEnvInteracts |         5.6e+04 |
|            LossPi |        1.49e-08 |
|             LossV |            82.4 |
|       DeltaLossPi |          -0.051 |
|        DeltaLossV |           -18.3 |
|                KL |         0.00925 |
|    BacktrackIters |               0 |
|              Time |        1.01e+03 |
---------------------------------------
Warning: trajectory cut off by epoch at 25 steps.
Warning: trajectory cut off by epoch at 5 steps.
Warning: trajectory cut off by epoch at 11 steps.
Warning: trajectory cut off by epoch at 47 steps.
[32;1mAccepting new params at step 0 of line search.[0m
---------------------------------------
|             Epoch |              14 |
|      AverageEpRet |            16.9 |
|          StdEpRet |            17.4 |
|          MaxEpRet |            89.5 |
|          MinEpRet |           -9.39 |
|             EpLen |            35.9 |
|      AverageVVals |            5.92 |
|          StdVVals |            7.08 |
|          MaxVVals |            33.6 |
|          MinVVals |           -17.7 |
| TotalEnvInteracts |           6e+04 |
|            LossPi |       -3.91e-08 |
|             LossV |             125 |
|       DeltaLossPi |         -0.0509 |
|        DeltaLossV |           -33.1 |
|                KL |         0.00918 |
|    BacktrackIters |               0 |
|              Time |        1.09e+03 |
---------------------------------------
Warning: trajectory cut off by epoch at 1 steps.
Warning: trajectory cut off by epoch at 5 steps.
Warning: trajectory cut off by epoch at 37 steps.
Warning: trajectory cut off by epoch at 21 steps.
[32;1mAccepting new params at step 0 of line search.[0m
---------------------------------------
|             Epoch |              15 |
|      AverageEpRet |            19.2 |
|          StdEpRet |            24.1 |
|          MaxEpRet |             149 |
|          MinEpRet |           -2.07 |
|             EpLen |            35.5 |
|      AverageVVals |            8.88 |
|          StdVVals |            9.04 |
|          MaxVVals |            40.3 |
|          MinVVals |           -26.5 |
| TotalEnvInteracts |         6.4e+04 |
|            LossPi |        3.73e-09 |
|             LossV |             240 |
|       DeltaLossPi |         -0.0521 |
|        DeltaLossV |           -62.1 |
|                KL |         0.00923 |
|    BacktrackIters |               0 |
|              Time |        1.18e+03 |
---------------------------------------
Warning: trajectory cut off by epoch at 21 steps.
Warning: trajectory cut off by epoch at 33 steps.
Warning: trajectory cut off by epoch at 14 steps.
Warning: trajectory cut off by epoch at 54 steps.
[32;1mAccepting new params at step 0 of line search.[0m
---------------------------------------
|             Epoch |              16 |
|      AverageEpRet |            21.2 |
|          StdEpRet |            32.3 |
|          MaxEpRet |             247 |
|          MinEpRet |            0.84 |
|             EpLen |            37.7 |
|      AverageVVals |            10.7 |
|          StdVVals |            10.9 |
|          MaxVVals |              50 |
|          MinVVals |             -23 |
| TotalEnvInteracts |         6.8e+04 |
|            LossPi |       -2.61e-08 |
|             LossV |             444 |
|       DeltaLossPi |         -0.0549 |
|        DeltaLossV |            -167 |
|                KL |         0.00902 |
|    BacktrackIters |               0 |
|              Time |        1.26e+03 |
---------------------------------------
Warning: trajectory cut off by epoch at 33 steps.
Warning: trajectory cut off by epoch at 13 steps.
Warning: trajectory cut off by epoch at 9 steps.
[32;1mAccepting new params at step 0 of line search.[0m
---------------------------------------
|             Epoch |              17 |
|      AverageEpRet |            19.5 |
|          StdEpRet |            30.6 |
|          MaxEpRet |             244 |
|          MinEpRet |           -45.2 |
|             EpLen |            43.4 |
|      AverageVVals |            10.3 |
|          StdVVals |            14.9 |
|          MaxVVals |            66.8 |
|          MinVVals |           -38.1 |
| TotalEnvInteracts |         7.2e+04 |
|            LossPi |       -2.24e-08 |
|             LossV |             341 |
|       DeltaLossPi |         -0.0502 |
|        DeltaLossV |            -131 |
|                KL |         0.00918 |
|    BacktrackIters |               0 |
|              Time |        1.33e+03 |
---------------------------------------
Warning: trajectory cut off by epoch at 47 steps.
Warning: trajectory cut off by epoch at 11 steps.
Warning: trajectory cut off by epoch at 56 steps.
Warning: trajectory cut off by epoch at 37 steps.
[32;1mAccepting new params at step 0 of line search.[0m
---------------------------------------
|             Epoch |              18 |
|      AverageEpRet |            25.5 |
|          StdEpRet |            26.4 |
|          MaxEpRet |             133 |
|          MinEpRet |           -6.85 |
|             EpLen |            45.8 |
|      AverageVVals |            10.1 |
|          StdVVals |            16.7 |
|          MaxVVals |            72.2 |
|          MinVVals |           -37.3 |
| TotalEnvInteracts |         7.6e+04 |
|            LossPi |       -2.61e-08 |
|             LossV |             292 |
|       DeltaLossPi |         -0.0502 |
|        DeltaLossV |            -119 |
|                KL |          0.0092 |
|    BacktrackIters |               0 |
|              Time |         1.4e+03 |
---------------------------------------
Warning: trajectory cut off by epoch at 19 steps.
Warning: trajectory cut off by epoch at 1 steps.
Warning: trajectory cut off by epoch at 21 steps.
Warning: trajectory cut off by epoch at 35 steps.
[32;1mAccepting new params at step 0 of line search.[0m
---------------------------------------
|             Epoch |              19 |
|      AverageEpRet |            33.3 |
|          StdEpRet |            36.3 |
|          MaxEpRet |             237 |
|          MinEpRet |           -2.86 |
|             EpLen |            55.3 |
|      AverageVVals |            13.8 |
|          StdVVals |              12 |
|          MaxVVals |            66.2 |
|          MinVVals |           -41.8 |
| TotalEnvInteracts |           8e+04 |
|            LossPi |       -3.73e-09 |
|             LossV |             396 |
|       DeltaLossPi |         -0.0528 |
|        DeltaLossV |            -114 |
|                KL |         0.00895 |
|    BacktrackIters |               0 |
|              Time |        1.47e+03 |
---------------------------------------
Warning: trajectory cut off by epoch at 23 steps.
Warning: trajectory cut off by epoch at 55 steps.
Warning: trajectory cut off by epoch at 19 steps.
Warning: trajectory cut off by epoch at 58 steps.
[32;1mAccepting new params at step 0 of line search.[0m
---------------------------------------
|             Epoch |              20 |
|      AverageEpRet |            46.5 |
|          StdEpRet |              60 |
|          MaxEpRet |             229 |
|          MinEpRet |           0.957 |
|             EpLen |            55.7 |
|      AverageVVals |            24.9 |
|          StdVVals |              20 |
|          MaxVVals |            73.3 |
|          MinVVals |           -27.2 |
| TotalEnvInteracts |         8.4e+04 |
|            LossPi |        4.38e-08 |
|             LossV |             981 |
|       DeltaLossPi |         -0.0529 |
|        DeltaLossV |            -310 |
|                KL |          0.0092 |
|    BacktrackIters |               0 |
|              Time |        1.54e+03 |
---------------------------------------
Warning: trajectory cut off by epoch at 42 steps.
Warning: trajectory cut off by epoch at 29 steps.
Warning: trajectory cut off by epoch at 4 steps.
Warning: trajectory cut off by epoch at 89 steps.
[32;1mAccepting new params at step 0 of line search.[0m
---------------------------------------
|             Epoch |              21 |
|      AverageEpRet |            40.5 |
|          StdEpRet |            44.7 |
|          MaxEpRet |             211 |
|          MinEpRet |            2.67 |
|             EpLen |              65 |
|      AverageVVals |            19.9 |
|          StdVVals |            21.2 |
|          MaxVVals |            74.7 |
|          MinVVals |           -45.9 |
| TotalEnvInteracts |         8.8e+04 |
|            LossPi |       -7.45e-09 |
|             LossV |             542 |
|       DeltaLossPi |         -0.0522 |
|        DeltaLossV |            -195 |
|                KL |           0.009 |
|    BacktrackIters |               0 |
|              Time |        1.61e+03 |
---------------------------------------
Warning: trajectory cut off by epoch at 28 steps.
Warning: trajectory cut off by epoch at 23 steps.
Warning: trajectory cut off by epoch at 39 steps.
Warning: trajectory cut off by epoch at 23 steps.
[32;1mAccepting new params at step 0 of line search.[0m
---------------------------------------
|             Epoch |              22 |
|      AverageEpRet |            64.1 |
|          StdEpRet |            76.6 |
|          MaxEpRet |             308 |
|          MinEpRet |         -0.0322 |
|             EpLen |            76.2 |
|      AverageVVals |            25.7 |
|          StdVVals |            23.6 |
|          MaxVVals |            77.8 |
|          MinVVals |           -35.6 |
| TotalEnvInteracts |         9.2e+04 |
|            LossPi |        1.12e-08 |
|             LossV |        1.03e+03 |
|       DeltaLossPi |         -0.0531 |
|        DeltaLossV |            -424 |
|                KL |          0.0091 |
|    BacktrackIters |               0 |
|              Time |        1.68e+03 |
---------------------------------------
Warning: trajectory cut off by epoch at 3 steps.
Warning: trajectory cut off by epoch at 78 steps.
Warning: trajectory cut off by epoch at 7 steps.
Warning: trajectory cut off by epoch at 102 steps.
[32;1mAccepting new params at step 0 of line search.[0m
---------------------------------------
|             Epoch |              23 |
|      AverageEpRet |            49.2 |
|          StdEpRet |            56.2 |
|          MaxEpRet |             270 |
|          MinEpRet |           -10.4 |
|             EpLen |            71.9 |
|      AverageVVals |            32.4 |
|          StdVVals |            27.3 |
|          MaxVVals |            86.1 |
|          MinVVals |           -39.8 |
| TotalEnvInteracts |         9.6e+04 |
|            LossPi |        1.86e-09 |
|             LossV |             842 |
|       DeltaLossPi |          -0.048 |
|        DeltaLossV |            -312 |
|                KL |         0.00907 |
|    BacktrackIters |               0 |
|              Time |        1.75e+03 |
---------------------------------------
Warning: trajectory cut off by epoch at 104 steps.
Warning: trajectory cut off by epoch at 47 steps.
Warning: trajectory cut off by epoch at 10 steps.
Warning: trajectory cut off by epoch at 61 steps.
[32;1mAccepting new params at step 0 of line search.[0m
---------------------------------------
|             Epoch |              24 |
|      AverageEpRet |            67.6 |
|          StdEpRet |              74 |
|          MaxEpRet |             305 |
|          MinEpRet |            2.08 |
|             EpLen |              84 |
|      AverageVVals |            24.5 |
|          StdVVals |            22.6 |
|          MaxVVals |            84.8 |
|          MinVVals |           -35.5 |
| TotalEnvInteracts |           1e+05 |
|            LossPi |       -2.79e-08 |
|             LossV |             942 |
|       DeltaLossPi |         -0.0539 |
|        DeltaLossV |            -356 |
|                KL |         0.00915 |
|    BacktrackIters |               0 |
|              Time |        1.82e+03 |
---------------------------------------
Warning: trajectory cut off by epoch at 105 steps.
Warning: trajectory cut off by epoch at 41 steps.
Warning: trajectory cut off by epoch at 1 steps.
Warning: trajectory cut off by epoch at 84 steps.
[32;1mAccepting new params at step 0 of line search.[0m
---------------------------------------
|             Epoch |              25 |
|      AverageEpRet |            68.1 |
|          StdEpRet |            87.6 |
|          MaxEpRet |             346 |
|          MinEpRet |            1.86 |
|             EpLen |            83.8 |
|      AverageVVals |            37.3 |
|          StdVVals |            27.3 |
|          MaxVVals |            88.4 |
|          MinVVals |             -25 |
| TotalEnvInteracts |        1.04e+05 |
|            LossPi |       -7.45e-09 |
|             LossV |        1.06e+03 |
|       DeltaLossPi |          -0.052 |
|        DeltaLossV |            -331 |
|                KL |         0.00908 |
|    BacktrackIters |               0 |
|              Time |         1.9e+03 |
---------------------------------------
Warning: trajectory cut off by epoch at 73 steps.
Warning: trajectory cut off by epoch at 132 steps.
Warning: trajectory cut off by epoch at 127 steps.
Warning: trajectory cut off by epoch at 88 steps.
[32;1mAccepting new params at step 0 of line search.[0m
---------------------------------------
|             Epoch |              26 |
|      AverageEpRet |             104 |
|          StdEpRet |            88.9 |
|          MaxEpRet |             301 |
|          MinEpRet |            4.02 |
|             EpLen |            99.4 |
|      AverageVVals |            46.5 |
|          StdVVals |            29.7 |
|          MaxVVals |            94.9 |
|          MinVVals |           -28.7 |
| TotalEnvInteracts |        1.08e+05 |
|            LossPi |       -1.12e-08 |
|             LossV |        1.14e+03 |
|       DeltaLossPi |         -0.0522 |
|        DeltaLossV |            -360 |
|                KL |         0.00902 |
|    BacktrackIters |               0 |
|              Time |        1.96e+03 |
---------------------------------------
Warning: trajectory cut off by epoch at 133 steps.
Warning: trajectory cut off by epoch at 30 steps.
Warning: trajectory cut off by epoch at 81 steps.
Warning: trajectory cut off by epoch at 77 steps.
[32;1mAccepting new params at step 0 of line search.[0m
---------------------------------------
|             Epoch |              27 |
|      AverageEpRet |            67.4 |
|          StdEpRet |            75.6 |
|          MaxEpRet |             354 |
|          MinEpRet |            2.51 |
|             EpLen |            94.3 |
|      AverageVVals |            36.9 |
|          StdVVals |              34 |
|          MaxVVals |            98.1 |
|          MinVVals |           -26.3 |
| TotalEnvInteracts |        1.12e+05 |
|            LossPi |        7.45e-09 |
|             LossV |             903 |
|       DeltaLossPi |         -0.0497 |
|        DeltaLossV |            -322 |
|                KL |         0.00922 |
|    BacktrackIters |               0 |
|              Time |        2.03e+03 |
---------------------------------------
Warning: trajectory cut off by epoch at 1 steps.
Warning: trajectory cut off by epoch at 156 steps.
Warning: trajectory cut off by epoch at 137 steps.
Warning: trajectory cut off by epoch at 5 steps.
[32;1mAccepting new params at step 0 of line search.[0m
---------------------------------------
|             Epoch |              28 |
|      AverageEpRet |            82.4 |
|          StdEpRet |            79.8 |
|          MaxEpRet |             295 |
|          MinEpRet |           0.509 |
|             EpLen |             109 |
|      AverageVVals |            32.2 |
|          StdVVals |            28.1 |
|          MaxVVals |            98.2 |
|          MinVVals |             -27 |
| TotalEnvInteracts |        1.16e+05 |
|            LossPi |        3.73e-08 |
|             LossV |             905 |
|       DeltaLossPi |         -0.0535 |
|        DeltaLossV |            -324 |
|                KL |         0.00908 |
|    BacktrackIters |               0 |
|              Time |        2.11e+03 |
---------------------------------------
Warning: trajectory cut off by epoch at 144 steps.
Warning: trajectory cut off by epoch at 2 steps.
Warning: trajectory cut off by epoch at 14 steps.
Warning: trajectory cut off by epoch at 260 steps.
[32;1mAccepting new params at step 0 of line search.[0m
---------------------------------------
|             Epoch |              29 |
|      AverageEpRet |            82.8 |
|          StdEpRet |            88.6 |
|          MaxEpRet |             334 |
|          MinEpRet |            2.23 |
|             EpLen |            94.2 |
|      AverageVVals |            39.3 |
|          StdVVals |            31.6 |
|          MaxVVals |             100 |
|          MinVVals |           -30.2 |
| TotalEnvInteracts |         1.2e+05 |
|            LossPi |        3.73e-09 |
|             LossV |        1.04e+03 |
|       DeltaLossPi |         -0.0517 |
|        DeltaLossV |            -352 |
|                KL |         0.00889 |
|    BacktrackIters |               0 |
|              Time |        2.18e+03 |
---------------------------------------
Warning: trajectory cut off by epoch at 151 steps.
Warning: trajectory cut off by epoch at 118 steps.
Warning: trajectory cut off by epoch at 167 steps.
Warning: trajectory cut off by epoch at 118 steps.
[32;1mAccepting new params at step 0 of line search.[0m
---------------------------------------
|             Epoch |              30 |
|      AverageEpRet |             111 |
|          StdEpRet |            96.4 |
|          MaxEpRet |             312 |
|          MinEpRet |            10.3 |
|             EpLen |             104 |
|      AverageVVals |            55.4 |
|          StdVVals |            35.3 |
|          MaxVVals |             105 |
|          MinVVals |           -20.4 |
| TotalEnvInteracts |        1.24e+05 |
|            LossPi |       -1.86e-08 |
|             LossV |             956 |
|       DeltaLossPi |         -0.0528 |
|        DeltaLossV |            -334 |
|                KL |         0.00907 |
|    BacktrackIters |               0 |
|              Time |        2.25e+03 |
---------------------------------------
Warning: trajectory cut off by epoch at 85 steps.
Warning: trajectory cut off by epoch at 58 steps.
Warning: trajectory cut off by epoch at 45 steps.
Warning: trajectory cut off by epoch at 110 steps.
[32;1mAccepting new params at step 0 of line search.[0m
---------------------------------------
|             Epoch |              31 |
|      AverageEpRet |            93.4 |
|          StdEpRet |            82.7 |
|          MaxEpRet |             277 |
|          MinEpRet |            3.97 |
|             EpLen |             103 |
|      AverageVVals |            48.4 |
|          StdVVals |            36.3 |
|          MaxVVals |             109 |
|          MinVVals |           -27.9 |
| TotalEnvInteracts |        1.28e+05 |
|            LossPi |       -6.52e-09 |
|             LossV |        1.04e+03 |
|       DeltaLossPi |         -0.0512 |
|        DeltaLossV |            -373 |
|                KL |         0.00908 |
|    BacktrackIters |               0 |
|              Time |        2.32e+03 |
---------------------------------------
Warning: trajectory cut off by epoch at 35 steps.
Warning: trajectory cut off by epoch at 65 steps.
Warning: trajectory cut off by epoch at 15 steps.
Warning: trajectory cut off by epoch at 207 steps.
[32;1mAccepting new params at step 0 of line search.[0m
---------------------------------------
|             Epoch |              32 |
|      AverageEpRet |             119 |
|          StdEpRet |             106 |
|          MaxEpRet |             380 |
|          MinEpRet |           -0.13 |
|             EpLen |             127 |
|      AverageVVals |            41.9 |
|          StdVVals |            32.2 |
|          MaxVVals |             106 |
|          MinVVals |           -25.5 |
| TotalEnvInteracts |        1.32e+05 |
|            LossPi |       -7.45e-09 |
|             LossV |             931 |
|       DeltaLossPi |         -0.0532 |
|        DeltaLossV |            -353 |
|                KL |         0.00915 |
|    BacktrackIters |               0 |
|              Time |        2.39e+03 |
---------------------------------------
Warning: trajectory cut off by epoch at 226 steps.
Warning: trajectory cut off by epoch at 306 steps.
Warning: trajectory cut off by epoch at 29 steps.
Warning: trajectory cut off by epoch at 113 steps.
[32;1mAccepting new params at step 0 of line search.[0m
---------------------------------------
|             Epoch |              33 |
|      AverageEpRet |             146 |
|          StdEpRet |             105 |
|          MaxEpRet |             313 |
|          MinEpRet |             1.4 |
|             EpLen |             133 |
|      AverageVVals |            59.8 |
|          StdVVals |            32.8 |
|          MaxVVals |             110 |
|          MinVVals |           -18.3 |
| TotalEnvInteracts |        1.36e+05 |
|            LossPi |        -1.4e-08 |
|             LossV |             946 |
|       DeltaLossPi |         -0.0517 |
|        DeltaLossV |            -298 |
|                KL |         0.00904 |
|    BacktrackIters |               0 |
|              Time |        2.46e+03 |
---------------------------------------
Warning: trajectory cut off by epoch at 237 steps.
Warning: trajectory cut off by epoch at 165 steps.
Warning: trajectory cut off by epoch at 52 steps.
Warning: trajectory cut off by epoch at 105 steps.
[32;1mAccepting new params at step 0 of line search.[0m
---------------------------------------
|             Epoch |              34 |
|      AverageEpRet |             186 |
|          StdEpRet |             116 |
|          MaxEpRet |             411 |
|          MinEpRet |            19.3 |
|             EpLen |             150 |
|      AverageVVals |            65.2 |
|          StdVVals |              32 |
|          MaxVVals |             109 |
|          MinVVals |           -20.4 |
| TotalEnvInteracts |         1.4e+05 |
|            LossPi |       -4.19e-09 |
|             LossV |             982 |
|       DeltaLossPi |         -0.0521 |
|        DeltaLossV |            -292 |
|                KL |         0.00889 |
|    BacktrackIters |               0 |
|              Time |        2.53e+03 |
---------------------------------------
Warning: trajectory cut off by epoch at 28 steps.
Warning: trajectory cut off by epoch at 148 steps.
Warning: trajectory cut off by epoch at 141 steps.
Warning: trajectory cut off by epoch at 149 steps.
[32;1mAccepting new params at step 0 of line search.[0m
---------------------------------------
|             Epoch |              35 |
|      AverageEpRet |             187 |
|          StdEpRet |             103 |
|          MaxEpRet |             404 |
|          MinEpRet |            3.75 |
|             EpLen |             154 |
|      AverageVVals |            65.3 |
|          StdVVals |            33.1 |
|          MaxVVals |             110 |
|          MinVVals |           -46.2 |
| TotalEnvInteracts |        1.44e+05 |
|            LossPi |        1.12e-08 |
|             LossV |             735 |
|       DeltaLossPi |         -0.0541 |
|        DeltaLossV |            -250 |
|                KL |         0.00891 |
|    BacktrackIters |               0 |
|              Time |        2.59e+03 |
---------------------------------------
Warning: trajectory cut off by epoch at 75 steps.
Warning: trajectory cut off by epoch at 206 steps.
Warning: trajectory cut off by epoch at 63 steps.
Warning: trajectory cut off by epoch at 54 steps.
[32;1mAccepting new params at step 0 of line search.[0m
---------------------------------------
|             Epoch |              36 |
|      AverageEpRet |             154 |
|          StdEpRet |             121 |
|          MaxEpRet |             517 |
|          MinEpRet |           -4.55 |
|             EpLen |             139 |
|      AverageVVals |            66.1 |
|          StdVVals |            34.7 |
|          MaxVVals |             110 |
|          MinVVals |           -25.5 |
| TotalEnvInteracts |        1.48e+05 |
|            LossPi |               0 |
|             LossV |             865 |
|       DeltaLossPi |         -0.0508 |
|        DeltaLossV |            -215 |
|                KL |         0.00907 |
|    BacktrackIters |               0 |
|              Time |        2.66e+03 |
---------------------------------------
Warning: trajectory cut off by epoch at 20 steps.
Warning: trajectory cut off by epoch at 144 steps.
Warning: trajectory cut off by epoch at 9 steps.
Warning: trajectory cut off by epoch at 105 steps.
[32;1mAccepting new params at step 0 of line search.[0m
---------------------------------------
|             Epoch |              37 |
|      AverageEpRet |             179 |
|          StdEpRet |             103 |
|          MaxEpRet |             359 |
|          MinEpRet |            11.2 |
|             EpLen |             162 |
|      AverageVVals |            56.3 |
|          StdVVals |            35.6 |
|          MaxVVals |             109 |
|          MinVVals |             -27 |
| TotalEnvInteracts |        1.52e+05 |
|            LossPi |       -1.12e-08 |
|             LossV |             772 |
|       DeltaLossPi |         -0.0524 |
|        DeltaLossV |            -244 |
|                KL |         0.00908 |
|    BacktrackIters |               0 |
|              Time |        2.74e+03 |
---------------------------------------
Warning: trajectory cut off by epoch at 13 steps.
Warning: trajectory cut off by epoch at 99 steps.
Warning: trajectory cut off by epoch at 87 steps.
[32;1mAccepting new params at step 0 of line search.[0m
---------------------------------------
|             Epoch |              38 |
|      AverageEpRet |             198 |
|          StdEpRet |            98.9 |
|          MaxEpRet |             374 |
|          MinEpRet |            18.8 |
|             EpLen |             158 |
|      AverageVVals |            73.9 |
|          StdVVals |            31.4 |
|          MaxVVals |             112 |
|          MinVVals |           -15.8 |
| TotalEnvInteracts |        1.56e+05 |
|            LossPi |       -1.49e-08 |
|             LossV |             830 |
|       DeltaLossPi |         -0.0528 |
|        DeltaLossV |            -298 |
|                KL |         0.00904 |
|    BacktrackIters |               0 |
|              Time |        2.82e+03 |
---------------------------------------
Warning: trajectory cut off by epoch at 64 steps.
Warning: trajectory cut off by epoch at 148 steps.
Warning: trajectory cut off by epoch at 21 steps.
Warning: trajectory cut off by epoch at 70 steps.
[32;1mAccepting new params at step 0 of line search.[0m
---------------------------------------
|             Epoch |              39 |
|      AverageEpRet |             183 |
|          StdEpRet |             126 |
|          MaxEpRet |             536 |
|          MinEpRet |            5.47 |
|             EpLen |             176 |
|      AverageVVals |            65.6 |
|          StdVVals |            38.5 |
|          MaxVVals |             112 |
|          MinVVals |           -27.9 |
| TotalEnvInteracts |         1.6e+05 |
|            LossPi |       -3.82e-08 |
|             LossV |        1.12e+03 |
|       DeltaLossPi |           -0.05 |
|        DeltaLossV |            -407 |
|                KL |         0.00896 |
|    BacktrackIters |               0 |
|              Time |         2.9e+03 |
---------------------------------------
Warning: trajectory cut off by epoch at 258 steps.
Warning: trajectory cut off by epoch at 117 steps.
Warning: trajectory cut off by epoch at 25 steps.
Warning: trajectory cut off by epoch at 115 steps.
[32;1mAccepting new params at step 0 of line search.[0m
---------------------------------------
|             Epoch |              40 |
|      AverageEpRet |             175 |
|          StdEpRet |             114 |
|          MaxEpRet |             392 |
|          MinEpRet |            6.07 |
|             EpLen |             158 |
|      AverageVVals |            56.7 |
|          StdVVals |              36 |
|          MaxVVals |            99.6 |
|          MinVVals |           -30.3 |
| TotalEnvInteracts |        1.64e+05 |
|            LossPi |       -1.49e-08 |
|             LossV |             868 |
|       DeltaLossPi |          -0.049 |
|        DeltaLossV |            -427 |
|                KL |         0.00893 |
|    BacktrackIters |               0 |
|              Time |        2.97e+03 |
---------------------------------------
Warning: trajectory cut off by epoch at 132 steps.
Warning: trajectory cut off by epoch at 5 steps.
Warning: trajectory cut off by epoch at 108 steps.
Warning: trajectory cut off by epoch at 99 steps.
[32;1mAccepting new params at step 0 of line search.[0m
---------------------------------------
|             Epoch |              41 |
|      AverageEpRet |             156 |
|          StdEpRet |             109 |
|          MaxEpRet |             341 |
|          MinEpRet |            1.49 |
|             EpLen |             146 |
|      AverageVVals |            58.2 |
|          StdVVals |            42.1 |
|          MaxVVals |             115 |
|          MinVVals |           -25.6 |
| TotalEnvInteracts |        1.68e+05 |
|            LossPi |               0 |
|             LossV |             863 |
|       DeltaLossPi |         -0.0496 |
|        DeltaLossV |            -276 |
|                KL |         0.00901 |
|    BacktrackIters |               0 |
|              Time |        3.03e+03 |
---------------------------------------
Warning: trajectory cut off by epoch at 76 steps.
Warning: trajectory cut off by epoch at 41 steps.
Warning: trajectory cut off by epoch at 123 steps.
Warning: trajectory cut off by epoch at 66 steps.
[32;1mAccepting new params at step 0 of line search.[0m
---------------------------------------
|             Epoch |              42 |
|      AverageEpRet |             190 |
|          StdEpRet |            81.8 |
|          MaxEpRet |             298 |
|          MinEpRet |              50 |
|             EpLen |             154 |
|      AverageVVals |              65 |
|          StdVVals |            36.3 |
|          MaxVVals |             115 |
|          MinVVals |           -23.6 |
| TotalEnvInteracts |        1.72e+05 |
|            LossPi |        9.31e-09 |
|             LossV |        1.02e+03 |
|       DeltaLossPi |         -0.0501 |
|        DeltaLossV |            -367 |
|                KL |          0.0091 |
|    BacktrackIters |               0 |
|              Time |         3.1e+03 |
---------------------------------------
Warning: trajectory cut off by epoch at 89 steps.
Warning: trajectory cut off by epoch at 111 steps.
Warning: trajectory cut off by epoch at 92 steps.
[32;1mAccepting new params at step 0 of line search.[0m
---------------------------------------
|             Epoch |              43 |
|      AverageEpRet |             218 |
|          StdEpRet |             110 |
|          MaxEpRet |             424 |
|          MinEpRet |            33.9 |
|             EpLen |             195 |
|      AverageVVals |            67.6 |
|          StdVVals |            31.9 |
|          MaxVVals |             113 |
|          MinVVals |           -18.2 |
| TotalEnvInteracts |        1.76e+05 |
|            LossPi |        1.12e-08 |
|             LossV |             642 |
|       DeltaLossPi |         -0.0527 |
|        DeltaLossV |            -176 |
|                KL |         0.00902 |
|    BacktrackIters |               0 |
|              Time |        3.17e+03 |
---------------------------------------
Warning: trajectory cut off by epoch at 196 steps.
Warning: trajectory cut off by epoch at 66 steps.
Warning: trajectory cut off by epoch at 24 steps.
Warning: trajectory cut off by epoch at 13 steps.
[32;1mAccepting new params at step 0 of line search.[0m
---------------------------------------
|             Epoch |              44 |
|      AverageEpRet |             197 |
|          StdEpRet |             107 |
|          MaxEpRet |             515 |
|          MinEpRet |            14.6 |
|             EpLen |             161 |
|      AverageVVals |            71.9 |
|          StdVVals |            32.9 |
|          MaxVVals |             112 |
|          MinVVals |           -29.7 |
| TotalEnvInteracts |         1.8e+05 |
|            LossPi |       -1.86e-09 |
|             LossV |             626 |
|       DeltaLossPi |         -0.0521 |
|        DeltaLossV |            -156 |
|                KL |         0.00899 |
|    BacktrackIters |               0 |
|              Time |        3.24e+03 |
---------------------------------------
Warning: trajectory cut off by epoch at 7 steps.
Warning: trajectory cut off by epoch at 163 steps.
Warning: trajectory cut off by epoch at 32 steps.
Warning: trajectory cut off by epoch at 87 steps.
[32;1mAccepting new params at step 0 of line search.[0m
---------------------------------------
|             Epoch |              45 |
|      AverageEpRet |             225 |
|          StdEpRet |            88.5 |
|          MaxEpRet |             362 |
|          MinEpRet |              36 |
|             EpLen |             161 |
|      AverageVVals |              72 |
|          StdVVals |            35.6 |
|          MaxVVals |             114 |
|          MinVVals |           -29.9 |
| TotalEnvInteracts |        1.84e+05 |
|            LossPi |       -1.12e-08 |
|             LossV |             448 |
|       DeltaLossPi |         -0.0488 |
|        DeltaLossV |            -189 |
|                KL |         0.00905 |
|    BacktrackIters |               0 |
|              Time |        3.31e+03 |
---------------------------------------
Warning: trajectory cut off by epoch at 56 steps.
Warning: trajectory cut off by epoch at 149 steps.
Warning: trajectory cut off by epoch at 287 steps.
Warning: trajectory cut off by epoch at 157 steps.
[32;1mAccepting new params at step 0 of line search.[0m
---------------------------------------
|             Epoch |              46 |
|      AverageEpRet |             233 |
|          StdEpRet |            91.7 |
|          MaxEpRet |             380 |
|          MinEpRet |            19.6 |
|             EpLen |             176 |
|      AverageVVals |            78.7 |
|          StdVVals |              38 |
|          MaxVVals |             119 |
|          MinVVals |           -25.9 |
| TotalEnvInteracts |        1.88e+05 |
|            LossPi |        2.05e-08 |
|             LossV |             704 |
|       DeltaLossPi |         -0.0518 |
|        DeltaLossV |            -272 |
|                KL |         0.00916 |
|    BacktrackIters |               0 |
|              Time |        3.36e+03 |
---------------------------------------
Warning: trajectory cut off by epoch at 108 steps.
Warning: trajectory cut off by epoch at 40 steps.
Warning: trajectory cut off by epoch at 133 steps.
Warning: trajectory cut off by epoch at 108 steps.
[32;1mAccepting new params at step 0 of line search.[0m
---------------------------------------
|             Epoch |              47 |
|      AverageEpRet |             212 |
|          StdEpRet |             108 |
|          MaxEpRet |             405 |
|          MinEpRet |            21.6 |
|             EpLen |             164 |
|      AverageVVals |            74.7 |
|          StdVVals |            33.6 |
|          MaxVVals |             114 |
|          MinVVals |           -21.5 |
| TotalEnvInteracts |        1.92e+05 |
|            LossPi |       -2.98e-08 |
|             LossV |             522 |
|       DeltaLossPi |         -0.0469 |
|        DeltaLossV |            -190 |
|                KL |         0.00898 |
|    BacktrackIters |               0 |
|              Time |        3.39e+03 |
---------------------------------------
Warning: trajectory cut off by epoch at 95 steps.
Warning: trajectory cut off by epoch at 167 steps.
Warning: trajectory cut off by epoch at 211 steps.
[32;1mAccepting new params at step 0 of line search.[0m
---------------------------------------
|             Epoch |              48 |
|      AverageEpRet |             212 |
|          StdEpRet |            94.2 |
|          MaxEpRet |             422 |
|          MinEpRet |            48.4 |
|             EpLen |             176 |
|      AverageVVals |            70.4 |
|          StdVVals |            40.4 |
|          MaxVVals |             118 |
|          MinVVals |           -26.5 |
| TotalEnvInteracts |        1.96e+05 |
|            LossPi |        7.45e-09 |
|             LossV |             589 |
|       DeltaLossPi |         -0.0562 |
|        DeltaLossV |            -180 |
|                KL |         0.00905 |
|    BacktrackIters |               0 |
|              Time |        3.42e+03 |
---------------------------------------
Warning: trajectory cut off by epoch at 80 steps.
Warning: trajectory cut off by epoch at 126 steps.
Warning: trajectory cut off by epoch at 138 steps.
Warning: trajectory cut off by epoch at 11 steps.
[32;1mAccepting new params at step 0 of line search.[0m
---------------------------------------
|             Epoch |              49 |
|      AverageEpRet |             240 |
|          StdEpRet |            98.6 |
|          MaxEpRet |             466 |
|          MinEpRet |            42.9 |
|             EpLen |             174 |
|      AverageVVals |            76.7 |
|          StdVVals |            32.9 |
|          MaxVVals |             117 |
|          MinVVals |           -24.8 |
| TotalEnvInteracts |           2e+05 |
|            LossPi |       -3.73e-09 |
|             LossV |             636 |
|       DeltaLossPi |         -0.0527 |
|        DeltaLossV |            -216 |
|                KL |         0.00902 |
|    BacktrackIters |               0 |
|              Time |        3.45e+03 |
---------------------------------------
