--------------------------------------------------------------------------
[[29784,1],0]: A high-performance Open MPI point-to-point messaging module
was unable to find any relevant network interfaces:

Module: OpenFabrics (openib)
  Host: GCRAZGDL0429

Another transport will be used instead, although this may result in
lower performance.

NOTE: You can disable this warning by setting the MCA parameter
btl_base_warn_component_unused to 0.
--------------------------------------------------------------------------
--------------------------------------------------------------------------
[[29944,1],2]: A high-performance Open MPI point-to-point messaging module
was unable to find any relevant network interfaces:

Module: OpenFabrics (openib)
  Host: GCRAZGDL0429

Another transport will be used instead, although this may result in
lower performance.

NOTE: You can disable this warning by setting the MCA parameter
btl_base_warn_component_unused to 0.
--------------------------------------------------------------------------
Warning: Log dir exp/trpo_Walker2d-v3/trpo_Walker2d-v3_s5 already exists! Storing info there anyway.
[32;1mLogging data to exp/trpo_Walker2d-v3/trpo_Walker2d-v3_s5/progress.txt[0m
[36;1mSaving config:
[0m
{
    "ac_kwargs":	{
        "hidden_sizes":	[
            64,
            64
        ]
    },
    "actor_critic":	"mlp_actor_critic",
    "algo":	"trpo",
    "backtrack_coeff":	0.8,
    "backtrack_iters":	10,
    "cg_iters":	10,
    "damping_coeff":	0.1,
    "delta":	0.01,
    "env_fn":	"<function <lambda> at 0x7fba83d3e4d0>",
    "epochs":	50,
    "exp_name":	"trpo_Walker2d-v3",
    "gamma":	0.99,
    "lam":	0.97,
    "logger":	{
        "<spinup.utils.logx.EpochLogger object at 0x7fba83ce8250>":	{
            "epoch_dict":	{},
            "exp_name":	"trpo_Walker2d-v3",
            "first_row":	true,
            "log_current_row":	{},
            "log_headers":	[],
            "output_dir":	"exp/trpo_Walker2d-v3/trpo_Walker2d-v3_s5",
            "output_file":	{
                "<_io.TextIOWrapper name='exp/trpo_Walker2d-v3/trpo_Walker2d-v3_s5/progress.txt' mode='w' encoding='UTF-8'>":	{
                    "mode":	"w"
                }
            }
        }
    },
    "logger_kwargs":	{
        "exp_name":	"trpo_Walker2d-v3",
        "output_dir":	"exp/trpo_Walker2d-v3/trpo_Walker2d-v3_s5"
    },
    "max_ep_len":	1000,
    "save_freq":	10,
    "seed":	5,
    "steps_per_epoch":	4000,
    "train_v_iters":	80,
    "vf_lr":	0.001
}
[GCRAZGDL0429:31957] 3 more processes have sent help message help-mpi-btl-base.txt / btl:no-nics
[GCRAZGDL0429:31957] Set MCA parameter "orte_base_help_aggregate" to 0 to see all help / error messages
2022-04-14 05:26:30.761289: I tensorflow/core/platform/cpu_feature_guard.cc:142] Your CPU supports instructions that this TensorFlow binary was not compiled to use: AVX2 FMA
2022-04-14 05:26:30.817145: I tensorflow/core/platform/profile_utils/cpu_utils.cc:94] CPU Frequency: 2593990000 Hz
2022-04-14 05:26:30.821937: I tensorflow/compiler/xla/service/service.cc:168] XLA service 0x5621090e78d0 initialized for platform Host (this does not guarantee that XLA will be used). Devices:
2022-04-14 05:26:30.822043: I tensorflow/compiler/xla/service/service.cc:176]   StreamExecutor device (0): Host, Default Version
2022-04-14 05:26:52.761289: I tensorflow/core/platform/cpu_feature_guard.cc:142] Your CPU supports instructions that this TensorFlow binary was not compiled to use: AVX2 FMA
2022-04-14 05:26:52.838024: I tensorflow/core/platform/profile_utils/cpu_utils.cc:94] CPU Frequency: 2593990000 Hz
2022-04-14 05:26:52.838582: I tensorflow/compiler/xla/service/service.cc:168] XLA service 0x563179cbba90 initialized for platform Host (this does not guarantee that XLA will be used). Devices:
2022-04-14 05:26:52.838680: I tensorflow/compiler/xla/service/service.cc:176]   StreamExecutor device (0): Host, Default Version
[32;1m
Number of parameters: 	 pi: 5708, 	 v: 5377
[0m
2022-04-14 05:27:24.440822: I tensorflow/core/platform/cpu_feature_guard.cc:142] Your CPU supports instructions that this TensorFlow binary was not compiled to use: AVX2 FMA
2022-04-14 05:27:24.601181: I tensorflow/core/platform/profile_utils/cpu_utils.cc:94] CPU Frequency: 2593990000 Hz
2022-04-14 05:27:24.601711: I tensorflow/compiler/xla/service/service.cc:168] XLA service 0x5576924da470 initialized for platform Host (this does not guarantee that XLA will be used). Devices:
2022-04-14 05:27:24.601806: I tensorflow/compiler/xla/service/service.cc:176]   StreamExecutor device (0): Host, Default Version
Warning: trajectory cut off by epoch at 13 steps.
Warning: trajectory cut off by epoch at 3 steps.
2022-04-14 05:27:44.816688: I tensorflow/core/platform/cpu_feature_guard.cc:142] Your CPU supports instructions that this TensorFlow binary was not compiled to use: AVX2 FMA
2022-04-14 05:27:45.017198: I tensorflow/core/platform/profile_utils/cpu_utils.cc:94] CPU Frequency: 2593990000 Hz
2022-04-14 05:27:45.018559: I tensorflow/compiler/xla/service/service.cc:168] XLA service 0x55aa6c8d4c40 initialized for platform Host (this does not guarantee that XLA will be used). Devices:
2022-04-14 05:27:45.018670: I tensorflow/compiler/xla/service/service.cc:176]   StreamExecutor device (0): Host, Default Version
Warning: trajectory cut off by epoch at 21 steps.
Warning: trajectory cut off by epoch at 3 steps.
[32;1mAccepting new params at step 0 of line search.[0m
---------------------------------------
|             Epoch |               0 |
|      AverageEpRet |            5.19 |
|          StdEpRet |             6.3 |
|          MaxEpRet |            26.3 |
|          MinEpRet |           -19.5 |
|             EpLen |            27.1 |
|      AverageVVals |          -0.515 |
|          StdVVals |            1.19 |
|          MaxVVals |            2.94 |
|          MinVVals |           -2.71 |
| TotalEnvInteracts |           4e+03 |
|            LossPi |        4.66e-08 |
|             LossV |            33.5 |
|       DeltaLossPi |         -0.0516 |
|        DeltaLossV |           -10.7 |
|                KL |         0.00903 |
|    BacktrackIters |               0 |
|              Time |            83.6 |
---------------------------------------
Warning: trajectory cut off by epoch at 9 steps.
Warning: trajectory cut off by epoch at 2 steps.
Warning: trajectory cut off by epoch at 20 steps.
Warning: trajectory cut off by epoch at 17 steps.
[32;1mAccepting new params at step 0 of line search.[0m
---------------------------------------
|             Epoch |               1 |
|      AverageEpRet |            7.55 |
|          StdEpRet |            6.56 |
|          MaxEpRet |            34.1 |
|          MinEpRet |           -7.12 |
|             EpLen |            29.3 |
|      AverageVVals |          0.0714 |
|          StdVVals |            2.22 |
|          MaxVVals |            4.79 |
|          MinVVals |           -6.63 |
| TotalEnvInteracts |           8e+03 |
|            LossPi |        2.24e-08 |
|             LossV |            27.8 |
|       DeltaLossPi |         -0.0543 |
|        DeltaLossV |           -7.09 |
|                KL |         0.00918 |
|    BacktrackIters |               0 |
|              Time |             156 |
---------------------------------------
Warning: trajectory cut off by epoch at 12 steps.
Warning: trajectory cut off by epoch at 3 steps.
Warning: trajectory cut off by epoch at 19 steps.
Warning: trajectory cut off by epoch at 36 steps.
[32;1mAccepting new params at step 0 of line search.[0m
---------------------------------------
|             Epoch |               2 |
|      AverageEpRet |            8.91 |
|          StdEpRet |            7.53 |
|          MaxEpRet |            41.8 |
|          MinEpRet |           -6.11 |
|             EpLen |            31.4 |
|      AverageVVals |            1.32 |
|          StdVVals |            3.39 |
|          MaxVVals |            8.68 |
|          MinVVals |           -9.61 |
| TotalEnvInteracts |         1.2e+04 |
|            LossPi |        4.66e-09 |
|             LossV |            32.1 |
|       DeltaLossPi |         -0.0585 |
|        DeltaLossV |           -6.31 |
|                KL |         0.00914 |
|    BacktrackIters |               0 |
|              Time |             225 |
---------------------------------------
Warning: trajectory cut off by epoch at 47 steps.
Warning: trajectory cut off by epoch at 34 steps.
Warning: trajectory cut off by epoch at 9 steps.
Warning: trajectory cut off by epoch at 27 steps.
[32;1mAccepting new params at step 0 of line search.[0m
---------------------------------------
|             Epoch |               3 |
|      AverageEpRet |            11.5 |
|          StdEpRet |              10 |
|          MaxEpRet |            45.9 |
|          MinEpRet |           -8.88 |
|             EpLen |            32.9 |
|      AverageVVals |            1.84 |
|          StdVVals |            4.15 |
|          MaxVVals |            10.9 |
|          MinVVals |             -13 |
| TotalEnvInteracts |         1.6e+04 |
|            LossPi |       -1.49e-08 |
|             LossV |            43.2 |
|       DeltaLossPi |         -0.0548 |
|        DeltaLossV |           -9.53 |
|                KL |         0.00918 |
|    BacktrackIters |               0 |
|              Time |             296 |
---------------------------------------
Warning: trajectory cut off by epoch at 20 steps.
Warning: trajectory cut off by epoch at 34 steps.
Warning: trajectory cut off by epoch at 8 steps.
Warning: trajectory cut off by epoch at 40 steps.
[32;1mAccepting new params at step 0 of line search.[0m
---------------------------------------
|             Epoch |               4 |
|      AverageEpRet |            13.3 |
|          StdEpRet |            9.71 |
|          MaxEpRet |            45.7 |
|          MinEpRet |            -4.7 |
|             EpLen |            37.1 |
|      AverageVVals |             3.3 |
|          StdVVals |            5.21 |
|          MaxVVals |            13.1 |
|          MinVVals |           -14.8 |
| TotalEnvInteracts |           2e+04 |
|            LossPi |        1.12e-08 |
|             LossV |            38.5 |
|       DeltaLossPi |         -0.0528 |
|        DeltaLossV |            -7.5 |
|                KL |         0.00926 |
|    BacktrackIters |               0 |
|              Time |             366 |
---------------------------------------
Warning: trajectory cut off by epoch at 4 steps.
Warning: trajectory cut off by epoch at 40 steps.
Warning: trajectory cut off by epoch at 3 steps.
Warning: trajectory cut off by epoch at 11 steps.
[32;1mAccepting new params at step 0 of line search.[0m
---------------------------------------
|             Epoch |               5 |
|      AverageEpRet |            14.1 |
|          StdEpRet |            9.93 |
|          MaxEpRet |            41.4 |
|          MinEpRet |           -3.06 |
|             EpLen |            36.5 |
|      AverageVVals |            3.77 |
|          StdVVals |            5.37 |
|          MaxVVals |            14.3 |
|          MinVVals |           -12.7 |
| TotalEnvInteracts |         2.4e+04 |
|            LossPi |        1.12e-08 |
|             LossV |            36.3 |
|       DeltaLossPi |         -0.0546 |
|        DeltaLossV |           -5.66 |
|                KL |         0.00914 |
|    BacktrackIters |               0 |
|              Time |             437 |
---------------------------------------
Warning: trajectory cut off by epoch at 3 steps.
Warning: trajectory cut off by epoch at 58 steps.
Warning: trajectory cut off by epoch at 25 steps.
[32;1mAccepting new params at step 0 of line search.[0m
---------------------------------------
|             Epoch |               6 |
|      AverageEpRet |            15.7 |
|          StdEpRet |            10.6 |
|          MaxEpRet |            55.9 |
|          MinEpRet |           -1.62 |
|             EpLen |            39.1 |
|      AverageVVals |            4.09 |
|          StdVVals |            5.52 |
|          MaxVVals |            16.6 |
|          MinVVals |           -14.1 |
| TotalEnvInteracts |         2.8e+04 |
|            LossPi |        3.73e-09 |
|             LossV |            44.2 |
|       DeltaLossPi |         -0.0536 |
|        DeltaLossV |           -8.38 |
|                KL |         0.00908 |
|    BacktrackIters |               0 |
|              Time |             508 |
---------------------------------------
Warning: trajectory cut off by epoch at 23 steps.
Warning: trajectory cut off by epoch at 8 steps.
Warning: trajectory cut off by epoch at 9 steps.
Warning: trajectory cut off by epoch at 41 steps.
[32;1mAccepting new params at step 0 of line search.[0m
---------------------------------------
|             Epoch |               7 |
|      AverageEpRet |            23.5 |
|          StdEpRet |            14.3 |
|          MaxEpRet |              63 |
|          MinEpRet |            2.26 |
|             EpLen |            48.4 |
|      AverageVVals |            5.35 |
|          StdVVals |            6.05 |
|          MaxVVals |            18.2 |
|          MinVVals |             -13 |
| TotalEnvInteracts |         3.2e+04 |
|            LossPi |        2.47e-08 |
|             LossV |              77 |
|       DeltaLossPi |          -0.055 |
|        DeltaLossV |           -22.4 |
|                KL |         0.00927 |
|    BacktrackIters |               0 |
|              Time |             580 |
---------------------------------------
Warning: trajectory cut off by epoch at 3 steps.
Warning: trajectory cut off by epoch at 90 steps.
Warning: trajectory cut off by epoch at 14 steps.
Warning: trajectory cut off by epoch at 132 steps.
[32;1mAccepting new params at step 0 of line search.[0m
---------------------------------------
|             Epoch |               8 |
|      AverageEpRet |            20.8 |
|          StdEpRet |            12.5 |
|          MaxEpRet |            60.8 |
|          MinEpRet |           -14.9 |
|             EpLen |              47 |
|      AverageVVals |             8.4 |
|          StdVVals |            8.17 |
|          MaxVVals |              25 |
|          MinVVals |           -17.7 |
| TotalEnvInteracts |         3.6e+04 |
|            LossPi |       -1.49e-08 |
|             LossV |             262 |
|       DeltaLossPi |         -0.0602 |
|        DeltaLossV |             -69 |
|                KL |         0.00891 |
|    BacktrackIters |               0 |
|              Time |             650 |
---------------------------------------
Warning: trajectory cut off by epoch at 18 steps.
Warning: trajectory cut off by epoch at 25 steps.
Warning: trajectory cut off by epoch at 37 steps.
Warning: trajectory cut off by epoch at 51 steps.
[32;1mAccepting new params at step 0 of line search.[0m
---------------------------------------
|             Epoch |               9 |
|      AverageEpRet |              31 |
|          StdEpRet |            27.6 |
|          MaxEpRet |             146 |
|          MinEpRet |            -2.2 |
|             EpLen |            53.7 |
|      AverageVVals |            10.8 |
|          StdVVals |              11 |
|          MaxVVals |            40.4 |
|          MinVVals |           -25.8 |
| TotalEnvInteracts |           4e+04 |
|            LossPi |       -3.73e-08 |
|             LossV |             223 |
|       DeltaLossPi |         -0.0512 |
|        DeltaLossV |           -53.9 |
|                KL |         0.00904 |
|    BacktrackIters |               0 |
|              Time |             721 |
---------------------------------------
Warning: trajectory cut off by epoch at 45 steps.
Warning: trajectory cut off by epoch at 19 steps.
Warning: trajectory cut off by epoch at 34 steps.
Warning: trajectory cut off by epoch at 21 steps.
[32;1mAccepting new params at step 0 of line search.[0m
---------------------------------------
|             Epoch |              10 |
|      AverageEpRet |            29.7 |
|          StdEpRet |            19.6 |
|          MaxEpRet |             101 |
|          MinEpRet |          -0.209 |
|             EpLen |            57.1 |
|      AverageVVals |            12.7 |
|          StdVVals |            11.1 |
|          MaxVVals |            40.9 |
|          MinVVals |             -23 |
| TotalEnvInteracts |         4.4e+04 |
|            LossPi |        1.91e-08 |
|             LossV |             127 |
|       DeltaLossPi |         -0.0516 |
|        DeltaLossV |           -33.4 |
|                KL |         0.00915 |
|    BacktrackIters |               0 |
|              Time |             796 |
---------------------------------------
Warning: trajectory cut off by epoch at 32 steps.
Warning: trajectory cut off by epoch at 26 steps.
Warning: trajectory cut off by epoch at 2 steps.
Warning: trajectory cut off by epoch at 10 steps.
[32;1mAccepting new params at step 0 of line search.[0m
---------------------------------------
|             Epoch |              11 |
|      AverageEpRet |            32.4 |
|          StdEpRet |            24.9 |
|          MaxEpRet |             176 |
|          MinEpRet |            5.21 |
|             EpLen |            60.5 |
|      AverageVVals |            10.7 |
|          StdVVals |            9.99 |
|          MaxVVals |            42.3 |
|          MinVVals |           -23.3 |
| TotalEnvInteracts |         4.8e+04 |
|            LossPi |        7.45e-09 |
|             LossV |             173 |
|       DeltaLossPi |         -0.0526 |
|        DeltaLossV |           -34.1 |
|                KL |         0.00914 |
|    BacktrackIters |               0 |
|              Time |             869 |
---------------------------------------
Warning: trajectory cut off by epoch at 1 steps.
Warning: trajectory cut off by epoch at 108 steps.
Warning: trajectory cut off by epoch at 1 steps.
Warning: trajectory cut off by epoch at 47 steps.
[32;1mAccepting new params at step 0 of line search.[0m
---------------------------------------
|             Epoch |              12 |
|      AverageEpRet |            35.1 |
|          StdEpRet |            23.5 |
|          MaxEpRet |             126 |
|          MinEpRet |           -13.8 |
|             EpLen |            69.9 |
|      AverageVVals |            10.4 |
|          StdVVals |            11.4 |
|          MaxVVals |            44.4 |
|          MinVVals |           -21.4 |
| TotalEnvInteracts |         5.2e+04 |
|            LossPi |        3.35e-08 |
|             LossV |             149 |
|       DeltaLossPi |          -0.052 |
|        DeltaLossV |           -43.7 |
|                KL |         0.00903 |
|    BacktrackIters |               0 |
|              Time |             938 |
---------------------------------------
Warning: trajectory cut off by epoch at 68 steps.
Warning: trajectory cut off by epoch at 1 steps.
Warning: trajectory cut off by epoch at 80 steps.
Warning: trajectory cut off by epoch at 16 steps.
[32;1mAccepting new params at step 0 of line search.[0m
---------------------------------------
|             Epoch |              13 |
|      AverageEpRet |            38.7 |
|          StdEpRet |            27.5 |
|          MaxEpRet |             135 |
|          MinEpRet |            6.82 |
|             EpLen |              71 |
|      AverageVVals |            11.8 |
|          StdVVals |            12.4 |
|          MaxVVals |            46.2 |
|          MinVVals |           -30.2 |
| TotalEnvInteracts |         5.6e+04 |
|            LossPi |       -3.73e-09 |
|             LossV |             168 |
|       DeltaLossPi |         -0.0485 |
|        DeltaLossV |           -50.2 |
|                KL |         0.00912 |
|    BacktrackIters |               0 |
|              Time |        1.01e+03 |
---------------------------------------
Warning: trajectory cut off by epoch at 19 steps.
Warning: trajectory cut off by epoch at 3 steps.
Warning: trajectory cut off by epoch at 89 steps.
Warning: trajectory cut off by epoch at 38 steps.
[32;1mAccepting new params at step 0 of line search.[0m
---------------------------------------
|             Epoch |              14 |
|      AverageEpRet |            65.3 |
|          StdEpRet |            63.6 |
|          MaxEpRet |             286 |
|          MinEpRet |            1.23 |
|             EpLen |            85.6 |
|      AverageVVals |            19.6 |
|          StdVVals |            14.9 |
|          MaxVVals |            48.4 |
|          MinVVals |           -25.7 |
| TotalEnvInteracts |           6e+04 |
|            LossPi |       -4.47e-08 |
|             LossV |             751 |
|       DeltaLossPi |         -0.0531 |
|        DeltaLossV |            -237 |
|                KL |         0.00911 |
|    BacktrackIters |               0 |
|              Time |         1.1e+03 |
---------------------------------------
Warning: trajectory cut off by epoch at 2 steps.
Warning: trajectory cut off by epoch at 74 steps.
Warning: trajectory cut off by epoch at 48 steps.
Warning: trajectory cut off by epoch at 31 steps.
[32;1mAccepting new params at step 0 of line search.[0m
---------------------------------------
|             Epoch |              15 |
|      AverageEpRet |            57.2 |
|          StdEpRet |            56.6 |
|          MaxEpRet |             262 |
|          MinEpRet |            4.35 |
|             EpLen |            89.4 |
|      AverageVVals |            22.2 |
|          StdVVals |            20.6 |
|          MaxVVals |            61.7 |
|          MinVVals |           -47.6 |
| TotalEnvInteracts |         6.4e+04 |
|            LossPi |       -2.24e-08 |
|             LossV |             475 |
|       DeltaLossPi |         -0.0543 |
|        DeltaLossV |            -110 |
|                KL |         0.00911 |
|    BacktrackIters |               0 |
|              Time |        1.18e+03 |
---------------------------------------
Warning: trajectory cut off by epoch at 13 steps.
Warning: trajectory cut off by epoch at 97 steps.
Warning: trajectory cut off by epoch at 7 steps.
Warning: trajectory cut off by epoch at 81 steps.
[32;1mAccepting new params at step 0 of line search.[0m
---------------------------------------
|             Epoch |              16 |
|      AverageEpRet |            68.5 |
|          StdEpRet |            64.9 |
|          MaxEpRet |             319 |
|          MinEpRet |            11.2 |
|             EpLen |            92.7 |
|      AverageVVals |            25.1 |
|          StdVVals |            22.7 |
|          MaxVVals |            69.2 |
|          MinVVals |           -31.4 |
| TotalEnvInteracts |         6.8e+04 |
|            LossPi |        1.21e-08 |
|             LossV |             584 |
|       DeltaLossPi |         -0.0518 |
|        DeltaLossV |            -111 |
|                KL |         0.00903 |
|    BacktrackIters |               0 |
|              Time |        1.26e+03 |
---------------------------------------
Warning: trajectory cut off by epoch at 121 steps.
Warning: trajectory cut off by epoch at 70 steps.
Warning: trajectory cut off by epoch at 36 steps.
Warning: trajectory cut off by epoch at 59 steps.
[32;1mAccepting new params at step 0 of line search.[0m
---------------------------------------
|             Epoch |              17 |
|      AverageEpRet |            55.6 |
|          StdEpRet |              53 |
|          MaxEpRet |             291 |
|          MinEpRet |            12.9 |
|             EpLen |            86.4 |
|      AverageVVals |            22.7 |
|          StdVVals |            22.6 |
|          MaxVVals |            73.6 |
|          MinVVals |           -20.4 |
| TotalEnvInteracts |         7.2e+04 |
|            LossPi |        4.66e-09 |
|             LossV |             435 |
|       DeltaLossPi |         -0.0539 |
|        DeltaLossV |           -96.5 |
|                KL |         0.00908 |
|    BacktrackIters |               0 |
|              Time |        1.34e+03 |
---------------------------------------
Warning: trajectory cut off by epoch at 11 steps.
Warning: trajectory cut off by epoch at 36 steps.
Warning: trajectory cut off by epoch at 106 steps.
Warning: trajectory cut off by epoch at 152 steps.
[32;1mAccepting new params at step 0 of line search.[0m
---------------------------------------
|             Epoch |              18 |
|      AverageEpRet |            62.2 |
|          StdEpRet |            59.9 |
|          MaxEpRet |             271 |
|          MinEpRet |            5.11 |
|             EpLen |            90.1 |
|      AverageVVals |            26.9 |
|          StdVVals |            22.3 |
|          MaxVVals |              74 |
|          MinVVals |           -27.1 |
| TotalEnvInteracts |         7.6e+04 |
|            LossPi |       -3.82e-08 |
|             LossV |             574 |
|       DeltaLossPi |         -0.0516 |
|        DeltaLossV |            -141 |
|                KL |         0.00914 |
|    BacktrackIters |               0 |
|              Time |         1.4e+03 |
---------------------------------------
Warning: trajectory cut off by epoch at 72 steps.
Warning: trajectory cut off by epoch at 94 steps.
Warning: trajectory cut off by epoch at 33 steps.
Warning: trajectory cut off by epoch at 10 steps.
[32;1mAccepting new params at step 0 of line search.[0m
---------------------------------------
|             Epoch |              19 |
|      AverageEpRet |             121 |
|          StdEpRet |             108 |
|          MaxEpRet |             407 |
|          MinEpRet |            7.92 |
|             EpLen |             126 |
|      AverageVVals |            35.9 |
|          StdVVals |            25.6 |
|          MaxVVals |            76.4 |
|          MinVVals |           -26.7 |
| TotalEnvInteracts |           8e+04 |
|            LossPi |        2.24e-08 |
|             LossV |        1.46e+03 |
|       DeltaLossPi |         -0.0539 |
|        DeltaLossV |            -500 |
|                KL |         0.00905 |
|    BacktrackIters |               0 |
|              Time |        1.48e+03 |
---------------------------------------
Warning: trajectory cut off by epoch at 74 steps.
Warning: trajectory cut off by epoch at 93 steps.
Warning: trajectory cut off by epoch at 78 steps.
Warning: trajectory cut off by epoch at 158 steps.
[32;1mAccepting new params at step 0 of line search.[0m
---------------------------------------
|             Epoch |              20 |
|      AverageEpRet |             112 |
|          StdEpRet |              96 |
|          MaxEpRet |             358 |
|          MinEpRet |            5.86 |
|             EpLen |             109 |
|      AverageVVals |            48.9 |
|          StdVVals |            27.1 |
|          MaxVVals |              85 |
|          MinVVals |           -19.1 |
| TotalEnvInteracts |         8.4e+04 |
|            LossPi |        4.47e-08 |
|             LossV |             951 |
|       DeltaLossPi |         -0.0516 |
|        DeltaLossV |            -356 |
|                KL |         0.00898 |
|    BacktrackIters |               0 |
|              Time |        1.55e+03 |
---------------------------------------
Warning: trajectory cut off by epoch at 135 steps.
Warning: trajectory cut off by epoch at 9 steps.
Warning: trajectory cut off by epoch at 48 steps.
Warning: trajectory cut off by epoch at 244 steps.
[32;1mAccepting new params at step 0 of line search.[0m
---------------------------------------
|             Epoch |              21 |
|      AverageEpRet |            92.6 |
|          StdEpRet |            77.7 |
|          MaxEpRet |             280 |
|          MinEpRet |            4.06 |
|             EpLen |             108 |
|      AverageVVals |            42.7 |
|          StdVVals |            30.9 |
|          MaxVVals |            95.8 |
|          MinVVals |           -19.6 |
| TotalEnvInteracts |         8.8e+04 |
|            LossPi |               0 |
|             LossV |             740 |
|       DeltaLossPi |           -0.05 |
|        DeltaLossV |            -203 |
|                KL |         0.00903 |
|    BacktrackIters |               0 |
|              Time |        1.62e+03 |
---------------------------------------
Warning: trajectory cut off by epoch at 186 steps.
Warning: trajectory cut off by epoch at 40 steps.
Warning: trajectory cut off by epoch at 89 steps.
Warning: trajectory cut off by epoch at 20 steps.
[32;1mAccepting new params at step 0 of line search.[0m
---------------------------------------
|             Epoch |              22 |
|      AverageEpRet |             122 |
|          StdEpRet |            99.8 |
|          MaxEpRet |             297 |
|          MinEpRet |            11.2 |
|             EpLen |             136 |
|      AverageVVals |            42.2 |
|          StdVVals |              30 |
|          MaxVVals |            97.5 |
|          MinVVals |           -27.6 |
| TotalEnvInteracts |         9.2e+04 |
|            LossPi |       -5.59e-09 |
|             LossV |             897 |
|       DeltaLossPi |         -0.0502 |
|        DeltaLossV |            -296 |
|                KL |         0.00893 |
|    BacktrackIters |               0 |
|              Time |        1.69e+03 |
---------------------------------------
Warning: trajectory cut off by epoch at 1 steps.
Warning: trajectory cut off by epoch at 3 steps.
Warning: trajectory cut off by epoch at 148 steps.
Warning: trajectory cut off by epoch at 7 steps.
[32;1mAccepting new params at step 0 of line search.[0m
---------------------------------------
|             Epoch |              23 |
|      AverageEpRet |             134 |
|          StdEpRet |             108 |
|          MaxEpRet |             369 |
|          MinEpRet |            5.33 |
|             EpLen |             148 |
|      AverageVVals |            48.3 |
|          StdVVals |            30.7 |
|          MaxVVals |            98.6 |
|          MinVVals |           -19.7 |
| TotalEnvInteracts |         9.6e+04 |
|            LossPi |       -2.61e-08 |
|             LossV |             992 |
|       DeltaLossPi |         -0.0492 |
|        DeltaLossV |            -312 |
|                KL |         0.00916 |
|    BacktrackIters |               0 |
|              Time |        1.77e+03 |
---------------------------------------
Warning: trajectory cut off by epoch at 170 steps.
Warning: trajectory cut off by epoch at 182 steps.
Warning: trajectory cut off by epoch at 139 steps.
Warning: trajectory cut off by epoch at 38 steps.
[32;1mAccepting new params at step 0 of line search.[0m
---------------------------------------
|             Epoch |              24 |
|      AverageEpRet |             114 |
|          StdEpRet |            94.7 |
|          MaxEpRet |             421 |
|          MinEpRet |            18.1 |
|             EpLen |             139 |
|      AverageVVals |            48.3 |
|          StdVVals |            28.1 |
|          MaxVVals |            99.9 |
|          MinVVals |           -30.2 |
| TotalEnvInteracts |           1e+05 |
|            LossPi |               0 |
|             LossV |             974 |
|       DeltaLossPi |          -0.049 |
|        DeltaLossV |            -251 |
|                KL |          0.0088 |
|    BacktrackIters |               0 |
|              Time |        1.84e+03 |
---------------------------------------
Warning: trajectory cut off by epoch at 107 steps.
Warning: trajectory cut off by epoch at 35 steps.
Warning: trajectory cut off by epoch at 162 steps.
Warning: trajectory cut off by epoch at 195 steps.
[32;1mAccepting new params at step 0 of line search.[0m
---------------------------------------
|             Epoch |              25 |
|      AverageEpRet |             176 |
|          StdEpRet |             130 |
|          MaxEpRet |             433 |
|          MinEpRet |            20.5 |
|             EpLen |             159 |
|      AverageVVals |            52.6 |
|          StdVVals |            28.4 |
|          MaxVVals |             101 |
|          MinVVals |           -23.4 |
| TotalEnvInteracts |        1.04e+05 |
|            LossPi |       -1.12e-08 |
|             LossV |        1.19e+03 |
|       DeltaLossPi |         -0.0482 |
|        DeltaLossV |            -456 |
|                KL |         0.00895 |
|    BacktrackIters |               0 |
|              Time |        1.91e+03 |
---------------------------------------
Warning: trajectory cut off by epoch at 128 steps.
Warning: trajectory cut off by epoch at 103 steps.
Warning: trajectory cut off by epoch at 735 steps.
Warning: trajectory cut off by epoch at 84 steps.
[32;1mAccepting new params at step 0 of line search.[0m
---------------------------------------
|             Epoch |              26 |
|      AverageEpRet |             130 |
|          StdEpRet |             104 |
|          MaxEpRet |             380 |
|          MinEpRet |            30.8 |
|             EpLen |             155 |
|      AverageVVals |            57.9 |
|          StdVVals |            31.3 |
|          MaxVVals |             105 |
|          MinVVals |           -20.1 |
| TotalEnvInteracts |        1.08e+05 |
|            LossPi |        1.12e-08 |
|             LossV |        1.14e+03 |
|       DeltaLossPi |         -0.0509 |
|        DeltaLossV |            -542 |
|                KL |           0.009 |
|    BacktrackIters |               0 |
|              Time |        1.98e+03 |
---------------------------------------
Warning: trajectory cut off by epoch at 58 steps.
Warning: trajectory cut off by epoch at 16 steps.
Warning: trajectory cut off by epoch at 486 steps.
Warning: trajectory cut off by epoch at 9 steps.
[32;1mAccepting new params at step 0 of line search.[0m
---------------------------------------
|             Epoch |              27 |
|      AverageEpRet |             161 |
|          StdEpRet |             113 |
|          MaxEpRet |             423 |
|          MinEpRet |            29.8 |
|             EpLen |             143 |
|      AverageVVals |            65.4 |
|          StdVVals |            35.4 |
|          MaxVVals |             108 |
|          MinVVals |           -19.9 |
| TotalEnvInteracts |        1.12e+05 |
|            LossPi |        1.49e-08 |
|             LossV |        1.04e+03 |
|       DeltaLossPi |         -0.0502 |
|        DeltaLossV |            -387 |
|                KL |         0.00885 |
|    BacktrackIters |               0 |
|              Time |        2.05e+03 |
---------------------------------------
Warning: trajectory cut off by epoch at 106 steps.
Warning: trajectory cut off by epoch at 31 steps.
Warning: trajectory cut off by epoch at 19 steps.
Warning: trajectory cut off by epoch at 63 steps.
[32;1mAccepting new params at step 0 of line search.[0m
---------------------------------------
|             Epoch |              28 |
|      AverageEpRet |             163 |
|          StdEpRet |             143 |
|          MaxEpRet |             518 |
|          MinEpRet |            27.7 |
|             EpLen |             164 |
|      AverageVVals |            57.6 |
|          StdVVals |            36.8 |
|          MaxVVals |             111 |
|          MinVVals |           -24.4 |
| TotalEnvInteracts |        1.16e+05 |
|            LossPi |       -8.38e-09 |
|             LossV |        1.06e+03 |
|       DeltaLossPi |         -0.0489 |
|        DeltaLossV |            -373 |
|                KL |         0.00889 |
|    BacktrackIters |               0 |
|              Time |        2.12e+03 |
---------------------------------------
Warning: trajectory cut off by epoch at 9 steps.
Warning: trajectory cut off by epoch at 84 steps.
Warning: trajectory cut off by epoch at 188 steps.
Warning: trajectory cut off by epoch at 63 steps.
[32;1mAccepting new params at step 0 of line search.[0m
---------------------------------------
|             Epoch |              29 |
|      AverageEpRet |             194 |
|          StdEpRet |             140 |
|          MaxEpRet |             531 |
|          MinEpRet |            13.6 |
|             EpLen |             174 |
|      AverageVVals |            66.6 |
|          StdVVals |            34.8 |
|          MaxVVals |             113 |
|          MinVVals |           -21.5 |
| TotalEnvInteracts |         1.2e+05 |
|            LossPi |        1.49e-08 |
|             LossV |             971 |
|       DeltaLossPi |         -0.0521 |
|        DeltaLossV |            -316 |
|                KL |         0.00905 |
|    BacktrackIters |               0 |
|              Time |        2.19e+03 |
---------------------------------------
Warning: trajectory cut off by epoch at 28 steps.
Warning: trajectory cut off by epoch at 71 steps.
Warning: trajectory cut off by epoch at 73 steps.
Warning: trajectory cut off by epoch at 99 steps.
[32;1mAccepting new params at step 0 of line search.[0m
---------------------------------------
|             Epoch |              30 |
|      AverageEpRet |             225 |
|          StdEpRet |             131 |
|          MaxEpRet |             478 |
|          MinEpRet |            49.2 |
|             EpLen |             196 |
|      AverageVVals |            65.6 |
|          StdVVals |            34.8 |
|          MaxVVals |             116 |
|          MinVVals |           -16.2 |
| TotalEnvInteracts |        1.24e+05 |
|            LossPi |        -1.3e-08 |
|             LossV |        1.01e+03 |
|       DeltaLossPi |         -0.0513 |
|        DeltaLossV |            -384 |
|                KL |         0.00897 |
|    BacktrackIters |               0 |
|              Time |        2.27e+03 |
---------------------------------------
Warning: trajectory cut off by epoch at 36 steps.
Warning: trajectory cut off by epoch at 124 steps.
Warning: trajectory cut off by epoch at 197 steps.
Warning: trajectory cut off by epoch at 63 steps.
[32;1mAccepting new params at step 0 of line search.[0m
---------------------------------------
|             Epoch |              31 |
|      AverageEpRet |             164 |
|          StdEpRet |             149 |
|          MaxEpRet |             509 |
|          MinEpRet |            30.9 |
|             EpLen |             163 |
|      AverageVVals |            63.4 |
|          StdVVals |            38.8 |
|          MaxVVals |             116 |
|          MinVVals |           -23.4 |
| TotalEnvInteracts |        1.28e+05 |
|            LossPi |       -3.73e-08 |
|             LossV |        1.07e+03 |
|       DeltaLossPi |         -0.0476 |
|        DeltaLossV |            -372 |
|                KL |         0.00883 |
|    BacktrackIters |               0 |
|              Time |        2.33e+03 |
---------------------------------------
Warning: trajectory cut off by epoch at 73 steps.
Warning: trajectory cut off by epoch at 78 steps.
Warning: trajectory cut off by epoch at 11 steps.
Warning: trajectory cut off by epoch at 44 steps.
[32;1mAccepting new params at step 0 of line search.[0m
---------------------------------------
|             Epoch |              32 |
|      AverageEpRet |             193 |
|          StdEpRet |             116 |
|          MaxEpRet |             402 |
|          MinEpRet |            23.3 |
|             EpLen |             165 |
|      AverageVVals |            68.8 |
|          StdVVals |              40 |
|          MaxVVals |             120 |
|          MinVVals |           -46.6 |
| TotalEnvInteracts |        1.32e+05 |
|            LossPi |               0 |
|             LossV |             659 |
|       DeltaLossPi |         -0.0512 |
|        DeltaLossV |            -276 |
|                KL |         0.00897 |
|    BacktrackIters |               0 |
|              Time |         2.4e+03 |
---------------------------------------
Warning: trajectory cut off by epoch at 8 steps.
Warning: trajectory cut off by epoch at 58 steps.
Warning: trajectory cut off by epoch at 69 steps.
Warning: trajectory cut off by epoch at 9 steps.
[32;1mAccepting new params at step 0 of line search.[0m
---------------------------------------
|             Epoch |              33 |
|      AverageEpRet |             254 |
|          StdEpRet |             149 |
|          MaxEpRet |             701 |
|          MinEpRet |            61.6 |
|             EpLen |             203 |
|      AverageVVals |            74.4 |
|          StdVVals |              40 |
|          MaxVVals |             122 |
|          MinVVals |           -24.1 |
| TotalEnvInteracts |        1.36e+05 |
|            LossPi |         1.4e-08 |
|             LossV |             811 |
|       DeltaLossPi |          -0.051 |
|        DeltaLossV |            -270 |
|                KL |         0.00893 |
|    BacktrackIters |               0 |
|              Time |        2.47e+03 |
---------------------------------------
Warning: trajectory cut off by epoch at 108 steps.
Warning: trajectory cut off by epoch at 146 steps.
Warning: trajectory cut off by epoch at 362 steps.
Warning: trajectory cut off by epoch at 50 steps.
[32;1mAccepting new params at step 0 of line search.[0m
---------------------------------------
|             Epoch |              34 |
|      AverageEpRet |             269 |
|          StdEpRet |             145 |
|          MaxEpRet |             498 |
|          MinEpRet |            26.8 |
|             EpLen |             196 |
|      AverageVVals |            82.2 |
|          StdVVals |            34.7 |
|          MaxVVals |             122 |
|          MinVVals |           -24.4 |
| TotalEnvInteracts |         1.4e+05 |
|            LossPi |       -3.73e-09 |
|             LossV |             924 |
|       DeltaLossPi |         -0.0498 |
|        DeltaLossV |            -324 |
|                KL |           0.009 |
|    BacktrackIters |               0 |
|              Time |        2.54e+03 |
---------------------------------------
Warning: trajectory cut off by epoch at 18 steps.
Warning: trajectory cut off by epoch at 28 steps.
Warning: trajectory cut off by epoch at 28 steps.
Warning: trajectory cut off by epoch at 251 steps.
[32;1mAccepting new params at step 0 of line search.[0m
---------------------------------------
|             Epoch |              35 |
|      AverageEpRet |             286 |
|          StdEpRet |             213 |
|          MaxEpRet |             821 |
|          MinEpRet |              28 |
|             EpLen |             245 |
|      AverageVVals |            86.9 |
|          StdVVals |            36.9 |
|          MaxVVals |             128 |
|          MinVVals |           -26.1 |
| TotalEnvInteracts |        1.44e+05 |
|            LossPi |        2.98e-08 |
|             LossV |        1.02e+03 |
|       DeltaLossPi |         -0.0502 |
|        DeltaLossV |            -304 |
|                KL |         0.00895 |
|    BacktrackIters |               0 |
|              Time |        2.61e+03 |
---------------------------------------
Warning: trajectory cut off by epoch at 133 steps.
Warning: trajectory cut off by epoch at 31 steps.
Warning: trajectory cut off by epoch at 138 steps.
Warning: trajectory cut off by epoch at 270 steps.
[32;1mAccepting new params at step 0 of line search.[0m
---------------------------------------
|             Epoch |              36 |
|      AverageEpRet |             265 |
|          StdEpRet |             191 |
|          MaxEpRet |             790 |
|          MinEpRet |            26.8 |
|             EpLen |             202 |
|      AverageVVals |              87 |
|          StdVVals |            32.6 |
|          MaxVVals |             122 |
|          MinVVals |           -23.3 |
| TotalEnvInteracts |        1.48e+05 |
|            LossPi |        1.12e-08 |
|             LossV |             863 |
|       DeltaLossPi |         -0.0483 |
|        DeltaLossV |            -369 |
|                KL |         0.00902 |
|    BacktrackIters |               0 |
|              Time |        2.68e+03 |
---------------------------------------
Warning: trajectory cut off by epoch at 109 steps.
Warning: trajectory cut off by epoch at 45 steps.
Warning: trajectory cut off by epoch at 575 steps.
Warning: trajectory cut off by epoch at 391 steps.
[32;1mAccepting new params at step 0 of line search.[0m
---------------------------------------
|             Epoch |              37 |
|      AverageEpRet |             286 |
|          StdEpRet |             104 |
|          MaxEpRet |             455 |
|          MinEpRet |            80.4 |
|             EpLen |             222 |
|      AverageVVals |            88.3 |
|          StdVVals |              39 |
|          MaxVVals |             131 |
|          MinVVals |           -24.7 |
| TotalEnvInteracts |        1.52e+05 |
|            LossPi |        9.31e-10 |
|             LossV |             901 |
|       DeltaLossPi |         -0.0519 |
|        DeltaLossV |            -408 |
|                KL |         0.00902 |
|    BacktrackIters |               0 |
|              Time |        2.76e+03 |
---------------------------------------
Warning: trajectory cut off by epoch at 12 steps.
Warning: trajectory cut off by epoch at 142 steps.
Warning: trajectory cut off by epoch at 47 steps.
Warning: trajectory cut off by epoch at 72 steps.
[32;1mAccepting new params at step 0 of line search.[0m
---------------------------------------
|             Epoch |              38 |
|      AverageEpRet |             270 |
|          StdEpRet |             178 |
|          MaxEpRet |             827 |
|          MinEpRet |            5.06 |
|             EpLen |             196 |
|      AverageVVals |            87.7 |
|          StdVVals |            28.9 |
|          MaxVVals |             126 |
|          MinVVals |           -18.7 |
| TotalEnvInteracts |        1.56e+05 |
|            LossPi |       -7.45e-09 |
|             LossV |             849 |
|       DeltaLossPi |         -0.0502 |
|        DeltaLossV |            -299 |
|                KL |         0.00898 |
|    BacktrackIters |               0 |
|              Time |        2.84e+03 |
---------------------------------------
Warning: trajectory cut off by epoch at 104 steps.
Warning: trajectory cut off by epoch at 4 steps.
Warning: trajectory cut off by epoch at 316 steps.
Warning: trajectory cut off by epoch at 236 steps.
[32;1mAccepting new params at step 0 of line search.[0m
---------------------------------------
|             Epoch |              39 |
|      AverageEpRet |             259 |
|          StdEpRet |             160 |
|          MaxEpRet |             541 |
|          MinEpRet |            21.3 |
|             EpLen |             196 |
|      AverageVVals |              90 |
|          StdVVals |            32.2 |
|          MaxVVals |             131 |
|          MinVVals |           -15.5 |
| TotalEnvInteracts |         1.6e+05 |
|            LossPi |        2.79e-09 |
|             LossV |             817 |
|       DeltaLossPi |         -0.0508 |
|        DeltaLossV |            -238 |
|                KL |         0.00916 |
|    BacktrackIters |               0 |
|              Time |        2.92e+03 |
---------------------------------------
Warning: trajectory cut off by epoch at 60 steps.
Warning: trajectory cut off by epoch at 348 steps.
Warning: trajectory cut off by epoch at 230 steps.
Warning: trajectory cut off by epoch at 236 steps.
[32;1mAccepting new params at step 0 of line search.[0m
---------------------------------------
|             Epoch |              40 |
|      AverageEpRet |             201 |
|          StdEpRet |             170 |
|          MaxEpRet |             724 |
|          MinEpRet |            36.3 |
|             EpLen |             184 |
|      AverageVVals |            76.4 |
|          StdVVals |            41.9 |
|          MaxVVals |             134 |
|          MinVVals |           -27.6 |
| TotalEnvInteracts |        1.64e+05 |
|            LossPi |       -1.49e-08 |
|             LossV |             697 |
|       DeltaLossPi |         -0.0455 |
|        DeltaLossV |            -275 |
|                KL |         0.00877 |
|    BacktrackIters |               0 |
|              Time |           3e+03 |
---------------------------------------
Warning: trajectory cut off by epoch at 9 steps.
Warning: trajectory cut off by epoch at 170 steps.
Warning: trajectory cut off by epoch at 118 steps.
Warning: trajectory cut off by epoch at 27 steps.
[32;1mAccepting new params at step 0 of line search.[0m
---------------------------------------
|             Epoch |              41 |
|      AverageEpRet |             294 |
|          StdEpRet |             259 |
|          MaxEpRet |             892 |
|          MinEpRet |              14 |
|             EpLen |             283 |
|      AverageVVals |              88 |
|          StdVVals |            36.3 |
|          MaxVVals |             134 |
|          MinVVals |             -20 |
| TotalEnvInteracts |        1.68e+05 |
|            LossPi |       -1.49e-08 |
|             LossV |             981 |
|       DeltaLossPi |         -0.0498 |
|        DeltaLossV |            -457 |
|                KL |         0.00886 |
|    BacktrackIters |               0 |
|              Time |        3.07e+03 |
---------------------------------------
Warning: trajectory cut off by epoch at 1 steps.
Warning: trajectory cut off by epoch at 163 steps.
Warning: trajectory cut off by epoch at 416 steps.
[32;1mAccepting new params at step 0 of line search.[0m
---------------------------------------
|             Epoch |              42 |
|      AverageEpRet |             425 |
|          StdEpRet |             322 |
|          MaxEpRet |        1.03e+03 |
|          MinEpRet |            60.1 |
|             EpLen |             342 |
|      AverageVVals |            84.9 |
|          StdVVals |            25.9 |
|          MaxVVals |             128 |
|          MinVVals |           -11.3 |
| TotalEnvInteracts |        1.72e+05 |
|            LossPi |        1.49e-08 |
|             LossV |             559 |
|       DeltaLossPi |         -0.0492 |
|        DeltaLossV |            -254 |
|                KL |         0.00904 |
|    BacktrackIters |               0 |
|              Time |        3.14e+03 |
---------------------------------------
Warning: trajectory cut off by epoch at 687 steps.
Warning: trajectory cut off by epoch at 252 steps.
Warning: trajectory cut off by epoch at 75 steps.
Warning: trajectory cut off by epoch at 598 steps.
[32;1mAccepting new params at step 0 of line search.[0m
---------------------------------------
|             Epoch |              43 |
|      AverageEpRet |             179 |
|          StdEpRet |             142 |
|          MaxEpRet |             538 |
|          MinEpRet |            22.5 |
|             EpLen |             159 |
|      AverageVVals |            77.1 |
|          StdVVals |            38.5 |
|          MaxVVals |             132 |
|          MinVVals |           -15.4 |
| TotalEnvInteracts |        1.76e+05 |
|            LossPi |        1.86e-09 |
|             LossV |             651 |
|       DeltaLossPi |         -0.0478 |
|        DeltaLossV |            -342 |
|                KL |           0.009 |
|    BacktrackIters |               0 |
|              Time |        3.21e+03 |
---------------------------------------
Warning: trajectory cut off by epoch at 333 steps.
Warning: trajectory cut off by epoch at 384 steps.
Warning: trajectory cut off by epoch at 152 steps.
Warning: trajectory cut off by epoch at 607 steps.
[32;1mAccepting new params at step 0 of line search.[0m
---------------------------------------
|             Epoch |              44 |
|      AverageEpRet |             331 |
|          StdEpRet |             246 |
|          MaxEpRet |             949 |
|          MinEpRet |            87.3 |
|             EpLen |             280 |
|      AverageVVals |            94.5 |
|          StdVVals |            34.8 |
|          MaxVVals |             138 |
|          MinVVals |             -11 |
| TotalEnvInteracts |         1.8e+05 |
|            LossPi |        1.49e-08 |
|             LossV |             342 |
|       DeltaLossPi |         -0.0512 |
|        DeltaLossV |            -163 |
|                KL |         0.00906 |
|    BacktrackIters |               0 |
|              Time |        3.28e+03 |
---------------------------------------
Warning: trajectory cut off by epoch at 148 steps.
Warning: trajectory cut off by epoch at 760 steps.
Warning: trajectory cut off by epoch at 113 steps.
[32;1mAccepting new params at step 0 of line search.[0m
---------------------------------------
|             Epoch |              45 |
|      AverageEpRet |             296 |
|          StdEpRet |             233 |
|          MaxEpRet |             974 |
|          MinEpRet |            69.5 |
|             EpLen |             248 |
|      AverageVVals |            97.4 |
|          StdVVals |              31 |
|          MaxVVals |             138 |
|          MinVVals |           -12.6 |
| TotalEnvInteracts |        1.84e+05 |
|            LossPi |        3.73e-08 |
|             LossV |             655 |
|       DeltaLossPi |         -0.0454 |
|        DeltaLossV |            -318 |
|                KL |         0.00894 |
|    BacktrackIters |               0 |
|              Time |        3.34e+03 |
---------------------------------------
Warning: trajectory cut off by epoch at 253 steps.
Warning: trajectory cut off by epoch at 478 steps.
Warning: trajectory cut off by epoch at 337 steps.
Warning: trajectory cut off by epoch at 135 steps.
[32;1mAccepting new params at step 0 of line search.[0m
---------------------------------------
|             Epoch |              46 |
|      AverageEpRet |             301 |
|          StdEpRet |             155 |
|          MaxEpRet |             634 |
|          MinEpRet |              63 |
|             EpLen |             215 |
|      AverageVVals |            85.8 |
|          StdVVals |            28.1 |
|          MaxVVals |             133 |
|          MinVVals |           -16.4 |
| TotalEnvInteracts |        1.88e+05 |
|            LossPi |       -3.35e-08 |
|             LossV |             494 |
|       DeltaLossPi |         -0.0465 |
|        DeltaLossV |            -307 |
|                KL |           0.009 |
|    BacktrackIters |               0 |
|              Time |        3.38e+03 |
---------------------------------------
Warning: trajectory cut off by epoch at 250 steps.
Warning: trajectory cut off by epoch at 168 steps.
Warning: trajectory cut off by epoch at 58 steps.
[32;1mAccepting new params at step 0 of line search.[0m
---------------------------------------
|             Epoch |              47 |
|      AverageEpRet |             282 |
|          StdEpRet |             254 |
|          MaxEpRet |           1e+03 |
|          MinEpRet |              67 |
|             EpLen |             252 |
|      AverageVVals |            88.1 |
|          StdVVals |            34.5 |
|          MaxVVals |             136 |
|          MinVVals |           -13.3 |
| TotalEnvInteracts |        1.92e+05 |
|            LossPi |       -2.24e-08 |
|             LossV |             721 |
|       DeltaLossPi |         -0.0478 |
|        DeltaLossV |            -387 |
|                KL |         0.00893 |
|    BacktrackIters |               0 |
|              Time |        3.42e+03 |
---------------------------------------
Warning: trajectory cut off by epoch at 677 steps.
Warning: trajectory cut off by epoch at 726 steps.
Warning: trajectory cut off by epoch at 143 steps.
[32;1mAccepting new params at step 0 of line search.[0m
---------------------------------------
|             Epoch |              48 |
|      AverageEpRet |             380 |
|          StdEpRet |             282 |
|          MaxEpRet |        1.01e+03 |
|          MinEpRet |            41.4 |
|             EpLen |             351 |
|      AverageVVals |              92 |
|          StdVVals |            28.7 |
|          MaxVVals |             136 |
|          MinVVals |             -14 |
| TotalEnvInteracts |        1.96e+05 |
|            LossPi |        7.45e-09 |
|             LossV |             418 |
|       DeltaLossPi |         -0.0505 |
|        DeltaLossV |            -157 |
|                KL |         0.00893 |
|    BacktrackIters |               0 |
|              Time |        3.44e+03 |
---------------------------------------
Warning: trajectory cut off by epoch at 708 steps.
Warning: trajectory cut off by epoch at 491 steps.
Warning: trajectory cut off by epoch at 220 steps.
[32;1mAccepting new params at step 0 of line search.[0m
---------------------------------------
|             Epoch |              49 |
|      AverageEpRet |             357 |
|          StdEpRet |             264 |
|          MaxEpRet |        1.06e+03 |
|          MinEpRet |            46.5 |
|             EpLen |             287 |
|      AverageVVals |            90.6 |
|          StdVVals |            25.8 |
|          MaxVVals |             128 |
|          MinVVals |           -17.1 |
| TotalEnvInteracts |           2e+05 |
|            LossPi |        1.12e-08 |
|             LossV |             437 |
|       DeltaLossPi |         -0.0455 |
|        DeltaLossV |            -122 |
|                KL |         0.00894 |
|    BacktrackIters |               0 |
|              Time |        3.45e+03 |
---------------------------------------
