--------------------------------------------------------------------------
[[31900,1],0]: A high-performance Open MPI point-to-point messaging module
was unable to find any relevant network interfaces:

Module: OpenFabrics (openib)
  Host: GCRAZGDL0429

Another transport will be used instead, although this may result in
lower performance.

NOTE: You can disable this warning by setting the MCA parameter
btl_base_warn_component_unused to 0.
--------------------------------------------------------------------------
--------------------------------------------------------------------------
[[31959,1],3]: A high-performance Open MPI point-to-point messaging module
was unable to find any relevant network interfaces:

Module: OpenFabrics (openib)
  Host: GCRAZGDL0429

Another transport will be used instead, although this may result in
lower performance.

NOTE: You can disable this warning by setting the MCA parameter
btl_base_warn_component_unused to 0.
--------------------------------------------------------------------------
Warning: Log dir exp/trpo_Hopper-v3/trpo_Hopper-v3_s1 already exists! Storing info there anyway.
[32;1mLogging data to exp/trpo_Hopper-v3/trpo_Hopper-v3_s1/progress.txt[0m
[36;1mSaving config:
[0m
{
    "ac_kwargs":	{
        "hidden_sizes":	[
            64,
            64
        ]
    },
    "actor_critic":	"mlp_actor_critic",
    "algo":	"trpo",
    "backtrack_coeff":	0.8,
    "backtrack_iters":	10,
    "cg_iters":	10,
    "damping_coeff":	0.1,
    "delta":	0.01,
    "env_fn":	"<function <lambda> at 0x7f631ad654d0>",
    "epochs":	50,
    "exp_name":	"trpo_Hopper-v3",
    "gamma":	0.99,
    "lam":	0.97,
    "logger":	{
        "<spinup.utils.logx.EpochLogger object at 0x7f631ad05450>":	{
            "epoch_dict":	{},
            "exp_name":	"trpo_Hopper-v3",
            "first_row":	true,
            "log_current_row":	{},
            "log_headers":	[],
            "output_dir":	"exp/trpo_Hopper-v3/trpo_Hopper-v3_s1",
            "output_file":	{
                "<_io.TextIOWrapper name='exp/trpo_Hopper-v3/trpo_Hopper-v3_s1/progress.txt' mode='w' encoding='UTF-8'>":	{
                    "mode":	"w"
                }
            }
        }
    },
    "logger_kwargs":	{
        "exp_name":	"trpo_Hopper-v3",
        "output_dir":	"exp/trpo_Hopper-v3/trpo_Hopper-v3_s1"
    },
    "max_ep_len":	1000,
    "save_freq":	10,
    "seed":	1,
    "steps_per_epoch":	4000,
    "train_v_iters":	80,
    "vf_lr":	0.001
}
[GCRAZGDL0429:29946] 3 more processes have sent help message help-mpi-btl-base.txt / btl:no-nics
[GCRAZGDL0429:29946] Set MCA parameter "orte_base_help_aggregate" to 0 to see all help / error messages
[32;1m
Number of parameters: 	 pi: 5126, 	 v: 4993
[0m
2022-04-14 05:24:26.620548: I tensorflow/core/platform/cpu_feature_guard.cc:142] Your CPU supports instructions that this TensorFlow binary was not compiled to use: AVX2 FMA
2022-04-14 05:24:26.644059: I tensorflow/core/platform/profile_utils/cpu_utils.cc:94] CPU Frequency: 2593990000 Hz
2022-04-14 05:24:26.644430: I tensorflow/compiler/xla/service/service.cc:168] XLA service 0x55ba8d02fc00 initialized for platform Host (this does not guarantee that XLA will be used). Devices:
2022-04-14 05:24:26.644449: I tensorflow/compiler/xla/service/service.cc:176]   StreamExecutor device (0): Host, Default Version
2022-04-14 05:24:35.756540: I tensorflow/core/platform/cpu_feature_guard.cc:142] Your CPU supports instructions that this TensorFlow binary was not compiled to use: AVX2 FMA
2022-04-14 05:24:35.826229: I tensorflow/core/platform/profile_utils/cpu_utils.cc:94] CPU Frequency: 2593990000 Hz
2022-04-14 05:24:35.827163: I tensorflow/compiler/xla/service/service.cc:168] XLA service 0x5592bbf6a160 initialized for platform Host (this does not guarantee that XLA will be used). Devices:
2022-04-14 05:24:35.827224: I tensorflow/compiler/xla/service/service.cc:176]   StreamExecutor device (0): Host, Default Version
2022-04-14 05:24:40.987311: I tensorflow/core/platform/cpu_feature_guard.cc:142] Your CPU supports instructions that this TensorFlow binary was not compiled to use: AVX2 FMA
2022-04-14 05:24:41.029165: I tensorflow/core/platform/profile_utils/cpu_utils.cc:94] CPU Frequency: 2593990000 Hz
2022-04-14 05:24:41.033494: I tensorflow/compiler/xla/service/service.cc:168] XLA service 0x5568483e3a00 initialized for platform Host (this does not guarantee that XLA will be used). Devices:
2022-04-14 05:24:41.033530: I tensorflow/compiler/xla/service/service.cc:176]   StreamExecutor device (0): Host, Default Version
Warning: trajectory cut off by epoch at 10 steps.
Warning: trajectory cut off by epoch at 6 steps.
2022-04-14 05:24:55.448942: I tensorflow/core/platform/cpu_feature_guard.cc:142] Your CPU supports instructions that this TensorFlow binary was not compiled to use: AVX2 FMA
2022-04-14 05:24:55.526077: I tensorflow/core/platform/profile_utils/cpu_utils.cc:94] CPU Frequency: 2593990000 Hz
2022-04-14 05:24:55.527139: I tensorflow/compiler/xla/service/service.cc:168] XLA service 0x55c39024a800 initialized for platform Host (this does not guarantee that XLA will be used). Devices:
2022-04-14 05:24:55.527199: I tensorflow/compiler/xla/service/service.cc:176]   StreamExecutor device (0): Host, Default Version
Warning: trajectory cut off by epoch at 7 steps.
Warning: trajectory cut off by epoch at 11 steps.
[32;1mAccepting new params at step 0 of line search.[0m
---------------------------------------
|             Epoch |               0 |
|      AverageEpRet |            7.13 |
|          StdEpRet |            3.05 |
|          MaxEpRet |            22.5 |
|          MinEpRet |            2.67 |
|             EpLen |            10.6 |
|      AverageVVals |           0.527 |
|          StdVVals |           0.352 |
|          MaxVVals |            1.38 |
|          MinVVals |          -0.772 |
| TotalEnvInteracts |           4e+03 |
|            LossPi |        2.98e-08 |
|             LossV |            17.1 |
|       DeltaLossPi |         -0.0324 |
|        DeltaLossV |           -13.6 |
|                KL |         0.00982 |
|    BacktrackIters |               0 |
|              Time |            64.9 |
---------------------------------------
Warning: trajectory cut off by epoch at 13 steps.
Warning: trajectory cut off by epoch at 8 steps.
Warning: trajectory cut off by epoch at 6 steps.
Warning: trajectory cut off by epoch at 2 steps.
[32;1mAccepting new params at step 0 of line search.[0m
---------------------------------------
|             Epoch |               1 |
|      AverageEpRet |            9.34 |
|          StdEpRet |            6.52 |
|          MaxEpRet |            64.2 |
|          MinEpRet |            2.53 |
|             EpLen |            12.3 |
|      AverageVVals |            3.63 |
|          StdVVals |             2.7 |
|          MaxVVals |            8.01 |
|          MinVVals |           -1.75 |
| TotalEnvInteracts |           8e+03 |
|            LossPi |       -2.98e-08 |
|             LossV |            29.9 |
|       DeltaLossPi |         -0.0447 |
|        DeltaLossV |           -5.37 |
|                KL |         0.00983 |
|    BacktrackIters |               0 |
|              Time |             111 |
---------------------------------------
Warning: trajectory cut off by epoch at 5 steps.
Warning: trajectory cut off by epoch at 2 steps.
Warning: trajectory cut off by epoch at 6 steps.
Warning: trajectory cut off by epoch at 7 steps.
[32;1mAccepting new params at step 0 of line search.[0m
---------------------------------------
|             Epoch |               2 |
|      AverageEpRet |            11.7 |
|          StdEpRet |            7.95 |
|          MaxEpRet |            63.6 |
|          MinEpRet |            3.28 |
|             EpLen |              14 |
|      AverageVVals |            5.67 |
|          StdVVals |            3.94 |
|          MaxVVals |            12.9 |
|          MinVVals |           -5.18 |
| TotalEnvInteracts |         1.2e+04 |
|            LossPi |        1.12e-08 |
|             LossV |            35.6 |
|       DeltaLossPi |         -0.0427 |
|        DeltaLossV |           -2.84 |
|                KL |         0.00973 |
|    BacktrackIters |               0 |
|              Time |             172 |
---------------------------------------
Warning: trajectory cut off by epoch at 8 steps.
Warning: trajectory cut off by epoch at 29 steps.
Warning: trajectory cut off by epoch at 1 steps.
Warning: trajectory cut off by epoch at 3 steps.
[32;1mAccepting new params at step 0 of line search.[0m
---------------------------------------
|             Epoch |               3 |
|      AverageEpRet |            14.7 |
|          StdEpRet |            10.5 |
|          MaxEpRet |            64.5 |
|          MinEpRet |            4.29 |
|             EpLen |            15.5 |
|      AverageVVals |            7.44 |
|          StdVVals |            4.71 |
|          MaxVVals |            16.1 |
|          MinVVals |           -4.47 |
| TotalEnvInteracts |         1.6e+04 |
|            LossPi |               0 |
|             LossV |            52.8 |
|       DeltaLossPi |         -0.0428 |
|        DeltaLossV |           -5.41 |
|                KL |          0.0099 |
|    BacktrackIters |               0 |
|              Time |             242 |
---------------------------------------
Warning: trajectory cut off by epoch at 14 steps.
Warning: trajectory cut off by epoch at 2 steps.
Warning: trajectory cut off by epoch at 31 steps.
Warning: trajectory cut off by epoch at 25 steps.
[32;1mAccepting new params at step 0 of line search.[0m
---------------------------------------
|             Epoch |               4 |
|      AverageEpRet |            19.9 |
|          StdEpRet |              16 |
|          MaxEpRet |            81.1 |
|          MinEpRet |            4.53 |
|             EpLen |            18.4 |
|      AverageVVals |            10.5 |
|          StdVVals |            6.15 |
|          MaxVVals |            19.2 |
|          MinVVals |           -1.73 |
| TotalEnvInteracts |           2e+04 |
|            LossPi |        1.68e-08 |
|             LossV |             125 |
|       DeltaLossPi |         -0.0416 |
|        DeltaLossV |           -16.8 |
|                KL |         0.00972 |
|    BacktrackIters |               0 |
|              Time |             312 |
---------------------------------------
Warning: trajectory cut off by epoch at 4 steps.
Warning: trajectory cut off by epoch at 30 steps.
Warning: trajectory cut off by epoch at 13 steps.
Warning: trajectory cut off by epoch at 7 steps.
[32;1mAccepting new params at step 0 of line search.[0m
---------------------------------------
|             Epoch |               5 |
|      AverageEpRet |            30.7 |
|          StdEpRet |            19.3 |
|          MaxEpRet |            76.9 |
|          MinEpRet |            5.32 |
|             EpLen |            23.8 |
|      AverageVVals |            16.3 |
|          StdVVals |            7.61 |
|          MaxVVals |            23.7 |
|          MinVVals |           -2.95 |
| TotalEnvInteracts |         2.4e+04 |
|            LossPi |       -3.73e-08 |
|             LossV |             163 |
|       DeltaLossPi |         -0.0358 |
|        DeltaLossV |           -22.3 |
|                KL |         0.00971 |
|    BacktrackIters |               0 |
|              Time |             383 |
---------------------------------------
Warning: trajectory cut off by epoch at 20 steps.
Warning: trajectory cut off by epoch at 36 steps.
Warning: trajectory cut off by epoch at 13 steps.
Warning: trajectory cut off by epoch at 31 steps.
[32;1mAccepting new params at step 0 of line search.[0m
---------------------------------------
|             Epoch |               6 |
|      AverageEpRet |            38.1 |
|          StdEpRet |            21.2 |
|          MaxEpRet |             124 |
|          MinEpRet |            6.31 |
|             EpLen |            27.5 |
|      AverageVVals |            20.8 |
|          StdVVals |            7.92 |
|          MaxVVals |            26.2 |
|          MinVVals |           -3.91 |
| TotalEnvInteracts |         2.8e+04 |
|            LossPi |       -3.35e-08 |
|             LossV |             201 |
|       DeltaLossPi |         -0.0323 |
|        DeltaLossV |             -21 |
|                KL |         0.00932 |
|    BacktrackIters |               0 |
|              Time |             453 |
---------------------------------------
Warning: trajectory cut off by epoch at 4 steps.
Warning: trajectory cut off by epoch at 5 steps.
Warning: trajectory cut off by epoch at 39 steps.
Warning: trajectory cut off by epoch at 31 steps.
[32;1mAccepting new params at step 0 of line search.[0m
---------------------------------------
|             Epoch |               7 |
|      AverageEpRet |            46.5 |
|          StdEpRet |            20.5 |
|          MaxEpRet |              87 |
|          MinEpRet |            5.25 |
|             EpLen |            30.6 |
|      AverageVVals |            24.3 |
|          StdVVals |            7.72 |
|          MaxVVals |            30.1 |
|          MinVVals |           -1.88 |
| TotalEnvInteracts |         3.2e+04 |
|            LossPi |       -3.35e-08 |
|             LossV |             179 |
|       DeltaLossPi |         -0.0322 |
|        DeltaLossV |           -59.9 |
|                KL |         0.00884 |
|    BacktrackIters |               0 |
|              Time |             522 |
---------------------------------------
Warning: trajectory cut off by epoch at 13 steps.
Warning: trajectory cut off by epoch at 28 steps.
Warning: trajectory cut off by epoch at 8 steps.
Warning: trajectory cut off by epoch at 18 steps.
[32;1mAccepting new params at step 0 of line search.[0m
---------------------------------------
|             Epoch |               8 |
|      AverageEpRet |            55.4 |
|          StdEpRet |            16.5 |
|          MaxEpRet |            88.6 |
|          MinEpRet |             9.3 |
|             EpLen |            34.8 |
|      AverageVVals |            27.9 |
|          StdVVals |            8.77 |
|          MaxVVals |            36.3 |
|          MinVVals |          -0.141 |
| TotalEnvInteracts |         3.6e+04 |
|            LossPi |       -7.45e-09 |
|             LossV |             120 |
|       DeltaLossPi |         -0.0248 |
|        DeltaLossV |           -39.6 |
|                KL |         0.00946 |
|    BacktrackIters |               0 |
|              Time |             592 |
---------------------------------------
Warning: trajectory cut off by epoch at 34 steps.
Warning: trajectory cut off by epoch at 29 steps.
Warning: trajectory cut off by epoch at 5 steps.
Warning: trajectory cut off by epoch at 15 steps.
[32;1mAccepting new params at step 0 of line search.[0m
---------------------------------------
|             Epoch |               9 |
|      AverageEpRet |            61.8 |
|          StdEpRet |              12 |
|          MaxEpRet |            96.6 |
|          MinEpRet |            8.69 |
|             EpLen |            37.3 |
|      AverageVVals |            30.6 |
|          StdVVals |            12.3 |
|          MaxVVals |            42.7 |
|          MinVVals |           0.676 |
| TotalEnvInteracts |           4e+04 |
|            LossPi |        5.59e-09 |
|             LossV |            59.8 |
|       DeltaLossPi |         -0.0284 |
|        DeltaLossV |           -14.6 |
|                KL |         0.00969 |
|    BacktrackIters |               0 |
|              Time |             664 |
---------------------------------------
Warning: trajectory cut off by epoch at 21 steps.
Warning: trajectory cut off by epoch at 43 steps.
Warning: trajectory cut off by epoch at 16 steps.
[32;1mAccepting new params at step 0 of line search.[0m
---------------------------------------
|             Epoch |              10 |
|      AverageEpRet |            69.6 |
|          StdEpRet |            15.6 |
|          MaxEpRet |             119 |
|          MinEpRet |            50.9 |
|             EpLen |            41.3 |
|      AverageVVals |            32.8 |
|          StdVVals |            13.9 |
|          MaxVVals |            47.5 |
|          MinVVals |           0.725 |
| TotalEnvInteracts |         4.4e+04 |
|            LossPi |       -1.68e-08 |
|             LossV |             117 |
|       DeltaLossPi |         -0.0355 |
|        DeltaLossV |           -20.8 |
|                KL |         0.00993 |
|    BacktrackIters |               0 |
|              Time |             739 |
---------------------------------------
Warning: trajectory cut off by epoch at 22 steps.
Warning: trajectory cut off by epoch at 19 steps.
Warning: trajectory cut off by epoch at 3 steps.
Warning: trajectory cut off by epoch at 28 steps.
[32;1mAccepting new params at step 0 of line search.[0m
---------------------------------------
|             Epoch |              11 |
|      AverageEpRet |            79.3 |
|          StdEpRet |            24.8 |
|          MaxEpRet |             169 |
|          MinEpRet |            21.7 |
|             EpLen |            46.8 |
|      AverageVVals |            37.4 |
|          StdVVals |            14.4 |
|          MaxVVals |              52 |
|          MinVVals |           0.477 |
| TotalEnvInteracts |         4.8e+04 |
|            LossPi |        7.45e-09 |
|             LossV |             247 |
|       DeltaLossPi |         -0.0303 |
|        DeltaLossV |           -41.7 |
|                KL |         0.00901 |
|    BacktrackIters |               0 |
|              Time |             809 |
---------------------------------------
Warning: trajectory cut off by epoch at 35 steps.
Warning: trajectory cut off by epoch at 11 steps.
Warning: trajectory cut off by epoch at 16 steps.
Warning: trajectory cut off by epoch at 67 steps.
[32;1mAccepting new params at step 0 of line search.[0m
---------------------------------------
|             Epoch |              12 |
|      AverageEpRet |            90.5 |
|          StdEpRet |            30.1 |
|          MaxEpRet |             184 |
|          MinEpRet |            33.4 |
|             EpLen |            52.3 |
|      AverageVVals |            42.3 |
|          StdVVals |              15 |
|          MaxVVals |            56.3 |
|          MinVVals |               2 |
| TotalEnvInteracts |         5.2e+04 |
|            LossPi |       -1.49e-08 |
|             LossV |             328 |
|       DeltaLossPi |          -0.033 |
|        DeltaLossV |           -65.1 |
|                KL |         0.00958 |
|    BacktrackIters |               0 |
|              Time |             880 |
---------------------------------------
Warning: trajectory cut off by epoch at 20 steps.
Warning: trajectory cut off by epoch at 37 steps.
Warning: trajectory cut off by epoch at 32 steps.
Warning: trajectory cut off by epoch at 2 steps.
[32;1mAccepting new params at step 0 of line search.[0m
---------------------------------------
|             Epoch |              13 |
|      AverageEpRet |             118 |
|          StdEpRet |            32.9 |
|          MaxEpRet |             181 |
|          MinEpRet |            49.6 |
|             EpLen |            64.1 |
|      AverageVVals |            47.6 |
|          StdVVals |            16.8 |
|          MaxVVals |            63.3 |
|          MinVVals |            3.03 |
| TotalEnvInteracts |         5.6e+04 |
|            LossPi |       -1.49e-08 |
|             LossV |             432 |
|       DeltaLossPi |         -0.0315 |
|        DeltaLossV |            -162 |
|                KL |         0.00995 |
|    BacktrackIters |               0 |
|              Time |             951 |
---------------------------------------
Warning: trajectory cut off by epoch at 1 steps.
Warning: trajectory cut off by epoch at 31 steps.
Warning: trajectory cut off by epoch at 1 steps.
Warning: trajectory cut off by epoch at 27 steps.
[32;1mAccepting new params at step 0 of line search.[0m
---------------------------------------
|             Epoch |              14 |
|      AverageEpRet |             134 |
|          StdEpRet |            37.2 |
|          MaxEpRet |             208 |
|          MinEpRet |            32.1 |
|             EpLen |              73 |
|      AverageVVals |            56.8 |
|          StdVVals |            20.2 |
|          MaxVVals |            74.3 |
|          MinVVals |            1.79 |
| TotalEnvInteracts |           6e+04 |
|            LossPi |        3.73e-09 |
|             LossV |             422 |
|       DeltaLossPi |         -0.0285 |
|        DeltaLossV |           -96.9 |
|                KL |         0.00957 |
|    BacktrackIters |               0 |
|              Time |        1.02e+03 |
---------------------------------------
Warning: trajectory cut off by epoch at 17 steps.
Warning: trajectory cut off by epoch at 18 steps.
Warning: trajectory cut off by epoch at 31 steps.
Warning: trajectory cut off by epoch at 49 steps.
[32;1mAccepting new params at step 0 of line search.[0m
---------------------------------------
|             Epoch |              15 |
|      AverageEpRet |             156 |
|          StdEpRet |            29.7 |
|          MaxEpRet |             211 |
|          MinEpRet |            87.5 |
|             EpLen |            84.5 |
|      AverageVVals |            62.4 |
|          StdVVals |            22.2 |
|          MaxVVals |              82 |
|          MinVVals |            4.25 |
| TotalEnvInteracts |         6.4e+04 |
|            LossPi |        4.47e-08 |
|             LossV |             300 |
|       DeltaLossPi |         -0.0304 |
|        DeltaLossV |           -84.4 |
|                KL |         0.00961 |
|    BacktrackIters |               0 |
|              Time |         1.1e+03 |
---------------------------------------
Warning: trajectory cut off by epoch at 38 steps.
Warning: trajectory cut off by epoch at 76 steps.
Warning: trajectory cut off by epoch at 39 steps.
Warning: trajectory cut off by epoch at 40 steps.
[32;1mAccepting new params at step 0 of line search.[0m
---------------------------------------
|             Epoch |              16 |
|      AverageEpRet |             189 |
|          StdEpRet |            27.7 |
|          MaxEpRet |             220 |
|          MinEpRet |            62.1 |
|             EpLen |             100 |
|      AverageVVals |            65.5 |
|          StdVVals |            25.9 |
|          MaxVVals |            90.5 |
|          MinVVals |          -0.456 |
| TotalEnvInteracts |         6.8e+04 |
|            LossPi |       -1.68e-08 |
|             LossV |             373 |
|       DeltaLossPi |         -0.0229 |
|        DeltaLossV |            -217 |
|                KL |         0.00851 |
|    BacktrackIters |               0 |
|              Time |        1.17e+03 |
---------------------------------------
Warning: trajectory cut off by epoch at 70 steps.
Warning: trajectory cut off by epoch at 82 steps.
Warning: trajectory cut off by epoch at 28 steps.
Warning: trajectory cut off by epoch at 27 steps.
[32;1mAccepting new params at step 0 of line search.[0m
---------------------------------------
|             Epoch |              17 |
|      AverageEpRet |             199 |
|          StdEpRet |            22.7 |
|          MaxEpRet |             232 |
|          MinEpRet |             105 |
|             EpLen |             105 |
|      AverageVVals |            75.5 |
|          StdVVals |            28.9 |
|          MaxVVals |             101 |
|          MinVVals |            1.23 |
| TotalEnvInteracts |         7.2e+04 |
|            LossPi |        2.98e-08 |
|             LossV |             181 |
|       DeltaLossPi |         -0.0189 |
|        DeltaLossV |           -57.7 |
|                KL |         0.00955 |
|    BacktrackIters |               0 |
|              Time |        1.25e+03 |
---------------------------------------
Warning: trajectory cut off by epoch at 37 steps.
Warning: trajectory cut off by epoch at 34 steps.
Warning: trajectory cut off by epoch at 87 steps.
Warning: trajectory cut off by epoch at 11 steps.
[32;1mAccepting new params at step 0 of line search.[0m
---------------------------------------
|             Epoch |              18 |
|      AverageEpRet |             209 |
|          StdEpRet |             8.5 |
|          MaxEpRet |             236 |
|          MinEpRet |             194 |
|             EpLen |             109 |
|      AverageVVals |            78.5 |
|          StdVVals |              32 |
|          MaxVVals |             108 |
|          MinVVals |           -4.15 |
| TotalEnvInteracts |         7.6e+04 |
|            LossPi |         1.4e-08 |
|             LossV |            59.2 |
|       DeltaLossPi |         -0.0185 |
|        DeltaLossV |             -37 |
|                KL |         0.00946 |
|    BacktrackIters |               0 |
|              Time |        1.34e+03 |
---------------------------------------
Warning: trajectory cut off by epoch at 55 steps.
Warning: trajectory cut off by epoch at 73 steps.
Warning: trajectory cut off by epoch at 39 steps.
Warning: trajectory cut off by epoch at 97 steps.
[32;1mAccepting new params at step 0 of line search.[0m
---------------------------------------
|             Epoch |              19 |
|      AverageEpRet |             206 |
|          StdEpRet |            30.9 |
|          MaxEpRet |             232 |
|          MinEpRet |            75.7 |
|             EpLen |             110 |
|      AverageVVals |            83.3 |
|          StdVVals |            32.8 |
|          MaxVVals |             113 |
|          MinVVals |            1.49 |
| TotalEnvInteracts |           8e+04 |
|            LossPi |               0 |
|             LossV |             162 |
|       DeltaLossPi |         -0.0247 |
|        DeltaLossV |           -25.6 |
|                KL |         0.00885 |
|    BacktrackIters |               0 |
|              Time |        1.42e+03 |
---------------------------------------
Warning: trajectory cut off by epoch at 76 steps.
Warning: trajectory cut off by epoch at 74 steps.
Warning: trajectory cut off by epoch at 85 steps.
Warning: trajectory cut off by epoch at 33 steps.
[32;1mAccepting new params at step 0 of line search.[0m
---------------------------------------
|             Epoch |              20 |
|      AverageEpRet |             215 |
|          StdEpRet |               8 |
|          MaxEpRet |             238 |
|          MinEpRet |             203 |
|             EpLen |             113 |
|      AverageVVals |            83.4 |
|          StdVVals |              33 |
|          MaxVVals |             114 |
|          MinVVals |           0.235 |
| TotalEnvInteracts |         8.4e+04 |
|            LossPi |       -3.54e-08 |
|             LossV |              24 |
|       DeltaLossPi |         -0.0193 |
|        DeltaLossV |           -14.4 |
|                KL |         0.00888 |
|    BacktrackIters |               0 |
|              Time |         1.5e+03 |
---------------------------------------
Warning: trajectory cut off by epoch at 28 steps.
Warning: trajectory cut off by epoch at 33 steps.
Warning: trajectory cut off by epoch at 43 steps.
Warning: trajectory cut off by epoch at 73 steps.
[32;1mAccepting new params at step 0 of line search.[0m
---------------------------------------
|             Epoch |              21 |
|      AverageEpRet |             205 |
|          StdEpRet |            25.9 |
|          MaxEpRet |             230 |
|          MinEpRet |            58.8 |
|             EpLen |             106 |
|      AverageVVals |            85.7 |
|          StdVVals |            34.2 |
|          MaxVVals |             117 |
|          MinVVals |            1.63 |
| TotalEnvInteracts |         8.8e+04 |
|            LossPi |        2.98e-08 |
|             LossV |            82.2 |
|       DeltaLossPi |          -0.028 |
|        DeltaLossV |           -24.3 |
|                KL |         0.00841 |
|    BacktrackIters |               0 |
|              Time |        1.57e+03 |
---------------------------------------
Warning: trajectory cut off by epoch at 24 steps.
Warning: trajectory cut off by epoch at 9 steps.
Warning: trajectory cut off by epoch at 120 steps.
Warning: trajectory cut off by epoch at 39 steps.
[32;1mAccepting new params at step 0 of line search.[0m
---------------------------------------
|             Epoch |              22 |
|      AverageEpRet |             210 |
|          StdEpRet |            7.81 |
|          MaxEpRet |             243 |
|          MinEpRet |             201 |
|             EpLen |             109 |
|      AverageVVals |            83.3 |
|          StdVVals |            34.8 |
|          MaxVVals |             118 |
|          MinVVals |            3.53 |
| TotalEnvInteracts |         9.2e+04 |
|            LossPi |        5.59e-09 |
|             LossV |            10.8 |
|       DeltaLossPi |         -0.0188 |
|        DeltaLossV |           -3.85 |
|                KL |         0.00907 |
|    BacktrackIters |               0 |
|              Time |        1.64e+03 |
---------------------------------------
Warning: trajectory cut off by epoch at 80 steps.
Warning: trajectory cut off by epoch at 98 steps.
Warning: trajectory cut off by epoch at 16 steps.
Warning: trajectory cut off by epoch at 94 steps.
[32;1mAccepting new params at step 0 of line search.[0m
---------------------------------------
|             Epoch |              23 |
|      AverageEpRet |             215 |
|          StdEpRet |            9.34 |
|          MaxEpRet |             248 |
|          MinEpRet |             202 |
|             EpLen |             112 |
|      AverageVVals |              85 |
|          StdVVals |            34.7 |
|          MaxVVals |             119 |
|          MinVVals |           0.784 |
| TotalEnvInteracts |         9.6e+04 |
|            LossPi |       -5.59e-09 |
|             LossV |            7.28 |
|       DeltaLossPi |         -0.0163 |
|        DeltaLossV |           -1.86 |
|                KL |         0.00877 |
|    BacktrackIters |               0 |
|              Time |        1.72e+03 |
---------------------------------------
Warning: trajectory cut off by epoch at 68 steps.
Warning: trajectory cut off by epoch at 9 steps.
Warning: trajectory cut off by epoch at 74 steps.
Warning: trajectory cut off by epoch at 100 steps.
[32;1mAccepting new params at step 0 of line search.[0m
---------------------------------------
|             Epoch |              24 |
|      AverageEpRet |             219 |
|          StdEpRet |            12.1 |
|          MaxEpRet |             247 |
|          MinEpRet |             198 |
|             EpLen |             117 |
|      AverageVVals |            85.4 |
|          StdVVals |            34.4 |
|          MaxVVals |             120 |
|          MinVVals |             1.3 |
| TotalEnvInteracts |           1e+05 |
|            LossPi |       -3.73e-09 |
|             LossV |            10.5 |
|       DeltaLossPi |         -0.0222 |
|        DeltaLossV |           -2.56 |
|                KL |         0.00961 |
|    BacktrackIters |               0 |
|              Time |        1.79e+03 |
---------------------------------------
Warning: trajectory cut off by epoch at 96 steps.
Warning: trajectory cut off by epoch at 92 steps.
Warning: trajectory cut off by epoch at 41 steps.
Warning: trajectory cut off by epoch at 20 steps.
[32;1mAccepting new params at step 0 of line search.[0m
---------------------------------------
|             Epoch |              25 |
|      AverageEpRet |             227 |
|          StdEpRet |            14.9 |
|          MaxEpRet |             262 |
|          MinEpRet |             197 |
|             EpLen |             125 |
|      AverageVVals |            84.4 |
|          StdVVals |            34.8 |
|          MaxVVals |             121 |
|          MinVVals |             1.8 |
| TotalEnvInteracts |        1.04e+05 |
|            LossPi |        1.86e-09 |
|             LossV |              12 |
|       DeltaLossPi |          -0.016 |
|        DeltaLossV |           -4.07 |
|                KL |         0.00905 |
|    BacktrackIters |               0 |
|              Time |        1.85e+03 |
---------------------------------------
Warning: trajectory cut off by epoch at 44 steps.
Warning: trajectory cut off by epoch at 97 steps.
Warning: trajectory cut off by epoch at 121 steps.
[32;1mAccepting new params at step 0 of line search.[0m
---------------------------------------
|             Epoch |              26 |
|      AverageEpRet |             231 |
|          StdEpRet |            16.2 |
|          MaxEpRet |             271 |
|          MinEpRet |             205 |
|             EpLen |             129 |
|      AverageVVals |            86.5 |
|          StdVVals |            34.1 |
|          MaxVVals |             122 |
|          MinVVals |           0.662 |
| TotalEnvInteracts |        1.08e+05 |
|            LossPi |       -2.79e-09 |
|             LossV |            12.9 |
|       DeltaLossPi |         -0.0199 |
|        DeltaLossV |            -3.9 |
|                KL |         0.00965 |
|    BacktrackIters |               0 |
|              Time |        1.93e+03 |
---------------------------------------
Warning: trajectory cut off by epoch at 23 steps.
Warning: trajectory cut off by epoch at 1 steps.
Warning: trajectory cut off by epoch at 32 steps.
Warning: trajectory cut off by epoch at 42 steps.
[32;1mAccepting new params at step 0 of line search.[0m
---------------------------------------
|             Epoch |              27 |
|      AverageEpRet |             242 |
|          StdEpRet |            12.4 |
|          MaxEpRet |             280 |
|          MinEpRet |             219 |
|             EpLen |             139 |
|      AverageVVals |            86.8 |
|          StdVVals |            34.4 |
|          MaxVVals |             123 |
|          MinVVals |            1.91 |
| TotalEnvInteracts |        1.12e+05 |
|            LossPi |       -7.45e-09 |
|             LossV |            12.5 |
|       DeltaLossPi |         -0.0267 |
|        DeltaLossV |           -4.84 |
|                KL |         0.00816 |
|    BacktrackIters |               0 |
|              Time |           2e+03 |
---------------------------------------
Warning: trajectory cut off by epoch at 80 steps.
Warning: trajectory cut off by epoch at 47 steps.
Warning: trajectory cut off by epoch at 67 steps.
Warning: trajectory cut off by epoch at 36 steps.
[32;1mAccepting new params at step 0 of line search.[0m
---------------------------------------
|             Epoch |              28 |
|      AverageEpRet |             239 |
|          StdEpRet |            40.5 |
|          MaxEpRet |             328 |
|          MinEpRet |             108 |
|             EpLen |             140 |
|      AverageVVals |            87.9 |
|          StdVVals |            33.9 |
|          MaxVVals |             123 |
|          MinVVals |            0.42 |
| TotalEnvInteracts |        1.16e+05 |
|            LossPi |       -7.45e-09 |
|             LossV |             179 |
|       DeltaLossPi |         -0.0294 |
|        DeltaLossV |           -49.3 |
|                KL |         0.00854 |
|    BacktrackIters |               0 |
|              Time |        2.07e+03 |
---------------------------------------
Warning: trajectory cut off by epoch at 87 steps.
Warning: trajectory cut off by epoch at 4 steps.
Warning: trajectory cut off by epoch at 60 steps.
Warning: trajectory cut off by epoch at 123 steps.
[32;1mAccepting new params at step 0 of line search.[0m
---------------------------------------
|             Epoch |              29 |
|      AverageEpRet |             240 |
|          StdEpRet |            13.9 |
|          MaxEpRet |             267 |
|          MinEpRet |             209 |
|             EpLen |             138 |
|      AverageVVals |              86 |
|          StdVVals |            33.4 |
|          MaxVVals |             123 |
|          MinVVals |           0.361 |
| TotalEnvInteracts |         1.2e+05 |
|            LossPi |        3.84e-09 |
|             LossV |            13.9 |
|       DeltaLossPi |         -0.0199 |
|        DeltaLossV |           -6.06 |
|                KL |         0.00837 |
|    BacktrackIters |               0 |
|              Time |        2.14e+03 |
---------------------------------------
Warning: trajectory cut off by epoch at 135 steps.
Warning: trajectory cut off by epoch at 15 steps.
Warning: trajectory cut off by epoch at 17 steps.
Warning: trajectory cut off by epoch at 21 steps.
[32;1mAccepting new params at step 0 of line search.[0m
---------------------------------------
|             Epoch |              30 |
|      AverageEpRet |             243 |
|          StdEpRet |            12.4 |
|          MaxEpRet |             272 |
|          MinEpRet |             221 |
|             EpLen |             141 |
|      AverageVVals |            86.4 |
|          StdVVals |              34 |
|          MaxVVals |             124 |
|          MinVVals |           0.995 |
| TotalEnvInteracts |        1.24e+05 |
|            LossPi |        3.73e-09 |
|             LossV |            10.7 |
|       DeltaLossPi |         -0.0237 |
|        DeltaLossV |           -2.17 |
|                KL |         0.00828 |
|    BacktrackIters |               0 |
|              Time |        2.22e+03 |
---------------------------------------
Warning: trajectory cut off by epoch at 16 steps.
Warning: trajectory cut off by epoch at 110 steps.
Warning: trajectory cut off by epoch at 23 steps.
Warning: trajectory cut off by epoch at 151 steps.
[32;1mAccepting new params at step 0 of line search.[0m
---------------------------------------
|             Epoch |              31 |
|      AverageEpRet |             246 |
|          StdEpRet |            12.8 |
|          MaxEpRet |             272 |
|          MinEpRet |             223 |
|             EpLen |             142 |
|      AverageVVals |            86.6 |
|          StdVVals |            34.8 |
|          MaxVVals |             124 |
|          MinVVals |           0.474 |
| TotalEnvInteracts |        1.28e+05 |
|            LossPi |       -2.79e-08 |
|             LossV |            11.1 |
|       DeltaLossPi |         -0.0194 |
|        DeltaLossV |           -2.18 |
|                KL |         0.00889 |
|    BacktrackIters |               0 |
|              Time |        2.28e+03 |
---------------------------------------
Warning: trajectory cut off by epoch at 141 steps.
Warning: trajectory cut off by epoch at 14 steps.
Warning: trajectory cut off by epoch at 123 steps.
Warning: trajectory cut off by epoch at 133 steps.
[32;1mAccepting new params at step 0 of line search.[0m
---------------------------------------
|             Epoch |              32 |
|      AverageEpRet |             248 |
|          StdEpRet |            12.7 |
|          MaxEpRet |             276 |
|          MinEpRet |             224 |
|             EpLen |             144 |
|      AverageVVals |            87.6 |
|          StdVVals |              34 |
|          MaxVVals |             125 |
|          MinVVals |           0.695 |
| TotalEnvInteracts |        1.32e+05 |
|            LossPi |               0 |
|             LossV |            8.12 |
|       DeltaLossPi |         -0.0188 |
|        DeltaLossV |           -1.29 |
|                KL |         0.00834 |
|    BacktrackIters |               0 |
|              Time |        2.35e+03 |
---------------------------------------
Warning: trajectory cut off by epoch at 78 steps.
Warning: trajectory cut off by epoch at 104 steps.
Warning: trajectory cut off by epoch at 68 steps.
Warning: trajectory cut off by epoch at 99 steps.
[32;1mAccepting new params at step 0 of line search.[0m
---------------------------------------
|             Epoch |              33 |
|      AverageEpRet |             256 |
|          StdEpRet |            12.9 |
|          MaxEpRet |             300 |
|          MinEpRet |             237 |
|             EpLen |             152 |
|      AverageVVals |            88.4 |
|          StdVVals |            33.9 |
|          MaxVVals |             126 |
|          MinVVals |            1.18 |
| TotalEnvInteracts |        1.36e+05 |
|            LossPi |        1.49e-08 |
|             LossV |            7.36 |
|       DeltaLossPi |         -0.0174 |
|        DeltaLossV |           -1.18 |
|                KL |         0.00914 |
|    BacktrackIters |               0 |
|              Time |        2.42e+03 |
---------------------------------------
Warning: trajectory cut off by epoch at 114 steps.
Warning: trajectory cut off by epoch at 100 steps.
Warning: trajectory cut off by epoch at 65 steps.
Warning: trajectory cut off by epoch at 128 steps.
[32;1mAccepting new params at step 0 of line search.[0m
---------------------------------------
|             Epoch |              34 |
|      AverageEpRet |             255 |
|          StdEpRet |            13.5 |
|          MaxEpRet |             286 |
|          MinEpRet |             229 |
|             EpLen |             150 |
|      AverageVVals |            88.7 |
|          StdVVals |              34 |
|          MaxVVals |             126 |
|          MinVVals |          0.0936 |
| TotalEnvInteracts |         1.4e+05 |
|            LossPi |        1.68e-08 |
|             LossV |            18.9 |
|       DeltaLossPi |         -0.0267 |
|        DeltaLossV |           -9.49 |
|                KL |         0.00805 |
|    BacktrackIters |               0 |
|              Time |        2.49e+03 |
---------------------------------------
Warning: trajectory cut off by epoch at 117 steps.
Warning: trajectory cut off by epoch at 131 steps.
Warning: trajectory cut off by epoch at 98 steps.
Warning: trajectory cut off by epoch at 83 steps.
[32;1mAccepting new params at step 0 of line search.[0m
---------------------------------------
|             Epoch |              35 |
|      AverageEpRet |             256 |
|          StdEpRet |            14.9 |
|          MaxEpRet |             291 |
|          MinEpRet |             225 |
|             EpLen |             149 |
|      AverageVVals |            88.3 |
|          StdVVals |            34.5 |
|          MaxVVals |             127 |
|          MinVVals |           0.333 |
| TotalEnvInteracts |        1.44e+05 |
|            LossPi |       -1.86e-09 |
|             LossV |            15.8 |
|       DeltaLossPi |         -0.0208 |
|        DeltaLossV |           -4.24 |
|                KL |         0.00827 |
|    BacktrackIters |               0 |
|              Time |        2.56e+03 |
---------------------------------------
Warning: trajectory cut off by epoch at 97 steps.
Warning: trajectory cut off by epoch at 64 steps.
Warning: trajectory cut off by epoch at 66 steps.
Warning: trajectory cut off by epoch at 86 steps.
[32;1mAccepting new params at step 0 of line search.[0m
---------------------------------------
|             Epoch |              36 |
|      AverageEpRet |             270 |
|          StdEpRet |            17.5 |
|          MaxEpRet |             296 |
|          MinEpRet |             238 |
|             EpLen |             154 |
|      AverageVVals |            91.5 |
|          StdVVals |            34.3 |
|          MaxVVals |             128 |
|          MinVVals |         -0.0267 |
| TotalEnvInteracts |        1.48e+05 |
|            LossPi |        2.24e-08 |
|             LossV |            33.1 |
|       DeltaLossPi |         -0.0239 |
|        DeltaLossV |           -14.3 |
|                KL |          0.0092 |
|    BacktrackIters |               0 |
|              Time |        2.63e+03 |
---------------------------------------
Warning: trajectory cut off by epoch at 60 steps.
Warning: trajectory cut off by epoch at 28 steps.
Warning: trajectory cut off by epoch at 29 steps.
Warning: trajectory cut off by epoch at 104 steps.
[32;1mAccepting new params at step 0 of line search.[0m
---------------------------------------
|             Epoch |              37 |
|      AverageEpRet |             275 |
|          StdEpRet |            47.7 |
|          MaxEpRet |             369 |
|          MinEpRet |             171 |
|             EpLen |             157 |
|      AverageVVals |            95.3 |
|          StdVVals |            33.7 |
|          MaxVVals |             130 |
|          MinVVals |           0.474 |
| TotalEnvInteracts |        1.52e+05 |
|            LossPi |       -7.45e-09 |
|             LossV |             275 |
|       DeltaLossPi |          -0.032 |
|        DeltaLossV |           -70.7 |
|                KL |         0.00851 |
|    BacktrackIters |               0 |
|              Time |         2.7e+03 |
---------------------------------------
Warning: trajectory cut off by epoch at 55 steps.
Warning: trajectory cut off by epoch at 17 steps.
Warning: trajectory cut off by epoch at 3 steps.
Warning: trajectory cut off by epoch at 154 steps.
[32;1mAccepting new params at step 0 of line search.[0m
---------------------------------------
|             Epoch |              38 |
|      AverageEpRet |             288 |
|          StdEpRet |            35.3 |
|          MaxEpRet |             356 |
|          MinEpRet |             194 |
|             EpLen |             164 |
|      AverageVVals |              94 |
|          StdVVals |            34.6 |
|          MaxVVals |             131 |
|          MinVVals |           -6.57 |
| TotalEnvInteracts |        1.56e+05 |
|            LossPi |       -3.73e-09 |
|             LossV |             148 |
|       DeltaLossPi |         -0.0198 |
|        DeltaLossV |           -33.9 |
|                KL |         0.00857 |
|    BacktrackIters |               0 |
|              Time |        2.77e+03 |
---------------------------------------
Warning: trajectory cut off by epoch at 53 steps.
Warning: trajectory cut off by epoch at 149 steps.
Warning: trajectory cut off by epoch at 166 steps.
Warning: trajectory cut off by epoch at 30 steps.
[32;1mAccepting new params at step 0 of line search.[0m
---------------------------------------
|             Epoch |              39 |
|      AverageEpRet |             292 |
|          StdEpRet |            25.7 |
|          MaxEpRet |             343 |
|          MinEpRet |             256 |
|             EpLen |             164 |
|      AverageVVals |            96.5 |
|          StdVVals |              35 |
|          MaxVVals |             133 |
|          MinVVals |            2.07 |
| TotalEnvInteracts |         1.6e+05 |
|            LossPi |        1.49e-08 |
|             LossV |            51.1 |
|       DeltaLossPi |         -0.0307 |
|        DeltaLossV |             -12 |
|                KL |         0.00922 |
|    BacktrackIters |               0 |
|              Time |        2.84e+03 |
---------------------------------------
Warning: trajectory cut off by epoch at 151 steps.
Warning: trajectory cut off by epoch at 142 steps.
Warning: trajectory cut off by epoch at 121 steps.
Warning: trajectory cut off by epoch at 123 steps.
[32;1mAccepting new params at step 0 of line search.[0m
---------------------------------------
|             Epoch |              40 |
|      AverageEpRet |             314 |
|          StdEpRet |            44.6 |
|          MaxEpRet |             383 |
|          MinEpRet |             189 |
|             EpLen |             173 |
|      AverageVVals |             101 |
|          StdVVals |            33.5 |
|          MaxVVals |             135 |
|          MinVVals |            2.26 |
| TotalEnvInteracts |        1.64e+05 |
|            LossPi |        1.86e-09 |
|             LossV |             188 |
|       DeltaLossPi |         -0.0214 |
|        DeltaLossV |           -46.1 |
|                KL |         0.00931 |
|    BacktrackIters |               0 |
|              Time |        2.93e+03 |
---------------------------------------
Warning: trajectory cut off by epoch at 27 steps.
Warning: trajectory cut off by epoch at 78 steps.
Warning: trajectory cut off by epoch at 113 steps.
Warning: trajectory cut off by epoch at 139 steps.
[32;1mAccepting new params at step 0 of line search.[0m
---------------------------------------
|             Epoch |              41 |
|      AverageEpRet |             331 |
|          StdEpRet |              67 |
|          MaxEpRet |             404 |
|          MinEpRet |             156 |
|             EpLen |             173 |
|      AverageVVals |             107 |
|          StdVVals |            34.8 |
|          MaxVVals |             139 |
|          MinVVals |             1.5 |
| TotalEnvInteracts |        1.68e+05 |
|            LossPi |       -7.45e-09 |
|             LossV |             449 |
|       DeltaLossPi |         -0.0233 |
|        DeltaLossV |            -121 |
|                KL |         0.00916 |
|    BacktrackIters |               0 |
|              Time |        3.01e+03 |
---------------------------------------
Warning: trajectory cut off by epoch at 160 steps.
Warning: trajectory cut off by epoch at 25 steps.
Warning: trajectory cut off by epoch at 160 steps.
Warning: trajectory cut off by epoch at 87 steps.
[32;1mAccepting new params at step 0 of line search.[0m
---------------------------------------
|             Epoch |              42 |
|      AverageEpRet |             300 |
|          StdEpRet |            56.5 |
|          MaxEpRet |             379 |
|          MinEpRet |             134 |
|             EpLen |             162 |
|      AverageVVals |             110 |
|          StdVVals |            37.2 |
|          MaxVVals |             144 |
|          MinVVals |            2.02 |
| TotalEnvInteracts |        1.72e+05 |
|            LossPi |       -3.73e-09 |
|             LossV |             514 |
|       DeltaLossPi |         -0.0144 |
|        DeltaLossV |            -178 |
|                KL |         0.00907 |
|    BacktrackIters |               0 |
|              Time |        3.09e+03 |
---------------------------------------
Warning: trajectory cut off by epoch at 122 steps.
Warning: trajectory cut off by epoch at 85 steps.
Warning: trajectory cut off by epoch at 79 steps.
Warning: trajectory cut off by epoch at 83 steps.
[32;1mAccepting new params at step 0 of line search.[0m
---------------------------------------
|             Epoch |              43 |
|      AverageEpRet |             341 |
|          StdEpRet |            32.6 |
|          MaxEpRet |             417 |
|          MinEpRet |             274 |
|             EpLen |             182 |
|      AverageVVals |             103 |
|          StdVVals |            35.7 |
|          MaxVVals |             143 |
|          MinVVals |           -2.96 |
| TotalEnvInteracts |        1.76e+05 |
|            LossPi |       -7.45e-09 |
|             LossV |             161 |
|       DeltaLossPi |         -0.0244 |
|        DeltaLossV |            -101 |
|                KL |         0.00935 |
|    BacktrackIters |               0 |
|              Time |        3.17e+03 |
---------------------------------------
Warning: trajectory cut off by epoch at 155 steps.
Warning: trajectory cut off by epoch at 34 steps.
Warning: trajectory cut off by epoch at 115 steps.
Warning: trajectory cut off by epoch at 11 steps.
[32;1mAccepting new params at step 0 of line search.[0m
---------------------------------------
|             Epoch |              44 |
|      AverageEpRet |             315 |
|          StdEpRet |            99.6 |
|          MaxEpRet |             491 |
|          MinEpRet |             118 |
|             EpLen |             168 |
|      AverageVVals |             117 |
|          StdVVals |            35.5 |
|          MaxVVals |             146 |
|          MinVVals |          -0.122 |
| TotalEnvInteracts |         1.8e+05 |
|            LossPi |        1.21e-08 |
|             LossV |        1.16e+03 |
|       DeltaLossPi |         -0.0211 |
|        DeltaLossV |            -202 |
|                KL |         0.00874 |
|    BacktrackIters |               0 |
|              Time |        3.24e+03 |
---------------------------------------
Warning: trajectory cut off by epoch at 139 steps.
Warning: trajectory cut off by epoch at 39 steps.
Warning: trajectory cut off by epoch at 87 steps.
Warning: trajectory cut off by epoch at 209 steps.
[32;1mAccepting new params at step 0 of line search.[0m
---------------------------------------
|             Epoch |              45 |
|      AverageEpRet |             351 |
|          StdEpRet |            95.3 |
|          MaxEpRet |             449 |
|          MinEpRet |             138 |
|             EpLen |             176 |
|      AverageVVals |             109 |
|          StdVVals |            33.2 |
|          MaxVVals |             143 |
|          MinVVals |           -19.8 |
| TotalEnvInteracts |        1.84e+05 |
|            LossPi |        1.49e-08 |
|             LossV |             859 |
|       DeltaLossPi |         -0.0185 |
|        DeltaLossV |            -319 |
|                KL |         0.00925 |
|    BacktrackIters |               0 |
|              Time |        3.29e+03 |
---------------------------------------
Warning: trajectory cut off by epoch at 132 steps.
Warning: trajectory cut off by epoch at 161 steps.
Warning: trajectory cut off by epoch at 14 steps.
Warning: trajectory cut off by epoch at 27 steps.
[32;1mAccepting new params at step 0 of line search.[0m
---------------------------------------
|             Epoch |              46 |
|      AverageEpRet |             379 |
|          StdEpRet |             102 |
|          MaxEpRet |             555 |
|          MinEpRet |             115 |
|             EpLen |             193 |
|      AverageVVals |             122 |
|          StdVVals |            36.1 |
|          MaxVVals |             150 |
|          MinVVals |           -19.2 |
| TotalEnvInteracts |        1.88e+05 |
|            LossPi |        2.98e-08 |
|             LossV |             526 |
|       DeltaLossPi |         -0.0261 |
|        DeltaLossV |           -70.3 |
|                KL |         0.00832 |
|    BacktrackIters |               0 |
|              Time |        3.36e+03 |
---------------------------------------
Warning: trajectory cut off by epoch at 24 steps.
Warning: trajectory cut off by epoch at 50 steps.
Warning: trajectory cut off by epoch at 148 steps.
Warning: trajectory cut off by epoch at 40 steps.
[32;1mAccepting new params at step 0 of line search.[0m
---------------------------------------
|             Epoch |              47 |
|      AverageEpRet |             378 |
|          StdEpRet |              87 |
|          MaxEpRet |             489 |
|          MinEpRet |             150 |
|             EpLen |             187 |
|      AverageVVals |             120 |
|          StdVVals |              39 |
|          MaxVVals |             153 |
|          MinVVals |           -16.9 |
| TotalEnvInteracts |        1.92e+05 |
|            LossPi |        7.45e-09 |
|             LossV |             460 |
|       DeltaLossPi |         -0.0222 |
|        DeltaLossV |           -86.2 |
|                KL |         0.00926 |
|    BacktrackIters |               0 |
|              Time |        3.42e+03 |
---------------------------------------
Warning: trajectory cut off by epoch at 6 steps.
Warning: trajectory cut off by epoch at 156 steps.
Warning: trajectory cut off by epoch at 137 steps.
Warning: trajectory cut off by epoch at 106 steps.
[32;1mAccepting new params at step 0 of line search.[0m
---------------------------------------
|             Epoch |              48 |
|      AverageEpRet |             411 |
|          StdEpRet |            75.6 |
|          MaxEpRet |             522 |
|          MinEpRet |             176 |
|             EpLen |             200 |
|      AverageVVals |             128 |
|          StdVVals |            36.6 |
|          MaxVVals |             156 |
|          MinVVals |           -2.62 |
| TotalEnvInteracts |        1.96e+05 |
|            LossPi |        3.73e-09 |
|             LossV |             491 |
|       DeltaLossPi |         -0.0225 |
|        DeltaLossV |            -125 |
|                KL |         0.00896 |
|    BacktrackIters |               0 |
|              Time |        3.49e+03 |
---------------------------------------
Warning: trajectory cut off by epoch at 56 steps.
Warning: trajectory cut off by epoch at 21 steps.
Warning: trajectory cut off by epoch at 103 steps.
[32;1mAccepting new params at step 0 of line search.[0m
---------------------------------------
|             Epoch |              49 |
|      AverageEpRet |             433 |
|          StdEpRet |             101 |
|          MaxEpRet |             586 |
|          MinEpRet |             173 |
|             EpLen |             212 |
|      AverageVVals |             132 |
|          StdVVals |            38.9 |
|          MaxVVals |             161 |
|          MinVVals |            3.59 |
| TotalEnvInteracts |           2e+05 |
|            LossPi |       -7.45e-09 |
|             LossV |             815 |
|       DeltaLossPi |         -0.0221 |
|        DeltaLossV |            -159 |
|                KL |         0.00912 |
|    BacktrackIters |               0 |
|              Time |        3.54e+03 |
---------------------------------------
