--------------------------------------------------------------------------
[[26743,1],0]: A high-performance Open MPI point-to-point messaging module
was unable to find any relevant network interfaces:

Module: OpenFabrics (openib)
  Host: GCRAZGDL0429

Another transport will be used instead, although this may result in
lower performance.

NOTE: You can disable this warning by setting the MCA parameter
btl_base_warn_component_unused to 0.
--------------------------------------------------------------------------
2022-04-15 04:29:38.618875: I tensorflow/core/platform/cpu_feature_guard.cc:142] Your CPU supports instructions that this TensorFlow binary was not compiled to use: AVX2 FMA
2022-04-15 04:29:38.624372: I tensorflow/core/platform/profile_utils/cpu_utils.cc:94] CPU Frequency: 2593990000 Hz
2022-04-15 04:29:38.624675: I tensorflow/compiler/xla/service/service.cc:168] XLA service 0x55e694b83a30 initialized for platform Host (this does not guarantee that XLA will be used). Devices:
2022-04-15 04:29:38.624703: I tensorflow/compiler/xla/service/service.cc:176]   StreamExecutor device (0): Host, Default Version
Warning: Log dir exp/wtrpo_HalfCheetah-v3/wtrpo_HalfCheetah-v3_s5 already exists! Storing info there anyway.
[32;1mLogging data to exp/wtrpo_HalfCheetah-v3/wtrpo_HalfCheetah-v3_s5/progress.txt[0m
[36;1mSaving config:
[0m
{
    "ac_kwargs":	{
        "hidden_sizes":	[
            64,
            64
        ]
    },
    "actor_critic":	"mlp_actor_critic",
    "algo":	"trpo",
    "backtrack_coeff":	0.8,
    "backtrack_iters":	10,
    "cg_iters":	10,
    "damping_coeff":	0.1,
    "delta":	0.01,
    "env_fn":	"<function <lambda> at 0x7fbbda545290>",
    "epochs":	50,
    "exp_name":	"wtrpo_HalfCheetah-v3",
    "gamma":	0.99,
    "lam":	0.97,
    "logger":	{
        "<spinup.utils.logx.EpochLogger object at 0x7fbbda4ebbd0>":	{
            "epoch_dict":	{},
            "exp_name":	"wtrpo_HalfCheetah-v3",
            "first_row":	true,
            "log_current_row":	{},
            "log_headers":	[],
            "output_dir":	"exp/wtrpo_HalfCheetah-v3/wtrpo_HalfCheetah-v3_s5",
            "output_file":	{
                "<_io.TextIOWrapper name='exp/wtrpo_HalfCheetah-v3/wtrpo_HalfCheetah-v3_s5/progress.txt' mode='w' encoding='UTF-8'>":	{
                    "mode":	"w"
                }
            }
        }
    },
    "logger_kwargs":	{
        "exp_name":	"wtrpo_HalfCheetah-v3",
        "output_dir":	"exp/wtrpo_HalfCheetah-v3/wtrpo_HalfCheetah-v3_s5"
    },
    "max_ep_len":	1000,
    "save_freq":	10,
    "seed":	5,
    "steps_per_epoch":	4000,
    "train_v_iters":	80,
    "vf_lr":	0.001
}
[32;1m
Number of parameters: 	 pi: 5708, 	 v: 5377
[0m
[32;1mLine search failed! Keeping old params.[0m
---------------------------------------
|             Epoch |               0 |
|      AverageEpRet |            -598 |
|          StdEpRet |            95.7 |
|          MaxEpRet |            -482 |
|          MinEpRet |            -708 |
|             EpLen |           1e+03 |
|      AverageVVals |         -0.0149 |
|          StdVVals |           0.673 |
|          MaxVVals |               2 |
|          MinVVals |           -1.92 |
| TotalEnvInteracts |           4e+03 |
|            LossPi |         6.7e-08 |
|             LossV |        3.26e+03 |
|       DeltaLossPi |        2.03e-09 |
|        DeltaLossV |            -801 |
|                KL |        5.82e+04 |
|    BacktrackIters |               9 |
|              Time |             4.8 |
---------------------------------------
[32;1mLine search failed! Keeping old params.[0m
---------------------------------------
|             Epoch |               1 |
|      AverageEpRet |            -562 |
|          StdEpRet |            35.3 |
|          MaxEpRet |            -506 |
|          MinEpRet |            -603 |
|             EpLen |           1e+03 |
|      AverageVVals |            0.83 |
|          StdVVals |            10.6 |
|          MaxVVals |            14.3 |
|          MinVVals |           -14.9 |
| TotalEnvInteracts |           8e+03 |
|            LossPi |       -8.94e-08 |
|             LossV |        3.03e+03 |
|       DeltaLossPi |        2.38e-09 |
|        DeltaLossV |       -1.53e+03 |
|                KL |        5.82e+04 |
|    BacktrackIters |               9 |
|              Time |            8.99 |
---------------------------------------
[32;1mLine search failed! Keeping old params.[0m
---------------------------------------
|             Epoch |               2 |
|      AverageEpRet |            -633 |
|          StdEpRet |              66 |
|          MaxEpRet |            -560 |
|          MinEpRet |            -727 |
|             EpLen |           1e+03 |
|      AverageVVals |             -14 |
|          StdVVals |            4.18 |
|          MaxVVals |            12.1 |
|          MinVVals |           -19.2 |
| TotalEnvInteracts |         1.2e+04 |
|            LossPi |        1.04e-07 |
|             LossV |        2.49e+03 |
|       DeltaLossPi |        4.77e-10 |
|        DeltaLossV |            -975 |
|                KL |        5.82e+04 |
|    BacktrackIters |               9 |
|              Time |            13.1 |
---------------------------------------
[32;1mLine search failed! Keeping old params.[0m
---------------------------------------
|             Epoch |               3 |
|      AverageEpRet |            -638 |
|          StdEpRet |            82.7 |
|          MaxEpRet |            -549 |
|          MinEpRet |            -728 |
|             EpLen |           1e+03 |
|      AverageVVals |             -27 |
|          StdVVals |           0.915 |
|          MaxVVals |           -16.9 |
|          MinVVals |           -27.7 |
| TotalEnvInteracts |         1.6e+04 |
|            LossPi |       -1.59e-08 |
|             LossV |        1.23e+03 |
|       DeltaLossPi |        9.54e-10 |
|        DeltaLossV |            -354 |
|                KL |        5.82e+04 |
|    BacktrackIters |               9 |
|              Time |              17 |
---------------------------------------
[32;1mLine search failed! Keeping old params.[0m
---------------------------------------
|             Epoch |               4 |
|      AverageEpRet |            -603 |
|          StdEpRet |              56 |
|          MaxEpRet |            -554 |
|          MinEpRet |            -694 |
|             EpLen |           1e+03 |
|      AverageVVals |           -33.5 |
|          StdVVals |           0.371 |
|          MaxVVals |           -24.2 |
|          MinVVals |           -33.8 |
| TotalEnvInteracts |           2e+04 |
|            LossPi |       -2.86e-09 |
|             LossV |             819 |
|       DeltaLossPi |       -1.91e-09 |
|        DeltaLossV |            -161 |
|                KL |        5.82e+04 |
|    BacktrackIters |               9 |
|              Time |            20.9 |
---------------------------------------
[32;1mLine search failed! Keeping old params.[0m
---------------------------------------
|             Epoch |               5 |
|      AverageEpRet |            -562 |
|          StdEpRet |            66.1 |
|          MaxEpRet |            -501 |
|          MinEpRet |            -664 |
|             EpLen |           1e+03 |
|      AverageVVals |           -37.9 |
|          StdVVals |           0.237 |
|          MaxVVals |           -34.9 |
|          MinVVals |             -38 |
| TotalEnvInteracts |         2.4e+04 |
|            LossPi |       -2.26e-09 |
|             LossV |             502 |
|       DeltaLossPi |       -1.19e-09 |
|        DeltaLossV |           -58.3 |
|                KL |        5.82e+04 |
|    BacktrackIters |               9 |
|              Time |            24.8 |
---------------------------------------
[32;1mLine search failed! Keeping old params.[0m
---------------------------------------
|             Epoch |               6 |
|      AverageEpRet |            -554 |
|          StdEpRet |            20.4 |
|          MaxEpRet |            -523 |
|          MinEpRet |            -576 |
|             EpLen |           1e+03 |
|      AverageVVals |           -40.6 |
|          StdVVals |           0.279 |
|          MaxVVals |           -35.4 |
|          MinVVals |           -40.7 |
| TotalEnvInteracts |         2.8e+04 |
|            LossPi |        1.47e-08 |
|             LossV |             248 |
|       DeltaLossPi |       -1.91e-09 |
|        DeltaLossV |             -38 |
|                KL |        5.82e+04 |
|    BacktrackIters |               9 |
|              Time |            28.7 |
---------------------------------------
[32;1mLine search failed! Keeping old params.[0m
---------------------------------------
|             Epoch |               7 |
|      AverageEpRet |            -563 |
|          StdEpRet |            39.1 |
|          MaxEpRet |            -519 |
|          MinEpRet |            -626 |
|             EpLen |           1e+03 |
|      AverageVVals |           -42.8 |
|          StdVVals |           0.273 |
|          MaxVVals |           -37.7 |
|          MinVVals |           -42.9 |
| TotalEnvInteracts |         3.2e+04 |
|            LossPi |       -4.78e-08 |
|             LossV |             481 |
|       DeltaLossPi |        9.54e-10 |
|        DeltaLossV |           -33.4 |
|                KL |        5.82e+04 |
|    BacktrackIters |               9 |
|              Time |            32.5 |
---------------------------------------
[32;1mLine search failed! Keeping old params.[0m
---------------------------------------
|             Epoch |               8 |
|      AverageEpRet |            -598 |
|          StdEpRet |             109 |
|          MaxEpRet |            -453 |
|          MinEpRet |            -753 |
|             EpLen |           1e+03 |
|      AverageVVals |           -44.9 |
|          StdVVals |           0.389 |
|          MaxVVals |           -34.7 |
|          MinVVals |           -45.1 |
| TotalEnvInteracts |         3.6e+04 |
|            LossPi |         3.5e-08 |
|             LossV |             882 |
|       DeltaLossPi |        3.34e-09 |
|        DeltaLossV |           -63.2 |
|                KL |        5.82e+04 |
|    BacktrackIters |               9 |
|              Time |            36.4 |
---------------------------------------
[32;1mLine search failed! Keeping old params.[0m
---------------------------------------
|             Epoch |               9 |
|      AverageEpRet |            -581 |
|          StdEpRet |            52.8 |
|          MaxEpRet |            -521 |
|          MinEpRet |            -666 |
|             EpLen |           1e+03 |
|      AverageVVals |             -47 |
|          StdVVals |            3.36 |
|          MaxVVals |            28.3 |
|          MinVVals |           -47.7 |
| TotalEnvInteracts |           4e+04 |
|            LossPi |        1.76e-08 |
|             LossV |             523 |
|       DeltaLossPi |               0 |
|        DeltaLossV |           -29.2 |
|                KL |        5.82e+04 |
|    BacktrackIters |               9 |
|              Time |            40.7 |
---------------------------------------
[32;1mLine search failed! Keeping old params.[0m
---------------------------------------
|             Epoch |              10 |
|      AverageEpRet |            -581 |
|          StdEpRet |            46.9 |
|          MaxEpRet |            -515 |
|          MinEpRet |            -644 |
|             EpLen |           1e+03 |
|      AverageVVals |           -49.1 |
|          StdVVals |            0.77 |
|          MaxVVals |             -34 |
|          MinVVals |           -49.4 |
| TotalEnvInteracts |         4.4e+04 |
|            LossPi |       -1.06e-08 |
|             LossV |             313 |
|       DeltaLossPi |        9.54e-10 |
|        DeltaLossV |           -7.18 |
|                KL |        5.82e+04 |
|    BacktrackIters |               9 |
|              Time |            45.3 |
---------------------------------------
[32;1mLine search failed! Keeping old params.[0m
---------------------------------------
|             Epoch |              11 |
|      AverageEpRet |            -477 |
|          StdEpRet |            35.3 |
|          MaxEpRet |            -447 |
|          MinEpRet |            -535 |
|             EpLen |           1e+03 |
|      AverageVVals |           -50.4 |
|          StdVVals |           0.372 |
|          MaxVVals |           -39.6 |
|          MinVVals |           -50.5 |
| TotalEnvInteracts |         4.8e+04 |
|            LossPi |       -5.36e-09 |
|             LossV |             206 |
|       DeltaLossPi |       -4.77e-10 |
|        DeltaLossV |           -28.6 |
|                KL |        5.82e+04 |
|    BacktrackIters |               9 |
|              Time |            49.3 |
---------------------------------------
[32;1mLine search failed! Keeping old params.[0m
---------------------------------------
|             Epoch |              12 |
|      AverageEpRet |            -631 |
|          StdEpRet |            73.1 |
|          MaxEpRet |            -544 |
|          MinEpRet |            -735 |
|             EpLen |           1e+03 |
|      AverageVVals |           -47.6 |
|          StdVVals |            3.26 |
|          MaxVVals |            -1.4 |
|          MinVVals |           -48.7 |
| TotalEnvInteracts |         5.2e+04 |
|            LossPi |       -2.15e-08 |
|             LossV |             575 |
|       DeltaLossPi |       -4.77e-10 |
|        DeltaLossV |           -52.7 |
|                KL |        5.82e+04 |
|    BacktrackIters |               9 |
|              Time |            53.4 |
---------------------------------------
[32;1mLine search failed! Keeping old params.[0m
---------------------------------------
|             Epoch |              13 |
|      AverageEpRet |            -584 |
|          StdEpRet |            90.8 |
|          MaxEpRet |            -471 |
|          MinEpRet |            -712 |
|             EpLen |           1e+03 |
|      AverageVVals |           -50.5 |
|          StdVVals |           0.701 |
|          MaxVVals |           -36.6 |
|          MinVVals |           -50.7 |
| TotalEnvInteracts |         5.6e+04 |
|            LossPi |       -1.48e-08 |
|             LossV |             473 |
|       DeltaLossPi |        1.91e-09 |
|        DeltaLossV |           -5.55 |
|                KL |        5.82e+04 |
|    BacktrackIters |               9 |
|              Time |            57.4 |
---------------------------------------
[32;1mLine search failed! Keeping old params.[0m
---------------------------------------
|             Epoch |              14 |
|      AverageEpRet |            -576 |
|          StdEpRet |              39 |
|          MaxEpRet |            -525 |
|          MinEpRet |            -632 |
|             EpLen |           1e+03 |
|      AverageVVals |           -51.4 |
|          StdVVals |            1.34 |
|          MaxVVals |           -14.6 |
|          MinVVals |           -51.6 |
| TotalEnvInteracts |           6e+04 |
|            LossPi |       -3.55e-08 |
|             LossV |             371 |
|       DeltaLossPi |        1.91e-09 |
|        DeltaLossV |           -3.05 |
|                KL |        5.82e+04 |
|    BacktrackIters |               9 |
|              Time |            61.3 |
---------------------------------------
[32;1mLine search failed! Keeping old params.[0m
---------------------------------------
|             Epoch |              15 |
|      AverageEpRet |            -534 |
|          StdEpRet |            51.2 |
|          MaxEpRet |            -469 |
|          MinEpRet |            -611 |
|             EpLen |           1e+03 |
|      AverageVVals |           -51.5 |
|          StdVVals |            1.71 |
|          MaxVVals |           -11.2 |
|          MinVVals |           -51.9 |
| TotalEnvInteracts |         6.4e+04 |
|            LossPi |        1.48e-08 |
|             LossV |             218 |
|       DeltaLossPi |       -9.54e-10 |
|        DeltaLossV |           -12.1 |
|                KL |        5.82e+04 |
|    BacktrackIters |               9 |
|              Time |            65.3 |
---------------------------------------
[32;1mLine search failed! Keeping old params.[0m
---------------------------------------
|             Epoch |              16 |
|      AverageEpRet |            -579 |
|          StdEpRet |            62.8 |
|          MaxEpRet |            -520 |
|          MinEpRet |            -676 |
|             EpLen |           1e+03 |
|      AverageVVals |           -49.6 |
|          StdVVals |            4.99 |
|          MaxVVals |              42 |
|          MinVVals |           -50.7 |
| TotalEnvInteracts |         6.8e+04 |
|            LossPi |        1.96e-08 |
|             LossV |             534 |
|       DeltaLossPi |        1.19e-09 |
|        DeltaLossV |           -31.1 |
|                KL |        5.82e+04 |
|    BacktrackIters |               9 |
|              Time |            69.2 |
---------------------------------------
[32;1mLine search failed! Keeping old params.[0m
---------------------------------------
|             Epoch |              17 |
|      AverageEpRet |            -579 |
|          StdEpRet |            26.9 |
|          MaxEpRet |            -552 |
|          MinEpRet |            -620 |
|             EpLen |           1e+03 |
|      AverageVVals |           -50.3 |
|          StdVVals |            3.62 |
|          MaxVVals |            36.3 |
|          MinVVals |           -51.2 |
| TotalEnvInteracts |         7.2e+04 |
|            LossPi |        1.62e-08 |
|             LossV |             375 |
|       DeltaLossPi |       -9.54e-10 |
|        DeltaLossV |           -19.4 |
|                KL |        5.82e+04 |
|    BacktrackIters |               9 |
|              Time |            73.1 |
---------------------------------------
[32;1mLine search failed! Keeping old params.[0m
---------------------------------------
|             Epoch |              18 |
|      AverageEpRet |            -678 |
|          StdEpRet |            69.9 |
|          MaxEpRet |            -571 |
|          MinEpRet |            -760 |
|             EpLen |           1e+03 |
|      AverageVVals |           -49.6 |
|          StdVVals |            3.22 |
|          MaxVVals |           -4.14 |
|          MinVVals |             -51 |
| TotalEnvInteracts |         7.6e+04 |
|            LossPi |         1.3e-08 |
|             LossV |             799 |
|       DeltaLossPi |       -1.91e-09 |
|        DeltaLossV |           -84.6 |
|                KL |        5.82e+04 |
|    BacktrackIters |               9 |
|              Time |              77 |
---------------------------------------
[32;1mLine search failed! Keeping old params.[0m
---------------------------------------
|             Epoch |              19 |
|      AverageEpRet |            -593 |
|          StdEpRet |            61.4 |
|          MaxEpRet |            -528 |
|          MinEpRet |            -658 |
|             EpLen |           1e+03 |
|      AverageVVals |           -53.7 |
|          StdVVals |            3.92 |
|          MaxVVals |            17.4 |
|          MinVVals |           -54.7 |
| TotalEnvInteracts |           8e+04 |
|            LossPi |        7.15e-09 |
|             LossV |             474 |
|       DeltaLossPi |       -2.38e-09 |
|        DeltaLossV |           -13.7 |
|                KL |        5.82e+04 |
|    BacktrackIters |               9 |
|              Time |            80.9 |
---------------------------------------
[32;1mLine search failed! Keeping old params.[0m
---------------------------------------
|             Epoch |              20 |
|      AverageEpRet |            -534 |
|          StdEpRet |            98.2 |
|          MaxEpRet |            -420 |
|          MinEpRet |            -639 |
|             EpLen |           1e+03 |
|      AverageVVals |           -52.6 |
|          StdVVals |            3.86 |
|          MaxVVals |            7.98 |
|          MinVVals |           -54.6 |
| TotalEnvInteracts |         8.4e+04 |
|            LossPi |        9.54e-10 |
|             LossV |             274 |
|       DeltaLossPi |        1.91e-09 |
|        DeltaLossV |           -41.7 |
|                KL |        5.82e+04 |
|    BacktrackIters |               9 |
|              Time |              85 |
---------------------------------------
[32;1mLine search failed! Keeping old params.[0m
---------------------------------------
|             Epoch |              21 |
|      AverageEpRet |            -636 |
|          StdEpRet |             116 |
|          MaxEpRet |            -461 |
|          MinEpRet |            -784 |
|             EpLen |           1e+03 |
|      AverageVVals |           -50.3 |
|          StdVVals |             3.9 |
|          MaxVVals |            2.14 |
|          MinVVals |             -53 |
| TotalEnvInteracts |         8.8e+04 |
|            LossPi |       -1.81e-08 |
|             LossV |             655 |
|       DeltaLossPi |               0 |
|        DeltaLossV |           -77.1 |
|                KL |        5.82e+04 |
|    BacktrackIters |               9 |
|              Time |            89.4 |
---------------------------------------
[32;1mLine search failed! Keeping old params.[0m
---------------------------------------
|             Epoch |              22 |
|      AverageEpRet |            -610 |
|          StdEpRet |            54.1 |
|          MaxEpRet |            -523 |
|          MinEpRet |            -671 |
|             EpLen |           1e+03 |
|      AverageVVals |           -54.7 |
|          StdVVals |            3.16 |
|          MaxVVals |           -17.1 |
|          MinVVals |           -55.9 |
| TotalEnvInteracts |         9.2e+04 |
|            LossPi |       -2.67e-08 |
|             LossV |             375 |
|       DeltaLossPi |               0 |
|        DeltaLossV |           -25.2 |
|                KL |        5.82e+04 |
|    BacktrackIters |               9 |
|              Time |            93.4 |
---------------------------------------
[32;1mLine search failed! Keeping old params.[0m
---------------------------------------
|             Epoch |              23 |
|      AverageEpRet |            -553 |
|          StdEpRet |            20.3 |
|          MaxEpRet |            -536 |
|          MinEpRet |            -587 |
|             EpLen |           1e+03 |
|      AverageVVals |           -56.5 |
|          StdVVals |            1.18 |
|          MaxVVals |           -34.3 |
|          MinVVals |             -57 |
| TotalEnvInteracts |         9.6e+04 |
|            LossPi |        1.19e-10 |
|             LossV |             334 |
|       DeltaLossPi |       -1.19e-09 |
|        DeltaLossV |           -89.1 |
|                KL |        5.82e+04 |
|    BacktrackIters |               9 |
|              Time |            97.3 |
---------------------------------------
[32;1mLine search failed! Keeping old params.[0m
---------------------------------------
|             Epoch |              24 |
|      AverageEpRet |            -684 |
|          StdEpRet |             180 |
|          MaxEpRet |            -533 |
|          MinEpRet |            -991 |
|             EpLen |           1e+03 |
|      AverageVVals |           -49.6 |
|          StdVVals |            4.45 |
|          MaxVVals |           -20.1 |
|          MinVVals |           -55.1 |
| TotalEnvInteracts |           1e+05 |
|            LossPi |        1.35e-08 |
|             LossV |             870 |
|       DeltaLossPi |       -2.38e-10 |
|        DeltaLossV |            -121 |
|                KL |        5.82e+04 |
|    BacktrackIters |               9 |
|              Time |             101 |
---------------------------------------
[32;1mLine search failed! Keeping old params.[0m
---------------------------------------
|             Epoch |              25 |
|      AverageEpRet |            -573 |
|          StdEpRet |            54.1 |
|          MaxEpRet |            -537 |
|          MinEpRet |            -667 |
|             EpLen |           1e+03 |
|      AverageVVals |           -52.5 |
|          StdVVals |            4.93 |
|          MaxVVals |           -5.29 |
|          MinVVals |           -59.7 |
| TotalEnvInteracts |        1.04e+05 |
|            LossPi |        -9.3e-09 |
|             LossV |             360 |
|       DeltaLossPi |        1.43e-09 |
|        DeltaLossV |           -32.7 |
|                KL |        5.82e+04 |
|    BacktrackIters |               9 |
|              Time |             105 |
---------------------------------------
[32;1mLine search failed! Keeping old params.[0m
---------------------------------------
|             Epoch |              26 |
|      AverageEpRet |            -622 |
|          StdEpRet |            74.9 |
|          MaxEpRet |            -547 |
|          MinEpRet |            -747 |
|             EpLen |           1e+03 |
|      AverageVVals |           -51.8 |
|          StdVVals |            4.88 |
|          MaxVVals |           -9.68 |
|          MinVVals |           -59.5 |
| TotalEnvInteracts |        1.08e+05 |
|            LossPi |       -2.07e-08 |
|             LossV |             386 |
|       DeltaLossPi |               0 |
|        DeltaLossV |           -31.2 |
|                KL |        5.82e+04 |
|    BacktrackIters |               9 |
|              Time |             109 |
---------------------------------------
[32;1mLine search failed! Keeping old params.[0m
---------------------------------------
|             Epoch |              27 |
|      AverageEpRet |            -585 |
|          StdEpRet |            97.1 |
|          MaxEpRet |            -477 |
|          MinEpRet |            -735 |
|             EpLen |           1e+03 |
|      AverageVVals |           -51.7 |
|          StdVVals |            9.14 |
|          MaxVVals |            42.2 |
|          MinVVals |           -60.6 |
| TotalEnvInteracts |        1.12e+05 |
|            LossPi |        3.34e-09 |
|             LossV |             435 |
|       DeltaLossPi |       -3.81e-09 |
|        DeltaLossV |           -93.9 |
|                KL |        5.82e+04 |
|    BacktrackIters |               9 |
|              Time |             113 |
---------------------------------------
[32;1mLine search failed! Keeping old params.[0m
---------------------------------------
|             Epoch |              28 |
|      AverageEpRet |            -556 |
|          StdEpRet |            61.5 |
|          MaxEpRet |            -469 |
|          MinEpRet |            -619 |
|             EpLen |           1e+03 |
|      AverageVVals |           -52.4 |
|          StdVVals |            6.06 |
|          MaxVVals |           -19.7 |
|          MinVVals |           -60.9 |
| TotalEnvInteracts |        1.16e+05 |
|            LossPi |        2.03e-08 |
|             LossV |             258 |
|       DeltaLossPi |               0 |
|        DeltaLossV |           -36.3 |
|                KL |        5.82e+04 |
|    BacktrackIters |               9 |
|              Time |             117 |
---------------------------------------
[32;1mLine search failed! Keeping old params.[0m
---------------------------------------
|             Epoch |              29 |
|      AverageEpRet |            -574 |
|          StdEpRet |            60.1 |
|          MaxEpRet |            -478 |
|          MinEpRet |            -632 |
|             EpLen |           1e+03 |
|      AverageVVals |           -48.7 |
|          StdVVals |            6.41 |
|          MaxVVals |           -9.82 |
|          MinVVals |           -60.4 |
| TotalEnvInteracts |         1.2e+05 |
|            LossPi |       -3.15e-08 |
|             LossV |             234 |
|       DeltaLossPi |        9.54e-10 |
|        DeltaLossV |           -20.9 |
|                KL |        5.82e+04 |
|    BacktrackIters |               9 |
|              Time |             120 |
---------------------------------------
[32;1mLine search failed! Keeping old params.[0m
---------------------------------------
|             Epoch |              30 |
|      AverageEpRet |            -570 |
|          StdEpRet |              17 |
|          MaxEpRet |            -545 |
|          MinEpRet |            -590 |
|             EpLen |           1e+03 |
|      AverageVVals |           -49.8 |
|          StdVVals |            5.82 |
|          MaxVVals |           -29.1 |
|          MinVVals |           -60.6 |
| TotalEnvInteracts |        1.24e+05 |
|            LossPi |        2.86e-08 |
|             LossV |             192 |
|       DeltaLossPi |       -9.54e-10 |
|        DeltaLossV |           -29.1 |
|                KL |        5.82e+04 |
|    BacktrackIters |               9 |
|              Time |             125 |
---------------------------------------
[32;1mLine search failed! Keeping old params.[0m
---------------------------------------
|             Epoch |              31 |
|      AverageEpRet |            -570 |
|          StdEpRet |            78.5 |
|          MaxEpRet |            -461 |
|          MinEpRet |            -651 |
|             EpLen |           1e+03 |
|      AverageVVals |           -51.5 |
|          StdVVals |            7.76 |
|          MaxVVals |           -30.7 |
|          MinVVals |           -60.8 |
| TotalEnvInteracts |        1.28e+05 |
|            LossPi |        2.15e-09 |
|             LossV |             404 |
|       DeltaLossPi |        1.91e-09 |
|        DeltaLossV |           -36.6 |
|                KL |        5.82e+04 |
|    BacktrackIters |               9 |
|              Time |             129 |
---------------------------------------
[32;1mLine search failed! Keeping old params.[0m
---------------------------------------
|             Epoch |              32 |
|      AverageEpRet |            -629 |
|          StdEpRet |              43 |
|          MaxEpRet |            -561 |
|          MinEpRet |            -672 |
|             EpLen |           1e+03 |
|      AverageVVals |           -51.3 |
|          StdVVals |            7.91 |
|          MaxVVals |            1.93 |
|          MinVVals |             -61 |
| TotalEnvInteracts |        1.32e+05 |
|            LossPi |       -5.72e-09 |
|             LossV |             346 |
|       DeltaLossPi |       -9.54e-10 |
|        DeltaLossV |           -64.6 |
|                KL |        5.82e+04 |
|    BacktrackIters |               9 |
|              Time |             133 |
---------------------------------------
[32;1mLine search failed! Keeping old params.[0m
---------------------------------------
|             Epoch |              33 |
|      AverageEpRet |            -588 |
|          StdEpRet |             146 |
|          MaxEpRet |            -413 |
|          MinEpRet |            -810 |
|             EpLen |           1e+03 |
|      AverageVVals |           -52.1 |
|          StdVVals |            7.65 |
|          MaxVVals |           -6.48 |
|          MinVVals |           -62.3 |
| TotalEnvInteracts |        1.36e+05 |
|            LossPi |           2e-08 |
|             LossV |             470 |
|       DeltaLossPi |        2.38e-09 |
|        DeltaLossV |           -64.6 |
|                KL |        5.82e+04 |
|    BacktrackIters |               9 |
|              Time |             137 |
---------------------------------------
[32;1mLine search failed! Keeping old params.[0m
---------------------------------------
|             Epoch |              34 |
|      AverageEpRet |            -493 |
|          StdEpRet |            28.5 |
|          MaxEpRet |            -468 |
|          MinEpRet |            -539 |
|             EpLen |           1e+03 |
|      AverageVVals |           -47.5 |
|          StdVVals |            6.21 |
|          MaxVVals |            20.1 |
|          MinVVals |           -63.5 |
| TotalEnvInteracts |         1.4e+05 |
|            LossPi |        8.11e-09 |
|             LossV |             221 |
|       DeltaLossPi |        9.54e-10 |
|        DeltaLossV |           -34.6 |
|                KL |        5.82e+04 |
|    BacktrackIters |               9 |
|              Time |             140 |
---------------------------------------
[32;1mLine search failed! Keeping old params.[0m
---------------------------------------
|             Epoch |              35 |
|      AverageEpRet |            -571 |
|          StdEpRet |             104 |
|          MaxEpRet |            -423 |
|          MinEpRet |            -697 |
|             EpLen |           1e+03 |
|      AverageVVals |           -42.5 |
|          StdVVals |            14.9 |
|          MaxVVals |            26.6 |
|          MinVVals |           -63.1 |
| TotalEnvInteracts |        1.44e+05 |
|            LossPi |               0 |
|             LossV |             621 |
|       DeltaLossPi |       -3.81e-09 |
|        DeltaLossV |            -318 |
|                KL |        5.82e+04 |
|    BacktrackIters |               9 |
|              Time |             144 |
---------------------------------------
[32;1mLine search failed! Keeping old params.[0m
---------------------------------------
|             Epoch |              36 |
|      AverageEpRet |            -573 |
|          StdEpRet |            74.7 |
|          MaxEpRet |            -453 |
|          MinEpRet |            -643 |
|             EpLen |           1e+03 |
|      AverageVVals |           -49.1 |
|          StdVVals |            6.93 |
|          MaxVVals |           -6.23 |
|          MinVVals |             -63 |
| TotalEnvInteracts |        1.48e+05 |
|            LossPi |       -6.08e-09 |
|             LossV |             412 |
|       DeltaLossPi |        2.38e-09 |
|        DeltaLossV |           -46.8 |
|                KL |        5.82e+04 |
|    BacktrackIters |               9 |
|              Time |             148 |
---------------------------------------
[32;1mLine search failed! Keeping old params.[0m
---------------------------------------
|             Epoch |              37 |
|      AverageEpRet |            -578 |
|          StdEpRet |             123 |
|          MaxEpRet |            -477 |
|          MinEpRet |            -789 |
|             EpLen |           1e+03 |
|      AverageVVals |           -51.2 |
|          StdVVals |            8.06 |
|          MaxVVals |           -34.3 |
|          MinVVals |           -64.5 |
| TotalEnvInteracts |        1.52e+05 |
|            LossPi |        1.91e-09 |
|             LossV |             289 |
|       DeltaLossPi |        1.43e-09 |
|        DeltaLossV |           -21.2 |
|                KL |        5.82e+04 |
|    BacktrackIters |               9 |
|              Time |             152 |
---------------------------------------
[32;1mLine search failed! Keeping old params.[0m
---------------------------------------
|             Epoch |              38 |
|      AverageEpRet |            -526 |
|          StdEpRet |             112 |
|          MaxEpRet |            -369 |
|          MinEpRet |            -683 |
|             EpLen |           1e+03 |
|      AverageVVals |           -51.6 |
|          StdVVals |            7.15 |
|          MaxVVals |           -8.45 |
|          MinVVals |             -65 |
| TotalEnvInteracts |        1.56e+05 |
|            LossPi |       -8.46e-09 |
|             LossV |             382 |
|       DeltaLossPi |        1.67e-09 |
|        DeltaLossV |             -81 |
|                KL |        5.82e+04 |
|    BacktrackIters |               9 |
|              Time |             155 |
---------------------------------------
[32;1mLine search failed! Keeping old params.[0m
---------------------------------------
|             Epoch |              39 |
|      AverageEpRet |            -517 |
|          StdEpRet |             115 |
|          MaxEpRet |            -329 |
|          MinEpRet |            -614 |
|             EpLen |           1e+03 |
|      AverageVVals |           -45.9 |
|          StdVVals |            8.61 |
|          MaxVVals |            29.8 |
|          MinVVals |           -63.7 |
| TotalEnvInteracts |         1.6e+05 |
|            LossPi |       -2.65e-08 |
|             LossV |             395 |
|       DeltaLossPi |               0 |
|        DeltaLossV |           -60.7 |
|                KL |        5.82e+04 |
|    BacktrackIters |               9 |
|              Time |             159 |
---------------------------------------
[32;1mLine search failed! Keeping old params.[0m
---------------------------------------
|             Epoch |              40 |
|      AverageEpRet |            -503 |
|          StdEpRet |            32.9 |
|          MaxEpRet |            -453 |
|          MinEpRet |            -543 |
|             EpLen |           1e+03 |
|      AverageVVals |           -46.1 |
|          StdVVals |             4.3 |
|          MaxVVals |            19.7 |
|          MinVVals |           -63.2 |
| TotalEnvInteracts |        1.64e+05 |
|            LossPi |       -4.53e-09 |
|             LossV |             159 |
|       DeltaLossPi |        4.77e-10 |
|        DeltaLossV |           -13.5 |
|                KL |        5.82e+04 |
|    BacktrackIters |               9 |
|              Time |             164 |
---------------------------------------
[32;1mLine search failed! Keeping old params.[0m
---------------------------------------
|             Epoch |              41 |
|      AverageEpRet |            -568 |
|          StdEpRet |            94.4 |
|          MaxEpRet |            -444 |
|          MinEpRet |            -697 |
|             EpLen |           1e+03 |
|      AverageVVals |           -46.3 |
|          StdVVals |            5.01 |
|          MaxVVals |           -8.16 |
|          MinVVals |           -63.6 |
| TotalEnvInteracts |        1.68e+05 |
|            LossPi |          -2e-08 |
|             LossV |             505 |
|       DeltaLossPi |       -1.91e-09 |
|        DeltaLossV |            -192 |
|                KL |        5.82e+04 |
|    BacktrackIters |               9 |
|              Time |             169 |
---------------------------------------
[32;1mLine search failed! Keeping old params.[0m
---------------------------------------
|             Epoch |              42 |
|      AverageEpRet |            -564 |
|          StdEpRet |            93.2 |
|          MaxEpRet |            -472 |
|          MinEpRet |            -711 |
|             EpLen |           1e+03 |
|      AverageVVals |           -52.1 |
|          StdVVals |            8.01 |
|          MaxVVals |           -34.2 |
|          MinVVals |           -66.3 |
| TotalEnvInteracts |        1.72e+05 |
|            LossPi |       -6.91e-09 |
|             LossV |             337 |
|       DeltaLossPi |        2.86e-09 |
|        DeltaLossV |           -18.2 |
|                KL |        5.82e+04 |
|    BacktrackIters |               9 |
|              Time |             173 |
---------------------------------------
[32;1mLine search failed! Keeping old params.[0m
---------------------------------------
|             Epoch |              43 |
|      AverageEpRet |            -549 |
|          StdEpRet |            54.3 |
|          MaxEpRet |            -476 |
|          MinEpRet |            -615 |
|             EpLen |           1e+03 |
|      AverageVVals |           -55.8 |
|          StdVVals |            8.15 |
|          MaxVVals |           -28.9 |
|          MinVVals |           -67.2 |
| TotalEnvInteracts |        1.76e+05 |
|            LossPi |        1.22e-08 |
|             LossV |             560 |
|       DeltaLossPi |       -9.54e-10 |
|        DeltaLossV |            -140 |
|                KL |        5.82e+04 |
|    BacktrackIters |               9 |
|              Time |             176 |
---------------------------------------
[32;1mLine search failed! Keeping old params.[0m
---------------------------------------
|             Epoch |              44 |
|      AverageEpRet |            -623 |
|          StdEpRet |            81.2 |
|          MaxEpRet |            -552 |
|          MinEpRet |            -760 |
|             EpLen |           1e+03 |
|      AverageVVals |           -45.1 |
|          StdVVals |            14.7 |
|          MaxVVals |            38.9 |
|          MinVVals |           -66.2 |
| TotalEnvInteracts |         1.8e+05 |
|            LossPi |       -6.91e-09 |
|             LossV |             655 |
|       DeltaLossPi |        2.38e-10 |
|        DeltaLossV |            -306 |
|                KL |        5.82e+04 |
|    BacktrackIters |               9 |
|              Time |             180 |
---------------------------------------
[32;1mLine search failed! Keeping old params.[0m
---------------------------------------
|             Epoch |              45 |
|      AverageEpRet |            -639 |
|          StdEpRet |            85.7 |
|          MaxEpRet |            -522 |
|          MinEpRet |            -764 |
|             EpLen |           1e+03 |
|      AverageVVals |             -59 |
|          StdVVals |            7.28 |
|          MaxVVals |           -19.2 |
|          MinVVals |             -68 |
| TotalEnvInteracts |        1.84e+05 |
|            LossPi |        9.78e-09 |
|             LossV |             406 |
|       DeltaLossPi |        9.54e-10 |
|        DeltaLossV |           -57.9 |
|                KL |        5.82e+04 |
|    BacktrackIters |               9 |
|              Time |             184 |
---------------------------------------
[32;1mLine search failed! Keeping old params.[0m
---------------------------------------
|             Epoch |              46 |
|      AverageEpRet |            -614 |
|          StdEpRet |             106 |
|          MaxEpRet |            -470 |
|          MinEpRet |            -769 |
|             EpLen |           1e+03 |
|      AverageVVals |           -49.6 |
|          StdVVals |            15.8 |
|          MaxVVals |             9.2 |
|          MinVVals |           -68.7 |
| TotalEnvInteracts |        1.88e+05 |
|            LossPi |        2.15e-08 |
|             LossV |             490 |
|       DeltaLossPi |       -1.43e-09 |
|        DeltaLossV |           -92.4 |
|                KL |        5.82e+04 |
|    BacktrackIters |               9 |
|              Time |             188 |
---------------------------------------
[32;1mLine search failed! Keeping old params.[0m
---------------------------------------
|             Epoch |              47 |
|      AverageEpRet |            -525 |
|          StdEpRet |            41.9 |
|          MaxEpRet |            -459 |
|          MinEpRet |            -563 |
|             EpLen |           1e+03 |
|      AverageVVals |           -42.9 |
|          StdVVals |            10.3 |
|          MaxVVals |             -18 |
|          MinVVals |           -71.1 |
| TotalEnvInteracts |        1.92e+05 |
|            LossPi |       -6.32e-09 |
|             LossV |             316 |
|       DeltaLossPi |       -4.77e-10 |
|        DeltaLossV |           -95.5 |
|                KL |        5.82e+04 |
|    BacktrackIters |               9 |
|              Time |             192 |
---------------------------------------
[32;1mLine search failed! Keeping old params.[0m
---------------------------------------
|             Epoch |              48 |
|      AverageEpRet |            -630 |
|          StdEpRet |            73.1 |
|          MaxEpRet |            -556 |
|          MinEpRet |            -704 |
|             EpLen |           1e+03 |
|      AverageVVals |           -54.9 |
|          StdVVals |            8.44 |
|          MaxVVals |           0.978 |
|          MinVVals |           -69.8 |
| TotalEnvInteracts |        1.96e+05 |
|            LossPi |       -1.22e-08 |
|             LossV |             399 |
|       DeltaLossPi |        4.77e-10 |
|        DeltaLossV |           -57.9 |
|                KL |        5.82e+04 |
|    BacktrackIters |               9 |
|              Time |             196 |
---------------------------------------
[32;1mLine search failed! Keeping old params.[0m
---------------------------------------
|             Epoch |              49 |
|      AverageEpRet |            -656 |
|          StdEpRet |            95.2 |
|          MaxEpRet |            -577 |
|          MinEpRet |            -819 |
|             EpLen |           1e+03 |
|      AverageVVals |             -54 |
|          StdVVals |            9.06 |
|          MaxVVals |           -11.6 |
|          MinVVals |           -69.7 |
| TotalEnvInteracts |           2e+05 |
|            LossPi |        3.22e-08 |
|             LossV |             413 |
|       DeltaLossPi |        9.54e-10 |
|        DeltaLossV |           -78.9 |
|                KL |        5.82e+04 |
|    BacktrackIters |               9 |
|              Time |             200 |
---------------------------------------
