--------------------------------------------------------------------------
[[17400,1],0]: A high-performance Open MPI point-to-point messaging module
was unable to find any relevant network interfaces:

Module: OpenFabrics (openib)
  Host: GCRAZGDL0429

Another transport will be used instead, although this may result in
lower performance.

NOTE: You can disable this warning by setting the MCA parameter
btl_base_warn_component_unused to 0.
--------------------------------------------------------------------------
--------------------------------------------------------------------------
[[17350,1],0]: A high-performance Open MPI point-to-point messaging module
was unable to find any relevant network interfaces:

Module: OpenFabrics (openib)
  Host: GCRAZGDL0429

Another transport will be used instead, although this may result in
lower performance.

NOTE: You can disable this warning by setting the MCA parameter
btl_base_warn_component_unused to 0.
--------------------------------------------------------------------------
Warning: Log dir exp/trpo_HalfCheetah-v3/trpo_HalfCheetah-v3_s4 already exists! Storing info there anyway.
[32;1mLogging data to exp/trpo_HalfCheetah-v3/trpo_HalfCheetah-v3_s4/progress.txt[0m
[36;1mSaving config:
[0m
{
    "ac_kwargs":	{
        "hidden_sizes":	[
            64,
            64
        ]
    },
    "actor_critic":	"mlp_actor_critic",
    "algo":	"trpo",
    "backtrack_coeff":	0.8,
    "backtrack_iters":	10,
    "cg_iters":	10,
    "damping_coeff":	0.1,
    "delta":	0.01,
    "env_fn":	"<function <lambda> at 0x7f16f7f744d0>",
    "epochs":	50,
    "exp_name":	"trpo_HalfCheetah-v3",
    "gamma":	0.99,
    "lam":	0.97,
    "logger":	{
        "<spinup.utils.logx.EpochLogger object at 0x7f16f7f14450>":	{
            "epoch_dict":	{},
            "exp_name":	"trpo_HalfCheetah-v3",
            "first_row":	true,
            "log_current_row":	{},
            "log_headers":	[],
            "output_dir":	"exp/trpo_HalfCheetah-v3/trpo_HalfCheetah-v3_s4",
            "output_file":	{
                "<_io.TextIOWrapper name='exp/trpo_HalfCheetah-v3/trpo_HalfCheetah-v3_s4/progress.txt' mode='w' encoding='UTF-8'>":	{
                    "mode":	"w"
                }
            }
        }
    },
    "logger_kwargs":	{
        "exp_name":	"trpo_HalfCheetah-v3",
        "output_dir":	"exp/trpo_HalfCheetah-v3/trpo_HalfCheetah-v3_s4"
    },
    "max_ep_len":	1000,
    "save_freq":	10,
    "seed":	4,
    "steps_per_epoch":	4000,
    "train_v_iters":	80,
    "vf_lr":	0.001
}
[GCRAZGDL0429:19435] 3 more processes have sent help message help-mpi-btl-base.txt / btl:no-nics
[GCRAZGDL0429:19435] Set MCA parameter "orte_base_help_aggregate" to 0 to see all help / error messages
2022-04-12 02:42:28.851564: I tensorflow/core/platform/cpu_feature_guard.cc:142] Your CPU supports instructions that this TensorFlow binary was not compiled to use: AVX2 FMA
2022-04-12 02:42:28.919614: I tensorflow/core/platform/profile_utils/cpu_utils.cc:94] CPU Frequency: 2593990000 Hz
2022-04-12 02:42:28.920643: I tensorflow/compiler/xla/service/service.cc:168] XLA service 0x559e838f0950 initialized for platform Host (this does not guarantee that XLA will be used). Devices:
2022-04-12 02:42:28.920721: I tensorflow/compiler/xla/service/service.cc:176]   StreamExecutor device (0): Host, Default Version
[32;1m
Number of parameters: 	 pi: 5708, 	 v: 5377
[0m
2022-04-12 02:42:31.403415: I tensorflow/core/platform/cpu_feature_guard.cc:142] Your CPU supports instructions that this TensorFlow binary was not compiled to use: AVX2 FMA
2022-04-12 02:42:31.508829: I tensorflow/core/platform/profile_utils/cpu_utils.cc:94] CPU Frequency: 2593990000 Hz
2022-04-12 02:42:31.512003: I tensorflow/compiler/xla/service/service.cc:168] XLA service 0x55be7126e730 initialized for platform Host (this does not guarantee that XLA will be used). Devices:
2022-04-12 02:42:31.512037: I tensorflow/compiler/xla/service/service.cc:176]   StreamExecutor device (0): Host, Default Version
2022-04-12 02:42:34.231046: I tensorflow/core/platform/cpu_feature_guard.cc:142] Your CPU supports instructions that this TensorFlow binary was not compiled to use: AVX2 FMA
2022-04-12 02:42:34.305538: I tensorflow/core/platform/profile_utils/cpu_utils.cc:94] CPU Frequency: 2593990000 Hz
2022-04-12 02:42:34.306635: I tensorflow/compiler/xla/service/service.cc:168] XLA service 0x562187ee8fc0 initialized for platform Host (this does not guarantee that XLA will be used). Devices:
2022-04-12 02:42:34.306738: I tensorflow/compiler/xla/service/service.cc:176]   StreamExecutor device (0): Host, Default Version
2022-04-12 02:42:35.791959: I tensorflow/core/platform/cpu_feature_guard.cc:142] Your CPU supports instructions that this TensorFlow binary was not compiled to use: AVX2 FMA
2022-04-12 02:42:35.843740: I tensorflow/core/platform/profile_utils/cpu_utils.cc:94] CPU Frequency: 2593990000 Hz
2022-04-12 02:42:35.875243: I tensorflow/compiler/xla/service/service.cc:168] XLA service 0x5622aa4d1ee0 initialized for platform Host (this does not guarantee that XLA will be used). Devices:
2022-04-12 02:42:35.875294: I tensorflow/compiler/xla/service/service.cc:176]   StreamExecutor device (0): Host, Default Version
[32;1mAccepting new params at step 0 of line search.[0m
---------------------------------------
|             Epoch |               0 |
|      AverageEpRet |            -741 |
|          StdEpRet |             114 |
|          MaxEpRet |            -567 |
|          MinEpRet |            -860 |
|             EpLen |           1e+03 |
|      AverageVVals |        -0.00541 |
|          StdVVals |           0.563 |
|          MaxVVals |            1.72 |
|          MinVVals |           -1.75 |
| TotalEnvInteracts |           4e+03 |
|            LossPi |       -5.96e-08 |
|             LossV |        4.98e+03 |
|       DeltaLossPi |         -0.0604 |
|        DeltaLossV |            -993 |
|                KL |         0.00898 |
|    BacktrackIters |               0 |
|              Time |            25.4 |
---------------------------------------
[32;1mAccepting new params at step 0 of line search.[0m
---------------------------------------
|             Epoch |               1 |
|      AverageEpRet |            -662 |
|          StdEpRet |            60.9 |
|          MaxEpRet |            -595 |
|          MinEpRet |            -757 |
|             EpLen |           1e+03 |
|      AverageVVals |           -11.9 |
|          StdVVals |            4.24 |
|          MaxVVals |             6.6 |
|          MinVVals |           -15.9 |
| TotalEnvInteracts |           8e+03 |
|            LossPi |        1.92e-07 |
|             LossV |        2.64e+03 |
|       DeltaLossPi |         -0.0613 |
|        DeltaLossV |            -925 |
|                KL |         0.00893 |
|    BacktrackIters |               0 |
|              Time |            46.5 |
---------------------------------------
[32;1mAccepting new params at step 0 of line search.[0m
---------------------------------------
|             Epoch |               2 |
|      AverageEpRet |            -648 |
|          StdEpRet |            61.3 |
|          MaxEpRet |            -560 |
|          MinEpRet |            -731 |
|             EpLen |           1e+03 |
|      AverageVVals |           -23.4 |
|          StdVVals |            1.57 |
|          MaxVVals |           -4.05 |
|          MinVVals |           -23.8 |
| TotalEnvInteracts |         1.2e+04 |
|            LossPi |        -8.2e-08 |
|             LossV |        1.48e+03 |
|       DeltaLossPi |         -0.0577 |
|        DeltaLossV |            -378 |
|                KL |         0.00892 |
|    BacktrackIters |               0 |
|              Time |            72.7 |
---------------------------------------
[32;1mAccepting new params at step 0 of line search.[0m
---------------------------------------
|             Epoch |               3 |
|      AverageEpRet |            -676 |
|          StdEpRet |            39.8 |
|          MaxEpRet |            -630 |
|          MinEpRet |            -721 |
|             EpLen |           1e+03 |
|      AverageVVals |           -28.5 |
|          StdVVals |            2.12 |
|          MaxVVals |          0.0401 |
|          MinVVals |           -29.5 |
| TotalEnvInteracts |         1.6e+04 |
|            LossPi |       -2.79e-08 |
|             LossV |        1.39e+03 |
|       DeltaLossPi |         -0.0616 |
|        DeltaLossV |            -332 |
|                KL |         0.00894 |
|    BacktrackIters |               0 |
|              Time |             100 |
---------------------------------------
[32;1mAccepting new params at step 0 of line search.[0m
---------------------------------------
|             Epoch |               4 |
|      AverageEpRet |            -627 |
|          StdEpRet |            23.9 |
|          MaxEpRet |            -597 |
|          MinEpRet |            -664 |
|             EpLen |           1e+03 |
|      AverageVVals |           -34.1 |
|          StdVVals |            2.75 |
|          MaxVVals |            13.8 |
|          MinVVals |           -34.4 |
| TotalEnvInteracts |           2e+04 |
|            LossPi |       -2.24e-08 |
|             LossV |             777 |
|       DeltaLossPi |         -0.0663 |
|        DeltaLossV |            -162 |
|                KL |         0.00896 |
|    BacktrackIters |               0 |
|              Time |             120 |
---------------------------------------
[32;1mAccepting new params at step 0 of line search.[0m
---------------------------------------
|             Epoch |               5 |
|      AverageEpRet |            -636 |
|          StdEpRet |             104 |
|          MaxEpRet |            -504 |
|          MinEpRet |            -770 |
|             EpLen |           1e+03 |
|      AverageVVals |           -38.2 |
|          StdVVals |            0.38 |
|          MaxVVals |           -30.7 |
|          MinVVals |           -38.3 |
| TotalEnvInteracts |         2.4e+04 |
|            LossPi |       -7.45e-09 |
|             LossV |             856 |
|       DeltaLossPi |          -0.059 |
|        DeltaLossV |            -140 |
|                KL |         0.00895 |
|    BacktrackIters |               0 |
|              Time |             144 |
---------------------------------------
[32;1mAccepting new params at step 0 of line search.[0m
---------------------------------------
|             Epoch |               6 |
|      AverageEpRet |            -602 |
|          StdEpRet |            41.6 |
|          MaxEpRet |            -554 |
|          MinEpRet |            -659 |
|             EpLen |           1e+03 |
|      AverageVVals |           -41.8 |
|          StdVVals |           0.218 |
|          MaxVVals |           -38.6 |
|          MinVVals |           -41.9 |
| TotalEnvInteracts |         2.8e+04 |
|            LossPi |       -6.71e-08 |
|             LossV |             481 |
|       DeltaLossPi |         -0.0662 |
|        DeltaLossV |           -65.3 |
|                KL |         0.00904 |
|    BacktrackIters |               0 |
|              Time |             169 |
---------------------------------------
[32;1mAccepting new params at step 0 of line search.[0m
---------------------------------------
|             Epoch |               7 |
|      AverageEpRet |            -603 |
|          StdEpRet |            48.9 |
|          MaxEpRet |            -536 |
|          MinEpRet |            -653 |
|             EpLen |           1e+03 |
|      AverageVVals |           -44.5 |
|          StdVVals |           0.177 |
|          MaxVVals |           -38.9 |
|          MinVVals |           -44.6 |
| TotalEnvInteracts |         3.2e+04 |
|            LossPi |       -1.86e-08 |
|             LossV |             359 |
|       DeltaLossPi |         -0.0616 |
|        DeltaLossV |           -36.2 |
|                KL |         0.00892 |
|    BacktrackIters |               0 |
|              Time |             198 |
---------------------------------------
[32;1mAccepting new params at step 0 of line search.[0m
---------------------------------------
|             Epoch |               8 |
|      AverageEpRet |            -605 |
|          StdEpRet |            49.6 |
|          MaxEpRet |            -553 |
|          MinEpRet |            -682 |
|             EpLen |           1e+03 |
|      AverageVVals |           -46.4 |
|          StdVVals |            1.42 |
|          MaxVVals |            8.83 |
|          MinVVals |           -46.6 |
| TotalEnvInteracts |         3.6e+04 |
|            LossPi |       -1.86e-09 |
|             LossV |             393 |
|       DeltaLossPi |         -0.0666 |
|        DeltaLossV |           -32.6 |
|                KL |         0.00895 |
|    BacktrackIters |               0 |
|              Time |             226 |
---------------------------------------
[32;1mAccepting new params at step 0 of line search.[0m
---------------------------------------
|             Epoch |               9 |
|      AverageEpRet |            -614 |
|          StdEpRet |            55.5 |
|          MaxEpRet |            -563 |
|          MinEpRet |            -705 |
|             EpLen |           1e+03 |
|      AverageVVals |           -48.3 |
|          StdVVals |            2.69 |
|          MaxVVals |            15.3 |
|          MinVVals |           -48.5 |
| TotalEnvInteracts |           4e+04 |
|            LossPi |        3.73e-09 |
|             LossV |             287 |
|       DeltaLossPi |         -0.0606 |
|        DeltaLossV |           -20.4 |
|                KL |         0.00893 |
|    BacktrackIters |               0 |
|              Time |             254 |
---------------------------------------
[32;1mAccepting new params at step 0 of line search.[0m
---------------------------------------
|             Epoch |              10 |
|      AverageEpRet |            -619 |
|          StdEpRet |            16.9 |
|          MaxEpRet |            -604 |
|          MinEpRet |            -648 |
|             EpLen |           1e+03 |
|      AverageVVals |           -49.8 |
|          StdVVals |           0.295 |
|          MaxVVals |           -40.2 |
|          MinVVals |           -49.8 |
| TotalEnvInteracts |         4.4e+04 |
|            LossPi |       -1.96e-08 |
|             LossV |             300 |
|       DeltaLossPi |         -0.0637 |
|        DeltaLossV |           -18.8 |
|                KL |         0.00898 |
|    BacktrackIters |               0 |
|              Time |             285 |
---------------------------------------
[32;1mAccepting new params at step 0 of line search.[0m
---------------------------------------
|             Epoch |              11 |
|      AverageEpRet |            -561 |
|          StdEpRet |            88.9 |
|          MaxEpRet |            -409 |
|          MinEpRet |            -636 |
|             EpLen |           1e+03 |
|      AverageVVals |           -51.4 |
|          StdVVals |           0.399 |
|          MaxVVals |           -41.3 |
|          MinVVals |           -51.4 |
| TotalEnvInteracts |         4.8e+04 |
|            LossPi |       -7.45e-09 |
|             LossV |             345 |
|       DeltaLossPi |         -0.0631 |
|        DeltaLossV |           -20.7 |
|                KL |         0.00896 |
|    BacktrackIters |               0 |
|              Time |             311 |
---------------------------------------
[32;1mAccepting new params at step 0 of line search.[0m
---------------------------------------
|             Epoch |              12 |
|      AverageEpRet |            -583 |
|          StdEpRet |            34.6 |
|          MaxEpRet |            -525 |
|          MinEpRet |            -616 |
|             EpLen |           1e+03 |
|      AverageVVals |           -49.8 |
|          StdVVals |            4.84 |
|          MaxVVals |            2.74 |
|          MinVVals |           -51.4 |
| TotalEnvInteracts |         5.2e+04 |
|            LossPi |        3.73e-08 |
|             LossV |             291 |
|       DeltaLossPi |         -0.0652 |
|        DeltaLossV |           -41.1 |
|                KL |           0.009 |
|    BacktrackIters |               0 |
|              Time |             333 |
---------------------------------------
[32;1mAccepting new params at step 0 of line search.[0m
---------------------------------------
|             Epoch |              13 |
|      AverageEpRet |            -570 |
|          StdEpRet |              74 |
|          MaxEpRet |            -450 |
|          MinEpRet |            -649 |
|             EpLen |           1e+03 |
|      AverageVVals |           -30.2 |
|          StdVVals |            40.6 |
|          MaxVVals |            51.1 |
|          MinVVals |             -52 |
| TotalEnvInteracts |         5.6e+04 |
|            LossPi |               0 |
|             LossV |        2.51e+03 |
|       DeltaLossPi |         -0.0603 |
|        DeltaLossV |       -2.22e+03 |
|                KL |         0.00891 |
|    BacktrackIters |               0 |
|              Time |             362 |
---------------------------------------
[32;1mAccepting new params at step 0 of line search.[0m
---------------------------------------
|             Epoch |              14 |
|      AverageEpRet |            -598 |
|          StdEpRet |              35 |
|          MaxEpRet |            -547 |
|          MinEpRet |            -645 |
|             EpLen |           1e+03 |
|      AverageVVals |           -51.2 |
|          StdVVals |           0.665 |
|          MaxVVals |           -36.3 |
|          MinVVals |           -51.4 |
| TotalEnvInteracts |           6e+04 |
|            LossPi |       -1.49e-08 |
|             LossV |             391 |
|       DeltaLossPi |         -0.0652 |
|        DeltaLossV |           -5.33 |
|                KL |         0.00898 |
|    BacktrackIters |               0 |
|              Time |             391 |
---------------------------------------
[32;1mAccepting new params at step 0 of line search.[0m
---------------------------------------
|             Epoch |              15 |
|      AverageEpRet |            -561 |
|          StdEpRet |            50.6 |
|          MaxEpRet |            -500 |
|          MinEpRet |            -638 |
|             EpLen |           1e+03 |
|      AverageVVals |           -51.7 |
|          StdVVals |           0.861 |
|          MaxVVals |           -34.1 |
|          MinVVals |             -52 |
| TotalEnvInteracts |         6.4e+04 |
|            LossPi |       -3.17e-08 |
|             LossV |             261 |
|       DeltaLossPi |          -0.067 |
|        DeltaLossV |           -1.75 |
|                KL |         0.00882 |
|    BacktrackIters |               0 |
|              Time |             418 |
---------------------------------------
[32;1mAccepting new params at step 0 of line search.[0m
---------------------------------------
|             Epoch |              16 |
|      AverageEpRet |            -524 |
|          StdEpRet |            54.8 |
|          MaxEpRet |            -433 |
|          MinEpRet |            -579 |
|             EpLen |           1e+03 |
|      AverageVVals |           -51.3 |
|          StdVVals |            1.74 |
|          MaxVVals |           -20.1 |
|          MinVVals |           -51.9 |
| TotalEnvInteracts |         6.8e+04 |
|            LossPi |        2.42e-08 |
|             LossV |             275 |
|       DeltaLossPi |         -0.0632 |
|        DeltaLossV |           -15.7 |
|                KL |         0.00894 |
|    BacktrackIters |               0 |
|              Time |             442 |
---------------------------------------
[32;1mAccepting new params at step 0 of line search.[0m
---------------------------------------
|             Epoch |              17 |
|      AverageEpRet |            -556 |
|          StdEpRet |            38.1 |
|          MaxEpRet |            -508 |
|          MinEpRet |            -613 |
|             EpLen |           1e+03 |
|      AverageVVals |           -49.1 |
|          StdVVals |            2.55 |
|          MaxVVals |           -29.3 |
|          MinVVals |           -50.8 |
| TotalEnvInteracts |         7.2e+04 |
|            LossPi |         2.7e-08 |
|             LossV |             293 |
|       DeltaLossPi |         -0.0629 |
|        DeltaLossV |           -5.86 |
|                KL |         0.00887 |
|    BacktrackIters |               0 |
|              Time |             471 |
---------------------------------------
[32;1mAccepting new params at step 0 of line search.[0m
---------------------------------------
|             Epoch |              18 |
|      AverageEpRet |            -578 |
|          StdEpRet |            26.5 |
|          MaxEpRet |            -541 |
|          MinEpRet |            -604 |
|             EpLen |           1e+03 |
|      AverageVVals |             -50 |
|          StdVVals |            1.18 |
|          MaxVVals |           -37.1 |
|          MinVVals |           -50.9 |
| TotalEnvInteracts |         7.6e+04 |
|            LossPi |       -1.21e-08 |
|             LossV |             283 |
|       DeltaLossPi |         -0.0615 |
|        DeltaLossV |           -3.88 |
|                KL |           0.009 |
|    BacktrackIters |               0 |
|              Time |             497 |
---------------------------------------
[32;1mAccepting new params at step 0 of line search.[0m
---------------------------------------
|             Epoch |              19 |
|      AverageEpRet |            -498 |
|          StdEpRet |            56.9 |
|          MaxEpRet |            -424 |
|          MinEpRet |            -575 |
|             EpLen |           1e+03 |
|      AverageVVals |             -51 |
|          StdVVals |           0.872 |
|          MaxVVals |           -39.5 |
|          MinVVals |           -51.5 |
| TotalEnvInteracts |           8e+04 |
|            LossPi |        2.79e-08 |
|             LossV |             252 |
|       DeltaLossPi |         -0.0641 |
|        DeltaLossV |           -24.9 |
|                KL |         0.00903 |
|    BacktrackIters |               0 |
|              Time |             525 |
---------------------------------------
[32;1mAccepting new params at step 0 of line search.[0m
---------------------------------------
|             Epoch |              20 |
|      AverageEpRet |            -500 |
|          StdEpRet |            85.2 |
|          MaxEpRet |            -356 |
|          MinEpRet |            -578 |
|             EpLen |           1e+03 |
|      AverageVVals |           -47.2 |
|          StdVVals |             3.9 |
|          MaxVVals |             5.9 |
|          MinVVals |           -50.2 |
| TotalEnvInteracts |         8.4e+04 |
|            LossPi |               0 |
|             LossV |             387 |
|       DeltaLossPi |         -0.0633 |
|        DeltaLossV |           -17.7 |
|                KL |         0.00897 |
|    BacktrackIters |               0 |
|              Time |             553 |
---------------------------------------
[32;1mAccepting new params at step 0 of line search.[0m
---------------------------------------
|             Epoch |              21 |
|      AverageEpRet |            -579 |
|          StdEpRet |            24.7 |
|          MaxEpRet |            -552 |
|          MinEpRet |            -611 |
|             EpLen |           1e+03 |
|      AverageVVals |           -47.1 |
|          StdVVals |            4.55 |
|          MaxVVals |            17.4 |
|          MinVVals |           -49.6 |
| TotalEnvInteracts |         8.8e+04 |
|            LossPi |               0 |
|             LossV |             446 |
|       DeltaLossPi |         -0.0631 |
|        DeltaLossV |           -24.7 |
|                KL |         0.00897 |
|    BacktrackIters |               0 |
|              Time |             577 |
---------------------------------------
[32;1mAccepting new params at step 0 of line search.[0m
---------------------------------------
|             Epoch |              22 |
|      AverageEpRet |            -526 |
|          StdEpRet |            80.8 |
|          MaxEpRet |            -452 |
|          MinEpRet |            -657 |
|             EpLen |           1e+03 |
|      AverageVVals |           -49.3 |
|          StdVVals |            3.21 |
|          MaxVVals |           -15.2 |
|          MinVVals |           -50.9 |
| TotalEnvInteracts |         9.2e+04 |
|            LossPi |               0 |
|             LossV |             264 |
|       DeltaLossPi |          -0.063 |
|        DeltaLossV |           -7.14 |
|                KL |         0.00898 |
|    BacktrackIters |               0 |
|              Time |             599 |
---------------------------------------
[32;1mAccepting new params at step 0 of line search.[0m
---------------------------------------
|             Epoch |              23 |
|      AverageEpRet |            -554 |
|          StdEpRet |              57 |
|          MaxEpRet |            -493 |
|          MinEpRet |            -636 |
|             EpLen |           1e+03 |
|      AverageVVals |           -48.6 |
|          StdVVals |            2.82 |
|          MaxVVals |           -10.9 |
|          MinVVals |           -50.8 |
| TotalEnvInteracts |         9.6e+04 |
|            LossPi |        3.17e-08 |
|             LossV |             343 |
|       DeltaLossPi |          -0.063 |
|        DeltaLossV |           -7.91 |
|                KL |         0.00898 |
|    BacktrackIters |               0 |
|              Time |             628 |
---------------------------------------
[32;1mAccepting new params at step 0 of line search.[0m
---------------------------------------
|             Epoch |              24 |
|      AverageEpRet |            -456 |
|          StdEpRet |            85.1 |
|          MaxEpRet |            -398 |
|          MinEpRet |            -602 |
|             EpLen |           1e+03 |
|      AverageVVals |           -48.7 |
|          StdVVals |            3.13 |
|          MaxVVals |           -13.4 |
|          MinVVals |           -51.2 |
| TotalEnvInteracts |           1e+05 |
|            LossPi |        1.49e-08 |
|             LossV |             309 |
|       DeltaLossPi |         -0.0617 |
|        DeltaLossV |           -57.1 |
|                KL |         0.00889 |
|    BacktrackIters |               0 |
|              Time |             651 |
---------------------------------------
[32;1mAccepting new params at step 0 of line search.[0m
---------------------------------------
|             Epoch |              25 |
|      AverageEpRet |            -532 |
|          StdEpRet |             115 |
|          MaxEpRet |            -408 |
|          MinEpRet |            -711 |
|             EpLen |           1e+03 |
|      AverageVVals |           -42.3 |
|          StdVVals |            4.26 |
|          MaxVVals |            3.06 |
|          MinVVals |             -50 |
| TotalEnvInteracts |        1.04e+05 |
|            LossPi |       -1.49e-08 |
|             LossV |             452 |
|       DeltaLossPi |         -0.0597 |
|        DeltaLossV |           -32.9 |
|                KL |         0.00895 |
|    BacktrackIters |               0 |
|              Time |             678 |
---------------------------------------
[32;1mAccepting new params at step 0 of line search.[0m
---------------------------------------
|             Epoch |              26 |
|      AverageEpRet |            -497 |
|          StdEpRet |            36.8 |
|          MaxEpRet |            -455 |
|          MinEpRet |            -555 |
|             EpLen |           1e+03 |
|      AverageVVals |           -44.1 |
|          StdVVals |            3.24 |
|          MaxVVals |           -18.9 |
|          MinVVals |           -51.1 |
| TotalEnvInteracts |        1.08e+05 |
|            LossPi |        1.49e-08 |
|             LossV |             199 |
|       DeltaLossPi |         -0.0636 |
|        DeltaLossV |           -11.7 |
|                KL |         0.00904 |
|    BacktrackIters |               0 |
|              Time |             702 |
---------------------------------------
[32;1mAccepting new params at step 0 of line search.[0m
---------------------------------------
|             Epoch |              27 |
|      AverageEpRet |            -480 |
|          StdEpRet |            44.2 |
|          MaxEpRet |            -426 |
|          MinEpRet |            -541 |
|             EpLen |           1e+03 |
|      AverageVVals |           -44.5 |
|          StdVVals |            2.02 |
|          MaxVVals |           -28.1 |
|          MinVVals |           -51.6 |
| TotalEnvInteracts |        1.12e+05 |
|            LossPi |       -8.38e-09 |
|             LossV |             184 |
|       DeltaLossPi |         -0.0647 |
|        DeltaLossV |           -5.38 |
|                KL |         0.00905 |
|    BacktrackIters |               0 |
|              Time |             724 |
---------------------------------------
[32;1mAccepting new params at step 0 of line search.[0m
---------------------------------------
|             Epoch |              28 |
|      AverageEpRet |            -476 |
|          StdEpRet |            56.3 |
|          MaxEpRet |            -413 |
|          MinEpRet |            -547 |
|             EpLen |           1e+03 |
|      AverageVVals |           -44.5 |
|          StdVVals |            2.52 |
|          MaxVVals |           -19.2 |
|          MinVVals |           -51.4 |
| TotalEnvInteracts |        1.16e+05 |
|            LossPi |       -1.49e-08 |
|             LossV |             212 |
|       DeltaLossPi |         -0.0611 |
|        DeltaLossV |           -7.65 |
|                KL |         0.00903 |
|    BacktrackIters |               0 |
|              Time |             753 |
---------------------------------------
[32;1mAccepting new params at step 0 of line search.[0m
---------------------------------------
|             Epoch |              29 |
|      AverageEpRet |            -505 |
|          StdEpRet |            61.8 |
|          MaxEpRet |            -432 |
|          MinEpRet |            -566 |
|             EpLen |           1e+03 |
|      AverageVVals |           -43.6 |
|          StdVVals |            3.63 |
|          MaxVVals |           -26.1 |
|          MinVVals |           -51.2 |
| TotalEnvInteracts |         1.2e+05 |
|            LossPi |       -7.45e-09 |
|             LossV |             263 |
|       DeltaLossPi |          -0.061 |
|        DeltaLossV |           -11.3 |
|                KL |         0.00897 |
|    BacktrackIters |               0 |
|              Time |             779 |
---------------------------------------
[32;1mAccepting new params at step 0 of line search.[0m
---------------------------------------
|             Epoch |              30 |
|      AverageEpRet |            -518 |
|          StdEpRet |            70.6 |
|          MaxEpRet |            -436 |
|          MinEpRet |            -624 |
|             EpLen |           1e+03 |
|      AverageVVals |           -43.2 |
|          StdVVals |            4.21 |
|          MaxVVals |           -30.6 |
|          MinVVals |           -51.9 |
| TotalEnvInteracts |        1.24e+05 |
|            LossPi |               0 |
|             LossV |             258 |
|       DeltaLossPi |         -0.0614 |
|        DeltaLossV |           -13.2 |
|                KL |         0.00901 |
|    BacktrackIters |               0 |
|              Time |             805 |
---------------------------------------
[32;1mAccepting new params at step 0 of line search.[0m
---------------------------------------
|             Epoch |              31 |
|      AverageEpRet |            -451 |
|          StdEpRet |            56.5 |
|          MaxEpRet |            -362 |
|          MinEpRet |            -502 |
|             EpLen |           1e+03 |
|      AverageVVals |           -44.2 |
|          StdVVals |            2.16 |
|          MaxVVals |           -30.5 |
|          MinVVals |           -52.3 |
| TotalEnvInteracts |        1.28e+05 |
|            LossPi |        7.45e-09 |
|             LossV |             199 |
|       DeltaLossPi |         -0.0662 |
|        DeltaLossV |           -15.4 |
|                KL |         0.00908 |
|    BacktrackIters |               0 |
|              Time |             833 |
---------------------------------------
[32;1mAccepting new params at step 0 of line search.[0m
---------------------------------------
|             Epoch |              32 |
|      AverageEpRet |            -444 |
|          StdEpRet |            67.6 |
|          MaxEpRet |            -370 |
|          MinEpRet |            -549 |
|             EpLen |           1e+03 |
|      AverageVVals |             -41 |
|          StdVVals |            2.84 |
|          MaxVVals |           -17.8 |
|          MinVVals |           -51.6 |
| TotalEnvInteracts |        1.32e+05 |
|            LossPi |       -2.98e-08 |
|             LossV |             251 |
|       DeltaLossPi |         -0.0636 |
|        DeltaLossV |           -9.99 |
|                KL |         0.00907 |
|    BacktrackIters |               0 |
|              Time |             857 |
---------------------------------------
[32;1mAccepting new params at step 0 of line search.[0m
---------------------------------------
|             Epoch |              33 |
|      AverageEpRet |            -468 |
|          StdEpRet |            35.4 |
|          MaxEpRet |            -430 |
|          MinEpRet |            -515 |
|             EpLen |           1e+03 |
|      AverageVVals |           -39.4 |
|          StdVVals |            3.16 |
|          MaxVVals |           -6.33 |
|          MinVVals |           -51.4 |
| TotalEnvInteracts |        1.36e+05 |
|            LossPi |       -5.59e-09 |
|             LossV |             234 |
|       DeltaLossPi |         -0.0642 |
|        DeltaLossV |           -27.8 |
|                KL |          0.0091 |
|    BacktrackIters |               0 |
|              Time |             886 |
---------------------------------------
[32;1mAccepting new params at step 0 of line search.[0m
---------------------------------------
|             Epoch |              34 |
|      AverageEpRet |            -458 |
|          StdEpRet |            78.6 |
|          MaxEpRet |            -358 |
|          MinEpRet |            -540 |
|             EpLen |           1e+03 |
|      AverageVVals |           -43.7 |
|          StdVVals |            4.55 |
|          MaxVVals |            17.9 |
|          MinVVals |             -52 |
| TotalEnvInteracts |         1.4e+05 |
|            LossPi |        4.47e-08 |
|             LossV |             293 |
|       DeltaLossPi |         -0.0649 |
|        DeltaLossV |           -69.9 |
|                KL |         0.00909 |
|    BacktrackIters |               0 |
|              Time |             914 |
---------------------------------------
[32;1mAccepting new params at step 0 of line search.[0m
---------------------------------------
|             Epoch |              35 |
|      AverageEpRet |            -426 |
|          StdEpRet |            33.4 |
|          MaxEpRet |            -380 |
|          MinEpRet |            -468 |
|             EpLen |           1e+03 |
|      AverageVVals |           -37.2 |
|          StdVVals |            5.08 |
|          MaxVVals |           -22.5 |
|          MinVVals |           -51.7 |
| TotalEnvInteracts |        1.44e+05 |
|            LossPi |        1.49e-08 |
|             LossV |             210 |
|       DeltaLossPi |         -0.0658 |
|        DeltaLossV |           -9.35 |
|                KL |         0.00902 |
|    BacktrackIters |               0 |
|              Time |             943 |
---------------------------------------
[32;1mAccepting new params at step 0 of line search.[0m
---------------------------------------
|             Epoch |              36 |
|      AverageEpRet |            -387 |
|          StdEpRet |            39.1 |
|          MaxEpRet |            -332 |
|          MinEpRet |            -434 |
|             EpLen |           1e+03 |
|      AverageVVals |           -37.5 |
|          StdVVals |            4.32 |
|          MaxVVals |           -24.5 |
|          MinVVals |           -51.8 |
| TotalEnvInteracts |        1.48e+05 |
|            LossPi |       -2.42e-08 |
|             LossV |             175 |
|       DeltaLossPi |          -0.059 |
|        DeltaLossV |           -28.7 |
|                KL |         0.00896 |
|    BacktrackIters |               0 |
|              Time |             972 |
---------------------------------------
[32;1mAccepting new params at step 0 of line search.[0m
---------------------------------------
|             Epoch |              37 |
|      AverageEpRet |            -420 |
|          StdEpRet |            18.4 |
|          MaxEpRet |            -393 |
|          MinEpRet |            -443 |
|             EpLen |           1e+03 |
|      AverageVVals |           -34.5 |
|          StdVVals |            2.43 |
|          MaxVVals |           -13.1 |
|          MinVVals |           -47.5 |
| TotalEnvInteracts |        1.52e+05 |
|            LossPi |               0 |
|             LossV |             164 |
|       DeltaLossPi |         -0.0617 |
|        DeltaLossV |           -26.1 |
|                KL |         0.00903 |
|    BacktrackIters |               0 |
|              Time |             999 |
---------------------------------------
[32;1mAccepting new params at step 0 of line search.[0m
---------------------------------------
|             Epoch |              38 |
|      AverageEpRet |            -481 |
|          StdEpRet |            77.1 |
|          MaxEpRet |            -378 |
|          MinEpRet |            -591 |
|             EpLen |           1e+03 |
|      AverageVVals |           -39.3 |
|          StdVVals |            2.85 |
|          MaxVVals |           -1.81 |
|          MinVVals |           -50.6 |
| TotalEnvInteracts |        1.56e+05 |
|            LossPi |       -7.45e-09 |
|             LossV |             302 |
|       DeltaLossPi |         -0.0586 |
|        DeltaLossV |           -46.1 |
|                KL |           0.009 |
|    BacktrackIters |               0 |
|              Time |        1.03e+03 |
---------------------------------------
[32;1mAccepting new params at step 0 of line search.[0m
---------------------------------------
|             Epoch |              39 |
|      AverageEpRet |            -432 |
|          StdEpRet |            61.1 |
|          MaxEpRet |            -330 |
|          MinEpRet |            -479 |
|             EpLen |           1e+03 |
|      AverageVVals |           -41.9 |
|          StdVVals |            3.84 |
|          MaxVVals |            2.51 |
|          MinVVals |           -52.6 |
| TotalEnvInteracts |         1.6e+05 |
|            LossPi |       -2.61e-08 |
|             LossV |             237 |
|       DeltaLossPi |         -0.0619 |
|        DeltaLossV |             -28 |
|                KL |         0.00908 |
|    BacktrackIters |               0 |
|              Time |        1.05e+03 |
---------------------------------------
[32;1mAccepting new params at step 0 of line search.[0m
---------------------------------------
|             Epoch |              40 |
|      AverageEpRet |            -429 |
|          StdEpRet |            71.1 |
|          MaxEpRet |            -313 |
|          MinEpRet |            -506 |
|             EpLen |           1e+03 |
|      AverageVVals |           -36.9 |
|          StdVVals |            3.01 |
|          MaxVVals |           -21.8 |
|          MinVVals |           -51.9 |
| TotalEnvInteracts |        1.64e+05 |
|            LossPi |       -1.86e-09 |
|             LossV |             188 |
|       DeltaLossPi |           -0.06 |
|        DeltaLossV |           -15.5 |
|                KL |         0.00915 |
|    BacktrackIters |               0 |
|              Time |        1.08e+03 |
---------------------------------------
[32;1mAccepting new params at step 0 of line search.[0m
---------------------------------------
|             Epoch |              41 |
|      AverageEpRet |            -420 |
|          StdEpRet |            65.8 |
|          MaxEpRet |            -349 |
|          MinEpRet |            -516 |
|             EpLen |           1e+03 |
|      AverageVVals |           -40.3 |
|          StdVVals |            3.94 |
|          MaxVVals |            31.9 |
|          MinVVals |           -52.1 |
| TotalEnvInteracts |        1.68e+05 |
|            LossPi |       -1.49e-08 |
|             LossV |             304 |
|       DeltaLossPi |          -0.063 |
|        DeltaLossV |           -44.2 |
|                KL |         0.00895 |
|    BacktrackIters |               0 |
|              Time |         1.1e+03 |
---------------------------------------
[32;1mAccepting new params at step 0 of line search.[0m
---------------------------------------
|             Epoch |              42 |
|      AverageEpRet |            -293 |
|          StdEpRet |            40.7 |
|          MaxEpRet |            -263 |
|          MinEpRet |            -362 |
|             EpLen |           1e+03 |
|      AverageVVals |             -34 |
|          StdVVals |            5.18 |
|          MaxVVals |            -6.2 |
|          MinVVals |           -51.9 |
| TotalEnvInteracts |        1.72e+05 |
|            LossPi |       -3.73e-09 |
|             LossV |             217 |
|       DeltaLossPi |         -0.0618 |
|        DeltaLossV |           -67.8 |
|                KL |         0.00914 |
|    BacktrackIters |               0 |
|              Time |        1.13e+03 |
---------------------------------------
[32;1mAccepting new params at step 0 of line search.[0m
---------------------------------------
|             Epoch |              43 |
|      AverageEpRet |            -327 |
|          StdEpRet |            10.9 |
|          MaxEpRet |            -310 |
|          MinEpRet |            -340 |
|             EpLen |           1e+03 |
|      AverageVVals |           -27.8 |
|          StdVVals |            4.18 |
|          MaxVVals |           -2.44 |
|          MinVVals |             -48 |
| TotalEnvInteracts |        1.76e+05 |
|            LossPi |       -7.92e-09 |
|             LossV |             178 |
|       DeltaLossPi |         -0.0616 |
|        DeltaLossV |           -14.5 |
|                KL |         0.00904 |
|    BacktrackIters |               0 |
|              Time |        1.15e+03 |
---------------------------------------
[32;1mAccepting new params at step 0 of line search.[0m
---------------------------------------
|             Epoch |              44 |
|      AverageEpRet |            -329 |
|          StdEpRet |            22.9 |
|          MaxEpRet |            -302 |
|          MinEpRet |            -361 |
|             EpLen |           1e+03 |
|      AverageVVals |           -28.2 |
|          StdVVals |            4.03 |
|          MaxVVals |           -14.2 |
|          MinVVals |           -50.2 |
| TotalEnvInteracts |         1.8e+05 |
|            LossPi |        1.49e-08 |
|             LossV |             208 |
|       DeltaLossPi |         -0.0618 |
|        DeltaLossV |           -22.5 |
|                KL |         0.00904 |
|    BacktrackIters |               0 |
|              Time |        1.17e+03 |
---------------------------------------
[32;1mAccepting new params at step 0 of line search.[0m
---------------------------------------
|             Epoch |              45 |
|      AverageEpRet |            -316 |
|          StdEpRet |            14.2 |
|          MaxEpRet |            -297 |
|          MinEpRet |            -337 |
|             EpLen |           1e+03 |
|      AverageVVals |           -29.9 |
|          StdVVals |            3.95 |
|          MaxVVals |            11.7 |
|          MinVVals |           -47.4 |
| TotalEnvInteracts |        1.84e+05 |
|            LossPi |       -1.21e-08 |
|             LossV |             184 |
|       DeltaLossPi |         -0.0629 |
|        DeltaLossV |           -24.4 |
|                KL |         0.00911 |
|    BacktrackIters |               0 |
|              Time |        1.18e+03 |
---------------------------------------
[32;1mAccepting new params at step 0 of line search.[0m
---------------------------------------
|             Epoch |              46 |
|      AverageEpRet |            -329 |
|          StdEpRet |            60.7 |
|          MaxEpRet |            -261 |
|          MinEpRet |            -427 |
|             EpLen |           1e+03 |
|      AverageVVals |           -29.5 |
|          StdVVals |            3.61 |
|          MaxVVals |            2.41 |
|          MinVVals |           -42.4 |
| TotalEnvInteracts |        1.88e+05 |
|            LossPi |       -2.24e-08 |
|             LossV |             148 |
|       DeltaLossPi |         -0.0571 |
|        DeltaLossV |           -21.2 |
|                KL |         0.00912 |
|    BacktrackIters |               0 |
|              Time |        1.21e+03 |
---------------------------------------
[32;1mAccepting new params at step 0 of line search.[0m
---------------------------------------
|             Epoch |              47 |
|      AverageEpRet |            -353 |
|          StdEpRet |            43.9 |
|          MaxEpRet |            -316 |
|          MinEpRet |            -427 |
|             EpLen |           1e+03 |
|      AverageVVals |           -30.1 |
|          StdVVals |            3.13 |
|          MaxVVals |           -13.7 |
|          MinVVals |             -47 |
| TotalEnvInteracts |        1.92e+05 |
|            LossPi |       -3.73e-09 |
|             LossV |             209 |
|       DeltaLossPi |         -0.0609 |
|        DeltaLossV |           -22.4 |
|                KL |         0.00913 |
|    BacktrackIters |               0 |
|              Time |        1.23e+03 |
---------------------------------------
[32;1mAccepting new params at step 0 of line search.[0m
---------------------------------------
|             Epoch |              48 |
|      AverageEpRet |            -281 |
|          StdEpRet |            42.1 |
|          MaxEpRet |            -224 |
|          MinEpRet |            -336 |
|             EpLen |           1e+03 |
|      AverageVVals |           -29.2 |
|          StdVVals |            4.82 |
|          MaxVVals |             -18 |
|          MinVVals |           -50.4 |
| TotalEnvInteracts |        1.96e+05 |
|            LossPi |       -5.59e-09 |
|             LossV |             148 |
|       DeltaLossPi |         -0.0619 |
|        DeltaLossV |           -33.5 |
|                KL |         0.00909 |
|    BacktrackIters |               0 |
|              Time |        1.24e+03 |
---------------------------------------
[32;1mAccepting new params at step 0 of line search.[0m
---------------------------------------
|             Epoch |              49 |
|      AverageEpRet |            -290 |
|          StdEpRet |            57.5 |
|          MaxEpRet |            -205 |
|          MinEpRet |            -350 |
|             EpLen |           1e+03 |
|      AverageVVals |           -24.3 |
|          StdVVals |            4.62 |
|          MaxVVals |           -10.9 |
|          MinVVals |           -49.8 |
| TotalEnvInteracts |           2e+05 |
|            LossPi |        3.73e-09 |
|             LossV |             154 |
|       DeltaLossPi |         -0.0607 |
|        DeltaLossV |             -14 |
|                KL |          0.0091 |
|    BacktrackIters |               0 |
|              Time |        1.25e+03 |
---------------------------------------
