--------------------------------------------------------------------------
[[24121,1],0]: A high-performance Open MPI point-to-point messaging module
was unable to find any relevant network interfaces:

Module: OpenFabrics (openib)
  Host: GCRAZGDL0429

Another transport will be used instead, although this may result in
lower performance.

NOTE: You can disable this warning by setting the MCA parameter
btl_base_warn_component_unused to 0.
--------------------------------------------------------------------------
2022-04-15 04:17:55.842132: I tensorflow/core/platform/cpu_feature_guard.cc:142] Your CPU supports instructions that this TensorFlow binary was not compiled to use: AVX2 FMA
2022-04-15 04:17:55.847660: I tensorflow/core/platform/profile_utils/cpu_utils.cc:94] CPU Frequency: 2593990000 Hz
2022-04-15 04:17:55.848009: I tensorflow/compiler/xla/service/service.cc:168] XLA service 0x555ff8c44a30 initialized for platform Host (this does not guarantee that XLA will be used). Devices:
2022-04-15 04:17:55.848038: I tensorflow/compiler/xla/service/service.cc:176]   StreamExecutor device (0): Host, Default Version
Warning: Log dir exp/wtrpo_Walker2d-v3/wtrpo_Walker2d-v3_s2 already exists! Storing info there anyway.
[32;1mLogging data to exp/wtrpo_Walker2d-v3/wtrpo_Walker2d-v3_s2/progress.txt[0m
[36;1mSaving config:
[0m
{
    "ac_kwargs":	{
        "hidden_sizes":	[
            64,
            64
        ]
    },
    "actor_critic":	"mlp_actor_critic",
    "algo":	"trpo",
    "backtrack_coeff":	0.8,
    "backtrack_iters":	10,
    "cg_iters":	10,
    "damping_coeff":	0.1,
    "delta":	0.01,
    "env_fn":	"<function <lambda> at 0x7fa4c2155290>",
    "epochs":	50,
    "exp_name":	"wtrpo_Walker2d-v3",
    "gamma":	0.99,
    "lam":	0.97,
    "logger":	{
        "<spinup.utils.logx.EpochLogger object at 0x7fa4c20fcb10>":	{
            "epoch_dict":	{},
            "exp_name":	"wtrpo_Walker2d-v3",
            "first_row":	true,
            "log_current_row":	{},
            "log_headers":	[],
            "output_dir":	"exp/wtrpo_Walker2d-v3/wtrpo_Walker2d-v3_s2",
            "output_file":	{
                "<_io.TextIOWrapper name='exp/wtrpo_Walker2d-v3/wtrpo_Walker2d-v3_s2/progress.txt' mode='w' encoding='UTF-8'>":	{
                    "mode":	"w"
                }
            }
        }
    },
    "logger_kwargs":	{
        "exp_name":	"wtrpo_Walker2d-v3",
        "output_dir":	"exp/wtrpo_Walker2d-v3/wtrpo_Walker2d-v3_s2"
    },
    "max_ep_len":	1000,
    "save_freq":	10,
    "seed":	2,
    "steps_per_epoch":	4000,
    "train_v_iters":	80,
    "vf_lr":	0.001
}
[32;1m
Number of parameters: 	 pi: 5708, 	 v: 5377
[0m
Warning: trajectory cut off by epoch at 3 steps.
[32;1mLine search failed! Keeping old params.[0m
---------------------------------------
|             Epoch |               0 |
|      AverageEpRet |             5.3 |
|          StdEpRet |            5.03 |
|          MaxEpRet |            25.3 |
|          MinEpRet |           -5.53 |
|             EpLen |            25.3 |
|      AverageVVals |         -0.0646 |
|          StdVVals |           0.392 |
|          MaxVVals |            1.28 |
|          MinVVals |           -1.15 |
| TotalEnvInteracts |           4e+03 |
|            LossPi |        5.52e-08 |
|             LossV |              21 |
|       DeltaLossPi |       -1.91e-09 |
|        DeltaLossV |           -6.86 |
|                KL |        5.82e+04 |
|    BacktrackIters |               9 |
|              Time |            5.86 |
---------------------------------------
Warning: trajectory cut off by epoch at 4 steps.
[32;1mLine search failed! Keeping old params.[0m
---------------------------------------
|             Epoch |               1 |
|      AverageEpRet |            6.89 |
|          StdEpRet |            7.11 |
|          MaxEpRet |            42.2 |
|          MinEpRet |           -2.81 |
|             EpLen |            27.8 |
|      AverageVVals |            2.14 |
|          StdVVals |            1.26 |
|          MaxVVals |            5.24 |
|          MinVVals |           -1.24 |
| TotalEnvInteracts |           8e+03 |
|            LossPi |       -1.34e-08 |
|             LossV |            30.3 |
|       DeltaLossPi |       -4.77e-10 |
|        DeltaLossV |           -6.17 |
|                KL |        5.82e+04 |
|    BacktrackIters |               9 |
|              Time |            10.7 |
---------------------------------------
Warning: trajectory cut off by epoch at 1 steps.
[32;1mLine search failed! Keeping old params.[0m
---------------------------------------
|             Epoch |               2 |
|      AverageEpRet |             5.5 |
|          StdEpRet |            5.39 |
|          MaxEpRet |            23.2 |
|          MinEpRet |           -11.8 |
|             EpLen |            25.8 |
|      AverageVVals |            3.03 |
|          StdVVals |            2.53 |
|          MaxVVals |            9.71 |
|          MinVVals |           -5.97 |
| TotalEnvInteracts |         1.2e+04 |
|            LossPi |        1.65e-08 |
|             LossV |            15.7 |
|       DeltaLossPi |        1.43e-09 |
|        DeltaLossV |           -3.78 |
|                KL |        5.82e+04 |
|    BacktrackIters |               9 |
|              Time |            15.6 |
---------------------------------------
Warning: trajectory cut off by epoch at 16 steps.
[32;1mLine search failed! Keeping old params.[0m
---------------------------------------
|             Epoch |               3 |
|      AverageEpRet |            5.59 |
|          StdEpRet |            5.81 |
|          MaxEpRet |            31.8 |
|          MinEpRet |           -4.74 |
|             EpLen |              26 |
|      AverageVVals |             2.2 |
|          StdVVals |            2.58 |
|          MaxVVals |            8.36 |
|          MinVVals |           -9.16 |
| TotalEnvInteracts |         1.6e+04 |
|            LossPi |        1.53e-08 |
|             LossV |            14.6 |
|       DeltaLossPi |       -9.54e-10 |
|        DeltaLossV |           -2.17 |
|                KL |        5.82e+04 |
|    BacktrackIters |               9 |
|              Time |            20.3 |
---------------------------------------
Warning: trajectory cut off by epoch at 9 steps.
[32;1mLine search failed! Keeping old params.[0m
---------------------------------------
|             Epoch |               4 |
|      AverageEpRet |            6.34 |
|          StdEpRet |            6.63 |
|          MaxEpRet |            33.6 |
|          MinEpRet |           -6.88 |
|             EpLen |            27.1 |
|      AverageVVals |            2.31 |
|          StdVVals |            2.65 |
|          MaxVVals |            10.2 |
|          MinVVals |           -8.85 |
| TotalEnvInteracts |           2e+04 |
|            LossPi |       -1.66e-08 |
|             LossV |            21.1 |
|       DeltaLossPi |               0 |
|        DeltaLossV |           -3.93 |
|                KL |        5.82e+04 |
|    BacktrackIters |               9 |
|              Time |            25.1 |
---------------------------------------
Warning: trajectory cut off by epoch at 13 steps.
[32;1mLine search failed! Keeping old params.[0m
---------------------------------------
|             Epoch |               5 |
|      AverageEpRet |            6.08 |
|          StdEpRet |             6.6 |
|          MaxEpRet |            49.9 |
|          MinEpRet |           -7.76 |
|             EpLen |            26.9 |
|      AverageVVals |             2.9 |
|          StdVVals |             3.1 |
|          MaxVVals |            12.5 |
|          MinVVals |           -12.3 |
| TotalEnvInteracts |         2.4e+04 |
|            LossPi |       -3.52e-09 |
|             LossV |            18.6 |
|       DeltaLossPi |               0 |
|        DeltaLossV |           -3.32 |
|                KL |        5.82e+04 |
|    BacktrackIters |               9 |
|              Time |            29.7 |
---------------------------------------
Warning: trajectory cut off by epoch at 10 steps.
[32;1mLine search failed! Keeping old params.[0m
---------------------------------------
|             Epoch |               6 |
|      AverageEpRet |            6.35 |
|          StdEpRet |            7.72 |
|          MaxEpRet |            53.4 |
|          MinEpRet |           -7.79 |
|             EpLen |            27.1 |
|      AverageVVals |            2.84 |
|          StdVVals |            3.19 |
|          MaxVVals |            13.4 |
|          MinVVals |           -12.1 |
| TotalEnvInteracts |         2.8e+04 |
|            LossPi |        2.06e-08 |
|             LossV |            23.7 |
|       DeltaLossPi |        1.43e-09 |
|        DeltaLossV |           -5.13 |
|                KL |        5.82e+04 |
|    BacktrackIters |               9 |
|              Time |            34.3 |
---------------------------------------
Warning: trajectory cut off by epoch at 7 steps.
[32;1mLine search failed! Keeping old params.[0m
---------------------------------------
|             Epoch |               7 |
|      AverageEpRet |            5.61 |
|          StdEpRet |            5.69 |
|          MaxEpRet |            32.8 |
|          MinEpRet |           -3.19 |
|             EpLen |            25.4 |
|      AverageVVals |            2.58 |
|          StdVVals |            3.58 |
|          MaxVVals |            18.2 |
|          MinVVals |           -13.2 |
| TotalEnvInteracts |         3.2e+04 |
|            LossPi |        2.07e-08 |
|             LossV |              18 |
|       DeltaLossPi |        9.54e-10 |
|        DeltaLossV |           -4.78 |
|                KL |        5.82e+04 |
|    BacktrackIters |               9 |
|              Time |              39 |
---------------------------------------
Warning: trajectory cut off by epoch at 4 steps.
[32;1mLine search failed! Keeping old params.[0m
---------------------------------------
|             Epoch |               8 |
|      AverageEpRet |            6.08 |
|          StdEpRet |            6.62 |
|          MaxEpRet |            32.3 |
|          MinEpRet |           -9.25 |
|             EpLen |            26.6 |
|      AverageVVals |            2.76 |
|          StdVVals |            3.22 |
|          MaxVVals |            16.1 |
|          MinVVals |           -16.2 |
| TotalEnvInteracts |         3.6e+04 |
|            LossPi |        1.67e-08 |
|             LossV |              17 |
|       DeltaLossPi |       -4.77e-10 |
|        DeltaLossV |           -3.46 |
|                KL |        5.82e+04 |
|    BacktrackIters |               9 |
|              Time |            43.6 |
---------------------------------------
Warning: trajectory cut off by epoch at 9 steps.
[32;1mLine search failed! Keeping old params.[0m
---------------------------------------
|             Epoch |               9 |
|      AverageEpRet |            6.29 |
|          StdEpRet |            6.06 |
|          MaxEpRet |              28 |
|          MinEpRet |           -5.23 |
|             EpLen |            26.8 |
|      AverageVVals |            2.62 |
|          StdVVals |            3.11 |
|          MaxVVals |            12.4 |
|          MinVVals |           -15.6 |
| TotalEnvInteracts |           4e+04 |
|            LossPi |        2.86e-09 |
|             LossV |            13.6 |
|       DeltaLossPi |        2.15e-09 |
|        DeltaLossV |            -2.8 |
|                KL |        5.82e+04 |
|    BacktrackIters |               9 |
|              Time |            48.3 |
---------------------------------------
Warning: trajectory cut off by epoch at 4 steps.
[32;1mLine search failed! Keeping old params.[0m
---------------------------------------
|             Epoch |              10 |
|      AverageEpRet |            6.53 |
|          StdEpRet |            6.53 |
|          MaxEpRet |            29.1 |
|          MinEpRet |           -16.2 |
|             EpLen |            27.2 |
|      AverageVVals |            2.86 |
|          StdVVals |            3.24 |
|          MaxVVals |            15.2 |
|          MinVVals |           -14.4 |
| TotalEnvInteracts |         4.4e+04 |
|            LossPi |        7.39e-09 |
|             LossV |            17.2 |
|       DeltaLossPi |        7.15e-10 |
|        DeltaLossV |           -3.43 |
|                KL |        5.82e+04 |
|    BacktrackIters |               9 |
|              Time |            55.5 |
---------------------------------------
Warning: trajectory cut off by epoch at 10 steps.
[32;1mLine search failed! Keeping old params.[0m
---------------------------------------
|             Epoch |              11 |
|      AverageEpRet |            6.58 |
|          StdEpRet |            6.64 |
|          MaxEpRet |            42.1 |
|          MinEpRet |           -6.71 |
|             EpLen |            25.7 |
|      AverageVVals |            2.97 |
|          StdVVals |            3.26 |
|          MaxVVals |            13.7 |
|          MinVVals |           -11.3 |
| TotalEnvInteracts |         4.8e+04 |
|            LossPi |        1.93e-08 |
|             LossV |            19.2 |
|       DeltaLossPi |       -1.91e-09 |
|        DeltaLossV |            -3.6 |
|                KL |        5.82e+04 |
|    BacktrackIters |               9 |
|              Time |            63.4 |
---------------------------------------
Warning: trajectory cut off by epoch at 4 steps.
[32;1mLine search failed! Keeping old params.[0m
---------------------------------------
|             Epoch |              12 |
|      AverageEpRet |            6.71 |
|          StdEpRet |            6.37 |
|          MaxEpRet |            32.8 |
|          MinEpRet |           -5.71 |
|             EpLen |            27.6 |
|      AverageVVals |            3.28 |
|          StdVVals |            3.53 |
|          MaxVVals |            16.4 |
|          MinVVals |           -11.8 |
| TotalEnvInteracts |         5.2e+04 |
|            LossPi |        2.71e-08 |
|             LossV |              18 |
|       DeltaLossPi |       -1.67e-09 |
|        DeltaLossV |           -3.84 |
|                KL |        5.82e+04 |
|    BacktrackIters |               9 |
|              Time |            72.1 |
---------------------------------------
Warning: trajectory cut off by epoch at 17 steps.
[32;1mLine search failed! Keeping old params.[0m
---------------------------------------
|             Epoch |              13 |
|      AverageEpRet |            6.53 |
|          StdEpRet |            7.25 |
|          MaxEpRet |            39.9 |
|          MinEpRet |           -5.67 |
|             EpLen |            27.3 |
|      AverageVVals |            3.06 |
|          StdVVals |            3.65 |
|          MaxVVals |            17.5 |
|          MinVVals |           -11.7 |
| TotalEnvInteracts |         5.6e+04 |
|            LossPi |       -1.93e-08 |
|             LossV |            21.2 |
|       DeltaLossPi |       -1.19e-09 |
|        DeltaLossV |           -5.14 |
|                KL |        5.82e+04 |
|    BacktrackIters |               9 |
|              Time |            80.3 |
---------------------------------------
Warning: trajectory cut off by epoch at 21 steps.
[32;1mLine search failed! Keeping old params.[0m
---------------------------------------
|             Epoch |              14 |
|      AverageEpRet |            6.17 |
|          StdEpRet |            5.59 |
|          MaxEpRet |            30.4 |
|          MinEpRet |           -4.74 |
|             EpLen |            26.4 |
|      AverageVVals |            2.97 |
|          StdVVals |            3.65 |
|          MaxVVals |            15.9 |
|          MinVVals |           -12.8 |
| TotalEnvInteracts |           6e+04 |
|            LossPi |         3.7e-09 |
|             LossV |            16.2 |
|       DeltaLossPi |       -2.86e-09 |
|        DeltaLossV |           -4.79 |
|                KL |        5.82e+04 |
|    BacktrackIters |               9 |
|              Time |            89.1 |
---------------------------------------
Warning: trajectory cut off by epoch at 22 steps.
[32;1mLine search failed! Keeping old params.[0m
---------------------------------------
|             Epoch |              15 |
|      AverageEpRet |            6.37 |
|          StdEpRet |            5.77 |
|          MaxEpRet |            26.6 |
|          MinEpRet |           -5.42 |
|             EpLen |            27.2 |
|      AverageVVals |            2.36 |
|          StdVVals |            2.89 |
|          MaxVVals |            11.4 |
|          MinVVals |           -11.2 |
| TotalEnvInteracts |         6.4e+04 |
|            LossPi |        4.89e-09 |
|             LossV |            16.5 |
|       DeltaLossPi |               0 |
|        DeltaLossV |           -3.97 |
|                KL |        5.82e+04 |
|    BacktrackIters |               9 |
|              Time |            96.5 |
---------------------------------------
Warning: trajectory cut off by epoch at 27 steps.
[32;1mLine search failed! Keeping old params.[0m
---------------------------------------
|             Epoch |              16 |
|      AverageEpRet |            5.67 |
|          StdEpRet |            5.14 |
|          MaxEpRet |            23.3 |
|          MinEpRet |           -5.58 |
|             EpLen |            26.7 |
|      AverageVVals |            2.61 |
|          StdVVals |            2.66 |
|          MaxVVals |            14.1 |
|          MinVVals |           -10.1 |
| TotalEnvInteracts |         6.8e+04 |
|            LossPi |        3.77e-08 |
|             LossV |            12.2 |
|       DeltaLossPi |        4.77e-10 |
|        DeltaLossV |           -3.23 |
|                KL |        5.82e+04 |
|    BacktrackIters |               9 |
|              Time |             104 |
---------------------------------------
Warning: trajectory cut off by epoch at 16 steps.
[32;1mLine search failed! Keeping old params.[0m
---------------------------------------
|             Epoch |              17 |
|      AverageEpRet |             5.5 |
|          StdEpRet |            5.74 |
|          MaxEpRet |            27.7 |
|          MinEpRet |           -8.67 |
|             EpLen |            25.2 |
|      AverageVVals |            2.35 |
|          StdVVals |             3.2 |
|          MaxVVals |            14.3 |
|          MinVVals |           -14.6 |
| TotalEnvInteracts |         7.2e+04 |
|            LossPi |       -2.09e-08 |
|             LossV |            13.5 |
|       DeltaLossPi |        4.77e-10 |
|        DeltaLossV |           -3.12 |
|                KL |        5.82e+04 |
|    BacktrackIters |               9 |
|              Time |             113 |
---------------------------------------
Warning: trajectory cut off by epoch at 3 steps.
[32;1mLine search failed! Keeping old params.[0m
---------------------------------------
|             Epoch |              18 |
|      AverageEpRet |            6.66 |
|          StdEpRet |            6.55 |
|          MaxEpRet |            29.5 |
|          MinEpRet |           -7.75 |
|             EpLen |            26.8 |
|      AverageVVals |            2.49 |
|          StdVVals |            3.11 |
|          MaxVVals |              14 |
|          MinVVals |           -9.93 |
| TotalEnvInteracts |         7.6e+04 |
|            LossPi |        1.91e-08 |
|             LossV |            17.2 |
|       DeltaLossPi |       -1.91e-09 |
|        DeltaLossV |            -4.1 |
|                KL |        5.82e+04 |
|    BacktrackIters |               9 |
|              Time |             121 |
---------------------------------------
Warning: trajectory cut off by epoch at 14 steps.
[32;1mLine search failed! Keeping old params.[0m
---------------------------------------
|             Epoch |              19 |
|      AverageEpRet |             6.1 |
|          StdEpRet |            5.73 |
|          MaxEpRet |            30.7 |
|          MinEpRet |           -5.05 |
|             EpLen |            25.9 |
|      AverageVVals |            2.93 |
|          StdVVals |             3.2 |
|          MaxVVals |            15.1 |
|          MinVVals |           -9.92 |
| TotalEnvInteracts |           8e+04 |
|            LossPi |       -9.54e-09 |
|             LossV |            15.7 |
|       DeltaLossPi |               0 |
|        DeltaLossV |           -3.77 |
|                KL |        5.82e+04 |
|    BacktrackIters |               9 |
|              Time |             128 |
---------------------------------------
Warning: trajectory cut off by epoch at 14 steps.
[32;1mLine search failed! Keeping old params.[0m
---------------------------------------
|             Epoch |              20 |
|      AverageEpRet |               6 |
|          StdEpRet |            6.17 |
|          MaxEpRet |            33.3 |
|          MinEpRet |           -6.48 |
|             EpLen |            26.1 |
|      AverageVVals |            2.76 |
|          StdVVals |            2.86 |
|          MaxVVals |            13.6 |
|          MinVVals |           -10.4 |
| TotalEnvInteracts |         8.4e+04 |
|            LossPi |        7.99e-09 |
|             LossV |            15.9 |
|       DeltaLossPi |        1.07e-09 |
|        DeltaLossV |           -3.81 |
|                KL |        5.82e+04 |
|    BacktrackIters |               9 |
|              Time |             138 |
---------------------------------------
Warning: trajectory cut off by epoch at 12 steps.
[32;1mLine search failed! Keeping old params.[0m
---------------------------------------
|             Epoch |              21 |
|      AverageEpRet |            6.25 |
|          StdEpRet |            5.84 |
|          MaxEpRet |            33.1 |
|          MinEpRet |           -5.79 |
|             EpLen |            26.8 |
|      AverageVVals |            2.67 |
|          StdVVals |            3.35 |
|          MaxVVals |            19.2 |
|          MinVVals |           -11.6 |
| TotalEnvInteracts |         8.8e+04 |
|            LossPi |        1.43e-08 |
|             LossV |            15.7 |
|       DeltaLossPi |       -1.43e-09 |
|        DeltaLossV |           -3.48 |
|                KL |        5.82e+04 |
|    BacktrackIters |               9 |
|              Time |             148 |
---------------------------------------
Warning: trajectory cut off by epoch at 14 steps.
[32;1mLine search failed! Keeping old params.[0m
---------------------------------------
|             Epoch |              22 |
|      AverageEpRet |            6.17 |
|          StdEpRet |             5.4 |
|          MaxEpRet |              33 |
|          MinEpRet |           -4.45 |
|             EpLen |            26.4 |
|      AverageVVals |            2.84 |
|          StdVVals |            3.08 |
|          MaxVVals |            14.3 |
|          MinVVals |           -12.6 |
| TotalEnvInteracts |         9.2e+04 |
|            LossPi |       -2.62e-08 |
|             LossV |              14 |
|       DeltaLossPi |        1.31e-09 |
|        DeltaLossV |           -3.35 |
|                KL |        5.82e+04 |
|    BacktrackIters |               9 |
|              Time |             158 |
---------------------------------------
Warning: trajectory cut off by epoch at 14 steps.
[32;1mLine search failed! Keeping old params.[0m
---------------------------------------
|             Epoch |              23 |
|      AverageEpRet |            5.29 |
|          StdEpRet |             5.4 |
|          MaxEpRet |            25.8 |
|          MinEpRet |           -7.09 |
|             EpLen |            26.4 |
|      AverageVVals |            2.08 |
|          StdVVals |             3.1 |
|          MaxVVals |              13 |
|          MinVVals |           -14.9 |
| TotalEnvInteracts |         9.6e+04 |
|            LossPi |        9.06e-09 |
|             LossV |            13.6 |
|       DeltaLossPi |        1.43e-09 |
|        DeltaLossV |           -3.64 |
|                KL |        5.82e+04 |
|    BacktrackIters |               9 |
|              Time |             166 |
---------------------------------------
Warning: trajectory cut off by epoch at 3 steps.
[32;1mLine search failed! Keeping old params.[0m
---------------------------------------
|             Epoch |              24 |
|      AverageEpRet |            6.23 |
|          StdEpRet |            6.81 |
|          MaxEpRet |            31.2 |
|          MinEpRet |           -10.7 |
|             EpLen |            26.3 |
|      AverageVVals |            2.64 |
|          StdVVals |            2.95 |
|          MaxVVals |            13.9 |
|          MinVVals |           -12.4 |
| TotalEnvInteracts |           1e+05 |
|            LossPi |         1.5e-08 |
|             LossV |            19.8 |
|       DeltaLossPi |       -9.54e-10 |
|        DeltaLossV |            -4.5 |
|                KL |        5.82e+04 |
|    BacktrackIters |               9 |
|              Time |             175 |
---------------------------------------
Warning: trajectory cut off by epoch at 25 steps.
[32;1mLine search failed! Keeping old params.[0m
---------------------------------------
|             Epoch |              25 |
|      AverageEpRet |            6.66 |
|          StdEpRet |            6.11 |
|          MaxEpRet |            31.6 |
|          MinEpRet |           -6.69 |
|             EpLen |            26.9 |
|      AverageVVals |            2.87 |
|          StdVVals |            3.26 |
|          MaxVVals |            15.6 |
|          MinVVals |           -8.74 |
| TotalEnvInteracts |        1.04e+05 |
|            LossPi |        -1.1e-08 |
|             LossV |            16.2 |
|       DeltaLossPi |        2.38e-10 |
|        DeltaLossV |           -3.69 |
|                KL |        5.82e+04 |
|    BacktrackIters |               9 |
|              Time |             183 |
---------------------------------------
Warning: trajectory cut off by epoch at 24 steps.
[32;1mLine search failed! Keeping old params.[0m
---------------------------------------
|             Epoch |              26 |
|      AverageEpRet |            5.96 |
|          StdEpRet |            5.57 |
|          MaxEpRet |            27.4 |
|          MinEpRet |           -4.39 |
|             EpLen |            25.5 |
|      AverageVVals |            3.14 |
|          StdVVals |            3.41 |
|          MaxVVals |            14.9 |
|          MinVVals |           -15.4 |
| TotalEnvInteracts |        1.08e+05 |
|            LossPi |        1.28e-08 |
|             LossV |            14.3 |
|       DeltaLossPi |       -7.15e-10 |
|        DeltaLossV |           -3.99 |
|                KL |        5.82e+04 |
|    BacktrackIters |               9 |
|              Time |             192 |
---------------------------------------
Warning: trajectory cut off by epoch at 3 steps.
[32;1mLine search failed! Keeping old params.[0m
---------------------------------------
|             Epoch |              27 |
|      AverageEpRet |            6.54 |
|          StdEpRet |            6.16 |
|          MaxEpRet |            35.6 |
|          MinEpRet |           -2.35 |
|             EpLen |              26 |
|      AverageVVals |            3.02 |
|          StdVVals |            3.03 |
|          MaxVVals |            16.2 |
|          MinVVals |           -12.6 |
| TotalEnvInteracts |        1.12e+05 |
|            LossPi |        4.53e-09 |
|             LossV |              16 |
|       DeltaLossPi |       -7.15e-10 |
|        DeltaLossV |           -3.66 |
|                KL |        5.82e+04 |
|    BacktrackIters |               9 |
|              Time |             200 |
---------------------------------------
Warning: trajectory cut off by epoch at 19 steps.
[32;1mLine search failed! Keeping old params.[0m
---------------------------------------
|             Epoch |              28 |
|      AverageEpRet |            5.65 |
|          StdEpRet |            6.06 |
|          MaxEpRet |            29.6 |
|          MinEpRet |           -9.57 |
|             EpLen |            27.3 |
|      AverageVVals |            2.48 |
|          StdVVals |            3.42 |
|          MaxVVals |            16.5 |
|          MinVVals |           -14.7 |
| TotalEnvInteracts |        1.16e+05 |
|            LossPi |       -5.87e-09 |
|             LossV |            16.4 |
|       DeltaLossPi |       -1.43e-09 |
|        DeltaLossV |           -4.25 |
|                KL |        5.82e+04 |
|    BacktrackIters |               9 |
|              Time |             208 |
---------------------------------------
Warning: trajectory cut off by epoch at 17 steps.
[32;1mLine search failed! Keeping old params.[0m
---------------------------------------
|             Epoch |              29 |
|      AverageEpRet |            6.69 |
|          StdEpRet |            5.28 |
|          MaxEpRet |            26.7 |
|          MinEpRet |           -3.06 |
|             EpLen |            26.4 |
|      AverageVVals |            2.93 |
|          StdVVals |            3.36 |
|          MaxVVals |            18.3 |
|          MinVVals |           -13.8 |
| TotalEnvInteracts |         1.2e+05 |
|            LossPi |       -2.15e-08 |
|             LossV |            12.9 |
|       DeltaLossPi |       -1.67e-09 |
|        DeltaLossV |           -3.86 |
|                KL |        5.82e+04 |
|    BacktrackIters |               9 |
|              Time |             216 |
---------------------------------------
Warning: trajectory cut off by epoch at 2 steps.
[32;1mLine search failed! Keeping old params.[0m
---------------------------------------
|             Epoch |              30 |
|      AverageEpRet |            5.29 |
|          StdEpRet |            5.38 |
|          MaxEpRet |            23.2 |
|          MinEpRet |             -12 |
|             EpLen |            26.3 |
|      AverageVVals |            2.54 |
|          StdVVals |            2.83 |
|          MaxVVals |            12.3 |
|          MinVVals |           -13.4 |
| TotalEnvInteracts |        1.24e+05 |
|            LossPi |        2.15e-09 |
|             LossV |            13.5 |
|       DeltaLossPi |       -7.15e-10 |
|        DeltaLossV |           -3.56 |
|                KL |        5.82e+04 |
|    BacktrackIters |               9 |
|              Time |             225 |
---------------------------------------
Warning: trajectory cut off by epoch at 13 steps.
[32;1mLine search failed! Keeping old params.[0m
---------------------------------------
|             Epoch |              31 |
|      AverageEpRet |            6.72 |
|          StdEpRet |            6.14 |
|          MaxEpRet |            27.5 |
|          MinEpRet |           -6.13 |
|             EpLen |            26.9 |
|      AverageVVals |            2.63 |
|          StdVVals |            3.23 |
|          MaxVVals |            14.3 |
|          MinVVals |           -14.1 |
| TotalEnvInteracts |        1.28e+05 |
|            LossPi |        2.53e-08 |
|             LossV |            16.4 |
|       DeltaLossPi |       -4.77e-10 |
|        DeltaLossV |           -4.24 |
|                KL |        5.82e+04 |
|    BacktrackIters |               9 |
|              Time |             234 |
---------------------------------------
Warning: trajectory cut off by epoch at 15 steps.
[32;1mLine search failed! Keeping old params.[0m
---------------------------------------
|             Epoch |              32 |
|      AverageEpRet |             5.5 |
|          StdEpRet |            6.26 |
|          MaxEpRet |            30.8 |
|          MinEpRet |           -6.37 |
|             EpLen |            27.7 |
|      AverageVVals |            2.44 |
|          StdVVals |            3.51 |
|          MaxVVals |            15.5 |
|          MinVVals |           -13.5 |
| TotalEnvInteracts |        1.32e+05 |
|            LossPi |        2.36e-08 |
|             LossV |            16.5 |
|       DeltaLossPi |       -4.77e-10 |
|        DeltaLossV |           -4.32 |
|                KL |        5.82e+04 |
|    BacktrackIters |               9 |
|              Time |             244 |
---------------------------------------
Warning: trajectory cut off by epoch at 33 steps.
[32;1mLine search failed! Keeping old params.[0m
---------------------------------------
|             Epoch |              33 |
|      AverageEpRet |            5.94 |
|          StdEpRet |            6.35 |
|          MaxEpRet |            38.7 |
|          MinEpRet |           -12.4 |
|             EpLen |            26.8 |
|      AverageVVals |            2.27 |
|          StdVVals |             3.5 |
|          MaxVVals |            16.4 |
|          MinVVals |           -15.2 |
| TotalEnvInteracts |        1.36e+05 |
|            LossPi |       -4.53e-09 |
|             LossV |            19.2 |
|       DeltaLossPi |               0 |
|        DeltaLossV |           -5.09 |
|                KL |        5.82e+04 |
|    BacktrackIters |               9 |
|              Time |             253 |
---------------------------------------
Warning: trajectory cut off by epoch at 9 steps.
[32;1mLine search failed! Keeping old params.[0m
---------------------------------------
|             Epoch |              34 |
|      AverageEpRet |            6.09 |
|          StdEpRet |            6.22 |
|          MaxEpRet |            31.5 |
|          MinEpRet |           -6.44 |
|             EpLen |            26.4 |
|      AverageVVals |            2.47 |
|          StdVVals |            3.65 |
|          MaxVVals |              17 |
|          MinVVals |           -13.6 |
| TotalEnvInteracts |         1.4e+05 |
|            LossPi |        2.86e-09 |
|             LossV |            15.5 |
|       DeltaLossPi |       -9.54e-10 |
|        DeltaLossV |           -4.11 |
|                KL |        5.82e+04 |
|    BacktrackIters |               9 |
|              Time |             262 |
---------------------------------------
Warning: trajectory cut off by epoch at 4 steps.
[32;1mLine search failed! Keeping old params.[0m
---------------------------------------
|             Epoch |              35 |
|      AverageEpRet |             5.8 |
|          StdEpRet |            5.75 |
|          MaxEpRet |            27.9 |
|          MinEpRet |           -8.72 |
|             EpLen |            26.5 |
|      AverageVVals |            2.45 |
|          StdVVals |            3.22 |
|          MaxVVals |            16.9 |
|          MinVVals |           -10.4 |
| TotalEnvInteracts |        1.44e+05 |
|            LossPi |        1.43e-08 |
|             LossV |            16.6 |
|       DeltaLossPi |       -4.77e-10 |
|        DeltaLossV |           -4.07 |
|                KL |        5.82e+04 |
|    BacktrackIters |               9 |
|              Time |             269 |
---------------------------------------
Warning: trajectory cut off by epoch at 19 steps.
[32;1mLine search failed! Keeping old params.[0m
---------------------------------------
|             Epoch |              36 |
|      AverageEpRet |            6.75 |
|          StdEpRet |            7.07 |
|          MaxEpRet |            38.9 |
|          MinEpRet |           -10.7 |
|             EpLen |            26.9 |
|      AverageVVals |            2.65 |
|          StdVVals |            3.72 |
|          MaxVVals |            14.7 |
|          MinVVals |           -16.1 |
| TotalEnvInteracts |        1.48e+05 |
|            LossPi |        1.45e-08 |
|             LossV |            20.1 |
|       DeltaLossPi |        -6.2e-09 |
|        DeltaLossV |           -5.86 |
|                KL |        5.82e+04 |
|    BacktrackIters |               9 |
|              Time |             278 |
---------------------------------------
Warning: trajectory cut off by epoch at 9 steps.
[32;1mLine search failed! Keeping old params.[0m
---------------------------------------
|             Epoch |              37 |
|      AverageEpRet |            6.79 |
|          StdEpRet |            6.52 |
|          MaxEpRet |            26.7 |
|          MinEpRet |           -7.96 |
|             EpLen |            27.1 |
|      AverageVVals |            3.19 |
|          StdVVals |            3.76 |
|          MaxVVals |            19.4 |
|          MinVVals |           -9.58 |
| TotalEnvInteracts |        1.52e+05 |
|            LossPi |          -1e-08 |
|             LossV |            16.1 |
|       DeltaLossPi |       -9.54e-10 |
|        DeltaLossV |           -4.52 |
|                KL |        5.82e+04 |
|    BacktrackIters |               9 |
|              Time |             286 |
---------------------------------------
Warning: trajectory cut off by epoch at 9 steps.
[32;1mLine search failed! Keeping old params.[0m
---------------------------------------
|             Epoch |              38 |
|      AverageEpRet |            5.12 |
|          StdEpRet |            4.88 |
|          MaxEpRet |              28 |
|          MinEpRet |           -8.15 |
|             EpLen |            25.6 |
|      AverageVVals |               3 |
|          StdVVals |             3.1 |
|          MaxVVals |            16.5 |
|          MinVVals |             -11 |
| TotalEnvInteracts |        1.56e+05 |
|            LossPi |       -1.36e-08 |
|             LossV |            12.6 |
|       DeltaLossPi |        1.19e-09 |
|        DeltaLossV |           -4.26 |
|                KL |        5.82e+04 |
|    BacktrackIters |               9 |
|              Time |             292 |
---------------------------------------
Warning: trajectory cut off by epoch at 4 steps.
[32;1mLine search failed! Keeping old params.[0m
---------------------------------------
|             Epoch |              39 |
|      AverageEpRet |            6.74 |
|          StdEpRet |            6.29 |
|          MaxEpRet |            35.3 |
|          MinEpRet |           -11.4 |
|             EpLen |            26.6 |
|      AverageVVals |            2.51 |
|          StdVVals |            2.71 |
|          MaxVVals |            13.1 |
|          MinVVals |            -9.9 |
| TotalEnvInteracts |         1.6e+05 |
|            LossPi |       -1.43e-09 |
|             LossV |            17.2 |
|       DeltaLossPi |       -9.54e-10 |
|        DeltaLossV |           -5.04 |
|                KL |        5.82e+04 |
|    BacktrackIters |               9 |
|              Time |             299 |
---------------------------------------
[32;1mLine search failed! Keeping old params.[0m
---------------------------------------
|             Epoch |              40 |
|      AverageEpRet |            5.94 |
|          StdEpRet |            4.75 |
|          MaxEpRet |            19.7 |
|          MinEpRet |           -5.73 |
|             EpLen |            26.1 |
|      AverageVVals |            2.62 |
|          StdVVals |            3.33 |
|          MaxVVals |            17.6 |
|          MinVVals |           -11.9 |
| TotalEnvInteracts |        1.64e+05 |
|            LossPi |       -1.86e-08 |
|             LossV |            13.1 |
|       DeltaLossPi |        9.54e-10 |
|        DeltaLossV |           -3.91 |
|                KL |        5.82e+04 |
|    BacktrackIters |               9 |
|              Time |             307 |
---------------------------------------
Warning: trajectory cut off by epoch at 7 steps.
[32;1mLine search failed! Keeping old params.[0m
---------------------------------------
|             Epoch |              41 |
|      AverageEpRet |            7.18 |
|          StdEpRet |            6.19 |
|          MaxEpRet |            34.3 |
|          MinEpRet |           -4.34 |
|             EpLen |            27.9 |
|      AverageVVals |            2.83 |
|          StdVVals |            2.71 |
|          MaxVVals |            13.6 |
|          MinVVals |           -12.4 |
| TotalEnvInteracts |        1.68e+05 |
|            LossPi |        6.32e-09 |
|             LossV |            17.7 |
|       DeltaLossPi |       -9.54e-10 |
|        DeltaLossV |           -3.85 |
|                KL |        5.82e+04 |
|    BacktrackIters |               9 |
|              Time |             317 |
---------------------------------------
Warning: trajectory cut off by epoch at 10 steps.
[32;1mLine search failed! Keeping old params.[0m
---------------------------------------
|             Epoch |              42 |
|      AverageEpRet |            6.34 |
|          StdEpRet |            6.31 |
|          MaxEpRet |              40 |
|          MinEpRet |           -6.28 |
|             EpLen |            26.8 |
|      AverageVVals |            2.96 |
|          StdVVals |            3.34 |
|          MaxVVals |            12.9 |
|          MinVVals |           -12.5 |
| TotalEnvInteracts |        1.72e+05 |
|            LossPi |        3.46e-08 |
|             LossV |            16.3 |
|       DeltaLossPi |        1.43e-09 |
|        DeltaLossV |            -4.1 |
|                KL |        5.82e+04 |
|    BacktrackIters |               9 |
|              Time |             325 |
---------------------------------------
Warning: trajectory cut off by epoch at 19 steps.
[32;1mLine search failed! Keeping old params.[0m
---------------------------------------
|             Epoch |              43 |
|      AverageEpRet |            6.21 |
|          StdEpRet |            6.17 |
|          MaxEpRet |            32.6 |
|          MinEpRet |           -8.75 |
|             EpLen |            26.2 |
|      AverageVVals |            2.64 |
|          StdVVals |            3.33 |
|          MaxVVals |            17.2 |
|          MinVVals |           -8.31 |
| TotalEnvInteracts |        1.76e+05 |
|            LossPi |       -4.77e-09 |
|             LossV |            15.8 |
|       DeltaLossPi |        9.54e-10 |
|        DeltaLossV |           -4.07 |
|                KL |        5.82e+04 |
|    BacktrackIters |               9 |
|              Time |             334 |
---------------------------------------
Warning: trajectory cut off by epoch at 17 steps.
[32;1mLine search failed! Keeping old params.[0m
---------------------------------------
|             Epoch |              44 |
|      AverageEpRet |            5.98 |
|          StdEpRet |            5.56 |
|          MaxEpRet |            27.7 |
|          MinEpRet |           -5.16 |
|             EpLen |            27.3 |
|      AverageVVals |            2.67 |
|          StdVVals |            3.29 |
|          MaxVVals |            18.4 |
|          MinVVals |           -13.3 |
| TotalEnvInteracts |         1.8e+05 |
|            LossPi |        2.05e-08 |
|             LossV |              13 |
|       DeltaLossPi |        9.54e-10 |
|        DeltaLossV |           -3.36 |
|                KL |        5.82e+04 |
|    BacktrackIters |               9 |
|              Time |             342 |
---------------------------------------
Warning: trajectory cut off by epoch at 3 steps.
[32;1mLine search failed! Keeping old params.[0m
---------------------------------------
|             Epoch |              45 |
|      AverageEpRet |            6.31 |
|          StdEpRet |            5.75 |
|          MaxEpRet |            30.6 |
|          MinEpRet |           -7.54 |
|             EpLen |            26.3 |
|      AverageVVals |            2.67 |
|          StdVVals |            3.02 |
|          MaxVVals |            14.3 |
|          MinVVals |           -15.1 |
| TotalEnvInteracts |        1.84e+05 |
|            LossPi |       -3.81e-09 |
|             LossV |            11.8 |
|       DeltaLossPi |        3.34e-09 |
|        DeltaLossV |           -2.36 |
|                KL |        5.82e+04 |
|    BacktrackIters |               9 |
|              Time |             350 |
---------------------------------------
Warning: trajectory cut off by epoch at 3 steps.
[32;1mLine search failed! Keeping old params.[0m
---------------------------------------
|             Epoch |              46 |
|      AverageEpRet |             6.2 |
|          StdEpRet |             6.3 |
|          MaxEpRet |            30.3 |
|          MinEpRet |           -15.8 |
|             EpLen |            26.3 |
|      AverageVVals |            2.62 |
|          StdVVals |            3.12 |
|          MaxVVals |            14.9 |
|          MinVVals |             -20 |
| TotalEnvInteracts |        1.88e+05 |
|            LossPi |        3.81e-09 |
|             LossV |            16.9 |
|       DeltaLossPi |               0 |
|        DeltaLossV |           -4.11 |
|                KL |        5.82e+04 |
|    BacktrackIters |               9 |
|              Time |             359 |
---------------------------------------
Warning: trajectory cut off by epoch at 20 steps.
[32;1mLine search failed! Keeping old params.[0m
---------------------------------------
|             Epoch |              47 |
|      AverageEpRet |            5.93 |
|          StdEpRet |            6.35 |
|          MaxEpRet |            31.9 |
|          MinEpRet |             -13 |
|             EpLen |            26.5 |
|      AverageVVals |            2.77 |
|          StdVVals |            3.11 |
|          MaxVVals |            14.9 |
|          MinVVals |           -16.8 |
| TotalEnvInteracts |        1.92e+05 |
|            LossPi |        1.22e-08 |
|             LossV |              17 |
|       DeltaLossPi |               0 |
|        DeltaLossV |           -4.03 |
|                KL |        5.82e+04 |
|    BacktrackIters |               9 |
|              Time |             367 |
---------------------------------------
Warning: trajectory cut off by epoch at 14 steps.
[32;1mLine search failed! Keeping old params.[0m
---------------------------------------
|             Epoch |              48 |
|      AverageEpRet |            5.99 |
|          StdEpRet |            5.27 |
|          MaxEpRet |            27.2 |
|          MinEpRet |           -5.73 |
|             EpLen |            25.2 |
|      AverageVVals |            2.95 |
|          StdVVals |            3.39 |
|          MaxVVals |            16.9 |
|          MinVVals |           -17.7 |
| TotalEnvInteracts |        1.96e+05 |
|            LossPi |        9.54e-09 |
|             LossV |            12.9 |
|       DeltaLossPi |       -9.54e-10 |
|        DeltaLossV |           -3.74 |
|                KL |        5.82e+04 |
|    BacktrackIters |               9 |
|              Time |             376 |
---------------------------------------
Warning: trajectory cut off by epoch at 14 steps.
[32;1mLine search failed! Keeping old params.[0m
---------------------------------------
|             Epoch |              49 |
|      AverageEpRet |             6.8 |
|          StdEpRet |            6.51 |
|          MaxEpRet |            25.8 |
|          MinEpRet |           -5.02 |
|             EpLen |            26.6 |
|      AverageVVals |            2.59 |
|          StdVVals |            3.37 |
|          MaxVVals |              14 |
|          MinVVals |           -16.6 |
| TotalEnvInteracts |           2e+05 |
|            LossPi |        4.53e-09 |
|             LossV |            17.2 |
|       DeltaLossPi |        1.43e-09 |
|        DeltaLossV |           -4.69 |
|                KL |        5.82e+04 |
|    BacktrackIters |               9 |
|              Time |             384 |
---------------------------------------
