--------------------------------------------------------------------------
[[20318,1],0]: A high-performance Open MPI point-to-point messaging module
was unable to find any relevant network interfaces:

Module: OpenFabrics (openib)
  Host: GCRAZGDL0429

Another transport will be used instead, although this may result in
lower performance.

NOTE: You can disable this warning by setting the MCA parameter
btl_base_warn_component_unused to 0.
--------------------------------------------------------------------------
--------------------------------------------------------------------------
[[20395,1],0]: A high-performance Open MPI point-to-point messaging module
was unable to find any relevant network interfaces:

Module: OpenFabrics (openib)
  Host: GCRAZGDL0429

Another transport will be used instead, although this may result in
lower performance.

NOTE: You can disable this warning by setting the MCA parameter
btl_base_warn_component_unused to 0.
--------------------------------------------------------------------------
Warning: Log dir exp/trpo_CartPole-v1/trpo_CartPole-v1_s3 already exists! Storing info there anyway.
[32;1mLogging data to exp/trpo_CartPole-v1/trpo_CartPole-v1_s3/progress.txt[0m
[36;1mSaving config:
[0m
{
    "ac_kwargs":	{
        "hidden_sizes":	[
            64,
            64
        ]
    },
    "actor_critic":	"mlp_actor_critic",
    "algo":	"trpo",
    "backtrack_coeff":	0.8,
    "backtrack_iters":	10,
    "cg_iters":	10,
    "damping_coeff":	0.1,
    "delta":	0.01,
    "env_fn":	"<function <lambda> at 0x7f2dfaf034d0>",
    "epochs":	50,
    "exp_name":	"trpo_CartPole-v1",
    "gamma":	0.99,
    "lam":	0.97,
    "logger":	{
        "<spinup.utils.logx.EpochLogger object at 0x7f2dfaea3490>":	{
            "epoch_dict":	{},
            "exp_name":	"trpo_CartPole-v1",
            "first_row":	true,
            "log_current_row":	{},
            "log_headers":	[],
            "output_dir":	"exp/trpo_CartPole-v1/trpo_CartPole-v1_s3",
            "output_file":	{
                "<_io.TextIOWrapper name='exp/trpo_CartPole-v1/trpo_CartPole-v1_s3/progress.txt' mode='w' encoding='UTF-8'>":	{
                    "mode":	"w"
                }
            }
        }
    },
    "logger_kwargs":	{
        "exp_name":	"trpo_CartPole-v1",
        "output_dir":	"exp/trpo_CartPole-v1/trpo_CartPole-v1_s3"
    },
    "max_ep_len":	1000,
    "save_freq":	10,
    "seed":	3,
    "steps_per_epoch":	4000,
    "train_v_iters":	80,
    "vf_lr":	0.001
}
[32;1m
Number of parameters: 	 pi: 4610, 	 v: 4545
[0m
[GCRAZGDL0429:18310] 3 more processes have sent help message help-mpi-btl-base.txt / btl:no-nics
[GCRAZGDL0429:18310] Set MCA parameter "orte_base_help_aggregate" to 0 to see all help / error messages
2022-04-12 03:21:53.708778: I tensorflow/core/platform/cpu_feature_guard.cc:142] Your CPU supports instructions that this TensorFlow binary was not compiled to use: AVX2 FMA
2022-04-12 03:21:53.723645: I tensorflow/core/platform/cpu_feature_guard.cc:142] Your CPU supports instructions that this TensorFlow binary was not compiled to use: AVX2 FMA
2022-04-12 03:21:53.781171: I tensorflow/core/platform/profile_utils/cpu_utils.cc:94] CPU Frequency: 2593990000 Hz
2022-04-12 03:21:53.786443: I tensorflow/compiler/xla/service/service.cc:168] XLA service 0x55c677e2ce20 initialized for platform Host (this does not guarantee that XLA will be used). Devices:
2022-04-12 03:21:53.786556: I tensorflow/compiler/xla/service/service.cc:176]   StreamExecutor device (0): Host, Default Version
2022-04-12 03:21:53.802333: I tensorflow/core/platform/profile_utils/cpu_utils.cc:94] CPU Frequency: 2593990000 Hz
2022-04-12 03:21:53.813712: I tensorflow/compiler/xla/service/service.cc:168] XLA service 0x55a5665af710 initialized for platform Host (this does not guarantee that XLA will be used). Devices:
2022-04-12 03:21:53.813743: I tensorflow/compiler/xla/service/service.cc:176]   StreamExecutor device (0): Host, Default Version
2022-04-12 03:21:54.066194: I tensorflow/core/platform/cpu_feature_guard.cc:142] Your CPU supports instructions that this TensorFlow binary was not compiled to use: AVX2 FMA
2022-04-12 03:21:54.089149: I tensorflow/core/platform/profile_utils/cpu_utils.cc:94] CPU Frequency: 2593990000 Hz
2022-04-12 03:21:54.109742: I tensorflow/compiler/xla/service/service.cc:168] XLA service 0x5615e54c2320 initialized for platform Host (this does not guarantee that XLA will be used). Devices:
2022-04-12 03:21:54.109781: I tensorflow/compiler/xla/service/service.cc:176]   StreamExecutor device (0): Host, Default Version
2022-04-12 03:21:54.201624: I tensorflow/core/platform/cpu_feature_guard.cc:142] Your CPU supports instructions that this TensorFlow binary was not compiled to use: AVX2 FMA
2022-04-12 03:21:54.253957: I tensorflow/core/platform/profile_utils/cpu_utils.cc:94] CPU Frequency: 2593990000 Hz
2022-04-12 03:21:54.254366: I tensorflow/compiler/xla/service/service.cc:168] XLA service 0x558df462d190 initialized for platform Host (this does not guarantee that XLA will be used). Devices:
2022-04-12 03:21:54.254391: I tensorflow/compiler/xla/service/service.cc:176]   StreamExecutor device (0): Host, Default Version
Warning: trajectory cut off by epoch at 31 steps.
Warning: trajectory cut off by epoch at 12 steps.
Warning: trajectory cut off by epoch at 8 steps.
[32;1mAccepting new params at step 0 of line search.[0m
---------------------------------------
|             Epoch |               0 |
|      AverageEpRet |            28.2 |
|          StdEpRet |            15.3 |
|          MaxEpRet |              90 |
|          MinEpRet |               9 |
|             EpLen |            28.2 |
|      AverageVVals |        -0.00473 |
|          StdVVals |          0.0815 |
|          MaxVVals |            0.26 |
|          MinVVals |          -0.319 |
| TotalEnvInteracts |           4e+03 |
|            LossPi |       -1.68e-08 |
|             LossV |             396 |
|       DeltaLossPi |         -0.0178 |
|        DeltaLossV |            -219 |
|                KL |         0.00807 |
|    BacktrackIters |               0 |
|              Time |            24.1 |
---------------------------------------
Warning: trajectory cut off by epoch at 35 steps.
Warning: trajectory cut off by epoch at 26 steps.
Warning: trajectory cut off by epoch at 40 steps.
Warning: trajectory cut off by epoch at 17 steps.
[32;1mAccepting new params at step 0 of line search.[0m
---------------------------------------
|             Epoch |               1 |
|      AverageEpRet |            29.9 |
|          StdEpRet |            15.6 |
|          MaxEpRet |             106 |
|          MinEpRet |              10 |
|             EpLen |            29.9 |
|      AverageVVals |            9.34 |
|          StdVVals |            1.53 |
|          MaxVVals |            13.2 |
|          MinVVals |           -1.89 |
| TotalEnvInteracts |           8e+03 |
|            LossPi |        6.71e-08 |
|             LossV |             198 |
|       DeltaLossPi |         -0.0216 |
|        DeltaLossV |           -75.7 |
|                KL |         0.00802 |
|    BacktrackIters |               0 |
|              Time |            59.7 |
---------------------------------------
Warning: trajectory cut off by epoch at 33 steps.
Warning: trajectory cut off by epoch at 16 steps.
Warning: trajectory cut off by epoch at 21 steps.
[32;1mAccepting new params at step 0 of line search.[0m
---------------------------------------
|             Epoch |               2 |
|      AverageEpRet |            42.7 |
|          StdEpRet |            27.2 |
|          MaxEpRet |             154 |
|          MinEpRet |              11 |
|             EpLen |            42.7 |
|      AverageVVals |            16.7 |
|          StdVVals |             2.6 |
|          MaxVVals |            19.5 |
|          MinVVals |           -4.49 |
| TotalEnvInteracts |         1.2e+04 |
|            LossPi |               0 |
|             LossV |             331 |
|       DeltaLossPi |         -0.0184 |
|        DeltaLossV |           -69.3 |
|                KL |         0.00753 |
|    BacktrackIters |               0 |
|              Time |            83.5 |
---------------------------------------
Warning: trajectory cut off by epoch at 35 steps.
Warning: trajectory cut off by epoch at 28 steps.
Warning: trajectory cut off by epoch at 3 steps.
Warning: trajectory cut off by epoch at 34 steps.
[32;1mAccepting new params at step 0 of line search.[0m
---------------------------------------
|             Epoch |               3 |
|      AverageEpRet |            57.4 |
|          StdEpRet |              40 |
|          MaxEpRet |             225 |
|          MinEpRet |              10 |
|             EpLen |            57.4 |
|      AverageVVals |            22.6 |
|          StdVVals |            4.06 |
|          MaxVVals |            25.1 |
|          MinVVals |           -9.29 |
| TotalEnvInteracts |         1.6e+04 |
|            LossPi |         1.3e-08 |
|             LossV |             464 |
|       DeltaLossPi |         -0.0239 |
|        DeltaLossV |           -75.8 |
|                KL |         0.00779 |
|    BacktrackIters |               0 |
|              Time |             118 |
---------------------------------------
Warning: trajectory cut off by epoch at 133 steps.
Warning: trajectory cut off by epoch at 20 steps.
Warning: trajectory cut off by epoch at 83 steps.
Warning: trajectory cut off by epoch at 11 steps.
[32;1mAccepting new params at step 0 of line search.[0m
---------------------------------------
|             Epoch |               4 |
|      AverageEpRet |            98.8 |
|          StdEpRet |            54.1 |
|          MaxEpRet |             239 |
|          MinEpRet |              25 |
|             EpLen |            98.8 |
|      AverageVVals |              28 |
|          StdVVals |            8.13 |
|          MaxVVals |            31.4 |
|          MinVVals |           -29.6 |
| TotalEnvInteracts |           2e+04 |
|            LossPi |       -1.86e-08 |
|             LossV |             754 |
|       DeltaLossPi |         -0.0172 |
|        DeltaLossV |            -241 |
|                KL |         0.00722 |
|    BacktrackIters |               0 |
|              Time |             152 |
---------------------------------------
Warning: trajectory cut off by epoch at 161 steps.
Warning: trajectory cut off by epoch at 8 steps.
Warning: trajectory cut off by epoch at 151 steps.
Warning: trajectory cut off by epoch at 40 steps.
[32;1mAccepting new params at step 0 of line search.[0m
---------------------------------------
|             Epoch |               5 |
|      AverageEpRet |             152 |
|          StdEpRet |            81.6 |
|          MaxEpRet |             380 |
|          MinEpRet |              14 |
|             EpLen |             152 |
|      AverageVVals |            37.7 |
|          StdVVals |            4.17 |
|          MaxVVals |            39.7 |
|          MinVVals |            13.8 |
| TotalEnvInteracts |         2.4e+04 |
|            LossPi |       -7.45e-09 |
|             LossV |             830 |
|       DeltaLossPi |         -0.0136 |
|        DeltaLossV |            -293 |
|                KL |         0.00667 |
|    BacktrackIters |               0 |
|              Time |             175 |
---------------------------------------
Warning: trajectory cut off by epoch at 85 steps.
Warning: trajectory cut off by epoch at 181 steps.
Warning: trajectory cut off by epoch at 73 steps.
Warning: trajectory cut off by epoch at 103 steps.
[32;1mAccepting new params at step 0 of line search.[0m
---------------------------------------
|             Epoch |               6 |
|      AverageEpRet |             237 |
|          StdEpRet |              65 |
|          MaxEpRet |             393 |
|          MinEpRet |             145 |
|             EpLen |             237 |
|      AverageVVals |            45.1 |
|          StdVVals |            8.89 |
|          MaxVVals |            49.6 |
|          MinVVals |            9.18 |
| TotalEnvInteracts |         2.8e+04 |
|            LossPi |       -7.64e-08 |
|             LossV |             715 |
|       DeltaLossPi |         -0.0147 |
|        DeltaLossV |            -287 |
|                KL |         0.00839 |
|    BacktrackIters |               0 |
|              Time |             210 |
---------------------------------------
Warning: trajectory cut off by epoch at 35 steps.
Warning: trajectory cut off by epoch at 52 steps.
Warning: trajectory cut off by epoch at 152 steps.
Warning: trajectory cut off by epoch at 156 steps.
[32;1mAccepting new params at step 0 of line search.[0m
---------------------------------------
|             Epoch |               7 |
|      AverageEpRet |             240 |
|          StdEpRet |            75.3 |
|          MaxEpRet |             499 |
|          MinEpRet |             174 |
|             EpLen |             240 |
|      AverageVVals |            51.3 |
|          StdVVals |              13 |
|          MaxVVals |            58.3 |
|          MinVVals |            12.5 |
| TotalEnvInteracts |         3.2e+04 |
|            LossPi |        5.96e-08 |
|             LossV |             434 |
|       DeltaLossPi |        -0.00973 |
|        DeltaLossV |            -160 |
|                KL |         0.00859 |
|    BacktrackIters |               0 |
|              Time |             232 |
---------------------------------------
Warning: trajectory cut off by epoch at 18 steps.
Warning: trajectory cut off by epoch at 67 steps.
Warning: trajectory cut off by epoch at 248 steps.
Warning: trajectory cut off by epoch at 119 steps.
[32;1mAccepting new params at step 0 of line search.[0m
---------------------------------------
|             Epoch |               8 |
|      AverageEpRet |             273 |
|          StdEpRet |            80.9 |
|          MaxEpRet |             500 |
|          MinEpRet |             178 |
|             EpLen |             273 |
|      AverageVVals |            55.4 |
|          StdVVals |            15.4 |
|          MaxVVals |            64.5 |
|          MinVVals |            9.33 |
| TotalEnvInteracts |         3.6e+04 |
|            LossPi |        1.86e-08 |
|             LossV |             375 |
|       DeltaLossPi |        -0.00713 |
|        DeltaLossV |            -118 |
|                KL |         0.00841 |
|    BacktrackIters |               0 |
|              Time |             258 |
---------------------------------------
Warning: trajectory cut off by epoch at 138 steps.
Warning: trajectory cut off by epoch at 246 steps.
Warning: trajectory cut off by epoch at 275 steps.
Warning: trajectory cut off by epoch at 445 steps.
[32;1mAccepting new params at step 0 of line search.[0m
---------------------------------------
|             Epoch |               9 |
|      AverageEpRet |             362 |
|          StdEpRet |            85.1 |
|          MaxEpRet |             475 |
|          MinEpRet |             227 |
|             EpLen |             362 |
|      AverageVVals |            60.4 |
|          StdVVals |            15.2 |
|          MaxVVals |            69.7 |
|          MinVVals |            9.99 |
| TotalEnvInteracts |           4e+04 |
|            LossPi |       -2.61e-08 |
|             LossV |             504 |
|       DeltaLossPi |        -0.00697 |
|        DeltaLossV |            -208 |
|                KL |         0.00637 |
|    BacktrackIters |               0 |
|              Time |             293 |
---------------------------------------
Warning: trajectory cut off by epoch at 68 steps.
Warning: trajectory cut off by epoch at 42 steps.
Warning: trajectory cut off by epoch at 178 steps.
[32;1mAccepting new params at step 0 of line search.[0m
---------------------------------------
|             Epoch |              10 |
|      AverageEpRet |             412 |
|          StdEpRet |            87.3 |
|          MaxEpRet |             500 |
|          MinEpRet |             273 |
|             EpLen |             412 |
|      AverageVVals |            69.8 |
|          StdVVals |            13.7 |
|          MaxVVals |            75.3 |
|          MinVVals |            8.85 |
| TotalEnvInteracts |         4.4e+04 |
|            LossPi |       -4.66e-09 |
|             LossV |             323 |
|       DeltaLossPi |        -0.00645 |
|        DeltaLossV |           -68.8 |
|                KL |          0.0092 |
|    BacktrackIters |               0 |
|              Time |             328 |
---------------------------------------
Warning: trajectory cut off by epoch at 38 steps.
[32;1mAccepting new params at step 0 of line search.[0m
---------------------------------------
|             Epoch |              11 |
|      AverageEpRet |             495 |
|          StdEpRet |            12.6 |
|          MaxEpRet |             500 |
|          MinEpRet |             462 |
|             EpLen |             495 |
|      AverageVVals |            77.5 |
|          StdVVals |            8.19 |
|          MaxVVals |            79.2 |
|          MinVVals |            14.3 |
| TotalEnvInteracts |         4.8e+04 |
|            LossPi |        2.79e-09 |
|             LossV |             569 |
|       DeltaLossPi |        -0.00395 |
|        DeltaLossV |           -49.3 |
|                KL |         0.00839 |
|    BacktrackIters |               0 |
|              Time |             349 |
---------------------------------------
Warning: trajectory cut off by epoch at 2 steps.
Warning: trajectory cut off by epoch at 77 steps.
[32;1mAccepting new params at step 0 of line search.[0m
---------------------------------------
|             Epoch |              12 |
|      AverageEpRet |             436 |
|          StdEpRet |             122 |
|          MaxEpRet |             500 |
|          MinEpRet |             160 |
|             EpLen |             436 |
|      AverageVVals |              72 |
|          StdVVals |            17.5 |
|          MaxVVals |            80.5 |
|          MinVVals |            7.94 |
| TotalEnvInteracts |         5.2e+04 |
|            LossPi |        2.61e-08 |
|             LossV |             528 |
|       DeltaLossPi |        -0.00502 |
|        DeltaLossV |           -75.6 |
|                KL |         0.00871 |
|    BacktrackIters |               0 |
|              Time |             376 |
---------------------------------------
Warning: trajectory cut off by epoch at 63 steps.
Warning: trajectory cut off by epoch at 258 steps.
Warning: trajectory cut off by epoch at 256 steps.
Warning: trajectory cut off by epoch at 345 steps.
[32;1mAccepting new params at step 0 of line search.[0m
---------------------------------------
|             Epoch |              13 |
|      AverageEpRet |             385 |
|          StdEpRet |              98 |
|          MaxEpRet |             500 |
|          MinEpRet |             244 |
|             EpLen |             385 |
|      AverageVVals |            74.5 |
|          StdVVals |            18.1 |
|          MaxVVals |            81.7 |
|          MinVVals |             5.9 |
| TotalEnvInteracts |         5.6e+04 |
|            LossPi |       -1.49e-08 |
|             LossV |             239 |
|       DeltaLossPi |        -0.00425 |
|        DeltaLossV |           -62.9 |
|                KL |         0.00655 |
|    BacktrackIters |               0 |
|              Time |             402 |
---------------------------------------
Warning: trajectory cut off by epoch at 239 steps.
Warning: trajectory cut off by epoch at 298 steps.
Warning: trajectory cut off by epoch at 329 steps.
Warning: trajectory cut off by epoch at 84 steps.
[32;1mAccepting new params at step 0 of line search.[0m
---------------------------------------
|             Epoch |              14 |
|      AverageEpRet |             339 |
|          StdEpRet |              99 |
|          MaxEpRet |             500 |
|          MinEpRet |             155 |
|             EpLen |             339 |
|      AverageVVals |            69.8 |
|          StdVVals |            20.4 |
|          MaxVVals |            84.5 |
|          MinVVals |             7.2 |
| TotalEnvInteracts |           6e+04 |
|            LossPi |       -5.59e-09 |
|             LossV |             231 |
|       DeltaLossPi |         -0.0134 |
|        DeltaLossV |           -65.8 |
|                KL |         0.00837 |
|    BacktrackIters |               0 |
|              Time |             433 |
---------------------------------------
Warning: trajectory cut off by epoch at 213 steps.
Warning: trajectory cut off by epoch at 352 steps.
Warning: trajectory cut off by epoch at 380 steps.
[32;1mAccepting new params at step 0 of line search.[0m
---------------------------------------
|             Epoch |              15 |
|      AverageEpRet |             382 |
|          StdEpRet |            95.4 |
|          MaxEpRet |             500 |
|          MinEpRet |             274 |
|             EpLen |             382 |
|      AverageVVals |            82.1 |
|          StdVVals |            10.9 |
|          MaxVVals |            86.1 |
|          MinVVals |            9.01 |
| TotalEnvInteracts |         6.4e+04 |
|            LossPi |        5.59e-09 |
|             LossV |             594 |
|       DeltaLossPi |        -0.00708 |
|        DeltaLossV |           -99.4 |
|                KL |         0.00921 |
|    BacktrackIters |               0 |
|              Time |             468 |
---------------------------------------
[32;1mAccepting new params at step 0 of line search.[0m
---------------------------------------
|             Epoch |              16 |
|      AverageEpRet |             500 |
|          StdEpRet |               0 |
|          MaxEpRet |             500 |
|          MinEpRet |             500 |
|             EpLen |             500 |
|      AverageVVals |            81.4 |
|          StdVVals |            6.67 |
|          MaxVVals |            85.7 |
|          MinVVals |            43.7 |
| TotalEnvInteracts |         6.8e+04 |
|            LossPi |        3.73e-09 |
|             LossV |             548 |
|       DeltaLossPi |        -0.00448 |
|        DeltaLossV |           -40.5 |
|                KL |         0.00873 |
|    BacktrackIters |               0 |
|              Time |             501 |
---------------------------------------
[32;1mAccepting new params at step 0 of line search.[0m
---------------------------------------
|             Epoch |              17 |
|      AverageEpRet |             500 |
|          StdEpRet |               0 |
|          MaxEpRet |             500 |
|          MinEpRet |             500 |
|             EpLen |             500 |
|      AverageVVals |            81.6 |
|          StdVVals |            5.99 |
|          MaxVVals |            84.9 |
|          MinVVals |            47.7 |
| TotalEnvInteracts |         7.2e+04 |
|            LossPi |        4.42e-09 |
|             LossV |             672 |
|       DeltaLossPi |        -0.00447 |
|        DeltaLossV |            -130 |
|                KL |         0.00843 |
|    BacktrackIters |               0 |
|              Time |             534 |
---------------------------------------
Warning: trajectory cut off by epoch at 49 steps.
Warning: trajectory cut off by epoch at 239 steps.
[32;1mAccepting new params at step 0 of line search.[0m
---------------------------------------
|             Epoch |              18 |
|      AverageEpRet |             464 |
|          StdEpRet |            58.3 |
|          MaxEpRet |             500 |
|          MinEpRet |             323 |
|             EpLen |             464 |
|      AverageVVals |            80.6 |
|          StdVVals |            4.37 |
|          MaxVVals |              84 |
|          MinVVals |            70.5 |
| TotalEnvInteracts |         7.6e+04 |
|            LossPi |        3.96e-09 |
|             LossV |             530 |
|       DeltaLossPi |        -0.00959 |
|        DeltaLossV |           -82.3 |
|                KL |          0.0086 |
|    BacktrackIters |               0 |
|              Time |             561 |
---------------------------------------
[32;1mAccepting new params at step 0 of line search.[0m
---------------------------------------
|             Epoch |              19 |
|      AverageEpRet |             500 |
|          StdEpRet |               0 |
|          MaxEpRet |             500 |
|          MinEpRet |             500 |
|             EpLen |             500 |
|      AverageVVals |            76.5 |
|          StdVVals |            8.94 |
|          MaxVVals |              84 |
|          MinVVals |            38.7 |
| TotalEnvInteracts |           8e+04 |
|            LossPi |        2.79e-09 |
|             LossV |             565 |
|       DeltaLossPi |        -0.00612 |
|        DeltaLossV |            -191 |
|                KL |         0.00844 |
|    BacktrackIters |               0 |
|              Time |             583 |
---------------------------------------
Warning: trajectory cut off by epoch at 239 steps.
Warning: trajectory cut off by epoch at 134 steps.
Warning: trajectory cut off by epoch at 98 steps.
[32;1mAccepting new params at step 0 of line search.[0m
---------------------------------------
|             Epoch |              20 |
|      AverageEpRet |             441 |
|          StdEpRet |            84.4 |
|          MaxEpRet |             500 |
|          MinEpRet |             261 |
|             EpLen |             441 |
|      AverageVVals |            80.9 |
|          StdVVals |            12.6 |
|          MaxVVals |            86.3 |
|          MinVVals |            10.4 |
| TotalEnvInteracts |         8.4e+04 |
|            LossPi |        3.73e-09 |
|             LossV |             433 |
|       DeltaLossPi |        -0.00472 |
|        DeltaLossV |           -78.7 |
|                KL |         0.00864 |
|    BacktrackIters |               0 |
|              Time |             620 |
---------------------------------------
[32;1mAccepting new params at step 0 of line search.[0m
---------------------------------------
|             Epoch |              21 |
|      AverageEpRet |             500 |
|          StdEpRet |               0 |
|          MaxEpRet |             500 |
|          MinEpRet |             500 |
|             EpLen |             500 |
|      AverageVVals |            85.7 |
|          StdVVals |            2.61 |
|          MaxVVals |              87 |
|          MinVVals |            72.6 |
| TotalEnvInteracts |         8.8e+04 |
|            LossPi |        2.79e-09 |
|             LossV |             603 |
|       DeltaLossPi |        -0.00223 |
|        DeltaLossV |           -96.8 |
|                KL |          0.0051 |
|    BacktrackIters |               0 |
|              Time |             646 |
---------------------------------------
Warning: trajectory cut off by epoch at 143 steps.
Warning: trajectory cut off by epoch at 132 steps.
Warning: trajectory cut off by epoch at 278 steps.
[32;1mAccepting new params at step 0 of line search.[0m
---------------------------------------
|             Epoch |              22 |
|      AverageEpRet |             431 |
|          StdEpRet |            98.1 |
|          MaxEpRet |             500 |
|          MinEpRet |             222 |
|             EpLen |             431 |
|      AverageVVals |            73.9 |
|          StdVVals |            17.5 |
|          MaxVVals |            85.6 |
|          MinVVals |            4.86 |
| TotalEnvInteracts |         9.2e+04 |
|            LossPi |        1.12e-08 |
|             LossV |             489 |
|       DeltaLossPi |        -0.00532 |
|        DeltaLossV |            -124 |
|                KL |          0.0087 |
|    BacktrackIters |               0 |
|              Time |             682 |
---------------------------------------
Warning: trajectory cut off by epoch at 191 steps.
Warning: trajectory cut off by epoch at 134 steps.
[32;1mAccepting new params at step 0 of line search.[0m
---------------------------------------
|             Epoch |              23 |
|      AverageEpRet |             459 |
|          StdEpRet |            71.8 |
|          MaxEpRet |             500 |
|          MinEpRet |             309 |
|             EpLen |             459 |
|      AverageVVals |            76.3 |
|          StdVVals |            14.1 |
|          MaxVVals |              87 |
|          MinVVals |            15.2 |
| TotalEnvInteracts |         9.6e+04 |
|            LossPi |       -2.05e-08 |
|             LossV |             420 |
|       DeltaLossPi |        -0.00895 |
|        DeltaLossV |            -119 |
|                KL |         0.00913 |
|    BacktrackIters |               0 |
|              Time |             708 |
---------------------------------------
[32;1mAccepting new params at step 0 of line search.[0m
---------------------------------------
|             Epoch |              24 |
|      AverageEpRet |             500 |
|          StdEpRet |               0 |
|          MaxEpRet |             500 |
|          MinEpRet |             500 |
|             EpLen |             500 |
|      AverageVVals |            84.1 |
|          StdVVals |            5.52 |
|          MaxVVals |            88.2 |
|          MinVVals |            62.6 |
| TotalEnvInteracts |           1e+05 |
|            LossPi |        4.19e-09 |
|             LossV |             562 |
|       DeltaLossPi |        -0.00443 |
|        DeltaLossV |           -79.3 |
|                KL |         0.00728 |
|    BacktrackIters |               0 |
|              Time |             741 |
---------------------------------------
Warning: trajectory cut off by epoch at 69 steps.
Warning: trajectory cut off by epoch at 111 steps.
[32;1mAccepting new params at step 0 of line search.[0m
---------------------------------------
|             Epoch |              25 |
|      AverageEpRet |             478 |
|          StdEpRet |            40.4 |
|          MaxEpRet |             500 |
|          MinEpRet |             389 |
|             EpLen |             478 |
|      AverageVVals |            80.3 |
|          StdVVals |            10.5 |
|          MaxVVals |            88.3 |
|          MinVVals |            4.96 |
| TotalEnvInteracts |        1.04e+05 |
|            LossPi |       -3.73e-09 |
|             LossV |             465 |
|       DeltaLossPi |        -0.00437 |
|        DeltaLossV |           -69.7 |
|                KL |         0.00984 |
|    BacktrackIters |               0 |
|              Time |             772 |
---------------------------------------
[32;1mAccepting new params at step 0 of line search.[0m
---------------------------------------
|             Epoch |              26 |
|      AverageEpRet |             500 |
|          StdEpRet |               0 |
|          MaxEpRet |             500 |
|          MinEpRet |             500 |
|             EpLen |             500 |
|      AverageVVals |            82.4 |
|          StdVVals |            6.59 |
|          MaxVVals |            89.5 |
|          MinVVals |            66.4 |
| TotalEnvInteracts |        1.08e+05 |
|            LossPi |        9.31e-10 |
|             LossV |             585 |
|       DeltaLossPi |        -0.00264 |
|        DeltaLossV |           -62.5 |
|                KL |         0.00856 |
|    BacktrackIters |               0 |
|              Time |             806 |
---------------------------------------
Warning: trajectory cut off by epoch at 16 steps.
Warning: trajectory cut off by epoch at 212 steps.
Warning: trajectory cut off by epoch at 193 steps.
[32;1mAccepting new params at step 0 of line search.[0m
---------------------------------------
|             Epoch |              27 |
|      AverageEpRet |             447 |
|          StdEpRet |            57.5 |
|          MaxEpRet |             500 |
|          MinEpRet |             347 |
|             EpLen |             447 |
|      AverageVVals |            77.9 |
|          StdVVals |            15.4 |
|          MaxVVals |            87.3 |
|          MinVVals |            11.7 |
| TotalEnvInteracts |        1.12e+05 |
|            LossPi |       -6.52e-09 |
|             LossV |             196 |
|       DeltaLossPi |        -0.00376 |
|        DeltaLossV |            -135 |
|                KL |         0.00513 |
|    BacktrackIters |               0 |
|              Time |             839 |
---------------------------------------
Warning: trajectory cut off by epoch at 34 steps.
Warning: trajectory cut off by epoch at 227 steps.
Warning: trajectory cut off by epoch at 90 steps.
[32;1mAccepting new params at step 0 of line search.[0m
---------------------------------------
|             Epoch |              28 |
|      AverageEpRet |             456 |
|          StdEpRet |            45.8 |
|          MaxEpRet |             500 |
|          MinEpRet |             369 |
|             EpLen |             456 |
|      AverageVVals |            79.4 |
|          StdVVals |            20.2 |
|          MaxVVals |              91 |
|          MinVVals |            10.4 |
| TotalEnvInteracts |        1.16e+05 |
|            LossPi |        3.73e-09 |
|             LossV |            90.4 |
|       DeltaLossPi |         -0.0061 |
|        DeltaLossV |           -44.7 |
|                KL |         0.00881 |
|    BacktrackIters |               0 |
|              Time |             871 |
---------------------------------------
Warning: trajectory cut off by epoch at 259 steps.
Warning: trajectory cut off by epoch at 76 steps.
Warning: trajectory cut off by epoch at 115 steps.
Warning: trajectory cut off by epoch at 207 steps.
[32;1mAccepting new params at step 0 of line search.[0m
---------------------------------------
|             Epoch |              29 |
|      AverageEpRet |             418 |
|          StdEpRet |            70.5 |
|          MaxEpRet |             500 |
|          MinEpRet |             295 |
|             EpLen |             418 |
|      AverageVVals |            69.8 |
|          StdVVals |            34.5 |
|          MaxVVals |            92.8 |
|          MinVVals |           -6.89 |
| TotalEnvInteracts |         1.2e+05 |
|            LossPi |       -7.45e-09 |
|             LossV |             392 |
|       DeltaLossPi |        -0.00845 |
|        DeltaLossV |            -354 |
|                KL |         0.00792 |
|    BacktrackIters |               0 |
|              Time |             891 |
---------------------------------------
Warning: trajectory cut off by epoch at 31 steps.
Warning: trajectory cut off by epoch at 69 steps.
Warning: trajectory cut off by epoch at 75 steps.
[32;1mAccepting new params at step 0 of line search.[0m
---------------------------------------
|             Epoch |              30 |
|      AverageEpRet |             478 |
|          StdEpRet |            30.7 |
|          MaxEpRet |             500 |
|          MinEpRet |             425 |
|             EpLen |             478 |
|      AverageVVals |            80.8 |
|          StdVVals |            17.8 |
|          MaxVVals |            93.1 |
|          MinVVals |            12.5 |
| TotalEnvInteracts |        1.24e+05 |
|            LossPi |        1.12e-08 |
|             LossV |             232 |
|       DeltaLossPi |        -0.00483 |
|        DeltaLossV |           -26.5 |
|                KL |         0.00687 |
|    BacktrackIters |               0 |
|              Time |             932 |
---------------------------------------
Warning: trajectory cut off by epoch at 22 steps.
Warning: trajectory cut off by epoch at 234 steps.
[32;1mAccepting new params at step 0 of line search.[0m
---------------------------------------
|             Epoch |              31 |
|      AverageEpRet |             468 |
|          StdEpRet |            54.7 |
|          MaxEpRet |             500 |
|          MinEpRet |             337 |
|             EpLen |             468 |
|      AverageVVals |            74.6 |
|          StdVVals |            22.8 |
|          MaxVVals |            93.3 |
|          MinVVals |            9.75 |
| TotalEnvInteracts |        1.28e+05 |
|            LossPi |       -7.45e-09 |
|             LossV |             152 |
|       DeltaLossPi |        -0.00518 |
|        DeltaLossV |           -59.5 |
|                KL |         0.00835 |
|    BacktrackIters |               0 |
|              Time |             963 |
---------------------------------------
[32;1mAccepting new params at step 0 of line search.[0m
---------------------------------------
|             Epoch |              32 |
|      AverageEpRet |             500 |
|          StdEpRet |               0 |
|          MaxEpRet |             500 |
|          MinEpRet |             500 |
|             EpLen |             500 |
|      AverageVVals |            91.3 |
|          StdVVals |            5.55 |
|          MaxVVals |            94.9 |
|          MinVVals |            59.5 |
| TotalEnvInteracts |        1.32e+05 |
|            LossPi |        1.86e-08 |
|             LossV |             590 |
|       DeltaLossPi |        -0.00389 |
|        DeltaLossV |            -218 |
|                KL |         0.00976 |
|    BacktrackIters |               0 |
|              Time |           1e+03 |
---------------------------------------
Warning: trajectory cut off by epoch at 28 steps.
Warning: trajectory cut off by epoch at 99 steps.
Warning: trajectory cut off by epoch at 15 steps.
[32;1mAccepting new params at step 0 of line search.[0m
---------------------------------------
|             Epoch |              33 |
|      AverageEpRet |             482 |
|          StdEpRet |            22.6 |
|          MaxEpRet |             500 |
|          MinEpRet |             432 |
|             EpLen |             482 |
|      AverageVVals |            76.4 |
|          StdVVals |            20.9 |
|          MaxVVals |            92.2 |
|          MinVVals |            8.35 |
| TotalEnvInteracts |        1.36e+05 |
|            LossPi |       -1.86e-08 |
|             LossV |             199 |
|       DeltaLossPi |        -0.00478 |
|        DeltaLossV |           -32.8 |
|                KL |         0.00712 |
|    BacktrackIters |               0 |
|              Time |        1.04e+03 |
---------------------------------------
Warning: trajectory cut off by epoch at 190 steps.
Warning: trajectory cut off by epoch at 7 steps.
Warning: trajectory cut off by epoch at 8 steps.
Warning: trajectory cut off by epoch at 93 steps.
[32;1mAccepting new params at step 0 of line search.[0m
---------------------------------------
|             Epoch |              34 |
|      AverageEpRet |             463 |
|          StdEpRet |            53.7 |
|          MaxEpRet |             500 |
|          MinEpRet |             338 |
|             EpLen |             463 |
|      AverageVVals |            78.1 |
|          StdVVals |            21.9 |
|          MaxVVals |            93.2 |
|          MinVVals |            7.96 |
| TotalEnvInteracts |         1.4e+05 |
|            LossPi |       -1.12e-08 |
|             LossV |            80.5 |
|       DeltaLossPi |        -0.00441 |
|        DeltaLossV |           -4.62 |
|                KL |         0.00844 |
|    BacktrackIters |               0 |
|              Time |        1.08e+03 |
---------------------------------------
Warning: trajectory cut off by epoch at 77 steps.
Warning: trajectory cut off by epoch at 271 steps.
[32;1mAccepting new params at step 0 of line search.[0m
---------------------------------------
|             Epoch |              35 |
|      AverageEpRet |             456 |
|          StdEpRet |            59.6 |
|          MaxEpRet |             500 |
|          MinEpRet |             343 |
|             EpLen |             456 |
|      AverageVVals |            84.7 |
|          StdVVals |            17.9 |
|          MaxVVals |            94.6 |
|          MinVVals |            7.93 |
| TotalEnvInteracts |        1.44e+05 |
|            LossPi |       -1.49e-08 |
|             LossV |             259 |
|       DeltaLossPi |        -0.00464 |
|        DeltaLossV |           -46.5 |
|                KL |         0.00923 |
|    BacktrackIters |               0 |
|              Time |        1.11e+03 |
---------------------------------------
[32;1mAccepting new params at step 0 of line search.[0m
---------------------------------------
|             Epoch |              36 |
|      AverageEpRet |             500 |
|          StdEpRet |               0 |
|          MaxEpRet |             500 |
|          MinEpRet |             500 |
|             EpLen |             500 |
|      AverageVVals |            80.1 |
|          StdVVals |            18.5 |
|          MaxVVals |            92.7 |
|          MinVVals |            19.5 |
| TotalEnvInteracts |        1.48e+05 |
|            LossPi |        1.86e-09 |
|             LossV |             310 |
|       DeltaLossPi |        -0.00718 |
|        DeltaLossV |           -48.1 |
|                KL |         0.00809 |
|    BacktrackIters |               0 |
|              Time |        1.14e+03 |
---------------------------------------
[32;1mAccepting new params at step 0 of line search.[0m
---------------------------------------
|             Epoch |              37 |
|      AverageEpRet |             500 |
|          StdEpRet |               0 |
|          MaxEpRet |             500 |
|          MinEpRet |             500 |
|             EpLen |             500 |
|      AverageVVals |            82.9 |
|          StdVVals |            13.8 |
|          MaxVVals |            92.1 |
|          MinVVals |              28 |
| TotalEnvInteracts |        1.52e+05 |
|            LossPi |       -3.73e-09 |
|             LossV |             282 |
|       DeltaLossPi |        -0.00314 |
|        DeltaLossV |             -61 |
|                KL |         0.00613 |
|    BacktrackIters |               0 |
|              Time |        1.16e+03 |
---------------------------------------
[32;1mAccepting new params at step 0 of line search.[0m
---------------------------------------
|             Epoch |              38 |
|      AverageEpRet |             500 |
|          StdEpRet |               0 |
|          MaxEpRet |             500 |
|          MinEpRet |             500 |
|             EpLen |             500 |
|      AverageVVals |            76.4 |
|          StdVVals |            16.5 |
|          MaxVVals |            94.6 |
|          MinVVals |            26.2 |
| TotalEnvInteracts |        1.56e+05 |
|            LossPi |        1.12e-08 |
|             LossV |             297 |
|       DeltaLossPi |        -0.00694 |
|        DeltaLossV |           -25.8 |
|                KL |         0.00939 |
|    BacktrackIters |               0 |
|              Time |        1.19e+03 |
---------------------------------------
[32;1mAccepting new params at step 0 of line search.[0m
---------------------------------------
|             Epoch |              39 |
|      AverageEpRet |             500 |
|          StdEpRet |               0 |
|          MaxEpRet |             500 |
|          MinEpRet |             500 |
|             EpLen |             500 |
|      AverageVVals |              89 |
|          StdVVals |            8.08 |
|          MaxVVals |            96.4 |
|          MinVVals |            63.2 |
| TotalEnvInteracts |         1.6e+05 |
|            LossPi |        7.45e-09 |
|             LossV |             531 |
|       DeltaLossPi |        -0.00294 |
|        DeltaLossV |            -130 |
|                KL |          0.0064 |
|    BacktrackIters |               0 |
|              Time |        1.22e+03 |
---------------------------------------
[32;1mAccepting new params at step 0 of line search.[0m
---------------------------------------
|             Epoch |              40 |
|      AverageEpRet |             500 |
|          StdEpRet |               0 |
|          MaxEpRet |             500 |
|          MinEpRet |             500 |
|             EpLen |             500 |
|      AverageVVals |            61.8 |
|          StdVVals |            30.1 |
|          MaxVVals |            96.3 |
|          MinVVals |          -0.207 |
| TotalEnvInteracts |        1.64e+05 |
|            LossPi |       -8.57e-08 |
|             LossV |             711 |
|       DeltaLossPi |        -0.00779 |
|        DeltaLossV |            -493 |
|                KL |         0.00937 |
|    BacktrackIters |               0 |
|              Time |        1.24e+03 |
---------------------------------------
[32;1mAccepting new params at step 0 of line search.[0m
---------------------------------------
|             Epoch |              41 |
|      AverageEpRet |             500 |
|          StdEpRet |               0 |
|          MaxEpRet |             500 |
|          MinEpRet |             500 |
|             EpLen |             500 |
|      AverageVVals |            82.6 |
|          StdVVals |            23.3 |
|          MaxVVals |            97.5 |
|          MinVVals |            3.51 |
| TotalEnvInteracts |        1.68e+05 |
|            LossPi |       -1.49e-08 |
|             LossV |             600 |
|       DeltaLossPi |        -0.00412 |
|        DeltaLossV |            -193 |
|                KL |         0.00872 |
|    BacktrackIters |               0 |
|              Time |        1.26e+03 |
---------------------------------------
[32;1mAccepting new params at step 0 of line search.[0m
---------------------------------------
|             Epoch |              42 |
|      AverageEpRet |             500 |
|          StdEpRet |               0 |
|          MaxEpRet |             500 |
|          MinEpRet |             500 |
|             EpLen |             500 |
|      AverageVVals |            82.3 |
|          StdVVals |            14.8 |
|          MaxVVals |            92.5 |
|          MinVVals |            8.28 |
| TotalEnvInteracts |        1.72e+05 |
|            LossPi |        1.12e-08 |
|             LossV |             514 |
|       DeltaLossPi |         -0.0054 |
|        DeltaLossV |           -50.6 |
|                KL |         0.00986 |
|    BacktrackIters |               0 |
|              Time |        1.28e+03 |
---------------------------------------
[32;1mAccepting new params at step 0 of line search.[0m
---------------------------------------
|             Epoch |              43 |
|      AverageEpRet |             500 |
|          StdEpRet |               0 |
|          MaxEpRet |             500 |
|          MinEpRet |             500 |
|             EpLen |             500 |
|      AverageVVals |            75.3 |
|          StdVVals |            17.1 |
|          MaxVVals |            89.8 |
|          MinVVals |            5.28 |
| TotalEnvInteracts |        1.76e+05 |
|            LossPi |        1.86e-08 |
|             LossV |             385 |
|       DeltaLossPi |        -0.00206 |
|        DeltaLossV |           -48.6 |
|                KL |         0.00904 |
|    BacktrackIters |               0 |
|              Time |        1.31e+03 |
---------------------------------------
[32;1mAccepting new params at step 0 of line search.[0m
---------------------------------------
|             Epoch |              44 |
|      AverageEpRet |             500 |
|          StdEpRet |               0 |
|          MaxEpRet |             500 |
|          MinEpRet |             500 |
|             EpLen |             500 |
|      AverageVVals |            76.7 |
|          StdVVals |            7.84 |
|          MaxVVals |            94.3 |
|          MinVVals |            43.6 |
| TotalEnvInteracts |         1.8e+05 |
|            LossPi |       -1.86e-08 |
|             LossV |             414 |
|       DeltaLossPi |        -0.00534 |
|        DeltaLossV |            -162 |
|                KL |         0.00757 |
|    BacktrackIters |               0 |
|              Time |        1.34e+03 |
---------------------------------------
[32;1mAccepting new params at step 0 of line search.[0m
---------------------------------------
|             Epoch |              45 |
|      AverageEpRet |             500 |
|          StdEpRet |               0 |
|          MaxEpRet |             500 |
|          MinEpRet |             500 |
|             EpLen |             500 |
|      AverageVVals |            87.4 |
|          StdVVals |            12.2 |
|          MaxVVals |              98 |
|          MinVVals |            45.3 |
| TotalEnvInteracts |        1.84e+05 |
|            LossPi |       -9.31e-09 |
|             LossV |             627 |
|       DeltaLossPi |          -0.008 |
|        DeltaLossV |            -129 |
|                KL |         0.00967 |
|    BacktrackIters |               0 |
|              Time |        1.37e+03 |
---------------------------------------
[32;1mAccepting new params at step 0 of line search.[0m
---------------------------------------
|             Epoch |              46 |
|      AverageEpRet |             500 |
|          StdEpRet |               0 |
|          MaxEpRet |             500 |
|          MinEpRet |             500 |
|             EpLen |             500 |
|      AverageVVals |            90.4 |
|          StdVVals |            5.27 |
|          MaxVVals |            97.4 |
|          MinVVals |            71.8 |
| TotalEnvInteracts |        1.88e+05 |
|            LossPi |       -1.63e-09 |
|             LossV |             695 |
|       DeltaLossPi |        -0.00794 |
|        DeltaLossV |            -103 |
|                KL |         0.00923 |
|    BacktrackIters |               0 |
|              Time |         1.4e+03 |
---------------------------------------
Warning: trajectory cut off by epoch at 116 steps.
Warning: trajectory cut off by epoch at 247 steps.
Warning: trajectory cut off by epoch at 221 steps.
[32;1mAccepting new params at step 0 of line search.[0m
---------------------------------------
|             Epoch |              47 |
|      AverageEpRet |             427 |
|          StdEpRet |             100 |
|          MaxEpRet |             500 |
|          MinEpRet |             253 |
|             EpLen |             427 |
|      AverageVVals |            86.6 |
|          StdVVals |            3.98 |
|          MaxVVals |            93.1 |
|          MinVVals |            74.5 |
| TotalEnvInteracts |        1.92e+05 |
|            LossPi |        1.68e-08 |
|             LossV |             664 |
|       DeltaLossPi |        -0.00826 |
|        DeltaLossV |            -111 |
|                KL |         0.00864 |
|    BacktrackIters |               0 |
|              Time |        1.42e+03 |
---------------------------------------
[32;1mAccepting new params at step 0 of line search.[0m
---------------------------------------
|             Epoch |              48 |
|      AverageEpRet |             500 |
|          StdEpRet |               0 |
|          MaxEpRet |             500 |
|          MinEpRet |             500 |
|             EpLen |             500 |
|      AverageVVals |            76.7 |
|          StdVVals |            5.17 |
|          MaxVVals |            85.4 |
|          MinVVals |            61.4 |
| TotalEnvInteracts |        1.96e+05 |
|            LossPi |        9.31e-10 |
|             LossV |             570 |
|       DeltaLossPi |        -0.00327 |
|        DeltaLossV |           -27.3 |
|                KL |          0.0083 |
|    BacktrackIters |               0 |
|              Time |        1.45e+03 |
---------------------------------------
Warning: trajectory cut off by epoch at 400 steps.
[32;1mAccepting new params at step 0 of line search.[0m
---------------------------------------
|             Epoch |              49 |
|      AverageEpRet |             450 |
|          StdEpRet |             132 |
|          MaxEpRet |             500 |
|          MinEpRet |             100 |
|             EpLen |             450 |
|      AverageVVals |              80 |
|          StdVVals |            6.52 |
|          MaxVVals |              90 |
|          MinVVals |            62.2 |
| TotalEnvInteracts |           2e+05 |
|            LossPi |       -5.59e-09 |
|             LossV |             587 |
|       DeltaLossPi |        -0.00369 |
|        DeltaLossV |           -17.2 |
|                KL |         0.00693 |
|    BacktrackIters |               0 |
|              Time |        1.46e+03 |
---------------------------------------
