--------------------------------------------------------------------------
[[16775,1],0]: A high-performance Open MPI point-to-point messaging module
was unable to find any relevant network interfaces:

Module: OpenFabrics (openib)
  Host: GCRAZGDL0429

Another transport will be used instead, although this may result in
lower performance.

NOTE: You can disable this warning by setting the MCA parameter
btl_base_warn_component_unused to 0.
--------------------------------------------------------------------------
--------------------------------------------------------------------------
[[16790,1],1]: A high-performance Open MPI point-to-point messaging module
was unable to find any relevant network interfaces:

Module: OpenFabrics (openib)
  Host: GCRAZGDL0429

Another transport will be used instead, although this may result in
lower performance.

NOTE: You can disable this warning by setting the MCA parameter
btl_base_warn_component_unused to 0.
--------------------------------------------------------------------------
Warning: Log dir exp/trpo_HalfCheetah-v3/trpo_HalfCheetah-v3_s2 already exists! Storing info there anyway.
[32;1mLogging data to exp/trpo_HalfCheetah-v3/trpo_HalfCheetah-v3_s2/progress.txt[0m
[36;1mSaving config:
[0m
{
    "ac_kwargs":	{
        "hidden_sizes":	[
            64,
            64
        ]
    },
    "actor_critic":	"mlp_actor_critic",
    "algo":	"trpo",
    "backtrack_coeff":	0.8,
    "backtrack_iters":	10,
    "cg_iters":	10,
    "damping_coeff":	0.1,
    "delta":	0.01,
    "env_fn":	"<function <lambda> at 0x7f5ae08dc4d0>",
    "epochs":	50,
    "exp_name":	"trpo_HalfCheetah-v3",
    "gamma":	0.99,
    "lam":	0.97,
    "logger":	{
        "<spinup.utils.logx.EpochLogger object at 0x7f5ae0886410>":	{
            "epoch_dict":	{},
            "exp_name":	"trpo_HalfCheetah-v3",
            "first_row":	true,
            "log_current_row":	{},
            "log_headers":	[],
            "output_dir":	"exp/trpo_HalfCheetah-v3/trpo_HalfCheetah-v3_s2",
            "output_file":	{
                "<_io.TextIOWrapper name='exp/trpo_HalfCheetah-v3/trpo_HalfCheetah-v3_s2/progress.txt' mode='w' encoding='UTF-8'>":	{
                    "mode":	"w"
                }
            }
        }
    },
    "logger_kwargs":	{
        "exp_name":	"trpo_HalfCheetah-v3",
        "output_dir":	"exp/trpo_HalfCheetah-v3/trpo_HalfCheetah-v3_s2"
    },
    "max_ep_len":	1000,
    "save_freq":	10,
    "seed":	2,
    "steps_per_epoch":	4000,
    "train_v_iters":	80,
    "vf_lr":	0.001
}
[32;1m
Number of parameters: 	 pi: 5708, 	 v: 5377
[0m
2022-04-12 02:41:41.957457: I tensorflow/core/platform/cpu_feature_guard.cc:142] Your CPU supports instructions that this TensorFlow binary was not compiled to use: AVX2 FMA
2022-04-12 02:41:41.962367: I tensorflow/core/platform/profile_utils/cpu_utils.cc:94] CPU Frequency: 2593990000 Hz
2022-04-12 02:41:41.963185: I tensorflow/compiler/xla/service/service.cc:168] XLA service 0x558cc1002ce0 initialized for platform Host (this does not guarantee that XLA will be used). Devices:
2022-04-12 02:41:41.963211: I tensorflow/compiler/xla/service/service.cc:176]   StreamExecutor device (0): Host, Default Version
2022-04-12 02:41:42.163340: I tensorflow/core/platform/cpu_feature_guard.cc:142] Your CPU supports instructions that this TensorFlow binary was not compiled to use: AVX2 FMA
2022-04-12 02:41:42.174587: I tensorflow/core/platform/profile_utils/cpu_utils.cc:94] CPU Frequency: 2593990000 Hz
2022-04-12 02:41:42.175547: I tensorflow/compiler/xla/service/service.cc:168] XLA service 0x55d6d8341340 initialized for platform Host (this does not guarantee that XLA will be used). Devices:
2022-04-12 02:41:42.175573: I tensorflow/compiler/xla/service/service.cc:176]   StreamExecutor device (0): Host, Default Version
2022-04-12 02:41:42.759665: I tensorflow/core/platform/cpu_feature_guard.cc:142] Your CPU supports instructions that this TensorFlow binary was not compiled to use: AVX2 FMA
2022-04-12 02:41:42.764628: I tensorflow/core/platform/profile_utils/cpu_utils.cc:94] CPU Frequency: 2593990000 Hz
2022-04-12 02:41:42.765609: I tensorflow/compiler/xla/service/service.cc:168] XLA service 0x558b1e1e8830 initialized for platform Host (this does not guarantee that XLA will be used). Devices:
2022-04-12 02:41:42.765702: I tensorflow/compiler/xla/service/service.cc:176]   StreamExecutor device (0): Host, Default Version
2022-04-12 02:41:43.340845: I tensorflow/core/platform/cpu_feature_guard.cc:142] Your CPU supports instructions that this TensorFlow binary was not compiled to use: AVX2 FMA
2022-04-12 02:41:43.373119: I tensorflow/core/platform/profile_utils/cpu_utils.cc:94] CPU Frequency: 2593990000 Hz
2022-04-12 02:41:43.373495: I tensorflow/compiler/xla/service/service.cc:168] XLA service 0x564be3de78e0 initialized for platform Host (this does not guarantee that XLA will be used). Devices:
2022-04-12 02:41:43.373570: I tensorflow/compiler/xla/service/service.cc:176]   StreamExecutor device (0): Host, Default Version
[GCRAZGDL0429:18875] 3 more processes have sent help message help-mpi-btl-base.txt / btl:no-nics
[GCRAZGDL0429:18875] Set MCA parameter "orte_base_help_aggregate" to 0 to see all help / error messages
[32;1mAccepting new params at step 0 of line search.[0m
---------------------------------------
|             Epoch |               0 |
|      AverageEpRet |            -720 |
|          StdEpRet |             156 |
|          MaxEpRet |            -528 |
|          MinEpRet |            -953 |
|             EpLen |           1e+03 |
|      AverageVVals |           0.163 |
|          StdVVals |            1.01 |
|          MaxVVals |            2.64 |
|          MinVVals |           -2.14 |
| TotalEnvInteracts |           4e+03 |
|            LossPi |        2.98e-08 |
|             LossV |        4.89e+03 |
|       DeltaLossPi |         -0.0559 |
|        DeltaLossV |            -903 |
|                KL |         0.00908 |
|    BacktrackIters |               0 |
|              Time |            5.48 |
---------------------------------------
[32;1mAccepting new params at step 0 of line search.[0m
---------------------------------------
|             Epoch |               1 |
|      AverageEpRet |            -885 |
|          StdEpRet |             112 |
|          MaxEpRet |            -696 |
|          MinEpRet |            -986 |
|             EpLen |           1e+03 |
|      AverageVVals |            -6.5 |
|          StdVVals |            4.17 |
|          MaxVVals |            8.31 |
|          MinVVals |           -15.5 |
| TotalEnvInteracts |           8e+03 |
|            LossPi |       -7.45e-09 |
|             LossV |        6.13e+03 |
|       DeltaLossPi |         -0.0561 |
|        DeltaLossV |       -2.24e+03 |
|                KL |         0.00901 |
|    BacktrackIters |               0 |
|              Time |            10.2 |
---------------------------------------
[32;1mAccepting new params at step 0 of line search.[0m
---------------------------------------
|             Epoch |               2 |
|      AverageEpRet |            -876 |
|          StdEpRet |             156 |
|          MaxEpRet |            -669 |
|          MinEpRet |        -1.1e+03 |
|             EpLen |           1e+03 |
|      AverageVVals |           -14.1 |
|          StdVVals |            18.6 |
|          MaxVVals |            24.4 |
|          MinVVals |           -24.7 |
| TotalEnvInteracts |         1.2e+04 |
|            LossPi |        9.69e-08 |
|             LossV |        4.94e+03 |
|       DeltaLossPi |         -0.0601 |
|        DeltaLossV |       -1.74e+03 |
|                KL |         0.00919 |
|    BacktrackIters |               0 |
|              Time |            14.2 |
---------------------------------------
[32;1mAccepting new params at step 0 of line search.[0m
---------------------------------------
|             Epoch |               3 |
|      AverageEpRet |            -770 |
|          StdEpRet |             110 |
|          MaxEpRet |            -594 |
|          MinEpRet |            -890 |
|             EpLen |           1e+03 |
|      AverageVVals |           -30.4 |
|          StdVVals |            1.17 |
|          MaxVVals |           -10.5 |
|          MinVVals |           -30.8 |
| TotalEnvInteracts |         1.6e+04 |
|            LossPi |        3.73e-09 |
|             LossV |        2.49e+03 |
|       DeltaLossPi |         -0.0598 |
|        DeltaLossV |            -400 |
|                KL |         0.00903 |
|    BacktrackIters |               0 |
|              Time |            29.9 |
---------------------------------------
[32;1mAccepting new params at step 0 of line search.[0m
---------------------------------------
|             Epoch |               4 |
|      AverageEpRet |            -641 |
|          StdEpRet |            59.6 |
|          MaxEpRet |            -558 |
|          MinEpRet |            -725 |
|             EpLen |           1e+03 |
|      AverageVVals |           -35.9 |
|          StdVVals |           0.322 |
|          MaxVVals |           -21.6 |
|          MinVVals |             -36 |
| TotalEnvInteracts |           2e+04 |
|            LossPi |       -7.45e-09 |
|             LossV |             918 |
|       DeltaLossPi |         -0.0586 |
|        DeltaLossV |            -137 |
|                KL |           0.009 |
|    BacktrackIters |               0 |
|              Time |            47.8 |
---------------------------------------
[32;1mAccepting new params at step 0 of line search.[0m
---------------------------------------
|             Epoch |               5 |
|      AverageEpRet |            -751 |
|          StdEpRet |             188 |
|          MaxEpRet |            -539 |
|          MinEpRet |       -1.05e+03 |
|             EpLen |           1e+03 |
|      AverageVVals |           -39.2 |
|          StdVVals |           0.136 |
|          MaxVVals |           -36.9 |
|          MinVVals |           -39.3 |
| TotalEnvInteracts |         2.4e+04 |
|            LossPi |       -4.47e-08 |
|             LossV |        1.71e+03 |
|       DeltaLossPi |           -0.06 |
|        DeltaLossV |            -220 |
|                KL |         0.00916 |
|    BacktrackIters |               0 |
|              Time |            62.9 |
---------------------------------------
[32;1mAccepting new params at step 0 of line search.[0m
---------------------------------------
|             Epoch |               6 |
|      AverageEpRet |            -781 |
|          StdEpRet |             284 |
|          MaxEpRet |            -473 |
|          MinEpRet |       -1.24e+03 |
|             EpLen |           1e+03 |
|      AverageVVals |           -43.3 |
|          StdVVals |           0.123 |
|          MaxVVals |           -41.3 |
|          MinVVals |           -43.3 |
| TotalEnvInteracts |         2.8e+04 |
|            LossPi |        2.98e-08 |
|             LossV |        1.87e+03 |
|       DeltaLossPi |         -0.0587 |
|        DeltaLossV |            -177 |
|                KL |         0.00908 |
|    BacktrackIters |               0 |
|              Time |              86 |
---------------------------------------
[32;1mAccepting new params at step 0 of line search.[0m
---------------------------------------
|             Epoch |               7 |
|      AverageEpRet |            -750 |
|          StdEpRet |              82 |
|          MaxEpRet |            -670 |
|          MinEpRet |            -887 |
|             EpLen |           1e+03 |
|      AverageVVals |             -47 |
|          StdVVals |           0.285 |
|          MaxVVals |           -35.4 |
|          MinVVals |           -47.1 |
| TotalEnvInteracts |         3.2e+04 |
|            LossPi |        7.45e-09 |
|             LossV |        1.15e+03 |
|       DeltaLossPi |         -0.0576 |
|        DeltaLossV |            -116 |
|                KL |           0.009 |
|    BacktrackIters |               0 |
|              Time |             114 |
---------------------------------------
[32;1mAccepting new params at step 0 of line search.[0m
---------------------------------------
|             Epoch |               8 |
|      AverageEpRet |            -733 |
|          StdEpRet |            91.7 |
|          MaxEpRet |            -608 |
|          MinEpRet |            -861 |
|             EpLen |           1e+03 |
|      AverageVVals |             -50 |
|          StdVVals |            1.16 |
|          MaxVVals |           -29.8 |
|          MinVVals |           -50.3 |
| TotalEnvInteracts |         3.6e+04 |
|            LossPi |        2.98e-08 |
|             LossV |             877 |
|       DeltaLossPi |         -0.0631 |
|        DeltaLossV |           -80.6 |
|                KL |         0.00917 |
|    BacktrackIters |               0 |
|              Time |             137 |
---------------------------------------
[32;1mAccepting new params at step 0 of line search.[0m
---------------------------------------
|             Epoch |               9 |
|      AverageEpRet |            -694 |
|          StdEpRet |             109 |
|          MaxEpRet |            -512 |
|          MinEpRet |            -797 |
|             EpLen |           1e+03 |
|      AverageVVals |           -52.9 |
|          StdVVals |            0.68 |
|          MaxVVals |           -32.4 |
|          MinVVals |             -53 |
| TotalEnvInteracts |           4e+04 |
|            LossPi |       -2.98e-08 |
|             LossV |             970 |
|       DeltaLossPi |         -0.0569 |
|        DeltaLossV |           -30.9 |
|                KL |         0.00908 |
|    BacktrackIters |               0 |
|              Time |             160 |
---------------------------------------
[32;1mAccepting new params at step 0 of line search.[0m
---------------------------------------
|             Epoch |              10 |
|      AverageEpRet |            -710 |
|          StdEpRet |            90.2 |
|          MaxEpRet |            -585 |
|          MinEpRet |            -840 |
|             EpLen |           1e+03 |
|      AverageVVals |           -54.2 |
|          StdVVals |            2.09 |
|          MaxVVals |            26.5 |
|          MinVVals |           -54.5 |
| TotalEnvInteracts |         4.4e+04 |
|            LossPi |       -7.45e-09 |
|             LossV |             606 |
|       DeltaLossPi |         -0.0606 |
|        DeltaLossV |           -28.4 |
|                KL |         0.00906 |
|    BacktrackIters |               0 |
|              Time |             185 |
---------------------------------------
[32;1mAccepting new params at step 0 of line search.[0m
---------------------------------------
|             Epoch |              11 |
|      AverageEpRet |            -728 |
|          StdEpRet |             150 |
|          MaxEpRet |            -541 |
|          MinEpRet |            -942 |
|             EpLen |           1e+03 |
|      AverageVVals |           -55.9 |
|          StdVVals |            1.33 |
|          MaxVVals |            7.01 |
|          MinVVals |             -56 |
| TotalEnvInteracts |         4.8e+04 |
|            LossPi |        1.49e-08 |
|             LossV |             722 |
|       DeltaLossPi |         -0.0654 |
|        DeltaLossV |           -38.3 |
|                KL |         0.00898 |
|    BacktrackIters |               0 |
|              Time |             208 |
---------------------------------------
[32;1mAccepting new params at step 0 of line search.[0m
---------------------------------------
|             Epoch |              12 |
|      AverageEpRet |            -788 |
|          StdEpRet |             155 |
|          MaxEpRet |            -528 |
|          MinEpRet |            -917 |
|             EpLen |           1e+03 |
|      AverageVVals |           -57.8 |
|          StdVVals |           0.843 |
|          MaxVVals |             -24 |
|          MinVVals |           -57.9 |
| TotalEnvInteracts |         5.2e+04 |
|            LossPi |       -3.73e-08 |
|             LossV |             916 |
|       DeltaLossPi |         -0.0623 |
|        DeltaLossV |           -73.7 |
|                KL |         0.00914 |
|    BacktrackIters |               0 |
|              Time |             232 |
---------------------------------------
[32;1mAccepting new params at step 0 of line search.[0m
---------------------------------------
|             Epoch |              13 |
|      AverageEpRet |            -646 |
|          StdEpRet |             118 |
|          MaxEpRet |            -530 |
|          MinEpRet |            -832 |
|             EpLen |           1e+03 |
|      AverageVVals |           -60.6 |
|          StdVVals |           0.511 |
|          MaxVVals |           -39.9 |
|          MinVVals |           -60.7 |
| TotalEnvInteracts |         5.6e+04 |
|            LossPi |        1.49e-08 |
|             LossV |             485 |
|       DeltaLossPi |         -0.0606 |
|        DeltaLossV |          -0.885 |
|                KL |         0.00901 |
|    BacktrackIters |               0 |
|              Time |             259 |
---------------------------------------
[32;1mAccepting new params at step 0 of line search.[0m
---------------------------------------
|             Epoch |              14 |
|      AverageEpRet |            -753 |
|          StdEpRet |             116 |
|          MaxEpRet |            -564 |
|          MinEpRet |            -879 |
|             EpLen |           1e+03 |
|      AverageVVals |           -60.4 |
|          StdVVals |           0.796 |
|          MaxVVals |           -34.6 |
|          MinVVals |           -60.5 |
| TotalEnvInteracts |           6e+04 |
|            LossPi |        7.45e-09 |
|             LossV |             968 |
|       DeltaLossPi |         -0.0617 |
|        DeltaLossV |           -26.2 |
|                KL |         0.00907 |
|    BacktrackIters |               0 |
|              Time |             280 |
---------------------------------------
[32;1mAccepting new params at step 0 of line search.[0m
---------------------------------------
|             Epoch |              15 |
|      AverageEpRet |            -616 |
|          StdEpRet |            82.8 |
|          MaxEpRet |            -539 |
|          MinEpRet |            -748 |
|             EpLen |           1e+03 |
|      AverageVVals |           -61.3 |
|          StdVVals |            3.71 |
|          MaxVVals |            12.8 |
|          MinVVals |           -61.9 |
| TotalEnvInteracts |         6.4e+04 |
|            LossPi |       -1.49e-08 |
|             LossV |             598 |
|       DeltaLossPi |         -0.0661 |
|        DeltaLossV |           -76.6 |
|                KL |         0.00914 |
|    BacktrackIters |               0 |
|              Time |             304 |
---------------------------------------
[32;1mAccepting new params at step 0 of line search.[0m
---------------------------------------
|             Epoch |              16 |
|      AverageEpRet |            -625 |
|          StdEpRet |             101 |
|          MaxEpRet |            -483 |
|          MinEpRet |            -759 |
|             EpLen |           1e+03 |
|      AverageVVals |           -57.1 |
|          StdVVals |            5.56 |
|          MaxVVals |            15.8 |
|          MinVVals |           -60.5 |
| TotalEnvInteracts |         6.8e+04 |
|            LossPi |       -1.12e-08 |
|             LossV |             506 |
|       DeltaLossPi |         -0.0604 |
|        DeltaLossV |           -47.2 |
|                KL |         0.00901 |
|    BacktrackIters |               0 |
|              Time |             331 |
---------------------------------------
[32;1mAccepting new params at step 0 of line search.[0m
---------------------------------------
|             Epoch |              17 |
|      AverageEpRet |            -820 |
|          StdEpRet |            94.8 |
|          MaxEpRet |            -727 |
|          MinEpRet |            -972 |
|             EpLen |           1e+03 |
|      AverageVVals |             -57 |
|          StdVVals |            4.57 |
|          MaxVVals |             7.6 |
|          MinVVals |           -60.2 |
| TotalEnvInteracts |         7.2e+04 |
|            LossPi |       -3.73e-08 |
|             LossV |             993 |
|       DeltaLossPi |         -0.0593 |
|        DeltaLossV |            -188 |
|                KL |         0.00902 |
|    BacktrackIters |               0 |
|              Time |             359 |
---------------------------------------
[32;1mAccepting new params at step 0 of line search.[0m
---------------------------------------
|             Epoch |              18 |
|      AverageEpRet |            -586 |
|          StdEpRet |             137 |
|          MaxEpRet |            -473 |
|          MinEpRet |            -814 |
|             EpLen |           1e+03 |
|      AverageVVals |           -62.1 |
|          StdVVals |            4.49 |
|          MaxVVals |            34.2 |
|          MinVVals |           -63.7 |
| TotalEnvInteracts |         7.6e+04 |
|            LossPi |        7.45e-09 |
|             LossV |             500 |
|       DeltaLossPi |         -0.0625 |
|        DeltaLossV |            -182 |
|                KL |         0.00914 |
|    BacktrackIters |               0 |
|              Time |             383 |
---------------------------------------
[32;1mAccepting new params at step 0 of line search.[0m
---------------------------------------
|             Epoch |              19 |
|      AverageEpRet |            -554 |
|          StdEpRet |            51.1 |
|          MaxEpRet |            -507 |
|          MinEpRet |            -630 |
|             EpLen |           1e+03 |
|      AverageVVals |           -54.1 |
|          StdVVals |            7.44 |
|          MaxVVals |           -9.29 |
|          MinVVals |             -63 |
| TotalEnvInteracts |           8e+04 |
|            LossPi |        1.77e-08 |
|             LossV |             281 |
|       DeltaLossPi |         -0.0596 |
|        DeltaLossV |           -81.2 |
|                KL |         0.00905 |
|    BacktrackIters |               0 |
|              Time |             412 |
---------------------------------------
[32;1mAccepting new params at step 0 of line search.[0m
---------------------------------------
|             Epoch |              20 |
|      AverageEpRet |            -585 |
|          StdEpRet |            74.3 |
|          MaxEpRet |            -517 |
|          MinEpRet |            -710 |
|             EpLen |           1e+03 |
|      AverageVVals |           -50.2 |
|          StdVVals |            5.42 |
|          MaxVVals |           -7.97 |
|          MinVVals |           -62.4 |
| TotalEnvInteracts |         8.4e+04 |
|            LossPi |        2.24e-08 |
|             LossV |             376 |
|       DeltaLossPi |         -0.0611 |
|        DeltaLossV |           -33.8 |
|                KL |         0.00915 |
|    BacktrackIters |               0 |
|              Time |             440 |
---------------------------------------
[32;1mAccepting new params at step 0 of line search.[0m
---------------------------------------
|             Epoch |              21 |
|      AverageEpRet |            -655 |
|          StdEpRet |             125 |
|          MaxEpRet |            -508 |
|          MinEpRet |            -789 |
|             EpLen |           1e+03 |
|      AverageVVals |           -57.8 |
|          StdVVals |            5.13 |
|          MaxVVals |             -22 |
|          MinVVals |           -62.9 |
| TotalEnvInteracts |         8.8e+04 |
|            LossPi |        1.12e-08 |
|             LossV |             469 |
|       DeltaLossPi |         -0.0566 |
|        DeltaLossV |           -37.5 |
|                KL |         0.00905 |
|    BacktrackIters |               0 |
|              Time |             468 |
---------------------------------------
[32;1mAccepting new params at step 0 of line search.[0m
---------------------------------------
|             Epoch |              22 |
|      AverageEpRet |            -608 |
|          StdEpRet |             118 |
|          MaxEpRet |            -468 |
|          MinEpRet |            -753 |
|             EpLen |           1e+03 |
|      AverageVVals |           -49.3 |
|          StdVVals |            9.89 |
|          MaxVVals |            8.91 |
|          MinVVals |           -63.1 |
| TotalEnvInteracts |         9.2e+04 |
|            LossPi |        7.45e-09 |
|             LossV |             433 |
|       DeltaLossPi |         -0.0592 |
|        DeltaLossV |           -66.9 |
|                KL |         0.00904 |
|    BacktrackIters |               0 |
|              Time |             495 |
---------------------------------------
[32;1mAccepting new params at step 0 of line search.[0m
---------------------------------------
|             Epoch |              23 |
|      AverageEpRet |            -648 |
|          StdEpRet |            54.4 |
|          MaxEpRet |            -579 |
|          MinEpRet |            -702 |
|             EpLen |           1e+03 |
|      AverageVVals |           -56.5 |
|          StdVVals |            7.26 |
|          MaxVVals |            13.5 |
|          MinVVals |           -63.8 |
| TotalEnvInteracts |         9.6e+04 |
|            LossPi |        2.42e-08 |
|             LossV |             439 |
|       DeltaLossPi |           -0.06 |
|        DeltaLossV |           -36.3 |
|                KL |         0.00912 |
|    BacktrackIters |               0 |
|              Time |             524 |
---------------------------------------
[32;1mAccepting new params at step 0 of line search.[0m
---------------------------------------
|             Epoch |              24 |
|      AverageEpRet |            -622 |
|          StdEpRet |            37.3 |
|          MaxEpRet |            -558 |
|          MinEpRet |            -654 |
|             EpLen |           1e+03 |
|      AverageVVals |           -56.4 |
|          StdVVals |            8.35 |
|          MaxVVals |           -11.9 |
|          MinVVals |           -64.4 |
| TotalEnvInteracts |           1e+05 |
|            LossPi |       -1.86e-08 |
|             LossV |             387 |
|       DeltaLossPi |         -0.0553 |
|        DeltaLossV |           -32.4 |
|                KL |         0.00901 |
|    BacktrackIters |               0 |
|              Time |             549 |
---------------------------------------
[32;1mAccepting new params at step 0 of line search.[0m
---------------------------------------
|             Epoch |              25 |
|      AverageEpRet |            -647 |
|          StdEpRet |             116 |
|          MaxEpRet |            -500 |
|          MinEpRet |            -786 |
|             EpLen |           1e+03 |
|      AverageVVals |           -56.3 |
|          StdVVals |            8.89 |
|          MaxVVals |           -7.56 |
|          MinVVals |           -64.4 |
| TotalEnvInteracts |        1.04e+05 |
|            LossPi |       -5.59e-09 |
|             LossV |             533 |
|       DeltaLossPi |          -0.059 |
|        DeltaLossV |           -36.1 |
|                KL |         0.00902 |
|    BacktrackIters |               0 |
|              Time |             573 |
---------------------------------------
[32;1mAccepting new params at step 0 of line search.[0m
---------------------------------------
|             Epoch |              26 |
|      AverageEpRet |            -699 |
|          StdEpRet |            85.3 |
|          MaxEpRet |            -558 |
|          MinEpRet |            -787 |
|             EpLen |           1e+03 |
|      AverageVVals |           -57.7 |
|          StdVVals |            7.68 |
|          MaxVVals |           -13.5 |
|          MinVVals |           -65.1 |
| TotalEnvInteracts |        1.08e+05 |
|            LossPi |       -7.45e-09 |
|             LossV |             387 |
|       DeltaLossPi |          -0.063 |
|        DeltaLossV |           -39.3 |
|                KL |         0.00913 |
|    BacktrackIters |               0 |
|              Time |             601 |
---------------------------------------
[32;1mAccepting new params at step 0 of line search.[0m
---------------------------------------
|             Epoch |              27 |
|      AverageEpRet |            -702 |
|          StdEpRet |             125 |
|          MaxEpRet |            -493 |
|          MinEpRet |            -819 |
|             EpLen |           1e+03 |
|      AverageVVals |           -60.1 |
|          StdVVals |            8.03 |
|          MaxVVals |           -8.51 |
|          MinVVals |           -65.9 |
| TotalEnvInteracts |        1.12e+05 |
|            LossPi |        1.49e-08 |
|             LossV |             532 |
|       DeltaLossPi |         -0.0539 |
|        DeltaLossV |           -40.4 |
|                KL |         0.00902 |
|    BacktrackIters |               0 |
|              Time |             620 |
---------------------------------------
[32;1mAccepting new params at step 0 of line search.[0m
---------------------------------------
|             Epoch |              28 |
|      AverageEpRet |            -541 |
|          StdEpRet |             140 |
|          MaxEpRet |            -456 |
|          MinEpRet |            -784 |
|             EpLen |           1e+03 |
|      AverageVVals |           -52.1 |
|          StdVVals |            11.5 |
|          MaxVVals |            3.02 |
|          MinVVals |           -67.3 |
| TotalEnvInteracts |        1.16e+05 |
|            LossPi |       -2.24e-08 |
|             LossV |             502 |
|       DeltaLossPi |         -0.0614 |
|        DeltaLossV |            -100 |
|                KL |         0.00904 |
|    BacktrackIters |               0 |
|              Time |             649 |
---------------------------------------
[32;1mAccepting new params at step 0 of line search.[0m
---------------------------------------
|             Epoch |              29 |
|      AverageEpRet |            -644 |
|          StdEpRet |            89.5 |
|          MaxEpRet |            -502 |
|          MinEpRet |            -747 |
|             EpLen |           1e+03 |
|      AverageVVals |           -53.5 |
|          StdVVals |            10.5 |
|          MaxVVals |            23.2 |
|          MinVVals |           -67.7 |
| TotalEnvInteracts |         1.2e+05 |
|            LossPi |        1.12e-08 |
|             LossV |             599 |
|       DeltaLossPi |         -0.0597 |
|        DeltaLossV |           -93.4 |
|                KL |         0.00912 |
|    BacktrackIters |               0 |
|              Time |             673 |
---------------------------------------
[32;1mAccepting new params at step 0 of line search.[0m
---------------------------------------
|             Epoch |              30 |
|      AverageEpRet |            -620 |
|          StdEpRet |             135 |
|          MaxEpRet |            -431 |
|          MinEpRet |            -811 |
|             EpLen |           1e+03 |
|      AverageVVals |           -55.8 |
|          StdVVals |            10.2 |
|          MaxVVals |           -5.95 |
|          MinVVals |           -68.1 |
| TotalEnvInteracts |        1.24e+05 |
|            LossPi |       -1.86e-09 |
|             LossV |             553 |
|       DeltaLossPi |         -0.0573 |
|        DeltaLossV |           -64.3 |
|                KL |         0.00911 |
|    BacktrackIters |               0 |
|              Time |             703 |
---------------------------------------
[32;1mAccepting new params at step 0 of line search.[0m
---------------------------------------
|             Epoch |              31 |
|      AverageEpRet |            -588 |
|          StdEpRet |              56 |
|          MaxEpRet |            -527 |
|          MinEpRet |            -679 |
|             EpLen |           1e+03 |
|      AverageVVals |           -52.9 |
|          StdVVals |            10.5 |
|          MaxVVals |            5.88 |
|          MinVVals |           -68.3 |
| TotalEnvInteracts |        1.28e+05 |
|            LossPi |        1.86e-09 |
|             LossV |             448 |
|       DeltaLossPi |         -0.0574 |
|        DeltaLossV |           -70.1 |
|                KL |         0.00914 |
|    BacktrackIters |               0 |
|              Time |             730 |
---------------------------------------
[32;1mAccepting new params at step 0 of line search.[0m
---------------------------------------
|             Epoch |              32 |
|      AverageEpRet |            -566 |
|          StdEpRet |             118 |
|          MaxEpRet |            -431 |
|          MinEpRet |            -710 |
|             EpLen |           1e+03 |
|      AverageVVals |           -52.3 |
|          StdVVals |            11.3 |
|          MaxVVals |            38.5 |
|          MinVVals |           -68.3 |
| TotalEnvInteracts |        1.32e+05 |
|            LossPi |        1.86e-08 |
|             LossV |             564 |
|       DeltaLossPi |         -0.0575 |
|        DeltaLossV |           -97.8 |
|                KL |         0.00912 |
|    BacktrackIters |               0 |
|              Time |             759 |
---------------------------------------
[32;1mAccepting new params at step 0 of line search.[0m
---------------------------------------
|             Epoch |              33 |
|      AverageEpRet |            -497 |
|          StdEpRet |            73.6 |
|          MaxEpRet |            -415 |
|          MinEpRet |            -606 |
|             EpLen |           1e+03 |
|      AverageVVals |           -45.9 |
|          StdVVals |            9.39 |
|          MaxVVals |             2.5 |
|          MinVVals |           -67.9 |
| TotalEnvInteracts |        1.36e+05 |
|            LossPi |       -1.49e-08 |
|             LossV |             378 |
|       DeltaLossPi |          -0.056 |
|        DeltaLossV |           -52.1 |
|                KL |         0.00919 |
|    BacktrackIters |               0 |
|              Time |             783 |
---------------------------------------
[32;1mAccepting new params at step 0 of line search.[0m
---------------------------------------
|             Epoch |              34 |
|      AverageEpRet |            -552 |
|          StdEpRet |            52.2 |
|          MaxEpRet |            -482 |
|          MinEpRet |            -623 |
|             EpLen |           1e+03 |
|      AverageVVals |           -47.4 |
|          StdVVals |            9.55 |
|          MaxVVals |             8.6 |
|          MinVVals |             -68 |
| TotalEnvInteracts |         1.4e+05 |
|            LossPi |       -1.49e-08 |
|             LossV |             450 |
|       DeltaLossPi |         -0.0585 |
|        DeltaLossV |           -92.8 |
|                KL |         0.00905 |
|    BacktrackIters |               0 |
|              Time |             807 |
---------------------------------------
[32;1mAccepting new params at step 0 of line search.[0m
---------------------------------------
|             Epoch |              35 |
|      AverageEpRet |            -584 |
|          StdEpRet |             115 |
|          MaxEpRet |            -424 |
|          MinEpRet |            -737 |
|             EpLen |           1e+03 |
|      AverageVVals |           -49.5 |
|          StdVVals |             9.3 |
|          MaxVVals |           -18.7 |
|          MinVVals |           -67.9 |
| TotalEnvInteracts |        1.44e+05 |
|            LossPi |        2.98e-08 |
|             LossV |             472 |
|       DeltaLossPi |         -0.0615 |
|        DeltaLossV |           -61.9 |
|                KL |         0.00909 |
|    BacktrackIters |               0 |
|              Time |             836 |
---------------------------------------
[32;1mAccepting new params at step 0 of line search.[0m
---------------------------------------
|             Epoch |              36 |
|      AverageEpRet |            -569 |
|          StdEpRet |            65.8 |
|          MaxEpRet |            -479 |
|          MinEpRet |            -659 |
|             EpLen |           1e+03 |
|      AverageVVals |           -54.2 |
|          StdVVals |            8.81 |
|          MaxVVals |           -11.2 |
|          MinVVals |           -68.7 |
| TotalEnvInteracts |        1.48e+05 |
|            LossPi |       -1.49e-08 |
|             LossV |             403 |
|       DeltaLossPi |         -0.0581 |
|        DeltaLossV |           -50.5 |
|                KL |         0.00918 |
|    BacktrackIters |               0 |
|              Time |             854 |
---------------------------------------
[32;1mAccepting new params at step 0 of line search.[0m
---------------------------------------
|             Epoch |              37 |
|      AverageEpRet |            -568 |
|          StdEpRet |            97.1 |
|          MaxEpRet |            -423 |
|          MinEpRet |            -658 |
|             EpLen |           1e+03 |
|      AverageVVals |           -52.2 |
|          StdVVals |            7.36 |
|          MaxVVals |           -2.46 |
|          MinVVals |           -68.5 |
| TotalEnvInteracts |        1.52e+05 |
|            LossPi |               0 |
|             LossV |             410 |
|       DeltaLossPi |         -0.0591 |
|        DeltaLossV |           -58.3 |
|                KL |         0.00912 |
|    BacktrackIters |               0 |
|              Time |             878 |
---------------------------------------
[32;1mAccepting new params at step 0 of line search.[0m
---------------------------------------
|             Epoch |              38 |
|      AverageEpRet |            -616 |
|          StdEpRet |             147 |
|          MaxEpRet |            -468 |
|          MinEpRet |            -793 |
|             EpLen |           1e+03 |
|      AverageVVals |             -47 |
|          StdVVals |              10 |
|          MaxVVals |           -11.1 |
|          MinVVals |           -68.4 |
| TotalEnvInteracts |        1.56e+05 |
|            LossPi |       -1.49e-08 |
|             LossV |             528 |
|       DeltaLossPi |         -0.0587 |
|        DeltaLossV |            -107 |
|                KL |         0.00912 |
|    BacktrackIters |               0 |
|              Time |             903 |
---------------------------------------
[32;1mAccepting new params at step 0 of line search.[0m
---------------------------------------
|             Epoch |              39 |
|      AverageEpRet |            -599 |
|          StdEpRet |             106 |
|          MaxEpRet |            -454 |
|          MinEpRet |            -740 |
|             EpLen |           1e+03 |
|      AverageVVals |           -57.4 |
|          StdVVals |            10.4 |
|          MaxVVals |           -8.39 |
|          MinVVals |           -70.2 |
| TotalEnvInteracts |         1.6e+05 |
|            LossPi |       -1.49e-08 |
|             LossV |             348 |
|       DeltaLossPi |         -0.0593 |
|        DeltaLossV |           -52.4 |
|                KL |         0.00905 |
|    BacktrackIters |               0 |
|              Time |             929 |
---------------------------------------
[32;1mAccepting new params at step 0 of line search.[0m
---------------------------------------
|             Epoch |              40 |
|      AverageEpRet |            -555 |
|          StdEpRet |            71.9 |
|          MaxEpRet |            -433 |
|          MinEpRet |            -617 |
|             EpLen |           1e+03 |
|      AverageVVals |           -53.4 |
|          StdVVals |            8.91 |
|          MaxVVals |           -14.6 |
|          MinVVals |           -69.4 |
| TotalEnvInteracts |        1.64e+05 |
|            LossPi |        -1.3e-08 |
|             LossV |             380 |
|       DeltaLossPi |         -0.0577 |
|        DeltaLossV |           -58.3 |
|                KL |          0.0091 |
|    BacktrackIters |               0 |
|              Time |             960 |
---------------------------------------
[32;1mAccepting new params at step 0 of line search.[0m
---------------------------------------
|             Epoch |              41 |
|      AverageEpRet |            -560 |
|          StdEpRet |            54.3 |
|          MaxEpRet |            -490 |
|          MinEpRet |            -641 |
|             EpLen |           1e+03 |
|      AverageVVals |           -45.2 |
|          StdVVals |              11 |
|          MaxVVals |           -10.5 |
|          MinVVals |           -68.7 |
| TotalEnvInteracts |        1.68e+05 |
|            LossPi |       -3.73e-09 |
|             LossV |             305 |
|       DeltaLossPi |         -0.0589 |
|        DeltaLossV |           -56.9 |
|                KL |         0.00916 |
|    BacktrackIters |               0 |
|              Time |             977 |
---------------------------------------
[32;1mAccepting new params at step 0 of line search.[0m
---------------------------------------
|             Epoch |              42 |
|      AverageEpRet |            -454 |
|          StdEpRet |            62.1 |
|          MaxEpRet |            -387 |
|          MinEpRet |            -521 |
|             EpLen |           1e+03 |
|      AverageVVals |           -53.9 |
|          StdVVals |            8.24 |
|          MaxVVals |           -15.1 |
|          MinVVals |           -69.7 |
| TotalEnvInteracts |        1.72e+05 |
|            LossPi |        2.61e-08 |
|             LossV |             474 |
|       DeltaLossPi |         -0.0581 |
|        DeltaLossV |            -234 |
|                KL |         0.00915 |
|    BacktrackIters |               0 |
|              Time |           1e+03 |
---------------------------------------
[32;1mAccepting new params at step 0 of line search.[0m
---------------------------------------
|             Epoch |              43 |
|      AverageEpRet |            -456 |
|          StdEpRet |            67.5 |
|          MaxEpRet |            -343 |
|          MinEpRet |            -521 |
|             EpLen |           1e+03 |
|      AverageVVals |           -37.5 |
|          StdVVals |            5.01 |
|          MaxVVals |          -0.338 |
|          MinVVals |           -65.4 |
| TotalEnvInteracts |        1.76e+05 |
|            LossPi |        2.98e-08 |
|             LossV |             269 |
|       DeltaLossPi |         -0.0607 |
|        DeltaLossV |           -55.3 |
|                KL |         0.00908 |
|    BacktrackIters |               0 |
|              Time |        1.03e+03 |
---------------------------------------
[32;1mAccepting new params at step 0 of line search.[0m
---------------------------------------
|             Epoch |              44 |
|      AverageEpRet |            -541 |
|          StdEpRet |            90.4 |
|          MaxEpRet |            -398 |
|          MinEpRet |            -646 |
|             EpLen |           1e+03 |
|      AverageVVals |           -38.6 |
|          StdVVals |             8.3 |
|          MaxVVals |            5.45 |
|          MinVVals |           -66.4 |
| TotalEnvInteracts |         1.8e+05 |
|            LossPi |        4.28e-08 |
|             LossV |             503 |
|       DeltaLossPi |         -0.0568 |
|        DeltaLossV |            -179 |
|                KL |         0.00921 |
|    BacktrackIters |               0 |
|              Time |        1.06e+03 |
---------------------------------------
[32;1mAccepting new params at step 0 of line search.[0m
---------------------------------------
|             Epoch |              45 |
|      AverageEpRet |            -563 |
|          StdEpRet |            61.8 |
|          MaxEpRet |            -485 |
|          MinEpRet |            -643 |
|             EpLen |           1e+03 |
|      AverageVVals |           -47.8 |
|          StdVVals |            6.92 |
|          MaxVVals |            25.4 |
|          MinVVals |           -69.4 |
| TotalEnvInteracts |        1.84e+05 |
|            LossPi |       -1.86e-08 |
|             LossV |             352 |
|       DeltaLossPi |         -0.0544 |
|        DeltaLossV |           -54.8 |
|                KL |          0.0091 |
|    BacktrackIters |               0 |
|              Time |        1.08e+03 |
---------------------------------------
[32;1mAccepting new params at step 0 of line search.[0m
---------------------------------------
|             Epoch |              46 |
|      AverageEpRet |            -544 |
|          StdEpRet |            93.5 |
|          MaxEpRet |            -451 |
|          MinEpRet |            -685 |
|             EpLen |           1e+03 |
|      AverageVVals |           -50.8 |
|          StdVVals |            8.35 |
|          MaxVVals |           -3.47 |
|          MinVVals |           -69.7 |
| TotalEnvInteracts |        1.88e+05 |
|            LossPi |        1.49e-08 |
|             LossV |             353 |
|       DeltaLossPi |         -0.0614 |
|        DeltaLossV |           -44.4 |
|                KL |         0.00922 |
|    BacktrackIters |               0 |
|              Time |        1.11e+03 |
---------------------------------------
[32;1mAccepting new params at step 0 of line search.[0m
---------------------------------------
|             Epoch |              47 |
|      AverageEpRet |            -533 |
|          StdEpRet |             110 |
|          MaxEpRet |            -393 |
|          MinEpRet |            -651 |
|             EpLen |           1e+03 |
|      AverageVVals |           -49.6 |
|          StdVVals |            7.19 |
|          MaxVVals |            29.4 |
|          MinVVals |           -69.9 |
| TotalEnvInteracts |        1.92e+05 |
|            LossPi |        7.45e-09 |
|             LossV |             414 |
|       DeltaLossPi |         -0.0617 |
|        DeltaLossV |           -59.7 |
|                KL |         0.00915 |
|    BacktrackIters |               0 |
|              Time |        1.13e+03 |
---------------------------------------
[32;1mAccepting new params at step 0 of line search.[0m
---------------------------------------
|             Epoch |              48 |
|      AverageEpRet |            -555 |
|          StdEpRet |            27.8 |
|          MaxEpRet |            -523 |
|          MinEpRet |            -600 |
|             EpLen |           1e+03 |
|      AverageVVals |             -48 |
|          StdVVals |            8.05 |
|          MaxVVals |           -8.14 |
|          MinVVals |           -69.1 |
| TotalEnvInteracts |        1.96e+05 |
|            LossPi |       -5.59e-08 |
|             LossV |             403 |
|       DeltaLossPi |          -0.058 |
|        DeltaLossV |           -50.7 |
|                KL |          0.0091 |
|    BacktrackIters |               0 |
|              Time |        1.15e+03 |
---------------------------------------
[32;1mAccepting new params at step 0 of line search.[0m
---------------------------------------
|             Epoch |              49 |
|      AverageEpRet |            -435 |
|          StdEpRet |            69.5 |
|          MaxEpRet |            -327 |
|          MinEpRet |            -498 |
|             EpLen |           1e+03 |
|      AverageVVals |           -48.7 |
|          StdVVals |            8.11 |
|          MaxVVals |           -11.1 |
|          MinVVals |             -69 |
| TotalEnvInteracts |           2e+05 |
|            LossPi |       -7.45e-09 |
|             LossV |             277 |
|       DeltaLossPi |         -0.0585 |
|        DeltaLossV |            -126 |
|                KL |         0.00908 |
|    BacktrackIters |               0 |
|              Time |        1.18e+03 |
---------------------------------------
