--------------------------------------------------------------------------
[[29800,1],0]: A high-performance Open MPI point-to-point messaging module
was unable to find any relevant network interfaces:

Module: OpenFabrics (openib)
  Host: GCRAZGDL0429

Another transport will be used instead, although this may result in
lower performance.

NOTE: You can disable this warning by setting the MCA parameter
btl_base_warn_component_unused to 0.
--------------------------------------------------------------------------
--------------------------------------------------------------------------
[[29878,1],3]: A high-performance Open MPI point-to-point messaging module
was unable to find any relevant network interfaces:

Module: OpenFabrics (openib)
  Host: GCRAZGDL0429

Another transport will be used instead, although this may result in
lower performance.

NOTE: You can disable this warning by setting the MCA parameter
btl_base_warn_component_unused to 0.
--------------------------------------------------------------------------
[GCRAZGDL0429:31899] 3 more processes have sent help message help-mpi-btl-base.txt / btl:no-nics
[GCRAZGDL0429:31899] Set MCA parameter "orte_base_help_aggregate" to 0 to see all help / error messages
Warning: Log dir exp/trpo_Walker2d-v3/trpo_Walker2d-v3_s3 already exists! Storing info there anyway.
[32;1mLogging data to exp/trpo_Walker2d-v3/trpo_Walker2d-v3_s3/progress.txt[0m
[36;1mSaving config:
[0m
{
    "ac_kwargs":	{
        "hidden_sizes":	[
            64,
            64
        ]
    },
    "actor_critic":	"mlp_actor_critic",
    "algo":	"trpo",
    "backtrack_coeff":	0.8,
    "backtrack_iters":	10,
    "cg_iters":	10,
    "damping_coeff":	0.1,
    "delta":	0.01,
    "env_fn":	"<function <lambda> at 0x7fa43ee7a4d0>",
    "epochs":	50,
    "exp_name":	"trpo_Walker2d-v3",
    "gamma":	0.99,
    "lam":	0.97,
    "logger":	{
        "<spinup.utils.logx.EpochLogger object at 0x7fa43ee1a3d0>":	{
            "epoch_dict":	{},
            "exp_name":	"trpo_Walker2d-v3",
            "first_row":	true,
            "log_current_row":	{},
            "log_headers":	[],
            "output_dir":	"exp/trpo_Walker2d-v3/trpo_Walker2d-v3_s3",
            "output_file":	{
                "<_io.TextIOWrapper name='exp/trpo_Walker2d-v3/trpo_Walker2d-v3_s3/progress.txt' mode='w' encoding='UTF-8'>":	{
                    "mode":	"w"
                }
            }
        }
    },
    "logger_kwargs":	{
        "exp_name":	"trpo_Walker2d-v3",
        "output_dir":	"exp/trpo_Walker2d-v3/trpo_Walker2d-v3_s3"
    },
    "max_ep_len":	1000,
    "save_freq":	10,
    "seed":	3,
    "steps_per_epoch":	4000,
    "train_v_iters":	80,
    "vf_lr":	0.001
}
2022-04-14 05:26:42.058190: I tensorflow/core/platform/cpu_feature_guard.cc:142] Your CPU supports instructions that this TensorFlow binary was not compiled to use: AVX2 FMA
2022-04-14 05:26:42.131038: I tensorflow/core/platform/profile_utils/cpu_utils.cc:94] CPU Frequency: 2593990000 Hz
2022-04-14 05:26:42.133279: I tensorflow/compiler/xla/service/service.cc:168] XLA service 0x5579701054e0 initialized for platform Host (this does not guarantee that XLA will be used). Devices:
2022-04-14 05:26:42.133391: I tensorflow/compiler/xla/service/service.cc:176]   StreamExecutor device (0): Host, Default Version
2022-04-14 05:27:18.627183: I tensorflow/core/platform/cpu_feature_guard.cc:142] Your CPU supports instructions that this TensorFlow binary was not compiled to use: AVX2 FMA
2022-04-14 05:27:18.662193: I tensorflow/core/platform/profile_utils/cpu_utils.cc:94] CPU Frequency: 2593990000 Hz
2022-04-14 05:27:18.751523: I tensorflow/compiler/xla/service/service.cc:168] XLA service 0x561addaca670 initialized for platform Host (this does not guarantee that XLA will be used). Devices:
2022-04-14 05:27:18.751705: I tensorflow/compiler/xla/service/service.cc:176]   StreamExecutor device (0): Host, Default Version
2022-04-14 05:27:26.588122: I tensorflow/core/platform/cpu_feature_guard.cc:142] Your CPU supports instructions that this TensorFlow binary was not compiled to use: AVX2 FMA
2022-04-14 05:27:26.757410: I tensorflow/core/platform/profile_utils/cpu_utils.cc:94] CPU Frequency: 2593990000 Hz
2022-04-14 05:27:26.757904: I tensorflow/compiler/xla/service/service.cc:168] XLA service 0x563788b0b2d0 initialized for platform Host (this does not guarantee that XLA will be used). Devices:
2022-04-14 05:27:26.757996: I tensorflow/compiler/xla/service/service.cc:176]   StreamExecutor device (0): Host, Default Version
[32;1m
Number of parameters: 	 pi: 5708, 	 v: 5377
[0m
2022-04-14 05:27:36.618964: I tensorflow/core/platform/cpu_feature_guard.cc:142] Your CPU supports instructions that this TensorFlow binary was not compiled to use: AVX2 FMA
2022-04-14 05:27:36.790178: I tensorflow/core/platform/profile_utils/cpu_utils.cc:94] CPU Frequency: 2593990000 Hz
2022-04-14 05:27:36.790669: I tensorflow/compiler/xla/service/service.cc:168] XLA service 0x55aea478b800 initialized for platform Host (this does not guarantee that XLA will be used). Devices:
2022-04-14 05:27:36.790773: I tensorflow/compiler/xla/service/service.cc:176]   StreamExecutor device (0): Host, Default Version
Warning: trajectory cut off by epoch at 8 steps.
Warning: trajectory cut off by epoch at 5 steps.
Warning: trajectory cut off by epoch at 3 steps.
Warning: trajectory cut off by epoch at 4 steps.
[32;1mAccepting new params at step 0 of line search.[0m
---------------------------------------
|             Epoch |               0 |
|      AverageEpRet |           -4.07 |
|          StdEpRet |            2.45 |
|          MaxEpRet |            2.48 |
|          MinEpRet |           -12.6 |
|             EpLen |            10.4 |
|      AverageVVals |          0.0988 |
|          StdVVals |            0.62 |
|          MaxVVals |            2.09 |
|          MinVVals |           -1.76 |
| TotalEnvInteracts |           4e+03 |
|            LossPi |        5.22e-08 |
|             LossV |              26 |
|       DeltaLossPi |         -0.0504 |
|        DeltaLossV |           -20.9 |
|                KL |         0.00941 |
|    BacktrackIters |               0 |
|              Time |            84.5 |
---------------------------------------
Warning: trajectory cut off by epoch at 6 steps.
Warning: trajectory cut off by epoch at 6 steps.
Warning: trajectory cut off by epoch at 2 steps.
Warning: trajectory cut off by epoch at 2 steps.
[32;1mAccepting new params at step 0 of line search.[0m
---------------------------------------
|             Epoch |               1 |
|      AverageEpRet |           -3.73 |
|          StdEpRet |            2.49 |
|          MaxEpRet |            2.48 |
|          MinEpRet |           -12.8 |
|             EpLen |            10.3 |
|      AverageVVals |           -3.99 |
|          StdVVals |            1.52 |
|          MaxVVals |            2.57 |
|          MinVVals |           -7.72 |
| TotalEnvInteracts |           8e+03 |
|            LossPi |        1.41e-08 |
|             LossV |            5.52 |
|       DeltaLossPi |         -0.0518 |
|        DeltaLossV |           -1.75 |
|                KL |         0.00931 |
|    BacktrackIters |               0 |
|              Time |             156 |
---------------------------------------
Warning: trajectory cut off by epoch at 6 steps.
Warning: trajectory cut off by epoch at 5 steps.
Warning: trajectory cut off by epoch at 4 steps.
Warning: trajectory cut off by epoch at 2 steps.
[32;1mAccepting new params at step 0 of line search.[0m
---------------------------------------
|             Epoch |               2 |
|      AverageEpRet |           -3.58 |
|          StdEpRet |            2.31 |
|          MaxEpRet |            1.93 |
|          MinEpRet |           -11.7 |
|             EpLen |            10.6 |
|      AverageVVals |           -4.03 |
|          StdVVals |            1.77 |
|          MaxVVals |            2.76 |
|          MinVVals |           -8.15 |
| TotalEnvInteracts |         1.2e+04 |
|            LossPi |       -3.26e-09 |
|             LossV |            4.15 |
|       DeltaLossPi |         -0.0517 |
|        DeltaLossV |          -0.794 |
|                KL |         0.00936 |
|    BacktrackIters |               0 |
|              Time |             216 |
---------------------------------------
Warning: trajectory cut off by epoch at 2 steps.
Warning: trajectory cut off by epoch at 7 steps.
Warning: trajectory cut off by epoch at 4 steps.
Warning: trajectory cut off by epoch at 6 steps.
[32;1mAccepting new params at step 0 of line search.[0m
---------------------------------------
|             Epoch |               3 |
|      AverageEpRet |           -3.04 |
|          StdEpRet |            2.09 |
|          MaxEpRet |            2.55 |
|          MinEpRet |           -10.5 |
|             EpLen |            10.4 |
|      AverageVVals |           -3.99 |
|          StdVVals |            1.76 |
|          MaxVVals |             1.8 |
|          MinVVals |           -8.36 |
| TotalEnvInteracts |         1.6e+04 |
|            LossPi |        1.63e-08 |
|             LossV |            2.71 |
|       DeltaLossPi |         -0.0538 |
|        DeltaLossV |          -0.506 |
|                KL |         0.00941 |
|    BacktrackIters |               0 |
|              Time |             288 |
---------------------------------------
Warning: trajectory cut off by epoch at 6 steps.
Warning: trajectory cut off by epoch at 9 steps.
Warning: trajectory cut off by epoch at 9 steps.
Warning: trajectory cut off by epoch at 4 steps.
[32;1mAccepting new params at step 0 of line search.[0m
---------------------------------------
|             Epoch |               4 |
|      AverageEpRet |           -2.81 |
|          StdEpRet |               2 |
|          MaxEpRet |             3.7 |
|          MinEpRet |           -11.2 |
|             EpLen |            10.5 |
|      AverageVVals |           -3.77 |
|          StdVVals |            1.69 |
|          MaxVVals |             1.7 |
|          MinVVals |           -9.35 |
| TotalEnvInteracts |           2e+04 |
|            LossPi |       -1.86e-09 |
|             LossV |             2.2 |
|       DeltaLossPi |         -0.0556 |
|        DeltaLossV |          -0.359 |
|                KL |          0.0095 |
|    BacktrackIters |               0 |
|              Time |             360 |
---------------------------------------
Warning: trajectory cut off by epoch at 11 steps.
Warning: trajectory cut off by epoch at 7 steps.
Warning: trajectory cut off by epoch at 3 steps.
Warning: trajectory cut off by epoch at 4 steps.
[32;1mAccepting new params at step 0 of line search.[0m
---------------------------------------
|             Epoch |               5 |
|      AverageEpRet |           -2.18 |
|          StdEpRet |            1.79 |
|          MaxEpRet |             2.4 |
|          MinEpRet |           -8.71 |
|             EpLen |            10.4 |
|      AverageVVals |           -3.54 |
|          StdVVals |            1.69 |
|          MaxVVals |            1.78 |
|          MinVVals |           -9.28 |
| TotalEnvInteracts |         2.4e+04 |
|            LossPi |       -1.86e-09 |
|             LossV |            1.86 |
|       DeltaLossPi |         -0.0595 |
|        DeltaLossV |          -0.334 |
|                KL |         0.00938 |
|    BacktrackIters |               0 |
|              Time |             433 |
---------------------------------------
Warning: trajectory cut off by epoch at 6 steps.
Warning: trajectory cut off by epoch at 7 steps.
Warning: trajectory cut off by epoch at 1 steps.
[32;1mAccepting new params at step 0 of line search.[0m
---------------------------------------
|             Epoch |               6 |
|      AverageEpRet |           -2.05 |
|          StdEpRet |            1.98 |
|          MaxEpRet |            2.26 |
|          MinEpRet |           -11.1 |
|             EpLen |            10.8 |
|      AverageVVals |           -3.28 |
|          StdVVals |            1.69 |
|          MaxVVals |            1.45 |
|          MinVVals |           -9.91 |
| TotalEnvInteracts |         2.8e+04 |
|            LossPi |        1.12e-08 |
|             LossV |            2.29 |
|       DeltaLossPi |          -0.058 |
|        DeltaLossV |          -0.386 |
|                KL |         0.00946 |
|    BacktrackIters |               0 |
|              Time |             504 |
---------------------------------------
Warning: trajectory cut off by epoch at 4 steps.
Warning: trajectory cut off by epoch at 4 steps.
Warning: trajectory cut off by epoch at 6 steps.
Warning: trajectory cut off by epoch at 9 steps.
[32;1mAccepting new params at step 0 of line search.[0m
---------------------------------------
|             Epoch |               7 |
|      AverageEpRet |            -1.5 |
|          StdEpRet |            1.93 |
|          MaxEpRet |            4.84 |
|          MinEpRet |           -9.94 |
|             EpLen |            11.4 |
|      AverageVVals |           -3.25 |
|          StdVVals |            1.75 |
|          MaxVVals |            1.08 |
|          MinVVals |           -9.72 |
| TotalEnvInteracts |         3.2e+04 |
|            LossPi |         1.3e-08 |
|             LossV |            1.98 |
|       DeltaLossPi |          -0.056 |
|        DeltaLossV |           -0.37 |
|                KL |         0.00949 |
|    BacktrackIters |               0 |
|              Time |             576 |
---------------------------------------
Warning: trajectory cut off by epoch at 13 steps.
Warning: trajectory cut off by epoch at 10 steps.
Warning: trajectory cut off by epoch at 3 steps.
Warning: trajectory cut off by epoch at 4 steps.
[32;1mAccepting new params at step 0 of line search.[0m
---------------------------------------
|             Epoch |               8 |
|      AverageEpRet |           -1.06 |
|          StdEpRet |            1.92 |
|          MaxEpRet |            5.44 |
|          MinEpRet |           -8.18 |
|             EpLen |            11.9 |
|      AverageVVals |           -3.06 |
|          StdVVals |            1.76 |
|          MaxVVals |            1.97 |
|          MinVVals |           -9.48 |
| TotalEnvInteracts |         3.6e+04 |
|            LossPi |        6.98e-09 |
|             LossV |            1.99 |
|       DeltaLossPi |         -0.0571 |
|        DeltaLossV |          -0.276 |
|                KL |         0.00932 |
|    BacktrackIters |               0 |
|              Time |             647 |
---------------------------------------
Warning: trajectory cut off by epoch at 1 steps.
Warning: trajectory cut off by epoch at 6 steps.
Warning: trajectory cut off by epoch at 9 steps.
Warning: trajectory cut off by epoch at 14 steps.
[32;1mAccepting new params at step 0 of line search.[0m
---------------------------------------
|             Epoch |               9 |
|      AverageEpRet |          -0.692 |
|          StdEpRet |            1.88 |
|          MaxEpRet |             5.6 |
|          MinEpRet |           -5.76 |
|             EpLen |            11.7 |
|      AverageVVals |           -2.81 |
|          StdVVals |            1.66 |
|          MaxVVals |           0.904 |
|          MinVVals |              -8 |
| TotalEnvInteracts |           4e+04 |
|            LossPi |       -3.73e-09 |
|             LossV |            1.62 |
|       DeltaLossPi |         -0.0547 |
|        DeltaLossV |          -0.218 |
|                KL |         0.00941 |
|    BacktrackIters |               0 |
|              Time |             720 |
---------------------------------------
Warning: trajectory cut off by epoch at 9 steps.
Warning: trajectory cut off by epoch at 3 steps.
Warning: trajectory cut off by epoch at 4 steps.
Warning: trajectory cut off by epoch at 2 steps.
[32;1mAccepting new params at step 0 of line search.[0m
---------------------------------------
|             Epoch |              10 |
|      AverageEpRet |          -0.349 |
|          StdEpRet |            2.06 |
|          MaxEpRet |            7.95 |
|          MinEpRet |           -9.35 |
|             EpLen |            12.4 |
|      AverageVVals |           -2.66 |
|          StdVVals |            1.83 |
|          MaxVVals |            3.63 |
|          MinVVals |           -9.17 |
| TotalEnvInteracts |         4.4e+04 |
|            LossPi |       -2.79e-09 |
|             LossV |            2.05 |
|       DeltaLossPi |         -0.0586 |
|        DeltaLossV |          -0.261 |
|                KL |         0.00936 |
|    BacktrackIters |               0 |
|              Time |             794 |
---------------------------------------
Warning: trajectory cut off by epoch at 4 steps.
Warning: trajectory cut off by epoch at 15 steps.
Warning: trajectory cut off by epoch at 8 steps.
Warning: trajectory cut off by epoch at 13 steps.
[32;1mAccepting new params at step 0 of line search.[0m
---------------------------------------
|             Epoch |              11 |
|      AverageEpRet |          -0.116 |
|          StdEpRet |            2.14 |
|          MaxEpRet |            7.88 |
|          MinEpRet |           -7.92 |
|             EpLen |            12.9 |
|      AverageVVals |           -2.63 |
|          StdVVals |            1.96 |
|          MaxVVals |            2.82 |
|          MinVVals |           -10.6 |
| TotalEnvInteracts |         4.8e+04 |
|            LossPi |       -7.45e-09 |
|             LossV |            2.26 |
|       DeltaLossPi |         -0.0598 |
|        DeltaLossV |           -0.25 |
|                KL |         0.00952 |
|    BacktrackIters |               0 |
|              Time |             866 |
---------------------------------------
Warning: trajectory cut off by epoch at 10 steps.
Warning: trajectory cut off by epoch at 14 steps.
Warning: trajectory cut off by epoch at 13 steps.
Warning: trajectory cut off by epoch at 9 steps.
[32;1mAccepting new params at step 0 of line search.[0m
---------------------------------------
|             Epoch |              12 |
|      AverageEpRet |           0.296 |
|          StdEpRet |            2.02 |
|          MaxEpRet |            12.5 |
|          MinEpRet |           -6.76 |
|             EpLen |            13.3 |
|      AverageVVals |           -2.45 |
|          StdVVals |            1.93 |
|          MaxVVals |            3.96 |
|          MinVVals |           -8.98 |
| TotalEnvInteracts |         5.2e+04 |
|            LossPi |        1.86e-08 |
|             LossV |            2.15 |
|       DeltaLossPi |         -0.0529 |
|        DeltaLossV |          -0.304 |
|                KL |         0.00942 |
|    BacktrackIters |               0 |
|              Time |             937 |
---------------------------------------
Warning: trajectory cut off by epoch at 15 steps.
Warning: trajectory cut off by epoch at 18 steps.
Warning: trajectory cut off by epoch at 12 steps.
Warning: trajectory cut off by epoch at 3 steps.
[32;1mAccepting new params at step 0 of line search.[0m
---------------------------------------
|             Epoch |              13 |
|      AverageEpRet |           0.758 |
|          StdEpRet |            2.19 |
|          MaxEpRet |            10.2 |
|          MinEpRet |           -7.94 |
|             EpLen |            14.1 |
|      AverageVVals |           -2.29 |
|          StdVVals |            2.12 |
|          MaxVVals |            6.37 |
|          MinVVals |           -10.4 |
| TotalEnvInteracts |         5.6e+04 |
|            LossPi |        1.86e-08 |
|             LossV |            2.93 |
|       DeltaLossPi |         -0.0552 |
|        DeltaLossV |           -0.73 |
|                KL |         0.00917 |
|    BacktrackIters |               0 |
|              Time |        1.01e+03 |
---------------------------------------
Warning: trajectory cut off by epoch at 8 steps.
Warning: trajectory cut off by epoch at 18 steps.
Warning: trajectory cut off by epoch at 1 steps.
Warning: trajectory cut off by epoch at 7 steps.
[32;1mAccepting new params at step 0 of line search.[0m
---------------------------------------
|             Epoch |              14 |
|      AverageEpRet |            1.24 |
|          StdEpRet |            2.38 |
|          MaxEpRet |            12.5 |
|          MinEpRet |           -6.43 |
|             EpLen |            14.6 |
|      AverageVVals |           -2.05 |
|          StdVVals |            2.02 |
|          MaxVVals |            4.23 |
|          MinVVals |           -9.87 |
| TotalEnvInteracts |           6e+04 |
|            LossPi |        1.49e-08 |
|             LossV |            3.27 |
|       DeltaLossPi |         -0.0528 |
|        DeltaLossV |          -0.544 |
|                KL |          0.0093 |
|    BacktrackIters |               0 |
|              Time |         1.1e+03 |
---------------------------------------
Warning: trajectory cut off by epoch at 2 steps.
Warning: trajectory cut off by epoch at 11 steps.
Warning: trajectory cut off by epoch at 7 steps.
[32;1mAccepting new params at step 0 of line search.[0m
---------------------------------------
|             Epoch |              15 |
|      AverageEpRet |            1.68 |
|          StdEpRet |            2.94 |
|          MaxEpRet |            29.8 |
|          MinEpRet |           -5.77 |
|             EpLen |            15.1 |
|      AverageVVals |           -1.74 |
|          StdVVals |             2.1 |
|          MaxVVals |            8.55 |
|          MinVVals |           -8.42 |
| TotalEnvInteracts |         6.4e+04 |
|            LossPi |        2.24e-08 |
|             LossV |            6.75 |
|       DeltaLossPi |         -0.0682 |
|        DeltaLossV |           -1.67 |
|                KL |         0.00933 |
|    BacktrackIters |               0 |
|              Time |        1.18e+03 |
---------------------------------------
Warning: trajectory cut off by epoch at 6 steps.
Warning: trajectory cut off by epoch at 3 steps.
Warning: trajectory cut off by epoch at 7 steps.
Warning: trajectory cut off by epoch at 16 steps.
[32;1mAccepting new params at step 0 of line search.[0m
---------------------------------------
|             Epoch |              16 |
|      AverageEpRet |             1.7 |
|          StdEpRet |            2.66 |
|          MaxEpRet |              16 |
|          MinEpRet |           -9.69 |
|             EpLen |            15.9 |
|      AverageVVals |           -1.68 |
|          StdVVals |            2.47 |
|          MaxVVals |             7.5 |
|          MinVVals |           -12.5 |
| TotalEnvInteracts |         6.8e+04 |
|            LossPi |       -3.73e-09 |
|             LossV |            4.88 |
|       DeltaLossPi |         -0.0572 |
|        DeltaLossV |           -1.29 |
|                KL |         0.00946 |
|    BacktrackIters |               0 |
|              Time |        1.27e+03 |
---------------------------------------
Warning: trajectory cut off by epoch at 11 steps.
Warning: trajectory cut off by epoch at 8 steps.
Warning: trajectory cut off by epoch at 7 steps.
Warning: trajectory cut off by epoch at 8 steps.
[32;1mAccepting new params at step 0 of line search.[0m
---------------------------------------
|             Epoch |              17 |
|      AverageEpRet |            2.53 |
|          StdEpRet |            3.01 |
|          MaxEpRet |            21.5 |
|          MinEpRet |           -4.32 |
|             EpLen |            16.6 |
|      AverageVVals |           -1.57 |
|          StdVVals |            2.28 |
|          MaxVVals |            5.17 |
|          MinVVals |           -10.1 |
| TotalEnvInteracts |         7.2e+04 |
|            LossPi |       -9.31e-09 |
|             LossV |            5.31 |
|       DeltaLossPi |         -0.0568 |
|        DeltaLossV |          -0.964 |
|                KL |          0.0094 |
|    BacktrackIters |               0 |
|              Time |        1.34e+03 |
---------------------------------------
Warning: trajectory cut off by epoch at 14 steps.
Warning: trajectory cut off by epoch at 11 steps.
[32;1mAccepting new params at step 0 of line search.[0m
---------------------------------------
|             Epoch |              18 |
|      AverageEpRet |            3.14 |
|          StdEpRet |            4.78 |
|          MaxEpRet |            38.8 |
|          MinEpRet |           -9.23 |
|             EpLen |            18.1 |
|      AverageVVals |           -1.21 |
|          StdVVals |             2.7 |
|          MaxVVals |            10.4 |
|          MinVVals |           -10.5 |
| TotalEnvInteracts |         7.6e+04 |
|            LossPi |       -1.86e-09 |
|             LossV |            15.8 |
|       DeltaLossPi |         -0.0626 |
|        DeltaLossV |           -3.77 |
|                KL |         0.00936 |
|    BacktrackIters |               0 |
|              Time |        1.41e+03 |
---------------------------------------
Warning: trajectory cut off by epoch at 6 steps.
Warning: trajectory cut off by epoch at 20 steps.
Warning: trajectory cut off by epoch at 9 steps.
Warning: trajectory cut off by epoch at 7 steps.
[32;1mAccepting new params at step 0 of line search.[0m
---------------------------------------
|             Epoch |              19 |
|      AverageEpRet |            3.42 |
|          StdEpRet |             3.8 |
|          MaxEpRet |              22 |
|          MinEpRet |           -6.04 |
|             EpLen |            18.8 |
|      AverageVVals |          -0.806 |
|          StdVVals |            2.94 |
|          MaxVVals |              12 |
|          MinVVals |           -13.6 |
| TotalEnvInteracts |           8e+04 |
|            LossPi |       -2.42e-08 |
|             LossV |             9.8 |
|       DeltaLossPi |         -0.0571 |
|        DeltaLossV |           -2.37 |
|                KL |         0.00943 |
|    BacktrackIters |               0 |
|              Time |        1.48e+03 |
---------------------------------------
Warning: trajectory cut off by epoch at 28 steps.
Warning: trajectory cut off by epoch at 8 steps.
Warning: trajectory cut off by epoch at 14 steps.
Warning: trajectory cut off by epoch at 2 steps.
[32;1mAccepting new params at step 0 of line search.[0m
---------------------------------------
|             Epoch |              20 |
|      AverageEpRet |            4.06 |
|          StdEpRet |            5.31 |
|          MaxEpRet |              29 |
|          MinEpRet |           -13.9 |
|             EpLen |            21.6 |
|      AverageVVals |           -1.04 |
|          StdVVals |            3.29 |
|          MaxVVals |            10.3 |
|          MinVVals |             -14 |
| TotalEnvInteracts |         8.4e+04 |
|            LossPi |        7.45e-09 |
|             LossV |            15.9 |
|       DeltaLossPi |         -0.0579 |
|        DeltaLossV |           -3.68 |
|                KL |         0.00953 |
|    BacktrackIters |               0 |
|              Time |        1.56e+03 |
---------------------------------------
Warning: trajectory cut off by epoch at 15 steps.
Warning: trajectory cut off by epoch at 29 steps.
Warning: trajectory cut off by epoch at 33 steps.
Warning: trajectory cut off by epoch at 20 steps.
[32;1mAccepting new params at step 0 of line search.[0m
---------------------------------------
|             Epoch |              21 |
|      AverageEpRet |            4.31 |
|          StdEpRet |            7.01 |
|          MaxEpRet |            35.4 |
|          MinEpRet |           -28.8 |
|             EpLen |            23.1 |
|      AverageVVals |          -0.918 |
|          StdVVals |            4.04 |
|          MaxVVals |            12.2 |
|          MinVVals |           -16.9 |
| TotalEnvInteracts |         8.8e+04 |
|            LossPi |        2.24e-08 |
|             LossV |            33.3 |
|       DeltaLossPi |         -0.0536 |
|        DeltaLossV |           -8.82 |
|                KL |         0.00921 |
|    BacktrackIters |               0 |
|              Time |        1.62e+03 |
---------------------------------------
Warning: trajectory cut off by epoch at 48 steps.
Warning: trajectory cut off by epoch at 27 steps.
Warning: trajectory cut off by epoch at 25 steps.
Warning: trajectory cut off by epoch at 21 steps.
[32;1mAccepting new params at step 0 of line search.[0m
---------------------------------------
|             Epoch |              22 |
|      AverageEpRet |            4.18 |
|          StdEpRet |            5.58 |
|          MaxEpRet |              26 |
|          MinEpRet |           -21.9 |
|             EpLen |            23.9 |
|      AverageVVals |           -1.45 |
|          StdVVals |            5.59 |
|          MaxVVals |            16.5 |
|          MinVVals |           -22.5 |
| TotalEnvInteracts |         9.2e+04 |
|            LossPi |        3.73e-09 |
|             LossV |            29.9 |
|       DeltaLossPi |         -0.0515 |
|        DeltaLossV |           -9.29 |
|                KL |          0.0094 |
|    BacktrackIters |               0 |
|              Time |        1.69e+03 |
---------------------------------------
Warning: trajectory cut off by epoch at 20 steps.
Warning: trajectory cut off by epoch at 23 steps.
Warning: trajectory cut off by epoch at 43 steps.
Warning: trajectory cut off by epoch at 4 steps.
[32;1mAccepting new params at step 0 of line search.[0m
---------------------------------------
|             Epoch |              23 |
|      AverageEpRet |            5.65 |
|          StdEpRet |            8.23 |
|          MaxEpRet |            53.7 |
|          MinEpRet |           -31.6 |
|             EpLen |            26.4 |
|      AverageVVals |           -1.59 |
|          StdVVals |            5.59 |
|          MaxVVals |            18.3 |
|          MinVVals |           -24.2 |
| TotalEnvInteracts |         9.6e+04 |
|            LossPi |               0 |
|             LossV |            45.7 |
|       DeltaLossPi |         -0.0529 |
|        DeltaLossV |             -15 |
|                KL |         0.00911 |
|    BacktrackIters |               0 |
|              Time |        1.76e+03 |
---------------------------------------
Warning: trajectory cut off by epoch at 18 steps.
Warning: trajectory cut off by epoch at 46 steps.
Warning: trajectory cut off by epoch at 9 steps.
Warning: trajectory cut off by epoch at 7 steps.
[32;1mAccepting new params at step 0 of line search.[0m
---------------------------------------
|             Epoch |              24 |
|      AverageEpRet |            5.59 |
|          StdEpRet |            6.87 |
|          MaxEpRet |            29.4 |
|          MinEpRet |           -28.7 |
|             EpLen |            28.6 |
|      AverageVVals |           -1.62 |
|          StdVVals |            6.91 |
|          MaxVVals |            18.3 |
|          MinVVals |           -28.5 |
| TotalEnvInteracts |           1e+05 |
|            LossPi |        1.68e-08 |
|             LossV |            30.8 |
|       DeltaLossPi |         -0.0511 |
|        DeltaLossV |           -10.3 |
|                KL |         0.00929 |
|    BacktrackIters |               0 |
|              Time |        1.83e+03 |
---------------------------------------
Warning: trajectory cut off by epoch at 9 steps.
Warning: trajectory cut off by epoch at 26 steps.
Warning: trajectory cut off by epoch at 12 steps.
Warning: trajectory cut off by epoch at 9 steps.
[32;1mAccepting new params at step 0 of line search.[0m
---------------------------------------
|             Epoch |              25 |
|      AverageEpRet |            10.8 |
|          StdEpRet |            18.8 |
|          MaxEpRet |             190 |
|          MinEpRet |           -4.42 |
|             EpLen |            30.8 |
|      AverageVVals |           0.764 |
|          StdVVals |            5.59 |
|          MaxVVals |              28 |
|          MinVVals |           -22.6 |
| TotalEnvInteracts |        1.04e+05 |
|            LossPi |        2.98e-08 |
|             LossV |             200 |
|       DeltaLossPi |         -0.0563 |
|        DeltaLossV |           -88.1 |
|                KL |         0.00917 |
|    BacktrackIters |               0 |
|              Time |         1.9e+03 |
---------------------------------------
Warning: trajectory cut off by epoch at 5 steps.
Warning: trajectory cut off by epoch at 23 steps.
Warning: trajectory cut off by epoch at 13 steps.
Warning: trajectory cut off by epoch at 11 steps.
[32;1mAccepting new params at step 0 of line search.[0m
---------------------------------------
|             Epoch |              26 |
|      AverageEpRet |            7.27 |
|          StdEpRet |            8.22 |
|          MaxEpRet |            34.7 |
|          MinEpRet |             -40 |
|             EpLen |            29.9 |
|      AverageVVals |            1.77 |
|          StdVVals |            7.81 |
|          MaxVVals |            40.9 |
|          MinVVals |           -33.4 |
| TotalEnvInteracts |        1.08e+05 |
|            LossPi |        -4.1e-08 |
|             LossV |            73.6 |
|       DeltaLossPi |           -0.05 |
|        DeltaLossV |           -35.1 |
|                KL |         0.00933 |
|    BacktrackIters |               0 |
|              Time |        1.97e+03 |
---------------------------------------
Warning: trajectory cut off by epoch at 29 steps.
Warning: trajectory cut off by epoch at 15 steps.
Warning: trajectory cut off by epoch at 11 steps.
[32;1mAccepting new params at step 0 of line search.[0m
---------------------------------------
|             Epoch |              27 |
|      AverageEpRet |            8.77 |
|          StdEpRet |            12.8 |
|          MaxEpRet |              75 |
|          MinEpRet |           -13.6 |
|             EpLen |            31.8 |
|      AverageVVals |          -0.493 |
|          StdVVals |            7.11 |
|          MaxVVals |            33.2 |
|          MinVVals |           -33.1 |
| TotalEnvInteracts |        1.12e+05 |
|            LossPi |        7.45e-09 |
|             LossV |            85.2 |
|       DeltaLossPi |         -0.0538 |
|        DeltaLossV |           -30.2 |
|                KL |          0.0093 |
|    BacktrackIters |               0 |
|              Time |        2.04e+03 |
---------------------------------------
Warning: trajectory cut off by epoch at 18 steps.
Warning: trajectory cut off by epoch at 16 steps.
Warning: trajectory cut off by epoch at 3 steps.
Warning: trajectory cut off by epoch at 47 steps.
[32;1mAccepting new params at step 0 of line search.[0m
---------------------------------------
|             Epoch |              28 |
|      AverageEpRet |              10 |
|          StdEpRet |            17.9 |
|          MaxEpRet |             142 |
|          MinEpRet |             -15 |
|             EpLen |            37.7 |
|      AverageVVals |             1.1 |
|          StdVVals |            8.42 |
|          MaxVVals |            46.9 |
|          MinVVals |           -31.9 |
| TotalEnvInteracts |        1.16e+05 |
|            LossPi |        1.49e-08 |
|             LossV |             141 |
|       DeltaLossPi |         -0.0556 |
|        DeltaLossV |           -50.9 |
|                KL |         0.00926 |
|    BacktrackIters |               0 |
|              Time |        2.11e+03 |
---------------------------------------
Warning: trajectory cut off by epoch at 4 steps.
Warning: trajectory cut off by epoch at 57 steps.
Warning: trajectory cut off by epoch at 3 steps.
Warning: trajectory cut off by epoch at 1 steps.
[32;1mAccepting new params at step 0 of line search.[0m
---------------------------------------
|             Epoch |              29 |
|      AverageEpRet |            10.2 |
|          StdEpRet |            12.6 |
|          MaxEpRet |            72.3 |
|          MinEpRet |           -28.5 |
|             EpLen |            34.5 |
|      AverageVVals |            2.36 |
|          StdVVals |            10.1 |
|          MaxVVals |            49.4 |
|          MinVVals |           -27.8 |
| TotalEnvInteracts |         1.2e+05 |
|            LossPi |       -2.61e-08 |
|             LossV |              81 |
|       DeltaLossPi |         -0.0508 |
|        DeltaLossV |           -31.7 |
|                KL |         0.00925 |
|    BacktrackIters |               0 |
|              Time |        2.19e+03 |
---------------------------------------
Warning: trajectory cut off by epoch at 7 steps.
Warning: trajectory cut off by epoch at 1 steps.
Warning: trajectory cut off by epoch at 15 steps.
Warning: trajectory cut off by epoch at 24 steps.
[32;1mAccepting new params at step 0 of line search.[0m
---------------------------------------
|             Epoch |              30 |
|      AverageEpRet |              14 |
|          StdEpRet |            20.7 |
|          MaxEpRet |             199 |
|          MinEpRet |           -6.53 |
|             EpLen |            35.3 |
|      AverageVVals |            3.22 |
|          StdVVals |            8.14 |
|          MaxVVals |            41.3 |
|          MinVVals |           -22.2 |
| TotalEnvInteracts |        1.24e+05 |
|            LossPi |       -7.45e-09 |
|             LossV |             172 |
|       DeltaLossPi |         -0.0505 |
|        DeltaLossV |           -69.5 |
|                KL |         0.00933 |
|    BacktrackIters |               0 |
|              Time |        2.26e+03 |
---------------------------------------
Warning: trajectory cut off by epoch at 35 steps.
Warning: trajectory cut off by epoch at 16 steps.
Warning: trajectory cut off by epoch at 36 steps.
Warning: trajectory cut off by epoch at 28 steps.
[32;1mAccepting new params at step 0 of line search.[0m
---------------------------------------
|             Epoch |              31 |
|      AverageEpRet |            17.6 |
|          StdEpRet |            32.2 |
|          MaxEpRet |             233 |
|          MinEpRet |           -8.11 |
|             EpLen |            42.7 |
|      AverageVVals |            6.17 |
|          StdVVals |            13.1 |
|          MaxVVals |            56.7 |
|          MinVVals |             -26 |
| TotalEnvInteracts |        1.28e+05 |
|            LossPi |       -1.86e-08 |
|             LossV |             401 |
|       DeltaLossPi |         -0.0571 |
|        DeltaLossV |            -175 |
|                KL |         0.00917 |
|    BacktrackIters |               0 |
|              Time |        2.33e+03 |
---------------------------------------
Warning: trajectory cut off by epoch at 32 steps.
Warning: trajectory cut off by epoch at 14 steps.
Warning: trajectory cut off by epoch at 5 steps.
Warning: trajectory cut off by epoch at 1 steps.
[32;1mAccepting new params at step 0 of line search.[0m
---------------------------------------
|             Epoch |              32 |
|      AverageEpRet |            16.8 |
|          StdEpRet |            23.7 |
|          MaxEpRet |             165 |
|          MinEpRet |           -4.05 |
|             EpLen |            40.7 |
|      AverageVVals |             7.6 |
|          StdVVals |              16 |
|          MaxVVals |            68.3 |
|          MinVVals |           -26.7 |
| TotalEnvInteracts |        1.32e+05 |
|            LossPi |       -1.12e-08 |
|             LossV |             217 |
|       DeltaLossPi |         -0.0511 |
|        DeltaLossV |            -103 |
|                KL |         0.00926 |
|    BacktrackIters |               0 |
|              Time |        2.41e+03 |
---------------------------------------
Warning: trajectory cut off by epoch at 104 steps.
Warning: trajectory cut off by epoch at 25 steps.
Warning: trajectory cut off by epoch at 2 steps.
Warning: trajectory cut off by epoch at 7 steps.
[32;1mAccepting new params at step 0 of line search.[0m
---------------------------------------
|             Epoch |              33 |
|      AverageEpRet |            15.2 |
|          StdEpRet |            20.3 |
|          MaxEpRet |             119 |
|          MinEpRet |           -10.8 |
|             EpLen |            43.9 |
|      AverageVVals |            5.06 |
|          StdVVals |              13 |
|          MaxVVals |            64.3 |
|          MinVVals |           -21.4 |
| TotalEnvInteracts |        1.36e+05 |
|            LossPi |       -2.98e-08 |
|             LossV |             202 |
|       DeltaLossPi |         -0.0534 |
|        DeltaLossV |             -73 |
|                KL |         0.00907 |
|    BacktrackIters |               0 |
|              Time |        2.48e+03 |
---------------------------------------
Warning: trajectory cut off by epoch at 45 steps.
Warning: trajectory cut off by epoch at 12 steps.
[32;1mAccepting new params at step 0 of line search.[0m
---------------------------------------
|             Epoch |              34 |
|      AverageEpRet |              22 |
|          StdEpRet |            33.7 |
|          MaxEpRet |             224 |
|          MinEpRet |           -21.3 |
|             EpLen |            50.6 |
|      AverageVVals |            7.78 |
|          StdVVals |            14.6 |
|          MaxVVals |            62.2 |
|          MinVVals |             -22 |
| TotalEnvInteracts |         1.4e+05 |
|            LossPi |       -2.24e-08 |
|             LossV |             337 |
|       DeltaLossPi |         -0.0552 |
|        DeltaLossV |            -162 |
|                KL |         0.00927 |
|    BacktrackIters |               0 |
|              Time |        2.55e+03 |
---------------------------------------
Warning: trajectory cut off by epoch at 17 steps.
Warning: trajectory cut off by epoch at 4 steps.
Warning: trajectory cut off by epoch at 11 steps.
Warning: trajectory cut off by epoch at 4 steps.
[32;1mAccepting new params at step 0 of line search.[0m
---------------------------------------
|             Epoch |              35 |
|      AverageEpRet |            21.7 |
|          StdEpRet |            43.2 |
|          MaxEpRet |             288 |
|          MinEpRet |           -19.3 |
|             EpLen |            55.1 |
|      AverageVVals |            6.56 |
|          StdVVals |            17.6 |
|          MaxVVals |            77.1 |
|          MinVVals |           -23.4 |
| TotalEnvInteracts |        1.44e+05 |
|            LossPi |       -2.24e-08 |
|             LossV |             434 |
|       DeltaLossPi |         -0.0536 |
|        DeltaLossV |            -171 |
|                KL |          0.0092 |
|    BacktrackIters |               0 |
|              Time |        2.62e+03 |
---------------------------------------
Warning: trajectory cut off by epoch at 1 steps.
Warning: trajectory cut off by epoch at 70 steps.
Warning: trajectory cut off by epoch at 26 steps.
Warning: trajectory cut off by epoch at 11 steps.
[32;1mAccepting new params at step 0 of line search.[0m
---------------------------------------
|             Epoch |              36 |
|      AverageEpRet |            23.8 |
|          StdEpRet |            32.2 |
|          MaxEpRet |             219 |
|          MinEpRet |           -33.7 |
|             EpLen |            58.1 |
|      AverageVVals |            8.36 |
|          StdVVals |              20 |
|          MaxVVals |            87.7 |
|          MinVVals |           -24.5 |
| TotalEnvInteracts |        1.48e+05 |
|            LossPi |        2.98e-08 |
|             LossV |             383 |
|       DeltaLossPi |         -0.0529 |
|        DeltaLossV |            -180 |
|                KL |         0.00936 |
|    BacktrackIters |               0 |
|              Time |        2.69e+03 |
---------------------------------------
Warning: trajectory cut off by epoch at 30 steps.
Warning: trajectory cut off by epoch at 21 steps.
Warning: trajectory cut off by epoch at 78 steps.
Warning: trajectory cut off by epoch at 8 steps.
[32;1mAccepting new params at step 0 of line search.[0m
---------------------------------------
|             Epoch |              37 |
|      AverageEpRet |            17.5 |
|          StdEpRet |            21.5 |
|          MaxEpRet |             156 |
|          MinEpRet |           -24.3 |
|             EpLen |            52.9 |
|      AverageVVals |            6.19 |
|          StdVVals |            14.6 |
|          MaxVVals |              81 |
|          MinVVals |           -23.8 |
| TotalEnvInteracts |        1.52e+05 |
|            LossPi |        2.84e-08 |
|             LossV |             170 |
|       DeltaLossPi |         -0.0528 |
|        DeltaLossV |           -65.5 |
|                KL |         0.00926 |
|    BacktrackIters |               0 |
|              Time |        2.77e+03 |
---------------------------------------
Warning: trajectory cut off by epoch at 21 steps.
Warning: trajectory cut off by epoch at 25 steps.
Warning: trajectory cut off by epoch at 12 steps.
Warning: trajectory cut off by epoch at 11 steps.
[32;1mAccepting new params at step 0 of line search.[0m
---------------------------------------
|             Epoch |              38 |
|      AverageEpRet |              26 |
|          StdEpRet |            29.3 |
|          MaxEpRet |             181 |
|          MinEpRet |           -22.9 |
|             EpLen |              57 |
|      AverageVVals |            6.79 |
|          StdVVals |            15.6 |
|          MaxVVals |            86.2 |
|          MinVVals |           -26.4 |
| TotalEnvInteracts |        1.56e+05 |
|            LossPi |       -3.73e-09 |
|             LossV |             261 |
|       DeltaLossPi |         -0.0522 |
|        DeltaLossV |             -87 |
|                KL |         0.00922 |
|    BacktrackIters |               0 |
|              Time |        2.85e+03 |
---------------------------------------
Warning: trajectory cut off by epoch at 13 steps.
Warning: trajectory cut off by epoch at 90 steps.
Warning: trajectory cut off by epoch at 7 steps.
Warning: trajectory cut off by epoch at 67 steps.
[32;1mAccepting new params at step 0 of line search.[0m
---------------------------------------
|             Epoch |              39 |
|      AverageEpRet |            30.7 |
|          StdEpRet |            42.6 |
|          MaxEpRet |             252 |
|          MinEpRet |           -7.98 |
|             EpLen |            65.9 |
|      AverageVVals |            7.08 |
|          StdVVals |              16 |
|          MaxVVals |            81.2 |
|          MinVVals |           -48.5 |
| TotalEnvInteracts |         1.6e+05 |
|            LossPi |       -7.45e-09 |
|             LossV |             447 |
|       DeltaLossPi |         -0.0521 |
|        DeltaLossV |            -202 |
|                KL |         0.00925 |
|    BacktrackIters |               0 |
|              Time |        2.93e+03 |
---------------------------------------
Warning: trajectory cut off by epoch at 47 steps.
Warning: trajectory cut off by epoch at 47 steps.
Warning: trajectory cut off by epoch at 104 steps.
Warning: trajectory cut off by epoch at 105 steps.
[32;1mAccepting new params at step 0 of line search.[0m
---------------------------------------
|             Epoch |              40 |
|      AverageEpRet |            25.2 |
|          StdEpRet |            31.4 |
|          MaxEpRet |             153 |
|          MinEpRet |           -23.8 |
|             EpLen |            68.5 |
|      AverageVVals |            10.2 |
|          StdVVals |            19.6 |
|          MaxVVals |            83.9 |
|          MinVVals |           -38.1 |
| TotalEnvInteracts |        1.64e+05 |
|            LossPi |        1.86e-08 |
|             LossV |             314 |
|       DeltaLossPi |         -0.0524 |
|        DeltaLossV |            -129 |
|                KL |         0.00929 |
|    BacktrackIters |               0 |
|              Time |        3.01e+03 |
---------------------------------------
Warning: trajectory cut off by epoch at 18 steps.
Warning: trajectory cut off by epoch at 42 steps.
Warning: trajectory cut off by epoch at 6 steps.
Warning: trajectory cut off by epoch at 2 steps.
[32;1mAccepting new params at step 0 of line search.[0m
---------------------------------------
|             Epoch |              41 |
|      AverageEpRet |            31.3 |
|          StdEpRet |            55.4 |
|          MaxEpRet |             320 |
|          MinEpRet |           -36.8 |
|             EpLen |              69 |
|      AverageVVals |            10.4 |
|          StdVVals |            21.5 |
|          MaxVVals |            87.3 |
|          MinVVals |           -26.3 |
| TotalEnvInteracts |        1.68e+05 |
|            LossPi |       -7.45e-09 |
|             LossV |             519 |
|       DeltaLossPi |         -0.0496 |
|        DeltaLossV |            -231 |
|                KL |         0.00924 |
|    BacktrackIters |               0 |
|              Time |        3.08e+03 |
---------------------------------------
Warning: trajectory cut off by epoch at 41 steps.
Warning: trajectory cut off by epoch at 24 steps.
Warning: trajectory cut off by epoch at 145 steps.
Warning: trajectory cut off by epoch at 23 steps.
[32;1mAccepting new params at step 0 of line search.[0m
---------------------------------------
|             Epoch |              42 |
|      AverageEpRet |            45.8 |
|          StdEpRet |            61.8 |
|          MaxEpRet |             252 |
|          MinEpRet |           -19.9 |
|             EpLen |            76.9 |
|      AverageVVals |              18 |
|          StdVVals |              29 |
|          MaxVVals |            93.2 |
|          MinVVals |           -29.6 |
| TotalEnvInteracts |        1.72e+05 |
|            LossPi |       -2.24e-08 |
|             LossV |             709 |
|       DeltaLossPi |         -0.0542 |
|        DeltaLossV |            -240 |
|                KL |         0.00931 |
|    BacktrackIters |               0 |
|              Time |        3.15e+03 |
---------------------------------------
Warning: trajectory cut off by epoch at 33 steps.
Warning: trajectory cut off by epoch at 24 steps.
Warning: trajectory cut off by epoch at 49 steps.
Warning: trajectory cut off by epoch at 11 steps.
[32;1mAccepting new params at step 0 of line search.[0m
---------------------------------------
|             Epoch |              43 |
|      AverageEpRet |            42.6 |
|          StdEpRet |            69.9 |
|          MaxEpRet |             278 |
|          MinEpRet |           -23.5 |
|             EpLen |            76.1 |
|      AverageVVals |            16.3 |
|          StdVVals |            27.9 |
|          MaxVVals |            97.2 |
|          MinVVals |             -32 |
| TotalEnvInteracts |        1.76e+05 |
|            LossPi |        2.61e-08 |
|             LossV |             781 |
|       DeltaLossPi |         -0.0527 |
|        DeltaLossV |            -313 |
|                KL |         0.00938 |
|    BacktrackIters |               0 |
|              Time |        3.22e+03 |
---------------------------------------
Warning: trajectory cut off by epoch at 85 steps.
Warning: trajectory cut off by epoch at 92 steps.
Warning: trajectory cut off by epoch at 69 steps.
Warning: trajectory cut off by epoch at 31 steps.
[32;1mAccepting new params at step 0 of line search.[0m
---------------------------------------
|             Epoch |              44 |
|      AverageEpRet |            55.8 |
|          StdEpRet |            79.3 |
|          MaxEpRet |             316 |
|          MinEpRet |            -5.9 |
|             EpLen |            82.7 |
|      AverageVVals |            24.8 |
|          StdVVals |            32.8 |
|          MaxVVals |             102 |
|          MinVVals |           -41.5 |
| TotalEnvInteracts |         1.8e+05 |
|            LossPi |               0 |
|             LossV |             737 |
|       DeltaLossPi |         -0.0513 |
|        DeltaLossV |            -288 |
|                KL |         0.00918 |
|    BacktrackIters |               0 |
|              Time |        3.29e+03 |
---------------------------------------
Warning: trajectory cut off by epoch at 63 steps.
Warning: trajectory cut off by epoch at 131 steps.
Warning: trajectory cut off by epoch at 170 steps.
Warning: trajectory cut off by epoch at 42 steps.
[32;1mAccepting new params at step 0 of line search.[0m
---------------------------------------
|             Epoch |              45 |
|      AverageEpRet |            38.5 |
|          StdEpRet |            52.4 |
|          MaxEpRet |             320 |
|          MinEpRet |           -12.6 |
|             EpLen |            74.9 |
|      AverageVVals |            24.6 |
|          StdVVals |            31.8 |
|          MaxVVals |             105 |
|          MinVVals |           -20.2 |
| TotalEnvInteracts |        1.84e+05 |
|            LossPi |       -7.45e-09 |
|             LossV |             639 |
|       DeltaLossPi |         -0.0483 |
|        DeltaLossV |            -288 |
|                KL |         0.00931 |
|    BacktrackIters |               0 |
|              Time |        3.35e+03 |
---------------------------------------
Warning: trajectory cut off by epoch at 6 steps.
Warning: trajectory cut off by epoch at 8 steps.
Warning: trajectory cut off by epoch at 16 steps.
Warning: trajectory cut off by epoch at 58 steps.
[32;1mAccepting new params at step 0 of line search.[0m
---------------------------------------
|             Epoch |              46 |
|      AverageEpRet |            44.1 |
|          StdEpRet |            58.8 |
|          MaxEpRet |             335 |
|          MinEpRet |           -4.97 |
|             EpLen |            78.2 |
|      AverageVVals |            17.1 |
|          StdVVals |            23.5 |
|          MaxVVals |            98.2 |
|          MinVVals |           -22.1 |
| TotalEnvInteracts |        1.88e+05 |
|            LossPi |        7.45e-09 |
|             LossV |             620 |
|       DeltaLossPi |         -0.0506 |
|        DeltaLossV |            -230 |
|                KL |         0.00928 |
|    BacktrackIters |               0 |
|              Time |        3.39e+03 |
---------------------------------------
Warning: trajectory cut off by epoch at 62 steps.
Warning: trajectory cut off by epoch at 77 steps.
Warning: trajectory cut off by epoch at 65 steps.
Warning: trajectory cut off by epoch at 91 steps.
[32;1mAccepting new params at step 0 of line search.[0m
---------------------------------------
|             Epoch |              47 |
|      AverageEpRet |            36.7 |
|          StdEpRet |            45.4 |
|          MaxEpRet |             212 |
|          MinEpRet |           -19.2 |
|             EpLen |            80.5 |
|      AverageVVals |            16.4 |
|          StdVVals |            23.7 |
|          MaxVVals |             105 |
|          MinVVals |           -26.6 |
| TotalEnvInteracts |        1.92e+05 |
|            LossPi |        9.31e-09 |
|             LossV |             506 |
|       DeltaLossPi |         -0.0506 |
|        DeltaLossV |            -200 |
|                KL |         0.00929 |
|    BacktrackIters |               0 |
|              Time |        3.41e+03 |
---------------------------------------
Warning: trajectory cut off by epoch at 29 steps.
Warning: trajectory cut off by epoch at 69 steps.
Warning: trajectory cut off by epoch at 45 steps.
Warning: trajectory cut off by epoch at 71 steps.
[32;1mAccepting new params at step 0 of line search.[0m
---------------------------------------
|             Epoch |              48 |
|      AverageEpRet |            55.3 |
|          StdEpRet |            73.1 |
|          MaxEpRet |             280 |
|          MinEpRet |           -2.38 |
|             EpLen |            82.3 |
|      AverageVVals |            20.3 |
|          StdVVals |            26.3 |
|          MaxVVals |             102 |
|          MinVVals |           -24.5 |
| TotalEnvInteracts |        1.96e+05 |
|            LossPi |       -1.12e-08 |
|             LossV |             804 |
|       DeltaLossPi |         -0.0509 |
|        DeltaLossV |            -303 |
|                KL |         0.00918 |
|    BacktrackIters |               0 |
|              Time |        3.44e+03 |
---------------------------------------
Warning: trajectory cut off by epoch at 55 steps.
Warning: trajectory cut off by epoch at 51 steps.
Warning: trajectory cut off by epoch at 91 steps.
Warning: trajectory cut off by epoch at 32 steps.
[32;1mAccepting new params at step 0 of line search.[0m
---------------------------------------
|             Epoch |              49 |
|      AverageEpRet |            41.4 |
|          StdEpRet |            45.6 |
|          MaxEpRet |             254 |
|          MinEpRet |           -25.9 |
|             EpLen |              92 |
|      AverageVVals |            17.9 |
|          StdVVals |            27.1 |
|          MaxVVals |             104 |
|          MinVVals |           -23.1 |
| TotalEnvInteracts |           2e+05 |
|            LossPi |        1.12e-08 |
|             LossV |             500 |
|       DeltaLossPi |         -0.0497 |
|        DeltaLossV |            -200 |
|                KL |         0.00932 |
|    BacktrackIters |               0 |
|              Time |        3.46e+03 |
---------------------------------------
