--------------------------------------------------------------------------
[[24126,1],0]: A high-performance Open MPI point-to-point messaging module
was unable to find any relevant network interfaces:

Module: OpenFabrics (openib)
  Host: GCRAZGDL0429

Another transport will be used instead, although this may result in
lower performance.

NOTE: You can disable this warning by setting the MCA parameter
btl_base_warn_component_unused to 0.
--------------------------------------------------------------------------
2022-04-15 04:17:55.265794: I tensorflow/core/platform/cpu_feature_guard.cc:142] Your CPU supports instructions that this TensorFlow binary was not compiled to use: AVX2 FMA
2022-04-15 04:17:55.270849: I tensorflow/core/platform/profile_utils/cpu_utils.cc:94] CPU Frequency: 2593990000 Hz
2022-04-15 04:17:55.271688: I tensorflow/compiler/xla/service/service.cc:168] XLA service 0x56103b5bac20 initialized for platform Host (this does not guarantee that XLA will be used). Devices:
2022-04-15 04:17:55.271717: I tensorflow/compiler/xla/service/service.cc:176]   StreamExecutor device (0): Host, Default Version
Warning: Log dir exp/wtrpo_Walker2d-v3/wtrpo_Walker2d-v3_s1 already exists! Storing info there anyway.
[32;1mLogging data to exp/wtrpo_Walker2d-v3/wtrpo_Walker2d-v3_s1/progress.txt[0m
[36;1mSaving config:
[0m
{
    "ac_kwargs":	{
        "hidden_sizes":	[
            64,
            64
        ]
    },
    "actor_critic":	"mlp_actor_critic",
    "algo":	"trpo",
    "backtrack_coeff":	0.8,
    "backtrack_iters":	10,
    "cg_iters":	10,
    "damping_coeff":	0.1,
    "delta":	0.01,
    "env_fn":	"<function <lambda> at 0x7fb66ea71290>",
    "epochs":	50,
    "exp_name":	"wtrpo_Walker2d-v3",
    "gamma":	0.99,
    "lam":	0.97,
    "logger":	{
        "<spinup.utils.logx.EpochLogger object at 0x7fb66ea8ea10>":	{
            "epoch_dict":	{},
            "exp_name":	"wtrpo_Walker2d-v3",
            "first_row":	true,
            "log_current_row":	{},
            "log_headers":	[],
            "output_dir":	"exp/wtrpo_Walker2d-v3/wtrpo_Walker2d-v3_s1",
            "output_file":	{
                "<_io.TextIOWrapper name='exp/wtrpo_Walker2d-v3/wtrpo_Walker2d-v3_s1/progress.txt' mode='w' encoding='UTF-8'>":	{
                    "mode":	"w"
                }
            }
        }
    },
    "logger_kwargs":	{
        "exp_name":	"wtrpo_Walker2d-v3",
        "output_dir":	"exp/wtrpo_Walker2d-v3/wtrpo_Walker2d-v3_s1"
    },
    "max_ep_len":	1000,
    "save_freq":	10,
    "seed":	1,
    "steps_per_epoch":	4000,
    "train_v_iters":	80,
    "vf_lr":	0.001
}
[32;1m
Number of parameters: 	 pi: 5708, 	 v: 5377
[0m
Warning: trajectory cut off by epoch at 8 steps.
[32;1mLine search failed! Keeping old params.[0m
---------------------------------------
|             Epoch |               0 |
|      AverageEpRet |           -1.12 |
|          StdEpRet |            4.14 |
|          MaxEpRet |              10 |
|          MinEpRet |           -17.3 |
|             EpLen |            15.8 |
|      AverageVVals |           0.312 |
|          StdVVals |           0.852 |
|          MaxVVals |            2.01 |
|          MinVVals |           -1.88 |
| TotalEnvInteracts |           4e+03 |
|            LossPi |       -1.88e-08 |
|             LossV |            20.4 |
|       DeltaLossPi |        1.91e-09 |
|        DeltaLossV |           -9.16 |
|                KL |        5.82e+04 |
|    BacktrackIters |               9 |
|              Time |            5.33 |
---------------------------------------
Warning: trajectory cut off by epoch at 16 steps.
[32;1mLine search failed! Keeping old params.[0m
---------------------------------------
|             Epoch |               1 |
|      AverageEpRet |           -1.13 |
|          StdEpRet |            4.23 |
|          MaxEpRet |            16.3 |
|          MinEpRet |           -14.6 |
|             EpLen |            16.5 |
|      AverageVVals |           -2.08 |
|          StdVVals |            1.26 |
|          MaxVVals |            2.37 |
|          MinVVals |           -5.71 |
| TotalEnvInteracts |           8e+03 |
|            LossPi |        1.81e-08 |
|             LossV |            11.3 |
|       DeltaLossPi |       -2.15e-09 |
|        DeltaLossV |           -1.54 |
|                KL |        5.82e+04 |
|    BacktrackIters |               9 |
|              Time |            10.9 |
---------------------------------------
Warning: trajectory cut off by epoch at 4 steps.
[32;1mLine search failed! Keeping old params.[0m
---------------------------------------
|             Epoch |               2 |
|      AverageEpRet |           -1.47 |
|          StdEpRet |            4.12 |
|          MaxEpRet |            10.6 |
|          MinEpRet |           -13.5 |
|             EpLen |            16.3 |
|      AverageVVals |           -2.24 |
|          StdVVals |            1.49 |
|          MaxVVals |            3.09 |
|          MinVVals |           -6.19 |
| TotalEnvInteracts |         1.2e+04 |
|            LossPi |        2.29e-08 |
|             LossV |            11.8 |
|       DeltaLossPi |       -2.15e-09 |
|        DeltaLossV |           -1.95 |
|                KL |        5.82e+04 |
|    BacktrackIters |               9 |
|              Time |            16.1 |
---------------------------------------
Warning: trajectory cut off by epoch at 6 steps.
[32;1mLine search failed! Keeping old params.[0m
---------------------------------------
|             Epoch |               3 |
|      AverageEpRet |           -1.63 |
|          StdEpRet |            4.55 |
|          MaxEpRet |            9.68 |
|          MinEpRet |             -17 |
|             EpLen |            16.4 |
|      AverageVVals |           -2.66 |
|          StdVVals |            1.73 |
|          MaxVVals |            2.75 |
|          MinVVals |           -8.53 |
| TotalEnvInteracts |         1.6e+04 |
|            LossPi |       -1.75e-08 |
|             LossV |            11.2 |
|       DeltaLossPi |               0 |
|        DeltaLossV |            -1.3 |
|                KL |        5.82e+04 |
|    BacktrackIters |               9 |
|              Time |            20.9 |
---------------------------------------
Warning: trajectory cut off by epoch at 7 steps.
[32;1mLine search failed! Keeping old params.[0m
---------------------------------------
|             Epoch |               4 |
|      AverageEpRet |           -1.39 |
|          StdEpRet |            3.86 |
|          MaxEpRet |            9.45 |
|          MinEpRet |           -15.6 |
|             EpLen |            15.7 |
|      AverageVVals |           -2.56 |
|          StdVVals |            1.86 |
|          MaxVVals |             4.8 |
|          MinVVals |           -9.68 |
| TotalEnvInteracts |           2e+04 |
|            LossPi |       -4.77e-10 |
|             LossV |            8.24 |
|       DeltaLossPi |        2.38e-10 |
|        DeltaLossV |            -1.2 |
|                KL |        5.82e+04 |
|    BacktrackIters |               9 |
|              Time |            25.7 |
---------------------------------------
Warning: trajectory cut off by epoch at 10 steps.
[32;1mLine search failed! Keeping old params.[0m
---------------------------------------
|             Epoch |               5 |
|      AverageEpRet |           -1.54 |
|          StdEpRet |            4.33 |
|          MaxEpRet |            9.73 |
|          MinEpRet |           -14.8 |
|             EpLen |            16.4 |
|      AverageVVals |           -2.35 |
|          StdVVals |            1.91 |
|          MaxVVals |            6.25 |
|          MinVVals |           -10.8 |
| TotalEnvInteracts |         2.4e+04 |
|            LossPi |        1.89e-08 |
|             LossV |            10.5 |
|       DeltaLossPi |       -7.15e-10 |
|        DeltaLossV |           -1.37 |
|                KL |        5.82e+04 |
|    BacktrackIters |               9 |
|              Time |            30.4 |
---------------------------------------
Warning: trajectory cut off by epoch at 7 steps.
[32;1mLine search failed! Keeping old params.[0m
---------------------------------------
|             Epoch |               6 |
|      AverageEpRet |           -1.36 |
|          StdEpRet |            4.56 |
|          MaxEpRet |            13.9 |
|          MinEpRet |             -15 |
|             EpLen |            16.2 |
|      AverageVVals |           -2.67 |
|          StdVVals |            2.23 |
|          MaxVVals |            5.87 |
|          MinVVals |           -11.4 |
| TotalEnvInteracts |         2.8e+04 |
|            LossPi |        6.68e-09 |
|             LossV |            10.4 |
|       DeltaLossPi |               0 |
|        DeltaLossV |           -1.58 |
|                KL |        5.82e+04 |
|    BacktrackIters |               9 |
|              Time |            35.2 |
---------------------------------------
Warning: trajectory cut off by epoch at 11 steps.
[32;1mLine search failed! Keeping old params.[0m
---------------------------------------
|             Epoch |               7 |
|      AverageEpRet |           -1.62 |
|          StdEpRet |            4.95 |
|          MaxEpRet |            9.79 |
|          MinEpRet |           -15.2 |
|             EpLen |            16.6 |
|      AverageVVals |           -2.55 |
|          StdVVals |            2.27 |
|          MaxVVals |            5.86 |
|          MinVVals |           -10.5 |
| TotalEnvInteracts |         3.2e+04 |
|            LossPi |       -1.76e-08 |
|             LossV |            12.1 |
|       DeltaLossPi |       -9.54e-10 |
|        DeltaLossV |           -1.53 |
|                KL |        5.82e+04 |
|    BacktrackIters |               9 |
|              Time |            39.8 |
---------------------------------------
Warning: trajectory cut off by epoch at 22 steps.
[32;1mLine search failed! Keeping old params.[0m
---------------------------------------
|             Epoch |               8 |
|      AverageEpRet |           -1.52 |
|          StdEpRet |            3.62 |
|          MaxEpRet |            13.3 |
|          MinEpRet |           -12.9 |
|             EpLen |            15.5 |
|      AverageVVals |           -2.43 |
|          StdVVals |            2.04 |
|          MaxVVals |            5.47 |
|          MinVVals |           -10.5 |
| TotalEnvInteracts |         3.6e+04 |
|            LossPi |        2.34e-08 |
|             LossV |             7.7 |
|       DeltaLossPi |        1.91e-09 |
|        DeltaLossV |           -1.26 |
|                KL |        5.82e+04 |
|    BacktrackIters |               9 |
|              Time |            44.5 |
---------------------------------------
Warning: trajectory cut off by epoch at 8 steps.
[32;1mLine search failed! Keeping old params.[0m
---------------------------------------
|             Epoch |               9 |
|      AverageEpRet |           -1.34 |
|          StdEpRet |            3.94 |
|          MaxEpRet |            9.96 |
|          MinEpRet |           -15.5 |
|             EpLen |              16 |
|      AverageVVals |           -2.63 |
|          StdVVals |            1.93 |
|          MaxVVals |            3.53 |
|          MinVVals |           -10.4 |
| TotalEnvInteracts |           4e+04 |
|            LossPi |         5.6e-09 |
|             LossV |            8.36 |
|       DeltaLossPi |        4.77e-10 |
|        DeltaLossV |           -1.26 |
|                KL |        5.82e+04 |
|    BacktrackIters |               9 |
|              Time |            49.6 |
---------------------------------------
Warning: trajectory cut off by epoch at 6 steps.
[32;1mLine search failed! Keeping old params.[0m
---------------------------------------
|             Epoch |              10 |
|      AverageEpRet |           -1.36 |
|          StdEpRet |            4.35 |
|          MaxEpRet |            11.4 |
|          MinEpRet |           -16.5 |
|             EpLen |            15.7 |
|      AverageVVals |           -2.31 |
|          StdVVals |            1.98 |
|          MaxVVals |            4.88 |
|          MinVVals |           -11.3 |
| TotalEnvInteracts |         4.4e+04 |
|            LossPi |       -1.57e-08 |
|             LossV |            9.86 |
|       DeltaLossPi |        1.43e-09 |
|        DeltaLossV |           -1.68 |
|                KL |        5.82e+04 |
|    BacktrackIters |               9 |
|              Time |            56.5 |
---------------------------------------
Warning: trajectory cut off by epoch at 9 steps.
[32;1mLine search failed! Keeping old params.[0m
---------------------------------------
|             Epoch |              11 |
|      AverageEpRet |           -1.29 |
|          StdEpRet |            4.34 |
|          MaxEpRet |            8.38 |
|          MinEpRet |           -16.2 |
|             EpLen |            16.3 |
|      AverageVVals |           -2.31 |
|          StdVVals |            2.37 |
|          MaxVVals |            5.56 |
|          MinVVals |             -12 |
| TotalEnvInteracts |         4.8e+04 |
|            LossPi |        7.15e-09 |
|             LossV |               9 |
|       DeltaLossPi |               0 |
|        DeltaLossV |           -1.62 |
|                KL |        5.82e+04 |
|    BacktrackIters |               9 |
|              Time |            64.3 |
---------------------------------------
Warning: trajectory cut off by epoch at 22 steps.
[32;1mLine search failed! Keeping old params.[0m
---------------------------------------
|             Epoch |              12 |
|      AverageEpRet |            -1.2 |
|          StdEpRet |            3.91 |
|          MaxEpRet |            11.9 |
|          MinEpRet |           -13.6 |
|             EpLen |            15.8 |
|      AverageVVals |           -2.44 |
|          StdVVals |            2.27 |
|          MaxVVals |            5.07 |
|          MinVVals |           -12.1 |
| TotalEnvInteracts |         5.2e+04 |
|            LossPi |       -8.88e-09 |
|             LossV |            8.34 |
|       DeltaLossPi |        9.54e-10 |
|        DeltaLossV |           -1.69 |
|                KL |        5.82e+04 |
|    BacktrackIters |               9 |
|              Time |            74.3 |
---------------------------------------
Warning: trajectory cut off by epoch at 11 steps.
[32;1mLine search failed! Keeping old params.[0m
---------------------------------------
|             Epoch |              13 |
|      AverageEpRet |           -1.85 |
|          StdEpRet |            4.32 |
|          MaxEpRet |            14.1 |
|          MinEpRet |           -14.7 |
|             EpLen |            16.1 |
|      AverageVVals |           -2.55 |
|          StdVVals |            2.13 |
|          MaxVVals |            4.43 |
|          MinVVals |             -14 |
| TotalEnvInteracts |         5.6e+04 |
|            LossPi |        8.46e-09 |
|             LossV |            10.5 |
|       DeltaLossPi |       -2.38e-10 |
|        DeltaLossV |           -2.07 |
|                KL |        5.82e+04 |
|    BacktrackIters |               9 |
|              Time |            84.3 |
---------------------------------------
Warning: trajectory cut off by epoch at 17 steps.
[32;1mLine search failed! Keeping old params.[0m
---------------------------------------
|             Epoch |              14 |
|      AverageEpRet |           -1.19 |
|          StdEpRet |            4.09 |
|          MaxEpRet |            13.2 |
|          MinEpRet |           -13.4 |
|             EpLen |            16.9 |
|      AverageVVals |           -2.58 |
|          StdVVals |            2.22 |
|          MaxVVals |            5.77 |
|          MinVVals |           -11.9 |
| TotalEnvInteracts |           6e+04 |
|            LossPi |       -9.78e-09 |
|             LossV |             8.9 |
|       DeltaLossPi |       -4.77e-10 |
|        DeltaLossV |           -1.69 |
|                KL |        5.82e+04 |
|    BacktrackIters |               9 |
|              Time |            92.1 |
---------------------------------------
Warning: trajectory cut off by epoch at 4 steps.
[32;1mLine search failed! Keeping old params.[0m
---------------------------------------
|             Epoch |              15 |
|      AverageEpRet |            -1.5 |
|          StdEpRet |            4.31 |
|          MaxEpRet |            9.43 |
|          MinEpRet |           -15.5 |
|             EpLen |            15.7 |
|      AverageVVals |           -2.27 |
|          StdVVals |            2.17 |
|          MaxVVals |            7.19 |
|          MinVVals |             -12 |
| TotalEnvInteracts |         6.4e+04 |
|            LossPi |       -1.36e-08 |
|             LossV |            9.64 |
|       DeltaLossPi |        1.91e-09 |
|        DeltaLossV |            -1.8 |
|                KL |        5.82e+04 |
|    BacktrackIters |               9 |
|              Time |             100 |
---------------------------------------
Warning: trajectory cut off by epoch at 14 steps.
[32;1mLine search failed! Keeping old params.[0m
---------------------------------------
|             Epoch |              16 |
|      AverageEpRet |           -1.35 |
|          StdEpRet |            4.37 |
|          MaxEpRet |            12.9 |
|          MinEpRet |           -15.5 |
|             EpLen |            15.9 |
|      AverageVVals |           -2.56 |
|          StdVVals |            2.27 |
|          MaxVVals |            3.72 |
|          MinVVals |           -14.4 |
| TotalEnvInteracts |         6.8e+04 |
|            LossPi |        3.15e-08 |
|             LossV |            9.87 |
|       DeltaLossPi |       -1.43e-09 |
|        DeltaLossV |           -2.12 |
|                KL |        5.82e+04 |
|    BacktrackIters |               9 |
|              Time |             108 |
---------------------------------------
Warning: trajectory cut off by epoch at 14 steps.
[32;1mLine search failed! Keeping old params.[0m
---------------------------------------
|             Epoch |              17 |
|      AverageEpRet |           -1.65 |
|          StdEpRet |            4.45 |
|          MaxEpRet |              14 |
|          MinEpRet |           -16.3 |
|             EpLen |            15.9 |
|      AverageVVals |           -2.55 |
|          StdVVals |            2.44 |
|          MaxVVals |            7.56 |
|          MinVVals |             -12 |
| TotalEnvInteracts |         7.2e+04 |
|            LossPi |        9.54e-09 |
|             LossV |            9.51 |
|       DeltaLossPi |        4.77e-10 |
|        DeltaLossV |           -1.66 |
|                KL |        5.82e+04 |
|    BacktrackIters |               9 |
|              Time |             115 |
---------------------------------------
Warning: trajectory cut off by epoch at 9 steps.
[32;1mLine search failed! Keeping old params.[0m
---------------------------------------
|             Epoch |              18 |
|      AverageEpRet |           -1.28 |
|          StdEpRet |            4.31 |
|          MaxEpRet |            9.85 |
|          MinEpRet |           -15.1 |
|             EpLen |            15.8 |
|      AverageVVals |           -2.51 |
|          StdVVals |            2.46 |
|          MaxVVals |            9.33 |
|          MinVVals |           -12.7 |
| TotalEnvInteracts |         7.6e+04 |
|            LossPi |        4.77e-10 |
|             LossV |            10.2 |
|       DeltaLossPi |               0 |
|        DeltaLossV |           -1.82 |
|                KL |        5.82e+04 |
|    BacktrackIters |               9 |
|              Time |             124 |
---------------------------------------
Warning: trajectory cut off by epoch at 30 steps.
[32;1mLine search failed! Keeping old params.[0m
---------------------------------------
|             Epoch |              19 |
|      AverageEpRet |            -1.4 |
|          StdEpRet |            4.18 |
|          MaxEpRet |            9.21 |
|          MinEpRet |           -15.8 |
|             EpLen |            15.8 |
|      AverageVVals |           -2.59 |
|          StdVVals |            2.32 |
|          MaxVVals |            4.96 |
|          MinVVals |           -14.1 |
| TotalEnvInteracts |           8e+04 |
|            LossPi |       -9.54e-09 |
|             LossV |            8.74 |
|       DeltaLossPi |        4.77e-10 |
|        DeltaLossV |            -1.7 |
|                KL |        5.82e+04 |
|    BacktrackIters |               9 |
|              Time |             132 |
---------------------------------------
Warning: trajectory cut off by epoch at 12 steps.
[32;1mLine search failed! Keeping old params.[0m
---------------------------------------
|             Epoch |              20 |
|      AverageEpRet |          -0.956 |
|          StdEpRet |               4 |
|          MaxEpRet |            10.3 |
|          MinEpRet |           -13.8 |
|             EpLen |              16 |
|      AverageVVals |           -2.39 |
|          StdVVals |            2.22 |
|          MaxVVals |            5.79 |
|          MinVVals |           -13.1 |
| TotalEnvInteracts |         8.4e+04 |
|            LossPi |       -3.58e-09 |
|             LossV |            8.15 |
|       DeltaLossPi |       -9.54e-10 |
|        DeltaLossV |           -1.71 |
|                KL |        5.82e+04 |
|    BacktrackIters |               9 |
|              Time |             142 |
---------------------------------------
[32;1mLine search failed! Keeping old params.[0m
---------------------------------------
|             Epoch |              21 |
|      AverageEpRet |           -1.98 |
|          StdEpRet |            4.41 |
|          MaxEpRet |            20.6 |
|          MinEpRet |           -14.9 |
|             EpLen |            16.1 |
|      AverageVVals |            -2.2 |
|          StdVVals |             2.1 |
|          MaxVVals |            6.56 |
|          MinVVals |           -12.3 |
| TotalEnvInteracts |         8.8e+04 |
|            LossPi |        1.91e-08 |
|             LossV |            11.4 |
|       DeltaLossPi |        2.86e-09 |
|        DeltaLossV |            -2.7 |
|                KL |        5.82e+04 |
|    BacktrackIters |               9 |
|              Time |             151 |
---------------------------------------
Warning: trajectory cut off by epoch at 16 steps.
[32;1mLine search failed! Keeping old params.[0m
---------------------------------------
|             Epoch |              22 |
|      AverageEpRet |           -1.31 |
|          StdEpRet |            4.24 |
|          MaxEpRet |            24.8 |
|          MinEpRet |           -13.7 |
|             EpLen |            16.1 |
|      AverageVVals |           -2.76 |
|          StdVVals |            2.38 |
|          MaxVVals |             8.3 |
|          MinVVals |           -13.5 |
| TotalEnvInteracts |         9.2e+04 |
|            LossPi |       -7.63e-09 |
|             LossV |             9.7 |
|       DeltaLossPi |       -7.15e-10 |
|        DeltaLossV |           -2.18 |
|                KL |        5.82e+04 |
|    BacktrackIters |               9 |
|              Time |             160 |
---------------------------------------
Warning: trajectory cut off by epoch at 7 steps.
[32;1mLine search failed! Keeping old params.[0m
---------------------------------------
|             Epoch |              23 |
|      AverageEpRet |           -1.36 |
|          StdEpRet |            4.14 |
|          MaxEpRet |            18.1 |
|          MinEpRet |           -16.5 |
|             EpLen |            15.8 |
|      AverageVVals |           -2.14 |
|          StdVVals |            2.24 |
|          MaxVVals |            7.77 |
|          MinVVals |           -11.4 |
| TotalEnvInteracts |         9.6e+04 |
|            LossPi |        4.89e-09 |
|             LossV |            8.64 |
|       DeltaLossPi |       -2.26e-09 |
|        DeltaLossV |           -1.65 |
|                KL |        5.82e+04 |
|    BacktrackIters |               9 |
|              Time |             171 |
---------------------------------------
Warning: trajectory cut off by epoch at 11 steps.
[32;1mLine search failed! Keeping old params.[0m
---------------------------------------
|             Epoch |              24 |
|      AverageEpRet |            -1.3 |
|          StdEpRet |            4.49 |
|          MaxEpRet |              12 |
|          MinEpRet |           -15.1 |
|             EpLen |            16.3 |
|      AverageVVals |           -2.18 |
|          StdVVals |            2.19 |
|          MaxVVals |            6.52 |
|          MinVVals |           -11.3 |
| TotalEnvInteracts |           1e+05 |
|            LossPi |        3.58e-09 |
|             LossV |            9.49 |
|       DeltaLossPi |       -2.86e-09 |
|        DeltaLossV |           -1.65 |
|                KL |        5.82e+04 |
|    BacktrackIters |               9 |
|              Time |             179 |
---------------------------------------
Warning: trajectory cut off by epoch at 8 steps.
[32;1mLine search failed! Keeping old params.[0m
---------------------------------------
|             Epoch |              25 |
|      AverageEpRet |           -2.14 |
|          StdEpRet |            4.71 |
|          MaxEpRet |            12.3 |
|          MinEpRet |           -16.6 |
|             EpLen |            15.8 |
|      AverageVVals |           -2.52 |
|          StdVVals |             2.4 |
|          MaxVVals |            6.83 |
|          MinVVals |           -13.7 |
| TotalEnvInteracts |        1.04e+05 |
|            LossPi |        -9.3e-09 |
|             LossV |            10.9 |
|       DeltaLossPi |        4.77e-10 |
|        DeltaLossV |           -2.36 |
|                KL |        5.82e+04 |
|    BacktrackIters |               9 |
|              Time |             187 |
---------------------------------------
Warning: trajectory cut off by epoch at 10 steps.
[32;1mLine search failed! Keeping old params.[0m
---------------------------------------
|             Epoch |              26 |
|      AverageEpRet |            -1.7 |
|          StdEpRet |            4.57 |
|          MaxEpRet |            12.3 |
|          MinEpRet |           -17.9 |
|             EpLen |            16.1 |
|      AverageVVals |           -2.77 |
|          StdVVals |            2.55 |
|          MaxVVals |            6.75 |
|          MinVVals |           -14.6 |
| TotalEnvInteracts |        1.08e+05 |
|            LossPi |       -4.77e-09 |
|             LossV |            9.62 |
|       DeltaLossPi |       -4.77e-10 |
|        DeltaLossV |           -2.05 |
|                KL |        5.82e+04 |
|    BacktrackIters |               9 |
|              Time |             197 |
---------------------------------------
Warning: trajectory cut off by epoch at 22 steps.
[32;1mLine search failed! Keeping old params.[0m
---------------------------------------
|             Epoch |              27 |
|      AverageEpRet |            -1.9 |
|          StdEpRet |            4.41 |
|          MaxEpRet |              13 |
|          MinEpRet |           -16.6 |
|             EpLen |              16 |
|      AverageVVals |           -2.66 |
|          StdVVals |            2.33 |
|          MaxVVals |            3.81 |
|          MinVVals |           -14.3 |
| TotalEnvInteracts |        1.12e+05 |
|            LossPi |        7.21e-09 |
|             LossV |            9.74 |
|       DeltaLossPi |        1.91e-09 |
|        DeltaLossV |           -1.66 |
|                KL |        5.82e+04 |
|    BacktrackIters |               9 |
|              Time |             205 |
---------------------------------------
Warning: trajectory cut off by epoch at 13 steps.
[32;1mLine search failed! Keeping old params.[0m
---------------------------------------
|             Epoch |              28 |
|      AverageEpRet |            -1.3 |
|          StdEpRet |            4.38 |
|          MaxEpRet |            13.2 |
|          MinEpRet |           -17.1 |
|             EpLen |            15.8 |
|      AverageVVals |           -2.62 |
|          StdVVals |            2.29 |
|          MaxVVals |            7.34 |
|          MinVVals |           -12.5 |
| TotalEnvInteracts |        1.16e+05 |
|            LossPi |        -3.6e-08 |
|             LossV |            9.58 |
|       DeltaLossPi |       -9.54e-10 |
|        DeltaLossV |           -1.79 |
|                KL |        5.82e+04 |
|    BacktrackIters |               9 |
|              Time |             214 |
---------------------------------------
Warning: trajectory cut off by epoch at 14 steps.
[32;1mLine search failed! Keeping old params.[0m
---------------------------------------
|             Epoch |              29 |
|      AverageEpRet |            -1.3 |
|          StdEpRet |            4.16 |
|          MaxEpRet |            7.62 |
|          MinEpRet |           -17.6 |
|             EpLen |            15.6 |
|      AverageVVals |           -2.41 |
|          StdVVals |             2.3 |
|          MaxVVals |            6.59 |
|          MinVVals |           -13.6 |
| TotalEnvInteracts |         1.2e+05 |
|            LossPi |       -1.43e-08 |
|             LossV |            7.99 |
|       DeltaLossPi |        8.34e-10 |
|        DeltaLossV |           -1.39 |
|                KL |        5.82e+04 |
|    BacktrackIters |               9 |
|              Time |             224 |
---------------------------------------
Warning: trajectory cut off by epoch at 14 steps.
[32;1mLine search failed! Keeping old params.[0m
---------------------------------------
|             Epoch |              30 |
|      AverageEpRet |           -1.39 |
|          StdEpRet |            4.41 |
|          MaxEpRet |            11.7 |
|          MinEpRet |           -14.4 |
|             EpLen |              16 |
|      AverageVVals |            -2.4 |
|          StdVVals |            2.29 |
|          MaxVVals |            5.67 |
|          MinVVals |           -11.8 |
| TotalEnvInteracts |        1.24e+05 |
|            LossPi |        2.15e-09 |
|             LossV |             9.5 |
|       DeltaLossPi |        1.91e-09 |
|        DeltaLossV |           -1.69 |
|                KL |        5.82e+04 |
|    BacktrackIters |               9 |
|              Time |             233 |
---------------------------------------
Warning: trajectory cut off by epoch at 9 steps.
[32;1mLine search failed! Keeping old params.[0m
---------------------------------------
|             Epoch |              31 |
|      AverageEpRet |           -1.48 |
|          StdEpRet |             4.1 |
|          MaxEpRet |            8.59 |
|          MinEpRet |             -16 |
|             EpLen |            16.2 |
|      AverageVVals |            -2.4 |
|          StdVVals |            2.18 |
|          MaxVVals |            5.49 |
|          MinVVals |           -13.2 |
| TotalEnvInteracts |        1.28e+05 |
|            LossPi |        5.13e-09 |
|             LossV |            8.68 |
|       DeltaLossPi |        4.77e-10 |
|        DeltaLossV |           -1.73 |
|                KL |        5.82e+04 |
|    BacktrackIters |               9 |
|              Time |             242 |
---------------------------------------
Warning: trajectory cut off by epoch at 14 steps.
[32;1mLine search failed! Keeping old params.[0m
---------------------------------------
|             Epoch |              32 |
|      AverageEpRet |           -1.64 |
|          StdEpRet |            4.09 |
|          MaxEpRet |            10.2 |
|          MinEpRet |           -12.5 |
|             EpLen |            16.1 |
|      AverageVVals |           -2.56 |
|          StdVVals |            2.04 |
|          MaxVVals |            4.55 |
|          MinVVals |           -11.6 |
| TotalEnvInteracts |        1.32e+05 |
|            LossPi |        4.17e-10 |
|             LossV |            7.65 |
|       DeltaLossPi |        1.91e-09 |
|        DeltaLossV |           -1.23 |
|                KL |        5.82e+04 |
|    BacktrackIters |               9 |
|              Time |             252 |
---------------------------------------
Warning: trajectory cut off by epoch at 6 steps.
[32;1mLine search failed! Keeping old params.[0m
---------------------------------------
|             Epoch |              33 |
|      AverageEpRet |           -1.41 |
|          StdEpRet |            3.92 |
|          MaxEpRet |            7.64 |
|          MinEpRet |           -14.6 |
|             EpLen |            15.7 |
|      AverageVVals |           -2.42 |
|          StdVVals |               2 |
|          MaxVVals |            4.66 |
|          MinVVals |           -12.5 |
| TotalEnvInteracts |        1.36e+05 |
|            LossPi |        5.48e-09 |
|             LossV |            8.47 |
|       DeltaLossPi |        1.91e-09 |
|        DeltaLossV |            -1.4 |
|                KL |        5.82e+04 |
|    BacktrackIters |               9 |
|              Time |             261 |
---------------------------------------
Warning: trajectory cut off by epoch at 7 steps.
[32;1mLine search failed! Keeping old params.[0m
---------------------------------------
|             Epoch |              34 |
|      AverageEpRet |           -1.38 |
|          StdEpRet |            4.06 |
|          MaxEpRet |            10.9 |
|          MinEpRet |           -12.7 |
|             EpLen |              16 |
|      AverageVVals |           -2.44 |
|          StdVVals |            1.98 |
|          MaxVVals |            6.86 |
|          MinVVals |           -11.9 |
| TotalEnvInteracts |         1.4e+05 |
|            LossPi |        2.07e-08 |
|             LossV |            8.16 |
|       DeltaLossPi |       -2.38e-10 |
|        DeltaLossV |           -1.56 |
|                KL |        5.82e+04 |
|    BacktrackIters |               9 |
|              Time |             267 |
---------------------------------------
Warning: trajectory cut off by epoch at 6 steps.
[32;1mLine search failed! Keeping old params.[0m
---------------------------------------
|             Epoch |              35 |
|      AverageEpRet |           -1.46 |
|          StdEpRet |            4.37 |
|          MaxEpRet |            12.7 |
|          MinEpRet |           -18.4 |
|             EpLen |              16 |
|      AverageVVals |           -2.35 |
|          StdVVals |            2.25 |
|          MaxVVals |             5.3 |
|          MinVVals |             -12 |
| TotalEnvInteracts |        1.44e+05 |
|            LossPi |        7.87e-09 |
|             LossV |            8.92 |
|       DeltaLossPi |        1.19e-09 |
|        DeltaLossV |           -1.55 |
|                KL |        5.82e+04 |
|    BacktrackIters |               9 |
|              Time |             276 |
---------------------------------------
Warning: trajectory cut off by epoch at 20 steps.
[32;1mLine search failed! Keeping old params.[0m
---------------------------------------
|             Epoch |              36 |
|      AverageEpRet |              -2 |
|          StdEpRet |            4.22 |
|          MaxEpRet |             7.8 |
|          MinEpRet |           -15.8 |
|             EpLen |            15.9 |
|      AverageVVals |           -2.61 |
|          StdVVals |            2.05 |
|          MaxVVals |             5.6 |
|          MinVVals |           -10.7 |
| TotalEnvInteracts |        1.48e+05 |
|            LossPi |        1.79e-08 |
|             LossV |            8.16 |
|       DeltaLossPi |        1.43e-09 |
|        DeltaLossV |           -1.48 |
|                KL |        5.82e+04 |
|    BacktrackIters |               9 |
|              Time |             283 |
---------------------------------------
Warning: trajectory cut off by epoch at 1 steps.
[32;1mLine search failed! Keeping old params.[0m
---------------------------------------
|             Epoch |              37 |
|      AverageEpRet |           -1.51 |
|          StdEpRet |            4.16 |
|          MaxEpRet |            11.8 |
|          MinEpRet |           -15.7 |
|             EpLen |            16.1 |
|      AverageVVals |           -2.64 |
|          StdVVals |            2.23 |
|          MaxVVals |            5.39 |
|          MinVVals |           -13.8 |
| TotalEnvInteracts |        1.52e+05 |
|            LossPi |       -9.54e-10 |
|             LossV |            8.64 |
|       DeltaLossPi |       -9.54e-10 |
|        DeltaLossV |            -1.8 |
|                KL |        5.82e+04 |
|    BacktrackIters |               9 |
|              Time |             291 |
---------------------------------------
Warning: trajectory cut off by epoch at 16 steps.
[32;1mLine search failed! Keeping old params.[0m
---------------------------------------
|             Epoch |              38 |
|      AverageEpRet |           -1.31 |
|          StdEpRet |            3.98 |
|          MaxEpRet |            13.3 |
|          MinEpRet |           -11.9 |
|             EpLen |            15.6 |
|      AverageVVals |           -2.53 |
|          StdVVals |            2.21 |
|          MaxVVals |            6.26 |
|          MinVVals |           -13.1 |
| TotalEnvInteracts |        1.56e+05 |
|            LossPi |       -1.91e-09 |
|             LossV |            7.84 |
|       DeltaLossPi |        9.54e-10 |
|        DeltaLossV |           -1.57 |
|                KL |        5.82e+04 |
|    BacktrackIters |               9 |
|              Time |             300 |
---------------------------------------
Warning: trajectory cut off by epoch at 5 steps.
[32;1mLine search failed! Keeping old params.[0m
---------------------------------------
|             Epoch |              39 |
|      AverageEpRet |           -1.69 |
|          StdEpRet |            4.17 |
|          MaxEpRet |            13.1 |
|          MinEpRet |           -16.4 |
|             EpLen |            15.3 |
|      AverageVVals |           -2.39 |
|          StdVVals |            2.21 |
|          MaxVVals |            6.73 |
|          MinVVals |             -12 |
| TotalEnvInteracts |         1.6e+05 |
|            LossPi |        2.38e-10 |
|             LossV |            8.39 |
|       DeltaLossPi |       -2.15e-09 |
|        DeltaLossV |           -1.82 |
|                KL |        5.82e+04 |
|    BacktrackIters |               9 |
|              Time |             307 |
---------------------------------------
Warning: trajectory cut off by epoch at 8 steps.
[32;1mLine search failed! Keeping old params.[0m
---------------------------------------
|             Epoch |              40 |
|      AverageEpRet |           -1.47 |
|          StdEpRet |            3.87 |
|          MaxEpRet |            12.1 |
|          MinEpRet |           -16.6 |
|             EpLen |              16 |
|      AverageVVals |           -2.64 |
|          StdVVals |            2.24 |
|          MaxVVals |            5.66 |
|          MinVVals |           -12.9 |
| TotalEnvInteracts |        1.64e+05 |
|            LossPi |       -1.56e-08 |
|             LossV |            8.06 |
|       DeltaLossPi |       -4.17e-10 |
|        DeltaLossV |           -1.76 |
|                KL |        5.82e+04 |
|    BacktrackIters |               9 |
|              Time |             318 |
---------------------------------------
Warning: trajectory cut off by epoch at 9 steps.
[32;1mLine search failed! Keeping old params.[0m
---------------------------------------
|             Epoch |              41 |
|      AverageEpRet |           -1.41 |
|          StdEpRet |            3.98 |
|          MaxEpRet |             8.7 |
|          MinEpRet |           -16.2 |
|             EpLen |            16.1 |
|      AverageVVals |           -2.53 |
|          StdVVals |            2.05 |
|          MaxVVals |            7.29 |
|          MinVVals |           -13.4 |
| TotalEnvInteracts |        1.68e+05 |
|            LossPi |        1.62e-08 |
|             LossV |            7.94 |
|       DeltaLossPi |       -1.43e-09 |
|        DeltaLossV |           -1.65 |
|                KL |        5.82e+04 |
|    BacktrackIters |               9 |
|              Time |             327 |
---------------------------------------
Warning: trajectory cut off by epoch at 6 steps.
[32;1mLine search failed! Keeping old params.[0m
---------------------------------------
|             Epoch |              42 |
|      AverageEpRet |           -1.05 |
|          StdEpRet |            4.49 |
|          MaxEpRet |            11.7 |
|          MinEpRet |             -16 |
|             EpLen |            16.3 |
|      AverageVVals |           -2.36 |
|          StdVVals |            2.11 |
|          MaxVVals |            5.46 |
|          MinVVals |           -11.2 |
| TotalEnvInteracts |        1.72e+05 |
|            LossPi |       -5.72e-09 |
|             LossV |            9.49 |
|       DeltaLossPi |        9.54e-10 |
|        DeltaLossV |           -2.17 |
|                KL |        5.82e+04 |
|    BacktrackIters |               9 |
|              Time |             337 |
---------------------------------------
[32;1mLine search failed! Keeping old params.[0m
---------------------------------------
|             Epoch |              43 |
|      AverageEpRet |           -1.53 |
|          StdEpRet |            4.26 |
|          MaxEpRet |            9.59 |
|          MinEpRet |           -17.2 |
|             EpLen |            15.3 |
|      AverageVVals |           -2.39 |
|          StdVVals |            2.53 |
|          MaxVVals |            7.27 |
|          MinVVals |           -13.4 |
| TotalEnvInteracts |        1.76e+05 |
|            LossPi |         6.2e-09 |
|             LossV |            9.69 |
|       DeltaLossPi |        4.77e-10 |
|        DeltaLossV |           -2.56 |
|                KL |        5.82e+04 |
|    BacktrackIters |               9 |
|              Time |             345 |
---------------------------------------
Warning: trajectory cut off by epoch at 9 steps.
[32;1mLine search failed! Keeping old params.[0m
---------------------------------------
|             Epoch |              44 |
|      AverageEpRet |           -1.28 |
|          StdEpRet |            4.05 |
|          MaxEpRet |            9.95 |
|          MinEpRet |           -13.9 |
|             EpLen |            15.8 |
|      AverageVVals |            -2.4 |
|          StdVVals |            2.37 |
|          MaxVVals |            5.09 |
|          MinVVals |           -14.4 |
| TotalEnvInteracts |         1.8e+05 |
|            LossPi |        2.05e-08 |
|             LossV |            8.34 |
|       DeltaLossPi |       -9.54e-10 |
|        DeltaLossV |           -1.98 |
|                KL |        5.82e+04 |
|    BacktrackIters |               9 |
|              Time |             354 |
---------------------------------------
Warning: trajectory cut off by epoch at 4 steps.
[32;1mLine search failed! Keeping old params.[0m
---------------------------------------
|             Epoch |              45 |
|      AverageEpRet |           -1.94 |
|          StdEpRet |            4.23 |
|          MaxEpRet |            8.57 |
|          MinEpRet |           -18.2 |
|             EpLen |            16.2 |
|      AverageVVals |           -2.48 |
|          StdVVals |            2.46 |
|          MaxVVals |            8.39 |
|          MinVVals |           -15.1 |
| TotalEnvInteracts |        1.84e+05 |
|            LossPi |       -2.86e-09 |
|             LossV |            8.94 |
|       DeltaLossPi |               0 |
|        DeltaLossV |           -2.19 |
|                KL |        5.82e+04 |
|    BacktrackIters |               9 |
|              Time |             363 |
---------------------------------------
Warning: trajectory cut off by epoch at 6 steps.
[32;1mLine search failed! Keeping old params.[0m
---------------------------------------
|             Epoch |              46 |
|      AverageEpRet |           -1.19 |
|          StdEpRet |            4.22 |
|          MaxEpRet |             9.9 |
|          MinEpRet |           -15.1 |
|             EpLen |            16.2 |
|      AverageVVals |           -2.61 |
|          StdVVals |            2.24 |
|          MaxVVals |            7.77 |
|          MinVVals |           -13.1 |
| TotalEnvInteracts |        1.88e+05 |
|            LossPi |        -8.7e-09 |
|             LossV |            9.07 |
|       DeltaLossPi |       -2.03e-09 |
|        DeltaLossV |           -2.13 |
|                KL |        5.82e+04 |
|    BacktrackIters |               9 |
|              Time |             371 |
---------------------------------------
Warning: trajectory cut off by epoch at 10 steps.
[32;1mLine search failed! Keeping old params.[0m
---------------------------------------
|             Epoch |              47 |
|      AverageEpRet |           -1.67 |
|          StdEpRet |            4.38 |
|          MaxEpRet |              11 |
|          MinEpRet |           -16.5 |
|             EpLen |            15.6 |
|      AverageVVals |           -2.56 |
|          StdVVals |            2.35 |
|          MaxVVals |            6.21 |
|          MinVVals |             -13 |
| TotalEnvInteracts |        1.92e+05 |
|            LossPi |        3.95e-08 |
|             LossV |            9.95 |
|       DeltaLossPi |       -9.54e-10 |
|        DeltaLossV |           -2.34 |
|                KL |        5.82e+04 |
|    BacktrackIters |               9 |
|              Time |             380 |
---------------------------------------
Warning: trajectory cut off by epoch at 2 steps.
[32;1mLine search failed! Keeping old params.[0m
---------------------------------------
|             Epoch |              48 |
|      AverageEpRet |           -1.61 |
|          StdEpRet |            4.54 |
|          MaxEpRet |            8.69 |
|          MinEpRet |           -14.7 |
|             EpLen |              16 |
|      AverageVVals |           -2.66 |
|          StdVVals |            2.35 |
|          MaxVVals |            5.44 |
|          MinVVals |             -14 |
| TotalEnvInteracts |        1.96e+05 |
|            LossPi |       -6.43e-08 |
|             LossV |            9.94 |
|       DeltaLossPi |        4.77e-10 |
|        DeltaLossV |           -2.08 |
|                KL |        5.82e+04 |
|    BacktrackIters |               9 |
|              Time |             389 |
---------------------------------------
Warning: trajectory cut off by epoch at 1 steps.
[32;1mLine search failed! Keeping old params.[0m
---------------------------------------
|             Epoch |              49 |
|      AverageEpRet |           -1.56 |
|          StdEpRet |            4.32 |
|          MaxEpRet |            14.1 |
|          MinEpRet |           -13.3 |
|             EpLen |            16.5 |
|      AverageVVals |           -2.64 |
|          StdVVals |            2.45 |
|          MaxVVals |            4.49 |
|          MinVVals |           -12.1 |
| TotalEnvInteracts |           2e+05 |
|            LossPi |        3.81e-09 |
|             LossV |            9.47 |
|       DeltaLossPi |        4.77e-10 |
|        DeltaLossV |           -1.96 |
|                KL |        5.82e+04 |
|    BacktrackIters |               9 |
|              Time |             396 |
---------------------------------------
