--------------------------------------------------------------------------
[[20584,1],0]: A high-performance Open MPI point-to-point messaging module
was unable to find any relevant network interfaces:

Module: OpenFabrics (openib)
  Host: GCRAZGDL0429

Another transport will be used instead, although this may result in
lower performance.

NOTE: You can disable this warning by setting the MCA parameter
btl_base_warn_component_unused to 0.
--------------------------------------------------------------------------
2022-04-15 04:18:53.030865: I tensorflow/core/platform/cpu_feature_guard.cc:142] Your CPU supports instructions that this TensorFlow binary was not compiled to use: AVX2 FMA
2022-04-15 04:18:53.099769: I tensorflow/core/platform/profile_utils/cpu_utils.cc:94] CPU Frequency: 2593990000 Hz
2022-04-15 04:18:53.107723: I tensorflow/compiler/xla/service/service.cc:168] XLA service 0x55eccf1a5880 initialized for platform Host (this does not guarantee that XLA will be used). Devices:
2022-04-15 04:18:53.107775: I tensorflow/compiler/xla/service/service.cc:176]   StreamExecutor device (0): Host, Default Version
Warning: Log dir exp/wtrpo_Hopper-v3/wtrpo_Hopper-v3_s4 already exists! Storing info there anyway.
[32;1mLogging data to exp/wtrpo_Hopper-v3/wtrpo_Hopper-v3_s4/progress.txt[0m
[36;1mSaving config:
[0m
{
    "ac_kwargs":	{
        "hidden_sizes":	[
            64,
            64
        ]
    },
    "actor_critic":	"mlp_actor_critic",
    "algo":	"trpo",
    "backtrack_coeff":	0.8,
    "backtrack_iters":	10,
    "cg_iters":	10,
    "damping_coeff":	0.1,
    "delta":	0.01,
    "env_fn":	"<function <lambda> at 0x7f9fb6d2d290>",
    "epochs":	50,
    "exp_name":	"wtrpo_Hopper-v3",
    "gamma":	0.99,
    "lam":	0.97,
    "logger":	{
        "<spinup.utils.logx.EpochLogger object at 0x7f9fb6d49a50>":	{
            "epoch_dict":	{},
            "exp_name":	"wtrpo_Hopper-v3",
            "first_row":	true,
            "log_current_row":	{},
            "log_headers":	[],
            "output_dir":	"exp/wtrpo_Hopper-v3/wtrpo_Hopper-v3_s4",
            "output_file":	{
                "<_io.TextIOWrapper name='exp/wtrpo_Hopper-v3/wtrpo_Hopper-v3_s4/progress.txt' mode='w' encoding='UTF-8'>":	{
                    "mode":	"w"
                }
            }
        }
    },
    "logger_kwargs":	{
        "exp_name":	"wtrpo_Hopper-v3",
        "output_dir":	"exp/wtrpo_Hopper-v3/wtrpo_Hopper-v3_s4"
    },
    "max_ep_len":	1000,
    "save_freq":	10,
    "seed":	4,
    "steps_per_epoch":	4000,
    "train_v_iters":	80,
    "vf_lr":	0.001
}
[32;1m
Number of parameters: 	 pi: 5126, 	 v: 4993
[0m
Warning: trajectory cut off by epoch at 17 steps.
[32;1mLine search failed! Keeping old params.[0m
---------------------------------------
|             Epoch |               0 |
|      AverageEpRet |            9.14 |
|          StdEpRet |            2.87 |
|          MaxEpRet |            22.9 |
|          MinEpRet |            4.05 |
|             EpLen |            18.3 |
|      AverageVVals |           0.414 |
|          StdVVals |           0.369 |
|          MaxVVals |            1.16 |
|          MinVVals |          -0.939 |
| TotalEnvInteracts |           4e+03 |
|            LossPi |        1.54e-08 |
|             LossV |            19.7 |
|       DeltaLossPi |        4.77e-10 |
|        DeltaLossV |             -15 |
|                KL |        2.91e+04 |
|    BacktrackIters |               9 |
|              Time |            10.5 |
---------------------------------------
Warning: trajectory cut off by epoch at 3 steps.
[32;1mLine search failed! Keeping old params.[0m
---------------------------------------
|             Epoch |               1 |
|      AverageEpRet |            9.08 |
|          StdEpRet |            3.41 |
|          MaxEpRet |              25 |
|          MinEpRet |            3.87 |
|             EpLen |            19.2 |
|      AverageVVals |             2.6 |
|          StdVVals |            2.95 |
|          MaxVVals |            7.38 |
|          MinVVals |           -4.34 |
| TotalEnvInteracts |           8e+03 |
|            LossPi |       -1.05e-08 |
|             LossV |            6.02 |
|       DeltaLossPi |       -4.77e-10 |
|        DeltaLossV |          -0.784 |
|                KL |        2.91e+04 |
|    BacktrackIters |               9 |
|              Time |            19.4 |
---------------------------------------
Warning: trajectory cut off by epoch at 1 steps.
[32;1mLine search failed! Keeping old params.[0m
---------------------------------------
|             Epoch |               2 |
|      AverageEpRet |            9.01 |
|          StdEpRet |            2.68 |
|          MaxEpRet |            19.4 |
|          MinEpRet |            3.14 |
|             EpLen |            18.3 |
|      AverageVVals |            2.79 |
|          StdVVals |            3.08 |
|          MaxVVals |            7.97 |
|          MinVVals |           -4.24 |
| TotalEnvInteracts |         1.2e+04 |
|            LossPi |        1.23e-08 |
|             LossV |            3.09 |
|       DeltaLossPi |       -7.15e-10 |
|        DeltaLossV |          -0.324 |
|                KL |        2.91e+04 |
|    BacktrackIters |               9 |
|              Time |            28.1 |
---------------------------------------
Warning: trajectory cut off by epoch at 2 steps.
[32;1mLine search failed! Keeping old params.[0m
---------------------------------------
|             Epoch |               3 |
|      AverageEpRet |            8.86 |
|          StdEpRet |            2.72 |
|          MaxEpRet |              22 |
|          MinEpRet |            4.22 |
|             EpLen |            18.6 |
|      AverageVVals |            2.62 |
|          StdVVals |            3.13 |
|          MaxVVals |            8.12 |
|          MinVVals |           -5.63 |
| TotalEnvInteracts |         1.6e+04 |
|            LossPi |        3.34e-09 |
|             LossV |            3.49 |
|       DeltaLossPi |        2.38e-10 |
|        DeltaLossV |          -0.316 |
|                KL |        2.91e+04 |
|    BacktrackIters |               9 |
|              Time |            35.1 |
---------------------------------------
Warning: trajectory cut off by epoch at 25 steps.
[32;1mLine search failed! Keeping old params.[0m
---------------------------------------
|             Epoch |               4 |
|      AverageEpRet |            8.55 |
|          StdEpRet |            2.57 |
|          MaxEpRet |            21.5 |
|          MinEpRet |            4.16 |
|             EpLen |            17.8 |
|      AverageVVals |            2.42 |
|          StdVVals |            3.16 |
|          MaxVVals |            8.25 |
|          MinVVals |           -4.36 |
| TotalEnvInteracts |           2e+04 |
|            LossPi |        4.77e-09 |
|             LossV |             2.7 |
|       DeltaLossPi |       -4.77e-10 |
|        DeltaLossV |          -0.159 |
|                KL |        2.91e+04 |
|    BacktrackIters |               9 |
|              Time |            42.8 |
---------------------------------------
[32;1mLine search failed! Keeping old params.[0m
---------------------------------------
|             Epoch |               5 |
|      AverageEpRet |            9.08 |
|          StdEpRet |            2.93 |
|          MaxEpRet |            26.2 |
|          MinEpRet |            3.63 |
|             EpLen |            19.5 |
|      AverageVVals |            2.39 |
|          StdVVals |            3.06 |
|          MaxVVals |            8.26 |
|          MinVVals |           -4.31 |
| TotalEnvInteracts |         2.4e+04 |
|            LossPi |       -2.86e-09 |
|             LossV |             3.5 |
|       DeltaLossPi |               0 |
|        DeltaLossV |          -0.168 |
|                KL |        2.91e+04 |
|    BacktrackIters |               9 |
|              Time |            51.8 |
---------------------------------------
Warning: trajectory cut off by epoch at 6 steps.
[32;1mLine search failed! Keeping old params.[0m
---------------------------------------
|             Epoch |               6 |
|      AverageEpRet |            8.87 |
|          StdEpRet |            3.07 |
|          MaxEpRet |            30.7 |
|          MinEpRet |             4.1 |
|             EpLen |            18.2 |
|      AverageVVals |            2.73 |
|          StdVVals |            3.13 |
|          MaxVVals |            8.69 |
|          MinVVals |            -3.8 |
| TotalEnvInteracts |         2.8e+04 |
|            LossPi |         2.3e-08 |
|             LossV |             4.4 |
|       DeltaLossPi |        7.15e-10 |
|        DeltaLossV |           -0.15 |
|                KL |        2.91e+04 |
|    BacktrackIters |               9 |
|              Time |            58.8 |
---------------------------------------
Warning: trajectory cut off by epoch at 12 steps.
[32;1mLine search failed! Keeping old params.[0m
---------------------------------------
|             Epoch |               7 |
|      AverageEpRet |            8.63 |
|          StdEpRet |            2.73 |
|          MaxEpRet |            24.3 |
|          MinEpRet |            3.99 |
|             EpLen |            17.2 |
|      AverageVVals |            2.89 |
|          StdVVals |            3.14 |
|          MaxVVals |            8.84 |
|          MinVVals |           -3.15 |
| TotalEnvInteracts |         3.2e+04 |
|            LossPi |        2.77e-08 |
|             LossV |            3.13 |
|       DeltaLossPi |        9.54e-10 |
|        DeltaLossV |          -0.133 |
|                KL |        2.91e+04 |
|    BacktrackIters |               9 |
|              Time |              67 |
---------------------------------------
Warning: trajectory cut off by epoch at 9 steps.
[32;1mLine search failed! Keeping old params.[0m
---------------------------------------
|             Epoch |               8 |
|      AverageEpRet |            8.82 |
|          StdEpRet |            2.67 |
|          MaxEpRet |            18.7 |
|          MinEpRet |            4.66 |
|             EpLen |            17.9 |
|      AverageVVals |            2.61 |
|          StdVVals |            3.08 |
|          MaxVVals |            10.1 |
|          MinVVals |           -3.83 |
| TotalEnvInteracts |         3.6e+04 |
|            LossPi |       -5.72e-09 |
|             LossV |            2.91 |
|       DeltaLossPi |               0 |
|        DeltaLossV |          -0.101 |
|                KL |        2.91e+04 |
|    BacktrackIters |               9 |
|              Time |            75.9 |
---------------------------------------
Warning: trajectory cut off by epoch at 5 steps.
[32;1mLine search failed! Keeping old params.[0m
---------------------------------------
|             Epoch |               9 |
|      AverageEpRet |            9.17 |
|          StdEpRet |            3.08 |
|          MaxEpRet |            22.3 |
|          MinEpRet |             3.6 |
|             EpLen |            18.8 |
|      AverageVVals |            2.53 |
|          StdVVals |            3.14 |
|          MaxVVals |             8.6 |
|          MinVVals |            -3.8 |
| TotalEnvInteracts |           4e+04 |
|            LossPi |       -1.16e-08 |
|             LossV |            3.54 |
|       DeltaLossPi |               0 |
|        DeltaLossV |          -0.154 |
|                KL |        2.91e+04 |
|    BacktrackIters |               9 |
|              Time |            84.5 |
---------------------------------------
Warning: trajectory cut off by epoch at 3 steps.
[32;1mLine search failed! Keeping old params.[0m
---------------------------------------
|             Epoch |              10 |
|      AverageEpRet |            8.81 |
|          StdEpRet |            2.55 |
|          MaxEpRet |            17.4 |
|          MinEpRet |            3.64 |
|             EpLen |            18.3 |
|      AverageVVals |            2.75 |
|          StdVVals |            3.25 |
|          MaxVVals |            8.93 |
|          MinVVals |           -3.69 |
| TotalEnvInteracts |         4.4e+04 |
|            LossPi |        3.81e-08 |
|             LossV |            2.55 |
|       DeltaLossPi |        1.55e-09 |
|        DeltaLossV |          -0.182 |
|                KL |        2.91e+04 |
|    BacktrackIters |               9 |
|              Time |              95 |
---------------------------------------
[32;1mLine search failed! Keeping old params.[0m
---------------------------------------
|             Epoch |              11 |
|      AverageEpRet |            8.92 |
|          StdEpRet |            2.68 |
|          MaxEpRet |            19.4 |
|          MinEpRet |            3.68 |
|             EpLen |            18.8 |
|      AverageVVals |            2.48 |
|          StdVVals |            3.18 |
|          MaxVVals |            8.58 |
|          MinVVals |           -3.04 |
| TotalEnvInteracts |         4.8e+04 |
|            LossPi |       -2.62e-09 |
|             LossV |            2.48 |
|       DeltaLossPi |       -4.77e-10 |
|        DeltaLossV |         -0.0654 |
|                KL |        2.91e+04 |
|    BacktrackIters |               9 |
|              Time |             104 |
---------------------------------------
Warning: trajectory cut off by epoch at 1 steps.
[32;1mLine search failed! Keeping old params.[0m
---------------------------------------
|             Epoch |              12 |
|      AverageEpRet |            8.94 |
|          StdEpRet |            3.14 |
|          MaxEpRet |            28.3 |
|          MinEpRet |            4.23 |
|             EpLen |            19.2 |
|      AverageVVals |            2.46 |
|          StdVVals |             3.2 |
|          MaxVVals |            8.68 |
|          MinVVals |           -2.92 |
| TotalEnvInteracts |         5.2e+04 |
|            LossPi |       -4.17e-09 |
|             LossV |            3.69 |
|       DeltaLossPi |        1.19e-09 |
|        DeltaLossV |          -0.119 |
|                KL |        2.91e+04 |
|    BacktrackIters |               9 |
|              Time |             112 |
---------------------------------------
Warning: trajectory cut off by epoch at 9 steps.
[32;1mLine search failed! Keeping old params.[0m
---------------------------------------
|             Epoch |              13 |
|      AverageEpRet |            9.43 |
|          StdEpRet |            3.71 |
|          MaxEpRet |            31.7 |
|          MinEpRet |            4.08 |
|             EpLen |            19.4 |
|      AverageVVals |            2.76 |
|          StdVVals |            3.18 |
|          MaxVVals |            10.3 |
|          MinVVals |           -2.82 |
| TotalEnvInteracts |         5.6e+04 |
|            LossPi |         1.1e-08 |
|             LossV |            5.46 |
|       DeltaLossPi |       -1.91e-09 |
|        DeltaLossV |          -0.261 |
|                KL |        2.91e+04 |
|    BacktrackIters |               9 |
|              Time |             120 |
---------------------------------------
Warning: trajectory cut off by epoch at 15 steps.
[32;1mLine search failed! Keeping old params.[0m
---------------------------------------
|             Epoch |              14 |
|      AverageEpRet |            9.27 |
|          StdEpRet |            2.95 |
|          MaxEpRet |            24.9 |
|          MinEpRet |            4.51 |
|             EpLen |            19.7 |
|      AverageVVals |            2.83 |
|          StdVVals |            3.39 |
|          MaxVVals |            9.33 |
|          MinVVals |            -3.1 |
| TotalEnvInteracts |           6e+04 |
|            LossPi |        1.34e-08 |
|             LossV |             3.5 |
|       DeltaLossPi |        4.77e-10 |
|        DeltaLossV |          -0.268 |
|                KL |        2.91e+04 |
|    BacktrackIters |               9 |
|              Time |             128 |
---------------------------------------
Warning: trajectory cut off by epoch at 5 steps.
[32;1mLine search failed! Keeping old params.[0m
---------------------------------------
|             Epoch |              15 |
|      AverageEpRet |            8.85 |
|          StdEpRet |            3.07 |
|          MaxEpRet |            28.5 |
|          MinEpRet |             4.5 |
|             EpLen |            17.2 |
|      AverageVVals |            3.05 |
|          StdVVals |            3.26 |
|          MaxVVals |            11.1 |
|          MinVVals |            -3.5 |
| TotalEnvInteracts |         6.4e+04 |
|            LossPi |        7.27e-09 |
|             LossV |            4.24 |
|       DeltaLossPi |               0 |
|        DeltaLossV |          -0.252 |
|                KL |        2.91e+04 |
|    BacktrackIters |               9 |
|              Time |             137 |
---------------------------------------
Warning: trajectory cut off by epoch at 9 steps.
[32;1mLine search failed! Keeping old params.[0m
---------------------------------------
|             Epoch |              16 |
|      AverageEpRet |            8.65 |
|          StdEpRet |            3.05 |
|          MaxEpRet |            34.5 |
|          MinEpRet |            4.57 |
|             EpLen |            17.8 |
|      AverageVVals |            2.62 |
|          StdVVals |            3.12 |
|          MaxVVals |            8.92 |
|          MinVVals |            -2.7 |
| TotalEnvInteracts |         6.8e+04 |
|            LossPi |       -1.51e-08 |
|             LossV |            4.49 |
|       DeltaLossPi |       -9.54e-10 |
|        DeltaLossV |          -0.416 |
|                KL |        2.91e+04 |
|    BacktrackIters |               9 |
|              Time |             146 |
---------------------------------------
Warning: trajectory cut off by epoch at 8 steps.
[32;1mLine search failed! Keeping old params.[0m
---------------------------------------
|             Epoch |              17 |
|      AverageEpRet |            8.95 |
|          StdEpRet |            3.08 |
|          MaxEpRet |            25.1 |
|          MinEpRet |            4.14 |
|             EpLen |            18.2 |
|      AverageVVals |            2.81 |
|          StdVVals |             3.1 |
|          MaxVVals |            8.59 |
|          MinVVals |           -3.38 |
| TotalEnvInteracts |         7.2e+04 |
|            LossPi |       -3.93e-09 |
|             LossV |            4.08 |
|       DeltaLossPi |        9.54e-10 |
|        DeltaLossV |          -0.412 |
|                KL |        2.91e+04 |
|    BacktrackIters |               9 |
|              Time |             154 |
---------------------------------------
Warning: trajectory cut off by epoch at 11 steps.
[32;1mLine search failed! Keeping old params.[0m
---------------------------------------
|             Epoch |              18 |
|      AverageEpRet |            8.99 |
|          StdEpRet |            2.93 |
|          MaxEpRet |            19.6 |
|          MinEpRet |            4.25 |
|             EpLen |            18.9 |
|      AverageVVals |            2.61 |
|          StdVVals |            3.24 |
|          MaxVVals |            8.95 |
|          MinVVals |           -2.91 |
| TotalEnvInteracts |         7.6e+04 |
|            LossPi |        2.86e-09 |
|             LossV |            3.18 |
|       DeltaLossPi |        4.77e-10 |
|        DeltaLossV |          -0.212 |
|                KL |        2.91e+04 |
|    BacktrackIters |               9 |
|              Time |             162 |
---------------------------------------
Warning: trajectory cut off by epoch at 1 steps.
[32;1mLine search failed! Keeping old params.[0m
---------------------------------------
|             Epoch |              19 |
|      AverageEpRet |            9.42 |
|          StdEpRet |            3.65 |
|          MaxEpRet |            36.8 |
|          MinEpRet |            4.16 |
|             EpLen |            19.7 |
|      AverageVVals |            2.65 |
|          StdVVals |            3.24 |
|          MaxVVals |            9.49 |
|          MinVVals |           -2.64 |
| TotalEnvInteracts |           8e+04 |
|            LossPi |       -1.84e-08 |
|             LossV |            5.12 |
|       DeltaLossPi |        2.38e-10 |
|        DeltaLossV |           -0.28 |
|                KL |        2.91e+04 |
|    BacktrackIters |               9 |
|              Time |             171 |
---------------------------------------
Warning: trajectory cut off by epoch at 8 steps.
[32;1mLine search failed! Keeping old params.[0m
---------------------------------------
|             Epoch |              20 |
|      AverageEpRet |            9.35 |
|          StdEpRet |            3.24 |
|          MaxEpRet |            22.7 |
|          MinEpRet |             4.1 |
|             EpLen |            19.3 |
|      AverageVVals |            2.84 |
|          StdVVals |            3.42 |
|          MaxVVals |            11.5 |
|          MinVVals |           -2.48 |
| TotalEnvInteracts |         8.4e+04 |
|            LossPi |       -1.15e-08 |
|             LossV |            4.28 |
|       DeltaLossPi |        9.54e-10 |
|        DeltaLossV |          -0.194 |
|                KL |        2.91e+04 |
|    BacktrackIters |               9 |
|              Time |             182 |
---------------------------------------
Warning: trajectory cut off by epoch at 20 steps.
[32;1mLine search failed! Keeping old params.[0m
---------------------------------------
|             Epoch |              21 |
|      AverageEpRet |            9.28 |
|          StdEpRet |            3.26 |
|          MaxEpRet |            28.5 |
|          MinEpRet |            3.85 |
|             EpLen |            18.7 |
|      AverageVVals |            2.82 |
|          StdVVals |            3.35 |
|          MaxVVals |            10.2 |
|          MinVVals |            -4.1 |
| TotalEnvInteracts |         8.8e+04 |
|            LossPi |       -4.05e-09 |
|             LossV |            4.04 |
|       DeltaLossPi |       -7.15e-10 |
|        DeltaLossV |          -0.103 |
|                KL |        2.91e+04 |
|    BacktrackIters |               9 |
|              Time |             190 |
---------------------------------------
Warning: trajectory cut off by epoch at 12 steps.
[32;1mLine search failed! Keeping old params.[0m
---------------------------------------
|             Epoch |              22 |
|      AverageEpRet |            9.31 |
|          StdEpRet |            3.17 |
|          MaxEpRet |            26.8 |
|          MinEpRet |            4.19 |
|             EpLen |            19.1 |
|      AverageVVals |            2.86 |
|          StdVVals |            3.31 |
|          MaxVVals |            10.4 |
|          MinVVals |           -3.06 |
| TotalEnvInteracts |         9.2e+04 |
|            LossPi |        1.74e-08 |
|             LossV |            4.05 |
|       DeltaLossPi |       -1.43e-09 |
|        DeltaLossV |          -0.264 |
|                KL |        2.91e+04 |
|    BacktrackIters |               9 |
|              Time |             198 |
---------------------------------------
Warning: trajectory cut off by epoch at 2 steps.
[32;1mLine search failed! Keeping old params.[0m
---------------------------------------
|             Epoch |              23 |
|      AverageEpRet |            9.07 |
|          StdEpRet |            2.62 |
|          MaxEpRet |            20.2 |
|          MinEpRet |            4.25 |
|             EpLen |              19 |
|      AverageVVals |            2.62 |
|          StdVVals |            3.33 |
|          MaxVVals |            9.54 |
|          MinVVals |           -2.83 |
| TotalEnvInteracts |         9.6e+04 |
|            LossPi |        2.15e-09 |
|             LossV |            2.66 |
|       DeltaLossPi |        2.38e-10 |
|        DeltaLossV |          -0.174 |
|                KL |        2.91e+04 |
|    BacktrackIters |               9 |
|              Time |             207 |
---------------------------------------
Warning: trajectory cut off by epoch at 19 steps.
[32;1mLine search failed! Keeping old params.[0m
---------------------------------------
|             Epoch |              24 |
|      AverageEpRet |            9.05 |
|          StdEpRet |            2.77 |
|          MaxEpRet |            21.1 |
|          MinEpRet |            4.06 |
|             EpLen |              19 |
|      AverageVVals |            2.57 |
|          StdVVals |            3.16 |
|          MaxVVals |            8.91 |
|          MinVVals |           -3.56 |
| TotalEnvInteracts |           1e+05 |
|            LossPi |        3.58e-10 |
|             LossV |            2.95 |
|       DeltaLossPi |               0 |
|        DeltaLossV |          -0.109 |
|                KL |        2.91e+04 |
|    BacktrackIters |               9 |
|              Time |             216 |
---------------------------------------
Warning: trajectory cut off by epoch at 7 steps.
[32;1mLine search failed! Keeping old params.[0m
---------------------------------------
|             Epoch |              25 |
|      AverageEpRet |            8.64 |
|          StdEpRet |            2.43 |
|          MaxEpRet |            16.1 |
|          MinEpRet |            4.69 |
|             EpLen |            18.1 |
|      AverageVVals |            2.74 |
|          StdVVals |            3.17 |
|          MaxVVals |            8.98 |
|          MinVVals |           -2.98 |
| TotalEnvInteracts |        1.04e+05 |
|            LossPi |       -1.48e-08 |
|             LossV |            2.44 |
|       DeltaLossPi |         3.1e-09 |
|        DeltaLossV |          -0.226 |
|                KL |        2.91e+04 |
|    BacktrackIters |               9 |
|              Time |             224 |
---------------------------------------
[32;1mLine search failed! Keeping old params.[0m
---------------------------------------
|             Epoch |              26 |
|      AverageEpRet |            8.97 |
|          StdEpRet |            2.83 |
|          MaxEpRet |            26.6 |
|          MinEpRet |            3.72 |
|             EpLen |            18.1 |
|      AverageVVals |            2.51 |
|          StdVVals |            3.12 |
|          MaxVVals |            8.55 |
|          MinVVals |           -3.36 |
| TotalEnvInteracts |        1.08e+05 |
|            LossPi |        2.38e-09 |
|             LossV |            3.28 |
|       DeltaLossPi |        9.54e-10 |
|        DeltaLossV |          -0.144 |
|                KL |        2.91e+04 |
|    BacktrackIters |               9 |
|              Time |             232 |
---------------------------------------
Warning: trajectory cut off by epoch at 1 steps.
[32;1mLine search failed! Keeping old params.[0m
---------------------------------------
|             Epoch |              27 |
|      AverageEpRet |            9.17 |
|          StdEpRet |            3.36 |
|          MaxEpRet |              33 |
|          MinEpRet |            4.28 |
|             EpLen |              19 |
|      AverageVVals |            2.67 |
|          StdVVals |            3.11 |
|          MaxVVals |            11.6 |
|          MinVVals |           -2.59 |
| TotalEnvInteracts |        1.12e+05 |
|            LossPi |       -8.34e-09 |
|             LossV |            4.54 |
|       DeltaLossPi |               0 |
|        DeltaLossV |          -0.299 |
|                KL |        2.91e+04 |
|    BacktrackIters |               9 |
|              Time |             240 |
---------------------------------------
Warning: trajectory cut off by epoch at 1 steps.
[32;1mLine search failed! Keeping old params.[0m
---------------------------------------
|             Epoch |              28 |
|      AverageEpRet |            8.95 |
|          StdEpRet |            2.86 |
|          MaxEpRet |            23.3 |
|          MinEpRet |            3.55 |
|             EpLen |            19.3 |
|      AverageVVals |            2.77 |
|          StdVVals |            3.31 |
|          MaxVVals |            9.54 |
|          MinVVals |           -3.03 |
| TotalEnvInteracts |        1.16e+05 |
|            LossPi |        1.36e-08 |
|             LossV |            3.14 |
|       DeltaLossPi |       -7.15e-10 |
|        DeltaLossV |          -0.312 |
|                KL |        2.91e+04 |
|    BacktrackIters |               9 |
|              Time |             248 |
---------------------------------------
Warning: trajectory cut off by epoch at 7 steps.
[32;1mLine search failed! Keeping old params.[0m
---------------------------------------
|             Epoch |              29 |
|      AverageEpRet |            8.65 |
|          StdEpRet |             2.5 |
|          MaxEpRet |              20 |
|          MinEpRet |            4.09 |
|             EpLen |            18.7 |
|      AverageVVals |            2.52 |
|          StdVVals |            3.23 |
|          MaxVVals |            9.17 |
|          MinVVals |           -3.47 |
| TotalEnvInteracts |         1.2e+05 |
|            LossPi |       -1.45e-08 |
|             LossV |             2.5 |
|       DeltaLossPi |        7.15e-10 |
|        DeltaLossV |          -0.127 |
|                KL |        2.91e+04 |
|    BacktrackIters |               9 |
|              Time |             258 |
---------------------------------------
Warning: trajectory cut off by epoch at 18 steps.
[32;1mLine search failed! Keeping old params.[0m
---------------------------------------
|             Epoch |              30 |
|      AverageEpRet |            9.16 |
|          StdEpRet |            2.83 |
|          MaxEpRet |            28.2 |
|          MinEpRet |            4.54 |
|             EpLen |            19.5 |
|      AverageVVals |            2.33 |
|          StdVVals |            3.12 |
|          MaxVVals |            10.1 |
|          MinVVals |           -3.14 |
| TotalEnvInteracts |        1.24e+05 |
|            LossPi |        7.15e-10 |
|             LossV |            3.34 |
|       DeltaLossPi |               0 |
|        DeltaLossV |            -0.2 |
|                KL |        2.91e+04 |
|    BacktrackIters |               9 |
|              Time |             269 |
---------------------------------------
Warning: trajectory cut off by epoch at 6 steps.
[32;1mLine search failed! Keeping old params.[0m
---------------------------------------
|             Epoch |              31 |
|      AverageEpRet |            8.99 |
|          StdEpRet |            2.66 |
|          MaxEpRet |            19.2 |
|          MinEpRet |            4.07 |
|             EpLen |              19 |
|      AverageVVals |             2.6 |
|          StdVVals |            3.27 |
|          MaxVVals |            9.05 |
|          MinVVals |           -4.44 |
| TotalEnvInteracts |        1.28e+05 |
|            LossPi |        9.06e-09 |
|             LossV |            2.59 |
|       DeltaLossPi |       -2.38e-10 |
|        DeltaLossV |         -0.0926 |
|                KL |        2.91e+04 |
|    BacktrackIters |               9 |
|              Time |             277 |
---------------------------------------
Warning: trajectory cut off by epoch at 8 steps.
[32;1mLine search failed! Keeping old params.[0m
---------------------------------------
|             Epoch |              32 |
|      AverageEpRet |            9.32 |
|          StdEpRet |            3.18 |
|          MaxEpRet |            31.5 |
|          MinEpRet |            3.68 |
|             EpLen |            19.2 |
|      AverageVVals |            2.57 |
|          StdVVals |            3.19 |
|          MaxVVals |            11.9 |
|          MinVVals |           -3.03 |
| TotalEnvInteracts |        1.32e+05 |
|            LossPi |        1.55e-09 |
|             LossV |            4.14 |
|       DeltaLossPi |        2.38e-10 |
|        DeltaLossV |          -0.261 |
|                KL |        2.91e+04 |
|    BacktrackIters |               9 |
|              Time |             287 |
---------------------------------------
Warning: trajectory cut off by epoch at 22 steps.
[32;1mLine search failed! Keeping old params.[0m
---------------------------------------
|             Epoch |              33 |
|      AverageEpRet |            9.04 |
|          StdEpRet |            2.78 |
|          MaxEpRet |            21.3 |
|          MinEpRet |            4.03 |
|             EpLen |            18.6 |
|      AverageVVals |            2.84 |
|          StdVVals |            3.25 |
|          MaxVVals |            9.71 |
|          MinVVals |           -2.93 |
| TotalEnvInteracts |        1.36e+05 |
|            LossPi |        7.15e-10 |
|             LossV |            2.86 |
|       DeltaLossPi |        4.77e-10 |
|        DeltaLossV |          -0.148 |
|                KL |        2.91e+04 |
|    BacktrackIters |               9 |
|              Time |             296 |
---------------------------------------
Warning: trajectory cut off by epoch at 10 steps.
[32;1mLine search failed! Keeping old params.[0m
---------------------------------------
|             Epoch |              34 |
|      AverageEpRet |            9.29 |
|          StdEpRet |            3.02 |
|          MaxEpRet |            24.8 |
|          MinEpRet |            4.65 |
|             EpLen |            18.7 |
|      AverageVVals |            2.76 |
|          StdVVals |            3.19 |
|          MaxVVals |            9.59 |
|          MinVVals |           -3.19 |
| TotalEnvInteracts |         1.4e+05 |
|            LossPi |       -2.86e-09 |
|             LossV |            3.65 |
|       DeltaLossPi |       -4.77e-10 |
|        DeltaLossV |          -0.113 |
|                KL |        2.91e+04 |
|    BacktrackIters |               9 |
|              Time |             304 |
---------------------------------------
Warning: trajectory cut off by epoch at 18 steps.
[32;1mLine search failed! Keeping old params.[0m
---------------------------------------
|             Epoch |              35 |
|      AverageEpRet |            8.98 |
|          StdEpRet |            2.98 |
|          MaxEpRet |              23 |
|          MinEpRet |            4.47 |
|             EpLen |              18 |
|      AverageVVals |            2.91 |
|          StdVVals |            3.28 |
|          MaxVVals |            10.3 |
|          MinVVals |           -3.78 |
| TotalEnvInteracts |        1.44e+05 |
|            LossPi |       -4.89e-09 |
|             LossV |            3.77 |
|       DeltaLossPi |        4.77e-10 |
|        DeltaLossV |           -0.16 |
|                KL |        2.91e+04 |
|    BacktrackIters |               9 |
|              Time |             313 |
---------------------------------------
Warning: trajectory cut off by epoch at 11 steps.
[32;1mLine search failed! Keeping old params.[0m
---------------------------------------
|             Epoch |              36 |
|      AverageEpRet |               9 |
|          StdEpRet |            2.77 |
|          MaxEpRet |            23.1 |
|          MinEpRet |            4.47 |
|             EpLen |            19.3 |
|      AverageVVals |            2.56 |
|          StdVVals |            3.22 |
|          MaxVVals |            8.72 |
|          MinVVals |           -3.72 |
| TotalEnvInteracts |        1.48e+05 |
|            LossPi |        2.38e-09 |
|             LossV |            2.85 |
|       DeltaLossPi |        2.38e-10 |
|        DeltaLossV |          -0.125 |
|                KL |        2.91e+04 |
|    BacktrackIters |               9 |
|              Time |             320 |
---------------------------------------
Warning: trajectory cut off by epoch at 5 steps.
[32;1mLine search failed! Keeping old params.[0m
---------------------------------------
|             Epoch |              37 |
|      AverageEpRet |            9.07 |
|          StdEpRet |            2.58 |
|          MaxEpRet |            17.9 |
|          MinEpRet |            3.64 |
|             EpLen |            18.8 |
|      AverageVVals |            2.67 |
|          StdVVals |            3.19 |
|          MaxVVals |            8.99 |
|          MinVVals |           -3.94 |
| TotalEnvInteracts |        1.52e+05 |
|            LossPi |        1.67e-08 |
|             LossV |            2.71 |
|       DeltaLossPi |               0 |
|        DeltaLossV |          -0.154 |
|                KL |        2.91e+04 |
|    BacktrackIters |               9 |
|              Time |             328 |
---------------------------------------
Warning: trajectory cut off by epoch at 23 steps.
[32;1mLine search failed! Keeping old params.[0m
---------------------------------------
|             Epoch |              38 |
|      AverageEpRet |            8.91 |
|          StdEpRet |            2.78 |
|          MaxEpRet |            20.1 |
|          MinEpRet |            4.25 |
|             EpLen |            18.6 |
|      AverageVVals |            2.63 |
|          StdVVals |            3.24 |
|          MaxVVals |            8.89 |
|          MinVVals |           -4.15 |
| TotalEnvInteracts |        1.56e+05 |
|            LossPi |        6.26e-09 |
|             LossV |            2.94 |
|       DeltaLossPi |        4.77e-10 |
|        DeltaLossV |          -0.287 |
|                KL |        2.91e+04 |
|    BacktrackIters |               9 |
|              Time |             335 |
---------------------------------------
[32;1mLine search failed! Keeping old params.[0m
---------------------------------------
|             Epoch |              39 |
|      AverageEpRet |             9.3 |
|          StdEpRet |            2.92 |
|          MaxEpRet |            19.8 |
|          MinEpRet |            4.26 |
|             EpLen |            19.2 |
|      AverageVVals |            2.57 |
|          StdVVals |            3.17 |
|          MaxVVals |            9.16 |
|          MinVVals |           -2.69 |
| TotalEnvInteracts |         1.6e+05 |
|            LossPi |        1.76e-08 |
|             LossV |            3.44 |
|       DeltaLossPi |       -9.54e-10 |
|        DeltaLossV |          -0.349 |
|                KL |        2.91e+04 |
|    BacktrackIters |               9 |
|              Time |             342 |
---------------------------------------
Warning: trajectory cut off by epoch at 8 steps.
[32;1mLine search failed! Keeping old params.[0m
---------------------------------------
|             Epoch |              40 |
|      AverageEpRet |            9.04 |
|          StdEpRet |            2.63 |
|          MaxEpRet |            19.5 |
|          MinEpRet |            4.21 |
|             EpLen |            18.7 |
|      AverageVVals |             2.8 |
|          StdVVals |            3.33 |
|          MaxVVals |            9.78 |
|          MinVVals |           -4.21 |
| TotalEnvInteracts |        1.64e+05 |
|            LossPi |        5.96e-10 |
|             LossV |            2.58 |
|       DeltaLossPi |       -9.54e-10 |
|        DeltaLossV |          -0.311 |
|                KL |        2.91e+04 |
|    BacktrackIters |               9 |
|              Time |             348 |
---------------------------------------
Warning: trajectory cut off by epoch at 24 steps.
[32;1mLine search failed! Keeping old params.[0m
---------------------------------------
|             Epoch |              41 |
|      AverageEpRet |            8.98 |
|          StdEpRet |            2.77 |
|          MaxEpRet |            20.3 |
|          MinEpRet |            3.93 |
|             EpLen |            18.3 |
|      AverageVVals |            2.61 |
|          StdVVals |            3.22 |
|          MaxVVals |             9.2 |
|          MinVVals |           -3.07 |
| TotalEnvInteracts |        1.68e+05 |
|            LossPi |        4.77e-10 |
|             LossV |               3 |
|       DeltaLossPi |       -9.54e-10 |
|        DeltaLossV |          -0.151 |
|                KL |        2.91e+04 |
|    BacktrackIters |               9 |
|              Time |             353 |
---------------------------------------
Warning: trajectory cut off by epoch at 22 steps.
[32;1mLine search failed! Keeping old params.[0m
---------------------------------------
|             Epoch |              42 |
|      AverageEpRet |            9.11 |
|          StdEpRet |            3.11 |
|          MaxEpRet |            31.5 |
|          MinEpRet |            4.31 |
|             EpLen |            18.4 |
|      AverageVVals |            2.75 |
|          StdVVals |            3.18 |
|          MaxVVals |            9.98 |
|          MinVVals |           -3.33 |
| TotalEnvInteracts |        1.72e+05 |
|            LossPi |       -2.65e-08 |
|             LossV |            4.06 |
|       DeltaLossPi |       -1.91e-09 |
|        DeltaLossV |          -0.145 |
|                KL |        2.91e+04 |
|    BacktrackIters |               9 |
|              Time |             358 |
---------------------------------------
Warning: trajectory cut off by epoch at 18 steps.
[32;1mLine search failed! Keeping old params.[0m
---------------------------------------
|             Epoch |              43 |
|      AverageEpRet |            9.19 |
|          StdEpRet |            2.83 |
|          MaxEpRet |            22.5 |
|          MinEpRet |            3.88 |
|             EpLen |            19.3 |
|      AverageVVals |            2.67 |
|          StdVVals |            3.15 |
|          MaxVVals |            9.55 |
|          MinVVals |           -3.36 |
| TotalEnvInteracts |        1.76e+05 |
|            LossPi |       -6.68e-09 |
|             LossV |            2.83 |
|       DeltaLossPi |        9.54e-10 |
|        DeltaLossV |          -0.164 |
|                KL |        2.91e+04 |
|    BacktrackIters |               9 |
|              Time |             363 |
---------------------------------------
Warning: trajectory cut off by epoch at 15 steps.
[32;1mLine search failed! Keeping old params.[0m
---------------------------------------
|             Epoch |              44 |
|      AverageEpRet |            8.71 |
|          StdEpRet |            2.51 |
|          MaxEpRet |            17.8 |
|          MinEpRet |             3.7 |
|             EpLen |            18.1 |
|      AverageVVals |            2.78 |
|          StdVVals |             3.3 |
|          MaxVVals |            9.44 |
|          MinVVals |           -2.54 |
| TotalEnvInteracts |         1.8e+05 |
|            LossPi |       -1.07e-09 |
|             LossV |             2.6 |
|       DeltaLossPi |       -9.54e-10 |
|        DeltaLossV |          -0.219 |
|                KL |        2.91e+04 |
|    BacktrackIters |               9 |
|              Time |             367 |
---------------------------------------
Warning: trajectory cut off by epoch at 9 steps.
[32;1mLine search failed! Keeping old params.[0m
---------------------------------------
|             Epoch |              45 |
|      AverageEpRet |            8.81 |
|          StdEpRet |            2.54 |
|          MaxEpRet |            18.2 |
|          MinEpRet |            3.22 |
|             EpLen |            18.1 |
|      AverageVVals |            2.52 |
|          StdVVals |            3.12 |
|          MaxVVals |            9.06 |
|          MinVVals |           -3.94 |
| TotalEnvInteracts |        1.84e+05 |
|            LossPi |       -2.15e-08 |
|             LossV |            2.29 |
|       DeltaLossPi |       -7.15e-10 |
|        DeltaLossV |          -0.101 |
|                KL |        2.91e+04 |
|    BacktrackIters |               9 |
|              Time |             372 |
---------------------------------------
Warning: trajectory cut off by epoch at 16 steps.
[32;1mLine search failed! Keeping old params.[0m
---------------------------------------
|             Epoch |              46 |
|      AverageEpRet |            9.29 |
|          StdEpRet |            3.06 |
|          MaxEpRet |            26.8 |
|          MinEpRet |             4.8 |
|             EpLen |              19 |
|      AverageVVals |            2.56 |
|          StdVVals |            3.12 |
|          MaxVVals |            9.26 |
|          MinVVals |            -3.4 |
| TotalEnvInteracts |        1.88e+05 |
|            LossPi |       -1.14e-08 |
|             LossV |            3.58 |
|       DeltaLossPi |        2.62e-09 |
|        DeltaLossV |          -0.275 |
|                KL |        2.91e+04 |
|    BacktrackIters |               9 |
|              Time |             376 |
---------------------------------------
Warning: trajectory cut off by epoch at 29 steps.
[32;1mLine search failed! Keeping old params.[0m
---------------------------------------
|             Epoch |              47 |
|      AverageEpRet |            8.92 |
|          StdEpRet |            3.22 |
|          MaxEpRet |            27.7 |
|          MinEpRet |            3.69 |
|             EpLen |            18.6 |
|      AverageVVals |            2.77 |
|          StdVVals |            3.36 |
|          MaxVVals |            11.6 |
|          MinVVals |           -2.95 |
| TotalEnvInteracts |        1.92e+05 |
|            LossPi |       -4.29e-09 |
|             LossV |            4.06 |
|       DeltaLossPi |       -7.15e-10 |
|        DeltaLossV |          -0.244 |
|                KL |        2.91e+04 |
|    BacktrackIters |               9 |
|              Time |             381 |
---------------------------------------
Warning: trajectory cut off by epoch at 2 steps.
[32;1mLine search failed! Keeping old params.[0m
---------------------------------------
|             Epoch |              48 |
|      AverageEpRet |            9.09 |
|          StdEpRet |            3.25 |
|          MaxEpRet |            25.2 |
|          MinEpRet |            3.27 |
|             EpLen |            19.1 |
|      AverageVVals |            2.61 |
|          StdVVals |            3.24 |
|          MaxVVals |            11.2 |
|          MinVVals |           -3.53 |
| TotalEnvInteracts |        1.96e+05 |
|            LossPi |        7.03e-09 |
|             LossV |             4.2 |
|       DeltaLossPi |        9.54e-10 |
|        DeltaLossV |          -0.269 |
|                KL |        2.91e+04 |
|    BacktrackIters |               9 |
|              Time |             386 |
---------------------------------------
Warning: trajectory cut off by epoch at 10 steps.
[32;1mLine search failed! Keeping old params.[0m
---------------------------------------
|             Epoch |              49 |
|      AverageEpRet |               9 |
|          StdEpRet |            2.94 |
|          MaxEpRet |            33.4 |
|          MinEpRet |            4.31 |
|             EpLen |            18.9 |
|      AverageVVals |            2.71 |
|          StdVVals |             3.3 |
|          MaxVVals |            10.8 |
|          MinVVals |           -3.51 |
| TotalEnvInteracts |           2e+05 |
|            LossPi |       -1.19e-09 |
|             LossV |            4.31 |
|       DeltaLossPi |        4.77e-10 |
|        DeltaLossV |          -0.398 |
|                KL |        2.91e+04 |
|    BacktrackIters |               9 |
|              Time |             391 |
---------------------------------------
