--------------------------------------------------------------------------
[[29802,1],0]: A high-performance Open MPI point-to-point messaging module
was unable to find any relevant network interfaces:

Module: OpenFabrics (openib)
  Host: GCRAZGDL0429

Another transport will be used instead, although this may result in
lower performance.

NOTE: You can disable this warning by setting the MCA parameter
btl_base_warn_component_unused to 0.
--------------------------------------------------------------------------
--------------------------------------------------------------------------
[[29837,1],2]: A high-performance Open MPI point-to-point messaging module
was unable to find any relevant network interfaces:

Module: OpenFabrics (openib)
  Host: GCRAZGDL0429

Another transport will be used instead, although this may result in
lower performance.

NOTE: You can disable this warning by setting the MCA parameter
btl_base_warn_component_unused to 0.
--------------------------------------------------------------------------
Warning: Log dir exp/trpo_Walker2d-v3/trpo_Walker2d-v3_s4 already exists! Storing info there anyway.
[32;1mLogging data to exp/trpo_Walker2d-v3/trpo_Walker2d-v3_s4/progress.txt[0m
[36;1mSaving config:
[0m
{
    "ac_kwargs":	{
        "hidden_sizes":	[
            64,
            64
        ]
    },
    "actor_critic":	"mlp_actor_critic",
    "algo":	"trpo",
    "backtrack_coeff":	0.8,
    "backtrack_iters":	10,
    "cg_iters":	10,
    "damping_coeff":	0.1,
    "delta":	0.01,
    "env_fn":	"<function <lambda> at 0x7f8b212f04d0>",
    "epochs":	50,
    "exp_name":	"trpo_Walker2d-v3",
    "gamma":	0.99,
    "lam":	0.97,
    "logger":	{
        "<spinup.utils.logx.EpochLogger object at 0x7f8b2129a650>":	{
            "epoch_dict":	{},
            "exp_name":	"trpo_Walker2d-v3",
            "first_row":	true,
            "log_current_row":	{},
            "log_headers":	[],
            "output_dir":	"exp/trpo_Walker2d-v3/trpo_Walker2d-v3_s4",
            "output_file":	{
                "<_io.TextIOWrapper name='exp/trpo_Walker2d-v3/trpo_Walker2d-v3_s4/progress.txt' mode='w' encoding='UTF-8'>":	{
                    "mode":	"w"
                }
            }
        }
    },
    "logger_kwargs":	{
        "exp_name":	"trpo_Walker2d-v3",
        "output_dir":	"exp/trpo_Walker2d-v3/trpo_Walker2d-v3_s4"
    },
    "max_ep_len":	1000,
    "save_freq":	10,
    "seed":	4,
    "steps_per_epoch":	4000,
    "train_v_iters":	80,
    "vf_lr":	0.001
}
[GCRAZGDL0429:31904] 3 more processes have sent help message help-mpi-btl-base.txt / btl:no-nics
[GCRAZGDL0429:31904] Set MCA parameter "orte_base_help_aggregate" to 0 to see all help / error messages
[32;1m
Number of parameters: 	 pi: 5708, 	 v: 5377
[0m
2022-04-14 05:26:23.823170: I tensorflow/core/platform/cpu_feature_guard.cc:142] Your CPU supports instructions that this TensorFlow binary was not compiled to use: AVX2 FMA
2022-04-14 05:26:23.881731: I tensorflow/core/platform/profile_utils/cpu_utils.cc:94] CPU Frequency: 2593990000 Hz
2022-04-14 05:26:23.885194: I tensorflow/compiler/xla/service/service.cc:168] XLA service 0x557e18143b20 initialized for platform Host (this does not guarantee that XLA will be used). Devices:
2022-04-14 05:26:23.885294: I tensorflow/compiler/xla/service/service.cc:176]   StreamExecutor device (0): Host, Default Version
2022-04-14 05:26:27.295539: I tensorflow/core/platform/cpu_feature_guard.cc:142] Your CPU supports instructions that this TensorFlow binary was not compiled to use: AVX2 FMA
2022-04-14 05:26:27.389996: I tensorflow/core/platform/profile_utils/cpu_utils.cc:94] CPU Frequency: 2593990000 Hz
2022-04-14 05:26:27.393746: I tensorflow/compiler/xla/service/service.cc:168] XLA service 0x55b119589910 initialized for platform Host (this does not guarantee that XLA will be used). Devices:
2022-04-14 05:26:27.393774: I tensorflow/compiler/xla/service/service.cc:176]   StreamExecutor device (0): Host, Default Version
2022-04-14 05:26:32.580333: I tensorflow/core/platform/cpu_feature_guard.cc:142] Your CPU supports instructions that this TensorFlow binary was not compiled to use: AVX2 FMA
2022-04-14 05:26:32.686467: I tensorflow/core/platform/profile_utils/cpu_utils.cc:94] CPU Frequency: 2593990000 Hz
2022-04-14 05:26:32.687611: I tensorflow/compiler/xla/service/service.cc:168] XLA service 0x5638c10133f0 initialized for platform Host (this does not guarantee that XLA will be used). Devices:
2022-04-14 05:26:32.687709: I tensorflow/compiler/xla/service/service.cc:176]   StreamExecutor device (0): Host, Default Version
2022-04-14 05:26:34.604465: I tensorflow/core/platform/cpu_feature_guard.cc:142] Your CPU supports instructions that this TensorFlow binary was not compiled to use: AVX2 FMA
2022-04-14 05:26:34.697195: I tensorflow/core/platform/profile_utils/cpu_utils.cc:94] CPU Frequency: 2593990000 Hz
2022-04-14 05:26:34.710519: I tensorflow/compiler/xla/service/service.cc:168] XLA service 0x5626e20535d0 initialized for platform Host (this does not guarantee that XLA will be used). Devices:
2022-04-14 05:26:34.710562: I tensorflow/compiler/xla/service/service.cc:176]   StreamExecutor device (0): Host, Default Version
Warning: trajectory cut off by epoch at 12 steps.
Warning: trajectory cut off by epoch at 1 steps.
[32;1mAccepting new params at step 0 of line search.[0m
---------------------------------------
|             Epoch |               0 |
|      AverageEpRet |          -0.758 |
|          StdEpRet |            3.18 |
|          MaxEpRet |            8.37 |
|          MinEpRet |           -11.1 |
|             EpLen |              13 |
|      AverageVVals |           0.111 |
|          StdVVals |            0.47 |
|          MaxVVals |            1.44 |
|          MinVVals |           -1.74 |
| TotalEnvInteracts |           4e+03 |
|            LossPi |       -1.86e-09 |
|             LossV |            11.8 |
|       DeltaLossPi |         -0.0544 |
|        DeltaLossV |           -6.38 |
|                KL |         0.00946 |
|    BacktrackIters |               0 |
|              Time |            67.9 |
---------------------------------------
Warning: trajectory cut off by epoch at 6 steps.
Warning: trajectory cut off by epoch at 10 steps.
Warning: trajectory cut off by epoch at 16 steps.
Warning: trajectory cut off by epoch at 10 steps.
[32;1mAccepting new params at step 0 of line search.[0m
---------------------------------------
|             Epoch |               1 |
|      AverageEpRet |          0.0918 |
|          StdEpRet |            3.05 |
|          MaxEpRet |            10.1 |
|          MinEpRet |           -7.74 |
|             EpLen |            13.4 |
|      AverageVVals |           -1.84 |
|          StdVVals |            1.18 |
|          MaxVVals |            2.79 |
|          MinVVals |            -4.8 |
| TotalEnvInteracts |           8e+03 |
|            LossPi |       -1.28e-08 |
|             LossV |            5.43 |
|       DeltaLossPi |         -0.0573 |
|        DeltaLossV |           -1.13 |
|                KL |         0.00952 |
|    BacktrackIters |               0 |
|              Time |             139 |
---------------------------------------
Warning: trajectory cut off by epoch at 17 steps.
Warning: trajectory cut off by epoch at 14 steps.
Warning: trajectory cut off by epoch at 9 steps.
Warning: trajectory cut off by epoch at 4 steps.
[32;1mAccepting new params at step 0 of line search.[0m
---------------------------------------
|             Epoch |               2 |
|      AverageEpRet |            0.91 |
|          StdEpRet |            2.82 |
|          MaxEpRet |            8.66 |
|          MinEpRet |           -9.06 |
|             EpLen |            13.5 |
|      AverageVVals |           -1.68 |
|          StdVVals |            1.48 |
|          MaxVVals |               3 |
|          MinVVals |           -5.86 |
| TotalEnvInteracts |         1.2e+04 |
|            LossPi |        3.73e-08 |
|             LossV |            4.15 |
|       DeltaLossPi |         -0.0596 |
|        DeltaLossV |          -0.842 |
|                KL |          0.0095 |
|    BacktrackIters |               0 |
|              Time |             211 |
---------------------------------------
Warning: trajectory cut off by epoch at 7 steps.
Warning: trajectory cut off by epoch at 9 steps.
Warning: trajectory cut off by epoch at 11 steps.
Warning: trajectory cut off by epoch at 10 steps.
[32;1mAccepting new params at step 0 of line search.[0m
---------------------------------------
|             Epoch |               3 |
|      AverageEpRet |            1.61 |
|          StdEpRet |            3.18 |
|          MaxEpRet |              16 |
|          MinEpRet |           -11.1 |
|             EpLen |            14.1 |
|      AverageVVals |           -1.46 |
|          StdVVals |            1.63 |
|          MaxVVals |            3.01 |
|          MinVVals |           -5.69 |
| TotalEnvInteracts |         1.6e+04 |
|            LossPi |       -1.56e-08 |
|             LossV |            4.17 |
|       DeltaLossPi |         -0.0598 |
|        DeltaLossV |          -0.668 |
|                KL |          0.0095 |
|    BacktrackIters |               0 |
|              Time |             282 |
---------------------------------------
Warning: trajectory cut off by epoch at 16 steps.
Warning: trajectory cut off by epoch at 6 steps.
Warning: trajectory cut off by epoch at 9 steps.
Warning: trajectory cut off by epoch at 1 steps.
[32;1mAccepting new params at step 0 of line search.[0m
---------------------------------------
|             Epoch |               4 |
|      AverageEpRet |            2.44 |
|          StdEpRet |            2.61 |
|          MaxEpRet |            11.5 |
|          MinEpRet |           -9.11 |
|             EpLen |            14.2 |
|      AverageVVals |           -1.13 |
|          StdVVals |            1.91 |
|          MaxVVals |            3.04 |
|          MinVVals |           -6.64 |
| TotalEnvInteracts |           2e+04 |
|            LossPi |       -1.91e-08 |
|             LossV |            3.19 |
|       DeltaLossPi |          -0.061 |
|        DeltaLossV |          -0.596 |
|                KL |         0.00947 |
|    BacktrackIters |               0 |
|              Time |             354 |
---------------------------------------
Warning: trajectory cut off by epoch at 12 steps.
Warning: trajectory cut off by epoch at 10 steps.
Warning: trajectory cut off by epoch at 5 steps.
Warning: trajectory cut off by epoch at 13 steps.
[32;1mAccepting new params at step 0 of line search.[0m
---------------------------------------
|             Epoch |               5 |
|      AverageEpRet |            3.11 |
|          StdEpRet |            2.23 |
|          MaxEpRet |            11.1 |
|          MinEpRet |           -5.11 |
|             EpLen |            14.3 |
|      AverageVVals |           -0.84 |
|          StdVVals |            2.04 |
|          MaxVVals |            3.54 |
|          MinVVals |            -5.7 |
| TotalEnvInteracts |         2.4e+04 |
|            LossPi |        9.31e-09 |
|             LossV |             2.1 |
|       DeltaLossPi |         -0.0587 |
|        DeltaLossV |          -0.285 |
|                KL |         0.00948 |
|    BacktrackIters |               0 |
|              Time |             423 |
---------------------------------------
Warning: trajectory cut off by epoch at 5 steps.
Warning: trajectory cut off by epoch at 8 steps.
Warning: trajectory cut off by epoch at 9 steps.
[32;1mAccepting new params at step 0 of line search.[0m
---------------------------------------
|             Epoch |               6 |
|      AverageEpRet |            3.71 |
|          StdEpRet |             2.2 |
|          MaxEpRet |            15.5 |
|          MinEpRet |           -5.32 |
|             EpLen |            14.9 |
|      AverageVVals |          -0.665 |
|          StdVVals |            2.18 |
|          MaxVVals |            4.07 |
|          MinVVals |           -5.97 |
| TotalEnvInteracts |         2.8e+04 |
|            LossPi |        1.91e-08 |
|             LossV |             2.7 |
|       DeltaLossPi |         -0.0575 |
|        DeltaLossV |          -0.514 |
|                KL |         0.00923 |
|    BacktrackIters |               0 |
|              Time |             496 |
---------------------------------------
Warning: trajectory cut off by epoch at 10 steps.
Warning: trajectory cut off by epoch at 10 steps.
Warning: trajectory cut off by epoch at 11 steps.
Warning: trajectory cut off by epoch at 7 steps.
[32;1mAccepting new params at step 0 of line search.[0m
---------------------------------------
|             Epoch |               7 |
|      AverageEpRet |            3.91 |
|          StdEpRet |            2.16 |
|          MaxEpRet |            12.7 |
|          MinEpRet |           -3.16 |
|             EpLen |            14.7 |
|      AverageVVals |          -0.484 |
|          StdVVals |            2.35 |
|          MaxVVals |            4.09 |
|          MinVVals |           -7.01 |
| TotalEnvInteracts |         3.2e+04 |
|            LossPi |       -1.12e-08 |
|             LossV |            2.13 |
|       DeltaLossPi |         -0.0563 |
|        DeltaLossV |          -0.295 |
|                KL |         0.00949 |
|    BacktrackIters |               0 |
|              Time |             567 |
---------------------------------------
Warning: trajectory cut off by epoch at 5 steps.
Warning: trajectory cut off by epoch at 6 steps.
Warning: trajectory cut off by epoch at 6 steps.
Warning: trajectory cut off by epoch at 14 steps.
[32;1mAccepting new params at step 0 of line search.[0m
---------------------------------------
|             Epoch |               8 |
|      AverageEpRet |            4.38 |
|          StdEpRet |             2.2 |
|          MaxEpRet |              15 |
|          MinEpRet |           -4.43 |
|             EpLen |            15.3 |
|      AverageVVals |          -0.372 |
|          StdVVals |            2.43 |
|          MaxVVals |            7.73 |
|          MinVVals |           -5.55 |
| TotalEnvInteracts |         3.6e+04 |
|            LossPi |       -2.42e-08 |
|             LossV |            2.66 |
|       DeltaLossPi |         -0.0583 |
|        DeltaLossV |          -0.515 |
|                KL |         0.00941 |
|    BacktrackIters |               0 |
|              Time |             638 |
---------------------------------------
Warning: trajectory cut off by epoch at 13 steps.
Warning: trajectory cut off by epoch at 12 steps.
Warning: trajectory cut off by epoch at 10 steps.
Warning: trajectory cut off by epoch at 5 steps.
[32;1mAccepting new params at step 0 of line search.[0m
---------------------------------------
|             Epoch |               9 |
|      AverageEpRet |             4.6 |
|          StdEpRet |            2.32 |
|          MaxEpRet |            18.4 |
|          MinEpRet |           -3.06 |
|             EpLen |            15.3 |
|      AverageVVals |          -0.251 |
|          StdVVals |            2.57 |
|          MaxVVals |            7.12 |
|          MinVVals |           -6.63 |
| TotalEnvInteracts |           4e+04 |
|            LossPi |        3.73e-09 |
|             LossV |            2.86 |
|       DeltaLossPi |         -0.0536 |
|        DeltaLossV |          -0.413 |
|                KL |          0.0094 |
|    BacktrackIters |               0 |
|              Time |             710 |
---------------------------------------
Warning: trajectory cut off by epoch at 3 steps.
Warning: trajectory cut off by epoch at 9 steps.
Warning: trajectory cut off by epoch at 19 steps.
[32;1mAccepting new params at step 0 of line search.[0m
---------------------------------------
|             Epoch |              10 |
|      AverageEpRet |            5.54 |
|          StdEpRet |            3.03 |
|          MaxEpRet |            32.7 |
|          MinEpRet |           -1.86 |
|             EpLen |            16.2 |
|      AverageVVals |         -0.0217 |
|          StdVVals |            2.62 |
|          MaxVVals |            7.59 |
|          MinVVals |           -6.19 |
| TotalEnvInteracts |         4.4e+04 |
|            LossPi |        1.68e-08 |
|             LossV |            5.67 |
|       DeltaLossPi |         -0.0658 |
|        DeltaLossV |          -0.959 |
|                KL |         0.00927 |
|    BacktrackIters |               0 |
|              Time |             785 |
---------------------------------------
Warning: trajectory cut off by epoch at 7 steps.
Warning: trajectory cut off by epoch at 2 steps.
Warning: trajectory cut off by epoch at 10 steps.
Warning: trajectory cut off by epoch at 3 steps.
[32;1mAccepting new params at step 0 of line search.[0m
---------------------------------------
|             Epoch |              11 |
|      AverageEpRet |             5.8 |
|          StdEpRet |            3.31 |
|          MaxEpRet |            34.2 |
|          MinEpRet |           -4.33 |
|             EpLen |            16.6 |
|      AverageVVals |           0.401 |
|          StdVVals |            2.91 |
|          MaxVVals |            9.13 |
|          MinVVals |           -6.36 |
| TotalEnvInteracts |         4.8e+04 |
|            LossPi |        1.49e-08 |
|             LossV |             6.5 |
|       DeltaLossPi |         -0.0627 |
|        DeltaLossV |          -0.895 |
|                KL |         0.00943 |
|    BacktrackIters |               0 |
|              Time |             858 |
---------------------------------------
Warning: trajectory cut off by epoch at 1 steps.
Warning: trajectory cut off by epoch at 14 steps.
Warning: trajectory cut off by epoch at 6 steps.
Warning: trajectory cut off by epoch at 7 steps.
[32;1mAccepting new params at step 0 of line search.[0m
---------------------------------------
|             Epoch |              12 |
|      AverageEpRet |            6.09 |
|          StdEpRet |            3.29 |
|          MaxEpRet |            29.1 |
|          MinEpRet |            -1.4 |
|             EpLen |            17.1 |
|      AverageVVals |           0.549 |
|          StdVVals |            2.98 |
|          MaxVVals |            11.5 |
|          MinVVals |           -7.39 |
| TotalEnvInteracts |         5.2e+04 |
|            LossPi |        4.84e-08 |
|             LossV |            6.95 |
|       DeltaLossPi |         -0.0497 |
|        DeltaLossV |           -1.35 |
|                KL |         0.00925 |
|    BacktrackIters |               0 |
|              Time |             930 |
---------------------------------------
Warning: trajectory cut off by epoch at 17 steps.
Warning: trajectory cut off by epoch at 22 steps.
Warning: trajectory cut off by epoch at 10 steps.
Warning: trajectory cut off by epoch at 10 steps.
[32;1mAccepting new params at step 0 of line search.[0m
---------------------------------------
|             Epoch |              13 |
|      AverageEpRet |            7.39 |
|          StdEpRet |             4.5 |
|          MaxEpRet |            33.1 |
|          MinEpRet |           0.705 |
|             EpLen |            18.7 |
|      AverageVVals |           0.769 |
|          StdVVals |            3.09 |
|          MaxVVals |            10.2 |
|          MinVVals |           -6.87 |
| TotalEnvInteracts |         5.6e+04 |
|            LossPi |       -1.86e-08 |
|             LossV |            12.5 |
|       DeltaLossPi |           -0.06 |
|        DeltaLossV |           -2.82 |
|                KL |         0.00938 |
|    BacktrackIters |               0 |
|              Time |             994 |
---------------------------------------
Warning: trajectory cut off by epoch at 17 steps.
Warning: trajectory cut off by epoch at 10 steps.
Warning: trajectory cut off by epoch at 14 steps.
[32;1mAccepting new params at step 0 of line search.[0m
---------------------------------------
|             Epoch |              14 |
|      AverageEpRet |            7.26 |
|          StdEpRet |            4.11 |
|          MaxEpRet |              29 |
|          MinEpRet |           -1.52 |
|             EpLen |            18.2 |
|      AverageVVals |            1.65 |
|          StdVVals |            3.34 |
|          MaxVVals |            10.9 |
|          MinVVals |           -6.22 |
| TotalEnvInteracts |           6e+04 |
|            LossPi |        9.31e-10 |
|             LossV |            9.19 |
|       DeltaLossPi |         -0.0526 |
|        DeltaLossV |           -1.54 |
|                KL |         0.00942 |
|    BacktrackIters |               0 |
|              Time |        1.07e+03 |
---------------------------------------
Warning: trajectory cut off by epoch at 14 steps.
Warning: trajectory cut off by epoch at 2 steps.
Warning: trajectory cut off by epoch at 5 steps.
Warning: trajectory cut off by epoch at 9 steps.
[32;1mAccepting new params at step 0 of line search.[0m
---------------------------------------
|             Epoch |              15 |
|      AverageEpRet |            7.89 |
|          StdEpRet |            5.49 |
|          MaxEpRet |            57.8 |
|          MinEpRet |            1.29 |
|             EpLen |            19.3 |
|      AverageVVals |            1.33 |
|          StdVVals |            3.27 |
|          MaxVVals |            9.63 |
|          MinVVals |           -6.39 |
| TotalEnvInteracts |         6.4e+04 |
|            LossPi |        1.49e-08 |
|             LossV |            19.5 |
|       DeltaLossPi |         -0.0608 |
|        DeltaLossV |              -4 |
|                KL |         0.00921 |
|    BacktrackIters |               0 |
|              Time |        1.15e+03 |
---------------------------------------
Warning: trajectory cut off by epoch at 10 steps.
Warning: trajectory cut off by epoch at 13 steps.
Warning: trajectory cut off by epoch at 17 steps.
[32;1mAccepting new params at step 0 of line search.[0m
---------------------------------------
|             Epoch |              16 |
|      AverageEpRet |            9.53 |
|          StdEpRet |            6.69 |
|          MaxEpRet |            67.1 |
|          MinEpRet |          -0.559 |
|             EpLen |            21.1 |
|      AverageVVals |            1.93 |
|          StdVVals |            3.71 |
|          MaxVVals |            15.9 |
|          MinVVals |           -9.77 |
| TotalEnvInteracts |         6.8e+04 |
|            LossPi |        2.05e-08 |
|             LossV |            28.5 |
|       DeltaLossPi |         -0.0533 |
|        DeltaLossV |           -7.53 |
|                KL |         0.00924 |
|    BacktrackIters |               0 |
|              Time |        1.23e+03 |
---------------------------------------
Warning: trajectory cut off by epoch at 13 steps.
Warning: trajectory cut off by epoch at 21 steps.
Warning: trajectory cut off by epoch at 37 steps.
Warning: trajectory cut off by epoch at 8 steps.
[32;1mAccepting new params at step 0 of line search.[0m
---------------------------------------
|             Epoch |              17 |
|      AverageEpRet |            11.6 |
|          StdEpRet |            7.79 |
|          MaxEpRet |            49.4 |
|          MinEpRet |          -0.804 |
|             EpLen |            24.2 |
|      AverageVVals |            3.18 |
|          StdVVals |            4.29 |
|          MaxVVals |              20 |
|          MinVVals |           -7.46 |
| TotalEnvInteracts |         7.2e+04 |
|            LossPi |        3.73e-09 |
|             LossV |            31.2 |
|       DeltaLossPi |         -0.0558 |
|        DeltaLossV |           -6.78 |
|                KL |         0.00918 |
|    BacktrackIters |               0 |
|              Time |        1.31e+03 |
---------------------------------------
Warning: trajectory cut off by epoch at 5 steps.
Warning: trajectory cut off by epoch at 12 steps.
Warning: trajectory cut off by epoch at 21 steps.
Warning: trajectory cut off by epoch at 17 steps.
[32;1mAccepting new params at step 0 of line search.[0m
---------------------------------------
|             Epoch |              18 |
|      AverageEpRet |            12.1 |
|          StdEpRet |            7.07 |
|          MaxEpRet |            38.2 |
|          MinEpRet |            2.27 |
|             EpLen |            24.8 |
|      AverageVVals |            4.17 |
|          StdVVals |            4.15 |
|          MaxVVals |            18.9 |
|          MinVVals |           -5.43 |
| TotalEnvInteracts |         7.6e+04 |
|            LossPi |       -1.86e-09 |
|             LossV |            28.3 |
|       DeltaLossPi |         -0.0581 |
|        DeltaLossV |           -5.94 |
|                KL |         0.00925 |
|    BacktrackIters |               0 |
|              Time |        1.39e+03 |
---------------------------------------
Warning: trajectory cut off by epoch at 9 steps.
Warning: trajectory cut off by epoch at 21 steps.
Warning: trajectory cut off by epoch at 59 steps.
Warning: trajectory cut off by epoch at 2 steps.
[32;1mAccepting new params at step 0 of line search.[0m
---------------------------------------
|             Epoch |              19 |
|      AverageEpRet |              15 |
|          StdEpRet |            12.2 |
|          MaxEpRet |              79 |
|          MinEpRet |             3.5 |
|             EpLen |            27.7 |
|      AverageVVals |            4.55 |
|          StdVVals |             4.6 |
|          MaxVVals |            19.3 |
|          MinVVals |           -6.41 |
| TotalEnvInteracts |           8e+04 |
|            LossPi |       -1.49e-08 |
|             LossV |            90.9 |
|       DeltaLossPi |          -0.055 |
|        DeltaLossV |           -24.4 |
|                KL |         0.00923 |
|    BacktrackIters |               0 |
|              Time |        1.46e+03 |
---------------------------------------
Warning: trajectory cut off by epoch at 70 steps.
Warning: trajectory cut off by epoch at 31 steps.
Warning: trajectory cut off by epoch at 6 steps.
Warning: trajectory cut off by epoch at 42 steps.
[32;1mAccepting new params at step 0 of line search.[0m
---------------------------------------
|             Epoch |              20 |
|      AverageEpRet |            16.8 |
|          StdEpRet |            11.9 |
|          MaxEpRet |            67.5 |
|          MinEpRet |            2.49 |
|             EpLen |            30.1 |
|      AverageVVals |            7.21 |
|          StdVVals |            6.11 |
|          MaxVVals |            29.1 |
|          MinVVals |           -10.6 |
| TotalEnvInteracts |         8.4e+04 |
|            LossPi |       -6.52e-09 |
|             LossV |            77.9 |
|       DeltaLossPi |         -0.0545 |
|        DeltaLossV |           -15.6 |
|                KL |         0.00919 |
|    BacktrackIters |               0 |
|              Time |        1.54e+03 |
---------------------------------------
Warning: trajectory cut off by epoch at 23 steps.
Warning: trajectory cut off by epoch at 59 steps.
Warning: trajectory cut off by epoch at 33 steps.
[32;1mAccepting new params at step 0 of line search.[0m
---------------------------------------
|             Epoch |              21 |
|      AverageEpRet |            20.1 |
|          StdEpRet |            17.2 |
|          MaxEpRet |             139 |
|          MinEpRet |            1.98 |
|             EpLen |            32.9 |
|      AverageVVals |             8.1 |
|          StdVVals |             6.1 |
|          MaxVVals |              32 |
|          MinVVals |           -8.59 |
| TotalEnvInteracts |         8.8e+04 |
|            LossPi |        3.35e-08 |
|             LossV |             144 |
|       DeltaLossPi |         -0.0535 |
|        DeltaLossV |           -34.6 |
|                KL |          0.0091 |
|    BacktrackIters |               0 |
|              Time |        1.61e+03 |
---------------------------------------
Warning: trajectory cut off by epoch at 18 steps.
Warning: trajectory cut off by epoch at 11 steps.
Warning: trajectory cut off by epoch at 10 steps.
Warning: trajectory cut off by epoch at 1 steps.
[32;1mAccepting new params at step 0 of line search.[0m
---------------------------------------
|             Epoch |              22 |
|      AverageEpRet |            22.2 |
|          StdEpRet |            19.2 |
|          MaxEpRet |             122 |
|          MinEpRet |            2.04 |
|             EpLen |            38.1 |
|      AverageVVals |            9.76 |
|          StdVVals |               8 |
|          MaxVVals |            36.1 |
|          MinVVals |           -12.9 |
| TotalEnvInteracts |         9.2e+04 |
|            LossPi |       -1.12e-08 |
|             LossV |             163 |
|       DeltaLossPi |         -0.0553 |
|        DeltaLossV |           -38.3 |
|                KL |         0.00937 |
|    BacktrackIters |               0 |
|              Time |        1.67e+03 |
---------------------------------------
Warning: trajectory cut off by epoch at 6 steps.
Warning: trajectory cut off by epoch at 39 steps.
Warning: trajectory cut off by epoch at 8 steps.
[32;1mAccepting new params at step 0 of line search.[0m
---------------------------------------
|             Epoch |              23 |
|      AverageEpRet |            25.6 |
|          StdEpRet |            22.7 |
|          MaxEpRet |             158 |
|          MinEpRet |            3.62 |
|             EpLen |            39.1 |
|      AverageVVals |            11.3 |
|          StdVVals |            7.93 |
|          MaxVVals |            43.4 |
|          MinVVals |           -7.88 |
| TotalEnvInteracts |         9.6e+04 |
|            LossPi |        9.31e-09 |
|             LossV |             219 |
|       DeltaLossPi |         -0.0563 |
|        DeltaLossV |           -50.8 |
|                KL |         0.00924 |
|    BacktrackIters |               0 |
|              Time |        1.74e+03 |
---------------------------------------
Warning: trajectory cut off by epoch at 13 steps.
Warning: trajectory cut off by epoch at 15 steps.
Warning: trajectory cut off by epoch at 19 steps.
Warning: trajectory cut off by epoch at 39 steps.
[32;1mAccepting new params at step 0 of line search.[0m
---------------------------------------
|             Epoch |              24 |
|      AverageEpRet |            29.2 |
|          StdEpRet |              27 |
|          MaxEpRet |             130 |
|          MinEpRet |            1.65 |
|             EpLen |            44.5 |
|      AverageVVals |            13.2 |
|          StdVVals |            8.87 |
|          MaxVVals |            41.9 |
|          MinVVals |           -16.6 |
| TotalEnvInteracts |           1e+05 |
|            LossPi |        2.24e-08 |
|             LossV |             267 |
|       DeltaLossPi |         -0.0471 |
|        DeltaLossV |           -72.5 |
|                KL |         0.00905 |
|    BacktrackIters |               0 |
|              Time |        1.81e+03 |
---------------------------------------
Warning: trajectory cut off by epoch at 11 steps.
Warning: trajectory cut off by epoch at 27 steps.
Warning: trajectory cut off by epoch at 35 steps.
Warning: trajectory cut off by epoch at 56 steps.
[32;1mAccepting new params at step 0 of line search.[0m
---------------------------------------
|             Epoch |              25 |
|      AverageEpRet |            37.4 |
|          StdEpRet |            34.8 |
|          MaxEpRet |             179 |
|          MinEpRet |            3.25 |
|             EpLen |            52.3 |
|      AverageVVals |            16.7 |
|          StdVVals |            10.8 |
|          MaxVVals |            47.7 |
|          MinVVals |           -25.3 |
| TotalEnvInteracts |        1.04e+05 |
|            LossPi |       -7.45e-09 |
|             LossV |             351 |
|       DeltaLossPi |         -0.0519 |
|        DeltaLossV |           -91.6 |
|                KL |         0.00924 |
|    BacktrackIters |               0 |
|              Time |        1.88e+03 |
---------------------------------------
Warning: trajectory cut off by epoch at 86 steps.
Warning: trajectory cut off by epoch at 68 steps.
Warning: trajectory cut off by epoch at 18 steps.
Warning: trajectory cut off by epoch at 46 steps.
[32;1mAccepting new params at step 0 of line search.[0m
---------------------------------------
|             Epoch |              26 |
|      AverageEpRet |            34.5 |
|          StdEpRet |            31.1 |
|          MaxEpRet |             171 |
|          MinEpRet |            4.93 |
|             EpLen |            51.8 |
|      AverageVVals |            16.2 |
|          StdVVals |              13 |
|          MaxVVals |            55.2 |
|          MinVVals |           -22.9 |
| TotalEnvInteracts |        1.08e+05 |
|            LossPi |       -2.61e-08 |
|             LossV |             317 |
|       DeltaLossPi |          -0.054 |
|        DeltaLossV |            -102 |
|                KL |         0.00915 |
|    BacktrackIters |               0 |
|              Time |        1.95e+03 |
---------------------------------------
Warning: trajectory cut off by epoch at 50 steps.
Warning: trajectory cut off by epoch at 23 steps.
Warning: trajectory cut off by epoch at 27 steps.
Warning: trajectory cut off by epoch at 52 steps.
[32;1mAccepting new params at step 0 of line search.[0m
---------------------------------------
|             Epoch |              27 |
|      AverageEpRet |            44.8 |
|          StdEpRet |            52.1 |
|          MaxEpRet |             341 |
|          MinEpRet |            2.72 |
|             EpLen |            58.3 |
|      AverageVVals |            19.6 |
|          StdVVals |              13 |
|          MaxVVals |            59.3 |
|          MinVVals |           -20.4 |
| TotalEnvInteracts |        1.12e+05 |
|            LossPi |        1.86e-08 |
|             LossV |             796 |
|       DeltaLossPi |         -0.0558 |
|        DeltaLossV |            -256 |
|                KL |         0.00925 |
|    BacktrackIters |               0 |
|              Time |        2.02e+03 |
---------------------------------------
Warning: trajectory cut off by epoch at 10 steps.
Warning: trajectory cut off by epoch at 47 steps.
Warning: trajectory cut off by epoch at 3 steps.
Warning: trajectory cut off by epoch at 37 steps.
[32;1mAccepting new params at step 0 of line search.[0m
---------------------------------------
|             Epoch |              28 |
|      AverageEpRet |            50.2 |
|          StdEpRet |            48.8 |
|          MaxEpRet |             286 |
|          MinEpRet |            7.07 |
|             EpLen |            68.5 |
|      AverageVVals |            21.2 |
|          StdVVals |            20.2 |
|          MaxVVals |            78.6 |
|          MinVVals |             -36 |
| TotalEnvInteracts |        1.16e+05 |
|            LossPi |        3.73e-08 |
|             LossV |             578 |
|       DeltaLossPi |         -0.0551 |
|        DeltaLossV |            -174 |
|                KL |          0.0091 |
|    BacktrackIters |               0 |
|              Time |        2.09e+03 |
---------------------------------------
Warning: trajectory cut off by epoch at 7 steps.
Warning: trajectory cut off by epoch at 94 steps.
Warning: trajectory cut off by epoch at 35 steps.
Warning: trajectory cut off by epoch at 55 steps.
[32;1mAccepting new params at step 0 of line search.[0m
---------------------------------------
|             Epoch |              29 |
|      AverageEpRet |            58.4 |
|          StdEpRet |            55.8 |
|          MaxEpRet |             285 |
|          MinEpRet |             6.9 |
|             EpLen |            73.2 |
|      AverageVVals |            27.2 |
|          StdVVals |            19.8 |
|          MaxVVals |            81.6 |
|          MinVVals |           -19.3 |
| TotalEnvInteracts |         1.2e+05 |
|            LossPi |        1.68e-08 |
|             LossV |             707 |
|       DeltaLossPi |         -0.0497 |
|        DeltaLossV |            -201 |
|                KL |         0.00906 |
|    BacktrackIters |               0 |
|              Time |        2.15e+03 |
---------------------------------------
Warning: trajectory cut off by epoch at 7 steps.
Warning: trajectory cut off by epoch at 137 steps.
Warning: trajectory cut off by epoch at 35 steps.
Warning: trajectory cut off by epoch at 30 steps.
[32;1mAccepting new params at step 0 of line search.[0m
---------------------------------------
|             Epoch |              30 |
|      AverageEpRet |            69.7 |
|          StdEpRet |            85.9 |
|          MaxEpRet |             360 |
|          MinEpRet |            6.53 |
|             EpLen |            82.4 |
|      AverageVVals |              27 |
|          StdVVals |            22.4 |
|          MaxVVals |            84.7 |
|          MinVVals |           -32.8 |
| TotalEnvInteracts |        1.24e+05 |
|            LossPi |               0 |
|             LossV |        1.19e+03 |
|       DeltaLossPi |         -0.0517 |
|        DeltaLossV |            -492 |
|                KL |         0.00901 |
|    BacktrackIters |               0 |
|              Time |        2.22e+03 |
---------------------------------------
Warning: trajectory cut off by epoch at 116 steps.
Warning: trajectory cut off by epoch at 67 steps.
Warning: trajectory cut off by epoch at 94 steps.
Warning: trajectory cut off by epoch at 52 steps.
[32;1mAccepting new params at step 0 of line search.[0m
---------------------------------------
|             Epoch |              31 |
|      AverageEpRet |             118 |
|          StdEpRet |            94.5 |
|          MaxEpRet |             395 |
|          MinEpRet |            5.97 |
|             EpLen |             122 |
|      AverageVVals |              42 |
|          StdVVals |            31.1 |
|          MaxVVals |              97 |
|          MinVVals |           -32.5 |
| TotalEnvInteracts |        1.28e+05 |
|            LossPi |       -7.45e-09 |
|             LossV |        1.28e+03 |
|       DeltaLossPi |         -0.0506 |
|        DeltaLossV |            -454 |
|                KL |           0.009 |
|    BacktrackIters |               0 |
|              Time |        2.29e+03 |
---------------------------------------
Warning: trajectory cut off by epoch at 26 steps.
Warning: trajectory cut off by epoch at 97 steps.
Warning: trajectory cut off by epoch at 95 steps.
Warning: trajectory cut off by epoch at 66 steps.
[32;1mAccepting new params at step 0 of line search.[0m
---------------------------------------
|             Epoch |              32 |
|      AverageEpRet |            74.2 |
|          StdEpRet |            89.5 |
|          MaxEpRet |             377 |
|          MinEpRet |            6.66 |
|             EpLen |             106 |
|      AverageVVals |            37.2 |
|          StdVVals |              30 |
|          MaxVVals |             101 |
|          MinVVals |           -34.5 |
| TotalEnvInteracts |        1.32e+05 |
|            LossPi |       -4.47e-08 |
|             LossV |        1.12e+03 |
|       DeltaLossPi |          -0.051 |
|        DeltaLossV |            -302 |
|                KL |         0.00914 |
|    BacktrackIters |               0 |
|              Time |        2.36e+03 |
---------------------------------------
Warning: trajectory cut off by epoch at 166 steps.
Warning: trajectory cut off by epoch at 6 steps.
Warning: trajectory cut off by epoch at 176 steps.
[32;1mAccepting new params at step 0 of line search.[0m
---------------------------------------
|             Epoch |              33 |
|      AverageEpRet |            98.4 |
|          StdEpRet |             107 |
|          MaxEpRet |             399 |
|          MinEpRet |            5.15 |
|             EpLen |             135 |
|      AverageVVals |            32.1 |
|          StdVVals |            29.2 |
|          MaxVVals |            99.4 |
|          MinVVals |           -37.7 |
| TotalEnvInteracts |        1.36e+05 |
|            LossPi |       -7.45e-09 |
|             LossV |             925 |
|       DeltaLossPi |         -0.0507 |
|        DeltaLossV |            -343 |
|                KL |         0.00924 |
|    BacktrackIters |               0 |
|              Time |        2.43e+03 |
---------------------------------------
Warning: trajectory cut off by epoch at 42 steps.
Warning: trajectory cut off by epoch at 4 steps.
Warning: trajectory cut off by epoch at 69 steps.
Warning: trajectory cut off by epoch at 23 steps.
[32;1mAccepting new params at step 0 of line search.[0m
---------------------------------------
|             Epoch |              34 |
|      AverageEpRet |             106 |
|          StdEpRet |            94.2 |
|          MaxEpRet |             387 |
|          MinEpRet |            13.8 |
|             EpLen |             121 |
|      AverageVVals |            44.7 |
|          StdVVals |            32.3 |
|          MaxVVals |             107 |
|          MinVVals |           -27.5 |
| TotalEnvInteracts |         1.4e+05 |
|            LossPi |       -7.45e-09 |
|             LossV |             991 |
|       DeltaLossPi |         -0.0518 |
|        DeltaLossV |            -268 |
|                KL |         0.00922 |
|    BacktrackIters |               0 |
|              Time |         2.5e+03 |
---------------------------------------
Warning: trajectory cut off by epoch at 47 steps.
Warning: trajectory cut off by epoch at 48 steps.
Warning: trajectory cut off by epoch at 21 steps.
Warning: trajectory cut off by epoch at 86 steps.
[32;1mAccepting new params at step 0 of line search.[0m
---------------------------------------
|             Epoch |              35 |
|      AverageEpRet |             120 |
|          StdEpRet |            97.7 |
|          MaxEpRet |             374 |
|          MinEpRet |              16 |
|             EpLen |             127 |
|      AverageVVals |            45.9 |
|          StdVVals |            32.5 |
|          MaxVVals |             110 |
|          MinVVals |           -32.7 |
| TotalEnvInteracts |        1.44e+05 |
|            LossPi |       -3.73e-09 |
|             LossV |             868 |
|       DeltaLossPi |         -0.0527 |
|        DeltaLossV |            -261 |
|                KL |         0.00895 |
|    BacktrackIters |               0 |
|              Time |        2.57e+03 |
---------------------------------------
Warning: trajectory cut off by epoch at 3 steps.
Warning: trajectory cut off by epoch at 33 steps.
Warning: trajectory cut off by epoch at 73 steps.
Warning: trajectory cut off by epoch at 59 steps.
[32;1mAccepting new params at step 0 of line search.[0m
---------------------------------------
|             Epoch |              36 |
|      AverageEpRet |             153 |
|          StdEpRet |             116 |
|          MaxEpRet |             442 |
|          MinEpRet |            8.22 |
|             EpLen |             153 |
|      AverageVVals |            49.8 |
|          StdVVals |            32.6 |
|          MaxVVals |             108 |
|          MinVVals |           -22.7 |
| TotalEnvInteracts |        1.48e+05 |
|            LossPi |               0 |
|             LossV |        1.34e+03 |
|       DeltaLossPi |         -0.0499 |
|        DeltaLossV |            -368 |
|                KL |         0.00898 |
|    BacktrackIters |               0 |
|              Time |        2.63e+03 |
---------------------------------------
Warning: trajectory cut off by epoch at 72 steps.
Warning: trajectory cut off by epoch at 5 steps.
Warning: trajectory cut off by epoch at 18 steps.
Warning: trajectory cut off by epoch at 68 steps.
[32;1mAccepting new params at step 0 of line search.[0m
---------------------------------------
|             Epoch |              37 |
|      AverageEpRet |             121 |
|          StdEpRet |             126 |
|          MaxEpRet |             463 |
|          MinEpRet |           -1.05 |
|             EpLen |             153 |
|      AverageVVals |            45.4 |
|          StdVVals |            33.8 |
|          MaxVVals |             108 |
|          MinVVals |           -29.5 |
| TotalEnvInteracts |        1.52e+05 |
|            LossPi |         1.3e-08 |
|             LossV |        1.02e+03 |
|       DeltaLossPi |         -0.0488 |
|        DeltaLossV |            -269 |
|                KL |         0.00894 |
|    BacktrackIters |               0 |
|              Time |         2.7e+03 |
---------------------------------------
Warning: trajectory cut off by epoch at 31 steps.
Warning: trajectory cut off by epoch at 191 steps.
Warning: trajectory cut off by epoch at 72 steps.
Warning: trajectory cut off by epoch at 152 steps.
[32;1mAccepting new params at step 0 of line search.[0m
---------------------------------------
|             Epoch |              38 |
|      AverageEpRet |             181 |
|          StdEpRet |             115 |
|          MaxEpRet |             431 |
|          MinEpRet |            21.6 |
|             EpLen |             169 |
|      AverageVVals |            54.1 |
|          StdVVals |            39.3 |
|          MaxVVals |             112 |
|          MinVVals |           -28.4 |
| TotalEnvInteracts |        1.56e+05 |
|            LossPi |       -1.12e-08 |
|             LossV |             834 |
|       DeltaLossPi |          -0.048 |
|        DeltaLossV |            -281 |
|                KL |         0.00898 |
|    BacktrackIters |               0 |
|              Time |        2.77e+03 |
---------------------------------------
Warning: trajectory cut off by epoch at 92 steps.
Warning: trajectory cut off by epoch at 427 steps.
Warning: trajectory cut off by epoch at 101 steps.
Warning: trajectory cut off by epoch at 59 steps.
[32;1mAccepting new params at step 0 of line search.[0m
---------------------------------------
|             Epoch |              39 |
|      AverageEpRet |             148 |
|          StdEpRet |             129 |
|          MaxEpRet |             435 |
|          MinEpRet |            1.07 |
|             EpLen |             166 |
|      AverageVVals |            58.4 |
|          StdVVals |            40.9 |
|          MaxVVals |             115 |
|          MinVVals |           -35.8 |
| TotalEnvInteracts |         1.6e+05 |
|            LossPi |       -2.42e-08 |
|             LossV |        1.03e+03 |
|       DeltaLossPi |         -0.0495 |
|        DeltaLossV |            -351 |
|                KL |         0.00909 |
|    BacktrackIters |               0 |
|              Time |        2.85e+03 |
---------------------------------------
Warning: trajectory cut off by epoch at 121 steps.
Warning: trajectory cut off by epoch at 166 steps.
Warning: trajectory cut off by epoch at 27 steps.
Warning: trajectory cut off by epoch at 608 steps.
[32;1mAccepting new params at step 0 of line search.[0m
---------------------------------------
|             Epoch |              40 |
|      AverageEpRet |             164 |
|          StdEpRet |             121 |
|          MaxEpRet |             410 |
|          MinEpRet |            8.09 |
|             EpLen |             162 |
|      AverageVVals |            62.2 |
|          StdVVals |            41.7 |
|          MaxVVals |             118 |
|          MinVVals |           -27.8 |
| TotalEnvInteracts |        1.64e+05 |
|            LossPi |        1.12e-08 |
|             LossV |        1.26e+03 |
|       DeltaLossPi |         -0.0494 |
|        DeltaLossV |            -289 |
|                KL |         0.00904 |
|    BacktrackIters |               0 |
|              Time |        2.94e+03 |
---------------------------------------
Warning: trajectory cut off by epoch at 45 steps.
Warning: trajectory cut off by epoch at 89 steps.
Warning: trajectory cut off by epoch at 51 steps.
Warning: trajectory cut off by epoch at 83 steps.
[32;1mAccepting new params at step 0 of line search.[0m
---------------------------------------
|             Epoch |              41 |
|      AverageEpRet |             175 |
|          StdEpRet |             136 |
|          MaxEpRet |             568 |
|          MinEpRet |            48.7 |
|             EpLen |             196 |
|      AverageVVals |            58.8 |
|          StdVVals |            38.9 |
|          MaxVVals |             116 |
|          MinVVals |           -33.1 |
| TotalEnvInteracts |        1.68e+05 |
|            LossPi |               0 |
|             LossV |             958 |
|       DeltaLossPi |         -0.0476 |
|        DeltaLossV |            -232 |
|                KL |         0.00905 |
|    BacktrackIters |               0 |
|              Time |        3.03e+03 |
---------------------------------------
Warning: trajectory cut off by epoch at 52 steps.
Warning: trajectory cut off by epoch at 159 steps.
Warning: trajectory cut off by epoch at 112 steps.
Warning: trajectory cut off by epoch at 156 steps.
[32;1mAccepting new params at step 0 of line search.[0m
---------------------------------------
|             Epoch |              42 |
|      AverageEpRet |             253 |
|          StdEpRet |            82.5 |
|          MaxEpRet |             375 |
|          MinEpRet |            69.8 |
|             EpLen |             196 |
|      AverageVVals |            70.1 |
|          StdVVals |            34.1 |
|          MaxVVals |             116 |
|          MinVVals |           -28.8 |
| TotalEnvInteracts |        1.72e+05 |
|            LossPi |        1.86e-08 |
|             LossV |             860 |
|       DeltaLossPi |         -0.0514 |
|        DeltaLossV |            -397 |
|                KL |         0.00897 |
|    BacktrackIters |               0 |
|              Time |         3.1e+03 |
---------------------------------------
Warning: trajectory cut off by epoch at 235 steps.
Warning: trajectory cut off by epoch at 49 steps.
Warning: trajectory cut off by epoch at 27 steps.
Warning: trajectory cut off by epoch at 71 steps.
[32;1mAccepting new params at step 0 of line search.[0m
---------------------------------------
|             Epoch |              43 |
|      AverageEpRet |             245 |
|          StdEpRet |             117 |
|          MaxEpRet |             501 |
|          MinEpRet |            40.4 |
|             EpLen |             181 |
|      AverageVVals |            80.2 |
|          StdVVals |              37 |
|          MaxVVals |             117 |
|          MinVVals |           -28.3 |
| TotalEnvInteracts |        1.76e+05 |
|            LossPi |       -7.45e-09 |
|             LossV |             621 |
|       DeltaLossPi |         -0.0489 |
|        DeltaLossV |            -185 |
|                KL |         0.00897 |
|    BacktrackIters |               0 |
|              Time |        3.17e+03 |
---------------------------------------
Warning: trajectory cut off by epoch at 19 steps.
Warning: trajectory cut off by epoch at 66 steps.
Warning: trajectory cut off by epoch at 119 steps.
Warning: trajectory cut off by epoch at 93 steps.
[32;1mAccepting new params at step 0 of line search.[0m
---------------------------------------
|             Epoch |              44 |
|      AverageEpRet |             213 |
|          StdEpRet |             112 |
|          MaxEpRet |             395 |
|          MinEpRet |              21 |
|             EpLen |             161 |
|      AverageVVals |            78.7 |
|          StdVVals |            41.8 |
|          MaxVVals |             120 |
|          MinVVals |           -29.8 |
| TotalEnvInteracts |         1.8e+05 |
|            LossPi |       -1.86e-08 |
|             LossV |             764 |
|       DeltaLossPi |         -0.0466 |
|        DeltaLossV |            -188 |
|                KL |         0.00904 |
|    BacktrackIters |               0 |
|              Time |        3.24e+03 |
---------------------------------------
Warning: trajectory cut off by epoch at 135 steps.
Warning: trajectory cut off by epoch at 113 steps.
Warning: trajectory cut off by epoch at 294 steps.
Warning: trajectory cut off by epoch at 170 steps.
[32;1mAccepting new params at step 0 of line search.[0m
---------------------------------------
|             Epoch |              45 |
|      AverageEpRet |             239 |
|          StdEpRet |             152 |
|          MaxEpRet |             553 |
|          MinEpRet |            32.5 |
|             EpLen |             206 |
|      AverageVVals |            67.4 |
|          StdVVals |            45.3 |
|          MaxVVals |             120 |
|          MinVVals |           -29.8 |
| TotalEnvInteracts |        1.84e+05 |
|            LossPi |       -3.26e-08 |
|             LossV |             635 |
|       DeltaLossPi |         -0.0468 |
|        DeltaLossV |            -256 |
|                KL |         0.00899 |
|    BacktrackIters |               0 |
|              Time |        3.31e+03 |
---------------------------------------
Warning: trajectory cut off by epoch at 6 steps.
Warning: trajectory cut off by epoch at 465 steps.
Warning: trajectory cut off by epoch at 60 steps.
Warning: trajectory cut off by epoch at 360 steps.
[32;1mAccepting new params at step 0 of line search.[0m
---------------------------------------
|             Epoch |              46 |
|      AverageEpRet |             223 |
|          StdEpRet |             117 |
|          MaxEpRet |             361 |
|          MinEpRet |            37.9 |
|             EpLen |             207 |
|      AverageVVals |            77.2 |
|          StdVVals |            43.7 |
|          MaxVVals |             121 |
|          MinVVals |           -24.3 |
| TotalEnvInteracts |        1.88e+05 |
|            LossPi |       -1.12e-08 |
|             LossV |             720 |
|       DeltaLossPi |         -0.0528 |
|        DeltaLossV |            -247 |
|                KL |           0.009 |
|    BacktrackIters |               0 |
|              Time |        3.37e+03 |
---------------------------------------
Warning: trajectory cut off by epoch at 276 steps.
Warning: trajectory cut off by epoch at 140 steps.
Warning: trajectory cut off by epoch at 53 steps.
Warning: trajectory cut off by epoch at 20 steps.
[32;1mAccepting new params at step 0 of line search.[0m
---------------------------------------
|             Epoch |              47 |
|      AverageEpRet |             228 |
|          StdEpRet |             116 |
|          MaxEpRet |             467 |
|          MinEpRet |            28.4 |
|             EpLen |             219 |
|      AverageVVals |            61.7 |
|          StdVVals |            42.7 |
|          MaxVVals |             118 |
|          MinVVals |           -26.2 |
| TotalEnvInteracts |        1.92e+05 |
|            LossPi |        1.49e-08 |
|             LossV |             688 |
|       DeltaLossPi |         -0.0478 |
|        DeltaLossV |            -171 |
|                KL |         0.00895 |
|    BacktrackIters |               0 |
|              Time |        3.43e+03 |
---------------------------------------
Warning: trajectory cut off by epoch at 92 steps.
Warning: trajectory cut off by epoch at 1 steps.
Warning: trajectory cut off by epoch at 58 steps.
Warning: trajectory cut off by epoch at 111 steps.
[32;1mAccepting new params at step 0 of line search.[0m
---------------------------------------
|             Epoch |              48 |
|      AverageEpRet |             226 |
|          StdEpRet |             151 |
|          MaxEpRet |             566 |
|          MinEpRet |            5.07 |
|             EpLen |             187 |
|      AverageVVals |            68.4 |
|          StdVVals |            42.2 |
|          MaxVVals |             118 |
|          MinVVals |           -26.6 |
| TotalEnvInteracts |        1.96e+05 |
|            LossPi |        2.61e-08 |
|             LossV |             498 |
|       DeltaLossPi |         -0.0512 |
|        DeltaLossV |            -229 |
|                KL |         0.00887 |
|    BacktrackIters |               0 |
|              Time |        3.46e+03 |
---------------------------------------
Warning: trajectory cut off by epoch at 175 steps.
Warning: trajectory cut off by epoch at 125 steps.
Warning: trajectory cut off by epoch at 30 steps.
Warning: trajectory cut off by epoch at 13 steps.
[32;1mAccepting new params at step 0 of line search.[0m
---------------------------------------
|             Epoch |              49 |
|      AverageEpRet |             264 |
|          StdEpRet |             107 |
|          MaxEpRet |             405 |
|          MinEpRet |            46.5 |
|             EpLen |             215 |
|      AverageVVals |            79.9 |
|          StdVVals |            44.5 |
|          MaxVVals |             123 |
|          MinVVals |           -25.4 |
| TotalEnvInteracts |           2e+05 |
|            LossPi |        1.86e-09 |
|             LossV |             444 |
|       DeltaLossPi |         -0.0485 |
|        DeltaLossV |            -125 |
|                KL |         0.00885 |
|    BacktrackIters |               0 |
|              Time |         3.5e+03 |
---------------------------------------
