--------------------------------------------------------------------------
[[26740,1],0]: A high-performance Open MPI point-to-point messaging module
was unable to find any relevant network interfaces:

Module: OpenFabrics (openib)
  Host: GCRAZGDL0429

Another transport will be used instead, although this may result in
lower performance.

NOTE: You can disable this warning by setting the MCA parameter
btl_base_warn_component_unused to 0.
--------------------------------------------------------------------------
2022-04-15 04:29:39.255137: I tensorflow/core/platform/cpu_feature_guard.cc:142] Your CPU supports instructions that this TensorFlow binary was not compiled to use: AVX2 FMA
2022-04-15 04:29:39.261631: I tensorflow/core/platform/profile_utils/cpu_utils.cc:94] CPU Frequency: 2593990000 Hz
2022-04-15 04:29:39.265216: I tensorflow/compiler/xla/service/service.cc:168] XLA service 0x564f4fa355a0 initialized for platform Host (this does not guarantee that XLA will be used). Devices:
2022-04-15 04:29:39.265257: I tensorflow/compiler/xla/service/service.cc:176]   StreamExecutor device (0): Host, Default Version
Warning: Log dir exp/wtrpo_HalfCheetah-v3/wtrpo_HalfCheetah-v3_s2 already exists! Storing info there anyway.
[32;1mLogging data to exp/wtrpo_HalfCheetah-v3/wtrpo_HalfCheetah-v3_s2/progress.txt[0m
[36;1mSaving config:
[0m
{
    "ac_kwargs":	{
        "hidden_sizes":	[
            64,
            64
        ]
    },
    "actor_critic":	"mlp_actor_critic",
    "algo":	"trpo",
    "backtrack_coeff":	0.8,
    "backtrack_iters":	10,
    "cg_iters":	10,
    "damping_coeff":	0.1,
    "delta":	0.01,
    "env_fn":	"<function <lambda> at 0x7fa374e15290>",
    "epochs":	50,
    "exp_name":	"wtrpo_HalfCheetah-v3",
    "gamma":	0.99,
    "lam":	0.97,
    "logger":	{
        "<spinup.utils.logx.EpochLogger object at 0x7fa374e329d0>":	{
            "epoch_dict":	{},
            "exp_name":	"wtrpo_HalfCheetah-v3",
            "first_row":	true,
            "log_current_row":	{},
            "log_headers":	[],
            "output_dir":	"exp/wtrpo_HalfCheetah-v3/wtrpo_HalfCheetah-v3_s2",
            "output_file":	{
                "<_io.TextIOWrapper name='exp/wtrpo_HalfCheetah-v3/wtrpo_HalfCheetah-v3_s2/progress.txt' mode='w' encoding='UTF-8'>":	{
                    "mode":	"w"
                }
            }
        }
    },
    "logger_kwargs":	{
        "exp_name":	"wtrpo_HalfCheetah-v3",
        "output_dir":	"exp/wtrpo_HalfCheetah-v3/wtrpo_HalfCheetah-v3_s2"
    },
    "max_ep_len":	1000,
    "save_freq":	10,
    "seed":	2,
    "steps_per_epoch":	4000,
    "train_v_iters":	80,
    "vf_lr":	0.001
}
[32;1m
Number of parameters: 	 pi: 5708, 	 v: 5377
[0m
[32;1mLine search failed! Keeping old params.[0m
---------------------------------------
|             Epoch |               0 |
|      AverageEpRet |            -799 |
|          StdEpRet |             172 |
|          MaxEpRet |            -590 |
|          MinEpRet |       -1.07e+03 |
|             EpLen |           1e+03 |
|      AverageVVals |         -0.0169 |
|          StdVVals |           0.451 |
|          MaxVVals |            1.36 |
|          MinVVals |           -1.24 |
| TotalEnvInteracts |           4e+03 |
|            LossPi |        1.25e-07 |
|             LossV |        5.74e+03 |
|       DeltaLossPi |               0 |
|        DeltaLossV |       -1.06e+03 |
|                KL |        5.82e+04 |
|    BacktrackIters |               9 |
|              Time |            5.12 |
---------------------------------------
[32;1mLine search failed! Keeping old params.[0m
---------------------------------------
|             Epoch |               1 |
|      AverageEpRet |            -708 |
|          StdEpRet |             135 |
|          MaxEpRet |            -537 |
|          MinEpRet |            -846 |
|             EpLen |           1e+03 |
|      AverageVVals |           -9.45 |
|          StdVVals |             4.8 |
|          MaxVVals |            9.44 |
|          MinVVals |           -15.3 |
| TotalEnvInteracts |           8e+03 |
|            LossPi |       -4.32e-08 |
|             LossV |        3.96e+03 |
|       DeltaLossPi |        2.86e-09 |
|        DeltaLossV |       -1.35e+03 |
|                KL |        5.82e+04 |
|    BacktrackIters |               9 |
|              Time |            9.31 |
---------------------------------------
[32;1mLine search failed! Keeping old params.[0m
---------------------------------------
|             Epoch |               2 |
|      AverageEpRet |            -889 |
|          StdEpRet |             127 |
|          MaxEpRet |            -689 |
|          MinEpRet |       -1.04e+03 |
|             EpLen |           1e+03 |
|      AverageVVals |           -22.1 |
|          StdVVals |            2.46 |
|          MaxVVals |            15.6 |
|          MinVVals |           -23.3 |
| TotalEnvInteracts |         1.2e+04 |
|            LossPi |        1.24e-07 |
|             LossV |        4.29e+03 |
|       DeltaLossPi |       -5.96e-09 |
|        DeltaLossV |            -939 |
|                KL |        5.82e+04 |
|    BacktrackIters |               9 |
|              Time |            13.1 |
---------------------------------------
[32;1mLine search failed! Keeping old params.[0m
---------------------------------------
|             Epoch |               3 |
|      AverageEpRet |            -703 |
|          StdEpRet |            84.5 |
|          MaxEpRet |            -570 |
|          MinEpRet |            -784 |
|             EpLen |           1e+03 |
|      AverageVVals |           -30.5 |
|          StdVVals |            1.46 |
|          MaxVVals |            8.75 |
|          MinVVals |           -30.8 |
| TotalEnvInteracts |         1.6e+04 |
|            LossPi |        1.55e-08 |
|             LossV |        1.71e+03 |
|       DeltaLossPi |               0 |
|        DeltaLossV |            -238 |
|                KL |        5.82e+04 |
|    BacktrackIters |               9 |
|              Time |            16.9 |
---------------------------------------
[32;1mLine search failed! Keeping old params.[0m
---------------------------------------
|             Epoch |               4 |
|      AverageEpRet |            -754 |
|          StdEpRet |             122 |
|          MaxEpRet |            -647 |
|          MinEpRet |            -946 |
|             EpLen |           1e+03 |
|      AverageVVals |           -23.9 |
|          StdVVals |              25 |
|          MaxVVals |            34.4 |
|          MinVVals |           -34.9 |
| TotalEnvInteracts |           2e+04 |
|            LossPi |        8.94e-09 |
|             LossV |        2.98e+03 |
|       DeltaLossPi |               0 |
|        DeltaLossV |       -1.32e+03 |
|                KL |        5.82e+04 |
|    BacktrackIters |               9 |
|              Time |            20.7 |
---------------------------------------
[32;1mLine search failed! Keeping old params.[0m
---------------------------------------
|             Epoch |               5 |
|      AverageEpRet |            -832 |
|          StdEpRet |            44.8 |
|          MaxEpRet |            -794 |
|          MinEpRet |            -908 |
|             EpLen |           1e+03 |
|      AverageVVals |           -38.6 |
|          StdVVals |           0.263 |
|          MaxVVals |           -34.2 |
|          MinVVals |           -38.7 |
| TotalEnvInteracts |         2.4e+04 |
|            LossPi |        9.25e-08 |
|             LossV |        2.05e+03 |
|       DeltaLossPi |       -1.43e-09 |
|        DeltaLossV |            -348 |
|                KL |        5.82e+04 |
|    BacktrackIters |               9 |
|              Time |            24.5 |
---------------------------------------
[32;1mLine search failed! Keeping old params.[0m
---------------------------------------
|             Epoch |               6 |
|      AverageEpRet |            -809 |
|          StdEpRet |             184 |
|          MaxEpRet |            -521 |
|          MinEpRet |            -971 |
|             EpLen |           1e+03 |
|      AverageVVals |           -43.7 |
|          StdVVals |            0.18 |
|          MaxVVals |           -36.2 |
|          MinVVals |           -43.7 |
| TotalEnvInteracts |         2.8e+04 |
|            LossPi |       -8.36e-08 |
|             LossV |        1.66e+03 |
|       DeltaLossPi |        9.54e-10 |
|        DeltaLossV |            -228 |
|                KL |        5.82e+04 |
|    BacktrackIters |               9 |
|              Time |            28.3 |
---------------------------------------
[32;1mLine search failed! Keeping old params.[0m
---------------------------------------
|             Epoch |               7 |
|      AverageEpRet |            -887 |
|          StdEpRet |             117 |
|          MaxEpRet |            -695 |
|          MinEpRet |          -1e+03 |
|             EpLen |           1e+03 |
|      AverageVVals |           -47.9 |
|          StdVVals |           0.063 |
|          MaxVVals |           -46.8 |
|          MinVVals |           -47.9 |
| TotalEnvInteracts |         3.2e+04 |
|            LossPi |        5.95e-08 |
|             LossV |        1.99e+03 |
|       DeltaLossPi |        1.43e-09 |
|        DeltaLossV |            -259 |
|                KL |        5.82e+04 |
|    BacktrackIters |               9 |
|              Time |            32.2 |
---------------------------------------
[32;1mLine search failed! Keeping old params.[0m
---------------------------------------
|             Epoch |               8 |
|      AverageEpRet |            -757 |
|          StdEpRet |             181 |
|          MaxEpRet |            -548 |
|          MinEpRet |            -958 |
|             EpLen |           1e+03 |
|      AverageVVals |           -52.4 |
|          StdVVals |           0.199 |
|          MaxVVals |           -40.6 |
|          MinVVals |           -52.4 |
| TotalEnvInteracts |         3.6e+04 |
|            LossPi |       -2.18e-08 |
|             LossV |        1.29e+03 |
|       DeltaLossPi |        3.81e-09 |
|        DeltaLossV |           -80.6 |
|                KL |        5.82e+04 |
|    BacktrackIters |               9 |
|              Time |            36.1 |
---------------------------------------
[32;1mLine search failed! Keeping old params.[0m
---------------------------------------
|             Epoch |               9 |
|      AverageEpRet |            -811 |
|          StdEpRet |            95.2 |
|          MaxEpRet |            -667 |
|          MinEpRet |            -934 |
|             EpLen |           1e+03 |
|      AverageVVals |             -55 |
|          StdVVals |          0.0772 |
|          MaxVVals |           -52.9 |
|          MinVVals |           -55.1 |
| TotalEnvInteracts |           4e+04 |
|            LossPi |       -9.95e-09 |
|             LossV |        1.37e+03 |
|       DeltaLossPi |       -1.19e-09 |
|        DeltaLossV |            -109 |
|                KL |        5.82e+04 |
|    BacktrackIters |               9 |
|              Time |              40 |
---------------------------------------
[32;1mLine search failed! Keeping old params.[0m
---------------------------------------
|             Epoch |              10 |
|      AverageEpRet |            -687 |
|          StdEpRet |             119 |
|          MaxEpRet |            -575 |
|          MinEpRet |            -885 |
|             EpLen |           1e+03 |
|      AverageVVals |             -58 |
|          StdVVals |           0.534 |
|          MaxVVals |           -30.5 |
|          MinVVals |           -58.1 |
| TotalEnvInteracts |         4.4e+04 |
|            LossPi |        2.23e-08 |
|             LossV |             478 |
|       DeltaLossPi |        1.43e-09 |
|        DeltaLossV |           -8.42 |
|                KL |        5.82e+04 |
|    BacktrackIters |               9 |
|              Time |              44 |
---------------------------------------
[32;1mLine search failed! Keeping old params.[0m
---------------------------------------
|             Epoch |              11 |
|      AverageEpRet |            -778 |
|          StdEpRet |             160 |
|          MaxEpRet |            -665 |
|          MinEpRet |       -1.05e+03 |
|             EpLen |           1e+03 |
|      AverageVVals |           -58.9 |
|          StdVVals |           0.227 |
|          MaxVVals |           -52.7 |
|          MinVVals |             -59 |
| TotalEnvInteracts |         4.8e+04 |
|            LossPi |       -2.59e-08 |
|             LossV |             971 |
|       DeltaLossPi |        9.54e-10 |
|        DeltaLossV |           -29.2 |
|                KL |        5.82e+04 |
|    BacktrackIters |               9 |
|              Time |            48.8 |
---------------------------------------
[32;1mLine search failed! Keeping old params.[0m
---------------------------------------
|             Epoch |              12 |
|      AverageEpRet |            -875 |
|          StdEpRet |            82.7 |
|          MaxEpRet |            -775 |
|          MinEpRet |            -973 |
|             EpLen |           1e+03 |
|      AverageVVals |           -60.5 |
|          StdVVals |           0.175 |
|          MaxVVals |           -53.8 |
|          MinVVals |           -60.6 |
| TotalEnvInteracts |         5.2e+04 |
|            LossPi |       -1.18e-08 |
|             LossV |        1.12e+03 |
|       DeltaLossPi |       -2.38e-09 |
|        DeltaLossV |            -101 |
|                KL |        5.82e+04 |
|    BacktrackIters |               9 |
|              Time |            52.9 |
---------------------------------------
[32;1mLine search failed! Keeping old params.[0m
---------------------------------------
|             Epoch |              13 |
|      AverageEpRet |            -906 |
|          StdEpRet |             108 |
|          MaxEpRet |            -835 |
|          MinEpRet |       -1.09e+03 |
|             EpLen |           1e+03 |
|      AverageVVals |           -63.6 |
|          StdVVals |           0.556 |
|          MaxVVals |             -44 |
|          MinVVals |           -63.7 |
| TotalEnvInteracts |         5.6e+04 |
|            LossPi |       -8.58e-09 |
|             LossV |         1.2e+03 |
|       DeltaLossPi |               0 |
|        DeltaLossV |            -129 |
|                KL |        5.82e+04 |
|    BacktrackIters |               9 |
|              Time |            56.9 |
---------------------------------------
[32;1mLine search failed! Keeping old params.[0m
---------------------------------------
|             Epoch |              14 |
|      AverageEpRet |            -766 |
|          StdEpRet |             167 |
|          MaxEpRet |            -583 |
|          MinEpRet |            -968 |
|             EpLen |           1e+03 |
|      AverageVVals |           -67.1 |
|          StdVVals |            1.47 |
|          MaxVVals |            8.22 |
|          MinVVals |           -67.3 |
| TotalEnvInteracts |           6e+04 |
|            LossPi |        2.41e-08 |
|             LossV |             752 |
|       DeltaLossPi |       -2.62e-09 |
|        DeltaLossV |           -20.3 |
|                KL |        5.82e+04 |
|    BacktrackIters |               9 |
|              Time |            60.7 |
---------------------------------------
[32;1mLine search failed! Keeping old params.[0m
---------------------------------------
|             Epoch |              15 |
|      AverageEpRet |            -798 |
|          StdEpRet |             192 |
|          MaxEpRet |            -606 |
|          MinEpRet |       -1.06e+03 |
|             EpLen |           1e+03 |
|      AverageVVals |           -65.5 |
|          StdVVals |            12.1 |
|          MaxVVals |            64.8 |
|          MinVVals |             -68 |
| TotalEnvInteracts |         6.4e+04 |
|            LossPi |        3.58e-09 |
|             LossV |             884 |
|       DeltaLossPi |               0 |
|        DeltaLossV |            -111 |
|                KL |        5.82e+04 |
|    BacktrackIters |               9 |
|              Time |            64.6 |
---------------------------------------
[32;1mLine search failed! Keeping old params.[0m
---------------------------------------
|             Epoch |              16 |
|      AverageEpRet |            -786 |
|          StdEpRet |             193 |
|          MaxEpRet |            -582 |
|          MinEpRet |       -1.06e+03 |
|             EpLen |           1e+03 |
|      AverageVVals |             -68 |
|          StdVVals |            2.87 |
|          MaxVVals |           -10.8 |
|          MinVVals |           -68.7 |
| TotalEnvInteracts |         6.8e+04 |
|            LossPi |        5.36e-09 |
|             LossV |             688 |
|       DeltaLossPi |               0 |
|        DeltaLossV |           -26.3 |
|                KL |        5.82e+04 |
|    BacktrackIters |               9 |
|              Time |            68.5 |
---------------------------------------
[32;1mLine search failed! Keeping old params.[0m
---------------------------------------
|             Epoch |              17 |
|      AverageEpRet |            -746 |
|          StdEpRet |            28.5 |
|          MaxEpRet |            -715 |
|          MinEpRet |            -781 |
|             EpLen |           1e+03 |
|      AverageVVals |           -68.3 |
|          StdVVals |            3.65 |
|          MaxVVals |           -12.6 |
|          MinVVals |           -69.5 |
| TotalEnvInteracts |         7.2e+04 |
|            LossPi |               0 |
|             LossV |             634 |
|       DeltaLossPi |        1.67e-09 |
|        DeltaLossV |           -63.1 |
|                KL |        5.82e+04 |
|    BacktrackIters |               9 |
|              Time |            72.4 |
---------------------------------------
[32;1mLine search failed! Keeping old params.[0m
---------------------------------------
|             Epoch |              18 |
|      AverageEpRet |            -894 |
|          StdEpRet |             201 |
|          MaxEpRet |            -595 |
|          MinEpRet |       -1.08e+03 |
|             EpLen |           1e+03 |
|      AverageVVals |           -66.7 |
|          StdVVals |            4.91 |
|          MaxVVals |           -6.57 |
|          MinVVals |           -69.7 |
| TotalEnvInteracts |         7.6e+04 |
|            LossPi |       -2.62e-09 |
|             LossV |        1.06e+03 |
|       DeltaLossPi |        4.77e-10 |
|        DeltaLossV |            -143 |
|                KL |        5.82e+04 |
|    BacktrackIters |               9 |
|              Time |            76.2 |
---------------------------------------
[32;1mLine search failed! Keeping old params.[0m
---------------------------------------
|             Epoch |              19 |
|      AverageEpRet |            -718 |
|          StdEpRet |            85.4 |
|          MaxEpRet |            -578 |
|          MinEpRet |            -796 |
|             EpLen |           1e+03 |
|      AverageVVals |           -64.4 |
|          StdVVals |            11.3 |
|          MaxVVals |            8.03 |
|          MinVVals |           -72.9 |
| TotalEnvInteracts |           8e+04 |
|            LossPi |       -2.43e-08 |
|             LossV |             614 |
|       DeltaLossPi |        2.62e-09 |
|        DeltaLossV |           -90.2 |
|                KL |        5.82e+04 |
|    BacktrackIters |               9 |
|              Time |            80.2 |
---------------------------------------
[32;1mLine search failed! Keeping old params.[0m
---------------------------------------
|             Epoch |              20 |
|      AverageEpRet |            -921 |
|          StdEpRet |             119 |
|          MaxEpRet |            -730 |
|          MinEpRet |       -1.05e+03 |
|             EpLen |           1e+03 |
|      AverageVVals |           -67.2 |
|          StdVVals |            9.72 |
|          MaxVVals |           -32.7 |
|          MinVVals |           -73.7 |
| TotalEnvInteracts |         8.4e+04 |
|            LossPi |        4.17e-09 |
|             LossV |        1.03e+03 |
|       DeltaLossPi |               0 |
|        DeltaLossV |            -151 |
|                KL |        5.82e+04 |
|    BacktrackIters |               9 |
|              Time |            85.2 |
---------------------------------------
[32;1mLine search failed! Keeping old params.[0m
---------------------------------------
|             Epoch |              21 |
|      AverageEpRet |            -815 |
|          StdEpRet |             111 |
|          MaxEpRet |            -646 |
|          MinEpRet |            -950 |
|             EpLen |           1e+03 |
|      AverageVVals |           -74.9 |
|          StdVVals |            7.29 |
|          MaxVVals |           -25.6 |
|          MinVVals |           -77.4 |
| TotalEnvInteracts |         8.8e+04 |
|            LossPi |        1.51e-08 |
|             LossV |             661 |
|       DeltaLossPi |        4.29e-09 |
|        DeltaLossV |           -60.9 |
|                KL |        5.82e+04 |
|    BacktrackIters |               9 |
|              Time |            89.9 |
---------------------------------------
[32;1mLine search failed! Keeping old params.[0m
---------------------------------------
|             Epoch |              22 |
|      AverageEpRet |            -666 |
|          StdEpRet |            49.5 |
|          MaxEpRet |            -597 |
|          MinEpRet |            -731 |
|             EpLen |           1e+03 |
|      AverageVVals |           -61.7 |
|          StdVVals |            13.7 |
|          MaxVVals |            5.77 |
|          MinVVals |           -77.7 |
| TotalEnvInteracts |         9.2e+04 |
|            LossPi |       -1.07e-08 |
|             LossV |             327 |
|       DeltaLossPi |               0 |
|        DeltaLossV |           -52.3 |
|                KL |        5.82e+04 |
|    BacktrackIters |               9 |
|              Time |            93.7 |
---------------------------------------
[32;1mLine search failed! Keeping old params.[0m
---------------------------------------
|             Epoch |              23 |
|      AverageEpRet |            -771 |
|          StdEpRet |             117 |
|          MaxEpRet |            -595 |
|          MinEpRet |            -900 |
|             EpLen |           1e+03 |
|      AverageVVals |           -62.7 |
|          StdVVals |            11.4 |
|          MaxVVals |           -23.2 |
|          MinVVals |           -77.4 |
| TotalEnvInteracts |         9.6e+04 |
|            LossPi |        2.29e-08 |
|             LossV |             454 |
|       DeltaLossPi |        9.54e-10 |
|        DeltaLossV |           -57.8 |
|                KL |        5.82e+04 |
|    BacktrackIters |               9 |
|              Time |            97.4 |
---------------------------------------
[32;1mLine search failed! Keeping old params.[0m
---------------------------------------
|             Epoch |              24 |
|      AverageEpRet |            -874 |
|          StdEpRet |             192 |
|          MaxEpRet |            -567 |
|          MinEpRet |       -1.06e+03 |
|             EpLen |           1e+03 |
|      AverageVVals |           -71.1 |
|          StdVVals |            10.4 |
|          MaxVVals |           -9.28 |
|          MinVVals |           -78.1 |
| TotalEnvInteracts |           1e+05 |
|            LossPi |        2.13e-08 |
|             LossV |        1.14e+03 |
|       DeltaLossPi |       -2.38e-09 |
|        DeltaLossV |           -94.3 |
|                KL |        5.82e+04 |
|    BacktrackIters |               9 |
|              Time |             101 |
---------------------------------------
[32;1mLine search failed! Keeping old params.[0m
---------------------------------------
|             Epoch |              25 |
|      AverageEpRet |            -819 |
|          StdEpRet |             145 |
|          MaxEpRet |            -604 |
|          MinEpRet |            -988 |
|             EpLen |           1e+03 |
|      AverageVVals |           -68.3 |
|          StdVVals |            13.3 |
|          MaxVVals |            4.15 |
|          MinVVals |           -80.6 |
| TotalEnvInteracts |        1.04e+05 |
|            LossPi |        8.34e-09 |
|             LossV |             625 |
|       DeltaLossPi |        1.43e-09 |
|        DeltaLossV |            -159 |
|                KL |        5.82e+04 |
|    BacktrackIters |               9 |
|              Time |             105 |
---------------------------------------
[32;1mLine search failed! Keeping old params.[0m
---------------------------------------
|             Epoch |              26 |
|      AverageEpRet |            -882 |
|          StdEpRet |             116 |
|          MaxEpRet |            -739 |
|          MinEpRet |       -1.05e+03 |
|             EpLen |           1e+03 |
|      AverageVVals |           -70.5 |
|          StdVVals |            17.8 |
|          MaxVVals |            11.4 |
|          MinVVals |           -82.4 |
| TotalEnvInteracts |        1.08e+05 |
|            LossPi |        5.79e-08 |
|             LossV |             669 |
|       DeltaLossPi |       -4.77e-10 |
|        DeltaLossV |            -116 |
|                KL |        5.82e+04 |
|    BacktrackIters |               9 |
|              Time |             109 |
---------------------------------------
[32;1mLine search failed! Keeping old params.[0m
---------------------------------------
|             Epoch |              27 |
|      AverageEpRet |            -995 |
|          StdEpRet |            86.7 |
|          MaxEpRet |            -908 |
|          MinEpRet |       -1.12e+03 |
|             EpLen |           1e+03 |
|      AverageVVals |             -83 |
|          StdVVals |            2.64 |
|          MaxVVals |           -60.4 |
|          MinVVals |           -84.1 |
| TotalEnvInteracts |        1.12e+05 |
|            LossPi |        8.34e-09 |
|             LossV |             627 |
|       DeltaLossPi |       -4.77e-10 |
|        DeltaLossV |           -35.9 |
|                KL |        5.82e+04 |
|    BacktrackIters |               9 |
|              Time |             113 |
---------------------------------------
[32;1mLine search failed! Keeping old params.[0m
---------------------------------------
|             Epoch |              28 |
|      AverageEpRet |            -737 |
|          StdEpRet |             151 |
|          MaxEpRet |            -532 |
|          MinEpRet |            -953 |
|             EpLen |           1e+03 |
|      AverageVVals |           -79.8 |
|          StdVVals |            11.6 |
|          MaxVVals |           -46.1 |
|          MinVVals |           -86.3 |
| TotalEnvInteracts |        1.16e+05 |
|            LossPi |       -1.36e-08 |
|             LossV |             869 |
|       DeltaLossPi |        2.86e-09 |
|        DeltaLossV |            -349 |
|                KL |        5.82e+04 |
|    BacktrackIters |               9 |
|              Time |             117 |
---------------------------------------
[32;1mLine search failed! Keeping old params.[0m
---------------------------------------
|             Epoch |              29 |
|      AverageEpRet |            -888 |
|          StdEpRet |             183 |
|          MaxEpRet |            -579 |
|          MinEpRet |       -1.04e+03 |
|             EpLen |           1e+03 |
|      AverageVVals |           -68.7 |
|          StdVVals |            14.9 |
|          MaxVVals |           -4.91 |
|          MinVVals |           -85.4 |
| TotalEnvInteracts |         1.2e+05 |
|            LossPi |        -2.9e-08 |
|             LossV |             852 |
|       DeltaLossPi |       -9.54e-10 |
|        DeltaLossV |            -152 |
|                KL |        5.82e+04 |
|    BacktrackIters |               9 |
|              Time |             121 |
---------------------------------------
[32;1mLine search failed! Keeping old params.[0m
---------------------------------------
|             Epoch |              30 |
|      AverageEpRet |            -707 |
|          StdEpRet |             190 |
|          MaxEpRet |            -520 |
|          MinEpRet |       -1.02e+03 |
|             EpLen |           1e+03 |
|      AverageVVals |           -65.4 |
|          StdVVals |            16.6 |
|          MaxVVals |             -18 |
|          MinVVals |             -87 |
| TotalEnvInteracts |        1.24e+05 |
|            LossPi |       -3.58e-09 |
|             LossV |             598 |
|       DeltaLossPi |       -1.91e-09 |
|        DeltaLossV |           -79.1 |
|                KL |        5.82e+04 |
|    BacktrackIters |               9 |
|              Time |             125 |
---------------------------------------
[32;1mLine search failed! Keeping old params.[0m
---------------------------------------
|             Epoch |              31 |
|      AverageEpRet |            -893 |
|          StdEpRet |             144 |
|          MaxEpRet |            -674 |
|          MinEpRet |       -1.07e+03 |
|             EpLen |           1e+03 |
|      AverageVVals |           -76.1 |
|          StdVVals |            11.4 |
|          MaxVVals |           -8.61 |
|          MinVVals |           -87.3 |
| TotalEnvInteracts |        1.28e+05 |
|            LossPi |       -2.96e-08 |
|             LossV |             753 |
|       DeltaLossPi |       -4.77e-10 |
|        DeltaLossV |           -82.9 |
|                KL |        5.82e+04 |
|    BacktrackIters |               9 |
|              Time |             129 |
---------------------------------------
[32;1mLine search failed! Keeping old params.[0m
---------------------------------------
|             Epoch |              32 |
|      AverageEpRet |            -838 |
|          StdEpRet |            77.7 |
|          MaxEpRet |            -731 |
|          MinEpRet |            -950 |
|             EpLen |           1e+03 |
|      AverageVVals |           -74.5 |
|          StdVVals |            12.5 |
|          MaxVVals |           -28.4 |
|          MinVVals |           -87.9 |
| TotalEnvInteracts |        1.32e+05 |
|            LossPi |          -3e-08 |
|             LossV |             665 |
|       DeltaLossPi |        4.77e-10 |
|        DeltaLossV |           -59.3 |
|                KL |        5.82e+04 |
|    BacktrackIters |               9 |
|              Time |             133 |
---------------------------------------
[32;1mLine search failed! Keeping old params.[0m
---------------------------------------
|             Epoch |              33 |
|      AverageEpRet |            -771 |
|          StdEpRet |             169 |
|          MaxEpRet |            -614 |
|          MinEpRet |       -1.04e+03 |
|             EpLen |           1e+03 |
|      AverageVVals |           -69.5 |
|          StdVVals |            14.5 |
|          MaxVVals |           -15.1 |
|          MinVVals |           -88.3 |
| TotalEnvInteracts |        1.36e+05 |
|            LossPi |       -9.54e-09 |
|             LossV |             612 |
|       DeltaLossPi |               0 |
|        DeltaLossV |           -89.7 |
|                KL |        5.82e+04 |
|    BacktrackIters |               9 |
|              Time |             137 |
---------------------------------------
[32;1mLine search failed! Keeping old params.[0m
---------------------------------------
|             Epoch |              34 |
|      AverageEpRet |            -717 |
|          StdEpRet |             149 |
|          MaxEpRet |            -519 |
|          MinEpRet |            -870 |
|             EpLen |           1e+03 |
|      AverageVVals |           -67.8 |
|          StdVVals |            15.4 |
|          MaxVVals |            19.2 |
|          MinVVals |           -88.9 |
| TotalEnvInteracts |         1.4e+05 |
|            LossPi |       -1.14e-08 |
|             LossV |             549 |
|       DeltaLossPi |       -1.43e-09 |
|        DeltaLossV |           -82.7 |
|                KL |        5.82e+04 |
|    BacktrackIters |               9 |
|              Time |             141 |
---------------------------------------
[32;1mLine search failed! Keeping old params.[0m
---------------------------------------
|             Epoch |              35 |
|      AverageEpRet |            -789 |
|          StdEpRet |             130 |
|          MaxEpRet |            -640 |
|          MinEpRet |            -980 |
|             EpLen |           1e+03 |
|      AverageVVals |           -67.5 |
|          StdVVals |            13.5 |
|          MaxVVals |            20.2 |
|          MinVVals |           -88.6 |
| TotalEnvInteracts |        1.44e+05 |
|            LossPi |       -9.66e-09 |
|             LossV |             573 |
|       DeltaLossPi |        9.54e-10 |
|        DeltaLossV |           -86.8 |
|                KL |        5.82e+04 |
|    BacktrackIters |               9 |
|              Time |             144 |
---------------------------------------
[32;1mLine search failed! Keeping old params.[0m
---------------------------------------
|             Epoch |              36 |
|      AverageEpRet |            -711 |
|          StdEpRet |             162 |
|          MaxEpRet |            -560 |
|          MinEpRet |            -977 |
|             EpLen |           1e+03 |
|      AverageVVals |           -59.7 |
|          StdVVals |            17.2 |
|          MaxVVals |            44.3 |
|          MinVVals |           -88.9 |
| TotalEnvInteracts |        1.48e+05 |
|            LossPi |        1.48e-08 |
|             LossV |             501 |
|       DeltaLossPi |               0 |
|        DeltaLossV |            -139 |
|                KL |        5.82e+04 |
|    BacktrackIters |               9 |
|              Time |             148 |
---------------------------------------
[32;1mLine search failed! Keeping old params.[0m
---------------------------------------
|             Epoch |              37 |
|      AverageEpRet |            -931 |
|          StdEpRet |             209 |
|          MaxEpRet |            -598 |
|          MinEpRet |       -1.18e+03 |
|             EpLen |           1e+03 |
|      AverageVVals |           -76.9 |
|          StdVVals |            13.7 |
|          MaxVVals |           -39.1 |
|          MinVVals |             -90 |
| TotalEnvInteracts |        1.52e+05 |
|            LossPi |       -5.36e-09 |
|             LossV |             860 |
|       DeltaLossPi |       -9.54e-10 |
|        DeltaLossV |           -92.4 |
|                KL |        5.82e+04 |
|    BacktrackIters |               9 |
|              Time |             152 |
---------------------------------------
[32;1mLine search failed! Keeping old params.[0m
---------------------------------------
|             Epoch |              38 |
|      AverageEpRet |            -726 |
|          StdEpRet |            77.9 |
|          MaxEpRet |            -623 |
|          MinEpRet |            -812 |
|             EpLen |           1e+03 |
|      AverageVVals |           -71.4 |
|          StdVVals |            15.8 |
|          MaxVVals |           -30.5 |
|          MinVVals |           -92.5 |
| TotalEnvInteracts |        1.56e+05 |
|            LossPi |       -9.89e-09 |
|             LossV |             500 |
|       DeltaLossPi |        1.91e-09 |
|        DeltaLossV |             -98 |
|                KL |        5.82e+04 |
|    BacktrackIters |               9 |
|              Time |             155 |
---------------------------------------
[32;1mLine search failed! Keeping old params.[0m
---------------------------------------
|             Epoch |              39 |
|      AverageEpRet |            -741 |
|          StdEpRet |            83.6 |
|          MaxEpRet |            -614 |
|          MinEpRet |            -841 |
|             EpLen |           1e+03 |
|      AverageVVals |           -67.9 |
|          StdVVals |            12.3 |
|          MaxVVals |             -24 |
|          MinVVals |           -91.5 |
| TotalEnvInteracts |         1.6e+05 |
|            LossPi |       -1.22e-08 |
|             LossV |             460 |
|       DeltaLossPi |        1.43e-09 |
|        DeltaLossV |           -41.3 |
|                KL |        5.82e+04 |
|    BacktrackIters |               9 |
|              Time |             159 |
---------------------------------------
[32;1mLine search failed! Keeping old params.[0m
---------------------------------------
|             Epoch |              40 |
|      AverageEpRet |            -795 |
|          StdEpRet |             133 |
|          MaxEpRet |            -656 |
|          MinEpRet |          -1e+03 |
|             EpLen |           1e+03 |
|      AverageVVals |           -69.8 |
|          StdVVals |            11.8 |
|          MaxVVals |             -32 |
|          MinVVals |           -90.8 |
| TotalEnvInteracts |        1.64e+05 |
|            LossPi |        1.53e-08 |
|             LossV |             603 |
|       DeltaLossPi |       -4.77e-10 |
|        DeltaLossV |           -88.1 |
|                KL |        5.82e+04 |
|    BacktrackIters |               9 |
|              Time |             163 |
---------------------------------------
[32;1mLine search failed! Keeping old params.[0m
---------------------------------------
|             Epoch |              41 |
|      AverageEpRet |            -883 |
|          StdEpRet |             135 |
|          MaxEpRet |            -657 |
|          MinEpRet |       -1.01e+03 |
|             EpLen |           1e+03 |
|      AverageVVals |           -71.1 |
|          StdVVals |            17.2 |
|          MaxVVals |             -20 |
|          MinVVals |           -90.9 |
| TotalEnvInteracts |        1.68e+05 |
|            LossPi |       -3.39e-08 |
|             LossV |             625 |
|       DeltaLossPi |       -9.54e-10 |
|        DeltaLossV |             -98 |
|                KL |        5.82e+04 |
|    BacktrackIters |               9 |
|              Time |             168 |
---------------------------------------
[32;1mLine search failed! Keeping old params.[0m
---------------------------------------
|             Epoch |              42 |
|      AverageEpRet |            -810 |
|          StdEpRet |             135 |
|          MaxEpRet |            -611 |
|          MinEpRet |            -984 |
|             EpLen |           1e+03 |
|      AverageVVals |           -74.8 |
|          StdVVals |            15.3 |
|          MaxVVals |            5.48 |
|          MinVVals |           -91.8 |
| TotalEnvInteracts |        1.72e+05 |
|            LossPi |       -3.86e-08 |
|             LossV |             568 |
|       DeltaLossPi |       -1.91e-09 |
|        DeltaLossV |           -91.9 |
|                KL |        5.82e+04 |
|    BacktrackIters |               9 |
|              Time |             172 |
---------------------------------------
[32;1mLine search failed! Keeping old params.[0m
---------------------------------------
|             Epoch |              43 |
|      AverageEpRet |            -782 |
|          StdEpRet |             190 |
|          MaxEpRet |            -579 |
|          MinEpRet |       -1.06e+03 |
|             EpLen |           1e+03 |
|      AverageVVals |           -67.3 |
|          StdVVals |            13.9 |
|          MaxVVals |           -33.9 |
|          MinVVals |           -91.6 |
| TotalEnvInteracts |        1.76e+05 |
|            LossPi |        1.86e-08 |
|             LossV |             499 |
|       DeltaLossPi |        2.38e-09 |
|        DeltaLossV |           -51.4 |
|                KL |        5.82e+04 |
|    BacktrackIters |               9 |
|              Time |             176 |
---------------------------------------
[32;1mLine search failed! Keeping old params.[0m
---------------------------------------
|             Epoch |              44 |
|      AverageEpRet |            -661 |
|          StdEpRet |            76.7 |
|          MaxEpRet |            -598 |
|          MinEpRet |            -791 |
|             EpLen |           1e+03 |
|      AverageVVals |           -60.7 |
|          StdVVals |            11.6 |
|          MaxVVals |           -41.8 |
|          MinVVals |           -92.5 |
| TotalEnvInteracts |         1.8e+05 |
|            LossPi |        8.82e-09 |
|             LossV |             331 |
|       DeltaLossPi |        1.19e-09 |
|        DeltaLossV |           -32.6 |
|                KL |        5.82e+04 |
|    BacktrackIters |               9 |
|              Time |             179 |
---------------------------------------
[32;1mLine search failed! Keeping old params.[0m
---------------------------------------
|             Epoch |              45 |
|      AverageEpRet |            -830 |
|          StdEpRet |             146 |
|          MaxEpRet |            -679 |
|          MinEpRet |       -1.02e+03 |
|             EpLen |           1e+03 |
|      AverageVVals |           -70.2 |
|          StdVVals |            13.9 |
|          MaxVVals |           -16.9 |
|          MinVVals |           -92.3 |
| TotalEnvInteracts |        1.84e+05 |
|            LossPi |        4.24e-08 |
|             LossV |             688 |
|       DeltaLossPi |        9.54e-10 |
|        DeltaLossV |            -112 |
|                KL |        5.82e+04 |
|    BacktrackIters |               9 |
|              Time |             183 |
---------------------------------------
[32;1mLine search failed! Keeping old params.[0m
---------------------------------------
|             Epoch |              46 |
|      AverageEpRet |            -655 |
|          StdEpRet |            42.4 |
|          MaxEpRet |            -591 |
|          MinEpRet |            -711 |
|             EpLen |           1e+03 |
|      AverageVVals |           -63.3 |
|          StdVVals |            14.5 |
|          MaxVVals |           -19.7 |
|          MinVVals |           -92.9 |
| TotalEnvInteracts |        1.88e+05 |
|            LossPi |       -1.38e-08 |
|             LossV |             373 |
|       DeltaLossPi |       -4.77e-10 |
|        DeltaLossV |            -150 |
|                KL |        5.82e+04 |
|    BacktrackIters |               9 |
|              Time |             187 |
---------------------------------------
[32;1mLine search failed! Keeping old params.[0m
---------------------------------------
|             Epoch |              47 |
|      AverageEpRet |            -799 |
|          StdEpRet |             165 |
|          MaxEpRet |            -571 |
|          MinEpRet |            -960 |
|             EpLen |           1e+03 |
|      AverageVVals |           -63.1 |
|          StdVVals |            8.45 |
|          MaxVVals |           -33.3 |
|          MinVVals |           -90.3 |
| TotalEnvInteracts |        1.92e+05 |
|            LossPi |       -3.58e-09 |
|             LossV |             864 |
|       DeltaLossPi |        4.77e-10 |
|        DeltaLossV |            -242 |
|                KL |        5.82e+04 |
|    BacktrackIters |               9 |
|              Time |             191 |
---------------------------------------
[32;1mLine search failed! Keeping old params.[0m
---------------------------------------
|             Epoch |              48 |
|      AverageEpRet |            -828 |
|          StdEpRet |             187 |
|          MaxEpRet |            -569 |
|          MinEpRet |       -1.02e+03 |
|             EpLen |           1e+03 |
|      AverageVVals |           -71.6 |
|          StdVVals |            16.3 |
|          MaxVVals |           -19.9 |
|          MinVVals |           -93.3 |
| TotalEnvInteracts |        1.96e+05 |
|            LossPi |       -9.06e-09 |
|             LossV |             543 |
|       DeltaLossPi |       -9.54e-10 |
|        DeltaLossV |           -77.7 |
|                KL |        5.82e+04 |
|    BacktrackIters |               9 |
|              Time |             195 |
---------------------------------------
[32;1mLine search failed! Keeping old params.[0m
---------------------------------------
|             Epoch |              49 |
|      AverageEpRet |            -809 |
|          StdEpRet |             140 |
|          MaxEpRet |            -608 |
|          MinEpRet |            -958 |
|             EpLen |           1e+03 |
|      AverageVVals |           -76.3 |
|          StdVVals |            17.2 |
|          MaxVVals |           -13.2 |
|          MinVVals |           -94.3 |
| TotalEnvInteracts |           2e+05 |
|            LossPi |        1.67e-08 |
|             LossV |             546 |
|       DeltaLossPi |       -4.77e-10 |
|        DeltaLossV |           -76.7 |
|                KL |        5.82e+04 |
|    BacktrackIters |               9 |
|              Time |             199 |
---------------------------------------
