--------------------------------------------------------------------------
[[20376,1],0]: A high-performance Open MPI point-to-point messaging module
was unable to find any relevant network interfaces:

Module: OpenFabrics (openib)
  Host: GCRAZGDL0429

Another transport will be used instead, although this may result in
lower performance.

NOTE: You can disable this warning by setting the MCA parameter
btl_base_warn_component_unused to 0.
--------------------------------------------------------------------------
--------------------------------------------------------------------------
[[20469,1],0]: A high-performance Open MPI point-to-point messaging module
was unable to find any relevant network interfaces:

Module: OpenFabrics (openib)
  Host: GCRAZGDL0429

Another transport will be used instead, although this may result in
lower performance.

NOTE: You can disable this warning by setting the MCA parameter
btl_base_warn_component_unused to 0.
--------------------------------------------------------------------------
Warning: Log dir exp/trpo_CartPole-v1/trpo_CartPole-v1_s4 already exists! Storing info there anyway.
[32;1mLogging data to exp/trpo_CartPole-v1/trpo_CartPole-v1_s4/progress.txt[0m
[36;1mSaving config:
[0m
{
    "ac_kwargs":	{
        "hidden_sizes":	[
            64,
            64
        ]
    },
    "actor_critic":	"mlp_actor_critic",
    "algo":	"trpo",
    "backtrack_coeff":	0.8,
    "backtrack_iters":	10,
    "cg_iters":	10,
    "damping_coeff":	0.1,
    "delta":	0.01,
    "env_fn":	"<function <lambda> at 0x7f6cc02974d0>",
    "epochs":	50,
    "exp_name":	"trpo_CartPole-v1",
    "gamma":	0.99,
    "lam":	0.97,
    "logger":	{
        "<spinup.utils.logx.EpochLogger object at 0x7f6cc02422d0>":	{
            "epoch_dict":	{},
            "exp_name":	"trpo_CartPole-v1",
            "first_row":	true,
            "log_current_row":	{},
            "log_headers":	[],
            "output_dir":	"exp/trpo_CartPole-v1/trpo_CartPole-v1_s4",
            "output_file":	{
                "<_io.TextIOWrapper name='exp/trpo_CartPole-v1/trpo_CartPole-v1_s4/progress.txt' mode='w' encoding='UTF-8'>":	{
                    "mode":	"w"
                }
            }
        }
    },
    "logger_kwargs":	{
        "exp_name":	"trpo_CartPole-v1",
        "output_dir":	"exp/trpo_CartPole-v1/trpo_CartPole-v1_s4"
    },
    "max_ep_len":	1000,
    "save_freq":	10,
    "seed":	4,
    "steps_per_epoch":	4000,
    "train_v_iters":	80,
    "vf_lr":	0.001
}
[32;1m
Number of parameters: 	 pi: 4610, 	 v: 4545
[0m
[GCRAZGDL0429:18392] 3 more processes have sent help message help-mpi-btl-base.txt / btl:no-nics
[GCRAZGDL0429:18392] Set MCA parameter "orte_base_help_aggregate" to 0 to see all help / error messages
2022-04-12 03:22:00.208224: I tensorflow/core/platform/cpu_feature_guard.cc:142] Your CPU supports instructions that this TensorFlow binary was not compiled to use: AVX2 FMA
2022-04-12 03:22:00.249146: I tensorflow/core/platform/profile_utils/cpu_utils.cc:94] CPU Frequency: 2593990000 Hz
2022-04-12 03:22:00.264855: I tensorflow/core/platform/cpu_feature_guard.cc:142] Your CPU supports instructions that this TensorFlow binary was not compiled to use: AVX2 FMA
2022-04-12 03:22:00.280661: I tensorflow/compiler/xla/service/service.cc:168] XLA service 0x55f8a9ee1f50 initialized for platform Host (this does not guarantee that XLA will be used). Devices:
2022-04-12 03:22:00.280704: I tensorflow/compiler/xla/service/service.cc:176]   StreamExecutor device (0): Host, Default Version
2022-04-12 03:22:00.377141: I tensorflow/core/platform/profile_utils/cpu_utils.cc:94] CPU Frequency: 2593990000 Hz
2022-04-12 03:22:00.397754: I tensorflow/compiler/xla/service/service.cc:168] XLA service 0x5593d3b45f80 initialized for platform Host (this does not guarantee that XLA will be used). Devices:
2022-04-12 03:22:00.397918: I tensorflow/compiler/xla/service/service.cc:176]   StreamExecutor device (0): Host, Default Version
2022-04-12 03:22:00.473407: I tensorflow/core/platform/cpu_feature_guard.cc:142] Your CPU supports instructions that this TensorFlow binary was not compiled to use: AVX2 FMA
2022-04-12 03:22:00.521281: I tensorflow/core/platform/profile_utils/cpu_utils.cc:94] CPU Frequency: 2593990000 Hz
2022-04-12 03:22:00.525199: I tensorflow/compiler/xla/service/service.cc:168] XLA service 0x557eac54abb0 initialized for platform Host (this does not guarantee that XLA will be used). Devices:
2022-04-12 03:22:00.525230: I tensorflow/compiler/xla/service/service.cc:176]   StreamExecutor device (0): Host, Default Version
2022-04-12 03:22:00.535980: I tensorflow/core/platform/cpu_feature_guard.cc:142] Your CPU supports instructions that this TensorFlow binary was not compiled to use: AVX2 FMA
2022-04-12 03:22:00.594431: I tensorflow/core/platform/profile_utils/cpu_utils.cc:94] CPU Frequency: 2593990000 Hz
2022-04-12 03:22:00.594934: I tensorflow/compiler/xla/service/service.cc:168] XLA service 0x55db25cbfb80 initialized for platform Host (this does not guarantee that XLA will be used). Devices:
2022-04-12 03:22:00.594995: I tensorflow/compiler/xla/service/service.cc:176]   StreamExecutor device (0): Host, Default Version
Warning: trajectory cut off by epoch at 31 steps.
Warning: trajectory cut off by epoch at 5 steps.
Warning: trajectory cut off by epoch at 33 steps.
Warning: trajectory cut off by epoch at 42 steps.
[32;1mAccepting new params at step 0 of line search.[0m
---------------------------------------
|             Epoch |               0 |
|      AverageEpRet |            19.9 |
|          StdEpRet |            9.24 |
|          MaxEpRet |              68 |
|          MinEpRet |               9 |
|             EpLen |            19.9 |
|      AverageVVals |       -0.000626 |
|          StdVVals |          0.0614 |
|          MaxVVals |           0.294 |
|          MinVVals |          -0.311 |
| TotalEnvInteracts |           4e+03 |
|            LossPi |        1.04e-07 |
|             LossV |             201 |
|       DeltaLossPi |         -0.0235 |
|        DeltaLossV |            -134 |
|                KL |         0.00925 |
|    BacktrackIters |               0 |
|              Time |            32.3 |
---------------------------------------
Warning: trajectory cut off by epoch at 11 steps.
Warning: trajectory cut off by epoch at 16 steps.
Warning: trajectory cut off by epoch at 5 steps.
Warning: trajectory cut off by epoch at 16 steps.
[32;1mAccepting new params at step 0 of line search.[0m
---------------------------------------
|             Epoch |               1 |
|      AverageEpRet |            27.3 |
|          StdEpRet |            17.3 |
|          MaxEpRet |             121 |
|          MinEpRet |               9 |
|             EpLen |            27.3 |
|      AverageVVals |             9.6 |
|          StdVVals |           0.679 |
|          MaxVVals |            12.3 |
|          MinVVals |            5.14 |
| TotalEnvInteracts |           8e+03 |
|            LossPi |        2.98e-08 |
|             LossV |             209 |
|       DeltaLossPi |         -0.0246 |
|        DeltaLossV |             -73 |
|                KL |         0.00901 |
|    BacktrackIters |               0 |
|              Time |            66.3 |
---------------------------------------
Warning: trajectory cut off by epoch at 63 steps.
Warning: trajectory cut off by epoch at 7 steps.
Warning: trajectory cut off by epoch at 25 steps.
Warning: trajectory cut off by epoch at 11 steps.
[32;1mAccepting new params at step 0 of line search.[0m
---------------------------------------
|             Epoch |               2 |
|      AverageEpRet |            31.4 |
|          StdEpRet |            17.4 |
|          MaxEpRet |              99 |
|          MinEpRet |              10 |
|             EpLen |            31.4 |
|      AverageVVals |            15.8 |
|          StdVVals |            2.99 |
|          MaxVVals |            20.5 |
|          MinVVals |           -2.37 |
| TotalEnvInteracts |         1.2e+04 |
|            LossPi |        7.45e-09 |
|             LossV |             156 |
|       DeltaLossPi |         -0.0268 |
|        DeltaLossV |           -22.3 |
|                KL |         0.00845 |
|    BacktrackIters |               0 |
|              Time |            99.4 |
---------------------------------------
Warning: trajectory cut off by epoch at 62 steps.
Warning: trajectory cut off by epoch at 23 steps.
Warning: trajectory cut off by epoch at 3 steps.
Warning: trajectory cut off by epoch at 65 steps.
[32;1mAccepting new params at step 0 of line search.[0m
---------------------------------------
|             Epoch |               3 |
|      AverageEpRet |            44.2 |
|          StdEpRet |            25.8 |
|          MaxEpRet |             123 |
|          MinEpRet |              10 |
|             EpLen |            44.2 |
|      AverageVVals |            18.8 |
|          StdVVals |            4.07 |
|          MaxVVals |            23.4 |
|          MinVVals |          -0.965 |
| TotalEnvInteracts |         1.6e+04 |
|            LossPi |        2.79e-08 |
|             LossV |             262 |
|       DeltaLossPi |         -0.0267 |
|        DeltaLossV |           -58.4 |
|                KL |         0.00844 |
|    BacktrackIters |               0 |
|              Time |             125 |
---------------------------------------
Warning: trajectory cut off by epoch at 18 steps.
Warning: trajectory cut off by epoch at 92 steps.
Warning: trajectory cut off by epoch at 126 steps.
Warning: trajectory cut off by epoch at 75 steps.
[32;1mAccepting new params at step 0 of line search.[0m
---------------------------------------
|             Epoch |               4 |
|      AverageEpRet |            75.3 |
|          StdEpRet |            39.2 |
|          MaxEpRet |             200 |
|          MinEpRet |              15 |
|             EpLen |            75.3 |
|      AverageVVals |            24.4 |
|          StdVVals |             5.1 |
|          MaxVVals |            29.5 |
|          MinVVals |           -2.34 |
| TotalEnvInteracts |           2e+04 |
|            LossPi |        2.89e-08 |
|             LossV |             496 |
|       DeltaLossPi |         -0.0234 |
|        DeltaLossV |            -161 |
|                KL |         0.00798 |
|    BacktrackIters |               0 |
|              Time |             159 |
---------------------------------------
Warning: trajectory cut off by epoch at 58 steps.
Warning: trajectory cut off by epoch at 35 steps.
Warning: trajectory cut off by epoch at 115 steps.
Warning: trajectory cut off by epoch at 95 steps.
[32;1mAccepting new params at step 0 of line search.[0m
---------------------------------------
|             Epoch |               5 |
|      AverageEpRet |             112 |
|          StdEpRet |              44 |
|          MaxEpRet |             248 |
|          MinEpRet |              17 |
|             EpLen |             112 |
|      AverageVVals |            31.8 |
|          StdVVals |            9.01 |
|          MaxVVals |            38.5 |
|          MinVVals |            2.23 |
| TotalEnvInteracts |         2.4e+04 |
|            LossPi |       -1.68e-08 |
|             LossV |             458 |
|       DeltaLossPi |          -0.021 |
|        DeltaLossV |            -157 |
|                KL |         0.00798 |
|    BacktrackIters |               0 |
|              Time |             194 |
---------------------------------------
Warning: trajectory cut off by epoch at 110 steps.
Warning: trajectory cut off by epoch at 57 steps.
Warning: trajectory cut off by epoch at 10 steps.
Warning: trajectory cut off by epoch at 143 steps.
[32;1mAccepting new params at step 0 of line search.[0m
---------------------------------------
|             Epoch |               6 |
|      AverageEpRet |             167 |
|          StdEpRet |            46.4 |
|          MaxEpRet |             246 |
|          MinEpRet |              79 |
|             EpLen |             167 |
|      AverageVVals |            38.8 |
|          StdVVals |            12.1 |
|          MaxVVals |              47 |
|          MinVVals |           0.401 |
| TotalEnvInteracts |         2.8e+04 |
|            LossPi |       -4.47e-08 |
|             LossV |             489 |
|       DeltaLossPi |         -0.0163 |
|        DeltaLossV |            -221 |
|                KL |         0.00901 |
|    BacktrackIters |               0 |
|              Time |             229 |
---------------------------------------
Warning: trajectory cut off by epoch at 69 steps.
Warning: trajectory cut off by epoch at 149 steps.
Warning: trajectory cut off by epoch at 52 steps.
Warning: trajectory cut off by epoch at 21 steps.
[32;1mAccepting new params at step 0 of line search.[0m
---------------------------------------
|             Epoch |               7 |
|      AverageEpRet |             206 |
|          StdEpRet |            56.8 |
|          MaxEpRet |             331 |
|          MinEpRet |             127 |
|             EpLen |             206 |
|      AverageVVals |            46.1 |
|          StdVVals |            15.5 |
|          MaxVVals |            56.4 |
|          MinVVals |            1.51 |
| TotalEnvInteracts |         3.2e+04 |
|            LossPi |       -5.22e-08 |
|             LossV |             379 |
|       DeltaLossPi |         -0.0167 |
|        DeltaLossV |            -170 |
|                KL |         0.00931 |
|    BacktrackIters |               0 |
|              Time |             263 |
---------------------------------------
Warning: trajectory cut off by epoch at 29 steps.
Warning: trajectory cut off by epoch at 2 steps.
Warning: trajectory cut off by epoch at 385 steps.
Warning: trajectory cut off by epoch at 371 steps.
[32;1mAccepting new params at step 0 of line search.[0m
---------------------------------------
|             Epoch |               8 |
|      AverageEpRet |             292 |
|          StdEpRet |            58.9 |
|          MaxEpRet |             373 |
|          MinEpRet |             172 |
|             EpLen |             292 |
|      AverageVVals |            55.5 |
|          StdVVals |            15.6 |
|          MaxVVals |              64 |
|          MinVVals |            3.93 |
| TotalEnvInteracts |         3.6e+04 |
|            LossPi |        3.73e-08 |
|             LossV |             434 |
|       DeltaLossPi |        -0.00985 |
|        DeltaLossV |            -230 |
|                KL |         0.00966 |
|    BacktrackIters |               0 |
|              Time |             297 |
---------------------------------------
Warning: trajectory cut off by epoch at 212 steps.
Warning: trajectory cut off by epoch at 174 steps.
Warning: trajectory cut off by epoch at 213 steps.
Warning: trajectory cut off by epoch at 69 steps.
[32;1mAccepting new params at step 0 of line search.[0m
---------------------------------------
|             Epoch |               9 |
|      AverageEpRet |             303 |
|          StdEpRet |            79.9 |
|          MaxEpRet |             500 |
|          MinEpRet |             217 |
|             EpLen |             303 |
|      AverageVVals |            64.8 |
|          StdVVals |            15.5 |
|          MaxVVals |            72.8 |
|          MinVVals |            5.04 |
| TotalEnvInteracts |           4e+04 |
|            LossPi |        7.45e-09 |
|             LossV |             278 |
|       DeltaLossPi |         -0.0119 |
|        DeltaLossV |           -52.2 |
|                KL |         0.00818 |
|    BacktrackIters |               0 |
|              Time |             330 |
---------------------------------------
Warning: trajectory cut off by epoch at 317 steps.
Warning: trajectory cut off by epoch at 149 steps.
Warning: trajectory cut off by epoch at 52 steps.
Warning: trajectory cut off by epoch at 122 steps.
[32;1mAccepting new params at step 0 of line search.[0m
---------------------------------------
|             Epoch |              10 |
|      AverageEpRet |             373 |
|          StdEpRet |             110 |
|          MaxEpRet |             500 |
|          MinEpRet |             183 |
|             EpLen |             373 |
|      AverageVVals |            70.7 |
|          StdVVals |            14.7 |
|          MaxVVals |              77 |
|          MinVVals |            8.79 |
| TotalEnvInteracts |         4.4e+04 |
|            LossPi |        2.24e-08 |
|             LossV |             387 |
|       DeltaLossPi |        -0.00743 |
|        DeltaLossV |           -58.8 |
|                KL |         0.00776 |
|    BacktrackIters |               0 |
|              Time |             359 |
---------------------------------------
Warning: trajectory cut off by epoch at 40 steps.
Warning: trajectory cut off by epoch at 73 steps.
Warning: trajectory cut off by epoch at 54 steps.
[32;1mAccepting new params at step 0 of line search.[0m
---------------------------------------
|             Epoch |              11 |
|      AverageEpRet |             479 |
|          StdEpRet |            28.2 |
|          MaxEpRet |             500 |
|          MinEpRet |             427 |
|             EpLen |             479 |
|      AverageVVals |            73.4 |
|          StdVVals |            12.4 |
|          MaxVVals |            80.3 |
|          MinVVals |            1.45 |
| TotalEnvInteracts |         4.8e+04 |
|            LossPi |       -7.45e-09 |
|             LossV |             383 |
|       DeltaLossPi |        -0.00551 |
|        DeltaLossV |           -50.9 |
|                KL |         0.00936 |
|    BacktrackIters |               0 |
|              Time |             387 |
---------------------------------------
Warning: trajectory cut off by epoch at 44 steps.
Warning: trajectory cut off by epoch at 19 steps.
Warning: trajectory cut off by epoch at 232 steps.
Warning: trajectory cut off by epoch at 174 steps.
[32;1mAccepting new params at step 0 of line search.[0m
---------------------------------------
|             Epoch |              12 |
|      AverageEpRet |             441 |
|          StdEpRet |            60.8 |
|          MaxEpRet |             500 |
|          MinEpRet |             344 |
|             EpLen |             441 |
|      AverageVVals |            73.2 |
|          StdVVals |            19.2 |
|          MaxVVals |            83.7 |
|          MinVVals |          -0.384 |
| TotalEnvInteracts |         5.2e+04 |
|            LossPi |        2.33e-08 |
|             LossV |             181 |
|       DeltaLossPi |        -0.00989 |
|        DeltaLossV |           -47.1 |
|                KL |         0.00941 |
|    BacktrackIters |               0 |
|              Time |             422 |
---------------------------------------
[32;1mAccepting new params at step 0 of line search.[0m
---------------------------------------
|             Epoch |              13 |
|      AverageEpRet |             500 |
|          StdEpRet |               0 |
|          MaxEpRet |             500 |
|          MinEpRet |             500 |
|             EpLen |             500 |
|      AverageVVals |              85 |
|          StdVVals |            5.27 |
|          MaxVVals |              87 |
|          MinVVals |              47 |
| TotalEnvInteracts |         5.6e+04 |
|            LossPi |        3.73e-09 |
|             LossV |             536 |
|       DeltaLossPi |         -0.0036 |
|        DeltaLossV |            -108 |
|                KL |         0.00722 |
|    BacktrackIters |               0 |
|              Time |             454 |
---------------------------------------
Warning: trajectory cut off by epoch at 262 steps.
Warning: trajectory cut off by epoch at 244 steps.
[32;1mAccepting new params at step 0 of line search.[0m
---------------------------------------
|             Epoch |              14 |
|      AverageEpRet |             437 |
|          StdEpRet |             110 |
|          MaxEpRet |             500 |
|          MinEpRet |             238 |
|             EpLen |             437 |
|      AverageVVals |            82.9 |
|          StdVVals |            3.79 |
|          MaxVVals |              87 |
|          MinVVals |            68.9 |
| TotalEnvInteracts |           6e+04 |
|            LossPi |       -2.91e-10 |
|             LossV |             547 |
|       DeltaLossPi |        -0.00469 |
|        DeltaLossV |           -69.5 |
|                KL |         0.00836 |
|    BacktrackIters |               0 |
|              Time |             488 |
---------------------------------------
Warning: trajectory cut off by epoch at 177 steps.
[32;1mAccepting new params at step 0 of line search.[0m
---------------------------------------
|             Epoch |              15 |
|      AverageEpRet |             478 |
|          StdEpRet |            58.5 |
|          MaxEpRet |             500 |
|          MinEpRet |             323 |
|             EpLen |             478 |
|      AverageVVals |            84.5 |
|          StdVVals |            5.37 |
|          MaxVVals |            86.9 |
|          MinVVals |            37.5 |
| TotalEnvInteracts |         6.4e+04 |
|            LossPi |        1.12e-08 |
|             LossV |             551 |
|       DeltaLossPi |        -0.00685 |
|        DeltaLossV |            -184 |
|                KL |         0.00827 |
|    BacktrackIters |               0 |
|              Time |             519 |
---------------------------------------
Warning: trajectory cut off by epoch at 40 steps.
[32;1mAccepting new params at step 0 of line search.[0m
---------------------------------------
|             Epoch |              16 |
|      AverageEpRet |             495 |
|          StdEpRet |            13.2 |
|          MaxEpRet |             500 |
|          MinEpRet |             460 |
|             EpLen |             495 |
|      AverageVVals |            74.8 |
|          StdVVals |              17 |
|          MaxVVals |            87.8 |
|          MinVVals |            24.5 |
| TotalEnvInteracts |         6.8e+04 |
|            LossPi |        1.49e-08 |
|             LossV |             441 |
|       DeltaLossPi |         -0.0123 |
|        DeltaLossV |           -72.7 |
|                KL |         0.00969 |
|    BacktrackIters |               0 |
|              Time |             551 |
---------------------------------------
Warning: trajectory cut off by epoch at 151 steps.
[32;1mAccepting new params at step 0 of line search.[0m
---------------------------------------
|             Epoch |              17 |
|      AverageEpRet |             428 |
|          StdEpRet |             136 |
|          MaxEpRet |             500 |
|          MinEpRet |             138 |
|             EpLen |             428 |
|      AverageVVals |              85 |
|          StdVVals |            5.32 |
|          MaxVVals |            89.5 |
|          MinVVals |            70.2 |
| TotalEnvInteracts |         7.2e+04 |
|            LossPi |        3.73e-09 |
|             LossV |             594 |
|       DeltaLossPi |         -0.0079 |
|        DeltaLossV |            -109 |
|                KL |          0.0066 |
|    BacktrackIters |               0 |
|              Time |             586 |
---------------------------------------
[32;1mAccepting new params at step 0 of line search.[0m
---------------------------------------
|             Epoch |              18 |
|      AverageEpRet |             500 |
|          StdEpRet |               0 |
|          MaxEpRet |             500 |
|          MinEpRet |             500 |
|             EpLen |             500 |
|      AverageVVals |              87 |
|          StdVVals |            2.35 |
|          MaxVVals |            88.8 |
|          MinVVals |              73 |
| TotalEnvInteracts |         7.6e+04 |
|            LossPi |       -7.45e-09 |
|             LossV |             647 |
|       DeltaLossPi |        -0.00395 |
|        DeltaLossV |             -56 |
|                KL |         0.00925 |
|    BacktrackIters |               0 |
|              Time |             618 |
---------------------------------------
[32;1mAccepting new params at step 0 of line search.[0m
---------------------------------------
|             Epoch |              19 |
|      AverageEpRet |             500 |
|          StdEpRet |               0 |
|          MaxEpRet |             500 |
|          MinEpRet |             500 |
|             EpLen |             500 |
|      AverageVVals |              78 |
|          StdVVals |            4.01 |
|          MaxVVals |              85 |
|          MinVVals |            58.8 |
| TotalEnvInteracts |           8e+04 |
|            LossPi |        4.89e-09 |
|             LossV |             574 |
|       DeltaLossPi |        -0.00806 |
|        DeltaLossV |             -50 |
|                KL |          0.0094 |
|    BacktrackIters |               0 |
|              Time |             652 |
---------------------------------------
Warning: trajectory cut off by epoch at 390 steps.
Warning: trajectory cut off by epoch at 57 steps.
Warning: trajectory cut off by epoch at 241 steps.
[32;1mAccepting new params at step 0 of line search.[0m
---------------------------------------
|             Epoch |              20 |
|      AverageEpRet |             414 |
|          StdEpRet |             139 |
|          MaxEpRet |             500 |
|          MinEpRet |             110 |
|             EpLen |             414 |
|      AverageVVals |            81.7 |
|          StdVVals |            2.43 |
|          MaxVVals |            87.1 |
|          MinVVals |            66.7 |
| TotalEnvInteracts |         8.4e+04 |
|            LossPi |       -9.08e-09 |
|             LossV |             606 |
|       DeltaLossPi |        -0.00672 |
|        DeltaLossV |           -78.2 |
|                KL |         0.00813 |
|    BacktrackIters |               0 |
|              Time |             688 |
---------------------------------------
[32;1mAccepting new params at step 0 of line search.[0m
---------------------------------------
|             Epoch |              21 |
|      AverageEpRet |             500 |
|          StdEpRet |               0 |
|          MaxEpRet |             500 |
|          MinEpRet |             500 |
|             EpLen |             500 |
|      AverageVVals |            80.1 |
|          StdVVals |            3.62 |
|          MaxVVals |            85.3 |
|          MinVVals |            50.3 |
| TotalEnvInteracts |         8.8e+04 |
|            LossPi |        3.73e-09 |
|             LossV |             591 |
|       DeltaLossPi |        -0.00416 |
|        DeltaLossV |           -23.1 |
|                KL |         0.00822 |
|    BacktrackIters |               0 |
|              Time |             721 |
---------------------------------------
[32;1mAccepting new params at step 0 of line search.[0m
---------------------------------------
|             Epoch |              22 |
|      AverageEpRet |             500 |
|          StdEpRet |               0 |
|          MaxEpRet |             500 |
|          MinEpRet |             500 |
|             EpLen |             500 |
|      AverageVVals |            77.8 |
|          StdVVals |            7.16 |
|          MaxVVals |            81.1 |
|          MinVVals |            31.1 |
| TotalEnvInteracts |         9.2e+04 |
|            LossPi |        5.59e-09 |
|             LossV |             704 |
|       DeltaLossPi |         -0.0072 |
|        DeltaLossV |            -111 |
|                KL |         0.00921 |
|    BacktrackIters |               0 |
|              Time |             753 |
---------------------------------------
[32;1mAccepting new params at step 0 of line search.[0m
---------------------------------------
|             Epoch |              23 |
|      AverageEpRet |             500 |
|          StdEpRet |               0 |
|          MaxEpRet |             500 |
|          MinEpRet |             500 |
|             EpLen |             500 |
|      AverageVVals |            80.4 |
|          StdVVals |           0.115 |
|          MaxVVals |            81.8 |
|          MinVVals |            80.2 |
| TotalEnvInteracts |         9.6e+04 |
|            LossPi |        1.03e-08 |
|             LossV |             599 |
|       DeltaLossPi |        -0.00341 |
|        DeltaLossV |           -1.06 |
|                KL |          0.0083 |
|    BacktrackIters |               0 |
|              Time |             785 |
---------------------------------------
[32;1mAccepting new params at step 0 of line search.[0m
---------------------------------------
|             Epoch |              24 |
|      AverageEpRet |             500 |
|          StdEpRet |               0 |
|          MaxEpRet |             500 |
|          MinEpRet |             500 |
|             EpLen |             500 |
|      AverageVVals |            80.3 |
|          StdVVals |           0.035 |
|          MaxVVals |            80.6 |
|          MinVVals |            79.7 |
| TotalEnvInteracts |           1e+05 |
|            LossPi |        2.11e-08 |
|             LossV |             598 |
|       DeltaLossPi |        -0.00268 |
|        DeltaLossV |          -0.312 |
|                KL |         0.00686 |
|    BacktrackIters |               0 |
|              Time |             819 |
---------------------------------------
Warning: trajectory cut off by epoch at 212 steps.
[32;1mAccepting new params at step 0 of line search.[0m
---------------------------------------
|             Epoch |              25 |
|      AverageEpRet |             474 |
|          StdEpRet |            70.1 |
|          MaxEpRet |             500 |
|          MinEpRet |             288 |
|             EpLen |             474 |
|      AverageVVals |            80.3 |
|          StdVVals |           0.279 |
|          MaxVVals |              84 |
|          MinVVals |            78.9 |
| TotalEnvInteracts |        1.04e+05 |
|            LossPi |        -9.9e-10 |
|             LossV |             589 |
|       DeltaLossPi |        -0.00217 |
|        DeltaLossV |             -27 |
|                KL |         0.00789 |
|    BacktrackIters |               0 |
|              Time |             848 |
---------------------------------------
Warning: trajectory cut off by epoch at 270 steps.
[32;1mAccepting new params at step 0 of line search.[0m
---------------------------------------
|             Epoch |              26 |
|      AverageEpRet |             466 |
|          StdEpRet |            89.3 |
|          MaxEpRet |             500 |
|          MinEpRet |             230 |
|             EpLen |             466 |
|      AverageVVals |              80 |
|          StdVVals |            2.19 |
|          MaxVVals |            81.2 |
|          MinVVals |            45.1 |
| TotalEnvInteracts |        1.08e+05 |
|            LossPi |       -1.19e-08 |
|             LossV |             592 |
|       DeltaLossPi |        -0.00397 |
|        DeltaLossV |           -22.4 |
|                KL |         0.00851 |
|    BacktrackIters |               0 |
|              Time |             873 |
---------------------------------------
Warning: trajectory cut off by epoch at 25 steps.
[32;1mAccepting new params at step 0 of line search.[0m
---------------------------------------
|             Epoch |              27 |
|      AverageEpRet |             497 |
|          StdEpRet |            8.27 |
|          MaxEpRet |             500 |
|          MinEpRet |             475 |
|             EpLen |             497 |
|      AverageVVals |              78 |
|          StdVVals |            4.13 |
|          MaxVVals |            81.3 |
|          MinVVals |            45.1 |
| TotalEnvInteracts |        1.12e+05 |
|            LossPi |       -6.75e-09 |
|             LossV |             618 |
|       DeltaLossPi |         -0.0049 |
|        DeltaLossV |           -22.6 |
|                KL |          0.0087 |
|    BacktrackIters |               0 |
|              Time |             910 |
---------------------------------------
[32;1mAccepting new params at step 1 of line search.[0m
---------------------------------------
|             Epoch |              28 |
|      AverageEpRet |             500 |
|          StdEpRet |               0 |
|          MaxEpRet |             500 |
|          MinEpRet |             500 |
|             EpLen |             500 |
|      AverageVVals |            80.7 |
|          StdVVals |           0.179 |
|          MaxVVals |            80.9 |
|          MinVVals |            79.2 |
| TotalEnvInteracts |        1.16e+05 |
|            LossPi |        2.37e-08 |
|             LossV |             598 |
|       DeltaLossPi |        -0.00321 |
|        DeltaLossV |          -0.124 |
|                KL |         0.00651 |
|    BacktrackIters |               1 |
|              Time |             948 |
---------------------------------------
[32;1mAccepting new params at step 0 of line search.[0m
---------------------------------------
|             Epoch |              29 |
|      AverageEpRet |             500 |
|          StdEpRet |               0 |
|          MaxEpRet |             500 |
|          MinEpRet |             500 |
|             EpLen |             500 |
|      AverageVVals |            80.4 |
|          StdVVals |           0.179 |
|          MaxVVals |            81.5 |
|          MinVVals |            78.3 |
| TotalEnvInteracts |         1.2e+05 |
|            LossPi |        1.06e-08 |
|             LossV |             598 |
|       DeltaLossPi |        -0.00561 |
|        DeltaLossV |           -4.52 |
|                KL |         0.00849 |
|    BacktrackIters |               0 |
|              Time |             989 |
---------------------------------------
[32;1mAccepting new params at step 0 of line search.[0m
---------------------------------------
|             Epoch |              30 |
|      AverageEpRet |             500 |
|          StdEpRet |               0 |
|          MaxEpRet |             500 |
|          MinEpRet |             500 |
|             EpLen |             500 |
|      AverageVVals |            79.7 |
|          StdVVals |            2.44 |
|          MaxVVals |            81.4 |
|          MinVVals |            42.3 |
| TotalEnvInteracts |        1.24e+05 |
|            LossPi |        7.45e-09 |
|             LossV |             587 |
|       DeltaLossPi |         -0.0048 |
|        DeltaLossV |           -30.2 |
|                KL |         0.00848 |
|    BacktrackIters |               0 |
|              Time |        1.03e+03 |
---------------------------------------
[32;1mAccepting new params at step 0 of line search.[0m
---------------------------------------
|             Epoch |              31 |
|      AverageEpRet |             500 |
|          StdEpRet |               0 |
|          MaxEpRet |             500 |
|          MinEpRet |             500 |
|             EpLen |             500 |
|      AverageVVals |            81.5 |
|          StdVVals |            2.41 |
|          MaxVVals |            83.4 |
|          MinVVals |            57.3 |
| TotalEnvInteracts |        1.28e+05 |
|            LossPi |       -3.26e-09 |
|             LossV |             596 |
|       DeltaLossPi |        -0.00431 |
|        DeltaLossV |           -34.6 |
|                KL |          0.0086 |
|    BacktrackIters |               0 |
|              Time |        1.07e+03 |
---------------------------------------
Warning: trajectory cut off by epoch at 395 steps.
[32;1mAccepting new params at step 0 of line search.[0m
---------------------------------------
|             Epoch |              32 |
|      AverageEpRet |             451 |
|          StdEpRet |             131 |
|          MaxEpRet |             500 |
|          MinEpRet |             105 |
|             EpLen |             451 |
|      AverageVVals |            79.5 |
|          StdVVals |            5.74 |
|          MaxVVals |            83.1 |
|          MinVVals |              36 |
| TotalEnvInteracts |        1.32e+05 |
|            LossPi |        4.66e-09 |
|             LossV |             587 |
|       DeltaLossPi |        -0.00366 |
|        DeltaLossV |           -42.5 |
|                KL |         0.00658 |
|    BacktrackIters |               0 |
|              Time |         1.1e+03 |
---------------------------------------
[32;1mAccepting new params at step 0 of line search.[0m
---------------------------------------
|             Epoch |              33 |
|      AverageEpRet |             500 |
|          StdEpRet |               0 |
|          MaxEpRet |             500 |
|          MinEpRet |             500 |
|             EpLen |             500 |
|      AverageVVals |            82.3 |
|          StdVVals |            1.48 |
|          MaxVVals |              83 |
|          MinVVals |            65.5 |
| TotalEnvInteracts |        1.36e+05 |
|            LossPi |         5.7e-09 |
|             LossV |             597 |
|       DeltaLossPi |        -0.00178 |
|        DeltaLossV |           -6.37 |
|                KL |         0.00839 |
|    BacktrackIters |               0 |
|              Time |        1.13e+03 |
---------------------------------------
[32;1mAccepting new params at step 0 of line search.[0m
---------------------------------------
|             Epoch |              34 |
|      AverageEpRet |             500 |
|          StdEpRet |               0 |
|          MaxEpRet |             500 |
|          MinEpRet |             500 |
|             EpLen |             500 |
|      AverageVVals |            77.5 |
|          StdVVals |            10.3 |
|          MaxVVals |            81.5 |
|          MinVVals |            10.9 |
| TotalEnvInteracts |         1.4e+05 |
|            LossPi |       -1.49e-08 |
|             LossV |             668 |
|       DeltaLossPi |        -0.00478 |
|        DeltaLossV |           -69.5 |
|                KL |         0.00896 |
|    BacktrackIters |               0 |
|              Time |        1.16e+03 |
---------------------------------------
[32;1mAccepting new params at step 0 of line search.[0m
---------------------------------------
|             Epoch |              35 |
|      AverageEpRet |             500 |
|          StdEpRet |               0 |
|          MaxEpRet |             500 |
|          MinEpRet |             500 |
|             EpLen |             500 |
|      AverageVVals |            80.5 |
|          StdVVals |           0.327 |
|          MaxVVals |            80.6 |
|          MinVVals |            74.5 |
| TotalEnvInteracts |        1.44e+05 |
|            LossPi |        5.18e-09 |
|             LossV |             598 |
|       DeltaLossPi |        -0.00648 |
|        DeltaLossV |          -0.603 |
|                KL |         0.00817 |
|    BacktrackIters |               0 |
|              Time |        1.18e+03 |
---------------------------------------
[32;1mAccepting new params at step 0 of line search.[0m
---------------------------------------
|             Epoch |              36 |
|      AverageEpRet |             500 |
|          StdEpRet |               0 |
|          MaxEpRet |             500 |
|          MinEpRet |             500 |
|             EpLen |             500 |
|      AverageVVals |            80.4 |
|          StdVVals |           0.408 |
|          MaxVVals |            80.7 |
|          MinVVals |            75.8 |
| TotalEnvInteracts |        1.48e+05 |
|            LossPi |       -8.05e-09 |
|             LossV |             598 |
|       DeltaLossPi |        -0.00669 |
|        DeltaLossV |          -0.636 |
|                KL |         0.00882 |
|    BacktrackIters |               0 |
|              Time |         1.2e+03 |
---------------------------------------
[32;1mAccepting new params at step 0 of line search.[0m
---------------------------------------
|             Epoch |              37 |
|      AverageEpRet |             500 |
|          StdEpRet |               0 |
|          MaxEpRet |             500 |
|          MinEpRet |             500 |
|             EpLen |             500 |
|      AverageVVals |            80.3 |
|          StdVVals |           0.484 |
|          MaxVVals |            80.6 |
|          MinVVals |            74.5 |
| TotalEnvInteracts |        1.52e+05 |
|            LossPi |        1.16e-08 |
|             LossV |             599 |
|       DeltaLossPi |        -0.00306 |
|        DeltaLossV |           -1.34 |
|                KL |         0.00919 |
|    BacktrackIters |               0 |
|              Time |        1.23e+03 |
---------------------------------------
[32;1mAccepting new params at step 0 of line search.[0m
---------------------------------------
|             Epoch |              38 |
|      AverageEpRet |             500 |
|          StdEpRet |               0 |
|          MaxEpRet |             500 |
|          MinEpRet |             500 |
|             EpLen |             500 |
|      AverageVVals |            80.4 |
|          StdVVals |          0.0974 |
|          MaxVVals |            80.4 |
|          MinVVals |              79 |
| TotalEnvInteracts |        1.56e+05 |
|            LossPi |       -2.98e-09 |
|             LossV |             598 |
|       DeltaLossPi |        -0.00411 |
|        DeltaLossV |         -0.0521 |
|                KL |         0.00998 |
|    BacktrackIters |               0 |
|              Time |        1.25e+03 |
---------------------------------------
[32;1mAccepting new params at step 0 of line search.[0m
---------------------------------------
|             Epoch |              39 |
|      AverageEpRet |             500 |
|          StdEpRet |               0 |
|          MaxEpRet |             500 |
|          MinEpRet |             500 |
|             EpLen |             500 |
|      AverageVVals |            80.3 |
|          StdVVals |          0.0919 |
|          MaxVVals |            80.4 |
|          MinVVals |            78.2 |
| TotalEnvInteracts |         1.6e+05 |
|            LossPi |       -3.46e-09 |
|             LossV |             598 |
|       DeltaLossPi |        -0.00636 |
|        DeltaLossV |           -1.86 |
|                KL |          0.0088 |
|    BacktrackIters |               0 |
|              Time |        1.27e+03 |
---------------------------------------
[32;1mAccepting new params at step 0 of line search.[0m
---------------------------------------
|             Epoch |              40 |
|      AverageEpRet |             500 |
|          StdEpRet |               0 |
|          MaxEpRet |             500 |
|          MinEpRet |             500 |
|             EpLen |             500 |
|      AverageVVals |            80.2 |
|          StdVVals |           0.741 |
|          MaxVVals |            80.5 |
|          MinVVals |            68.2 |
| TotalEnvInteracts |        1.64e+05 |
|            LossPi |        4.07e-09 |
|             LossV |             600 |
|       DeltaLossPi |         -0.0024 |
|        DeltaLossV |           -3.77 |
|                KL |         0.00819 |
|    BacktrackIters |               0 |
|              Time |         1.3e+03 |
---------------------------------------
Warning: trajectory cut off by epoch at 212 steps.
[32;1mAccepting new params at step 0 of line search.[0m
---------------------------------------
|             Epoch |              41 |
|      AverageEpRet |             474 |
|          StdEpRet |            70.1 |
|          MaxEpRet |             500 |
|          MinEpRet |             288 |
|             EpLen |             474 |
|      AverageVVals |            80.2 |
|          StdVVals |           0.388 |
|          MaxVVals |            80.4 |
|          MinVVals |            70.7 |
| TotalEnvInteracts |        1.68e+05 |
|            LossPi |        3.78e-09 |
|             LossV |             587 |
|       DeltaLossPi |         -0.0037 |
|        DeltaLossV |           -25.7 |
|                KL |         0.00495 |
|    BacktrackIters |               0 |
|              Time |        1.33e+03 |
---------------------------------------
[32;1mAccepting new params at step 0 of line search.[0m
---------------------------------------
|             Epoch |              42 |
|      AverageEpRet |             500 |
|          StdEpRet |               0 |
|          MaxEpRet |             500 |
|          MinEpRet |             500 |
|             EpLen |             500 |
|      AverageVVals |            79.6 |
|          StdVVals |            2.06 |
|          MaxVVals |              82 |
|          MinVVals |            67.8 |
| TotalEnvInteracts |        1.72e+05 |
|            LossPi |        7.22e-09 |
|             LossV |             606 |
|       DeltaLossPi |        -0.00617 |
|        DeltaLossV |           -17.4 |
|                KL |         0.00905 |
|    BacktrackIters |               0 |
|              Time |        1.35e+03 |
---------------------------------------
[32;1mAccepting new params at step 0 of line search.[0m
---------------------------------------
|             Epoch |              43 |
|      AverageEpRet |             500 |
|          StdEpRet |               0 |
|          MaxEpRet |             500 |
|          MinEpRet |             500 |
|             EpLen |             500 |
|      AverageVVals |            80.7 |
|          StdVVals |            1.69 |
|          MaxVVals |            81.5 |
|          MinVVals |            55.7 |
| TotalEnvInteracts |        1.76e+05 |
|            LossPi |       -2.42e-09 |
|             LossV |             598 |
|       DeltaLossPi |        -0.00451 |
|        DeltaLossV |           -18.5 |
|                KL |         0.00638 |
|    BacktrackIters |               0 |
|              Time |        1.37e+03 |
---------------------------------------
[32;1mAccepting new params at step 0 of line search.[0m
---------------------------------------
|             Epoch |              44 |
|      AverageEpRet |             500 |
|          StdEpRet |               0 |
|          MaxEpRet |             500 |
|          MinEpRet |             500 |
|             EpLen |             500 |
|      AverageVVals |            77.9 |
|          StdVVals |            2.26 |
|          MaxVVals |            82.1 |
|          MinVVals |            63.5 |
| TotalEnvInteracts |         1.8e+05 |
|            LossPi |       -2.79e-09 |
|             LossV |             601 |
|       DeltaLossPi |        -0.00238 |
|        DeltaLossV |           -10.7 |
|                KL |         0.00893 |
|    BacktrackIters |               0 |
|              Time |         1.4e+03 |
---------------------------------------
[32;1mAccepting new params at step 0 of line search.[0m
---------------------------------------
|             Epoch |              45 |
|      AverageEpRet |             500 |
|          StdEpRet |               0 |
|          MaxEpRet |             500 |
|          MinEpRet |             500 |
|             EpLen |             500 |
|      AverageVVals |            80.3 |
|          StdVVals |            1.16 |
|          MaxVVals |            83.7 |
|          MinVVals |            72.2 |
| TotalEnvInteracts |        1.84e+05 |
|            LossPi |       -6.74e-09 |
|             LossV |             578 |
|       DeltaLossPi |        -0.00517 |
|        DeltaLossV |           -65.6 |
|                KL |         0.00777 |
|    BacktrackIters |               0 |
|              Time |        1.43e+03 |
---------------------------------------
[32;1mAccepting new params at step 0 of line search.[0m
---------------------------------------
|             Epoch |              46 |
|      AverageEpRet |             500 |
|          StdEpRet |               0 |
|          MaxEpRet |             500 |
|          MinEpRet |             500 |
|             EpLen |             500 |
|      AverageVVals |            82.2 |
|          StdVVals |            3.61 |
|          MaxVVals |            88.7 |
|          MinVVals |            64.9 |
| TotalEnvInteracts |        1.88e+05 |
|            LossPi |        -1.3e-08 |
|             LossV |             592 |
|       DeltaLossPi |        -0.00631 |
|        DeltaLossV |           -4.79 |
|                KL |          0.0094 |
|    BacktrackIters |               0 |
|              Time |        1.44e+03 |
---------------------------------------
Warning: trajectory cut off by epoch at 268 steps.
Warning: trajectory cut off by epoch at 36 steps.
[32;1mAccepting new params at step 0 of line search.[0m
---------------------------------------
|             Epoch |              47 |
|      AverageEpRet |             462 |
|          StdEpRet |            87.7 |
|          MaxEpRet |             500 |
|          MinEpRet |             232 |
|             EpLen |             462 |
|      AverageVVals |            83.1 |
|          StdVVals |            2.95 |
|          MaxVVals |            89.2 |
|          MinVVals |            71.1 |
| TotalEnvInteracts |        1.92e+05 |
|            LossPi |        1.16e-09 |
|             LossV |             591 |
|       DeltaLossPi |        -0.00374 |
|        DeltaLossV |             -28 |
|                KL |         0.00833 |
|    BacktrackIters |               0 |
|              Time |        1.46e+03 |
---------------------------------------
Warning: trajectory cut off by epoch at 472 steps.
[32;1mAccepting new params at step 0 of line search.[0m
---------------------------------------
|             Epoch |              48 |
|      AverageEpRet |             441 |
|          StdEpRet |             156 |
|          MaxEpRet |             500 |
|          MinEpRet |              28 |
|             EpLen |             441 |
|      AverageVVals |              83 |
|          StdVVals |            2.95 |
|          MaxVVals |            88.9 |
|          MinVVals |            39.6 |
| TotalEnvInteracts |        1.96e+05 |
|            LossPi |       -4.19e-09 |
|             LossV |             579 |
|       DeltaLossPi |        -0.00596 |
|        DeltaLossV |           -3.33 |
|                KL |          0.0085 |
|    BacktrackIters |               0 |
|              Time |        1.47e+03 |
---------------------------------------
[32;1mAccepting new params at step 0 of line search.[0m
---------------------------------------
|             Epoch |              49 |
|      AverageEpRet |             500 |
|          StdEpRet |               0 |
|          MaxEpRet |             500 |
|          MinEpRet |             500 |
|             EpLen |             500 |
|      AverageVVals |            82.9 |
|          StdVVals |            1.93 |
|          MaxVVals |            88.4 |
|          MinVVals |              68 |
| TotalEnvInteracts |           2e+05 |
|            LossPi |       -1.42e-08 |
|             LossV |             590 |
|       DeltaLossPi |        -0.00333 |
|        DeltaLossV |           -18.7 |
|                KL |         0.00642 |
|    BacktrackIters |               0 |
|              Time |        1.47e+03 |
---------------------------------------
