--------------------------------------------------------------------------
[[31974,1],0]: A high-performance Open MPI point-to-point messaging module
was unable to find any relevant network interfaces:

Module: OpenFabrics (openib)
  Host: GCRAZGDL0429

Another transport will be used instead, although this may result in
lower performance.

NOTE: You can disable this warning by setting the MCA parameter
btl_base_warn_component_unused to 0.
--------------------------------------------------------------------------
--------------------------------------------------------------------------
[[32032,1],0]: A high-performance Open MPI point-to-point messaging module
was unable to find any relevant network interfaces:

Module: OpenFabrics (openib)
  Host: GCRAZGDL0429

Another transport will be used instead, although this may result in
lower performance.

NOTE: You can disable this warning by setting the MCA parameter
btl_base_warn_component_unused to 0.
--------------------------------------------------------------------------
Warning: Log dir exp/trpo_Hopper-v3/trpo_Hopper-v3_s5 already exists! Storing info there anyway.
[32;1mLogging data to exp/trpo_Hopper-v3/trpo_Hopper-v3_s5/progress.txt[0m
[36;1mSaving config:
[0m
{
    "ac_kwargs":	{
        "hidden_sizes":	[
            64,
            64
        ]
    },
    "actor_critic":	"mlp_actor_critic",
    "algo":	"trpo",
    "backtrack_coeff":	0.8,
    "backtrack_iters":	10,
    "cg_iters":	10,
    "damping_coeff":	0.1,
    "delta":	0.01,
    "env_fn":	"<function <lambda> at 0x7f6855c834d0>",
    "epochs":	50,
    "exp_name":	"trpo_Hopper-v3",
    "gamma":	0.99,
    "lam":	0.97,
    "logger":	{
        "<spinup.utils.logx.EpochLogger object at 0x7f6855c23390>":	{
            "epoch_dict":	{},
            "exp_name":	"trpo_Hopper-v3",
            "first_row":	true,
            "log_current_row":	{},
            "log_headers":	[],
            "output_dir":	"exp/trpo_Hopper-v3/trpo_Hopper-v3_s5",
            "output_file":	{
                "<_io.TextIOWrapper name='exp/trpo_Hopper-v3/trpo_Hopper-v3_s5/progress.txt' mode='w' encoding='UTF-8'>":	{
                    "mode":	"w"
                }
            }
        }
    },
    "logger_kwargs":	{
        "exp_name":	"trpo_Hopper-v3",
        "output_dir":	"exp/trpo_Hopper-v3/trpo_Hopper-v3_s5"
    },
    "max_ep_len":	1000,
    "save_freq":	10,
    "seed":	5,
    "steps_per_epoch":	4000,
    "train_v_iters":	80,
    "vf_lr":	0.001
}
[GCRAZGDL0429:29965] 3 more processes have sent help message help-mpi-btl-base.txt / btl:no-nics
[GCRAZGDL0429:29965] Set MCA parameter "orte_base_help_aggregate" to 0 to see all help / error messages
2022-04-14 05:24:30.017103: I tensorflow/core/platform/cpu_feature_guard.cc:142] Your CPU supports instructions that this TensorFlow binary was not compiled to use: AVX2 FMA
2022-04-14 05:24:30.085257: I tensorflow/core/platform/profile_utils/cpu_utils.cc:94] CPU Frequency: 2593990000 Hz
2022-04-14 05:24:30.086480: I tensorflow/compiler/xla/service/service.cc:168] XLA service 0x55d25df1dc30 initialized for platform Host (this does not guarantee that XLA will be used). Devices:
2022-04-14 05:24:30.086509: I tensorflow/compiler/xla/service/service.cc:176]   StreamExecutor device (0): Host, Default Version
[32;1m
Number of parameters: 	 pi: 5126, 	 v: 4993
[0m
2022-04-14 05:24:33.334766: I tensorflow/core/platform/cpu_feature_guard.cc:142] Your CPU supports instructions that this TensorFlow binary was not compiled to use: AVX2 FMA
2022-04-14 05:24:33.387324: I tensorflow/core/platform/profile_utils/cpu_utils.cc:94] CPU Frequency: 2593990000 Hz
2022-04-14 05:24:33.388256: I tensorflow/compiler/xla/service/service.cc:168] XLA service 0x559653fa4780 initialized for platform Host (this does not guarantee that XLA will be used). Devices:
2022-04-14 05:24:33.388359: I tensorflow/compiler/xla/service/service.cc:176]   StreamExecutor device (0): Host, Default Version
2022-04-14 05:24:42.147998: I tensorflow/core/platform/cpu_feature_guard.cc:142] Your CPU supports instructions that this TensorFlow binary was not compiled to use: AVX2 FMA
2022-04-14 05:24:42.200735: I tensorflow/core/platform/profile_utils/cpu_utils.cc:94] CPU Frequency: 2593990000 Hz
2022-04-14 05:24:42.201787: I tensorflow/compiler/xla/service/service.cc:168] XLA service 0x558ed4184a60 initialized for platform Host (this does not guarantee that XLA will be used). Devices:
2022-04-14 05:24:42.201885: I tensorflow/compiler/xla/service/service.cc:176]   StreamExecutor device (0): Host, Default Version
2022-04-14 05:24:47.984017: I tensorflow/core/platform/cpu_feature_guard.cc:142] Your CPU supports instructions that this TensorFlow binary was not compiled to use: AVX2 FMA
2022-04-14 05:24:48.061344: I tensorflow/core/platform/profile_utils/cpu_utils.cc:94] CPU Frequency: 2593990000 Hz
2022-04-14 05:24:48.062622: I tensorflow/compiler/xla/service/service.cc:168] XLA service 0x5634ed3734d0 initialized for platform Host (this does not guarantee that XLA will be used). Devices:
2022-04-14 05:24:48.062667: I tensorflow/compiler/xla/service/service.cc:176]   StreamExecutor device (0): Host, Default Version
Warning: trajectory cut off by epoch at 14 steps.
Warning: trajectory cut off by epoch at 20 steps.
Warning: trajectory cut off by epoch at 8 steps.
[32;1mAccepting new params at step 0 of line search.[0m
---------------------------------------
|             Epoch |               0 |
|      AverageEpRet |            18.3 |
|          StdEpRet |            6.85 |
|          MaxEpRet |            52.2 |
|          MinEpRet |            6.44 |
|             EpLen |            21.4 |
|      AverageVVals |          0.0289 |
|          StdVVals |           0.328 |
|          MaxVVals |           0.781 |
|          MinVVals |          -0.868 |
| TotalEnvInteracts |           4e+03 |
|            LossPi |        6.05e-09 |
|             LossV |             132 |
|       DeltaLossPi |         -0.0277 |
|        DeltaLossV |           -92.5 |
|                KL |         0.00988 |
|    BacktrackIters |               0 |
|              Time |            59.5 |
---------------------------------------
Warning: trajectory cut off by epoch at 5 steps.
Warning: trajectory cut off by epoch at 24 steps.
Warning: trajectory cut off by epoch at 10 steps.
Warning: trajectory cut off by epoch at 11 steps.
[32;1mAccepting new params at step 0 of line search.[0m
---------------------------------------
|             Epoch |               1 |
|      AverageEpRet |            23.3 |
|          StdEpRet |            11.2 |
|          MaxEpRet |            74.4 |
|          MinEpRet |               7 |
|             EpLen |            23.4 |
|      AverageVVals |            8.26 |
|          StdVVals |            1.36 |
|          MaxVVals |            10.6 |
|          MinVVals |               2 |
| TotalEnvInteracts |           8e+03 |
|            LossPi |       -4.66e-08 |
|             LossV |             112 |
|       DeltaLossPi |         -0.0319 |
|        DeltaLossV |           -51.4 |
|                KL |         0.00916 |
|    BacktrackIters |               0 |
|              Time |             112 |
---------------------------------------
Warning: trajectory cut off by epoch at 14 steps.
Warning: trajectory cut off by epoch at 29 steps.
Warning: trajectory cut off by epoch at 15 steps.
Warning: trajectory cut off by epoch at 13 steps.
[32;1mAccepting new params at step 0 of line search.[0m
---------------------------------------
|             Epoch |               2 |
|      AverageEpRet |            29.6 |
|          StdEpRet |            14.9 |
|          MaxEpRet |            88.5 |
|          MinEpRet |            9.61 |
|             EpLen |            26.7 |
|      AverageVVals |            12.8 |
|          StdVVals |            4.19 |
|          MaxVVals |            17.3 |
|          MinVVals |           -1.01 |
| TotalEnvInteracts |         1.2e+04 |
|            LossPi |       -2.98e-08 |
|             LossV |             127 |
|       DeltaLossPi |         -0.0358 |
|        DeltaLossV |           -33.2 |
|                KL |         0.00936 |
|    BacktrackIters |               0 |
|              Time |             167 |
---------------------------------------
Warning: trajectory cut off by epoch at 3 steps.
Warning: trajectory cut off by epoch at 41 steps.
Warning: trajectory cut off by epoch at 22 steps.
Warning: trajectory cut off by epoch at 20 steps.
[32;1mAccepting new params at step 0 of line search.[0m
---------------------------------------
|             Epoch |               3 |
|      AverageEpRet |            42.5 |
|          StdEpRet |            32.7 |
|          MaxEpRet |             207 |
|          MinEpRet |            8.85 |
|             EpLen |            33.5 |
|      AverageVVals |            16.7 |
|          StdVVals |             6.3 |
|          MaxVVals |            23.2 |
|          MinVVals |            -6.9 |
| TotalEnvInteracts |         1.6e+04 |
|            LossPi |       -5.22e-08 |
|             LossV |             561 |
|       DeltaLossPi |         -0.0344 |
|        DeltaLossV |            -120 |
|                KL |         0.00981 |
|    BacktrackIters |               0 |
|              Time |             236 |
---------------------------------------
Warning: trajectory cut off by epoch at 32 steps.
Warning: trajectory cut off by epoch at 78 steps.
Warning: trajectory cut off by epoch at 33 steps.
Warning: trajectory cut off by epoch at 21 steps.
[32;1mAccepting new params at step 0 of line search.[0m
---------------------------------------
|             Epoch |               4 |
|      AverageEpRet |            62.8 |
|          StdEpRet |            37.7 |
|          MaxEpRet |             178 |
|          MinEpRet |            8.02 |
|             EpLen |            43.6 |
|      AverageVVals |            26.5 |
|          StdVVals |            7.88 |
|          MaxVVals |            31.6 |
|          MinVVals |             -16 |
| TotalEnvInteracts |           2e+04 |
|            LossPi |       -7.45e-09 |
|             LossV |             655 |
|       DeltaLossPi |         -0.0355 |
|        DeltaLossV |            -160 |
|                KL |         0.00953 |
|    BacktrackIters |               0 |
|              Time |             307 |
---------------------------------------
Warning: trajectory cut off by epoch at 16 steps.
Warning: trajectory cut off by epoch at 17 steps.
Warning: trajectory cut off by epoch at 38 steps.
Warning: trajectory cut off by epoch at 24 steps.
[32;1mAccepting new params at step 0 of line search.[0m
---------------------------------------
|             Epoch |               5 |
|      AverageEpRet |            92.8 |
|          StdEpRet |            51.1 |
|          MaxEpRet |             215 |
|          MinEpRet |            17.5 |
|             EpLen |            57.4 |
|      AverageVVals |            34.9 |
|          StdVVals |            9.35 |
|          MaxVVals |            40.6 |
|          MinVVals |           -7.02 |
| TotalEnvInteracts |         2.4e+04 |
|            LossPi |       -7.26e-08 |
|             LossV |        1.04e+03 |
|       DeltaLossPi |         -0.0307 |
|        DeltaLossV |            -207 |
|                KL |         0.00938 |
|    BacktrackIters |               0 |
|              Time |             378 |
---------------------------------------
Warning: trajectory cut off by epoch at 62 steps.
Warning: trajectory cut off by epoch at 93 steps.
Warning: trajectory cut off by epoch at 50 steps.
Warning: trajectory cut off by epoch at 4 steps.
[32;1mAccepting new params at step 0 of line search.[0m
---------------------------------------
|             Epoch |               6 |
|      AverageEpRet |             129 |
|          StdEpRet |              53 |
|          MaxEpRet |             218 |
|          MinEpRet |            29.1 |
|             EpLen |            72.9 |
|      AverageVVals |            45.3 |
|          StdVVals |            8.66 |
|          MaxVVals |            49.3 |
|          MinVVals |           0.657 |
| TotalEnvInteracts |         2.8e+04 |
|            LossPi |        3.73e-09 |
|             LossV |        1.32e+03 |
|       DeltaLossPi |          -0.027 |
|        DeltaLossV |            -332 |
|                KL |         0.00921 |
|    BacktrackIters |               0 |
|              Time |             446 |
---------------------------------------
Warning: trajectory cut off by epoch at 21 steps.
Warning: trajectory cut off by epoch at 46 steps.
Warning: trajectory cut off by epoch at 38 steps.
Warning: trajectory cut off by epoch at 32 steps.
[32;1mAccepting new params at step 0 of line search.[0m
---------------------------------------
|             Epoch |               7 |
|      AverageEpRet |             152 |
|          StdEpRet |            47.4 |
|          MaxEpRet |             224 |
|          MinEpRet |              25 |
|             EpLen |              84 |
|      AverageVVals |            52.3 |
|          StdVVals |            13.5 |
|          MaxVVals |            59.1 |
|          MinVVals |           -9.67 |
| TotalEnvInteracts |         3.2e+04 |
|            LossPi |        1.12e-08 |
|             LossV |        1.08e+03 |
|       DeltaLossPi |         -0.0257 |
|        DeltaLossV |            -264 |
|                KL |         0.00822 |
|    BacktrackIters |               0 |
|              Time |             516 |
---------------------------------------
Warning: trajectory cut off by epoch at 6 steps.
Warning: trajectory cut off by epoch at 38 steps.
Warning: trajectory cut off by epoch at 3 steps.
Warning: trajectory cut off by epoch at 51 steps.
[32;1mAccepting new params at step 0 of line search.[0m
---------------------------------------
|             Epoch |               8 |
|      AverageEpRet |             165 |
|          StdEpRet |            39.8 |
|          MaxEpRet |             234 |
|          MinEpRet |            56.5 |
|             EpLen |            88.7 |
|      AverageVVals |              59 |
|          StdVVals |            12.8 |
|          MaxVVals |            66.7 |
|          MinVVals |          0.0832 |
| TotalEnvInteracts |         3.6e+04 |
|            LossPi |        1.54e-08 |
|             LossV |             927 |
|       DeltaLossPi |         -0.0173 |
|        DeltaLossV |            -235 |
|                KL |         0.00787 |
|    BacktrackIters |               0 |
|              Time |             585 |
---------------------------------------
Warning: trajectory cut off by epoch at 22 steps.
Warning: trajectory cut off by epoch at 20 steps.
Warning: trajectory cut off by epoch at 87 steps.
Warning: trajectory cut off by epoch at 122 steps.
[32;1mAccepting new params at step 0 of line search.[0m
---------------------------------------
|             Epoch |               9 |
|      AverageEpRet |             179 |
|          StdEpRet |            38.5 |
|          MaxEpRet |             231 |
|          MinEpRet |            73.8 |
|             EpLen |            93.7 |
|      AverageVVals |            60.3 |
|          StdVVals |            18.8 |
|          MaxVVals |            73.9 |
|          MinVVals |            4.19 |
| TotalEnvInteracts |           4e+04 |
|            LossPi |       -2.61e-08 |
|             LossV |             871 |
|       DeltaLossPi |         -0.0204 |
|        DeltaLossV |            -218 |
|                KL |         0.00834 |
|    BacktrackIters |               0 |
|              Time |             656 |
---------------------------------------
Warning: trajectory cut off by epoch at 12 steps.
Warning: trajectory cut off by epoch at 103 steps.
Warning: trajectory cut off by epoch at 101 steps.
Warning: trajectory cut off by epoch at 71 steps.
[32;1mAccepting new params at step 0 of line search.[0m
---------------------------------------
|             Epoch |              10 |
|      AverageEpRet |             191 |
|          StdEpRet |            29.6 |
|          MaxEpRet |             246 |
|          MinEpRet |             123 |
|             EpLen |            97.7 |
|      AverageVVals |            64.6 |
|          StdVVals |            20.9 |
|          MaxVVals |            80.5 |
|          MinVVals |           -12.3 |
| TotalEnvInteracts |         4.4e+04 |
|            LossPi |        3.17e-08 |
|             LossV |             748 |
|       DeltaLossPi |         -0.0217 |
|        DeltaLossV |            -200 |
|                KL |         0.00777 |
|    BacktrackIters |               0 |
|              Time |             732 |
---------------------------------------
Warning: trajectory cut off by epoch at 74 steps.
Warning: trajectory cut off by epoch at 23 steps.
Warning: trajectory cut off by epoch at 76 steps.
Warning: trajectory cut off by epoch at 47 steps.
[32;1mAccepting new params at step 0 of line search.[0m
---------------------------------------
|             Epoch |              11 |
|      AverageEpRet |             194 |
|          StdEpRet |            31.7 |
|          MaxEpRet |             236 |
|          MinEpRet |            70.8 |
|             EpLen |             102 |
|      AverageVVals |            70.5 |
|          StdVVals |            23.1 |
|          MaxVVals |            86.8 |
|          MinVVals |          0.0492 |
| TotalEnvInteracts |         4.8e+04 |
|            LossPi |       -3.54e-08 |
|             LossV |             513 |
|       DeltaLossPi |         -0.0181 |
|        DeltaLossV |            -127 |
|                KL |         0.00809 |
|    BacktrackIters |               0 |
|              Time |             802 |
---------------------------------------
Warning: trajectory cut off by epoch at 32 steps.
Warning: trajectory cut off by epoch at 61 steps.
Warning: trajectory cut off by epoch at 6 steps.
Warning: trajectory cut off by epoch at 112 steps.
[32;1mAccepting new params at step 0 of line search.[0m
---------------------------------------
|             Epoch |              12 |
|      AverageEpRet |             196 |
|          StdEpRet |            31.4 |
|          MaxEpRet |             243 |
|          MinEpRet |             125 |
|             EpLen |            99.7 |
|      AverageVVals |            73.5 |
|          StdVVals |            24.6 |
|          MaxVVals |              92 |
|          MinVVals |            1.35 |
| TotalEnvInteracts |         5.2e+04 |
|            LossPi |        6.43e-08 |
|             LossV |             466 |
|       DeltaLossPi |         -0.0192 |
|        DeltaLossV |            -101 |
|                KL |         0.00807 |
|    BacktrackIters |               0 |
|              Time |             871 |
---------------------------------------
Warning: trajectory cut off by epoch at 49 steps.
Warning: trajectory cut off by epoch at 58 steps.
Warning: trajectory cut off by epoch at 97 steps.
Warning: trajectory cut off by epoch at 87 steps.
[32;1mAccepting new params at step 0 of line search.[0m
---------------------------------------
|             Epoch |              13 |
|      AverageEpRet |             196 |
|          StdEpRet |            30.4 |
|          MaxEpRet |             233 |
|          MinEpRet |             116 |
|             EpLen |             100 |
|      AverageVVals |            75.2 |
|          StdVVals |            27.4 |
|          MaxVVals |            96.4 |
|          MinVVals |           0.473 |
| TotalEnvInteracts |         5.6e+04 |
|            LossPi |       -1.86e-08 |
|             LossV |             392 |
|       DeltaLossPi |         -0.0191 |
|        DeltaLossV |           -66.9 |
|                KL |         0.00774 |
|    BacktrackIters |               0 |
|              Time |             941 |
---------------------------------------
Warning: trajectory cut off by epoch at 35 steps.
Warning: trajectory cut off by epoch at 40 steps.
Warning: trajectory cut off by epoch at 63 steps.
Warning: trajectory cut off by epoch at 63 steps.
[32;1mAccepting new params at step 0 of line search.[0m
---------------------------------------
|             Epoch |              14 |
|      AverageEpRet |             212 |
|          StdEpRet |            26.6 |
|          MaxEpRet |             239 |
|          MinEpRet |             110 |
|             EpLen |             106 |
|      AverageVVals |            76.5 |
|          StdVVals |            28.5 |
|          MaxVVals |            99.9 |
|          MinVVals |           -3.29 |
| TotalEnvInteracts |           6e+04 |
|            LossPi |        3.35e-08 |
|             LossV |             353 |
|       DeltaLossPi |         -0.0172 |
|        DeltaLossV |           -91.4 |
|                KL |         0.00824 |
|    BacktrackIters |               0 |
|              Time |        1.01e+03 |
---------------------------------------
Warning: trajectory cut off by epoch at 28 steps.
Warning: trajectory cut off by epoch at 55 steps.
Warning: trajectory cut off by epoch at 34 steps.
Warning: trajectory cut off by epoch at 34 steps.
[32;1mAccepting new params at step 0 of line search.[0m
---------------------------------------
|             Epoch |              15 |
|      AverageEpRet |             215 |
|          StdEpRet |            20.7 |
|          MaxEpRet |             245 |
|          MinEpRet |             147 |
|             EpLen |             107 |
|      AverageVVals |            81.2 |
|          StdVVals |            29.4 |
|          MaxVVals |             104 |
|          MinVVals |           -4.26 |
| TotalEnvInteracts |         6.4e+04 |
|            LossPi |       -2.98e-08 |
|             LossV |             280 |
|       DeltaLossPi |         -0.0215 |
|        DeltaLossV |           -87.4 |
|                KL |         0.00876 |
|    BacktrackIters |               0 |
|              Time |        1.08e+03 |
---------------------------------------
Warning: trajectory cut off by epoch at 70 steps.
Warning: trajectory cut off by epoch at 5 steps.
Warning: trajectory cut off by epoch at 25 steps.
Warning: trajectory cut off by epoch at 70 steps.
[32;1mAccepting new params at step 0 of line search.[0m
---------------------------------------
|             Epoch |              16 |
|      AverageEpRet |             220 |
|          StdEpRet |            28.5 |
|          MaxEpRet |             254 |
|          MinEpRet |             123 |
|             EpLen |             106 |
|      AverageVVals |            83.6 |
|          StdVVals |            30.7 |
|          MaxVVals |             108 |
|          MinVVals |           -10.2 |
| TotalEnvInteracts |         6.8e+04 |
|            LossPi |        4.47e-08 |
|             LossV |             343 |
|       DeltaLossPi |         -0.0217 |
|        DeltaLossV |           -91.9 |
|                KL |         0.00829 |
|    BacktrackIters |               0 |
|              Time |        1.15e+03 |
---------------------------------------
Warning: trajectory cut off by epoch at 22 steps.
Warning: trajectory cut off by epoch at 6 steps.
Warning: trajectory cut off by epoch at 9 steps.
Warning: trajectory cut off by epoch at 96 steps.
[32;1mAccepting new params at step 0 of line search.[0m
---------------------------------------
|             Epoch |              17 |
|      AverageEpRet |             230 |
|          StdEpRet |            20.7 |
|          MaxEpRet |             271 |
|          MinEpRet |             158 |
|             EpLen |             110 |
|      AverageVVals |            83.7 |
|          StdVVals |              33 |
|          MaxVVals |             111 |
|          MinVVals |           -1.95 |
| TotalEnvInteracts |         7.2e+04 |
|            LossPi |        1.68e-08 |
|             LossV |             239 |
|       DeltaLossPi |         -0.0192 |
|        DeltaLossV |             -75 |
|                KL |         0.00886 |
|    BacktrackIters |               0 |
|              Time |        1.23e+03 |
---------------------------------------
Warning: trajectory cut off by epoch at 77 steps.
Warning: trajectory cut off by epoch at 99 steps.
Warning: trajectory cut off by epoch at 119 steps.
Warning: trajectory cut off by epoch at 91 steps.
[32;1mAccepting new params at step 0 of line search.[0m
---------------------------------------
|             Epoch |              18 |
|      AverageEpRet |             241 |
|          StdEpRet |            20.7 |
|          MaxEpRet |             275 |
|          MinEpRet |             180 |
|             EpLen |             113 |
|      AverageVVals |            89.1 |
|          StdVVals |            32.4 |
|          MaxVVals |             115 |
|          MinVVals |           -1.72 |
| TotalEnvInteracts |         7.6e+04 |
|            LossPi |        -4.1e-08 |
|             LossV |             246 |
|       DeltaLossPi |         -0.0215 |
|        DeltaLossV |           -73.7 |
|                KL |         0.00876 |
|    BacktrackIters |               0 |
|              Time |        1.31e+03 |
---------------------------------------
Warning: trajectory cut off by epoch at 70 steps.
Warning: trajectory cut off by epoch at 67 steps.
Warning: trajectory cut off by epoch at 64 steps.
Warning: trajectory cut off by epoch at 52 steps.
[32;1mAccepting new params at step 0 of line search.[0m
---------------------------------------
|             Epoch |              19 |
|      AverageEpRet |             254 |
|          StdEpRet |              21 |
|          MaxEpRet |             300 |
|          MinEpRet |             181 |
|             EpLen |             117 |
|      AverageVVals |            92.2 |
|          StdVVals |            34.9 |
|          MaxVVals |             119 |
|          MinVVals |           -8.41 |
| TotalEnvInteracts |           8e+04 |
|            LossPi |        9.31e-09 |
|             LossV |             281 |
|       DeltaLossPi |         -0.0222 |
|        DeltaLossV |           -93.4 |
|                KL |         0.00871 |
|    BacktrackIters |               0 |
|              Time |         1.4e+03 |
---------------------------------------
Warning: trajectory cut off by epoch at 26 steps.
Warning: trajectory cut off by epoch at 113 steps.
Warning: trajectory cut off by epoch at 87 steps.
Warning: trajectory cut off by epoch at 68 steps.
[32;1mAccepting new params at step 0 of line search.[0m
---------------------------------------
|             Epoch |              20 |
|      AverageEpRet |             242 |
|          StdEpRet |            45.7 |
|          MaxEpRet |             286 |
|          MinEpRet |             123 |
|             EpLen |             112 |
|      AverageVVals |            98.1 |
|          StdVVals |            34.9 |
|          MaxVVals |             124 |
|          MinVVals |           -4.14 |
| TotalEnvInteracts |         8.4e+04 |
|            LossPi |        1.12e-08 |
|             LossV |             525 |
|       DeltaLossPi |         -0.0194 |
|        DeltaLossV |             -93 |
|                KL |         0.00802 |
|    BacktrackIters |               0 |
|              Time |        1.48e+03 |
---------------------------------------
Warning: trajectory cut off by epoch at 62 steps.
Warning: trajectory cut off by epoch at 36 steps.
Warning: trajectory cut off by epoch at 24 steps.
Warning: trajectory cut off by epoch at 95 steps.
[32;1mAccepting new params at step 0 of line search.[0m
---------------------------------------
|             Epoch |              21 |
|      AverageEpRet |             258 |
|          StdEpRet |            36.6 |
|          MaxEpRet |             292 |
|          MinEpRet |             123 |
|             EpLen |             118 |
|      AverageVVals |              94 |
|          StdVVals |            36.2 |
|          MaxVVals |             126 |
|          MinVVals |           -6.41 |
| TotalEnvInteracts |         8.8e+04 |
|            LossPi |        1.49e-08 |
|             LossV |             382 |
|       DeltaLossPi |         -0.0244 |
|        DeltaLossV |            -105 |
|                KL |         0.00851 |
|    BacktrackIters |               0 |
|              Time |        1.55e+03 |
---------------------------------------
Warning: trajectory cut off by epoch at 56 steps.
Warning: trajectory cut off by epoch at 21 steps.
Warning: trajectory cut off by epoch at 23 steps.
Warning: trajectory cut off by epoch at 24 steps.
[32;1mAccepting new params at step 0 of line search.[0m
---------------------------------------
|             Epoch |              22 |
|      AverageEpRet |             269 |
|          StdEpRet |            21.6 |
|          MaxEpRet |             298 |
|          MinEpRet |             180 |
|             EpLen |             121 |
|      AverageVVals |            99.9 |
|          StdVVals |            37.3 |
|          MaxVVals |             129 |
|          MinVVals |          -0.451 |
| TotalEnvInteracts |         9.2e+04 |
|            LossPi |        1.49e-08 |
|             LossV |             227 |
|       DeltaLossPi |          -0.019 |
|        DeltaLossV |           -59.1 |
|                KL |          0.0092 |
|    BacktrackIters |               0 |
|              Time |        1.62e+03 |
---------------------------------------
Warning: trajectory cut off by epoch at 11 steps.
Warning: trajectory cut off by epoch at 88 steps.
Warning: trajectory cut off by epoch at 80 steps.
Warning: trajectory cut off by epoch at 104 steps.
[32;1mAccepting new params at step 0 of line search.[0m
---------------------------------------
|             Epoch |              23 |
|      AverageEpRet |             280 |
|          StdEpRet |            33.9 |
|          MaxEpRet |             312 |
|          MinEpRet |             154 |
|             EpLen |             124 |
|      AverageVVals |             102 |
|          StdVVals |            38.6 |
|          MaxVVals |             132 |
|          MinVVals |           -5.71 |
| TotalEnvInteracts |         9.6e+04 |
|            LossPi |       -1.12e-08 |
|             LossV |             349 |
|       DeltaLossPi |           -0.02 |
|        DeltaLossV |            -106 |
|                KL |         0.00883 |
|    BacktrackIters |               0 |
|              Time |        1.69e+03 |
---------------------------------------
Warning: trajectory cut off by epoch at 97 steps.
Warning: trajectory cut off by epoch at 15 steps.
Warning: trajectory cut off by epoch at 98 steps.
Warning: trajectory cut off by epoch at 86 steps.
[32;1mAccepting new params at step 0 of line search.[0m
---------------------------------------
|             Epoch |              24 |
|      AverageEpRet |             280 |
|          StdEpRet |            37.8 |
|          MaxEpRet |             331 |
|          MinEpRet |             142 |
|             EpLen |             123 |
|      AverageVVals |             107 |
|          StdVVals |            38.4 |
|          MaxVVals |             136 |
|          MinVVals |           -2.96 |
| TotalEnvInteracts |           1e+05 |
|            LossPi |        3.73e-09 |
|             LossV |             308 |
|       DeltaLossPi |         -0.0216 |
|        DeltaLossV |           -72.3 |
|                KL |         0.00808 |
|    BacktrackIters |               0 |
|              Time |        1.76e+03 |
---------------------------------------
Warning: trajectory cut off by epoch at 112 steps.
Warning: trajectory cut off by epoch at 102 steps.
Warning: trajectory cut off by epoch at 97 steps.
Warning: trajectory cut off by epoch at 110 steps.
[32;1mAccepting new params at step 0 of line search.[0m
---------------------------------------
|             Epoch |              25 |
|      AverageEpRet |             300 |
|          StdEpRet |            16.6 |
|          MaxEpRet |             334 |
|          MinEpRet |             265 |
|             EpLen |             128 |
|      AverageVVals |             107 |
|          StdVVals |              40 |
|          MaxVVals |             139 |
|          MinVVals |            -2.5 |
| TotalEnvInteracts |        1.04e+05 |
|            LossPi |        5.59e-09 |
|             LossV |             191 |
|       DeltaLossPi |         -0.0283 |
|        DeltaLossV |             -86 |
|                KL |         0.00918 |
|    BacktrackIters |               0 |
|              Time |        1.83e+03 |
---------------------------------------
Warning: trajectory cut off by epoch at 78 steps.
Warning: trajectory cut off by epoch at 79 steps.
Warning: trajectory cut off by epoch at 8 steps.
Warning: trajectory cut off by epoch at 73 steps.
[32;1mAccepting new params at step 0 of line search.[0m
---------------------------------------
|             Epoch |              26 |
|      AverageEpRet |             304 |
|          StdEpRet |            27.4 |
|          MaxEpRet |             331 |
|          MinEpRet |             168 |
|             EpLen |             130 |
|      AverageVVals |             114 |
|          StdVVals |            40.7 |
|          MaxVVals |             144 |
|          MinVVals |            2.19 |
| TotalEnvInteracts |        1.08e+05 |
|            LossPi |        1.12e-08 |
|             LossV |             262 |
|       DeltaLossPi |         -0.0182 |
|        DeltaLossV |             -83 |
|                KL |         0.00871 |
|    BacktrackIters |               0 |
|              Time |         1.9e+03 |
---------------------------------------
Warning: trajectory cut off by epoch at 109 steps.
Warning: trajectory cut off by epoch at 72 steps.
Warning: trajectory cut off by epoch at 53 steps.
Warning: trajectory cut off by epoch at 120 steps.
[32;1mAccepting new params at step 0 of line search.[0m
---------------------------------------
|             Epoch |              27 |
|      AverageEpRet |             306 |
|          StdEpRet |            42.7 |
|          MaxEpRet |             339 |
|          MinEpRet |             155 |
|             EpLen |             130 |
|      AverageVVals |             116 |
|          StdVVals |            41.2 |
|          MaxVVals |             147 |
|          MinVVals |           -2.09 |
| TotalEnvInteracts |        1.12e+05 |
|            LossPi |        2.61e-08 |
|             LossV |             364 |
|       DeltaLossPi |         -0.0201 |
|        DeltaLossV |             -90 |
|                KL |          0.0085 |
|    BacktrackIters |               0 |
|              Time |        1.97e+03 |
---------------------------------------
Warning: trajectory cut off by epoch at 138 steps.
Warning: trajectory cut off by epoch at 68 steps.
Warning: trajectory cut off by epoch at 38 steps.
Warning: trajectory cut off by epoch at 61 steps.
[32;1mAccepting new params at step 0 of line search.[0m
---------------------------------------
|             Epoch |              28 |
|      AverageEpRet |             311 |
|          StdEpRet |            34.6 |
|          MaxEpRet |             350 |
|          MinEpRet |             156 |
|             EpLen |             132 |
|      AverageVVals |             117 |
|          StdVVals |            42.4 |
|          MaxVVals |             151 |
|          MinVVals |           -4.03 |
| TotalEnvInteracts |        1.16e+05 |
|            LossPi |       -7.45e-09 |
|             LossV |             269 |
|       DeltaLossPi |         -0.0228 |
|        DeltaLossV |           -85.7 |
|                KL |         0.00909 |
|    BacktrackIters |               0 |
|              Time |        2.04e+03 |
---------------------------------------
Warning: trajectory cut off by epoch at 106 steps.
Warning: trajectory cut off by epoch at 47 steps.
Warning: trajectory cut off by epoch at 82 steps.
Warning: trajectory cut off by epoch at 75 steps.
[32;1mAccepting new params at step 0 of line search.[0m
---------------------------------------
|             Epoch |              29 |
|      AverageEpRet |             315 |
|          StdEpRet |            31.5 |
|          MaxEpRet |             340 |
|          MinEpRet |             164 |
|             EpLen |             132 |
|      AverageVVals |             120 |
|          StdVVals |              43 |
|          MaxVVals |             153 |
|          MinVVals |            1.12 |
| TotalEnvInteracts |         1.2e+05 |
|            LossPi |        2.98e-08 |
|             LossV |             212 |
|       DeltaLossPi |         -0.0221 |
|        DeltaLossV |           -86.6 |
|                KL |         0.00876 |
|    BacktrackIters |               0 |
|              Time |        2.11e+03 |
---------------------------------------
Warning: trajectory cut off by epoch at 64 steps.
Warning: trajectory cut off by epoch at 67 steps.
Warning: trajectory cut off by epoch at 54 steps.
Warning: trajectory cut off by epoch at 79 steps.
[32;1mAccepting new params at step 0 of line search.[0m
---------------------------------------
|             Epoch |              30 |
|      AverageEpRet |             326 |
|          StdEpRet |            20.3 |
|          MaxEpRet |             374 |
|          MinEpRet |             281 |
|             EpLen |             133 |
|      AverageVVals |             123 |
|          StdVVals |            42.1 |
|          MaxVVals |             156 |
|          MinVVals |           -1.53 |
| TotalEnvInteracts |        1.24e+05 |
|            LossPi |        7.45e-09 |
|             LossV |             188 |
|       DeltaLossPi |         -0.0239 |
|        DeltaLossV |           -75.1 |
|                KL |         0.00912 |
|    BacktrackIters |               0 |
|              Time |        2.18e+03 |
---------------------------------------
Warning: trajectory cut off by epoch at 34 steps.
Warning: trajectory cut off by epoch at 35 steps.
Warning: trajectory cut off by epoch at 34 steps.
Warning: trajectory cut off by epoch at 40 steps.
[32;1mAccepting new params at step 0 of line search.[0m
---------------------------------------
|             Epoch |              31 |
|      AverageEpRet |             333 |
|          StdEpRet |            16.7 |
|          MaxEpRet |             368 |
|          MinEpRet |             300 |
|             EpLen |             138 |
|      AverageVVals |             121 |
|          StdVVals |            46.7 |
|          MaxVVals |             159 |
|          MinVVals |           -7.74 |
| TotalEnvInteracts |        1.28e+05 |
|            LossPi |        3.73e-08 |
|             LossV |             109 |
|       DeltaLossPi |         -0.0264 |
|        DeltaLossV |           -46.6 |
|                KL |         0.00894 |
|    BacktrackIters |               0 |
|              Time |        2.25e+03 |
---------------------------------------
Warning: trajectory cut off by epoch at 33 steps.
Warning: trajectory cut off by epoch at 44 steps.
Warning: trajectory cut off by epoch at 84 steps.
Warning: trajectory cut off by epoch at 101 steps.
[32;1mAccepting new params at step 0 of line search.[0m
---------------------------------------
|             Epoch |              32 |
|      AverageEpRet |             326 |
|          StdEpRet |            43.5 |
|          MaxEpRet |             370 |
|          MinEpRet |             180 |
|             EpLen |             134 |
|      AverageVVals |             128 |
|          StdVVals |            45.8 |
|          MaxVVals |             162 |
|          MinVVals |           -1.92 |
| TotalEnvInteracts |        1.32e+05 |
|            LossPi |        1.49e-08 |
|             LossV |             365 |
|       DeltaLossPi |         -0.0315 |
|        DeltaLossV |           -65.2 |
|                KL |          0.0093 |
|    BacktrackIters |               0 |
|              Time |        2.32e+03 |
---------------------------------------
Warning: trajectory cut off by epoch at 38 steps.
Warning: trajectory cut off by epoch at 96 steps.
Warning: trajectory cut off by epoch at 25 steps.
Warning: trajectory cut off by epoch at 39 steps.
[32;1mAccepting new params at step 0 of line search.[0m
---------------------------------------
|             Epoch |              33 |
|      AverageEpRet |             337 |
|          StdEpRet |            34.4 |
|          MaxEpRet |             402 |
|          MinEpRet |             251 |
|             EpLen |             136 |
|      AverageVVals |             127 |
|          StdVVals |            45.2 |
|          MaxVVals |             163 |
|          MinVVals |           -3.28 |
| TotalEnvInteracts |        1.36e+05 |
|            LossPi |       -1.86e-08 |
|             LossV |             275 |
|       DeltaLossPi |         -0.0283 |
|        DeltaLossV |           -72.3 |
|                KL |         0.00914 |
|    BacktrackIters |               0 |
|              Time |        2.38e+03 |
---------------------------------------
Warning: trajectory cut off by epoch at 24 steps.
Warning: trajectory cut off by epoch at 144 steps.
Warning: trajectory cut off by epoch at 42 steps.
Warning: trajectory cut off by epoch at 35 steps.
[32;1mAccepting new params at step 0 of line search.[0m
---------------------------------------
|             Epoch |              34 |
|      AverageEpRet |             344 |
|          StdEpRet |            33.8 |
|          MaxEpRet |             396 |
|          MinEpRet |             226 |
|             EpLen |             139 |
|      AverageVVals |             128 |
|          StdVVals |            47.3 |
|          MaxVVals |             165 |
|          MinVVals |          -0.992 |
| TotalEnvInteracts |         1.4e+05 |
|            LossPi |        7.45e-09 |
|             LossV |             297 |
|       DeltaLossPi |         -0.0293 |
|        DeltaLossV |            -106 |
|                KL |         0.00992 |
|    BacktrackIters |               0 |
|              Time |        2.45e+03 |
---------------------------------------
Warning: trajectory cut off by epoch at 14 steps.
Warning: trajectory cut off by epoch at 104 steps.
Warning: trajectory cut off by epoch at 118 steps.
Warning: trajectory cut off by epoch at 4 steps.
[32;1mAccepting new params at step 0 of line search.[0m
---------------------------------------
|             Epoch |              35 |
|      AverageEpRet |             366 |
|          StdEpRet |            20.8 |
|          MaxEpRet |             417 |
|          MinEpRet |             333 |
|             EpLen |             145 |
|      AverageVVals |             130 |
|          StdVVals |            47.4 |
|          MaxVVals |             167 |
|          MinVVals |           -1.65 |
| TotalEnvInteracts |        1.44e+05 |
|            LossPi |        9.13e-08 |
|             LossV |             137 |
|       DeltaLossPi |         -0.0275 |
|        DeltaLossV |           -69.6 |
|                KL |         0.00797 |
|    BacktrackIters |               0 |
|              Time |        2.52e+03 |
---------------------------------------
Warning: trajectory cut off by epoch at 129 steps.
Warning: trajectory cut off by epoch at 92 steps.
Warning: trajectory cut off by epoch at 59 steps.
Warning: trajectory cut off by epoch at 119 steps.
[32;1mAccepting new params at step 0 of line search.[0m
---------------------------------------
|             Epoch |              36 |
|      AverageEpRet |             349 |
|          StdEpRet |            64.9 |
|          MaxEpRet |             429 |
|          MinEpRet |             153 |
|             EpLen |             138 |
|      AverageVVals |             138 |
|          StdVVals |            46.2 |
|          MaxVVals |             171 |
|          MinVVals |           0.491 |
| TotalEnvInteracts |        1.48e+05 |
|            LossPi |        7.45e-09 |
|             LossV |             633 |
|       DeltaLossPi |         -0.0303 |
|        DeltaLossV |           -91.9 |
|                KL |         0.00854 |
|    BacktrackIters |               0 |
|              Time |        2.59e+03 |
---------------------------------------
Warning: trajectory cut off by epoch at 129 steps.
Warning: trajectory cut off by epoch at 19 steps.
Warning: trajectory cut off by epoch at 20 steps.
Warning: trajectory cut off by epoch at 116 steps.
[32;1mAccepting new params at step 0 of line search.[0m
---------------------------------------
|             Epoch |              37 |
|      AverageEpRet |             362 |
|          StdEpRet |            21.9 |
|          MaxEpRet |             412 |
|          MinEpRet |             298 |
|             EpLen |             143 |
|      AverageVVals |             134 |
|          StdVVals |            49.2 |
|          MaxVVals |             172 |
|          MinVVals |            -1.3 |
| TotalEnvInteracts |        1.52e+05 |
|            LossPi |       -3.73e-09 |
|             LossV |             131 |
|       DeltaLossPi |         -0.0213 |
|        DeltaLossV |           -46.8 |
|                KL |         0.00949 |
|    BacktrackIters |               0 |
|              Time |        2.64e+03 |
---------------------------------------
Warning: trajectory cut off by epoch at 71 steps.
Warning: trajectory cut off by epoch at 120 steps.
Warning: trajectory cut off by epoch at 109 steps.
Warning: trajectory cut off by epoch at 81 steps.
[32;1mAccepting new params at step 0 of line search.[0m
---------------------------------------
|             Epoch |              38 |
|      AverageEpRet |             391 |
|          StdEpRet |            32.3 |
|          MaxEpRet |             467 |
|          MinEpRet |             313 |
|             EpLen |             151 |
|      AverageVVals |             137 |
|          StdVVals |            48.3 |
|          MaxVVals |             174 |
|          MinVVals |            -5.2 |
| TotalEnvInteracts |        1.56e+05 |
|            LossPi |        3.73e-09 |
|             LossV |             254 |
|       DeltaLossPi |         -0.0246 |
|        DeltaLossV |            -106 |
|                KL |         0.00875 |
|    BacktrackIters |               0 |
|              Time |        2.71e+03 |
---------------------------------------
Warning: trajectory cut off by epoch at 15 steps.
Warning: trajectory cut off by epoch at 10 steps.
Warning: trajectory cut off by epoch at 99 steps.
Warning: trajectory cut off by epoch at 59 steps.
[32;1mAccepting new params at step 0 of line search.[0m
---------------------------------------
|             Epoch |              39 |
|      AverageEpRet |             397 |
|          StdEpRet |              59 |
|          MaxEpRet |             468 |
|          MinEpRet |             179 |
|             EpLen |             153 |
|      AverageVVals |             144 |
|          StdVVals |            48.4 |
|          MaxVVals |             179 |
|          MinVVals |            1.87 |
| TotalEnvInteracts |         1.6e+05 |
|            LossPi |       -1.49e-08 |
|             LossV |             532 |
|       DeltaLossPi |         -0.0229 |
|        DeltaLossV |            -201 |
|                KL |         0.00887 |
|    BacktrackIters |               0 |
|              Time |        2.77e+03 |
---------------------------------------
Warning: trajectory cut off by epoch at 103 steps.
Warning: trajectory cut off by epoch at 44 steps.
Warning: trajectory cut off by epoch at 105 steps.
Warning: trajectory cut off by epoch at 18 steps.
[32;1mAccepting new params at step 0 of line search.[0m
---------------------------------------
|             Epoch |              40 |
|      AverageEpRet |             404 |
|          StdEpRet |            45.7 |
|          MaxEpRet |             559 |
|          MinEpRet |             316 |
|             EpLen |             155 |
|      AverageVVals |             145 |
|          StdVVals |            49.7 |
|          MaxVVals |             183 |
|          MinVVals |         -0.0873 |
| TotalEnvInteracts |        1.64e+05 |
|            LossPi |        3.35e-08 |
|             LossV |             335 |
|       DeltaLossPi |         -0.0275 |
|        DeltaLossV |            -148 |
|                KL |          0.0092 |
|    BacktrackIters |               0 |
|              Time |        2.84e+03 |
---------------------------------------
Warning: trajectory cut off by epoch at 68 steps.
Warning: trajectory cut off by epoch at 46 steps.
Warning: trajectory cut off by epoch at 54 steps.
Warning: trajectory cut off by epoch at 138 steps.
[32;1mAccepting new params at step 0 of line search.[0m
---------------------------------------
|             Epoch |              41 |
|      AverageEpRet |             421 |
|          StdEpRet |              78 |
|          MaxEpRet |             572 |
|          MinEpRet |             111 |
|             EpLen |             161 |
|      AverageVVals |             148 |
|          StdVVals |            50.1 |
|          MaxVVals |             186 |
|          MinVVals |           -4.35 |
| TotalEnvInteracts |        1.68e+05 |
|            LossPi |        2.24e-08 |
|             LossV |             409 |
|       DeltaLossPi |         -0.0218 |
|        DeltaLossV |            -133 |
|                KL |         0.00903 |
|    BacktrackIters |               0 |
|              Time |        2.92e+03 |
---------------------------------------
Warning: trajectory cut off by epoch at 141 steps.
Warning: trajectory cut off by epoch at 26 steps.
Warning: trajectory cut off by epoch at 108 steps.
Warning: trajectory cut off by epoch at 60 steps.
[32;1mAccepting new params at step 0 of line search.[0m
---------------------------------------
|             Epoch |              42 |
|      AverageEpRet |             441 |
|          StdEpRet |              87 |
|          MaxEpRet |             704 |
|          MinEpRet |             306 |
|             EpLen |             167 |
|      AverageVVals |             155 |
|          StdVVals |            49.1 |
|          MaxVVals |             189 |
|          MinVVals |           -1.24 |
| TotalEnvInteracts |        1.72e+05 |
|            LossPi |       -1.12e-08 |
|             LossV |             563 |
|       DeltaLossPi |         -0.0352 |
|        DeltaLossV |            -149 |
|                KL |         0.00914 |
|    BacktrackIters |               0 |
|              Time |           3e+03 |
---------------------------------------
Warning: trajectory cut off by epoch at 133 steps.
Warning: trajectory cut off by epoch at 128 steps.
Warning: trajectory cut off by epoch at 90 steps.
Warning: trajectory cut off by epoch at 104 steps.
[32;1mAccepting new params at step 0 of line search.[0m
---------------------------------------
|             Epoch |              43 |
|      AverageEpRet |             493 |
|          StdEpRet |             146 |
|          MaxEpRet |             834 |
|          MinEpRet |             181 |
|             EpLen |             187 |
|      AverageVVals |             162 |
|          StdVVals |            49.1 |
|          MaxVVals |             194 |
|          MinVVals |          -0.941 |
| TotalEnvInteracts |        1.76e+05 |
|            LossPi |        1.49e-08 |
|             LossV |             843 |
|       DeltaLossPi |         -0.0225 |
|        DeltaLossV |            -157 |
|                KL |         0.00945 |
|    BacktrackIters |               0 |
|              Time |        3.08e+03 |
---------------------------------------
Warning: trajectory cut off by epoch at 84 steps.
Warning: trajectory cut off by epoch at 29 steps.
Warning: trajectory cut off by epoch at 113 steps.
Warning: trajectory cut off by epoch at 117 steps.
[32;1mAccepting new params at step 0 of line search.[0m
---------------------------------------
|             Epoch |              44 |
|      AverageEpRet |             564 |
|          StdEpRet |             203 |
|          MaxEpRet |        1.05e+03 |
|          MinEpRet |             284 |
|             EpLen |             203 |
|      AverageVVals |             167 |
|          StdVVals |            51.4 |
|          MaxVVals |             199 |
|          MinVVals |            2.49 |
| TotalEnvInteracts |         1.8e+05 |
|            LossPi |        1.12e-08 |
|             LossV |        1.31e+03 |
|       DeltaLossPi |          -0.028 |
|        DeltaLossV |            -443 |
|                KL |         0.00938 |
|    BacktrackIters |               0 |
|              Time |        3.16e+03 |
---------------------------------------
Warning: trajectory cut off by epoch at 31 steps.
Warning: trajectory cut off by epoch at 213 steps.
Warning: trajectory cut off by epoch at 100 steps.
Warning: trajectory cut off by epoch at 74 steps.
[32;1mAccepting new params at step 0 of line search.[0m
---------------------------------------
|             Epoch |              45 |
|      AverageEpRet |             525 |
|          StdEpRet |             100 |
|          MaxEpRet |             745 |
|          MinEpRet |             415 |
|             EpLen |             189 |
|      AverageVVals |             173 |
|          StdVVals |            55.4 |
|          MaxVVals |             209 |
|          MinVVals |           0.355 |
| TotalEnvInteracts |        1.84e+05 |
|            LossPi |        7.45e-09 |
|             LossV |             454 |
|       DeltaLossPi |         -0.0268 |
|        DeltaLossV |           -95.7 |
|                KL |         0.00925 |
|    BacktrackIters |               0 |
|              Time |        3.23e+03 |
---------------------------------------
Warning: trajectory cut off by epoch at 124 steps.
Warning: trajectory cut off by epoch at 95 steps.
Warning: trajectory cut off by epoch at 77 steps.
Warning: trajectory cut off by epoch at 121 steps.
[32;1mAccepting new params at step 0 of line search.[0m
---------------------------------------
|             Epoch |              46 |
|      AverageEpRet |             642 |
|          StdEpRet |             218 |
|          MaxEpRet |        1.07e+03 |
|          MinEpRet |             423 |
|             EpLen |             224 |
|      AverageVVals |             183 |
|          StdVVals |            53.4 |
|          MaxVVals |             214 |
|          MinVVals |           0.484 |
| TotalEnvInteracts |        1.88e+05 |
|            LossPi |        1.77e-08 |
|             LossV |        1.25e+03 |
|       DeltaLossPi |         -0.0248 |
|        DeltaLossV |            -388 |
|                KL |         0.00918 |
|    BacktrackIters |               0 |
|              Time |         3.3e+03 |
---------------------------------------
Warning: trajectory cut off by epoch at 160 steps.
Warning: trajectory cut off by epoch at 39 steps.
Warning: trajectory cut off by epoch at 158 steps.
[32;1mAccepting new params at step 0 of line search.[0m
---------------------------------------
|             Epoch |              47 |
|      AverageEpRet |             577 |
|          StdEpRet |             160 |
|          MaxEpRet |             893 |
|          MinEpRet |             287 |
|             EpLen |             202 |
|      AverageVVals |             183 |
|          StdVVals |            59.3 |
|          MaxVVals |             224 |
|          MinVVals |             3.1 |
| TotalEnvInteracts |        1.92e+05 |
|            LossPi |        3.73e-09 |
|             LossV |        1.15e+03 |
|       DeltaLossPi |         -0.0206 |
|        DeltaLossV |            -233 |
|                KL |         0.00907 |
|    BacktrackIters |               0 |
|              Time |        3.37e+03 |
---------------------------------------
Warning: trajectory cut off by epoch at 84 steps.
Warning: trajectory cut off by epoch at 219 steps.
Warning: trajectory cut off by epoch at 125 steps.
Warning: trajectory cut off by epoch at 26 steps.
[32;1mAccepting new params at step 0 of line search.[0m
---------------------------------------
|             Epoch |              48 |
|      AverageEpRet |             706 |
|          StdEpRet |             178 |
|          MaxEpRet |             967 |
|          MinEpRet |             438 |
|             EpLen |             236 |
|      AverageVVals |             190 |
|          StdVVals |            56.2 |
|          MaxVVals |             226 |
|          MinVVals |           0.734 |
| TotalEnvInteracts |        1.96e+05 |
|            LossPi |       -3.73e-09 |
|             LossV |             992 |
|       DeltaLossPi |         -0.0213 |
|        DeltaLossV |            -376 |
|                KL |         0.00903 |
|    BacktrackIters |               0 |
|              Time |        3.42e+03 |
---------------------------------------
Warning: trajectory cut off by epoch at 158 steps.
Warning: trajectory cut off by epoch at 237 steps.
Warning: trajectory cut off by epoch at 61 steps.
Warning: trajectory cut off by epoch at 176 steps.
[32;1mAccepting new params at step 0 of line search.[0m
---------------------------------------
|             Epoch |              49 |
|      AverageEpRet |             757 |
|          StdEpRet |             140 |
|          MaxEpRet |        1.01e+03 |
|          MinEpRet |             473 |
|             EpLen |             259 |
|      AverageVVals |             208 |
|          StdVVals |            54.3 |
|          MaxVVals |             236 |
|          MinVVals |             3.2 |
| TotalEnvInteracts |           2e+05 |
|            LossPi |       -1.49e-08 |
|             LossV |           1e+03 |
|       DeltaLossPi |          -0.028 |
|        DeltaLossV |           -82.6 |
|                KL |         0.00914 |
|    BacktrackIters |               0 |
|              Time |        3.49e+03 |
---------------------------------------
