--------------------------------------------------------------------------
[[26741,1],0]: A high-performance Open MPI point-to-point messaging module
was unable to find any relevant network interfaces:

Module: OpenFabrics (openib)
  Host: GCRAZGDL0429

Another transport will be used instead, although this may result in
lower performance.

NOTE: You can disable this warning by setting the MCA parameter
btl_base_warn_component_unused to 0.
--------------------------------------------------------------------------
2022-04-15 04:29:38.441007: I tensorflow/core/platform/cpu_feature_guard.cc:142] Your CPU supports instructions that this TensorFlow binary was not compiled to use: AVX2 FMA
2022-04-15 04:29:38.445840: I tensorflow/core/platform/profile_utils/cpu_utils.cc:94] CPU Frequency: 2593990000 Hz
2022-04-15 04:29:38.446712: I tensorflow/compiler/xla/service/service.cc:168] XLA service 0x558e8bd172a0 initialized for platform Host (this does not guarantee that XLA will be used). Devices:
2022-04-15 04:29:38.446743: I tensorflow/compiler/xla/service/service.cc:176]   StreamExecutor device (0): Host, Default Version
Warning: Log dir exp/wtrpo_HalfCheetah-v3/wtrpo_HalfCheetah-v3_s1 already exists! Storing info there anyway.
[32;1mLogging data to exp/wtrpo_HalfCheetah-v3/wtrpo_HalfCheetah-v3_s1/progress.txt[0m
[36;1mSaving config:
[0m
{
    "ac_kwargs":	{
        "hidden_sizes":	[
            64,
            64
        ]
    },
    "actor_critic":	"mlp_actor_critic",
    "algo":	"trpo",
    "backtrack_coeff":	0.8,
    "backtrack_iters":	10,
    "cg_iters":	10,
    "damping_coeff":	0.1,
    "delta":	0.01,
    "env_fn":	"<function <lambda> at 0x7f4ed671e290>",
    "epochs":	50,
    "exp_name":	"wtrpo_HalfCheetah-v3",
    "gamma":	0.99,
    "lam":	0.97,
    "logger":	{
        "<spinup.utils.logx.EpochLogger object at 0x7f4ed673aa50>":	{
            "epoch_dict":	{},
            "exp_name":	"wtrpo_HalfCheetah-v3",
            "first_row":	true,
            "log_current_row":	{},
            "log_headers":	[],
            "output_dir":	"exp/wtrpo_HalfCheetah-v3/wtrpo_HalfCheetah-v3_s1",
            "output_file":	{
                "<_io.TextIOWrapper name='exp/wtrpo_HalfCheetah-v3/wtrpo_HalfCheetah-v3_s1/progress.txt' mode='w' encoding='UTF-8'>":	{
                    "mode":	"w"
                }
            }
        }
    },
    "logger_kwargs":	{
        "exp_name":	"wtrpo_HalfCheetah-v3",
        "output_dir":	"exp/wtrpo_HalfCheetah-v3/wtrpo_HalfCheetah-v3_s1"
    },
    "max_ep_len":	1000,
    "save_freq":	10,
    "seed":	1,
    "steps_per_epoch":	4000,
    "train_v_iters":	80,
    "vf_lr":	0.001
}
[32;1m
Number of parameters: 	 pi: 5708, 	 v: 5377
[0m
[32;1mLine search failed! Keeping old params.[0m
---------------------------------------
|             Epoch |               0 |
|      AverageEpRet |            -624 |
|          StdEpRet |            71.6 |
|          MaxEpRet |            -521 |
|          MinEpRet |            -710 |
|             EpLen |           1e+03 |
|      AverageVVals |          0.0168 |
|          StdVVals |           0.805 |
|          MaxVVals |            1.98 |
|          MinVVals |           -1.94 |
| TotalEnvInteracts |           4e+03 |
|            LossPi |       -1.79e-08 |
|             LossV |        3.81e+03 |
|       DeltaLossPi |       -9.54e-10 |
|        DeltaLossV |            -660 |
|                KL |        5.82e+04 |
|    BacktrackIters |               9 |
|              Time |            4.29 |
---------------------------------------
[32;1mLine search failed! Keeping old params.[0m
---------------------------------------
|             Epoch |               1 |
|      AverageEpRet |            -736 |
|          StdEpRet |            43.5 |
|          MaxEpRet |            -701 |
|          MinEpRet |            -809 |
|             EpLen |           1e+03 |
|      AverageVVals |           -6.08 |
|          StdVVals |             7.3 |
|          MaxVVals |            13.7 |
|          MinVVals |           -14.4 |
| TotalEnvInteracts |           8e+03 |
|            LossPi |       -1.76e-07 |
|             LossV |        4.34e+03 |
|       DeltaLossPi |       -2.38e-10 |
|        DeltaLossV |       -1.65e+03 |
|                KL |        5.82e+04 |
|    BacktrackIters |               9 |
|              Time |            8.18 |
---------------------------------------
[32;1mLine search failed! Keeping old params.[0m
---------------------------------------
|             Epoch |               2 |
|      AverageEpRet |            -733 |
|          StdEpRet |            86.7 |
|          MaxEpRet |            -671 |
|          MinEpRet |            -882 |
|             EpLen |           1e+03 |
|      AverageVVals |           -20.1 |
|          StdVVals |            4.12 |
|          MaxVVals |            10.9 |
|          MinVVals |           -23.1 |
| TotalEnvInteracts |         1.2e+04 |
|            LossPi |       -5.96e-08 |
|             LossV |        2.77e+03 |
|       DeltaLossPi |        3.81e-09 |
|        DeltaLossV |            -778 |
|                KL |        5.82e+04 |
|    BacktrackIters |               9 |
|              Time |            12.2 |
---------------------------------------
[32;1mLine search failed! Keeping old params.[0m
---------------------------------------
|             Epoch |               3 |
|      AverageEpRet |            -642 |
|          StdEpRet |            80.9 |
|          MaxEpRet |            -515 |
|          MinEpRet |            -740 |
|             EpLen |           1e+03 |
|      AverageVVals |           -29.9 |
|          StdVVals |           0.662 |
|          MaxVVals |           -14.7 |
|          MinVVals |           -30.2 |
| TotalEnvInteracts |         1.6e+04 |
|            LossPi |       -1.69e-08 |
|             LossV |        1.43e+03 |
|       DeltaLossPi |         3.1e-09 |
|        DeltaLossV |            -259 |
|                KL |        5.82e+04 |
|    BacktrackIters |               9 |
|              Time |              16 |
---------------------------------------
[32;1mLine search failed! Keeping old params.[0m
---------------------------------------
|             Epoch |               4 |
|      AverageEpRet |            -656 |
|          StdEpRet |            62.1 |
|          MaxEpRet |            -558 |
|          MinEpRet |            -730 |
|             EpLen |           1e+03 |
|      AverageVVals |           -34.8 |
|          StdVVals |           0.216 |
|          MaxVVals |             -32 |
|          MinVVals |             -35 |
| TotalEnvInteracts |           2e+04 |
|            LossPi |       -6.71e-08 |
|             LossV |        1.37e+03 |
|       DeltaLossPi |        4.77e-10 |
|        DeltaLossV |            -196 |
|                KL |        5.82e+04 |
|    BacktrackIters |               9 |
|              Time |            19.7 |
---------------------------------------
[32;1mLine search failed! Keeping old params.[0m
---------------------------------------
|             Epoch |               5 |
|      AverageEpRet |            -676 |
|          StdEpRet |            56.7 |
|          MaxEpRet |            -605 |
|          MinEpRet |            -757 |
|             EpLen |           1e+03 |
|      AverageVVals |           -39.1 |
|          StdVVals |            0.16 |
|          MaxVVals |           -33.9 |
|          MinVVals |           -39.2 |
| TotalEnvInteracts |         2.4e+04 |
|            LossPi |        -2.8e-08 |
|             LossV |        1.12e+03 |
|       DeltaLossPi |       -1.91e-09 |
|        DeltaLossV |            -145 |
|                KL |        5.82e+04 |
|    BacktrackIters |               9 |
|              Time |            23.4 |
---------------------------------------
[32;1mLine search failed! Keeping old params.[0m
---------------------------------------
|             Epoch |               6 |
|      AverageEpRet |            -672 |
|          StdEpRet |             106 |
|          MaxEpRet |            -557 |
|          MinEpRet |            -779 |
|             EpLen |           1e+03 |
|      AverageVVals |           -42.9 |
|          StdVVals |            0.21 |
|          MaxVVals |           -35.8 |
|          MinVVals |             -43 |
| TotalEnvInteracts |         2.8e+04 |
|            LossPi |        5.78e-09 |
|             LossV |        1.08e+03 |
|       DeltaLossPi |       -2.38e-09 |
|        DeltaLossV |            -112 |
|                KL |        5.82e+04 |
|    BacktrackIters |               9 |
|              Time |            27.2 |
---------------------------------------
[32;1mLine search failed! Keeping old params.[0m
---------------------------------------
|             Epoch |               7 |
|      AverageEpRet |            -714 |
|          StdEpRet |             127 |
|          MaxEpRet |            -551 |
|          MinEpRet |            -899 |
|             EpLen |           1e+03 |
|      AverageVVals |           -46.1 |
|          StdVVals |            1.01 |
|          MaxVVals |           -13.9 |
|          MinVVals |           -46.3 |
| TotalEnvInteracts |         3.2e+04 |
|            LossPi |       -2.26e-09 |
|             LossV |        1.11e+03 |
|       DeltaLossPi |        1.19e-10 |
|        DeltaLossV |            -133 |
|                KL |        5.82e+04 |
|    BacktrackIters |               9 |
|              Time |            31.1 |
---------------------------------------
[32;1mLine search failed! Keeping old params.[0m
---------------------------------------
|             Epoch |               8 |
|      AverageEpRet |            -582 |
|          StdEpRet |            58.4 |
|          MaxEpRet |            -504 |
|          MinEpRet |            -668 |
|             EpLen |           1e+03 |
|      AverageVVals |           -49.8 |
|          StdVVals |            1.33 |
|          MaxVVals |           -16.9 |
|          MinVVals |             -50 |
| TotalEnvInteracts |         3.6e+04 |
|            LossPi |        4.53e-09 |
|             LossV |             776 |
|       DeltaLossPi |               0 |
|        DeltaLossV |           -33.9 |
|                KL |        5.82e+04 |
|    BacktrackIters |               9 |
|              Time |            34.8 |
---------------------------------------
[32;1mLine search failed! Keeping old params.[0m
---------------------------------------
|             Epoch |               9 |
|      AverageEpRet |            -700 |
|          StdEpRet |             122 |
|          MaxEpRet |            -616 |
|          MinEpRet |            -911 |
|             EpLen |           1e+03 |
|      AverageVVals |           -49.3 |
|          StdVVals |            4.06 |
|          MaxVVals |            23.2 |
|          MinVVals |           -50.9 |
| TotalEnvInteracts |           4e+04 |
|            LossPi |       -2.26e-09 |
|             LossV |             826 |
|       DeltaLossPi |               0 |
|        DeltaLossV |           -82.6 |
|                KL |        5.82e+04 |
|    BacktrackIters |               9 |
|              Time |            38.6 |
---------------------------------------
[32;1mLine search failed! Keeping old params.[0m
---------------------------------------
|             Epoch |              10 |
|      AverageEpRet |            -652 |
|          StdEpRet |            77.9 |
|          MaxEpRet |            -530 |
|          MinEpRet |            -733 |
|             EpLen |           1e+03 |
|      AverageVVals |             -53 |
|          StdVVals |           0.911 |
|          MaxVVals |           -22.1 |
|          MinVVals |           -53.2 |
| TotalEnvInteracts |         4.4e+04 |
|            LossPi |       -2.36e-08 |
|             LossV |             776 |
|       DeltaLossPi |        1.19e-10 |
|        DeltaLossV |           -42.6 |
|                KL |        5.82e+04 |
|    BacktrackIters |               9 |
|              Time |            42.8 |
---------------------------------------
[32;1mLine search failed! Keeping old params.[0m
---------------------------------------
|             Epoch |              11 |
|      AverageEpRet |            -740 |
|          StdEpRet |            55.5 |
|          MaxEpRet |            -649 |
|          MinEpRet |            -790 |
|             EpLen |           1e+03 |
|      AverageVVals |           -53.9 |
|          StdVVals |            2.63 |
|          MaxVVals |          -0.778 |
|          MinVVals |           -54.5 |
| TotalEnvInteracts |         4.8e+04 |
|            LossPi |       -4.77e-09 |
|             LossV |             805 |
|       DeltaLossPi |       -4.77e-10 |
|        DeltaLossV |           -76.4 |
|                KL |        5.82e+04 |
|    BacktrackIters |               9 |
|              Time |            46.7 |
---------------------------------------
[32;1mLine search failed! Keeping old params.[0m
---------------------------------------
|             Epoch |              12 |
|      AverageEpRet |            -672 |
|          StdEpRet |            34.3 |
|          MaxEpRet |            -630 |
|          MinEpRet |            -724 |
|             EpLen |           1e+03 |
|      AverageVVals |             -57 |
|          StdVVals |            1.83 |
|          MaxVVals |            8.41 |
|          MinVVals |           -57.4 |
| TotalEnvInteracts |         5.2e+04 |
|            LossPi |       -5.96e-10 |
|             LossV |             972 |
|       DeltaLossPi |               0 |
|        DeltaLossV |           -56.9 |
|                KL |        5.82e+04 |
|    BacktrackIters |               9 |
|              Time |            51.2 |
---------------------------------------
[32;1mLine search failed! Keeping old params.[0m
---------------------------------------
|             Epoch |              13 |
|      AverageEpRet |            -669 |
|          StdEpRet |             130 |
|          MaxEpRet |            -571 |
|          MinEpRet |            -889 |
|             EpLen |           1e+03 |
|      AverageVVals |           -55.5 |
|          StdVVals |            7.14 |
|          MaxVVals |            15.4 |
|          MinVVals |             -59 |
| TotalEnvInteracts |         5.6e+04 |
|            LossPi |       -2.38e-08 |
|             LossV |             804 |
|       DeltaLossPi |        3.81e-09 |
|        DeltaLossV |           -50.1 |
|                KL |        5.82e+04 |
|    BacktrackIters |               9 |
|              Time |            55.2 |
---------------------------------------
[32;1mLine search failed! Keeping old params.[0m
---------------------------------------
|             Epoch |              14 |
|      AverageEpRet |            -702 |
|          StdEpRet |            69.1 |
|          MaxEpRet |            -633 |
|          MinEpRet |            -817 |
|             EpLen |           1e+03 |
|      AverageVVals |           -57.1 |
|          StdVVals |            5.15 |
|          MaxVVals |             -20 |
|          MinVVals |           -59.9 |
| TotalEnvInteracts |           6e+04 |
|            LossPi |       -4.94e-08 |
|             LossV |             849 |
|       DeltaLossPi |       -1.43e-09 |
|        DeltaLossV |           -90.2 |
|                KL |        5.82e+04 |
|    BacktrackIters |               9 |
|              Time |            58.9 |
---------------------------------------
[32;1mLine search failed! Keeping old params.[0m
---------------------------------------
|             Epoch |              15 |
|      AverageEpRet |            -644 |
|          StdEpRet |            66.2 |
|          MaxEpRet |            -581 |
|          MinEpRet |            -755 |
|             EpLen |           1e+03 |
|      AverageVVals |           -55.3 |
|          StdVVals |            13.2 |
|          MaxVVals |            47.1 |
|          MinVVals |             -62 |
| TotalEnvInteracts |         6.4e+04 |
|            LossPi |        5.96e-09 |
|             LossV |             587 |
|       DeltaLossPi |       -4.77e-10 |
|        DeltaLossV |            -179 |
|                KL |        5.82e+04 |
|    BacktrackIters |               9 |
|              Time |            62.8 |
---------------------------------------
[32;1mLine search failed! Keeping old params.[0m
---------------------------------------
|             Epoch |              16 |
|      AverageEpRet |            -554 |
|          StdEpRet |             100 |
|          MaxEpRet |            -456 |
|          MinEpRet |            -693 |
|             EpLen |           1e+03 |
|      AverageVVals |           -57.8 |
|          StdVVals |             6.8 |
|          MaxVVals |            31.2 |
|          MinVVals |           -62.1 |
| TotalEnvInteracts |         6.8e+04 |
|            LossPi |       -3.64e-08 |
|             LossV |             503 |
|       DeltaLossPi |       -1.67e-09 |
|        DeltaLossV |           -89.7 |
|                KL |        5.82e+04 |
|    BacktrackIters |               9 |
|              Time |            66.6 |
---------------------------------------
[32;1mLine search failed! Keeping old params.[0m
---------------------------------------
|             Epoch |              17 |
|      AverageEpRet |            -751 |
|          StdEpRet |             189 |
|          MaxEpRet |            -587 |
|          MinEpRet |       -1.07e+03 |
|             EpLen |           1e+03 |
|      AverageVVals |             -53 |
|          StdVVals |            6.59 |
|          MaxVVals |            4.82 |
|          MinVVals |           -61.4 |
| TotalEnvInteracts |         7.2e+04 |
|            LossPi |       -6.91e-09 |
|             LossV |        1.06e+03 |
|       DeltaLossPi |        3.22e-09 |
|        DeltaLossV |            -196 |
|                KL |        5.82e+04 |
|    BacktrackIters |               9 |
|              Time |            70.5 |
---------------------------------------
[32;1mLine search failed! Keeping old params.[0m
---------------------------------------
|             Epoch |              18 |
|      AverageEpRet |            -753 |
|          StdEpRet |             121 |
|          MaxEpRet |            -630 |
|          MinEpRet |            -941 |
|             EpLen |           1e+03 |
|      AverageVVals |           -59.3 |
|          StdVVals |            6.48 |
|          MaxVVals |            7.51 |
|          MinVVals |           -64.3 |
| TotalEnvInteracts |         7.6e+04 |
|            LossPi |        3.58e-09 |
|             LossV |             567 |
|       DeltaLossPi |               0 |
|        DeltaLossV |           -61.5 |
|                KL |        5.82e+04 |
|    BacktrackIters |               9 |
|              Time |            74.3 |
---------------------------------------
[32;1mLine search failed! Keeping old params.[0m
---------------------------------------
|             Epoch |              19 |
|      AverageEpRet |            -717 |
|          StdEpRet |            69.9 |
|          MaxEpRet |            -643 |
|          MinEpRet |            -808 |
|             EpLen |           1e+03 |
|      AverageVVals |           -64.9 |
|          StdVVals |            3.18 |
|          MaxVVals |           -21.4 |
|          MinVVals |           -66.4 |
| TotalEnvInteracts |           8e+04 |
|            LossPi |        2.38e-09 |
|             LossV |             829 |
|       DeltaLossPi |        4.77e-10 |
|        DeltaLossV |            -109 |
|                KL |        5.82e+04 |
|    BacktrackIters |               9 |
|              Time |            78.1 |
---------------------------------------
[32;1mLine search failed! Keeping old params.[0m
---------------------------------------
|             Epoch |              20 |
|      AverageEpRet |            -609 |
|          StdEpRet |             128 |
|          MaxEpRet |            -448 |
|          MinEpRet |            -776 |
|             EpLen |           1e+03 |
|      AverageVVals |           -57.3 |
|          StdVVals |            13.4 |
|          MaxVVals |            13.7 |
|          MinVVals |           -67.5 |
| TotalEnvInteracts |         8.4e+04 |
|            LossPi |        1.39e-08 |
|             LossV |        1.03e+03 |
|       DeltaLossPi |       -4.77e-10 |
|        DeltaLossV |            -396 |
|                KL |        5.82e+04 |
|    BacktrackIters |               9 |
|              Time |            82.3 |
---------------------------------------
[32;1mLine search failed! Keeping old params.[0m
---------------------------------------
|             Epoch |              21 |
|      AverageEpRet |            -666 |
|          StdEpRet |             104 |
|          MaxEpRet |            -562 |
|          MinEpRet |            -780 |
|             EpLen |           1e+03 |
|      AverageVVals |           -55.9 |
|          StdVVals |            10.7 |
|          MaxVVals |            22.8 |
|          MinVVals |           -66.9 |
| TotalEnvInteracts |         8.8e+04 |
|            LossPi |        -2.1e-08 |
|             LossV |             687 |
|       DeltaLossPi |       -9.54e-10 |
|        DeltaLossV |           -88.6 |
|                KL |        5.82e+04 |
|    BacktrackIters |               9 |
|              Time |            86.3 |
---------------------------------------
[32;1mLine search failed! Keeping old params.[0m
---------------------------------------
|             Epoch |              22 |
|      AverageEpRet |            -671 |
|          StdEpRet |             117 |
|          MaxEpRet |            -570 |
|          MinEpRet |            -855 |
|             EpLen |           1e+03 |
|      AverageVVals |           -54.7 |
|          StdVVals |            14.9 |
|          MaxVVals |            22.4 |
|          MinVVals |           -67.5 |
| TotalEnvInteracts |         9.2e+04 |
|            LossPi |       -2.77e-08 |
|             LossV |             796 |
|       DeltaLossPi |        3.81e-09 |
|        DeltaLossV |            -117 |
|                KL |        5.82e+04 |
|    BacktrackIters |               9 |
|              Time |            90.1 |
---------------------------------------
[32;1mLine search failed! Keeping old params.[0m
---------------------------------------
|             Epoch |              23 |
|      AverageEpRet |            -615 |
|          StdEpRet |             132 |
|          MaxEpRet |            -435 |
|          MinEpRet |            -756 |
|             EpLen |           1e+03 |
|      AverageVVals |           -58.1 |
|          StdVVals |              10 |
|          MaxVVals |           -3.23 |
|          MinVVals |           -68.1 |
| TotalEnvInteracts |         9.6e+04 |
|            LossPi |        6.68e-09 |
|             LossV |             747 |
|       DeltaLossPi |       -9.54e-10 |
|        DeltaLossV |           -72.9 |
|                KL |        5.82e+04 |
|    BacktrackIters |               9 |
|              Time |              94 |
---------------------------------------
[32;1mLine search failed! Keeping old params.[0m
---------------------------------------
|             Epoch |              24 |
|      AverageEpRet |            -723 |
|          StdEpRet |            87.6 |
|          MaxEpRet |            -573 |
|          MinEpRet |            -795 |
|             EpLen |           1e+03 |
|      AverageVVals |           -55.6 |
|          StdVVals |            11.4 |
|          MaxVVals |              31 |
|          MinVVals |           -68.5 |
| TotalEnvInteracts |           1e+05 |
|            LossPi |        2.67e-08 |
|             LossV |             684 |
|       DeltaLossPi |               0 |
|        DeltaLossV |            -162 |
|                KL |        5.82e+04 |
|    BacktrackIters |               9 |
|              Time |            97.6 |
---------------------------------------
[32;1mLine search failed! Keeping old params.[0m
---------------------------------------
|             Epoch |              25 |
|      AverageEpRet |            -601 |
|          StdEpRet |            47.8 |
|          MaxEpRet |            -560 |
|          MinEpRet |            -683 |
|             EpLen |           1e+03 |
|      AverageVVals |           -60.5 |
|          StdVVals |             8.1 |
|          MaxVVals |           -22.4 |
|          MinVVals |           -70.1 |
| TotalEnvInteracts |        1.04e+05 |
|            LossPi |        -3.7e-09 |
|             LossV |             638 |
|       DeltaLossPi |       -9.54e-10 |
|        DeltaLossV |           -80.1 |
|                KL |        5.82e+04 |
|    BacktrackIters |               9 |
|              Time |             101 |
---------------------------------------
[32;1mLine search failed! Keeping old params.[0m
---------------------------------------
|             Epoch |              26 |
|      AverageEpRet |            -677 |
|          StdEpRet |             149 |
|          MaxEpRet |            -459 |
|          MinEpRet |            -842 |
|             EpLen |           1e+03 |
|      AverageVVals |           -56.9 |
|          StdVVals |            7.82 |
|          MaxVVals |           -8.61 |
|          MinVVals |           -69.5 |
| TotalEnvInteracts |        1.08e+05 |
|            LossPi |        7.39e-09 |
|             LossV |             993 |
|       DeltaLossPi |               0 |
|        DeltaLossV |            -112 |
|                KL |        5.82e+04 |
|    BacktrackIters |               9 |
|              Time |             105 |
---------------------------------------
[32;1mLine search failed! Keeping old params.[0m
---------------------------------------
|             Epoch |              27 |
|      AverageEpRet |            -759 |
|          StdEpRet |            91.3 |
|          MaxEpRet |            -668 |
|          MinEpRet |            -902 |
|             EpLen |           1e+03 |
|      AverageVVals |           -52.4 |
|          StdVVals |            14.2 |
|          MaxVVals |            17.9 |
|          MinVVals |           -70.6 |
| TotalEnvInteracts |        1.12e+05 |
|            LossPi |        3.58e-08 |
|             LossV |             951 |
|       DeltaLossPi |       -1.67e-09 |
|        DeltaLossV |            -272 |
|                KL |        5.82e+04 |
|    BacktrackIters |               9 |
|              Time |             109 |
---------------------------------------
[32;1mLine search failed! Keeping old params.[0m
---------------------------------------
|             Epoch |              28 |
|      AverageEpRet |            -657 |
|          StdEpRet |            78.4 |
|          MaxEpRet |            -584 |
|          MinEpRet |            -789 |
|             EpLen |           1e+03 |
|      AverageVVals |           -62.3 |
|          StdVVals |            8.83 |
|          MaxVVals |           -21.2 |
|          MinVVals |           -73.1 |
| TotalEnvInteracts |        1.16e+05 |
|            LossPi |       -2.72e-08 |
|             LossV |             428 |
|       DeltaLossPi |       -4.77e-10 |
|        DeltaLossV |           -56.6 |
|                KL |        5.82e+04 |
|    BacktrackIters |               9 |
|              Time |             113 |
---------------------------------------
[32;1mLine search failed! Keeping old params.[0m
---------------------------------------
|             Epoch |              29 |
|      AverageEpRet |            -708 |
|          StdEpRet |             134 |
|          MaxEpRet |            -495 |
|          MinEpRet |            -852 |
|             EpLen |           1e+03 |
|      AverageVVals |           -62.6 |
|          StdVVals |            8.39 |
|          MaxVVals |           -6.38 |
|          MinVVals |           -72.7 |
| TotalEnvInteracts |         1.2e+05 |
|            LossPi |        1.03e-08 |
|             LossV |             761 |
|       DeltaLossPi |        2.86e-09 |
|        DeltaLossV |           -89.3 |
|                KL |        5.82e+04 |
|    BacktrackIters |               9 |
|              Time |             116 |
---------------------------------------
[32;1mLine search failed! Keeping old params.[0m
---------------------------------------
|             Epoch |              30 |
|      AverageEpRet |            -668 |
|          StdEpRet |            56.7 |
|          MaxEpRet |            -612 |
|          MinEpRet |            -739 |
|             EpLen |           1e+03 |
|      AverageVVals |           -60.8 |
|          StdVVals |            11.1 |
|          MaxVVals |           -10.7 |
|          MinVVals |           -73.7 |
| TotalEnvInteracts |        1.24e+05 |
|            LossPi |       -5.48e-09 |
|             LossV |             705 |
|       DeltaLossPi |       -2.38e-09 |
|        DeltaLossV |            -116 |
|                KL |        5.82e+04 |
|    BacktrackIters |               9 |
|              Time |             120 |
---------------------------------------
[32;1mLine search failed! Keeping old params.[0m
---------------------------------------
|             Epoch |              31 |
|      AverageEpRet |            -716 |
|          StdEpRet |             105 |
|          MaxEpRet |            -603 |
|          MinEpRet |            -836 |
|             EpLen |           1e+03 |
|      AverageVVals |           -62.7 |
|          StdVVals |            10.3 |
|          MaxVVals |            2.82 |
|          MinVVals |           -74.5 |
| TotalEnvInteracts |        1.28e+05 |
|            LossPi |        1.91e-09 |
|             LossV |             817 |
|       DeltaLossPi |               0 |
|        DeltaLossV |           -93.6 |
|                KL |        5.82e+04 |
|    BacktrackIters |               9 |
|              Time |             124 |
---------------------------------------
[32;1mLine search failed! Keeping old params.[0m
---------------------------------------
|             Epoch |              32 |
|      AverageEpRet |            -807 |
|          StdEpRet |             162 |
|          MaxEpRet |            -572 |
|          MinEpRet |       -1.02e+03 |
|             EpLen |           1e+03 |
|      AverageVVals |           -60.1 |
|          StdVVals |            17.4 |
|          MaxVVals |              34 |
|          MinVVals |             -75 |
| TotalEnvInteracts |        1.32e+05 |
|            LossPi |        1.43e-09 |
|             LossV |             998 |
|       DeltaLossPi |               0 |
|        DeltaLossV |            -295 |
|                KL |        5.82e+04 |
|    BacktrackIters |               9 |
|              Time |             129 |
---------------------------------------
[32;1mLine search failed! Keeping old params.[0m
---------------------------------------
|             Epoch |              33 |
|      AverageEpRet |            -711 |
|          StdEpRet |            89.7 |
|          MaxEpRet |            -623 |
|          MinEpRet |            -861 |
|             EpLen |           1e+03 |
|      AverageVVals |           -62.4 |
|          StdVVals |            16.7 |
|          MaxVVals |            7.67 |
|          MinVVals |           -78.3 |
| TotalEnvInteracts |        1.36e+05 |
|            LossPi |       -2.77e-08 |
|             LossV |             945 |
|       DeltaLossPi |       -4.77e-10 |
|        DeltaLossV |            -217 |
|                KL |        5.82e+04 |
|    BacktrackIters |               9 |
|              Time |             133 |
---------------------------------------
[32;1mLine search failed! Keeping old params.[0m
---------------------------------------
|             Epoch |              34 |
|      AverageEpRet |            -620 |
|          StdEpRet |            95.4 |
|          MaxEpRet |            -464 |
|          MinEpRet |            -723 |
|             EpLen |           1e+03 |
|      AverageVVals |           -62.4 |
|          StdVVals |            11.7 |
|          MaxVVals |            4.87 |
|          MinVVals |             -79 |
| TotalEnvInteracts |         1.4e+05 |
|            LossPi |        2.62e-09 |
|             LossV |             501 |
|       DeltaLossPi |        9.54e-10 |
|        DeltaLossV |            -112 |
|                KL |        5.82e+04 |
|    BacktrackIters |               9 |
|              Time |             137 |
---------------------------------------
[32;1mLine search failed! Keeping old params.[0m
---------------------------------------
|             Epoch |              35 |
|      AverageEpRet |            -752 |
|          StdEpRet |            30.2 |
|          MaxEpRet |            -705 |
|          MinEpRet |            -789 |
|             EpLen |           1e+03 |
|      AverageVVals |           -58.8 |
|          StdVVals |             9.2 |
|          MaxVVals |           -6.26 |
|          MinVVals |             -78 |
| TotalEnvInteracts |        1.44e+05 |
|            LossPi |        1.62e-08 |
|             LossV |             719 |
|       DeltaLossPi |       -9.54e-10 |
|        DeltaLossV |            -129 |
|                KL |        5.82e+04 |
|    BacktrackIters |               9 |
|              Time |             140 |
---------------------------------------
[32;1mLine search failed! Keeping old params.[0m
---------------------------------------
|             Epoch |              36 |
|      AverageEpRet |            -637 |
|          StdEpRet |            78.4 |
|          MaxEpRet |            -513 |
|          MinEpRet |            -722 |
|             EpLen |           1e+03 |
|      AverageVVals |           -59.9 |
|          StdVVals |            9.35 |
|          MaxVVals |           -26.9 |
|          MinVVals |           -78.6 |
| TotalEnvInteracts |        1.48e+05 |
|            LossPi |       -1.43e-08 |
|             LossV |             764 |
|       DeltaLossPi |        1.91e-09 |
|        DeltaLossV |            -137 |
|                KL |        5.82e+04 |
|    BacktrackIters |               9 |
|              Time |             144 |
---------------------------------------
[32;1mLine search failed! Keeping old params.[0m
---------------------------------------
|             Epoch |              37 |
|      AverageEpRet |            -654 |
|          StdEpRet |             103 |
|          MaxEpRet |            -484 |
|          MinEpRet |            -758 |
|             EpLen |           1e+03 |
|      AverageVVals |           -56.4 |
|          StdVVals |            13.4 |
|          MaxVVals |            20.5 |
|          MinVVals |           -78.6 |
| TotalEnvInteracts |        1.52e+05 |
|            LossPi |        1.29e-08 |
|             LossV |             683 |
|       DeltaLossPi |       -1.91e-09 |
|        DeltaLossV |            -105 |
|                KL |        5.82e+04 |
|    BacktrackIters |               9 |
|              Time |             147 |
---------------------------------------
[32;1mLine search failed! Keeping old params.[0m
---------------------------------------
|             Epoch |              38 |
|      AverageEpRet |            -648 |
|          StdEpRet |             118 |
|          MaxEpRet |            -511 |
|          MinEpRet |            -835 |
|             EpLen |           1e+03 |
|      AverageVVals |           -57.2 |
|          StdVVals |            10.6 |
|          MaxVVals |           -3.16 |
|          MinVVals |           -78.8 |
| TotalEnvInteracts |        1.56e+05 |
|            LossPi |        8.11e-09 |
|             LossV |             676 |
|       DeltaLossPi |       -7.15e-10 |
|        DeltaLossV |           -75.5 |
|                KL |        5.82e+04 |
|    BacktrackIters |               9 |
|              Time |             151 |
---------------------------------------
[32;1mLine search failed! Keeping old params.[0m
---------------------------------------
|             Epoch |              39 |
|      AverageEpRet |            -730 |
|          StdEpRet |             107 |
|          MaxEpRet |            -620 |
|          MinEpRet |            -845 |
|             EpLen |           1e+03 |
|      AverageVVals |           -60.6 |
|          StdVVals |            13.6 |
|          MaxVVals |           -4.19 |
|          MinVVals |           -79.4 |
| TotalEnvInteracts |         1.6e+05 |
|            LossPi |        1.96e-08 |
|             LossV |             766 |
|       DeltaLossPi |        4.77e-10 |
|        DeltaLossV |            -141 |
|                KL |        5.82e+04 |
|    BacktrackIters |               9 |
|              Time |             154 |
---------------------------------------
[32;1mLine search failed! Keeping old params.[0m
---------------------------------------
|             Epoch |              40 |
|      AverageEpRet |            -680 |
|          StdEpRet |             187 |
|          MaxEpRet |            -437 |
|          MinEpRet |            -963 |
|             EpLen |           1e+03 |
|      AverageVVals |           -60.1 |
|          StdVVals |            14.4 |
|          MaxVVals |            21.1 |
|          MinVVals |             -80 |
| TotalEnvInteracts |        1.64e+05 |
|            LossPi |         1.1e-08 |
|             LossV |             968 |
|       DeltaLossPi |       -3.34e-09 |
|        DeltaLossV |            -163 |
|                KL |        5.82e+04 |
|    BacktrackIters |               9 |
|              Time |             158 |
---------------------------------------
[32;1mLine search failed! Keeping old params.[0m
---------------------------------------
|             Epoch |              41 |
|      AverageEpRet |            -679 |
|          StdEpRet |            99.8 |
|          MaxEpRet |            -544 |
|          MinEpRet |            -810 |
|             EpLen |           1e+03 |
|      AverageVVals |           -57.4 |
|          StdVVals |            14.1 |
|          MaxVVals |           -2.59 |
|          MinVVals |           -80.7 |
| TotalEnvInteracts |        1.68e+05 |
|            LossPi |        2.65e-08 |
|             LossV |             734 |
|       DeltaLossPi |       -4.77e-10 |
|        DeltaLossV |            -104 |
|                KL |        5.82e+04 |
|    BacktrackIters |               9 |
|              Time |             162 |
---------------------------------------
[32;1mLine search failed! Keeping old params.[0m
---------------------------------------
|             Epoch |              42 |
|      AverageEpRet |            -455 |
|          StdEpRet |             100 |
|          MaxEpRet |            -345 |
|          MinEpRet |            -598 |
|             EpLen |           1e+03 |
|      AverageVVals |             -58 |
|          StdVVals |            11.4 |
|          MaxVVals |           -6.65 |
|          MinVVals |           -82.1 |
| TotalEnvInteracts |        1.72e+05 |
|            LossPi |       -6.91e-09 |
|             LossV |             967 |
|       DeltaLossPi |        1.55e-09 |
|        DeltaLossV |            -462 |
|                KL |        5.82e+04 |
|    BacktrackIters |               9 |
|              Time |             166 |
---------------------------------------
[32;1mLine search failed! Keeping old params.[0m
---------------------------------------
|             Epoch |              43 |
|      AverageEpRet |            -729 |
|          StdEpRet |             110 |
|          MaxEpRet |            -622 |
|          MinEpRet |            -912 |
|             EpLen |           1e+03 |
|      AverageVVals |           -43.6 |
|          StdVVals |            12.1 |
|          MaxVVals |            7.66 |
|          MinVVals |           -77.9 |
| TotalEnvInteracts |        1.76e+05 |
|            LossPi |        2.86e-08 |
|             LossV |        1.75e+03 |
|       DeltaLossPi |       -2.86e-09 |
|        DeltaLossV |            -736 |
|                KL |        5.82e+04 |
|    BacktrackIters |               9 |
|              Time |             171 |
---------------------------------------
[32;1mLine search failed! Keeping old params.[0m
---------------------------------------
|             Epoch |              44 |
|      AverageEpRet |            -658 |
|          StdEpRet |            90.7 |
|          MaxEpRet |            -582 |
|          MinEpRet |            -811 |
|             EpLen |           1e+03 |
|      AverageVVals |           -54.6 |
|          StdVVals |            16.2 |
|          MaxVVals |            23.9 |
|          MinVVals |           -84.2 |
| TotalEnvInteracts |         1.8e+05 |
|            LossPi |        7.99e-09 |
|             LossV |             539 |
|       DeltaLossPi |               0 |
|        DeltaLossV |            -141 |
|                KL |        5.82e+04 |
|    BacktrackIters |               9 |
|              Time |             174 |
---------------------------------------
[32;1mLine search failed! Keeping old params.[0m
---------------------------------------
|             Epoch |              45 |
|      AverageEpRet |            -586 |
|          StdEpRet |              59 |
|          MaxEpRet |            -488 |
|          MinEpRet |            -641 |
|             EpLen |           1e+03 |
|      AverageVVals |           -60.4 |
|          StdVVals |            12.2 |
|          MaxVVals |           -17.1 |
|          MinVVals |           -84.9 |
| TotalEnvInteracts |        1.84e+05 |
|            LossPi |       -3.81e-09 |
|             LossV |             807 |
|       DeltaLossPi |       -9.54e-10 |
|        DeltaLossV |            -237 |
|                KL |        5.82e+04 |
|    BacktrackIters |               9 |
|              Time |             178 |
---------------------------------------
[32;1mLine search failed! Keeping old params.[0m
---------------------------------------
|             Epoch |              46 |
|      AverageEpRet |            -631 |
|          StdEpRet |             177 |
|          MaxEpRet |            -390 |
|          MinEpRet |            -890 |
|             EpLen |           1e+03 |
|      AverageVVals |           -52.2 |
|          StdVVals |            14.9 |
|          MaxVVals |              39 |
|          MinVVals |           -82.9 |
| TotalEnvInteracts |        1.88e+05 |
|            LossPi |        -3.1e-09 |
|             LossV |             770 |
|       DeltaLossPi |        7.15e-10 |
|        DeltaLossV |            -151 |
|                KL |        5.82e+04 |
|    BacktrackIters |               9 |
|              Time |             182 |
---------------------------------------
[32;1mLine search failed! Keeping old params.[0m
---------------------------------------
|             Epoch |              47 |
|      AverageEpRet |            -671 |
|          StdEpRet |             136 |
|          MaxEpRet |            -584 |
|          MinEpRet |            -906 |
|             EpLen |           1e+03 |
|      AverageVVals |           -54.1 |
|          StdVVals |            16.6 |
|          MaxVVals |            37.6 |
|          MinVVals |           -83.4 |
| TotalEnvInteracts |        1.92e+05 |
|            LossPi |       -4.67e-08 |
|             LossV |             817 |
|       DeltaLossPi |       -1.43e-09 |
|        DeltaLossV |            -193 |
|                KL |        5.82e+04 |
|    BacktrackIters |               9 |
|              Time |             186 |
---------------------------------------
[32;1mLine search failed! Keeping old params.[0m
---------------------------------------
|             Epoch |              48 |
|      AverageEpRet |            -692 |
|          StdEpRet |            76.4 |
|          MaxEpRet |            -585 |
|          MinEpRet |            -788 |
|             EpLen |           1e+03 |
|      AverageVVals |           -59.4 |
|          StdVVals |              12 |
|          MaxVVals |            14.4 |
|          MinVVals |           -84.3 |
| TotalEnvInteracts |        1.96e+05 |
|            LossPi |         1.1e-08 |
|             LossV |             498 |
|       DeltaLossPi |       -1.43e-09 |
|        DeltaLossV |           -67.1 |
|                KL |        5.82e+04 |
|    BacktrackIters |               9 |
|              Time |             189 |
---------------------------------------
[32;1mLine search failed! Keeping old params.[0m
---------------------------------------
|             Epoch |              49 |
|      AverageEpRet |            -738 |
|          StdEpRet |            45.2 |
|          MaxEpRet |            -688 |
|          MinEpRet |            -784 |
|             EpLen |           1e+03 |
|      AverageVVals |           -65.1 |
|          StdVVals |            11.8 |
|          MaxVVals |           -13.8 |
|          MinVVals |           -84.7 |
| TotalEnvInteracts |           2e+05 |
|            LossPi |        1.03e-08 |
|             LossV |             628 |
|       DeltaLossPi |       -1.43e-09 |
|        DeltaLossV |             -75 |
|                KL |        5.82e+04 |
|    BacktrackIters |               9 |
|              Time |             193 |
---------------------------------------
