--------------------------------------------------------------------------
[[31995,1],0]: A high-performance Open MPI point-to-point messaging module
was unable to find any relevant network interfaces:

Module: OpenFabrics (openib)
  Host: GCRAZGDL0429

Another transport will be used instead, although this may result in
lower performance.

NOTE: You can disable this warning by setting the MCA parameter
btl_base_warn_component_unused to 0.
--------------------------------------------------------------------------
--------------------------------------------------------------------------
[[32084,1],3]: A high-performance Open MPI point-to-point messaging module
was unable to find any relevant network interfaces:

Module: OpenFabrics (openib)
  Host: GCRAZGDL0429

Another transport will be used instead, although this may result in
lower performance.

NOTE: You can disable this warning by setting the MCA parameter
btl_base_warn_component_unused to 0.
--------------------------------------------------------------------------
Warning: Log dir exp/trpo_Hopper-v3/trpo_Hopper-v3_s2 already exists! Storing info there anyway.
[32;1mLogging data to exp/trpo_Hopper-v3/trpo_Hopper-v3_s2/progress.txt[0m
[36;1mSaving config:
[0m
{
    "ac_kwargs":	{
        "hidden_sizes":	[
            64,
            64
        ]
    },
    "actor_critic":	"mlp_actor_critic",
    "algo":	"trpo",
    "backtrack_coeff":	0.8,
    "backtrack_iters":	10,
    "cg_iters":	10,
    "damping_coeff":	0.1,
    "delta":	0.01,
    "env_fn":	"<function <lambda> at 0x7f915b7f14d0>",
    "epochs":	50,
    "exp_name":	"trpo_Hopper-v3",
    "gamma":	0.99,
    "lam":	0.97,
    "logger":	{
        "<spinup.utils.logx.EpochLogger object at 0x7f915b79b410>":	{
            "epoch_dict":	{},
            "exp_name":	"trpo_Hopper-v3",
            "first_row":	true,
            "log_current_row":	{},
            "log_headers":	[],
            "output_dir":	"exp/trpo_Hopper-v3/trpo_Hopper-v3_s2",
            "output_file":	{
                "<_io.TextIOWrapper name='exp/trpo_Hopper-v3/trpo_Hopper-v3_s2/progress.txt' mode='w' encoding='UTF-8'>":	{
                    "mode":	"w"
                }
            }
        }
    },
    "logger_kwargs":	{
        "exp_name":	"trpo_Hopper-v3",
        "output_dir":	"exp/trpo_Hopper-v3/trpo_Hopper-v3_s2"
    },
    "max_ep_len":	1000,
    "save_freq":	10,
    "seed":	2,
    "steps_per_epoch":	4000,
    "train_v_iters":	80,
    "vf_lr":	0.001
}
[GCRAZGDL0429:30073] 3 more processes have sent help message help-mpi-btl-base.txt / btl:no-nics
[GCRAZGDL0429:30073] Set MCA parameter "orte_base_help_aggregate" to 0 to see all help / error messages
2022-04-14 05:24:24.875579: I tensorflow/core/platform/cpu_feature_guard.cc:142] Your CPU supports instructions that this TensorFlow binary was not compiled to use: AVX2 FMA
2022-04-14 05:24:24.884700: I tensorflow/core/platform/profile_utils/cpu_utils.cc:94] CPU Frequency: 2593990000 Hz
2022-04-14 05:24:24.885154: I tensorflow/compiler/xla/service/service.cc:168] XLA service 0x563487354090 initialized for platform Host (this does not guarantee that XLA will be used). Devices:
2022-04-14 05:24:24.885176: I tensorflow/compiler/xla/service/service.cc:176]   StreamExecutor device (0): Host, Default Version
[32;1m
Number of parameters: 	 pi: 5126, 	 v: 4993
[0m
2022-04-14 05:24:45.596711: I tensorflow/core/platform/cpu_feature_guard.cc:142] Your CPU supports instructions that this TensorFlow binary was not compiled to use: AVX2 FMA
2022-04-14 05:24:45.656146: I tensorflow/core/platform/profile_utils/cpu_utils.cc:94] CPU Frequency: 2593990000 Hz
2022-04-14 05:24:45.657181: I tensorflow/compiler/xla/service/service.cc:168] XLA service 0x557cfdeaddf0 initialized for platform Host (this does not guarantee that XLA will be used). Devices:
2022-04-14 05:24:45.657277: I tensorflow/compiler/xla/service/service.cc:176]   StreamExecutor device (0): Host, Default Version
2022-04-14 05:24:46.757998: I tensorflow/core/platform/cpu_feature_guard.cc:142] Your CPU supports instructions that this TensorFlow binary was not compiled to use: AVX2 FMA
2022-04-14 05:24:46.809734: I tensorflow/core/platform/profile_utils/cpu_utils.cc:94] CPU Frequency: 2593990000 Hz
2022-04-14 05:24:46.811279: I tensorflow/compiler/xla/service/service.cc:168] XLA service 0x5611b503bff0 initialized for platform Host (this does not guarantee that XLA will be used). Devices:
2022-04-14 05:24:46.811361: I tensorflow/compiler/xla/service/service.cc:176]   StreamExecutor device (0): Host, Default Version
Warning: trajectory cut off by epoch at 19 steps.
Warning: trajectory cut off by epoch at 1 steps.
2022-04-14 05:24:57.142476: I tensorflow/core/platform/cpu_feature_guard.cc:142] Your CPU supports instructions that this TensorFlow binary was not compiled to use: AVX2 FMA
2022-04-14 05:24:57.217199: I tensorflow/core/platform/profile_utils/cpu_utils.cc:94] CPU Frequency: 2593990000 Hz
2022-04-14 05:24:57.221738: I tensorflow/compiler/xla/service/service.cc:168] XLA service 0x55804dfa9a90 initialized for platform Host (this does not guarantee that XLA will be used). Devices:
2022-04-14 05:24:57.221839: I tensorflow/compiler/xla/service/service.cc:176]   StreamExecutor device (0): Host, Default Version
Warning: trajectory cut off by epoch at 24 steps.
Warning: trajectory cut off by epoch at 13 steps.
[32;1mAccepting new params at step 0 of line search.[0m
---------------------------------------
|             Epoch |               0 |
|      AverageEpRet |            22.1 |
|          StdEpRet |            21.6 |
|          MaxEpRet |            69.2 |
|          MinEpRet |            3.14 |
|             EpLen |            18.3 |
|      AverageVVals |          -0.218 |
|          StdVVals |            0.71 |
|          MaxVVals |            1.81 |
|          MinVVals |           -1.71 |
| TotalEnvInteracts |           4e+03 |
|            LossPi |        3.17e-08 |
|             LossV |             540 |
|       DeltaLossPi |         -0.0321 |
|        DeltaLossV |            -314 |
|                KL |         0.00943 |
|    BacktrackIters |               0 |
|              Time |            65.6 |
---------------------------------------
Warning: trajectory cut off by epoch at 12 steps.
Warning: trajectory cut off by epoch at 25 steps.
Warning: trajectory cut off by epoch at 21 steps.
[32;1mAccepting new params at step 0 of line search.[0m
---------------------------------------
|             Epoch |               1 |
|      AverageEpRet |            37.6 |
|          StdEpRet |            20.6 |
|          MaxEpRet |            77.3 |
|          MinEpRet |            3.76 |
|             EpLen |            25.9 |
|      AverageVVals |            10.2 |
|          StdVVals |            4.85 |
|          MaxVVals |            14.7 |
|          MinVVals |           -7.82 |
| TotalEnvInteracts |           8e+03 |
|            LossPi |        1.23e-08 |
|             LossV |             304 |
|       DeltaLossPi |         -0.0322 |
|        DeltaLossV |            -142 |
|                KL |         0.00961 |
|    BacktrackIters |               0 |
|              Time |             115 |
---------------------------------------
Warning: trajectory cut off by epoch at 18 steps.
Warning: trajectory cut off by epoch at 6 steps.
Warning: trajectory cut off by epoch at 31 steps.
Warning: trajectory cut off by epoch at 16 steps.
[32;1mAccepting new params at step 0 of line search.[0m
---------------------------------------
|             Epoch |               2 |
|      AverageEpRet |            43.8 |
|          StdEpRet |            16.5 |
|          MaxEpRet |            69.6 |
|          MinEpRet |               5 |
|             EpLen |            28.9 |
|      AverageVVals |            16.3 |
|          StdVVals |            6.83 |
|          MaxVVals |            20.8 |
|          MinVVals |           -12.3 |
| TotalEnvInteracts |         1.2e+04 |
|            LossPi |       -2.79e-08 |
|             LossV |             166 |
|       DeltaLossPi |          -0.027 |
|        DeltaLossV |           -60.6 |
|                KL |         0.00959 |
|    BacktrackIters |               0 |
|              Time |             177 |
---------------------------------------
Warning: trajectory cut off by epoch at 11 steps.
Warning: trajectory cut off by epoch at 4 steps.
Warning: trajectory cut off by epoch at 3 steps.
[32;1mAccepting new params at step 0 of line search.[0m
---------------------------------------
|             Epoch |               3 |
|      AverageEpRet |            43.4 |
|          StdEpRet |            15.3 |
|          MaxEpRet |            69.7 |
|          MinEpRet |            3.68 |
|             EpLen |            28.6 |
|      AverageVVals |            19.2 |
|          StdVVals |            8.59 |
|          MaxVVals |            25.2 |
|          MinVVals |           -19.2 |
| TotalEnvInteracts |         1.6e+04 |
|            LossPi |       -3.68e-08 |
|             LossV |            93.7 |
|       DeltaLossPi |         -0.0312 |
|        DeltaLossV |           -26.4 |
|                KL |         0.00987 |
|    BacktrackIters |               0 |
|              Time |             247 |
---------------------------------------
Warning: trajectory cut off by epoch at 20 steps.
Warning: trajectory cut off by epoch at 10 steps.
Warning: trajectory cut off by epoch at 5 steps.
[32;1mAccepting new params at step 0 of line search.[0m
---------------------------------------
|             Epoch |               4 |
|      AverageEpRet |            50.7 |
|          StdEpRet |            6.98 |
|          MaxEpRet |            80.2 |
|          MinEpRet |            29.8 |
|             EpLen |              32 |
|      AverageVVals |            20.9 |
|          StdVVals |            9.48 |
|          MaxVVals |            28.1 |
|          MinVVals |          -0.991 |
| TotalEnvInteracts |           2e+04 |
|            LossPi |       -5.59e-09 |
|             LossV |            76.5 |
|       DeltaLossPi |         -0.0251 |
|        DeltaLossV |           -25.2 |
|                KL |          0.0092 |
|    BacktrackIters |               0 |
|              Time |             318 |
---------------------------------------
Warning: trajectory cut off by epoch at 11 steps.
Warning: trajectory cut off by epoch at 6 steps.
Warning: trajectory cut off by epoch at 19 steps.
Warning: trajectory cut off by epoch at 27 steps.
[32;1mAccepting new params at step 0 of line search.[0m
---------------------------------------
|             Epoch |               5 |
|      AverageEpRet |            50.8 |
|          StdEpRet |            9.79 |
|          MaxEpRet |            68.8 |
|          MinEpRet |               4 |
|             EpLen |              32 |
|      AverageVVals |            22.4 |
|          StdVVals |            10.7 |
|          MaxVVals |            31.2 |
|          MinVVals |           -8.52 |
| TotalEnvInteracts |         2.4e+04 |
|            LossPi |        4.47e-08 |
|             LossV |            54.7 |
|       DeltaLossPi |         -0.0263 |
|        DeltaLossV |           -13.9 |
|                KL |         0.00965 |
|    BacktrackIters |               0 |
|              Time |             380 |
---------------------------------------
Warning: trajectory cut off by epoch at 5 steps.
Warning: trajectory cut off by epoch at 27 steps.
Warning: trajectory cut off by epoch at 29 steps.
Warning: trajectory cut off by epoch at 5 steps.
[32;1mAccepting new params at step 0 of line search.[0m
---------------------------------------
|             Epoch |               6 |
|      AverageEpRet |            52.4 |
|          StdEpRet |            6.57 |
|          MaxEpRet |            62.9 |
|          MinEpRet |            5.89 |
|             EpLen |            32.8 |
|      AverageVVals |            23.6 |
|          StdVVals |            11.6 |
|          MaxVVals |            33.6 |
|          MinVVals |          -0.975 |
| TotalEnvInteracts |         2.8e+04 |
|            LossPi |       -7.45e-09 |
|             LossV |            38.2 |
|       DeltaLossPi |         -0.0222 |
|        DeltaLossV |           -9.04 |
|                KL |         0.00983 |
|    BacktrackIters |               0 |
|              Time |             450 |
---------------------------------------
Warning: trajectory cut off by epoch at 23 steps.
Warning: trajectory cut off by epoch at 29 steps.
Warning: trajectory cut off by epoch at 28 steps.
Warning: trajectory cut off by epoch at 8 steps.
[32;1mAccepting new params at step 0 of line search.[0m
---------------------------------------
|             Epoch |               7 |
|      AverageEpRet |            55.5 |
|          StdEpRet |            5.88 |
|          MaxEpRet |            73.8 |
|          MinEpRet |            43.3 |
|             EpLen |              34 |
|      AverageVVals |            24.7 |
|          StdVVals |              12 |
|          MaxVVals |            35.5 |
|          MinVVals |            -1.2 |
| TotalEnvInteracts |         3.2e+04 |
|            LossPi |        1.68e-08 |
|             LossV |            47.2 |
|       DeltaLossPi |         -0.0212 |
|        DeltaLossV |           -12.2 |
|                KL |         0.00984 |
|    BacktrackIters |               0 |
|              Time |             519 |
---------------------------------------
Warning: trajectory cut off by epoch at 7 steps.
Warning: trajectory cut off by epoch at 10 steps.
Warning: trajectory cut off by epoch at 14 steps.
[32;1mAccepting new params at step 0 of line search.[0m
---------------------------------------
|             Epoch |               8 |
|      AverageEpRet |            56.3 |
|          StdEpRet |            7.58 |
|          MaxEpRet |            94.7 |
|          MinEpRet |            39.8 |
|             EpLen |            34.5 |
|      AverageVVals |            25.6 |
|          StdVVals |            12.6 |
|          MaxVVals |            37.7 |
|          MinVVals |           0.418 |
| TotalEnvInteracts |         3.6e+04 |
|            LossPi |        3.73e-09 |
|             LossV |            46.7 |
|       DeltaLossPi |         -0.0254 |
|        DeltaLossV |           -8.51 |
|                KL |          0.0095 |
|    BacktrackIters |               0 |
|              Time |             590 |
---------------------------------------
Warning: trajectory cut off by epoch at 8 steps.
Warning: trajectory cut off by epoch at 8 steps.
Warning: trajectory cut off by epoch at 27 steps.
Warning: trajectory cut off by epoch at 32 steps.
[32;1mAccepting new params at step 0 of line search.[0m
---------------------------------------
|             Epoch |               9 |
|      AverageEpRet |            58.2 |
|          StdEpRet |            9.63 |
|          MaxEpRet |             105 |
|          MinEpRet |            41.2 |
|             EpLen |            35.4 |
|      AverageVVals |            26.4 |
|          StdVVals |              13 |
|          MaxVVals |            39.7 |
|          MinVVals |          -0.768 |
| TotalEnvInteracts |           4e+04 |
|            LossPi |       -3.35e-08 |
|             LossV |              60 |
|       DeltaLossPi |         -0.0304 |
|        DeltaLossV |           -9.02 |
|                KL |         0.00904 |
|    BacktrackIters |               0 |
|              Time |             661 |
---------------------------------------
Warning: trajectory cut off by epoch at 18 steps.
Warning: trajectory cut off by epoch at 25 steps.
Warning: trajectory cut off by epoch at 12 steps.
[32;1mAccepting new params at step 0 of line search.[0m
---------------------------------------
|             Epoch |              10 |
|      AverageEpRet |            61.3 |
|          StdEpRet |            9.76 |
|          MaxEpRet |             111 |
|          MinEpRet |            43.7 |
|             EpLen |            36.9 |
|      AverageVVals |            27.4 |
|          StdVVals |            13.6 |
|          MaxVVals |            41.7 |
|          MinVVals |          -0.705 |
| TotalEnvInteracts |         4.4e+04 |
|            LossPi |       -3.35e-08 |
|             LossV |            60.8 |
|       DeltaLossPi |         -0.0238 |
|        DeltaLossV |           -9.59 |
|                KL |         0.00926 |
|    BacktrackIters |               0 |
|              Time |             736 |
---------------------------------------
Warning: trajectory cut off by epoch at 12 steps.
Warning: trajectory cut off by epoch at 12 steps.
Warning: trajectory cut off by epoch at 2 steps.
Warning: trajectory cut off by epoch at 20 steps.
[32;1mAccepting new params at step 0 of line search.[0m
---------------------------------------
|             Epoch |              11 |
|      AverageEpRet |            65.1 |
|          StdEpRet |            15.3 |
|          MaxEpRet |             111 |
|          MinEpRet |            40.3 |
|             EpLen |            38.8 |
|      AverageVVals |            29.1 |
|          StdVVals |            13.9 |
|          MaxVVals |            43.8 |
|          MinVVals |          -0.661 |
| TotalEnvInteracts |         4.8e+04 |
|            LossPi |        3.73e-09 |
|             LossV |             120 |
|       DeltaLossPi |         -0.0231 |
|        DeltaLossV |           -14.6 |
|                KL |         0.00986 |
|    BacktrackIters |               0 |
|              Time |             804 |
---------------------------------------
Warning: trajectory cut off by epoch at 5 steps.
Warning: trajectory cut off by epoch at 34 steps.
Warning: trajectory cut off by epoch at 29 steps.
Warning: trajectory cut off by epoch at 36 steps.
[32;1mAccepting new params at step 0 of line search.[0m
---------------------------------------
|             Epoch |              12 |
|      AverageEpRet |            72.2 |
|          StdEpRet |            19.8 |
|          MaxEpRet |             119 |
|          MinEpRet |            44.3 |
|             EpLen |            42.3 |
|      AverageVVals |            31.4 |
|          StdVVals |              14 |
|          MaxVVals |            46.3 |
|          MinVVals |           -3.13 |
| TotalEnvInteracts |         5.2e+04 |
|            LossPi |       -3.54e-08 |
|             LossV |             194 |
|       DeltaLossPi |         -0.0274 |
|        DeltaLossV |           -31.7 |
|                KL |         0.00989 |
|    BacktrackIters |               0 |
|              Time |             874 |
---------------------------------------
Warning: trajectory cut off by epoch at 44 steps.
Warning: trajectory cut off by epoch at 1 steps.
Warning: trajectory cut off by epoch at 39 steps.
Warning: trajectory cut off by epoch at 22 steps.
[32;1mAccepting new params at step 0 of line search.[0m
---------------------------------------
|             Epoch |              13 |
|      AverageEpRet |            85.1 |
|          StdEpRet |            19.6 |
|          MaxEpRet |             119 |
|          MinEpRet |            46.9 |
|             EpLen |            49.3 |
|      AverageVVals |            33.7 |
|          StdVVals |            14.6 |
|          MaxVVals |            49.8 |
|          MinVVals |           -1.05 |
| TotalEnvInteracts |         5.6e+04 |
|            LossPi |       -1.86e-08 |
|             LossV |             205 |
|       DeltaLossPi |         -0.0243 |
|        DeltaLossV |           -62.6 |
|                KL |         0.00976 |
|    BacktrackIters |               0 |
|              Time |             932 |
---------------------------------------
Warning: trajectory cut off by epoch at 44 steps.
Warning: trajectory cut off by epoch at 37 steps.
Warning: trajectory cut off by epoch at 14 steps.
Warning: trajectory cut off by epoch at 3 steps.
[32;1mAccepting new params at step 0 of line search.[0m
---------------------------------------
|             Epoch |              14 |
|      AverageEpRet |            94.5 |
|          StdEpRet |            16.3 |
|          MaxEpRet |             122 |
|          MinEpRet |            56.7 |
|             EpLen |            54.2 |
|      AverageVVals |            37.4 |
|          StdVVals |              17 |
|          MaxVVals |            54.8 |
|          MinVVals |          -0.713 |
| TotalEnvInteracts |           6e+04 |
|            LossPi |        7.08e-08 |
|             LossV |             151 |
|       DeltaLossPi |         -0.0276 |
|        DeltaLossV |           -48.2 |
|                KL |         0.00988 |
|    BacktrackIters |               0 |
|              Time |           1e+03 |
---------------------------------------
Warning: trajectory cut off by epoch at 46 steps.
Warning: trajectory cut off by epoch at 37 steps.
Warning: trajectory cut off by epoch at 1 steps.
Warning: trajectory cut off by epoch at 39 steps.
[32;1mAccepting new params at step 0 of line search.[0m
---------------------------------------
|             Epoch |              15 |
|      AverageEpRet |            98.3 |
|          StdEpRet |            15.8 |
|          MaxEpRet |             118 |
|          MinEpRet |            45.3 |
|             EpLen |            56.2 |
|      AverageVVals |              41 |
|          StdVVals |            19.1 |
|          MaxVVals |            59.8 |
|          MinVVals |           -1.83 |
| TotalEnvInteracts |         6.4e+04 |
|            LossPi |        7.45e-09 |
|             LossV |             111 |
|       DeltaLossPi |          -0.021 |
|        DeltaLossV |           -26.2 |
|                KL |         0.00958 |
|    BacktrackIters |               0 |
|              Time |        1.07e+03 |
---------------------------------------
Warning: trajectory cut off by epoch at 26 steps.
Warning: trajectory cut off by epoch at 32 steps.
Warning: trajectory cut off by epoch at 19 steps.
Warning: trajectory cut off by epoch at 38 steps.
[32;1mAccepting new params at step 0 of line search.[0m
---------------------------------------
|             Epoch |              16 |
|      AverageEpRet |             102 |
|          StdEpRet |              14 |
|          MaxEpRet |             122 |
|          MinEpRet |            50.7 |
|             EpLen |              58 |
|      AverageVVals |            42.6 |
|          StdVVals |            20.4 |
|          MaxVVals |              64 |
|          MinVVals |          -0.632 |
| TotalEnvInteracts |         6.8e+04 |
|            LossPi |       -3.73e-09 |
|             LossV |            89.4 |
|       DeltaLossPi |         -0.0184 |
|        DeltaLossV |           -19.5 |
|                KL |         0.00977 |
|    BacktrackIters |               0 |
|              Time |        1.14e+03 |
---------------------------------------
Warning: trajectory cut off by epoch at 26 steps.
Warning: trajectory cut off by epoch at 25 steps.
Warning: trajectory cut off by epoch at 9 steps.
Warning: trajectory cut off by epoch at 20 steps.
[32;1mAccepting new params at step 0 of line search.[0m
---------------------------------------
|             Epoch |              17 |
|      AverageEpRet |             109 |
|          StdEpRet |            9.73 |
|          MaxEpRet |             150 |
|          MinEpRet |            78.2 |
|             EpLen |            61.2 |
|      AverageVVals |            43.6 |
|          StdVVals |              22 |
|          MaxVVals |            67.5 |
|          MinVVals |          -0.933 |
| TotalEnvInteracts |         7.2e+04 |
|            LossPi |       -9.31e-09 |
|             LossV |            69.2 |
|       DeltaLossPi |         -0.0234 |
|        DeltaLossV |           -23.4 |
|                KL |         0.00924 |
|    BacktrackIters |               0 |
|              Time |        1.22e+03 |
---------------------------------------
Warning: trajectory cut off by epoch at 25 steps.
Warning: trajectory cut off by epoch at 37 steps.
Warning: trajectory cut off by epoch at 12 steps.
Warning: trajectory cut off by epoch at 48 steps.
[32;1mAccepting new params at step 0 of line search.[0m
---------------------------------------
|             Epoch |              18 |
|      AverageEpRet |             111 |
|          StdEpRet |            16.5 |
|          MaxEpRet |             150 |
|          MinEpRet |            52.7 |
|             EpLen |            61.6 |
|      AverageVVals |              47 |
|          StdVVals |            22.7 |
|          MaxVVals |              71 |
|          MinVVals |            -1.1 |
| TotalEnvInteracts |         7.6e+04 |
|            LossPi |       -1.49e-08 |
|             LossV |             108 |
|       DeltaLossPi |          -0.023 |
|        DeltaLossV |           -17.3 |
|                KL |         0.00998 |
|    BacktrackIters |               0 |
|              Time |        1.31e+03 |
---------------------------------------
Warning: trajectory cut off by epoch at 27 steps.
Warning: trajectory cut off by epoch at 62 steps.
Warning: trajectory cut off by epoch at 34 steps.
Warning: trajectory cut off by epoch at 56 steps.
[32;1mAccepting new params at step 0 of line search.[0m
---------------------------------------
|             Epoch |              19 |
|      AverageEpRet |             114 |
|          StdEpRet |            7.66 |
|          MaxEpRet |             142 |
|          MinEpRet |             100 |
|             EpLen |            63.7 |
|      AverageVVals |            47.6 |
|          StdVVals |            23.1 |
|          MaxVVals |            73.8 |
|          MinVVals |            -1.6 |
| TotalEnvInteracts |           8e+04 |
|            LossPi |        1.12e-08 |
|             LossV |            43.2 |
|       DeltaLossPi |         -0.0242 |
|        DeltaLossV |           -14.5 |
|                KL |          0.0096 |
|    BacktrackIters |               0 |
|              Time |        1.37e+03 |
---------------------------------------
Warning: trajectory cut off by epoch at 26 steps.
Warning: trajectory cut off by epoch at 53 steps.
Warning: trajectory cut off by epoch at 17 steps.
Warning: trajectory cut off by epoch at 48 steps.
[32;1mAccepting new params at step 0 of line search.[0m
---------------------------------------
|             Epoch |              20 |
|      AverageEpRet |             123 |
|          StdEpRet |            13.9 |
|          MaxEpRet |             175 |
|          MinEpRet |             101 |
|             EpLen |            66.5 |
|      AverageVVals |            48.3 |
|          StdVVals |            24.5 |
|          MaxVVals |            76.2 |
|          MinVVals |           -6.16 |
| TotalEnvInteracts |         8.4e+04 |
|            LossPi |        2.98e-08 |
|             LossV |             124 |
|       DeltaLossPi |         -0.0307 |
|        DeltaLossV |           -37.9 |
|                KL |         0.00956 |
|    BacktrackIters |               0 |
|              Time |        1.46e+03 |
---------------------------------------
Warning: trajectory cut off by epoch at 42 steps.
Warning: trajectory cut off by epoch at 21 steps.
Warning: trajectory cut off by epoch at 48 steps.
Warning: trajectory cut off by epoch at 48 steps.
[32;1mAccepting new params at step 0 of line search.[0m
---------------------------------------
|             Epoch |              21 |
|      AverageEpRet |             144 |
|          StdEpRet |              23 |
|          MaxEpRet |             183 |
|          MinEpRet |             109 |
|             EpLen |            73.9 |
|      AverageVVals |            50.5 |
|          StdVVals |            25.2 |
|          MaxVVals |            79.4 |
|          MinVVals |           -10.8 |
| TotalEnvInteracts |         8.8e+04 |
|            LossPi |               0 |
|             LossV |             368 |
|       DeltaLossPi |         -0.0303 |
|        DeltaLossV |            -166 |
|                KL |         0.00971 |
|    BacktrackIters |               0 |
|              Time |        1.53e+03 |
---------------------------------------
Warning: trajectory cut off by epoch at 24 steps.
Warning: trajectory cut off by epoch at 76 steps.
Warning: trajectory cut off by epoch at 55 steps.
[32;1mAccepting new params at step 0 of line search.[0m
---------------------------------------
|             Epoch |              22 |
|      AverageEpRet |             154 |
|          StdEpRet |              22 |
|          MaxEpRet |             179 |
|          MinEpRet |            69.3 |
|             EpLen |            76.9 |
|      AverageVVals |            59.8 |
|          StdVVals |            24.4 |
|          MaxVVals |            85.4 |
|          MinVVals |            3.93 |
| TotalEnvInteracts |         9.2e+04 |
|            LossPi |       -4.66e-09 |
|             LossV |             252 |
|       DeltaLossPi |         -0.0268 |
|        DeltaLossV |           -73.6 |
|                KL |         0.00962 |
|    BacktrackIters |               0 |
|              Time |         1.6e+03 |
---------------------------------------
Warning: trajectory cut off by epoch at 2 steps.
Warning: trajectory cut off by epoch at 21 steps.
Warning: trajectory cut off by epoch at 52 steps.
Warning: trajectory cut off by epoch at 10 steps.
[32;1mAccepting new params at step 0 of line search.[0m
---------------------------------------
|             Epoch |              23 |
|      AverageEpRet |             169 |
|          StdEpRet |              20 |
|          MaxEpRet |             193 |
|          MinEpRet |            56.7 |
|             EpLen |            81.6 |
|      AverageVVals |            64.4 |
|          StdVVals |            25.8 |
|          MaxVVals |            91.1 |
|          MinVVals |            2.88 |
| TotalEnvInteracts |         9.6e+04 |
|            LossPi |       -2.61e-08 |
|             LossV |             232 |
|       DeltaLossPi |         -0.0213 |
|        DeltaLossV |            -105 |
|                KL |         0.00972 |
|    BacktrackIters |               0 |
|              Time |        1.66e+03 |
---------------------------------------
Warning: trajectory cut off by epoch at 66 steps.
Warning: trajectory cut off by epoch at 13 steps.
Warning: trajectory cut off by epoch at 71 steps.
Warning: trajectory cut off by epoch at 71 steps.
[32;1mAccepting new params at step 0 of line search.[0m
---------------------------------------
|             Epoch |              24 |
|      AverageEpRet |             175 |
|          StdEpRet |            10.3 |
|          MaxEpRet |             197 |
|          MinEpRet |             121 |
|             EpLen |              84 |
|      AverageVVals |            72.1 |
|          StdVVals |            26.6 |
|          MaxVVals |            97.2 |
|          MinVVals |            2.51 |
| TotalEnvInteracts |           1e+05 |
|            LossPi |       -2.31e-08 |
|             LossV |             102 |
|       DeltaLossPi |         -0.0191 |
|        DeltaLossV |           -41.9 |
|                KL |         0.00916 |
|    BacktrackIters |               0 |
|              Time |        1.73e+03 |
---------------------------------------
Warning: trajectory cut off by epoch at 62 steps.
Warning: trajectory cut off by epoch at 38 steps.
Warning: trajectory cut off by epoch at 64 steps.
Warning: trajectory cut off by epoch at 67 steps.
[32;1mAccepting new params at step 0 of line search.[0m
---------------------------------------
|             Epoch |              25 |
|      AverageEpRet |             176 |
|          StdEpRet |            17.6 |
|          MaxEpRet |             195 |
|          MinEpRet |            68.6 |
|             EpLen |            83.8 |
|      AverageVVals |            76.2 |
|          StdVVals |            28.1 |
|          MaxVVals |             102 |
|          MinVVals |           0.177 |
| TotalEnvInteracts |        1.04e+05 |
|            LossPi |       -5.59e-09 |
|             LossV |            92.2 |
|       DeltaLossPi |         -0.0174 |
|        DeltaLossV |           -22.2 |
|                KL |          0.0093 |
|    BacktrackIters |               0 |
|              Time |         1.8e+03 |
---------------------------------------
Warning: trajectory cut off by epoch at 80 steps.
Warning: trajectory cut off by epoch at 55 steps.
Warning: trajectory cut off by epoch at 37 steps.
Warning: trajectory cut off by epoch at 70 steps.
[32;1mAccepting new params at step 0 of line search.[0m
---------------------------------------
|             Epoch |              26 |
|      AverageEpRet |             176 |
|          StdEpRet |            17.9 |
|          MaxEpRet |             197 |
|          MinEpRet |            62.5 |
|             EpLen |            83.5 |
|      AverageVVals |            76.4 |
|          StdVVals |            29.6 |
|          MaxVVals |             106 |
|          MinVVals |           -1.36 |
| TotalEnvInteracts |        1.08e+05 |
|            LossPi |       -2.98e-08 |
|             LossV |            81.1 |
|       DeltaLossPi |         -0.0234 |
|        DeltaLossV |           -18.9 |
|                KL |         0.00887 |
|    BacktrackIters |               0 |
|              Time |        1.87e+03 |
---------------------------------------
Warning: trajectory cut off by epoch at 61 steps.
Warning: trajectory cut off by epoch at 16 steps.
Warning: trajectory cut off by epoch at 27 steps.
Warning: trajectory cut off by epoch at 50 steps.
[32;1mAccepting new params at step 0 of line search.[0m
---------------------------------------
|             Epoch |              27 |
|      AverageEpRet |             167 |
|          StdEpRet |            34.7 |
|          MaxEpRet |             193 |
|          MinEpRet |            52.4 |
|             EpLen |            80.1 |
|      AverageVVals |            77.8 |
|          StdVVals |            30.7 |
|          MaxVVals |             108 |
|          MinVVals |           -1.25 |
| TotalEnvInteracts |        1.12e+05 |
|            LossPi |       -1.86e-08 |
|             LossV |             235 |
|       DeltaLossPi |         -0.0233 |
|        DeltaLossV |           -28.3 |
|                KL |         0.00928 |
|    BacktrackIters |               0 |
|              Time |        1.95e+03 |
---------------------------------------
Warning: trajectory cut off by epoch at 59 steps.
Warning: trajectory cut off by epoch at 62 steps.
Warning: trajectory cut off by epoch at 20 steps.
Warning: trajectory cut off by epoch at 76 steps.
[32;1mAccepting new params at step 0 of line search.[0m
---------------------------------------
|             Epoch |              28 |
|      AverageEpRet |             178 |
|          StdEpRet |            17.8 |
|          MaxEpRet |             201 |
|          MinEpRet |            70.3 |
|             EpLen |            84.1 |
|      AverageVVals |            76.6 |
|          StdVVals |              30 |
|          MaxVVals |             109 |
|          MinVVals |           0.343 |
| TotalEnvInteracts |        1.16e+05 |
|            LossPi |        2.24e-08 |
|             LossV |            70.7 |
|       DeltaLossPi |         -0.0262 |
|        DeltaLossV |           -18.6 |
|                KL |         0.00951 |
|    BacktrackIters |               0 |
|              Time |        2.02e+03 |
---------------------------------------
Warning: trajectory cut off by epoch at 22 steps.
Warning: trajectory cut off by epoch at 57 steps.
Warning: trajectory cut off by epoch at 13 steps.
Warning: trajectory cut off by epoch at 65 steps.
[32;1mAccepting new params at step 0 of line search.[0m
---------------------------------------
|             Epoch |              29 |
|      AverageEpRet |             177 |
|          StdEpRet |            22.5 |
|          MaxEpRet |             213 |
|          MinEpRet |            75.4 |
|             EpLen |            83.5 |
|      AverageVVals |            78.6 |
|          StdVVals |            31.8 |
|          MaxVVals |             111 |
|          MinVVals |           -1.58 |
| TotalEnvInteracts |         1.2e+05 |
|            LossPi |        1.49e-08 |
|             LossV |            95.5 |
|       DeltaLossPi |         -0.0203 |
|        DeltaLossV |           -12.6 |
|                KL |         0.00856 |
|    BacktrackIters |               0 |
|              Time |        2.09e+03 |
---------------------------------------
Warning: trajectory cut off by epoch at 66 steps.
Warning: trajectory cut off by epoch at 60 steps.
Warning: trajectory cut off by epoch at 53 steps.
Warning: trajectory cut off by epoch at 59 steps.
[32;1mAccepting new params at step 0 of line search.[0m
---------------------------------------
|             Epoch |              30 |
|      AverageEpRet |             182 |
|          StdEpRet |            7.55 |
|          MaxEpRet |             204 |
|          MinEpRet |             167 |
|             EpLen |            85.5 |
|      AverageVVals |            78.8 |
|          StdVVals |            31.7 |
|          MaxVVals |             112 |
|          MinVVals |           0.828 |
| TotalEnvInteracts |        1.24e+05 |
|            LossPi |       -1.58e-08 |
|             LossV |            16.8 |
|       DeltaLossPi |         -0.0226 |
|        DeltaLossV |           -5.35 |
|                KL |         0.00929 |
|    BacktrackIters |               0 |
|              Time |        2.16e+03 |
---------------------------------------
Warning: trajectory cut off by epoch at 53 steps.
Warning: trajectory cut off by epoch at 41 steps.
Warning: trajectory cut off by epoch at 44 steps.
Warning: trajectory cut off by epoch at 64 steps.
[32;1mAccepting new params at step 0 of line search.[0m
---------------------------------------
|             Epoch |              31 |
|      AverageEpRet |             185 |
|          StdEpRet |            8.26 |
|          MaxEpRet |             208 |
|          MinEpRet |             172 |
|             EpLen |            86.3 |
|      AverageVVals |            80.4 |
|          StdVVals |            32.7 |
|          MaxVVals |             113 |
|          MinVVals |           -0.58 |
| TotalEnvInteracts |        1.28e+05 |
|            LossPi |               0 |
|             LossV |            17.7 |
|       DeltaLossPi |         -0.0243 |
|        DeltaLossV |           -5.55 |
|                KL |         0.00977 |
|    BacktrackIters |               0 |
|              Time |        2.23e+03 |
---------------------------------------
Warning: trajectory cut off by epoch at 39 steps.
Warning: trajectory cut off by epoch at 33 steps.
Warning: trajectory cut off by epoch at 27 steps.
Warning: trajectory cut off by epoch at 30 steps.
[32;1mAccepting new params at step 0 of line search.[0m
---------------------------------------
|             Epoch |              32 |
|      AverageEpRet |             192 |
|          StdEpRet |            9.44 |
|          MaxEpRet |             221 |
|          MinEpRet |             179 |
|             EpLen |              88 |
|      AverageVVals |            83.2 |
|          StdVVals |              33 |
|          MaxVVals |             115 |
|          MinVVals |          -0.197 |
| TotalEnvInteracts |        1.32e+05 |
|            LossPi |        4.66e-09 |
|             LossV |            22.9 |
|       DeltaLossPi |         -0.0196 |
|        DeltaLossV |           -8.25 |
|                KL |         0.00954 |
|    BacktrackIters |               0 |
|              Time |         2.3e+03 |
---------------------------------------
Warning: trajectory cut off by epoch at 39 steps.
Warning: trajectory cut off by epoch at 38 steps.
Warning: trajectory cut off by epoch at 23 steps.
Warning: trajectory cut off by epoch at 62 steps.
[32;1mAccepting new params at step 0 of line search.[0m
---------------------------------------
|             Epoch |              33 |
|      AverageEpRet |             191 |
|          StdEpRet |            15.8 |
|          MaxEpRet |             222 |
|          MinEpRet |             109 |
|             EpLen |            87.2 |
|      AverageVVals |              85 |
|          StdVVals |            34.3 |
|          MaxVVals |             117 |
|          MinVVals |            -2.5 |
| TotalEnvInteracts |        1.36e+05 |
|            LossPi |       -1.86e-08 |
|             LossV |            71.5 |
|       DeltaLossPi |         -0.0159 |
|        DeltaLossV |           -14.6 |
|                KL |          0.0089 |
|    BacktrackIters |               0 |
|              Time |        2.37e+03 |
---------------------------------------
Warning: trajectory cut off by epoch at 89 steps.
Warning: trajectory cut off by epoch at 16 steps.
Warning: trajectory cut off by epoch at 19 steps.
Warning: trajectory cut off by epoch at 18 steps.
[32;1mAccepting new params at step 0 of line search.[0m
---------------------------------------
|             Epoch |              34 |
|      AverageEpRet |             198 |
|          StdEpRet |            6.89 |
|          MaxEpRet |             210 |
|          MinEpRet |             183 |
|             EpLen |            89.7 |
|      AverageVVals |            84.4 |
|          StdVVals |            34.7 |
|          MaxVVals |             118 |
|          MinVVals |           -1.02 |
| TotalEnvInteracts |         1.4e+05 |
|            LossPi |        2.61e-08 |
|             LossV |            21.8 |
|       DeltaLossPi |         -0.0238 |
|        DeltaLossV |           -9.95 |
|                KL |         0.00876 |
|    BacktrackIters |               0 |
|              Time |        2.44e+03 |
---------------------------------------
Warning: trajectory cut off by epoch at 82 steps.
Warning: trajectory cut off by epoch at 8 steps.
Warning: trajectory cut off by epoch at 5 steps.
Warning: trajectory cut off by epoch at 83 steps.
[32;1mAccepting new params at step 0 of line search.[0m
---------------------------------------
|             Epoch |              35 |
|      AverageEpRet |             202 |
|          StdEpRet |            9.98 |
|          MaxEpRet |             231 |
|          MinEpRet |             187 |
|             EpLen |              91 |
|      AverageVVals |            86.5 |
|          StdVVals |            35.5 |
|          MaxVVals |             120 |
|          MinVVals |           -0.41 |
| TotalEnvInteracts |        1.44e+05 |
|            LossPi |        3.35e-08 |
|             LossV |            20.9 |
|       DeltaLossPi |         -0.0218 |
|        DeltaLossV |           -5.71 |
|                KL |         0.00927 |
|    BacktrackIters |               0 |
|              Time |        2.51e+03 |
---------------------------------------
Warning: trajectory cut off by epoch at 79 steps.
Warning: trajectory cut off by epoch at 81 steps.
Warning: trajectory cut off by epoch at 74 steps.
Warning: trajectory cut off by epoch at 62 steps.
[32;1mAccepting new params at step 0 of line search.[0m
---------------------------------------
|             Epoch |              36 |
|      AverageEpRet |             209 |
|          StdEpRet |            10.2 |
|          MaxEpRet |             230 |
|          MinEpRet |             186 |
|             EpLen |            92.6 |
|      AverageVVals |            88.5 |
|          StdVVals |            35.8 |
|          MaxVVals |             122 |
|          MinVVals |          -0.391 |
| TotalEnvInteracts |        1.48e+05 |
|            LossPi |       -2.37e-08 |
|             LossV |            31.1 |
|       DeltaLossPi |          -0.023 |
|        DeltaLossV |           -12.9 |
|                KL |         0.00949 |
|    BacktrackIters |               0 |
|              Time |        2.58e+03 |
---------------------------------------
Warning: trajectory cut off by epoch at 54 steps.
Warning: trajectory cut off by epoch at 49 steps.
Warning: trajectory cut off by epoch at 89 steps.
Warning: trajectory cut off by epoch at 66 steps.
[32;1mAccepting new params at step 0 of line search.[0m
---------------------------------------
|             Epoch |              37 |
|      AverageEpRet |             212 |
|          StdEpRet |            20.9 |
|          MaxEpRet |             239 |
|          MinEpRet |            99.4 |
|             EpLen |            93.6 |
|      AverageVVals |            92.1 |
|          StdVVals |            36.8 |
|          MaxVVals |             125 |
|          MinVVals |           -1.68 |
| TotalEnvInteracts |        1.52e+05 |
|            LossPi |        5.59e-09 |
|             LossV |              90 |
|       DeltaLossPi |         -0.0206 |
|        DeltaLossV |           -10.6 |
|                KL |         0.00942 |
|    BacktrackIters |               0 |
|              Time |        2.65e+03 |
---------------------------------------
Warning: trajectory cut off by epoch at 29 steps.
Warning: trajectory cut off by epoch at 30 steps.
Warning: trajectory cut off by epoch at 63 steps.
Warning: trajectory cut off by epoch at 34 steps.
[32;1mAccepting new params at step 0 of line search.[0m
---------------------------------------
|             Epoch |              38 |
|      AverageEpRet |             218 |
|          StdEpRet |            21.3 |
|          MaxEpRet |             242 |
|          MinEpRet |            97.4 |
|             EpLen |            96.1 |
|      AverageVVals |            93.6 |
|          StdVVals |            37.4 |
|          MaxVVals |             127 |
|          MinVVals |          -0.783 |
| TotalEnvInteracts |        1.56e+05 |
|            LossPi |        3.73e-09 |
|             LossV |             103 |
|       DeltaLossPi |         -0.0208 |
|        DeltaLossV |           -21.8 |
|                KL |         0.00895 |
|    BacktrackIters |               0 |
|              Time |        2.72e+03 |
---------------------------------------
Warning: trajectory cut off by epoch at 37 steps.
Warning: trajectory cut off by epoch at 30 steps.
Warning: trajectory cut off by epoch at 11 steps.
Warning: trajectory cut off by epoch at 38 steps.
[32;1mAccepting new params at step 0 of line search.[0m
---------------------------------------
|             Epoch |              39 |
|      AverageEpRet |             220 |
|          StdEpRet |            9.34 |
|          MaxEpRet |             245 |
|          MinEpRet |             203 |
|             EpLen |            97.1 |
|      AverageVVals |            93.9 |
|          StdVVals |            38.5 |
|          MaxVVals |             129 |
|          MinVVals |           -1.61 |
| TotalEnvInteracts |         1.6e+05 |
|            LossPi |       -7.45e-09 |
|             LossV |            23.4 |
|       DeltaLossPi |         -0.0231 |
|        DeltaLossV |           -7.55 |
|                KL |         0.00919 |
|    BacktrackIters |               0 |
|              Time |        2.79e+03 |
---------------------------------------
Warning: trajectory cut off by epoch at 10 steps.
Warning: trajectory cut off by epoch at 87 steps.
Warning: trajectory cut off by epoch at 13 steps.
Warning: trajectory cut off by epoch at 91 steps.
[32;1mAccepting new params at step 0 of line search.[0m
---------------------------------------
|             Epoch |              40 |
|      AverageEpRet |             230 |
|          StdEpRet |            9.88 |
|          MaxEpRet |             257 |
|          MinEpRet |             213 |
|             EpLen |             100 |
|      AverageVVals |            94.1 |
|          StdVVals |            39.3 |
|          MaxVVals |             130 |
|          MinVVals |           -5.22 |
| TotalEnvInteracts |        1.64e+05 |
|            LossPi |        1.02e-08 |
|             LossV |            49.4 |
|       DeltaLossPi |         -0.0296 |
|        DeltaLossV |           -23.7 |
|                KL |         0.00903 |
|    BacktrackIters |               0 |
|              Time |        2.87e+03 |
---------------------------------------
Warning: trajectory cut off by epoch at 82 steps.
Warning: trajectory cut off by epoch at 6 steps.
Warning: trajectory cut off by epoch at 3 steps.
Warning: trajectory cut off by epoch at 103 steps.
[32;1mAccepting new params at step 0 of line search.[0m
---------------------------------------
|             Epoch |              41 |
|      AverageEpRet |             231 |
|          StdEpRet |            9.62 |
|          MaxEpRet |             246 |
|          MinEpRet |             213 |
|             EpLen |             100 |
|      AverageVVals |              98 |
|          StdVVals |            39.3 |
|          MaxVVals |             133 |
|          MinVVals |            -5.8 |
| TotalEnvInteracts |        1.68e+05 |
|            LossPi |        7.45e-09 |
|             LossV |            32.1 |
|       DeltaLossPi |         -0.0311 |
|        DeltaLossV |           -6.15 |
|                KL |         0.00966 |
|    BacktrackIters |               0 |
|              Time |        2.95e+03 |
---------------------------------------
Warning: trajectory cut off by epoch at 82 steps.
Warning: trajectory cut off by epoch at 70 steps.
Warning: trajectory cut off by epoch at 89 steps.
Warning: trajectory cut off by epoch at 71 steps.
[32;1mAccepting new params at step 0 of line search.[0m
---------------------------------------
|             Epoch |              42 |
|      AverageEpRet |             238 |
|          StdEpRet |            14.6 |
|          MaxEpRet |             264 |
|          MinEpRet |             210 |
|             EpLen |             102 |
|      AverageVVals |            97.8 |
|          StdVVals |            39.9 |
|          MaxVVals |             135 |
|          MinVVals |           -4.13 |
| TotalEnvInteracts |        1.72e+05 |
|            LossPi |       -2.98e-08 |
|             LossV |            57.6 |
|       DeltaLossPi |         -0.0301 |
|        DeltaLossV |           -17.9 |
|                KL |         0.00972 |
|    BacktrackIters |               0 |
|              Time |        3.03e+03 |
---------------------------------------
Warning: trajectory cut off by epoch at 52 steps.
Warning: trajectory cut off by epoch at 45 steps.
Warning: trajectory cut off by epoch at 51 steps.
Warning: trajectory cut off by epoch at 56 steps.
[32;1mAccepting new params at step 0 of line search.[0m
---------------------------------------
|             Epoch |              43 |
|      AverageEpRet |             249 |
|          StdEpRet |            11.6 |
|          MaxEpRet |             277 |
|          MinEpRet |             224 |
|             EpLen |             105 |
|      AverageVVals |             101 |
|          StdVVals |            40.9 |
|          MaxVVals |             137 |
|          MinVVals |           -1.53 |
| TotalEnvInteracts |        1.76e+05 |
|            LossPi |        2.46e-08 |
|             LossV |            58.4 |
|       DeltaLossPi |         -0.0313 |
|        DeltaLossV |           -23.8 |
|                KL |         0.00997 |
|    BacktrackIters |               0 |
|              Time |        3.11e+03 |
---------------------------------------
Warning: trajectory cut off by epoch at 35 steps.
Warning: trajectory cut off by epoch at 44 steps.
Warning: trajectory cut off by epoch at 29 steps.
Warning: trajectory cut off by epoch at 46 steps.
[32;1mAccepting new params at step 0 of line search.[0m
---------------------------------------
|             Epoch |              44 |
|      AverageEpRet |             254 |
|          StdEpRet |            8.93 |
|          MaxEpRet |             276 |
|          MinEpRet |             238 |
|             EpLen |             107 |
|      AverageVVals |             104 |
|          StdVVals |              42 |
|          MaxVVals |             141 |
|          MinVVals |           -1.77 |
| TotalEnvInteracts |         1.8e+05 |
|            LossPi |       -1.86e-08 |
|             LossV |            33.7 |
|       DeltaLossPi |         -0.0306 |
|        DeltaLossV |           -9.95 |
|                KL |         0.00935 |
|    BacktrackIters |               0 |
|              Time |        3.19e+03 |
---------------------------------------
Warning: trajectory cut off by epoch at 5 steps.
Warning: trajectory cut off by epoch at 10 steps.
Warning: trajectory cut off by epoch at 6 steps.
Warning: trajectory cut off by epoch at 14 steps.
[32;1mAccepting new params at step 0 of line search.[0m
---------------------------------------
|             Epoch |              45 |
|      AverageEpRet |             262 |
|          StdEpRet |            7.98 |
|          MaxEpRet |             283 |
|          MinEpRet |             247 |
|             EpLen |             110 |
|      AverageVVals |             104 |
|          StdVVals |            43.2 |
|          MaxVVals |             143 |
|          MinVVals |          -0.581 |
| TotalEnvInteracts |        1.84e+05 |
|            LossPi |        5.03e-08 |
|             LossV |            37.4 |
|       DeltaLossPi |         -0.0271 |
|        DeltaLossV |             -18 |
|                KL |         0.00945 |
|    BacktrackIters |               0 |
|              Time |        3.26e+03 |
---------------------------------------
Warning: trajectory cut off by epoch at 105 steps.
Warning: trajectory cut off by epoch at 106 steps.
Warning: trajectory cut off by epoch at 104 steps.
Warning: trajectory cut off by epoch at 101 steps.
[32;1mAccepting new params at step 0 of line search.[0m
---------------------------------------
|             Epoch |              46 |
|      AverageEpRet |             269 |
|          StdEpRet |            5.84 |
|          MaxEpRet |             281 |
|          MinEpRet |             256 |
|             EpLen |             112 |
|      AverageVVals |             107 |
|          StdVVals |            43.6 |
|          MaxVVals |             146 |
|          MinVVals |           -2.17 |
| TotalEnvInteracts |        1.88e+05 |
|            LossPi |        1.58e-08 |
|             LossV |              29 |
|       DeltaLossPi |         -0.0245 |
|        DeltaLossV |           -17.7 |
|                KL |         0.00942 |
|    BacktrackIters |               0 |
|              Time |        3.33e+03 |
---------------------------------------
Warning: trajectory cut off by epoch at 102 steps.
Warning: trajectory cut off by epoch at 72 steps.
Warning: trajectory cut off by epoch at 85 steps.
Warning: trajectory cut off by epoch at 80 steps.
[32;1mAccepting new params at step 0 of line search.[0m
---------------------------------------
|             Epoch |              47 |
|      AverageEpRet |             275 |
|          StdEpRet |            9.23 |
|          MaxEpRet |             289 |
|          MinEpRet |             253 |
|             EpLen |             114 |
|      AverageVVals |             111 |
|          StdVVals |            43.8 |
|          MaxVVals |             149 |
|          MinVVals |           -2.46 |
| TotalEnvInteracts |        1.92e+05 |
|            LossPi |        2.05e-08 |
|             LossV |            27.7 |
|       DeltaLossPi |         -0.0271 |
|        DeltaLossV |           -9.59 |
|                KL |         0.00935 |
|    BacktrackIters |               0 |
|              Time |         3.4e+03 |
---------------------------------------
Warning: trajectory cut off by epoch at 72 steps.
Warning: trajectory cut off by epoch at 82 steps.
Warning: trajectory cut off by epoch at 57 steps.
Warning: trajectory cut off by epoch at 76 steps.
[32;1mAccepting new params at step 0 of line search.[0m
---------------------------------------
|             Epoch |              48 |
|      AverageEpRet |             280 |
|          StdEpRet |            10.2 |
|          MaxEpRet |             303 |
|          MinEpRet |             243 |
|             EpLen |             116 |
|      AverageVVals |             113 |
|          StdVVals |            44.9 |
|          MaxVVals |             152 |
|          MinVVals |           0.913 |
| TotalEnvInteracts |        1.96e+05 |
|            LossPi |       -1.49e-08 |
|             LossV |            34.4 |
|       DeltaLossPi |         -0.0239 |
|        DeltaLossV |           -6.25 |
|                KL |          0.0094 |
|    BacktrackIters |               0 |
|              Time |        3.46e+03 |
---------------------------------------
Warning: trajectory cut off by epoch at 57 steps.
Warning: trajectory cut off by epoch at 62 steps.
Warning: trajectory cut off by epoch at 13 steps.
Warning: trajectory cut off by epoch at 71 steps.
[32;1mAccepting new params at step 0 of line search.[0m
---------------------------------------
|             Epoch |              49 |
|      AverageEpRet |             279 |
|          StdEpRet |            33.6 |
|          MaxEpRet |             304 |
|          MinEpRet |            97.6 |
|             EpLen |             115 |
|      AverageVVals |             115 |
|          StdVVals |            45.5 |
|          MaxVVals |             154 |
|          MinVVals |           -2.34 |
| TotalEnvInteracts |           2e+05 |
|            LossPi |        1.49e-08 |
|             LossV |             178 |
|       DeltaLossPi |         -0.0146 |
|        DeltaLossV |           -17.6 |
|                KL |          0.0092 |
|    BacktrackIters |               0 |
|              Time |        3.53e+03 |
---------------------------------------
