--------------------------------------------------------------------------
[[19828,1],0]: A high-performance Open MPI point-to-point messaging module
was unable to find any relevant network interfaces:

Module: OpenFabrics (openib)
  Host: GCRAZGDL0429

Another transport will be used instead, although this may result in
lower performance.

NOTE: You can disable this warning by setting the MCA parameter
btl_base_warn_component_unused to 0.
--------------------------------------------------------------------------
--------------------------------------------------------------------------
[[19777,1],0]: A high-performance Open MPI point-to-point messaging module
was unable to find any relevant network interfaces:

Module: OpenFabrics (openib)
  Host: GCRAZGDL0429

Another transport will be used instead, although this may result in
lower performance.

NOTE: You can disable this warning by setting the MCA parameter
btl_base_warn_component_unused to 0.
--------------------------------------------------------------------------
Warning: Log dir exp/trpo_CartPole-v1/trpo_CartPole-v1_s1 already exists! Storing info there anyway.
[32;1mLogging data to exp/trpo_CartPole-v1/trpo_CartPole-v1_s1/progress.txt[0m
[36;1mSaving config:
[0m
{
    "ac_kwargs":	{
        "hidden_sizes":	[
            64,
            64
        ]
    },
    "actor_critic":	"mlp_actor_critic",
    "algo":	"trpo",
    "backtrack_coeff":	0.8,
    "backtrack_iters":	10,
    "cg_iters":	10,
    "damping_coeff":	0.1,
    "delta":	0.01,
    "env_fn":	"<function <lambda> at 0x7f82353f04d0>",
    "epochs":	50,
    "exp_name":	"trpo_CartPole-v1",
    "gamma":	0.99,
    "lam":	0.97,
    "logger":	{
        "<spinup.utils.logx.EpochLogger object at 0x7f823539a410>":	{
            "epoch_dict":	{},
            "exp_name":	"trpo_CartPole-v1",
            "first_row":	true,
            "log_current_row":	{},
            "log_headers":	[],
            "output_dir":	"exp/trpo_CartPole-v1/trpo_CartPole-v1_s1",
            "output_file":	{
                "<_io.TextIOWrapper name='exp/trpo_CartPole-v1/trpo_CartPole-v1_s1/progress.txt' mode='w' encoding='UTF-8'>":	{
                    "mode":	"w"
                }
            }
        }
    },
    "logger_kwargs":	{
        "exp_name":	"trpo_CartPole-v1",
        "output_dir":	"exp/trpo_CartPole-v1/trpo_CartPole-v1_s1"
    },
    "max_ep_len":	1000,
    "save_freq":	10,
    "seed":	1,
    "steps_per_epoch":	4000,
    "train_v_iters":	80,
    "vf_lr":	0.001
}
[32;1m
Number of parameters: 	 pi: 4610, 	 v: 4545
[0m
2022-04-12 03:20:39.827947: I tensorflow/core/platform/cpu_feature_guard.cc:142] Your CPU supports instructions that this TensorFlow binary was not compiled to use: AVX2 FMA
2022-04-12 03:20:39.833608: I tensorflow/core/platform/profile_utils/cpu_utils.cc:94] CPU Frequency: 2593990000 Hz
2022-04-12 03:20:39.834882: I tensorflow/core/platform/cpu_feature_guard.cc:142] Your CPU supports instructions that this TensorFlow binary was not compiled to use: AVX2 FMA
2022-04-12 03:20:39.833970: I tensorflow/compiler/xla/service/service.cc:168] XLA service 0x55ddbcd55890 initialized for platform Host (this does not guarantee that XLA will be used). Devices:
2022-04-12 03:20:39.833989: I tensorflow/compiler/xla/service/service.cc:176]   StreamExecutor device (0): Host, Default Version
2022-04-12 03:20:39.841216: I tensorflow/core/platform/profile_utils/cpu_utils.cc:94] CPU Frequency: 2593990000 Hz
2022-04-12 03:20:39.849176: I tensorflow/compiler/xla/service/service.cc:168] XLA service 0x559570bbb350 initialized for platform Host (this does not guarantee that XLA will be used). Devices:
2022-04-12 03:20:39.849251: I tensorflow/compiler/xla/service/service.cc:176]   StreamExecutor device (0): Host, Default Version
2022-04-12 03:20:39.928990: I tensorflow/core/platform/cpu_feature_guard.cc:142] Your CPU supports instructions that this TensorFlow binary was not compiled to use: AVX2 FMA
2022-04-12 03:20:39.945134: I tensorflow/core/platform/profile_utils/cpu_utils.cc:94] CPU Frequency: 2593990000 Hz
2022-04-12 03:20:39.946044: I tensorflow/compiler/xla/service/service.cc:168] XLA service 0x560a6fc1e170 initialized for platform Host (this does not guarantee that XLA will be used). Devices:
2022-04-12 03:20:39.946069: I tensorflow/compiler/xla/service/service.cc:176]   StreamExecutor device (0): Host, Default Version
2022-04-12 03:20:40.033592: I tensorflow/core/platform/cpu_feature_guard.cc:142] Your CPU supports instructions that this TensorFlow binary was not compiled to use: AVX2 FMA
2022-04-12 03:20:40.038766: I tensorflow/core/platform/profile_utils/cpu_utils.cc:94] CPU Frequency: 2593990000 Hz
2022-04-12 03:20:40.039078: I tensorflow/compiler/xla/service/service.cc:168] XLA service 0x55d9e2acebb0 initialized for platform Host (this does not guarantee that XLA will be used). Devices:
2022-04-12 03:20:40.039106: I tensorflow/compiler/xla/service/service.cc:176]   StreamExecutor device (0): Host, Default Version
Warning: trajectory cut off by epoch at 12 steps.
Warning: trajectory cut off by epoch at 10 steps.
Warning: trajectory cut off by epoch at 33 steps.
[32;1mAccepting new params at step 0 of line search.[0m
[GCRAZGDL0429:17772] 3 more processes have sent help message help-mpi-btl-base.txt / btl:no-nics
[GCRAZGDL0429:17772] Set MCA parameter "orte_base_help_aggregate" to 0 to see all help / error messages
---------------------------------------
|             Epoch |               0 |
|      AverageEpRet |            28.2 |
|          StdEpRet |            19.5 |
|          MaxEpRet |             150 |
|          MinEpRet |               9 |
|             EpLen |            28.2 |
|      AverageVVals |        -0.00268 |
|          StdVVals |          0.0995 |
|          MaxVVals |           0.244 |
|          MinVVals |          -0.542 |
| TotalEnvInteracts |           4e+03 |
|            LossPi |        -1.4e-07 |
|             LossV |             510 |
|       DeltaLossPi |         -0.0187 |
|        DeltaLossV |            -256 |
|                KL |         0.00812 |
|    BacktrackIters |               0 |
|              Time |            3.94 |
---------------------------------------
Warning: trajectory cut off by epoch at 99 steps.
Warning: trajectory cut off by epoch at 28 steps.
Warning: trajectory cut off by epoch at 7 steps.
Warning: trajectory cut off by epoch at 1 steps.
[32;1mAccepting new params at step 0 of line search.[0m
---------------------------------------
|             Epoch |               1 |
|      AverageEpRet |            36.1 |
|          StdEpRet |            20.7 |
|          MaxEpRet |             121 |
|          MinEpRet |              13 |
|             EpLen |            36.1 |
|      AverageVVals |              10 |
|          StdVVals |            1.05 |
|          MaxVVals |            12.4 |
|          MinVVals |            6.08 |
| TotalEnvInteracts |           8e+03 |
|            LossPi |       -5.96e-08 |
|             LossV |             332 |
|       DeltaLossPi |         -0.0203 |
|        DeltaLossV |            -128 |
|                KL |         0.00805 |
|    BacktrackIters |               0 |
|              Time |            6.62 |
---------------------------------------
Warning: trajectory cut off by epoch at 14 steps.
Warning: trajectory cut off by epoch at 16 steps.
Warning: trajectory cut off by epoch at 11 steps.
Warning: trajectory cut off by epoch at 9 steps.
[32;1mAccepting new params at step 0 of line search.[0m
---------------------------------------
|             Epoch |               2 |
|      AverageEpRet |            56.4 |
|          StdEpRet |            34.2 |
|          MaxEpRet |             179 |
|          MinEpRet |              17 |
|             EpLen |            56.4 |
|      AverageVVals |            19.1 |
|          StdVVals |            2.94 |
|          MaxVVals |            21.6 |
|          MinVVals |           -4.76 |
| TotalEnvInteracts |         1.2e+04 |
|            LossPi |       -4.05e-08 |
|             LossV |             449 |
|       DeltaLossPi |         -0.0237 |
|        DeltaLossV |            -101 |
|                KL |          0.0083 |
|    BacktrackIters |               0 |
|              Time |            11.1 |
---------------------------------------
Warning: trajectory cut off by epoch at 21 steps.
Warning: trajectory cut off by epoch at 35 steps.
Warning: trajectory cut off by epoch at 29 steps.
Warning: trajectory cut off by epoch at 15 steps.
[32;1mAccepting new params at step 0 of line search.[0m
---------------------------------------
|             Epoch |               3 |
|      AverageEpRet |             115 |
|          StdEpRet |            71.3 |
|          MaxEpRet |             265 |
|          MinEpRet |              15 |
|             EpLen |             115 |
|      AverageVVals |            26.6 |
|          StdVVals |            2.39 |
|          MaxVVals |            27.9 |
|          MinVVals |           -8.16 |
| TotalEnvInteracts |         1.6e+04 |
|            LossPi |       -9.31e-10 |
|             LossV |        1.06e+03 |
|       DeltaLossPi |         -0.0199 |
|        DeltaLossV |            -327 |
|                KL |         0.00743 |
|    BacktrackIters |               0 |
|              Time |            13.6 |
---------------------------------------
Warning: trajectory cut off by epoch at 126 steps.
Warning: trajectory cut off by epoch at 38 steps.
Warning: trajectory cut off by epoch at 71 steps.
Warning: trajectory cut off by epoch at 30 steps.
[32;1mAccepting new params at step 0 of line search.[0m
---------------------------------------
|             Epoch |               4 |
|      AverageEpRet |             149 |
|          StdEpRet |            72.5 |
|          MaxEpRet |             316 |
|          MinEpRet |              25 |
|             EpLen |             149 |
|      AverageVVals |            30.9 |
|          StdVVals |            16.7 |
|          MaxVVals |            37.3 |
|          MinVVals |           -35.9 |
| TotalEnvInteracts |           2e+04 |
|            LossPi |        2.24e-08 |
|             LossV |             989 |
|       DeltaLossPi |         -0.0124 |
|        DeltaLossV |            -345 |
|                KL |         0.00684 |
|    BacktrackIters |               0 |
|              Time |            16.2 |
---------------------------------------
Warning: trajectory cut off by epoch at 202 steps.
Warning: trajectory cut off by epoch at 104 steps.
Warning: trajectory cut off by epoch at 14 steps.
Warning: trajectory cut off by epoch at 92 steps.
[32;1mAccepting new params at step 0 of line search.[0m
---------------------------------------
|             Epoch |               5 |
|      AverageEpRet |             256 |
|          StdEpRet |             125 |
|          MaxEpRet |             500 |
|          MinEpRet |              27 |
|             EpLen |             256 |
|      AverageVVals |            42.1 |
|          StdVVals |            7.42 |
|          MaxVVals |            44.2 |
|          MinVVals |           -16.5 |
| TotalEnvInteracts |         2.4e+04 |
|            LossPi |        1.13e-07 |
|             LossV |        1.15e+03 |
|       DeltaLossPi |         -0.0102 |
|        DeltaLossV |            -343 |
|                KL |         0.00776 |
|    BacktrackIters |               0 |
|              Time |            19.2 |
---------------------------------------
Warning: trajectory cut off by epoch at 23 steps.
Warning: trajectory cut off by epoch at 64 steps.
Warning: trajectory cut off by epoch at 99 steps.
Warning: trajectory cut off by epoch at 148 steps.
[32;1mAccepting new params at step 0 of line search.[0m
---------------------------------------
|             Epoch |               6 |
|      AverageEpRet |             262 |
|          StdEpRet |            55.2 |
|          MaxEpRet |             372 |
|          MinEpRet |             188 |
|             EpLen |             262 |
|      AverageVVals |            47.3 |
|          StdVVals |            13.2 |
|          MaxVVals |            52.7 |
|          MinVVals |           -16.5 |
| TotalEnvInteracts |         2.8e+04 |
|            LossPi |       -1.49e-08 |
|             LossV |             674 |
|       DeltaLossPi |        -0.00933 |
|        DeltaLossV |            -194 |
|                KL |          0.0077 |
|    BacktrackIters |               0 |
|              Time |            22.4 |
---------------------------------------
Warning: trajectory cut off by epoch at 313 steps.
Warning: trajectory cut off by epoch at 234 steps.
Warning: trajectory cut off by epoch at 8 steps.
Warning: trajectory cut off by epoch at 144 steps.
[32;1mAccepting new params at step 0 of line search.[0m
---------------------------------------
|             Epoch |               7 |
|      AverageEpRet |             330 |
|          StdEpRet |            91.7 |
|          MaxEpRet |             500 |
|          MinEpRet |             161 |
|             EpLen |             330 |
|      AverageVVals |            51.8 |
|          StdVVals |            13.9 |
|          MaxVVals |            58.7 |
|          MinVVals |           -1.44 |
| TotalEnvInteracts |         3.2e+04 |
|            LossPi |        1.49e-08 |
|             LossV |             681 |
|       DeltaLossPi |        -0.00925 |
|        DeltaLossV |            -265 |
|                KL |         0.00928 |
|    BacktrackIters |               0 |
|              Time |            26.6 |
---------------------------------------
Warning: trajectory cut off by epoch at 4 steps.
Warning: trajectory cut off by epoch at 241 steps.
[32;1mAccepting new params at step 0 of line search.[0m
---------------------------------------
|             Epoch |               8 |
|      AverageEpRet |             469 |
|          StdEpRet |            79.5 |
|          MaxEpRet |             500 |
|          MinEpRet |             259 |
|             EpLen |             469 |
|      AverageVVals |              62 |
|          StdVVals |            9.14 |
|          MaxVVals |            65.4 |
|          MinVVals |            6.83 |
| TotalEnvInteracts |         3.6e+04 |
|            LossPi |        6.89e-08 |
|             LossV |             727 |
|       DeltaLossPi |        -0.00629 |
|        DeltaLossV |            -170 |
|                KL |         0.00848 |
|    BacktrackIters |               0 |
|              Time |            31.1 |
---------------------------------------
Warning: trajectory cut off by epoch at 220 steps.
Warning: trajectory cut off by epoch at 133 steps.
Warning: trajectory cut off by epoch at 70 steps.
[32;1mAccepting new params at step 0 of line search.[0m
---------------------------------------
|             Epoch |               9 |
|      AverageEpRet |             325 |
|          StdEpRet |             144 |
|          MaxEpRet |             500 |
|          MinEpRet |             105 |
|             EpLen |             325 |
|      AverageVVals |            69.3 |
|          StdVVals |            4.81 |
|          MaxVVals |            70.9 |
|          MinVVals |              36 |
| TotalEnvInteracts |           4e+04 |
|            LossPi |       -2.05e-08 |
|             LossV |             644 |
|       DeltaLossPi |         -0.0103 |
|        DeltaLossV |           -34.7 |
|                KL |         0.00858 |
|    BacktrackIters |               0 |
|              Time |            35.1 |
---------------------------------------
Warning: trajectory cut off by epoch at 11 steps.
Warning: trajectory cut off by epoch at 75 steps.
[32;1mAccepting new params at step 0 of line search.[0m
---------------------------------------
|             Epoch |              10 |
|      AverageEpRet |             435 |
|          StdEpRet |             139 |
|          MaxEpRet |             500 |
|          MinEpRet |              51 |
|             EpLen |             435 |
|      AverageVVals |            71.6 |
|          StdVVals |            5.95 |
|          MaxVVals |            72.8 |
|          MinVVals |            32.8 |
| TotalEnvInteracts |         4.4e+04 |
|            LossPi |        1.86e-09 |
|             LossV |             707 |
|       DeltaLossPi |        -0.00947 |
|        DeltaLossV |           -61.3 |
|                KL |         0.00728 |
|    BacktrackIters |               0 |
|              Time |            40.6 |
---------------------------------------
Warning: trajectory cut off by epoch at 124 steps.
Warning: trajectory cut off by epoch at 204 steps.
Warning: trajectory cut off by epoch at 85 steps.
[32;1mAccepting new params at step 0 of line search.[0m
---------------------------------------
|             Epoch |              11 |
|      AverageEpRet |             448 |
|          StdEpRet |            64.7 |
|          MaxEpRet |             500 |
|          MinEpRet |             317 |
|             EpLen |             448 |
|      AverageVVals |            74.9 |
|          StdVVals |         0.00544 |
|          MaxVVals |            74.9 |
|          MinVVals |            74.9 |
| TotalEnvInteracts |         4.8e+04 |
|            LossPi |           1e-08 |
|             LossV |             589 |
|       DeltaLossPi |        -0.00271 |
|        DeltaLossV |           -10.7 |
|                KL |         0.00763 |
|    BacktrackIters |               0 |
|              Time |            44.6 |
---------------------------------------
Warning: trajectory cut off by epoch at 232 steps.
Warning: trajectory cut off by epoch at 189 steps.
Warning: trajectory cut off by epoch at 190 steps.
Warning: trajectory cut off by epoch at 73 steps.
[32;1mAccepting new params at step 0 of line search.[0m
---------------------------------------
|             Epoch |              12 |
|      AverageEpRet |             301 |
|          StdEpRet |             139 |
|          MaxEpRet |             500 |
|          MinEpRet |             118 |
|             EpLen |             301 |
|      AverageVVals |            76.5 |
|          StdVVals |         0.00348 |
|          MaxVVals |            76.5 |
|          MinVVals |            76.4 |
| TotalEnvInteracts |         5.2e+04 |
|            LossPi |         1.3e-08 |
|             LossV |             671 |
|       DeltaLossPi |         -0.0096 |
|        DeltaLossV |           -3.88 |
|                KL |         0.00654 |
|    BacktrackIters |               0 |
|              Time |            49.4 |
---------------------------------------
Warning: trajectory cut off by epoch at 15 steps.
Warning: trajectory cut off by epoch at 26 steps.
Warning: trajectory cut off by epoch at 349 steps.
Warning: trajectory cut off by epoch at 61 steps.
[32;1mAccepting new params at step 0 of line search.[0m
---------------------------------------
|             Epoch |              13 |
|      AverageEpRet |             296 |
|          StdEpRet |            99.3 |
|          MaxEpRet |             500 |
|          MinEpRet |             163 |
|             EpLen |             296 |
|      AverageVVals |              75 |
|          StdVVals |             3.6 |
|          MaxVVals |            75.6 |
|          MinVVals |            36.4 |
| TotalEnvInteracts |         5.6e+04 |
|            LossPi |       -1.22e-08 |
|             LossV |             624 |
|       DeltaLossPi |        -0.00541 |
|        DeltaLossV |           -98.8 |
|                KL |         0.00418 |
|    BacktrackIters |               0 |
|              Time |            58.6 |
---------------------------------------
Warning: trajectory cut off by epoch at 70 steps.
Warning: trajectory cut off by epoch at 443 steps.
Warning: trajectory cut off by epoch at 220 steps.
Warning: trajectory cut off by epoch at 218 steps.
[32;1mAccepting new params at step 0 of line search.[0m
---------------------------------------
|             Epoch |              14 |
|      AverageEpRet |             277 |
|          StdEpRet |             121 |
|          MaxEpRet |             500 |
|          MinEpRet |             126 |
|             EpLen |             277 |
|      AverageVVals |            75.1 |
|          StdVVals |          0.0262 |
|          MaxVVals |            75.1 |
|          MinVVals |            74.7 |
| TotalEnvInteracts |           6e+04 |
|            LossPi |       -3.73e-09 |
|             LossV |             665 |
|       DeltaLossPi |        -0.00625 |
|        DeltaLossV |           -1.44 |
|                KL |         0.00663 |
|    BacktrackIters |               0 |
|              Time |            78.1 |
---------------------------------------
Warning: trajectory cut off by epoch at 16 steps.
Warning: trajectory cut off by epoch at 182 steps.
Warning: trajectory cut off by epoch at 157 steps.
Warning: trajectory cut off by epoch at 242 steps.
[32;1mAccepting new params at step 0 of line search.[0m
---------------------------------------
|             Epoch |              15 |
|      AverageEpRet |             309 |
|          StdEpRet |             115 |
|          MaxEpRet |             500 |
|          MinEpRet |             177 |
|             EpLen |             309 |
|      AverageVVals |            73.7 |
|          StdVVals |            4.81 |
|          MaxVVals |            74.6 |
|          MinVVals |            39.5 |
| TotalEnvInteracts |         6.4e+04 |
|            LossPi |       -4.66e-09 |
|             LossV |             671 |
|       DeltaLossPi |        -0.00938 |
|        DeltaLossV |             -27 |
|                KL |         0.00676 |
|    BacktrackIters |               0 |
|              Time |             112 |
---------------------------------------
Warning: trajectory cut off by epoch at 281 steps.
[32;1mAccepting new params at step 0 of line search.[0m
---------------------------------------
|             Epoch |              16 |
|      AverageEpRet |             465 |
|          StdEpRet |            92.9 |
|          MaxEpRet |             500 |
|          MinEpRet |             219 |
|             EpLen |             465 |
|      AverageVVals |              74 |
|          StdVVals |         0.00759 |
|          MaxVVals |              74 |
|          MinVVals |            73.9 |
| TotalEnvInteracts |         6.8e+04 |
|            LossPi |       -9.31e-10 |
|             LossV |             627 |
|       DeltaLossPi |        -0.00463 |
|        DeltaLossV |           -23.5 |
|                KL |         0.00765 |
|    BacktrackIters |               0 |
|              Time |             146 |
---------------------------------------
Warning: trajectory cut off by epoch at 325 steps.
Warning: trajectory cut off by epoch at 11 steps.
Warning: trajectory cut off by epoch at 224 steps.
Warning: trajectory cut off by epoch at 318 steps.
[32;1mAccepting new params at step 0 of line search.[0m
---------------------------------------
|             Epoch |              17 |
|      AverageEpRet |             312 |
|          StdEpRet |             158 |
|          MaxEpRet |             500 |
|          MinEpRet |             121 |
|             EpLen |             312 |
|      AverageVVals |            76.5 |
|          StdVVals |          0.0281 |
|          MaxVVals |            76.5 |
|          MinVVals |            75.8 |
| TotalEnvInteracts |         7.2e+04 |
|            LossPi |       -7.45e-09 |
|             LossV |             658 |
|       DeltaLossPi |        -0.00825 |
|        DeltaLossV |          -0.824 |
|                KL |         0.00817 |
|    BacktrackIters |               0 |
|              Time |             173 |
---------------------------------------
Warning: trajectory cut off by epoch at 186 steps.
Warning: trajectory cut off by epoch at 97 steps.
Warning: trajectory cut off by epoch at 166 steps.
[32;1mAccepting new params at step 0 of line search.[0m
---------------------------------------
|             Epoch |              18 |
|      AverageEpRet |             444 |
|          StdEpRet |            64.8 |
|          MaxEpRet |             500 |
|          MinEpRet |             314 |
|             EpLen |             444 |
|      AverageVVals |            76.2 |
|          StdVVals |            2.29 |
|          MaxVVals |            76.5 |
|          MinVVals |            47.4 |
| TotalEnvInteracts |         7.6e+04 |
|            LossPi |        -1.4e-08 |
|             LossV |             551 |
|       DeltaLossPi |        -0.00437 |
|        DeltaLossV |            -117 |
|                KL |         0.00562 |
|    BacktrackIters |               0 |
|              Time |             200 |
---------------------------------------
Warning: trajectory cut off by epoch at 290 steps.
[32;1mAccepting new params at step 0 of line search.[0m
---------------------------------------
|             Epoch |              19 |
|      AverageEpRet |             464 |
|          StdEpRet |            95.9 |
|          MaxEpRet |             500 |
|          MinEpRet |             210 |
|             EpLen |             464 |
|      AverageVVals |            72.1 |
|          StdVVals |            11.7 |
|          MaxVVals |            78.6 |
|          MinVVals |            12.9 |
| TotalEnvInteracts |           8e+04 |
|            LossPi |        1.07e-08 |
|             LossV |             690 |
|       DeltaLossPi |        -0.00476 |
|        DeltaLossV |            -149 |
|                KL |         0.00837 |
|    BacktrackIters |               0 |
|              Time |             233 |
---------------------------------------
Warning: trajectory cut off by epoch at 164 steps.
Warning: trajectory cut off by epoch at 216 steps.
Warning: trajectory cut off by epoch at 197 steps.
Warning: trajectory cut off by epoch at 324 steps.
[32;1mAccepting new params at step 0 of line search.[0m
---------------------------------------
|             Epoch |              20 |
|      AverageEpRet |             387 |
|          StdEpRet |            80.7 |
|          MaxEpRet |             500 |
|          MinEpRet |             237 |
|             EpLen |             387 |
|      AverageVVals |            80.3 |
|          StdVVals |          0.0238 |
|          MaxVVals |            80.3 |
|          MinVVals |            80.1 |
| TotalEnvInteracts |         8.4e+04 |
|            LossPi |       -9.52e-09 |
|             LossV |             566 |
|       DeltaLossPi |        -0.00533 |
|        DeltaLossV |           -1.14 |
|                KL |         0.00546 |
|    BacktrackIters |               0 |
|              Time |             254 |
---------------------------------------
Warning: trajectory cut off by epoch at 145 steps.
Warning: trajectory cut off by epoch at 476 steps.
Warning: trajectory cut off by epoch at 183 steps.
Warning: trajectory cut off by epoch at 2 steps.
[32;1mAccepting new params at step 0 of line search.[0m
---------------------------------------
|             Epoch |              21 |
|      AverageEpRet |             355 |
|          StdEpRet |             122 |
|          MaxEpRet |             500 |
|          MinEpRet |             161 |
|             EpLen |             355 |
|      AverageVVals |            79.7 |
|          StdVVals |           0.291 |
|          MaxVVals |            79.8 |
|          MinVVals |            76.4 |
| TotalEnvInteracts |         8.8e+04 |
|            LossPi |        3.73e-09 |
|             LossV |             622 |
|       DeltaLossPi |        -0.00365 |
|        DeltaLossV |           -3.82 |
|                KL |         0.00573 |
|    BacktrackIters |               0 |
|              Time |             285 |
---------------------------------------
Warning: trajectory cut off by epoch at 100 steps.
Warning: trajectory cut off by epoch at 338 steps.
Warning: trajectory cut off by epoch at 254 steps.
[32;1mAccepting new params at step 0 of line search.[0m
---------------------------------------
|             Epoch |              22 |
|      AverageEpRet |             368 |
|          StdEpRet |             138 |
|          MaxEpRet |             500 |
|          MinEpRet |             162 |
|             EpLen |             368 |
|      AverageVVals |            78.7 |
|          StdVVals |          0.0377 |
|          MaxVVals |            78.7 |
|          MinVVals |            78.2 |
| TotalEnvInteracts |         9.2e+04 |
|            LossPi |               0 |
|             LossV |             620 |
|       DeltaLossPi |          -0.008 |
|        DeltaLossV |          -0.724 |
|                KL |         0.00822 |
|    BacktrackIters |               0 |
|              Time |             316 |
---------------------------------------
Warning: trajectory cut off by epoch at 285 steps.
Warning: trajectory cut off by epoch at 110 steps.
Warning: trajectory cut off by epoch at 137 steps.
[32;1mAccepting new params at step 0 of line search.[0m
---------------------------------------
|             Epoch |              23 |
|      AverageEpRet |             385 |
|          StdEpRet |             144 |
|          MaxEpRet |             500 |
|          MinEpRet |             115 |
|             EpLen |             385 |
|      AverageVVals |            78.2 |
|          StdVVals |          0.0253 |
|          MaxVVals |            78.2 |
|          MinVVals |            77.8 |
| TotalEnvInteracts |         9.6e+04 |
|            LossPi |       -7.45e-09 |
|             LossV |             621 |
|       DeltaLossPi |         -0.0113 |
|        DeltaLossV |           -1.53 |
|                KL |         0.00845 |
|    BacktrackIters |               0 |
|              Time |             346 |
---------------------------------------
Warning: trajectory cut off by epoch at 150 steps.
[32;1mAccepting new params at step 0 of line search.[0m
---------------------------------------
|             Epoch |              24 |
|      AverageEpRet |             481 |
|          StdEpRet |            49.6 |
|          MaxEpRet |             500 |
|          MinEpRet |             350 |
|             EpLen |             481 |
|      AverageVVals |            77.5 |
|          StdVVals |            2.86 |
|          MaxVVals |            78.1 |
|          MinVVals |            51.7 |
| TotalEnvInteracts |           1e+05 |
|            LossPi |        1.49e-08 |
|             LossV |             559 |
|       DeltaLossPi |        -0.00578 |
|        DeltaLossV |           -46.4 |
|                KL |         0.00854 |
|    BacktrackIters |               0 |
|              Time |             375 |
---------------------------------------
Warning: trajectory cut off by epoch at 105 steps.
Warning: trajectory cut off by epoch at 9 steps.
[32;1mAccepting new params at step 0 of line search.[0m
---------------------------------------
|             Epoch |              25 |
|      AverageEpRet |             486 |
|          StdEpRet |            34.4 |
|          MaxEpRet |             500 |
|          MinEpRet |             395 |
|             EpLen |             486 |
|      AverageVVals |            77.7 |
|          StdVVals |            7.99 |
|          MaxVVals |            80.3 |
|          MinVVals |            17.9 |
| TotalEnvInteracts |        1.04e+05 |
|            LossPi |        3.73e-09 |
|             LossV |             542 |
|       DeltaLossPi |        -0.00704 |
|        DeltaLossV |           -30.2 |
|                KL |         0.00803 |
|    BacktrackIters |               0 |
|              Time |             409 |
---------------------------------------
[32;1mAccepting new params at step 0 of line search.[0m
---------------------------------------
|             Epoch |              26 |
|      AverageEpRet |             500 |
|          StdEpRet |               0 |
|          MaxEpRet |             500 |
|          MinEpRet |             500 |
|             EpLen |             500 |
|      AverageVVals |            79.8 |
|          StdVVals |            3.58 |
|          MaxVVals |            81.6 |
|          MinVVals |            49.9 |
| TotalEnvInteracts |        1.08e+05 |
|            LossPi |       -4.66e-09 |
|             LossV |             544 |
|       DeltaLossPi |        -0.00734 |
|        DeltaLossV |           -75.4 |
|                KL |         0.00818 |
|    BacktrackIters |               0 |
|              Time |             426 |
---------------------------------------
[32;1mAccepting new params at step 0 of line search.[0m
---------------------------------------
|             Epoch |              27 |
|      AverageEpRet |             500 |
|          StdEpRet |               0 |
|          MaxEpRet |             500 |
|          MinEpRet |             500 |
|             EpLen |             500 |
|      AverageVVals |            80.1 |
|          StdVVals |            3.36 |
|          MaxVVals |            83.2 |
|          MinVVals |            57.1 |
| TotalEnvInteracts |        1.12e+05 |
|            LossPi |       -3.26e-09 |
|             LossV |             565 |
|       DeltaLossPi |        -0.00404 |
|        DeltaLossV |           -23.1 |
|                KL |         0.00903 |
|    BacktrackIters |               0 |
|              Time |             456 |
---------------------------------------
Warning: trajectory cut off by epoch at 157 steps.
[32;1mAccepting new params at step 0 of line search.[0m
---------------------------------------
|             Epoch |              28 |
|      AverageEpRet |             480 |
|          StdEpRet |            51.9 |
|          MaxEpRet |             500 |
|          MinEpRet |             343 |
|             EpLen |             480 |
|      AverageVVals |            77.6 |
|          StdVVals |            9.59 |
|          MaxVVals |            83.4 |
|          MinVVals |            33.9 |
| TotalEnvInteracts |        1.16e+05 |
|            LossPi |        1.12e-08 |
|             LossV |             601 |
|       DeltaLossPi |        -0.00468 |
|        DeltaLossV |           -54.4 |
|                KL |         0.00889 |
|    BacktrackIters |               0 |
|              Time |             478 |
---------------------------------------
[32;1mAccepting new params at step 0 of line search.[0m
---------------------------------------
|             Epoch |              29 |
|      AverageEpRet |             500 |
|          StdEpRet |               0 |
|          MaxEpRet |             500 |
|          MinEpRet |             500 |
|             EpLen |             500 |
|      AverageVVals |            79.9 |
|          StdVVals |            3.08 |
|          MaxVVals |            83.3 |
|          MinVVals |            53.5 |
| TotalEnvInteracts |         1.2e+05 |
|            LossPi |       -2.56e-09 |
|             LossV |             576 |
|       DeltaLossPi |         -0.0035 |
|        DeltaLossV |           -26.2 |
|                KL |         0.00443 |
|    BacktrackIters |               0 |
|              Time |             503 |
---------------------------------------
[32;1mAccepting new params at step 0 of line search.[0m
---------------------------------------
|             Epoch |              30 |
|      AverageEpRet |             500 |
|          StdEpRet |               0 |
|          MaxEpRet |             500 |
|          MinEpRet |             500 |
|             EpLen |             500 |
|      AverageVVals |            75.3 |
|          StdVVals |            15.5 |
|          MaxVVals |              84 |
|          MinVVals |            4.97 |
| TotalEnvInteracts |        1.24e+05 |
|            LossPi |       -9.31e-10 |
|             LossV |             650 |
|       DeltaLossPi |        -0.00522 |
|        DeltaLossV |            -195 |
|                KL |         0.00764 |
|    BacktrackIters |               0 |
|              Time |             539 |
---------------------------------------
Warning: trajectory cut off by epoch at 79 steps.
[32;1mAccepting new params at step 0 of line search.[0m
---------------------------------------
|             Epoch |              31 |
|      AverageEpRet |             490 |
|          StdEpRet |            26.1 |
|          MaxEpRet |             500 |
|          MinEpRet |             421 |
|             EpLen |             490 |
|      AverageVVals |            80.5 |
|          StdVVals |            7.28 |
|          MaxVVals |            85.3 |
|          MinVVals |            36.7 |
| TotalEnvInteracts |        1.28e+05 |
|            LossPi |       -5.59e-09 |
|             LossV |             528 |
|       DeltaLossPi |        -0.00425 |
|        DeltaLossV |            -133 |
|                KL |         0.00728 |
|    BacktrackIters |               0 |
|              Time |             559 |
---------------------------------------
[32;1mAccepting new params at step 0 of line search.[0m
---------------------------------------
|             Epoch |              32 |
|      AverageEpRet |             500 |
|          StdEpRet |               0 |
|          MaxEpRet |             500 |
|          MinEpRet |             500 |
|             EpLen |             500 |
|      AverageVVals |            84.6 |
|          StdVVals |            1.91 |
|          MaxVVals |            86.2 |
|          MinVVals |            73.7 |
| TotalEnvInteracts |        1.32e+05 |
|            LossPi |       -2.33e-10 |
|             LossV |             648 |
|       DeltaLossPi |         -0.0069 |
|        DeltaLossV |           -78.4 |
|                KL |         0.00974 |
|    BacktrackIters |               0 |
|              Time |             585 |
---------------------------------------
[32;1mAccepting new params at step 0 of line search.[0m
---------------------------------------
|             Epoch |              33 |
|      AverageEpRet |             500 |
|          StdEpRet |               0 |
|          MaxEpRet |             500 |
|          MinEpRet |             500 |
|             EpLen |             500 |
|      AverageVVals |            81.5 |
|          StdVVals |            1.83 |
|          MaxVVals |            84.5 |
|          MinVVals |            78.9 |
| TotalEnvInteracts |        1.36e+05 |
|            LossPi |       -2.91e-09 |
|             LossV |             595 |
|       DeltaLossPi |        -0.00556 |
|        DeltaLossV |           -3.69 |
|                KL |         0.00946 |
|    BacktrackIters |               0 |
|              Time |             615 |
---------------------------------------
[32;1mAccepting new params at step 0 of line search.[0m
---------------------------------------
|             Epoch |              34 |
|      AverageEpRet |             500 |
|          StdEpRet |               0 |
|          MaxEpRet |             500 |
|          MinEpRet |             500 |
|             EpLen |             500 |
|      AverageVVals |            80.2 |
|          StdVVals |            5.17 |
|          MaxVVals |            83.8 |
|          MinVVals |            48.8 |
| TotalEnvInteracts |         1.4e+05 |
|            LossPi |       -4.66e-09 |
|             LossV |             538 |
|       DeltaLossPi |        -0.00196 |
|        DeltaLossV |           -16.5 |
|                KL |         0.00866 |
|    BacktrackIters |               0 |
|              Time |             650 |
---------------------------------------
[32;1mAccepting new params at step 0 of line search.[0m
---------------------------------------
|             Epoch |              35 |
|      AverageEpRet |             500 |
|          StdEpRet |               0 |
|          MaxEpRet |             500 |
|          MinEpRet |             500 |
|             EpLen |             500 |
|      AverageVVals |            81.1 |
|          StdVVals |            2.62 |
|          MaxVVals |            84.4 |
|          MinVVals |            67.1 |
| TotalEnvInteracts |        1.44e+05 |
|            LossPi |        8.38e-09 |
|             LossV |             567 |
|       DeltaLossPi |        -0.00371 |
|        DeltaLossV |           -19.3 |
|                KL |         0.00901 |
|    BacktrackIters |               0 |
|              Time |             676 |
---------------------------------------
[32;1mAccepting new params at step 0 of line search.[0m
---------------------------------------
|             Epoch |              36 |
|      AverageEpRet |             500 |
|          StdEpRet |               0 |
|          MaxEpRet |             500 |
|          MinEpRet |             500 |
|             EpLen |             500 |
|      AverageVVals |            81.6 |
|          StdVVals |               2 |
|          MaxVVals |            84.1 |
|          MinVVals |            74.9 |
| TotalEnvInteracts |        1.48e+05 |
|            LossPi |       -1.33e-08 |
|             LossV |             607 |
|       DeltaLossPi |        -0.00143 |
|        DeltaLossV |           -23.5 |
|                KL |         0.00776 |
|    BacktrackIters |               0 |
|              Time |             703 |
---------------------------------------
[32;1mAccepting new params at step 0 of line search.[0m
---------------------------------------
|             Epoch |              37 |
|      AverageEpRet |             500 |
|          StdEpRet |               0 |
|          MaxEpRet |             500 |
|          MinEpRet |             500 |
|             EpLen |             500 |
|      AverageVVals |            79.9 |
|          StdVVals |            3.66 |
|          MaxVVals |            84.2 |
|          MinVVals |            53.8 |
| TotalEnvInteracts |        1.52e+05 |
|            LossPi |        1.72e-08 |
|             LossV |             584 |
|       DeltaLossPi |        -0.00236 |
|        DeltaLossV |           -24.8 |
|                KL |         0.00809 |
|    BacktrackIters |               0 |
|              Time |             738 |
---------------------------------------
[32;1mAccepting new params at step 0 of line search.[0m
---------------------------------------
|             Epoch |              38 |
|      AverageEpRet |             500 |
|          StdEpRet |               0 |
|          MaxEpRet |             500 |
|          MinEpRet |             500 |
|             EpLen |             500 |
|      AverageVVals |            73.3 |
|          StdVVals |            13.6 |
|          MaxVVals |            83.7 |
|          MinVVals |            21.9 |
| TotalEnvInteracts |        1.56e+05 |
|            LossPi |       -2.42e-08 |
|             LossV |             480 |
|       DeltaLossPi |        -0.00265 |
|        DeltaLossV |            -136 |
|                KL |         0.00643 |
|    BacktrackIters |               0 |
|              Time |             769 |
---------------------------------------
Warning: trajectory cut off by epoch at 104 steps.
Warning: trajectory cut off by epoch at 59 steps.
Warning: trajectory cut off by epoch at 329 steps.
[32;1mAccepting new params at step 0 of line search.[0m
---------------------------------------
|             Epoch |              39 |
|      AverageEpRet |             438 |
|          StdEpRet |            74.1 |
|          MaxEpRet |             500 |
|          MinEpRet |             282 |
|             EpLen |             438 |
|      AverageVVals |            71.7 |
|          StdVVals |            17.1 |
|          MaxVVals |            88.3 |
|          MinVVals |            1.65 |
| TotalEnvInteracts |         1.6e+05 |
|            LossPi |       -3.73e-09 |
|             LossV |             257 |
|       DeltaLossPi |        -0.00739 |
|        DeltaLossV |            -131 |
|                KL |         0.00749 |
|    BacktrackIters |               0 |
|              Time |             802 |
---------------------------------------
Warning: trajectory cut off by epoch at 25 steps.
[32;1mAccepting new params at step 0 of line search.[0m
---------------------------------------
|             Epoch |              40 |
|      AverageEpRet |             497 |
|          StdEpRet |            8.27 |
|          MaxEpRet |             500 |
|          MinEpRet |             475 |
|             EpLen |             497 |
|      AverageVVals |            85.9 |
|          StdVVals |              12 |
|          MaxVVals |            92.7 |
|          MinVVals |            8.15 |
| TotalEnvInteracts |        1.64e+05 |
|            LossPi |       -1.86e-09 |
|             LossV |             448 |
|       DeltaLossPi |        -0.00343 |
|        DeltaLossV |            -113 |
|                KL |         0.00338 |
|    BacktrackIters |               0 |
|              Time |             839 |
---------------------------------------
Warning: trajectory cut off by epoch at 13 steps.
Warning: trajectory cut off by epoch at 9 steps.
[32;1mAccepting new params at step 0 of line search.[0m
---------------------------------------
|             Epoch |              41 |
|      AverageEpRet |             497 |
|          StdEpRet |            4.87 |
|          MaxEpRet |             500 |
|          MinEpRet |             487 |
|             EpLen |             497 |
|      AverageVVals |            78.6 |
|          StdVVals |            17.4 |
|          MaxVVals |            90.8 |
|          MinVVals |            21.1 |
| TotalEnvInteracts |        1.68e+05 |
|            LossPi |               0 |
|             LossV |             230 |
|       DeltaLossPi |        -0.00304 |
|        DeltaLossV |           -31.2 |
|                KL |         0.00665 |
|    BacktrackIters |               0 |
|              Time |             872 |
---------------------------------------
[32;1mAccepting new params at step 0 of line search.[0m
---------------------------------------
|             Epoch |              42 |
|      AverageEpRet |             500 |
|          StdEpRet |               0 |
|          MaxEpRet |             500 |
|          MinEpRet |             500 |
|             EpLen |             500 |
|      AverageVVals |            87.3 |
|          StdVVals |            6.35 |
|          MaxVVals |              93 |
|          MinVVals |            41.8 |
| TotalEnvInteracts |        1.72e+05 |
|            LossPi |       -9.31e-09 |
|             LossV |             576 |
|       DeltaLossPi |        -0.00554 |
|        DeltaLossV |           -83.7 |
|                KL |         0.00964 |
|    BacktrackIters |               0 |
|              Time |             905 |
---------------------------------------
[32;1mAccepting new params at step 0 of line search.[0m
---------------------------------------
|             Epoch |              43 |
|      AverageEpRet |             500 |
|          StdEpRet |               0 |
|          MaxEpRet |             500 |
|          MinEpRet |             500 |
|             EpLen |             500 |
|      AverageVVals |            81.7 |
|          StdVVals |            4.43 |
|          MaxVVals |            90.2 |
|          MinVVals |            73.7 |
| TotalEnvInteracts |        1.76e+05 |
|            LossPi |       -6.98e-10 |
|             LossV |             591 |
|       DeltaLossPi |        -0.00355 |
|        DeltaLossV |           -28.5 |
|                KL |         0.00783 |
|    BacktrackIters |               0 |
|              Time |             935 |
---------------------------------------
Warning: trajectory cut off by epoch at 286 steps.
Warning: trajectory cut off by epoch at 79 steps.
Warning: trajectory cut off by epoch at 205 steps.
Warning: trajectory cut off by epoch at 35 steps.
[32;1mAccepting new params at step 0 of line search.[0m
---------------------------------------
|             Epoch |              44 |
|      AverageEpRet |             309 |
|          StdEpRet |             128 |
|          MaxEpRet |             500 |
|          MinEpRet |             177 |
|             EpLen |             309 |
|      AverageVVals |              83 |
|          StdVVals |            6.67 |
|          MaxVVals |            90.3 |
|          MinVVals |            39.5 |
| TotalEnvInteracts |         1.8e+05 |
|            LossPi |        2.79e-09 |
|             LossV |             622 |
|       DeltaLossPi |        -0.00513 |
|        DeltaLossV |            -461 |
|                KL |         0.00754 |
|    BacktrackIters |               0 |
|              Time |             970 |
---------------------------------------
Warning: trajectory cut off by epoch at 135 steps.
Warning: trajectory cut off by epoch at 77 steps.
Warning: trajectory cut off by epoch at 134 steps.
Warning: trajectory cut off by epoch at 139 steps.
[32;1mAccepting new params at step 0 of line search.[0m
---------------------------------------
|             Epoch |              45 |
|      AverageEpRet |             220 |
|          StdEpRet |            30.3 |
|          MaxEpRet |             278 |
|          MinEpRet |             174 |
|             EpLen |             220 |
|      AverageVVals |            70.1 |
|          StdVVals |            23.6 |
|          MaxVVals |            91.2 |
|          MinVVals |            11.4 |
| TotalEnvInteracts |        1.84e+05 |
|            LossPi |               0 |
|             LossV |             121 |
|       DeltaLossPi |         -0.0185 |
|        DeltaLossV |           -97.5 |
|                KL |         0.00951 |
|    BacktrackIters |               0 |
|              Time |           1e+03 |
---------------------------------------
Warning: trajectory cut off by epoch at 198 steps.
Warning: trajectory cut off by epoch at 160 steps.
Warning: trajectory cut off by epoch at 276 steps.
[32;1mAccepting new params at step 1 of line search.[0m
---------------------------------------
|             Epoch |              46 |
|      AverageEpRet |             421 |
|          StdEpRet |             106 |
|          MaxEpRet |             500 |
|          MinEpRet |             224 |
|             EpLen |             421 |
|      AverageVVals |            69.1 |
|          StdVVals |            15.3 |
|          MaxVVals |            89.7 |
|          MinVVals |            9.35 |
| TotalEnvInteracts |        1.88e+05 |
|            LossPi |        1.86e-09 |
|             LossV |             516 |
|       DeltaLossPi |        -0.00849 |
|        DeltaLossV |            -212 |
|                KL |         0.00632 |
|    BacktrackIters |               1 |
|              Time |        1.03e+03 |
---------------------------------------
[32;1mAccepting new params at step 0 of line search.[0m
---------------------------------------
|             Epoch |              47 |
|      AverageEpRet |             500 |
|          StdEpRet |               0 |
|          MaxEpRet |             500 |
|          MinEpRet |             500 |
|             EpLen |             500 |
|      AverageVVals |            78.4 |
|          StdVVals |            8.45 |
|          MaxVVals |            92.7 |
|          MinVVals |            57.3 |
| TotalEnvInteracts |        1.92e+05 |
|            LossPi |        1.02e-08 |
|             LossV |             519 |
|       DeltaLossPi |          -0.008 |
|        DeltaLossV |            -106 |
|                KL |         0.00851 |
|    BacktrackIters |               0 |
|              Time |        1.07e+03 |
---------------------------------------
[32;1mAccepting new params at step 0 of line search.[0m
---------------------------------------
|             Epoch |              48 |
|      AverageEpRet |             500 |
|          StdEpRet |               0 |
|          MaxEpRet |             500 |
|          MinEpRet |             500 |
|             EpLen |             500 |
|      AverageVVals |            80.3 |
|          StdVVals |            9.75 |
|          MaxVVals |            95.1 |
|          MinVVals |            61.4 |
| TotalEnvInteracts |        1.96e+05 |
|            LossPi |               0 |
|             LossV |             501 |
|       DeltaLossPi |        -0.00317 |
|        DeltaLossV |           -65.2 |
|                KL |         0.00756 |
|    BacktrackIters |               0 |
|              Time |         1.1e+03 |
---------------------------------------
[32;1mAccepting new params at step 0 of line search.[0m
---------------------------------------
|             Epoch |              49 |
|      AverageEpRet |             500 |
|          StdEpRet |               0 |
|          MaxEpRet |             500 |
|          MinEpRet |             500 |
|             EpLen |             500 |
|      AverageVVals |            79.4 |
|          StdVVals |            11.6 |
|          MaxVVals |            98.6 |
|          MinVVals |              67 |
| TotalEnvInteracts |           2e+05 |
|            LossPi |        1.63e-09 |
|             LossV |             444 |
|       DeltaLossPi |        -0.00495 |
|        DeltaLossV |           -18.4 |
|                KL |         0.00762 |
|    BacktrackIters |               0 |
|              Time |        1.13e+03 |
---------------------------------------
