--------------------------------------------------------------------------
[[20285,1],0]: A high-performance Open MPI point-to-point messaging module
was unable to find any relevant network interfaces:

Module: OpenFabrics (openib)
  Host: GCRAZGDL0429

Another transport will be used instead, although this may result in
lower performance.

NOTE: You can disable this warning by setting the MCA parameter
btl_base_warn_component_unused to 0.
--------------------------------------------------------------------------
--------------------------------------------------------------------------
[[20335,1],1]: A high-performance Open MPI point-to-point messaging module
was unable to find any relevant network interfaces:

Module: OpenFabrics (openib)
  Host: GCRAZGDL0429

Another transport will be used instead, although this may result in
lower performance.

NOTE: You can disable this warning by setting the MCA parameter
btl_base_warn_component_unused to 0.
--------------------------------------------------------------------------
Warning: Log dir exp/trpo_CartPole-v1/trpo_CartPole-v1_s2 already exists! Storing info there anyway.
[32;1mLogging data to exp/trpo_CartPole-v1/trpo_CartPole-v1_s2/progress.txt[0m
[36;1mSaving config:
[0m
{
    "ac_kwargs":	{
        "hidden_sizes":	[
            64,
            64
        ]
    },
    "actor_critic":	"mlp_actor_critic",
    "algo":	"trpo",
    "backtrack_coeff":	0.8,
    "backtrack_iters":	10,
    "cg_iters":	10,
    "damping_coeff":	0.1,
    "delta":	0.01,
    "env_fn":	"<function <lambda> at 0x7ff5b151b4d0>",
    "epochs":	50,
    "exp_name":	"trpo_CartPole-v1",
    "gamma":	0.99,
    "lam":	0.97,
    "logger":	{
        "<spinup.utils.logx.EpochLogger object at 0x7ff5b14c5350>":	{
            "epoch_dict":	{},
            "exp_name":	"trpo_CartPole-v1",
            "first_row":	true,
            "log_current_row":	{},
            "log_headers":	[],
            "output_dir":	"exp/trpo_CartPole-v1/trpo_CartPole-v1_s2",
            "output_file":	{
                "<_io.TextIOWrapper name='exp/trpo_CartPole-v1/trpo_CartPole-v1_s2/progress.txt' mode='w' encoding='UTF-8'>":	{
                    "mode":	"w"
                }
            }
        }
    },
    "logger_kwargs":	{
        "exp_name":	"trpo_CartPole-v1",
        "output_dir":	"exp/trpo_CartPole-v1/trpo_CartPole-v1_s2"
    },
    "max_ep_len":	1000,
    "save_freq":	10,
    "seed":	2,
    "steps_per_epoch":	4000,
    "train_v_iters":	80,
    "vf_lr":	0.001
}
[32;1m
Number of parameters: 	 pi: 4610, 	 v: 4545
[0m
[GCRAZGDL0429:18242] 3 more processes have sent help message help-mpi-btl-base.txt / btl:no-nics
[GCRAZGDL0429:18242] Set MCA parameter "orte_base_help_aggregate" to 0 to see all help / error messages
2022-04-12 03:21:45.481729: I tensorflow/core/platform/cpu_feature_guard.cc:142] Your CPU supports instructions that this TensorFlow binary was not compiled to use: AVX2 FMA
2022-04-12 03:21:45.525214: I tensorflow/core/platform/cpu_feature_guard.cc:142] Your CPU supports instructions that this TensorFlow binary was not compiled to use: AVX2 FMA
2022-04-12 03:21:45.546525: I tensorflow/core/platform/profile_utils/cpu_utils.cc:94] CPU Frequency: 2593990000 Hz
2022-04-12 03:21:45.547512: I tensorflow/compiler/xla/service/service.cc:168] XLA service 0x563da90b2fc0 initialized for platform Host (this does not guarantee that XLA will be used). Devices:
2022-04-12 03:21:45.547606: I tensorflow/compiler/xla/service/service.cc:176]   StreamExecutor device (0): Host, Default Version
2022-04-12 03:21:45.553121: I tensorflow/core/platform/profile_utils/cpu_utils.cc:94] CPU Frequency: 2593990000 Hz
2022-04-12 03:21:45.554053: I tensorflow/compiler/xla/service/service.cc:168] XLA service 0x55e18f526d00 initialized for platform Host (this does not guarantee that XLA will be used). Devices:
2022-04-12 03:21:45.554144: I tensorflow/compiler/xla/service/service.cc:176]   StreamExecutor device (0): Host, Default Version
2022-04-12 03:21:45.614530: I tensorflow/core/platform/cpu_feature_guard.cc:142] Your CPU supports instructions that this TensorFlow binary was not compiled to use: AVX2 FMA
2022-04-12 03:21:45.677156: I tensorflow/core/platform/profile_utils/cpu_utils.cc:94] CPU Frequency: 2593990000 Hz
2022-04-12 03:21:45.681721: I tensorflow/compiler/xla/service/service.cc:168] XLA service 0x55c3b55b2ce0 initialized for platform Host (this does not guarantee that XLA will be used). Devices:
2022-04-12 03:21:45.681758: I tensorflow/compiler/xla/service/service.cc:176]   StreamExecutor device (0): Host, Default Version
2022-04-12 03:21:45.702454: I tensorflow/core/platform/cpu_feature_guard.cc:142] Your CPU supports instructions that this TensorFlow binary was not compiled to use: AVX2 FMA
2022-04-12 03:21:45.781696: I tensorflow/core/platform/profile_utils/cpu_utils.cc:94] CPU Frequency: 2593990000 Hz
2022-04-12 03:21:45.782156: I tensorflow/compiler/xla/service/service.cc:168] XLA service 0x55a0aba685e0 initialized for platform Host (this does not guarantee that XLA will be used). Devices:
2022-04-12 03:21:45.782247: I tensorflow/compiler/xla/service/service.cc:176]   StreamExecutor device (0): Host, Default Version
Warning: trajectory cut off by epoch at 1 steps.
Warning: trajectory cut off by epoch at 22 steps.
Warning: trajectory cut off by epoch at 22 steps.
Warning: trajectory cut off by epoch at 11 steps.
[32;1mAccepting new params at step 0 of line search.[0m
---------------------------------------
|             Epoch |               0 |
|      AverageEpRet |            24.2 |
|          StdEpRet |            15.6 |
|          MaxEpRet |             128 |
|          MinEpRet |               9 |
|             EpLen |            24.2 |
|      AverageVVals |         0.00234 |
|          StdVVals |           0.175 |
|          MaxVVals |           0.461 |
|          MinVVals |          -0.459 |
| TotalEnvInteracts |           4e+03 |
|            LossPi |        2.46e-07 |
|             LossV |             376 |
|       DeltaLossPi |         -0.0201 |
|        DeltaLossV |            -202 |
|                KL |         0.00887 |
|    BacktrackIters |               0 |
|              Time |            22.9 |
---------------------------------------
Warning: trajectory cut off by epoch at 9 steps.
Warning: trajectory cut off by epoch at 27 steps.
Warning: trajectory cut off by epoch at 21 steps.
Warning: trajectory cut off by epoch at 3 steps.
[32;1mAccepting new params at step 0 of line search.[0m
---------------------------------------
|             Epoch |               1 |
|      AverageEpRet |            28.6 |
|          StdEpRet |            15.3 |
|          MaxEpRet |              93 |
|          MinEpRet |              10 |
|             EpLen |            28.6 |
|      AverageVVals |            9.88 |
|          StdVVals |            1.88 |
|          MaxVVals |            15.6 |
|          MinVVals |           -2.57 |
| TotalEnvInteracts |           8e+03 |
|            LossPi |        9.31e-09 |
|             LossV |             174 |
|       DeltaLossPi |          -0.021 |
|        DeltaLossV |           -51.4 |
|                KL |         0.00857 |
|    BacktrackIters |               0 |
|              Time |            50.7 |
---------------------------------------
Warning: trajectory cut off by epoch at 119 steps.
Warning: trajectory cut off by epoch at 32 steps.
Warning: trajectory cut off by epoch at 23 steps.
Warning: trajectory cut off by epoch at 6 steps.
[32;1mAccepting new params at step 0 of line search.[0m
---------------------------------------
|             Epoch |               2 |
|      AverageEpRet |            38.2 |
|          StdEpRet |            24.5 |
|          MaxEpRet |             137 |
|          MinEpRet |              10 |
|             EpLen |            38.2 |
|      AverageVVals |            15.8 |
|          StdVVals |            4.08 |
|          MaxVVals |            19.8 |
|          MinVVals |           -17.3 |
| TotalEnvInteracts |         1.2e+04 |
|            LossPi |       -1.49e-08 |
|             LossV |             303 |
|       DeltaLossPi |         -0.0246 |
|        DeltaLossV |           -60.3 |
|                KL |          0.0079 |
|    BacktrackIters |               0 |
|              Time |            79.1 |
---------------------------------------
Warning: trajectory cut off by epoch at 139 steps.
Warning: trajectory cut off by epoch at 36 steps.
Warning: trajectory cut off by epoch at 12 steps.
Warning: trajectory cut off by epoch at 29 steps.
[32;1mAccepting new params at step 0 of line search.[0m
---------------------------------------
|             Epoch |               3 |
|      AverageEpRet |              61 |
|          StdEpRet |            37.1 |
|          MaxEpRet |             181 |
|          MinEpRet |              13 |
|             EpLen |              61 |
|      AverageVVals |            21.7 |
|          StdVVals |            4.04 |
|          MaxVVals |            24.6 |
|          MinVVals |           -11.5 |
| TotalEnvInteracts |         1.6e+04 |
|            LossPi |       -2.24e-08 |
|             LossV |             503 |
|       DeltaLossPi |         -0.0211 |
|        DeltaLossV |            -120 |
|                KL |          0.0078 |
|    BacktrackIters |               0 |
|              Time |             113 |
---------------------------------------
Warning: trajectory cut off by epoch at 57 steps.
Warning: trajectory cut off by epoch at 15 steps.
Warning: trajectory cut off by epoch at 78 steps.
Warning: trajectory cut off by epoch at 60 steps.
[32;1mAccepting new params at step 0 of line search.[0m
---------------------------------------
|             Epoch |               4 |
|      AverageEpRet |            88.1 |
|          StdEpRet |            64.4 |
|          MaxEpRet |             232 |
|          MinEpRet |              17 |
|             EpLen |            88.1 |
|      AverageVVals |            30.1 |
|          StdVVals |            2.42 |
|          MaxVVals |            31.5 |
|          MinVVals |            14.3 |
| TotalEnvInteracts |           2e+04 |
|            LossPi |        9.31e-09 |
|             LossV |             762 |
|       DeltaLossPi |         -0.0221 |
|        DeltaLossV |            -189 |
|                KL |         0.00744 |
|    BacktrackIters |               0 |
|              Time |             147 |
---------------------------------------
Warning: trajectory cut off by epoch at 47 steps.
Warning: trajectory cut off by epoch at 213 steps.
Warning: trajectory cut off by epoch at 177 steps.
Warning: trajectory cut off by epoch at 140 steps.
[32;1mAccepting new params at step 0 of line search.[0m
---------------------------------------
|             Epoch |               5 |
|      AverageEpRet |             180 |
|          StdEpRet |            53.1 |
|          MaxEpRet |             264 |
|          MinEpRet |              77 |
|             EpLen |             180 |
|      AverageVVals |            38.4 |
|          StdVVals |            3.48 |
|          MaxVVals |            40.4 |
|          MinVVals |            8.56 |
| TotalEnvInteracts |         2.4e+04 |
|            LossPi |       -9.31e-09 |
|             LossV |             870 |
|       DeltaLossPi |         -0.0147 |
|        DeltaLossV |            -362 |
|                KL |         0.00849 |
|    BacktrackIters |               0 |
|              Time |             175 |
---------------------------------------
Warning: trajectory cut off by epoch at 219 steps.
Warning: trajectory cut off by epoch at 189 steps.
Warning: trajectory cut off by epoch at 171 steps.
Warning: trajectory cut off by epoch at 200 steps.
[32;1mAccepting new params at step 0 of line search.[0m
---------------------------------------
|             Epoch |               6 |
|      AverageEpRet |             293 |
|          StdEpRet |             113 |
|          MaxEpRet |             460 |
|          MinEpRet |              65 |
|             EpLen |             293 |
|      AverageVVals |            46.5 |
|          StdVVals |            8.49 |
|          MaxVVals |              51 |
|          MinVVals |            9.21 |
| TotalEnvInteracts |         2.8e+04 |
|            LossPi |       -1.04e-07 |
|             LossV |             953 |
|       DeltaLossPi |          -0.011 |
|        DeltaLossV |            -402 |
|                KL |         0.00752 |
|    BacktrackIters |               0 |
|              Time |             204 |
---------------------------------------
Warning: trajectory cut off by epoch at 214 steps.
Warning: trajectory cut off by epoch at 162 steps.
Warning: trajectory cut off by epoch at 39 steps.
Warning: trajectory cut off by epoch at 139 steps.
[32;1mAccepting new params at step 0 of line search.[0m
---------------------------------------
|             Epoch |               7 |
|      AverageEpRet |             191 |
|          StdEpRet |            76.7 |
|          MaxEpRet |             367 |
|          MinEpRet |              64 |
|             EpLen |             191 |
|      AverageVVals |            53.8 |
|          StdVVals |            12.9 |
|          MaxVVals |            60.8 |
|          MinVVals |            9.46 |
| TotalEnvInteracts |         3.2e+04 |
|            LossPi |       -1.21e-08 |
|             LossV |             339 |
|       DeltaLossPi |         -0.0134 |
|        DeltaLossV |           -95.8 |
|                KL |         0.00872 |
|    BacktrackIters |               0 |
|              Time |             235 |
---------------------------------------
Warning: trajectory cut off by epoch at 143 steps.
Warning: trajectory cut off by epoch at 173 steps.
Warning: trajectory cut off by epoch at 67 steps.
Warning: trajectory cut off by epoch at 95 steps.
[32;1mAccepting new params at step 0 of line search.[0m
---------------------------------------
|             Epoch |               8 |
|      AverageEpRet |             252 |
|          StdEpRet |              94 |
|          MaxEpRet |             500 |
|          MinEpRet |             132 |
|             EpLen |             252 |
|      AverageVVals |              58 |
|          StdVVals |            12.9 |
|          MaxVVals |            64.7 |
|          MinVVals |            11.5 |
| TotalEnvInteracts |         3.6e+04 |
|            LossPi |        2.42e-08 |
|             LossV |             401 |
|       DeltaLossPi |         -0.0112 |
|        DeltaLossV |           -98.6 |
|                KL |         0.00691 |
|    BacktrackIters |               0 |
|              Time |             263 |
---------------------------------------
Warning: trajectory cut off by epoch at 19 steps.
Warning: trajectory cut off by epoch at 254 steps.
Warning: trajectory cut off by epoch at 228 steps.
Warning: trajectory cut off by epoch at 109 steps.
[32;1mAccepting new params at step 0 of line search.[0m
---------------------------------------
|             Epoch |               9 |
|      AverageEpRet |             377 |
|          StdEpRet |             107 |
|          MaxEpRet |             500 |
|          MinEpRet |             201 |
|             EpLen |             377 |
|      AverageVVals |            60.9 |
|          StdVVals |            14.4 |
|          MaxVVals |            68.9 |
|          MinVVals |            12.6 |
| TotalEnvInteracts |           4e+04 |
|            LossPi |               0 |
|             LossV |             447 |
|       DeltaLossPi |        -0.00542 |
|        DeltaLossV |            -136 |
|                KL |         0.00714 |
|    BacktrackIters |               0 |
|              Time |             297 |
---------------------------------------
Warning: trajectory cut off by epoch at 226 steps.
[32;1mAccepting new params at step 0 of line search.[0m
---------------------------------------
|             Epoch |              10 |
|      AverageEpRet |             472 |
|          StdEpRet |            74.7 |
|          MaxEpRet |             500 |
|          MinEpRet |             274 |
|             EpLen |             472 |
|      AverageVVals |            71.5 |
|          StdVVals |             8.3 |
|          MaxVVals |              74 |
|          MinVVals |            13.6 |
| TotalEnvInteracts |         4.4e+04 |
|            LossPi |       -3.73e-09 |
|             LossV |             582 |
|       DeltaLossPi |        -0.00386 |
|        DeltaLossV |           -92.1 |
|                KL |         0.00902 |
|    BacktrackIters |               0 |
|              Time |             333 |
---------------------------------------
Warning: trajectory cut off by epoch at 152 steps.
Warning: trajectory cut off by epoch at 449 steps.
Warning: trajectory cut off by epoch at 422 steps.
[32;1mAccepting new params at step 0 of line search.[0m
---------------------------------------
|             Epoch |              11 |
|      AverageEpRet |             331 |
|          StdEpRet |             195 |
|          MaxEpRet |             500 |
|          MinEpRet |              51 |
|             EpLen |             331 |
|      AverageVVals |            74.7 |
|          StdVVals |            4.63 |
|          MaxVVals |            77.9 |
|          MinVVals |            54.8 |
| TotalEnvInteracts |         4.8e+04 |
|            LossPi |       -9.31e-09 |
|             LossV |             585 |
|       DeltaLossPi |        -0.00872 |
|        DeltaLossV |           -40.3 |
|                KL |         0.00757 |
|    BacktrackIters |               0 |
|              Time |             366 |
---------------------------------------
[32;1mAccepting new params at step 0 of line search.[0m
---------------------------------------
|             Epoch |              12 |
|      AverageEpRet |             500 |
|          StdEpRet |               0 |
|          MaxEpRet |             500 |
|          MinEpRet |             500 |
|             EpLen |             500 |
|      AverageVVals |            77.3 |
|          StdVVals |            6.93 |
|          MaxVVals |            80.2 |
|          MinVVals |            31.4 |
| TotalEnvInteracts |         5.2e+04 |
|            LossPi |        4.66e-09 |
|             LossV |             577 |
|       DeltaLossPi |        -0.00458 |
|        DeltaLossV |           -39.6 |
|                KL |         0.00775 |
|    BacktrackIters |               0 |
|              Time |             393 |
---------------------------------------
Warning: trajectory cut off by epoch at 211 steps.
Warning: trajectory cut off by epoch at 225 steps.
[32;1mAccepting new params at step 0 of line search.[0m
---------------------------------------
|             Epoch |              13 |
|      AverageEpRet |             446 |
|          StdEpRet |            94.5 |
|          MaxEpRet |             500 |
|          MinEpRet |             275 |
|             EpLen |             446 |
|      AverageVVals |            78.3 |
|          StdVVals |            2.84 |
|          MaxVVals |            81.6 |
|          MinVVals |            62.9 |
| TotalEnvInteracts |         5.6e+04 |
|            LossPi |        9.31e-10 |
|             LossV |             524 |
|       DeltaLossPi |        -0.00587 |
|        DeltaLossV |           -75.3 |
|                KL |          0.0085 |
|    BacktrackIters |               0 |
|              Time |             412 |
---------------------------------------
[32;1mAccepting new params at step 0 of line search.[0m
---------------------------------------
|             Epoch |              14 |
|      AverageEpRet |             500 |
|          StdEpRet |               0 |
|          MaxEpRet |             500 |
|          MinEpRet |             500 |
|             EpLen |             500 |
|      AverageVVals |            79.3 |
|          StdVVals |            8.61 |
|          MaxVVals |            83.9 |
|          MinVVals |            33.9 |
| TotalEnvInteracts |           6e+04 |
|            LossPi |               0 |
|             LossV |             535 |
|       DeltaLossPi |        -0.00595 |
|        DeltaLossV |           -47.2 |
|                KL |         0.00879 |
|    BacktrackIters |               0 |
|              Time |             445 |
---------------------------------------
[32;1mAccepting new params at step 0 of line search.[0m
---------------------------------------
|             Epoch |              15 |
|      AverageEpRet |             500 |
|          StdEpRet |               0 |
|          MaxEpRet |             500 |
|          MinEpRet |             500 |
|             EpLen |             500 |
|      AverageVVals |            80.6 |
|          StdVVals |            6.85 |
|          MaxVVals |            85.5 |
|          MinVVals |            55.7 |
| TotalEnvInteracts |         6.4e+04 |
|            LossPi |       -6.98e-09 |
|             LossV |             608 |
|       DeltaLossPi |        -0.00417 |
|        DeltaLossV |           -18.8 |
|                KL |         0.00962 |
|    BacktrackIters |               0 |
|              Time |             480 |
---------------------------------------
Warning: trajectory cut off by epoch at 242 steps.
Warning: trajectory cut off by epoch at 106 steps.
[32;1mAccepting new params at step 0 of line search.[0m
---------------------------------------
|             Epoch |              16 |
|      AverageEpRet |             456 |
|          StdEpRet |            82.7 |
|          MaxEpRet |             500 |
|          MinEpRet |             258 |
|             EpLen |             456 |
|      AverageVVals |            82.6 |
|          StdVVals |            2.48 |
|          MaxVVals |              85 |
|          MinVVals |            64.5 |
| TotalEnvInteracts |         6.8e+04 |
|            LossPi |        7.92e-09 |
|             LossV |             574 |
|       DeltaLossPi |        -0.00749 |
|        DeltaLossV |           -38.3 |
|                KL |         0.00857 |
|    BacktrackIters |               0 |
|              Time |             506 |
---------------------------------------
[32;1mAccepting new params at step 0 of line search.[0m
---------------------------------------
|             Epoch |              17 |
|      AverageEpRet |             500 |
|          StdEpRet |               0 |
|          MaxEpRet |             500 |
|          MinEpRet |             500 |
|             EpLen |             500 |
|      AverageVVals |            78.8 |
|          StdVVals |            5.55 |
|          MaxVVals |              85 |
|          MinVVals |            60.7 |
| TotalEnvInteracts |         7.2e+04 |
|            LossPi |       -8.38e-09 |
|             LossV |             503 |
|       DeltaLossPi |        -0.00431 |
|        DeltaLossV |           -37.3 |
|                KL |         0.00857 |
|    BacktrackIters |               0 |
|              Time |             527 |
---------------------------------------
[32;1mAccepting new params at step 0 of line search.[0m
---------------------------------------
|             Epoch |              18 |
|      AverageEpRet |             500 |
|          StdEpRet |               0 |
|          MaxEpRet |             500 |
|          MinEpRet |             500 |
|             EpLen |             500 |
|      AverageVVals |            84.5 |
|          StdVVals |            1.83 |
|          MaxVVals |            86.1 |
|          MinVVals |            75.1 |
| TotalEnvInteracts |         7.6e+04 |
|            LossPi |        1.16e-09 |
|             LossV |             617 |
|       DeltaLossPi |        -0.00211 |
|        DeltaLossV |           -24.7 |
|                KL |         0.00711 |
|    BacktrackIters |               0 |
|              Time |             548 |
---------------------------------------
[32;1mAccepting new params at step 0 of line search.[0m
---------------------------------------
|             Epoch |              19 |
|      AverageEpRet |             500 |
|          StdEpRet |               0 |
|          MaxEpRet |             500 |
|          MinEpRet |             500 |
|             EpLen |             500 |
|      AverageVVals |            81.3 |
|          StdVVals |            3.53 |
|          MaxVVals |            84.8 |
|          MinVVals |            63.2 |
| TotalEnvInteracts |           8e+04 |
|            LossPi |        4.66e-10 |
|             LossV |             592 |
|       DeltaLossPi |        -0.00637 |
|        DeltaLossV |           -11.3 |
|                KL |         0.00856 |
|    BacktrackIters |               0 |
|              Time |             579 |
---------------------------------------
Warning: trajectory cut off by epoch at 44 steps.
Warning: trajectory cut off by epoch at 274 steps.
Warning: trajectory cut off by epoch at 34 steps.
[32;1mAccepting new params at step 0 of line search.[0m
---------------------------------------
|             Epoch |              20 |
|      AverageEpRet |             456 |
|          StdEpRet |              87 |
|          MaxEpRet |             500 |
|          MinEpRet |             230 |
|             EpLen |             456 |
|      AverageVVals |            82.3 |
|          StdVVals |            2.96 |
|          MaxVVals |              84 |
|          MinVVals |            65.5 |
| TotalEnvInteracts |         8.4e+04 |
|            LossPi |       -7.45e-09 |
|             LossV |             532 |
|       DeltaLossPi |        -0.00868 |
|        DeltaLossV |            -137 |
|                KL |         0.00869 |
|    BacktrackIters |               0 |
|              Time |             611 |
---------------------------------------
[32;1mAccepting new params at step 0 of line search.[0m
---------------------------------------
|             Epoch |              21 |
|      AverageEpRet |             500 |
|          StdEpRet |               0 |
|          MaxEpRet |             500 |
|          MinEpRet |             500 |
|             EpLen |             500 |
|      AverageVVals |            79.5 |
|          StdVVals |            9.31 |
|          MaxVVals |              85 |
|          MinVVals |              22 |
| TotalEnvInteracts |         8.8e+04 |
|            LossPi |        3.73e-09 |
|             LossV |             563 |
|       DeltaLossPi |        -0.00343 |
|        DeltaLossV |           -37.3 |
|                KL |          0.0085 |
|    BacktrackIters |               0 |
|              Time |             645 |
---------------------------------------
Warning: trajectory cut off by epoch at 238 steps.
Warning: trajectory cut off by epoch at 233 steps.
[32;1mAccepting new params at step 0 of line search.[0m
---------------------------------------
|             Epoch |              22 |
|      AverageEpRet |             441 |
|          StdEpRet |             102 |
|          MaxEpRet |             500 |
|          MinEpRet |             262 |
|             EpLen |             441 |
|      AverageVVals |            79.9 |
|          StdVVals |            7.48 |
|          MaxVVals |            85.3 |
|          MinVVals |            42.6 |
| TotalEnvInteracts |         9.2e+04 |
|            LossPi |       -2.79e-09 |
|             LossV |             524 |
|       DeltaLossPi |        -0.00699 |
|        DeltaLossV |            -136 |
|                KL |         0.00872 |
|    BacktrackIters |               0 |
|              Time |             679 |
---------------------------------------
[32;1mAccepting new params at step 0 of line search.[0m
---------------------------------------
|             Epoch |              23 |
|      AverageEpRet |             500 |
|          StdEpRet |               0 |
|          MaxEpRet |             500 |
|          MinEpRet |             500 |
|             EpLen |             500 |
|      AverageVVals |            80.3 |
|          StdVVals |            8.78 |
|          MaxVVals |            86.5 |
|          MinVVals |              12 |
| TotalEnvInteracts |         9.6e+04 |
|            LossPi |        1.49e-08 |
|             LossV |             641 |
|       DeltaLossPi |        -0.00253 |
|        DeltaLossV |           -65.1 |
|                KL |         0.00852 |
|    BacktrackIters |               0 |
|              Time |             714 |
---------------------------------------
[32;1mAccepting new params at step 0 of line search.[0m
---------------------------------------
|             Epoch |              24 |
|      AverageEpRet |             500 |
|          StdEpRet |               0 |
|          MaxEpRet |             500 |
|          MinEpRet |             500 |
|             EpLen |             500 |
|      AverageVVals |            80.4 |
|          StdVVals |            5.64 |
|          MaxVVals |            85.3 |
|          MinVVals |            59.7 |
| TotalEnvInteracts |           1e+05 |
|            LossPi |       -1.86e-08 |
|             LossV |             548 |
|       DeltaLossPi |        -0.00608 |
|        DeltaLossV |           -88.1 |
|                KL |         0.00946 |
|    BacktrackIters |               0 |
|              Time |             747 |
---------------------------------------
[32;1mAccepting new params at step 0 of line search.[0m
---------------------------------------
|             Epoch |              25 |
|      AverageEpRet |             500 |
|          StdEpRet |               0 |
|          MaxEpRet |             500 |
|          MinEpRet |             500 |
|             EpLen |             500 |
|      AverageVVals |            81.4 |
|          StdVVals |            6.21 |
|          MaxVVals |            86.9 |
|          MinVVals |            50.6 |
| TotalEnvInteracts |        1.04e+05 |
|            LossPi |       -3.73e-09 |
|             LossV |             586 |
|       DeltaLossPi |        -0.00365 |
|        DeltaLossV |           -31.6 |
|                KL |         0.00612 |
|    BacktrackIters |               0 |
|              Time |             773 |
---------------------------------------
[32;1mAccepting new params at step 0 of line search.[0m
---------------------------------------
|             Epoch |              26 |
|      AverageEpRet |             500 |
|          StdEpRet |               0 |
|          MaxEpRet |             500 |
|          MinEpRet |             500 |
|             EpLen |             500 |
|      AverageVVals |            80.8 |
|          StdVVals |            4.17 |
|          MaxVVals |            86.5 |
|          MinVVals |              52 |
| TotalEnvInteracts |        1.08e+05 |
|            LossPi |       -8.85e-09 |
|             LossV |             561 |
|       DeltaLossPi |        -0.00227 |
|        DeltaLossV |           -56.7 |
|                KL |         0.00576 |
|    BacktrackIters |               0 |
|              Time |             802 |
---------------------------------------
[32;1mAccepting new params at step 0 of line search.[0m
---------------------------------------
|             Epoch |              27 |
|      AverageEpRet |             500 |
|          StdEpRet |               0 |
|          MaxEpRet |             500 |
|          MinEpRet |             500 |
|             EpLen |             500 |
|      AverageVVals |            78.6 |
|          StdVVals |              13 |
|          MaxVVals |            86.9 |
|          MinVVals |            23.8 |
| TotalEnvInteracts |        1.12e+05 |
|            LossPi |       -9.31e-09 |
|             LossV |             852 |
|       DeltaLossPi |        -0.00516 |
|        DeltaLossV |            -251 |
|                KL |         0.00808 |
|    BacktrackIters |               0 |
|              Time |             826 |
---------------------------------------
[32;1mAccepting new params at step 0 of line search.[0m
---------------------------------------
|             Epoch |              28 |
|      AverageEpRet |             500 |
|          StdEpRet |               0 |
|          MaxEpRet |             500 |
|          MinEpRet |             500 |
|             EpLen |             500 |
|      AverageVVals |            82.3 |
|          StdVVals |            1.02 |
|          MaxVVals |            82.8 |
|          MinVVals |            71.1 |
| TotalEnvInteracts |        1.16e+05 |
|            LossPi |        9.31e-10 |
|             LossV |             589 |
|       DeltaLossPi |        -0.00431 |
|        DeltaLossV |           -25.6 |
|                KL |         0.00952 |
|    BacktrackIters |               0 |
|              Time |             861 |
---------------------------------------
[32;1mAccepting new params at step 0 of line search.[0m
---------------------------------------
|             Epoch |              29 |
|      AverageEpRet |             500 |
|          StdEpRet |               0 |
|          MaxEpRet |             500 |
|          MinEpRet |             500 |
|             EpLen |             500 |
|      AverageVVals |            65.7 |
|          StdVVals |            15.1 |
|          MaxVVals |              82 |
|          MinVVals |            14.8 |
| TotalEnvInteracts |         1.2e+05 |
|            LossPi |        2.42e-08 |
|             LossV |             517 |
|       DeltaLossPi |        -0.00328 |
|        DeltaLossV |            -271 |
|                KL |         0.00976 |
|    BacktrackIters |               0 |
|              Time |             894 |
---------------------------------------
[32;1mAccepting new params at step 0 of line search.[0m
---------------------------------------
|             Epoch |              30 |
|      AverageEpRet |             500 |
|          StdEpRet |               0 |
|          MaxEpRet |             500 |
|          MinEpRet |             500 |
|             EpLen |             500 |
|      AverageVVals |            82.6 |
|          StdVVals |            10.1 |
|          MaxVVals |            88.1 |
|          MinVVals |              46 |
| TotalEnvInteracts |        1.24e+05 |
|            LossPi |               0 |
|             LossV |             404 |
|       DeltaLossPi |        -0.00813 |
|        DeltaLossV |           -77.4 |
|                KL |          0.0093 |
|    BacktrackIters |               0 |
|              Time |             932 |
---------------------------------------
[32;1mAccepting new params at step 0 of line search.[0m
---------------------------------------
|             Epoch |              31 |
|      AverageEpRet |             500 |
|          StdEpRet |               0 |
|          MaxEpRet |             500 |
|          MinEpRet |             500 |
|             EpLen |             500 |
|      AverageVVals |            83.6 |
|          StdVVals |            7.23 |
|          MaxVVals |            90.3 |
|          MinVVals |            58.6 |
| TotalEnvInteracts |        1.28e+05 |
|            LossPi |        4.66e-09 |
|             LossV |             437 |
|       DeltaLossPi |        -0.00477 |
|        DeltaLossV |            -103 |
|                KL |         0.00797 |
|    BacktrackIters |               0 |
|              Time |             971 |
---------------------------------------
[32;1mAccepting new params at step 0 of line search.[0m
---------------------------------------
|             Epoch |              32 |
|      AverageEpRet |             500 |
|          StdEpRet |               0 |
|          MaxEpRet |             500 |
|          MinEpRet |             500 |
|             EpLen |             500 |
|      AverageVVals |            85.2 |
|          StdVVals |            7.65 |
|          MaxVVals |              93 |
|          MinVVals |            58.6 |
| TotalEnvInteracts |        1.32e+05 |
|            LossPi |        4.66e-09 |
|             LossV |             468 |
|       DeltaLossPi |        -0.00545 |
|        DeltaLossV |           -77.9 |
|                KL |         0.00782 |
|    BacktrackIters |               0 |
|              Time |        1.01e+03 |
---------------------------------------
[32;1mAccepting new params at step 0 of line search.[0m
---------------------------------------
|             Epoch |              33 |
|      AverageEpRet |             500 |
|          StdEpRet |               0 |
|          MaxEpRet |             500 |
|          MinEpRet |             500 |
|             EpLen |             500 |
|      AverageVVals |              85 |
|          StdVVals |            9.92 |
|          MaxVVals |            94.5 |
|          MinVVals |            55.7 |
| TotalEnvInteracts |        1.36e+05 |
|            LossPi |       -5.59e-09 |
|             LossV |             579 |
|       DeltaLossPi |        -0.00328 |
|        DeltaLossV |           -81.7 |
|                KL |         0.00994 |
|    BacktrackIters |               0 |
|              Time |        1.05e+03 |
---------------------------------------
[32;1mAccepting new params at step 0 of line search.[0m
---------------------------------------
|             Epoch |              34 |
|      AverageEpRet |             500 |
|          StdEpRet |               0 |
|          MaxEpRet |             500 |
|          MinEpRet |             500 |
|             EpLen |             500 |
|      AverageVVals |              87 |
|          StdVVals |            6.96 |
|          MaxVVals |            95.1 |
|          MinVVals |            64.9 |
| TotalEnvInteracts |         1.4e+05 |
|            LossPi |        3.73e-09 |
|             LossV |             618 |
|       DeltaLossPi |        -0.00267 |
|        DeltaLossV |           -54.1 |
|                KL |         0.00771 |
|    BacktrackIters |               0 |
|              Time |        1.08e+03 |
---------------------------------------
[32;1mAccepting new params at step 0 of line search.[0m
---------------------------------------
|             Epoch |              35 |
|      AverageEpRet |             500 |
|          StdEpRet |               0 |
|          MaxEpRet |             500 |
|          MinEpRet |             500 |
|             EpLen |             500 |
|      AverageVVals |            85.9 |
|          StdVVals |            4.42 |
|          MaxVVals |              94 |
|          MinVVals |            74.7 |
| TotalEnvInteracts |        1.44e+05 |
|            LossPi |       -3.73e-09 |
|             LossV |             578 |
|       DeltaLossPi |        -0.00564 |
|        DeltaLossV |           -55.7 |
|                KL |         0.00806 |
|    BacktrackIters |               0 |
|              Time |        1.12e+03 |
---------------------------------------
[32;1mAccepting new params at step 0 of line search.[0m
---------------------------------------
|             Epoch |              36 |
|      AverageEpRet |             500 |
|          StdEpRet |               0 |
|          MaxEpRet |             500 |
|          MinEpRet |             500 |
|             EpLen |             500 |
|      AverageVVals |            82.9 |
|          StdVVals |            5.94 |
|          MaxVVals |            93.6 |
|          MinVVals |            66.8 |
| TotalEnvInteracts |        1.48e+05 |
|            LossPi |        8.38e-09 |
|             LossV |             637 |
|       DeltaLossPi |        -0.00315 |
|        DeltaLossV |           -31.7 |
|                KL |         0.00917 |
|    BacktrackIters |               0 |
|              Time |        1.15e+03 |
---------------------------------------
[32;1mAccepting new params at step 0 of line search.[0m
---------------------------------------
|             Epoch |              37 |
|      AverageEpRet |             500 |
|          StdEpRet |               0 |
|          MaxEpRet |             500 |
|          MinEpRet |             500 |
|             EpLen |             500 |
|      AverageVVals |            85.9 |
|          StdVVals |            4.94 |
|          MaxVVals |            94.4 |
|          MinVVals |              72 |
| TotalEnvInteracts |        1.52e+05 |
|            LossPi |        6.52e-09 |
|             LossV |             715 |
|       DeltaLossPi |         -0.0038 |
|        DeltaLossV |            -114 |
|                KL |         0.00861 |
|    BacktrackIters |               0 |
|              Time |        1.17e+03 |
---------------------------------------
[32;1mAccepting new params at step 0 of line search.[0m
---------------------------------------
|             Epoch |              38 |
|      AverageEpRet |             500 |
|          StdEpRet |               0 |
|          MaxEpRet |             500 |
|          MinEpRet |             500 |
|             EpLen |             500 |
|      AverageVVals |              81 |
|          StdVVals |           0.387 |
|          MaxVVals |            82.7 |
|          MinVVals |            78.9 |
| TotalEnvInteracts |        1.56e+05 |
|            LossPi |       -5.49e-09 |
|             LossV |             606 |
|       DeltaLossPi |        -0.00334 |
|        DeltaLossV |           -6.36 |
|                KL |         0.00551 |
|    BacktrackIters |               0 |
|              Time |         1.2e+03 |
---------------------------------------
[32;1mAccepting new params at step 0 of line search.[0m
---------------------------------------
|             Epoch |              39 |
|      AverageEpRet |             500 |
|          StdEpRet |               0 |
|          MaxEpRet |             500 |
|          MinEpRet |             500 |
|             EpLen |             500 |
|      AverageVVals |            80.6 |
|          StdVVals |           0.806 |
|          MaxVVals |            87.2 |
|          MinVVals |            78.8 |
| TotalEnvInteracts |         1.6e+05 |
|            LossPi |       -1.16e-09 |
|             LossV |             611 |
|       DeltaLossPi |        -0.00165 |
|        DeltaLossV |           -45.7 |
|                KL |         0.00286 |
|    BacktrackIters |               0 |
|              Time |        1.22e+03 |
---------------------------------------
[32;1mAccepting new params at step 0 of line search.[0m
---------------------------------------
|             Epoch |              40 |
|      AverageEpRet |             500 |
|          StdEpRet |               0 |
|          MaxEpRet |             500 |
|          MinEpRet |             500 |
|             EpLen |             500 |
|      AverageVVals |            78.8 |
|          StdVVals |            2.41 |
|          MaxVVals |              82 |
|          MinVVals |            70.3 |
| TotalEnvInteracts |        1.64e+05 |
|            LossPi |        1.23e-08 |
|             LossV |             602 |
|       DeltaLossPi |        -0.00323 |
|        DeltaLossV |           -7.47 |
|                KL |         0.00815 |
|    BacktrackIters |               0 |
|              Time |        1.25e+03 |
---------------------------------------
[32;1mAccepting new params at step 0 of line search.[0m
---------------------------------------
|             Epoch |              41 |
|      AverageEpRet |             500 |
|          StdEpRet |               0 |
|          MaxEpRet |             500 |
|          MinEpRet |             500 |
|             EpLen |             500 |
|      AverageVVals |            79.9 |
|          StdVVals |            1.55 |
|          MaxVVals |            82.2 |
|          MinVVals |            69.8 |
| TotalEnvInteracts |        1.68e+05 |
|            LossPi |        6.98e-10 |
|             LossV |             578 |
|       DeltaLossPi |        -0.00476 |
|        DeltaLossV |           -59.1 |
|                KL |          0.0078 |
|    BacktrackIters |               0 |
|              Time |        1.28e+03 |
---------------------------------------
[32;1mAccepting new params at step 0 of line search.[0m
---------------------------------------
|             Epoch |              42 |
|      AverageEpRet |             500 |
|          StdEpRet |               0 |
|          MaxEpRet |             500 |
|          MinEpRet |             500 |
|             EpLen |             500 |
|      AverageVVals |            75.4 |
|          StdVVals |            5.43 |
|          MaxVVals |              85 |
|          MinVVals |            64.1 |
| TotalEnvInteracts |        1.72e+05 |
|            LossPi |        6.98e-09 |
|             LossV |             579 |
|       DeltaLossPi |         -0.0023 |
|        DeltaLossV |           -36.2 |
|                KL |         0.00785 |
|    BacktrackIters |               0 |
|              Time |        1.31e+03 |
---------------------------------------
[32;1mAccepting new params at step 0 of line search.[0m
---------------------------------------
|             Epoch |              43 |
|      AverageEpRet |             500 |
|          StdEpRet |               0 |
|          MaxEpRet |             500 |
|          MinEpRet |             500 |
|             EpLen |             500 |
|      AverageVVals |            80.6 |
|          StdVVals |            5.54 |
|          MaxVVals |            88.4 |
|          MinVVals |            69.6 |
| TotalEnvInteracts |        1.76e+05 |
|            LossPi |        -1.3e-08 |
|             LossV |             515 |
|       DeltaLossPi |        -0.00212 |
|        DeltaLossV |           -15.4 |
|                KL |         0.00545 |
|    BacktrackIters |               0 |
|              Time |        1.33e+03 |
---------------------------------------
[32;1mAccepting new params at step 0 of line search.[0m
---------------------------------------
|             Epoch |              44 |
|      AverageEpRet |             500 |
|          StdEpRet |               0 |
|          MaxEpRet |             500 |
|          MinEpRet |             500 |
|             EpLen |             500 |
|      AverageVVals |            82.2 |
|          StdVVals |            6.81 |
|          MaxVVals |            89.4 |
|          MinVVals |              68 |
| TotalEnvInteracts |         1.8e+05 |
|            LossPi |       -4.66e-10 |
|             LossV |             651 |
|       DeltaLossPi |        -0.00796 |
|        DeltaLossV |           -40.1 |
|                KL |         0.00971 |
|    BacktrackIters |               0 |
|              Time |        1.36e+03 |
---------------------------------------
[32;1mAccepting new params at step 0 of line search.[0m
---------------------------------------
|             Epoch |              45 |
|      AverageEpRet |             500 |
|          StdEpRet |               0 |
|          MaxEpRet |             500 |
|          MinEpRet |             500 |
|             EpLen |             500 |
|      AverageVVals |              84 |
|          StdVVals |            3.79 |
|          MaxVVals |            87.4 |
|          MinVVals |            69.7 |
| TotalEnvInteracts |        1.84e+05 |
|            LossPi |       -1.47e-08 |
|             LossV |             657 |
|       DeltaLossPi |        -0.00373 |
|        DeltaLossV |            -126 |
|                KL |         0.00692 |
|    BacktrackIters |               0 |
|              Time |        1.38e+03 |
---------------------------------------
[32;1mAccepting new params at step 0 of line search.[0m
---------------------------------------
|             Epoch |              46 |
|      AverageEpRet |             500 |
|          StdEpRet |               0 |
|          MaxEpRet |             500 |
|          MinEpRet |             500 |
|             EpLen |             500 |
|      AverageVVals |              74 |
|          StdVVals |            10.8 |
|          MaxVVals |              86 |
|          MinVVals |            25.7 |
| TotalEnvInteracts |        1.88e+05 |
|            LossPi |       -1.68e-08 |
|             LossV |             657 |
|       DeltaLossPi |        -0.00295 |
|        DeltaLossV |            -106 |
|                KL |         0.00793 |
|    BacktrackIters |               0 |
|              Time |        1.41e+03 |
---------------------------------------
[32;1mAccepting new params at step 0 of line search.[0m
---------------------------------------
|             Epoch |              47 |
|      AverageEpRet |             500 |
|          StdEpRet |               0 |
|          MaxEpRet |             500 |
|          MinEpRet |             500 |
|             EpLen |             500 |
|      AverageVVals |            82.8 |
|          StdVVals |            3.99 |
|          MaxVVals |            86.3 |
|          MinVVals |              70 |
| TotalEnvInteracts |        1.92e+05 |
|            LossPi |        -7.1e-09 |
|             LossV |             587 |
|       DeltaLossPi |        -0.00412 |
|        DeltaLossV |             -24 |
|                KL |         0.00914 |
|    BacktrackIters |               0 |
|              Time |        1.44e+03 |
---------------------------------------
[32;1mAccepting new params at step 1 of line search.[0m
---------------------------------------
|             Epoch |              48 |
|      AverageEpRet |             500 |
|          StdEpRet |               0 |
|          MaxEpRet |             500 |
|          MinEpRet |             500 |
|             EpLen |             500 |
|      AverageVVals |            78.3 |
|          StdVVals |            5.81 |
|          MaxVVals |            87.4 |
|          MinVVals |            58.4 |
| TotalEnvInteracts |        1.96e+05 |
|            LossPi |        1.21e-08 |
|             LossV |             586 |
|       DeltaLossPi |        -0.00509 |
|        DeltaLossV |           -37.6 |
|                KL |         0.00636 |
|    BacktrackIters |               1 |
|              Time |        1.46e+03 |
---------------------------------------
[32;1mAccepting new params at step 0 of line search.[0m
---------------------------------------
|             Epoch |              49 |
|      AverageEpRet |             500 |
|          StdEpRet |               0 |
|          MaxEpRet |             500 |
|          MinEpRet |             500 |
|             EpLen |             500 |
|      AverageVVals |              82 |
|          StdVVals |            3.53 |
|          MaxVVals |              85 |
|          MinVVals |            60.6 |
| TotalEnvInteracts |           2e+05 |
|            LossPi |       -3.96e-09 |
|             LossV |             588 |
|       DeltaLossPi |         -0.0027 |
|        DeltaLossV |           -14.1 |
|                KL |         0.00886 |
|    BacktrackIters |               0 |
|              Time |        1.47e+03 |
---------------------------------------
