--------------------------------------------------------------------------
[[31889,1],0]: A high-performance Open MPI point-to-point messaging module
was unable to find any relevant network interfaces:

Module: OpenFabrics (openib)
  Host: GCRAZGDL0429

Another transport will be used instead, although this may result in
lower performance.

NOTE: You can disable this warning by setting the MCA parameter
btl_base_warn_component_unused to 0.
--------------------------------------------------------------------------
--------------------------------------------------------------------------
[[32034,1],2]: A high-performance Open MPI point-to-point messaging module
was unable to find any relevant network interfaces:

Module: OpenFabrics (openib)
  Host: GCRAZGDL0429

Another transport will be used instead, although this may result in
lower performance.

NOTE: You can disable this warning by setting the MCA parameter
btl_base_warn_component_unused to 0.
--------------------------------------------------------------------------
Warning: Log dir exp/trpo_Hopper-v3/trpo_Hopper-v3_s3 already exists! Storing info there anyway.
[32;1mLogging data to exp/trpo_Hopper-v3/trpo_Hopper-v3_s3/progress.txt[0m
[36;1mSaving config:
[0m
{
    "ac_kwargs":	{
        "hidden_sizes":	[
            64,
            64
        ]
    },
    "actor_critic":	"mlp_actor_critic",
    "algo":	"trpo",
    "backtrack_coeff":	0.8,
    "backtrack_iters":	10,
    "cg_iters":	10,
    "damping_coeff":	0.1,
    "delta":	0.01,
    "env_fn":	"<function <lambda> at 0x7f3de5c394d0>",
    "epochs":	50,
    "exp_name":	"trpo_Hopper-v3",
    "gamma":	0.99,
    "lam":	0.97,
    "logger":	{
        "<spinup.utils.logx.EpochLogger object at 0x7f3de5be33d0>":	{
            "epoch_dict":	{},
            "exp_name":	"trpo_Hopper-v3",
            "first_row":	true,
            "log_current_row":	{},
            "log_headers":	[],
            "output_dir":	"exp/trpo_Hopper-v3/trpo_Hopper-v3_s3",
            "output_file":	{
                "<_io.TextIOWrapper name='exp/trpo_Hopper-v3/trpo_Hopper-v3_s3/progress.txt' mode='w' encoding='UTF-8'>":	{
                    "mode":	"w"
                }
            }
        }
    },
    "logger_kwargs":	{
        "exp_name":	"trpo_Hopper-v3",
        "output_dir":	"exp/trpo_Hopper-v3/trpo_Hopper-v3_s3"
    },
    "max_ep_len":	1000,
    "save_freq":	10,
    "seed":	3,
    "steps_per_epoch":	4000,
    "train_v_iters":	80,
    "vf_lr":	0.001
}
[GCRAZGDL0429:29967] 3 more processes have sent help message help-mpi-btl-base.txt / btl:no-nics
[GCRAZGDL0429:29967] Set MCA parameter "orte_base_help_aggregate" to 0 to see all help / error messages
[32;1m
Number of parameters: 	 pi: 5126, 	 v: 4993
[0m
2022-04-14 05:24:32.044438: I tensorflow/core/platform/cpu_feature_guard.cc:142] Your CPU supports instructions that this TensorFlow binary was not compiled to use: AVX2 FMA
2022-04-14 05:24:32.109172: I tensorflow/core/platform/profile_utils/cpu_utils.cc:94] CPU Frequency: 2593990000 Hz
2022-04-14 05:24:32.110840: I tensorflow/compiler/xla/service/service.cc:168] XLA service 0x5630760a7560 initialized for platform Host (this does not guarantee that XLA will be used). Devices:
2022-04-14 05:24:32.110868: I tensorflow/compiler/xla/service/service.cc:176]   StreamExecutor device (0): Host, Default Version
2022-04-14 05:24:32.519990: I tensorflow/core/platform/cpu_feature_guard.cc:142] Your CPU supports instructions that this TensorFlow binary was not compiled to use: AVX2 FMA
2022-04-14 05:24:32.561177: I tensorflow/core/platform/profile_utils/cpu_utils.cc:94] CPU Frequency: 2593990000 Hz
2022-04-14 05:24:32.569778: I tensorflow/compiler/xla/service/service.cc:168] XLA service 0x559bd25fcc70 initialized for platform Host (this does not guarantee that XLA will be used). Devices:
2022-04-14 05:24:32.569809: I tensorflow/compiler/xla/service/service.cc:176]   StreamExecutor device (0): Host, Default Version
2022-04-14 05:24:38.160542: I tensorflow/core/platform/cpu_feature_guard.cc:142] Your CPU supports instructions that this TensorFlow binary was not compiled to use: AVX2 FMA
2022-04-14 05:24:38.205144: I tensorflow/core/platform/profile_utils/cpu_utils.cc:94] CPU Frequency: 2593990000 Hz
2022-04-14 05:24:38.206105: I tensorflow/compiler/xla/service/service.cc:168] XLA service 0x55b13540f8f0 initialized for platform Host (this does not guarantee that XLA will be used). Devices:
2022-04-14 05:24:38.206200: I tensorflow/compiler/xla/service/service.cc:176]   StreamExecutor device (0): Host, Default Version
Warning: trajectory cut off by epoch at 9 steps.
2022-04-14 05:24:44.557049: I tensorflow/core/platform/cpu_feature_guard.cc:142] Your CPU supports instructions that this TensorFlow binary was not compiled to use: AVX2 FMA
2022-04-14 05:24:44.601164: I tensorflow/core/platform/profile_utils/cpu_utils.cc:94] CPU Frequency: 2593990000 Hz
2022-04-14 05:24:44.602124: I tensorflow/compiler/xla/service/service.cc:168] XLA service 0x563324f7af50 initialized for platform Host (this does not guarantee that XLA will be used). Devices:
2022-04-14 05:24:44.602199: I tensorflow/compiler/xla/service/service.cc:176]   StreamExecutor device (0): Host, Default Version
Warning: trajectory cut off by epoch at 2 steps.
Warning: trajectory cut off by epoch at 8 steps.
Warning: trajectory cut off by epoch at 9 steps.
[32;1mAccepting new params at step 0 of line search.[0m
---------------------------------------
|             Epoch |               0 |
|      AverageEpRet |            19.3 |
|          StdEpRet |            8.36 |
|          MaxEpRet |            45.9 |
|          MinEpRet |            7.16 |
|             EpLen |            19.2 |
|      AverageVVals |          -0.244 |
|          StdVVals |           0.213 |
|          MaxVVals |            0.45 |
|          MinVVals |          -0.787 |
| TotalEnvInteracts |           4e+03 |
|            LossPi |        5.22e-08 |
|             LossV |             181 |
|       DeltaLossPi |         -0.0362 |
|        DeltaLossV |            -130 |
|                KL |         0.00956 |
|    BacktrackIters |               0 |
|              Time |            55.1 |
---------------------------------------
Warning: trajectory cut off by epoch at 12 steps.
Warning: trajectory cut off by epoch at 6 steps.
Warning: trajectory cut off by epoch at 3 steps.
Warning: trajectory cut off by epoch at 27 steps.
[32;1mAccepting new params at step 0 of line search.[0m
---------------------------------------
|             Epoch |               1 |
|      AverageEpRet |            23.1 |
|          StdEpRet |            10.4 |
|          MaxEpRet |            58.4 |
|          MinEpRet |            7.12 |
|             EpLen |            21.6 |
|      AverageVVals |            9.97 |
|          StdVVals |            1.92 |
|          MaxVVals |            12.2 |
|          MinVVals |              -4 |
| TotalEnvInteracts |           8e+03 |
|            LossPi |       -3.54e-08 |
|             LossV |            91.7 |
|       DeltaLossPi |         -0.0346 |
|        DeltaLossV |           -33.6 |
|                KL |         0.00963 |
|    BacktrackIters |               0 |
|              Time |             109 |
---------------------------------------
Warning: trajectory cut off by epoch at 19 steps.
Warning: trajectory cut off by epoch at 22 steps.
Warning: trajectory cut off by epoch at 27 steps.
Warning: trajectory cut off by epoch at 3 steps.
[32;1mAccepting new params at step 0 of line search.[0m
---------------------------------------
|             Epoch |               2 |
|      AverageEpRet |            29.2 |
|          StdEpRet |              14 |
|          MaxEpRet |              79 |
|          MinEpRet |            8.77 |
|             EpLen |            25.8 |
|      AverageVVals |            13.2 |
|          StdVVals |            3.88 |
|          MaxVVals |            17.4 |
|          MinVVals |           -3.38 |
| TotalEnvInteracts |         1.2e+04 |
|            LossPi |       -3.73e-08 |
|             LossV |             115 |
|       DeltaLossPi |         -0.0397 |
|        DeltaLossV |           -22.3 |
|                KL |         0.00968 |
|    BacktrackIters |               0 |
|              Time |             164 |
---------------------------------------
Warning: trajectory cut off by epoch at 42 steps.
Warning: trajectory cut off by epoch at 14 steps.
Warning: trajectory cut off by epoch at 36 steps.
Warning: trajectory cut off by epoch at 8 steps.
[32;1mAccepting new params at step 0 of line search.[0m
---------------------------------------
|             Epoch |               3 |
|      AverageEpRet |              41 |
|          StdEpRet |            19.5 |
|          MaxEpRet |             102 |
|          MinEpRet |            9.54 |
|             EpLen |            33.1 |
|      AverageVVals |            16.3 |
|          StdVVals |            5.38 |
|          MaxVVals |              22 |
|          MinVVals |            -2.7 |
| TotalEnvInteracts |         1.6e+04 |
|            LossPi |        -1.3e-08 |
|             LossV |             240 |
|       DeltaLossPi |         -0.0358 |
|        DeltaLossV |           -61.2 |
|                KL |         0.00976 |
|    BacktrackIters |               0 |
|              Time |             234 |
---------------------------------------
Warning: trajectory cut off by epoch at 18 steps.
Warning: trajectory cut off by epoch at 6 steps.
Warning: trajectory cut off by epoch at 11 steps.
Warning: trajectory cut off by epoch at 2 steps.
[32;1mAccepting new params at step 0 of line search.[0m
---------------------------------------
|             Epoch |               4 |
|      AverageEpRet |            55.5 |
|          StdEpRet |            32.4 |
|          MaxEpRet |             222 |
|          MinEpRet |            15.5 |
|             EpLen |            40.9 |
|      AverageVVals |            22.4 |
|          StdVVals |            6.87 |
|          MaxVVals |            28.6 |
|          MinVVals |           -7.64 |
| TotalEnvInteracts |           2e+04 |
|            LossPi |       -1.49e-08 |
|             LossV |             543 |
|       DeltaLossPi |         -0.0323 |
|        DeltaLossV |            -114 |
|                KL |         0.00976 |
|    BacktrackIters |               0 |
|              Time |             304 |
---------------------------------------
Warning: trajectory cut off by epoch at 21 steps.
Warning: trajectory cut off by epoch at 19 steps.
Warning: trajectory cut off by epoch at 5 steps.
Warning: trajectory cut off by epoch at 23 steps.
[32;1mAccepting new params at step 0 of line search.[0m
---------------------------------------
|             Epoch |               5 |
|      AverageEpRet |            96.7 |
|          StdEpRet |            54.3 |
|          MaxEpRet |             265 |
|          MinEpRet |            16.2 |
|             EpLen |            61.4 |
|      AverageVVals |            30.7 |
|          StdVVals |               7 |
|          MaxVVals |            36.4 |
|          MinVVals |           -3.95 |
| TotalEnvInteracts |         2.4e+04 |
|            LossPi |       -6.52e-08 |
|             LossV |        1.37e+03 |
|       DeltaLossPi |         -0.0333 |
|        DeltaLossV |            -401 |
|                KL |         0.00931 |
|    BacktrackIters |               0 |
|              Time |             374 |
---------------------------------------
Warning: trajectory cut off by epoch at 38 steps.
Warning: trajectory cut off by epoch at 49 steps.
Warning: trajectory cut off by epoch at 102 steps.
Warning: trajectory cut off by epoch at 15 steps.
[32;1mAccepting new params at step 0 of line search.[0m
---------------------------------------
|             Epoch |               6 |
|      AverageEpRet |             146 |
|          StdEpRet |            69.9 |
|          MaxEpRet |             292 |
|          MinEpRet |            20.7 |
|             EpLen |            80.8 |
|      AverageVVals |            44.7 |
|          StdVVals |            7.14 |
|          MaxVVals |            48.1 |
|          MinVVals |           -5.86 |
| TotalEnvInteracts |         2.8e+04 |
|            LossPi |        1.86e-08 |
|             LossV |        2.16e+03 |
|       DeltaLossPi |         -0.0284 |
|        DeltaLossV |            -578 |
|                KL |          0.0092 |
|    BacktrackIters |               0 |
|              Time |             445 |
---------------------------------------
Warning: trajectory cut off by epoch at 66 steps.
Warning: trajectory cut off by epoch at 38 steps.
Warning: trajectory cut off by epoch at 59 steps.
Warning: trajectory cut off by epoch at 57 steps.
[32;1mAccepting new params at step 0 of line search.[0m
---------------------------------------
|             Epoch |               7 |
|      AverageEpRet |             209 |
|          StdEpRet |            46.7 |
|          MaxEpRet |             285 |
|          MinEpRet |            83.6 |
|             EpLen |             105 |
|      AverageVVals |            58.5 |
|          StdVVals |            3.96 |
|          MaxVVals |            59.9 |
|          MinVVals |            16.3 |
| TotalEnvInteracts |         3.2e+04 |
|            LossPi |       -7.36e-08 |
|             LossV |        2.23e+03 |
|       DeltaLossPi |         -0.0204 |
|        DeltaLossV |            -781 |
|                KL |         0.00777 |
|    BacktrackIters |               0 |
|              Time |             515 |
---------------------------------------
Warning: trajectory cut off by epoch at 91 steps.
Warning: trajectory cut off by epoch at 27 steps.
Warning: trajectory cut off by epoch at 79 steps.
Warning: trajectory cut off by epoch at 62 steps.
[32;1mAccepting new params at step 0 of line search.[0m
---------------------------------------
|             Epoch |               8 |
|      AverageEpRet |             225 |
|          StdEpRet |            29.5 |
|          MaxEpRet |             273 |
|          MinEpRet |            87.3 |
|             EpLen |             110 |
|      AverageVVals |            64.3 |
|          StdVVals |            14.7 |
|          MaxVVals |              71 |
|          MinVVals |            12.2 |
| TotalEnvInteracts |         3.6e+04 |
|            LossPi |       -9.31e-09 |
|             LossV |        1.56e+03 |
|       DeltaLossPi |          -0.016 |
|        DeltaLossV |            -486 |
|                KL |         0.00785 |
|    BacktrackIters |               0 |
|              Time |             586 |
---------------------------------------
Warning: trajectory cut off by epoch at 79 steps.
Warning: trajectory cut off by epoch at 56 steps.
Warning: trajectory cut off by epoch at 77 steps.
Warning: trajectory cut off by epoch at 27 steps.
[32;1mAccepting new params at step 0 of line search.[0m
---------------------------------------
|             Epoch |               9 |
|      AverageEpRet |             224 |
|          StdEpRet |            23.8 |
|          MaxEpRet |             268 |
|          MinEpRet |             140 |
|             EpLen |             107 |
|      AverageVVals |            70.1 |
|          StdVVals |            18.9 |
|          MaxVVals |            79.7 |
|          MinVVals |            15.4 |
| TotalEnvInteracts |           4e+04 |
|            LossPi |        1.96e-08 |
|             LossV |        1.13e+03 |
|       DeltaLossPi |         -0.0146 |
|        DeltaLossV |            -310 |
|                KL |         0.00723 |
|    BacktrackIters |               0 |
|              Time |             648 |
---------------------------------------
Warning: trajectory cut off by epoch at 102 steps.
Warning: trajectory cut off by epoch at 95 steps.
Warning: trajectory cut off by epoch at 83 steps.
Warning: trajectory cut off by epoch at 40 steps.
[32;1mAccepting new params at step 0 of line search.[0m
---------------------------------------
|             Epoch |              10 |
|      AverageEpRet |             222 |
|          StdEpRet |            7.14 |
|          MaxEpRet |             238 |
|          MinEpRet |             210 |
|             EpLen |             102 |
|      AverageVVals |            73.7 |
|          StdVVals |            22.3 |
|          MaxVVals |            86.4 |
|          MinVVals |            4.91 |
| TotalEnvInteracts |         4.4e+04 |
|            LossPi |       -3.35e-08 |
|             LossV |             832 |
|       DeltaLossPi |         -0.0155 |
|        DeltaLossV |            -232 |
|                KL |         0.00799 |
|    BacktrackIters |               0 |
|              Time |             723 |
---------------------------------------
Warning: trajectory cut off by epoch at 21 steps.
Warning: trajectory cut off by epoch at 100 steps.
Warning: trajectory cut off by epoch at 80 steps.
Warning: trajectory cut off by epoch at 64 steps.
[32;1mAccepting new params at step 0 of line search.[0m
---------------------------------------
|             Epoch |              11 |
|      AverageEpRet |             212 |
|          StdEpRet |              33 |
|          MaxEpRet |             256 |
|          MinEpRet |            22.3 |
|             EpLen |            95.8 |
|      AverageVVals |            78.4 |
|          StdVVals |            23.9 |
|          MaxVVals |            92.1 |
|          MinVVals |           -1.28 |
| TotalEnvInteracts |         4.8e+04 |
|            LossPi |       -3.35e-08 |
|             LossV |             634 |
|       DeltaLossPi |         -0.0193 |
|        DeltaLossV |            -154 |
|                KL |         0.00761 |
|    BacktrackIters |               0 |
|              Time |             793 |
---------------------------------------
Warning: trajectory cut off by epoch at 30 steps.
Warning: trajectory cut off by epoch at 96 steps.
Warning: trajectory cut off by epoch at 40 steps.
Warning: trajectory cut off by epoch at 25 steps.
[32;1mAccepting new params at step 0 of line search.[0m
---------------------------------------
|             Epoch |              12 |
|      AverageEpRet |             216 |
|          StdEpRet |            6.94 |
|          MaxEpRet |             229 |
|          MinEpRet |             200 |
|             EpLen |            97.7 |
|      AverageVVals |            80.3 |
|          StdVVals |            26.7 |
|          MaxVVals |            96.7 |
|          MinVVals |            3.32 |
| TotalEnvInteracts |         5.2e+04 |
|            LossPi |        4.07e-08 |
|             LossV |             419 |
|       DeltaLossPi |         -0.0176 |
|        DeltaLossV |            -107 |
|                KL |         0.00815 |
|    BacktrackIters |               0 |
|              Time |             865 |
---------------------------------------
Warning: trajectory cut off by epoch at 15 steps.
Warning: trajectory cut off by epoch at 85 steps.
Warning: trajectory cut off by epoch at 15 steps.
Warning: trajectory cut off by epoch at 44 steps.
[32;1mAccepting new params at step 0 of line search.[0m
---------------------------------------
|             Epoch |              13 |
|      AverageEpRet |             218 |
|          StdEpRet |             7.9 |
|          MaxEpRet |             248 |
|          MinEpRet |             208 |
|             EpLen |            98.5 |
|      AverageVVals |              82 |
|          StdVVals |            28.3 |
|          MaxVVals |             101 |
|          MinVVals |            3.67 |
| TotalEnvInteracts |         5.6e+04 |
|            LossPi |        3.73e-09 |
|             LossV |             320 |
|       DeltaLossPi |         -0.0156 |
|        DeltaLossV |           -80.6 |
|                KL |         0.00839 |
|    BacktrackIters |               0 |
|              Time |             935 |
---------------------------------------
Warning: trajectory cut off by epoch at 87 steps.
Warning: trajectory cut off by epoch at 87 steps.
Warning: trajectory cut off by epoch at 27 steps.
[32;1mAccepting new params at step 0 of line search.[0m
---------------------------------------
|             Epoch |              14 |
|      AverageEpRet |             219 |
|          StdEpRet |            8.03 |
|          MaxEpRet |             239 |
|          MinEpRet |             206 |
|             EpLen |             100 |
|      AverageVVals |            85.1 |
|          StdVVals |              29 |
|          MaxVVals |             104 |
|          MinVVals |            2.81 |
| TotalEnvInteracts |           6e+04 |
|            LossPi |        2.96e-08 |
|             LossV |             253 |
|       DeltaLossPi |         -0.0134 |
|        DeltaLossV |           -63.9 |
|                KL |         0.00802 |
|    BacktrackIters |               0 |
|              Time |             995 |
---------------------------------------
Warning: trajectory cut off by epoch at 80 steps.
Warning: trajectory cut off by epoch at 77 steps.
Warning: trajectory cut off by epoch at 25 steps.
Warning: trajectory cut off by epoch at 91 steps.
[32;1mAccepting new params at step 0 of line search.[0m
---------------------------------------
|             Epoch |              15 |
|      AverageEpRet |             220 |
|          StdEpRet |            8.27 |
|          MaxEpRet |             244 |
|          MinEpRet |             204 |
|             EpLen |             101 |
|      AverageVVals |            85.4 |
|          StdVVals |            30.7 |
|          MaxVVals |             107 |
|          MinVVals |            3.17 |
| TotalEnvInteracts |         6.4e+04 |
|            LossPi |       -3.54e-08 |
|             LossV |             194 |
|       DeltaLossPi |         -0.0158 |
|        DeltaLossV |           -47.2 |
|                KL |         0.00873 |
|    BacktrackIters |               0 |
|              Time |        1.07e+03 |
---------------------------------------
Warning: trajectory cut off by epoch at 59 steps.
Warning: trajectory cut off by epoch at 60 steps.
Warning: trajectory cut off by epoch at 61 steps.
Warning: trajectory cut off by epoch at 101 steps.
[32;1mAccepting new params at step 0 of line search.[0m
---------------------------------------
|             Epoch |              16 |
|      AverageEpRet |             223 |
|          StdEpRet |            10.8 |
|          MaxEpRet |             245 |
|          MinEpRet |             187 |
|             EpLen |             103 |
|      AverageVVals |              86 |
|          StdVVals |            32.2 |
|          MaxVVals |             110 |
|          MinVVals |            2.65 |
| TotalEnvInteracts |         6.8e+04 |
|            LossPi |        1.12e-08 |
|             LossV |             161 |
|       DeltaLossPi |         -0.0147 |
|        DeltaLossV |           -40.3 |
|                KL |         0.00803 |
|    BacktrackIters |               0 |
|              Time |        1.14e+03 |
---------------------------------------
Warning: trajectory cut off by epoch at 90 steps.
Warning: trajectory cut off by epoch at 74 steps.
Warning: trajectory cut off by epoch at 94 steps.
Warning: trajectory cut off by epoch at 86 steps.
[32;1mAccepting new params at step 0 of line search.[0m
---------------------------------------
|             Epoch |              17 |
|      AverageEpRet |             220 |
|          StdEpRet |            14.1 |
|          MaxEpRet |             242 |
|          MinEpRet |             148 |
|             EpLen |             102 |
|      AverageVVals |            88.2 |
|          StdVVals |            32.2 |
|          MaxVVals |             112 |
|          MinVVals |            1.78 |
| TotalEnvInteracts |         7.2e+04 |
|            LossPi |       -2.98e-08 |
|             LossV |             163 |
|       DeltaLossPi |         -0.0163 |
|        DeltaLossV |             -32 |
|                KL |          0.0074 |
|    BacktrackIters |               0 |
|              Time |        1.21e+03 |
---------------------------------------
Warning: trajectory cut off by epoch at 42 steps.
Warning: trajectory cut off by epoch at 31 steps.
Warning: trajectory cut off by epoch at 49 steps.
Warning: trajectory cut off by epoch at 48 steps.
[32;1mAccepting new params at step 0 of line search.[0m
---------------------------------------
|             Epoch |              18 |
|      AverageEpRet |             226 |
|          StdEpRet |            9.46 |
|          MaxEpRet |             251 |
|          MinEpRet |             212 |
|             EpLen |             106 |
|      AverageVVals |            87.9 |
|          StdVVals |            34.1 |
|          MaxVVals |             115 |
|          MinVVals |           0.127 |
| TotalEnvInteracts |         7.6e+04 |
|            LossPi |       -8.85e-08 |
|             LossV |            92.3 |
|       DeltaLossPi |         -0.0135 |
|        DeltaLossV |           -23.9 |
|                KL |         0.00801 |
|    BacktrackIters |               0 |
|              Time |         1.3e+03 |
---------------------------------------
Warning: trajectory cut off by epoch at 38 steps.
Warning: trajectory cut off by epoch at 52 steps.
Warning: trajectory cut off by epoch at 10 steps.
Warning: trajectory cut off by epoch at 63 steps.
[32;1mAccepting new params at step 0 of line search.[0m
---------------------------------------
|             Epoch |              19 |
|      AverageEpRet |             226 |
|          StdEpRet |            11.2 |
|          MaxEpRet |             268 |
|          MinEpRet |             208 |
|             EpLen |             107 |
|      AverageVVals |            89.6 |
|          StdVVals |            34.4 |
|          MaxVVals |             117 |
|          MinVVals |            1.56 |
| TotalEnvInteracts |           8e+04 |
|            LossPi |       -4.47e-08 |
|             LossV |            71.4 |
|       DeltaLossPi |         -0.0179 |
|        DeltaLossV |           -17.4 |
|                KL |         0.00875 |
|    BacktrackIters |               0 |
|              Time |        1.38e+03 |
---------------------------------------
Warning: trajectory cut off by epoch at 13 steps.
Warning: trajectory cut off by epoch at 88 steps.
Warning: trajectory cut off by epoch at 12 steps.
Warning: trajectory cut off by epoch at 97 steps.
[32;1mAccepting new params at step 0 of line search.[0m
---------------------------------------
|             Epoch |              20 |
|      AverageEpRet |             229 |
|          StdEpRet |              11 |
|          MaxEpRet |             261 |
|          MinEpRet |             212 |
|             EpLen |             108 |
|      AverageVVals |            89.5 |
|          StdVVals |            35.1 |
|          MaxVVals |             118 |
|          MinVVals |           0.895 |
| TotalEnvInteracts |         8.4e+04 |
|            LossPi |       -6.71e-08 |
|             LossV |            59.6 |
|       DeltaLossPi |         -0.0152 |
|        DeltaLossV |           -14.2 |
|                KL |         0.00852 |
|    BacktrackIters |               0 |
|              Time |        1.47e+03 |
---------------------------------------
Warning: trajectory cut off by epoch at 10 steps.
Warning: trajectory cut off by epoch at 66 steps.
Warning: trajectory cut off by epoch at 74 steps.
Warning: trajectory cut off by epoch at 91 steps.
[32;1mAccepting new params at step 0 of line search.[0m
---------------------------------------
|             Epoch |              21 |
|      AverageEpRet |             234 |
|          StdEpRet |              12 |
|          MaxEpRet |             267 |
|          MinEpRet |             216 |
|             EpLen |             114 |
|      AverageVVals |            90.8 |
|          StdVVals |            35.3 |
|          MaxVVals |             120 |
|          MinVVals |            1.91 |
| TotalEnvInteracts |         8.8e+04 |
|            LossPi |        2.98e-08 |
|             LossV |            54.5 |
|       DeltaLossPi |         -0.0159 |
|        DeltaLossV |           -12.7 |
|                KL |         0.00858 |
|    BacktrackIters |               0 |
|              Time |        1.54e+03 |
---------------------------------------
Warning: trajectory cut off by epoch at 46 steps.
Warning: trajectory cut off by epoch at 42 steps.
Warning: trajectory cut off by epoch at 39 steps.
Warning: trajectory cut off by epoch at 23 steps.
[32;1mAccepting new params at step 0 of line search.[0m
---------------------------------------
|             Epoch |              22 |
|      AverageEpRet |             241 |
|          StdEpRet |            13.1 |
|          MaxEpRet |             280 |
|          MinEpRet |             215 |
|             EpLen |             120 |
|      AverageVVals |              91 |
|          StdVVals |            36.2 |
|          MaxVVals |             122 |
|          MinVVals |            2.09 |
| TotalEnvInteracts |         9.2e+04 |
|            LossPi |        7.45e-09 |
|             LossV |            44.2 |
|       DeltaLossPi |         -0.0166 |
|        DeltaLossV |           -9.87 |
|                KL |         0.00899 |
|    BacktrackIters |               0 |
|              Time |        1.61e+03 |
---------------------------------------
Warning: trajectory cut off by epoch at 36 steps.
Warning: trajectory cut off by epoch at 12 steps.
Warning: trajectory cut off by epoch at 62 steps.
Warning: trajectory cut off by epoch at 16 steps.
[32;1mAccepting new params at step 0 of line search.[0m
---------------------------------------
|             Epoch |              23 |
|      AverageEpRet |             242 |
|          StdEpRet |            11.5 |
|          MaxEpRet |             271 |
|          MinEpRet |             222 |
|             EpLen |             121 |
|      AverageVVals |            90.8 |
|          StdVVals |              36 |
|          MaxVVals |             123 |
|          MinVVals |            1.94 |
| TotalEnvInteracts |         9.6e+04 |
|            LossPi |         4.1e-08 |
|             LossV |            36.4 |
|       DeltaLossPi |          -0.012 |
|        DeltaLossV |           -8.68 |
|                KL |         0.00828 |
|    BacktrackIters |               0 |
|              Time |        1.68e+03 |
---------------------------------------
Warning: trajectory cut off by epoch at 90 steps.
Warning: trajectory cut off by epoch at 109 steps.
Warning: trajectory cut off by epoch at 49 steps.
[32;1mAccepting new params at step 0 of line search.[0m
---------------------------------------
|             Epoch |              24 |
|      AverageEpRet |             240 |
|          StdEpRet |            20.2 |
|          MaxEpRet |             261 |
|          MinEpRet |             147 |
|             EpLen |             121 |
|      AverageVVals |            90.8 |
|          StdVVals |            36.6 |
|          MaxVVals |             124 |
|          MinVVals |            1.03 |
| TotalEnvInteracts |           1e+05 |
|            LossPi |        5.03e-08 |
|             LossV |            73.6 |
|       DeltaLossPi |         -0.0136 |
|        DeltaLossV |           -9.92 |
|                KL |         0.00916 |
|    BacktrackIters |               0 |
|              Time |        1.75e+03 |
---------------------------------------
Warning: trajectory cut off by epoch at 106 steps.
Warning: trajectory cut off by epoch at 66 steps.
Warning: trajectory cut off by epoch at 94 steps.
Warning: trajectory cut off by epoch at 90 steps.
[32;1mAccepting new params at step 0 of line search.[0m
---------------------------------------
|             Epoch |              25 |
|      AverageEpRet |             251 |
|          StdEpRet |            12.5 |
|          MaxEpRet |             275 |
|          MinEpRet |             226 |
|             EpLen |             130 |
|      AverageVVals |              92 |
|          StdVVals |              36 |
|          MaxVVals |             125 |
|          MinVVals |           0.392 |
| TotalEnvInteracts |        1.04e+05 |
|            LossPi |       -2.98e-08 |
|             LossV |            28.7 |
|       DeltaLossPi |          -0.016 |
|        DeltaLossV |           -7.94 |
|                KL |         0.00876 |
|    BacktrackIters |               0 |
|              Time |        1.82e+03 |
---------------------------------------
Warning: trajectory cut off by epoch at 84 steps.
Warning: trajectory cut off by epoch at 7 steps.
Warning: trajectory cut off by epoch at 38 steps.
Warning: trajectory cut off by epoch at 71 steps.
[32;1mAccepting new params at step 0 of line search.[0m
---------------------------------------
|             Epoch |              26 |
|      AverageEpRet |             251 |
|          StdEpRet |            11.2 |
|          MaxEpRet |             275 |
|          MinEpRet |             231 |
|             EpLen |             131 |
|      AverageVVals |            92.3 |
|          StdVVals |            36.5 |
|          MaxVVals |             127 |
|          MinVVals |           0.158 |
| TotalEnvInteracts |        1.08e+05 |
|            LossPi |        1.35e-08 |
|             LossV |            24.3 |
|       DeltaLossPi |         -0.0166 |
|        DeltaLossV |           -5.88 |
|                KL |         0.00754 |
|    BacktrackIters |               0 |
|              Time |        1.89e+03 |
---------------------------------------
Warning: trajectory cut off by epoch at 102 steps.
Warning: trajectory cut off by epoch at 71 steps.
Warning: trajectory cut off by epoch at 86 steps.
Warning: trajectory cut off by epoch at 42 steps.
[32;1mAccepting new params at step 0 of line search.[0m
---------------------------------------
|             Epoch |              27 |
|      AverageEpRet |             257 |
|          StdEpRet |            19.7 |
|          MaxEpRet |             280 |
|          MinEpRet |             180 |
|             EpLen |             137 |
|      AverageVVals |            93.5 |
|          StdVVals |            36.3 |
|          MaxVVals |             127 |
|          MinVVals |           0.641 |
| TotalEnvInteracts |        1.12e+05 |
|            LossPi |       -9.31e-09 |
|             LossV |              40 |
|       DeltaLossPi |         -0.0142 |
|        DeltaLossV |           -9.07 |
|                KL |         0.00842 |
|    BacktrackIters |               0 |
|              Time |        1.96e+03 |
---------------------------------------
Warning: trajectory cut off by epoch at 12 steps.
Warning: trajectory cut off by epoch at 96 steps.
Warning: trajectory cut off by epoch at 99 steps.
Warning: trajectory cut off by epoch at 128 steps.
[32;1mAccepting new params at step 0 of line search.[0m
---------------------------------------
|             Epoch |              28 |
|      AverageEpRet |             259 |
|          StdEpRet |            32.1 |
|          MaxEpRet |             289 |
|          MinEpRet |             108 |
|             EpLen |             141 |
|      AverageVVals |            93.1 |
|          StdVVals |            36.1 |
|          MaxVVals |             128 |
|          MinVVals |           0.833 |
| TotalEnvInteracts |        1.16e+05 |
|            LossPi |       -1.12e-08 |
|             LossV |             107 |
|       DeltaLossPi |         -0.0161 |
|        DeltaLossV |           -16.6 |
|                KL |         0.00857 |
|    BacktrackIters |               0 |
|              Time |        2.03e+03 |
---------------------------------------
Warning: trajectory cut off by epoch at 34 steps.
Warning: trajectory cut off by epoch at 139 steps.
Warning: trajectory cut off by epoch at 132 steps.
Warning: trajectory cut off by epoch at 105 steps.
[32;1mAccepting new params at step 0 of line search.[0m
---------------------------------------
|             Epoch |              29 |
|      AverageEpRet |             265 |
|          StdEpRet |            11.9 |
|          MaxEpRet |             283 |
|          MinEpRet |             238 |
|             EpLen |             144 |
|      AverageVVals |            92.4 |
|          StdVVals |            35.7 |
|          MaxVVals |             129 |
|          MinVVals |          -0.113 |
| TotalEnvInteracts |         1.2e+05 |
|            LossPi |        1.68e-08 |
|             LossV |            17.2 |
|       DeltaLossPi |         -0.0176 |
|        DeltaLossV |           -8.07 |
|                KL |         0.00841 |
|    BacktrackIters |               0 |
|              Time |         2.1e+03 |
---------------------------------------
Warning: trajectory cut off by epoch at 106 steps.
Warning: trajectory cut off by epoch at 38 steps.
Warning: trajectory cut off by epoch at 4 steps.
Warning: trajectory cut off by epoch at 102 steps.
[32;1mAccepting new params at step 0 of line search.[0m
---------------------------------------
|             Epoch |              30 |
|      AverageEpRet |             262 |
|          StdEpRet |            31.1 |
|          MaxEpRet |             304 |
|          MinEpRet |             132 |
|             EpLen |             144 |
|      AverageVVals |            93.9 |
|          StdVVals |              36 |
|          MaxVVals |             130 |
|          MinVVals |          0.0173 |
| TotalEnvInteracts |        1.24e+05 |
|            LossPi |       -7.45e-09 |
|             LossV |             117 |
|       DeltaLossPi |         -0.0123 |
|        DeltaLossV |           -15.9 |
|                KL |         0.00744 |
|    BacktrackIters |               0 |
|              Time |        2.18e+03 |
---------------------------------------
Warning: trajectory cut off by epoch at 132 steps.
Warning: trajectory cut off by epoch at 122 steps.
Warning: trajectory cut off by epoch at 100 steps.
Warning: trajectory cut off by epoch at 125 steps.
[32;1mAccepting new params at step 0 of line search.[0m
---------------------------------------
|             Epoch |              31 |
|      AverageEpRet |             268 |
|          StdEpRet |              12 |
|          MaxEpRet |             293 |
|          MinEpRet |             243 |
|             EpLen |             147 |
|      AverageVVals |            92.9 |
|          StdVVals |            35.5 |
|          MaxVVals |             130 |
|          MinVVals |           0.587 |
| TotalEnvInteracts |        1.28e+05 |
|            LossPi |        2.89e-08 |
|             LossV |            15.1 |
|       DeltaLossPi |         -0.0311 |
|        DeltaLossV |           -7.64 |
|                KL |         0.00736 |
|    BacktrackIters |               0 |
|              Time |        2.25e+03 |
---------------------------------------
Warning: trajectory cut off by epoch at 96 steps.
Warning: trajectory cut off by epoch at 87 steps.
Warning: trajectory cut off by epoch at 124 steps.
Warning: trajectory cut off by epoch at 107 steps.
[32;1mAccepting new params at step 0 of line search.[0m
---------------------------------------
|             Epoch |              32 |
|      AverageEpRet |             270 |
|          StdEpRet |            13.3 |
|          MaxEpRet |             294 |
|          MinEpRet |             246 |
|             EpLen |             149 |
|      AverageVVals |            94.2 |
|          StdVVals |              36 |
|          MaxVVals |             131 |
|          MinVVals |            2.03 |
| TotalEnvInteracts |        1.32e+05 |
|            LossPi |        9.31e-09 |
|             LossV |            7.67 |
|       DeltaLossPi |         -0.0152 |
|        DeltaLossV |           -1.59 |
|                KL |         0.00865 |
|    BacktrackIters |               0 |
|              Time |        2.32e+03 |
---------------------------------------
Warning: trajectory cut off by epoch at 125 steps.
Warning: trajectory cut off by epoch at 95 steps.
Warning: trajectory cut off by epoch at 92 steps.
Warning: trajectory cut off by epoch at 130 steps.
[32;1mAccepting new params at step 0 of line search.[0m
---------------------------------------
|             Epoch |              33 |
|      AverageEpRet |             269 |
|          StdEpRet |            14.6 |
|          MaxEpRet |             298 |
|          MinEpRet |             241 |
|             EpLen |             148 |
|      AverageVVals |            93.1 |
|          StdVVals |            36.5 |
|          MaxVVals |             131 |
|          MinVVals |            1.03 |
| TotalEnvInteracts |        1.36e+05 |
|            LossPi |       -1.49e-08 |
|             LossV |            7.95 |
|       DeltaLossPi |         -0.0173 |
|        DeltaLossV |           -1.75 |
|                KL |         0.00888 |
|    BacktrackIters |               0 |
|              Time |        2.39e+03 |
---------------------------------------
Warning: trajectory cut off by epoch at 48 steps.
Warning: trajectory cut off by epoch at 5 steps.
Warning: trajectory cut off by epoch at 5 steps.
Warning: trajectory cut off by epoch at 136 steps.
[32;1mAccepting new params at step 0 of line search.[0m
---------------------------------------
|             Epoch |              34 |
|      AverageEpRet |             279 |
|          StdEpRet |            22.9 |
|          MaxEpRet |             320 |
|          MinEpRet |             242 |
|             EpLen |             159 |
|      AverageVVals |            92.5 |
|          StdVVals |            36.4 |
|          MaxVVals |             132 |
|          MinVVals |          -0.219 |
| TotalEnvInteracts |         1.4e+05 |
|            LossPi |               0 |
|             LossV |            8.73 |
|       DeltaLossPi |         -0.0147 |
|        DeltaLossV |           -2.68 |
|                KL |         0.00905 |
|    BacktrackIters |               0 |
|              Time |        2.46e+03 |
---------------------------------------
Warning: trajectory cut off by epoch at 114 steps.
Warning: trajectory cut off by epoch at 165 steps.
Warning: trajectory cut off by epoch at 76 steps.
Warning: trajectory cut off by epoch at 147 steps.
[32;1mAccepting new params at step 0 of line search.[0m
---------------------------------------
|             Epoch |              35 |
|      AverageEpRet |             280 |
|          StdEpRet |            29.9 |
|          MaxEpRet |             348 |
|          MinEpRet |             239 |
|             EpLen |             159 |
|      AverageVVals |            94.4 |
|          StdVVals |            36.4 |
|          MaxVVals |             133 |
|          MinVVals |          -0.909 |
| TotalEnvInteracts |        1.44e+05 |
|            LossPi |        2.61e-08 |
|             LossV |            7.13 |
|       DeltaLossPi |         -0.0204 |
|        DeltaLossV |           -1.83 |
|                KL |         0.00886 |
|    BacktrackIters |               0 |
|              Time |        2.52e+03 |
---------------------------------------
Warning: trajectory cut off by epoch at 134 steps.
Warning: trajectory cut off by epoch at 87 steps.
Warning: trajectory cut off by epoch at 69 steps.
Warning: trajectory cut off by epoch at 149 steps.
[32;1mAccepting new params at step 0 of line search.[0m
---------------------------------------
|             Epoch |              36 |
|      AverageEpRet |             298 |
|          StdEpRet |              36 |
|          MaxEpRet |             380 |
|          MinEpRet |             248 |
|             EpLen |             178 |
|      AverageVVals |            95.3 |
|          StdVVals |            35.1 |
|          MaxVVals |             133 |
|          MinVVals |           0.106 |
| TotalEnvInteracts |        1.48e+05 |
|            LossPi |        7.45e-09 |
|             LossV |            23.5 |
|       DeltaLossPi |         -0.0138 |
|        DeltaLossV |           -3.68 |
|                KL |         0.00831 |
|    BacktrackIters |               0 |
|              Time |        2.59e+03 |
---------------------------------------
Warning: trajectory cut off by epoch at 78 steps.
Warning: trajectory cut off by epoch at 129 steps.
Warning: trajectory cut off by epoch at 179 steps.
Warning: trajectory cut off by epoch at 54 steps.
[32;1mAccepting new params at step 0 of line search.[0m
---------------------------------------
|             Epoch |              37 |
|      AverageEpRet |             300 |
|          StdEpRet |            36.2 |
|          MaxEpRet |             389 |
|          MinEpRet |             247 |
|             EpLen |             178 |
|      AverageVVals |            94.3 |
|          StdVVals |            35.7 |
|          MaxVVals |             133 |
|          MinVVals |          -0.651 |
| TotalEnvInteracts |        1.52e+05 |
|            LossPi |        -4.1e-08 |
|             LossV |             9.5 |
|       DeltaLossPi |          -0.018 |
|        DeltaLossV |           -3.77 |
|                KL |         0.00928 |
|    BacktrackIters |               0 |
|              Time |        2.67e+03 |
---------------------------------------
Warning: trajectory cut off by epoch at 154 steps.
Warning: trajectory cut off by epoch at 147 steps.
Warning: trajectory cut off by epoch at 173 steps.
Warning: trajectory cut off by epoch at 176 steps.
[32;1mAccepting new params at step 0 of line search.[0m
---------------------------------------
|             Epoch |              38 |
|      AverageEpRet |             309 |
|          StdEpRet |            36.1 |
|          MaxEpRet |             388 |
|          MinEpRet |             254 |
|             EpLen |             186 |
|      AverageVVals |              95 |
|          StdVVals |            35.1 |
|          MaxVVals |             134 |
|          MinVVals |          -0.639 |
| TotalEnvInteracts |        1.56e+05 |
|            LossPi |        7.45e-09 |
|             LossV |            7.64 |
|       DeltaLossPi |         -0.0191 |
|        DeltaLossV |          -0.993 |
|                KL |         0.00971 |
|    BacktrackIters |               0 |
|              Time |        2.74e+03 |
---------------------------------------
Warning: trajectory cut off by epoch at 155 steps.
Warning: trajectory cut off by epoch at 41 steps.
Warning: trajectory cut off by epoch at 9 steps.
Warning: trajectory cut off by epoch at 136 steps.
[32;1mAccepting new params at step 0 of line search.[0m
---------------------------------------
|             Epoch |              39 |
|      AverageEpRet |             309 |
|          StdEpRet |            40.5 |
|          MaxEpRet |             401 |
|          MinEpRet |             264 |
|             EpLen |             183 |
|      AverageVVals |            93.7 |
|          StdVVals |            36.3 |
|          MaxVVals |             134 |
|          MinVVals |           0.299 |
| TotalEnvInteracts |         1.6e+05 |
|            LossPi |        2.22e-08 |
|             LossV |            11.9 |
|       DeltaLossPi |         -0.0188 |
|        DeltaLossV |           -4.87 |
|                KL |         0.00948 |
|    BacktrackIters |               0 |
|              Time |        2.81e+03 |
---------------------------------------
Warning: trajectory cut off by epoch at 121 steps.
Warning: trajectory cut off by epoch at 64 steps.
Warning: trajectory cut off by epoch at 63 steps.
Warning: trajectory cut off by epoch at 16 steps.
[32;1mAccepting new params at step 0 of line search.[0m
---------------------------------------
|             Epoch |              40 |
|      AverageEpRet |             348 |
|          StdEpRet |            69.9 |
|          MaxEpRet |             461 |
|          MinEpRet |             275 |
|             EpLen |             220 |
|      AverageVVals |            96.8 |
|          StdVVals |            33.9 |
|          MaxVVals |             135 |
|          MinVVals |           -1.39 |
| TotalEnvInteracts |        1.64e+05 |
|            LossPi |               0 |
|             LossV |            16.3 |
|       DeltaLossPi |         -0.0185 |
|        DeltaLossV |           -4.88 |
|                KL |         0.00926 |
|    BacktrackIters |               0 |
|              Time |        2.88e+03 |
---------------------------------------
Warning: trajectory cut off by epoch at 63 steps.
Warning: trajectory cut off by epoch at 166 steps.
Warning: trajectory cut off by epoch at 162 steps.
Warning: trajectory cut off by epoch at 21 steps.
[32;1mAccepting new params at step 0 of line search.[0m
---------------------------------------
|             Epoch |              41 |
|      AverageEpRet |             345 |
|          StdEpRet |              74 |
|          MaxEpRet |             541 |
|          MinEpRet |             281 |
|             EpLen |             211 |
|      AverageVVals |            96.8 |
|          StdVVals |            35.1 |
|          MaxVVals |             136 |
|          MinVVals |           -2.63 |
| TotalEnvInteracts |        1.68e+05 |
|            LossPi |       -2.05e-08 |
|             LossV |            24.5 |
|       DeltaLossPi |         -0.0204 |
|        DeltaLossV |           -14.5 |
|                KL |         0.00948 |
|    BacktrackIters |               0 |
|              Time |        2.97e+03 |
---------------------------------------
Warning: trajectory cut off by epoch at 7 steps.
Warning: trajectory cut off by epoch at 7 steps.
Warning: trajectory cut off by epoch at 124 steps.
Warning: trajectory cut off by epoch at 108 steps.
[32;1mAccepting new params at step 0 of line search.[0m
---------------------------------------
|             Epoch |              42 |
|      AverageEpRet |             316 |
|          StdEpRet |            31.6 |
|          MaxEpRet |             421 |
|          MinEpRet |             272 |
|             EpLen |             179 |
|      AverageVVals |            98.1 |
|          StdVVals |            37.3 |
|          MaxVVals |             137 |
|          MinVVals |          -0.311 |
| TotalEnvInteracts |        1.72e+05 |
|            LossPi |       -3.35e-08 |
|             LossV |            17.1 |
|       DeltaLossPi |         -0.0194 |
|        DeltaLossV |           -6.13 |
|                KL |         0.00976 |
|    BacktrackIters |               0 |
|              Time |        3.05e+03 |
---------------------------------------
Warning: trajectory cut off by epoch at 36 steps.
Warning: trajectory cut off by epoch at 168 steps.
Warning: trajectory cut off by epoch at 160 steps.
Warning: trajectory cut off by epoch at 351 steps.
[32;1mAccepting new params at step 0 of line search.[0m
---------------------------------------
|             Epoch |              43 |
|      AverageEpRet |             335 |
|          StdEpRet |            75.5 |
|          MaxEpRet |             568 |
|          MinEpRet |             274 |
|             EpLen |             193 |
|      AverageVVals |             100 |
|          StdVVals |            35.2 |
|          MaxVVals |             138 |
|          MinVVals |           -1.72 |
| TotalEnvInteracts |        1.76e+05 |
|            LossPi |       -1.49e-08 |
|             LossV |            20.7 |
|       DeltaLossPi |         -0.0211 |
|        DeltaLossV |           -6.76 |
|                KL |         0.00914 |
|    BacktrackIters |               0 |
|              Time |        3.13e+03 |
---------------------------------------
Warning: trajectory cut off by epoch at 74 steps.
Warning: trajectory cut off by epoch at 180 steps.
Warning: trajectory cut off by epoch at 120 steps.
[32;1mAccepting new params at step 0 of line search.[0m
---------------------------------------
|             Epoch |              44 |
|      AverageEpRet |             320 |
|          StdEpRet |            20.4 |
|          MaxEpRet |             372 |
|          MinEpRet |             281 |
|             EpLen |             173 |
|      AverageVVals |             101 |
|          StdVVals |            37.6 |
|          MaxVVals |             139 |
|          MinVVals |          -0.484 |
| TotalEnvInteracts |         1.8e+05 |
|            LossPi |        -1.3e-08 |
|             LossV |              37 |
|       DeltaLossPi |         -0.0238 |
|        DeltaLossV |           -15.1 |
|                KL |         0.00952 |
|    BacktrackIters |               0 |
|              Time |         3.2e+03 |
---------------------------------------
Warning: trajectory cut off by epoch at 219 steps.
Warning: trajectory cut off by epoch at 186 steps.
Warning: trajectory cut off by epoch at 8 steps.
Warning: trajectory cut off by epoch at 172 steps.
[32;1mAccepting new params at step 0 of line search.[0m
---------------------------------------
|             Epoch |              45 |
|      AverageEpRet |             324 |
|          StdEpRet |            43.9 |
|          MaxEpRet |             506 |
|          MinEpRet |             292 |
|             EpLen |             171 |
|      AverageVVals |             103 |
|          StdVVals |            37.5 |
|          MaxVVals |             141 |
|          MinVVals |           0.709 |
| TotalEnvInteracts |        1.84e+05 |
|            LossPi |        1.12e-08 |
|             LossV |            34.6 |
|       DeltaLossPi |         -0.0184 |
|        DeltaLossV |             -14 |
|                KL |          0.0097 |
|    BacktrackIters |               0 |
|              Time |        3.27e+03 |
---------------------------------------
Warning: trajectory cut off by epoch at 61 steps.
Warning: trajectory cut off by epoch at 2 steps.
Warning: trajectory cut off by epoch at 27 steps.
Warning: trajectory cut off by epoch at 171 steps.
[32;1mAccepting new params at step 0 of line search.[0m
---------------------------------------
|             Epoch |              46 |
|      AverageEpRet |             320 |
|          StdEpRet |            14.8 |
|          MaxEpRet |             357 |
|          MinEpRet |             294 |
|             EpLen |             163 |
|      AverageVVals |             104 |
|          StdVVals |            39.2 |
|          MaxVVals |             142 |
|          MinVVals |           0.556 |
| TotalEnvInteracts |        1.88e+05 |
|            LossPi |        8.38e-09 |
|             LossV |            42.6 |
|       DeltaLossPi |         -0.0192 |
|        DeltaLossV |           -15.1 |
|                KL |          0.0093 |
|    BacktrackIters |               0 |
|              Time |        3.34e+03 |
---------------------------------------
Warning: trajectory cut off by epoch at 93 steps.
Warning: trajectory cut off by epoch at 63 steps.
Warning: trajectory cut off by epoch at 3 steps.
Warning: trajectory cut off by epoch at 176 steps.
[32;1mAccepting new params at step 0 of line search.[0m
---------------------------------------
|             Epoch |              47 |
|      AverageEpRet |             322 |
|          StdEpRet |            15.5 |
|          MaxEpRet |             362 |
|          MinEpRet |             296 |
|             EpLen |             159 |
|      AverageVVals |             107 |
|          StdVVals |            40.1 |
|          MaxVVals |             144 |
|          MinVVals |           -5.33 |
| TotalEnvInteracts |        1.92e+05 |
|            LossPi |        2.98e-08 |
|             LossV |              34 |
|       DeltaLossPi |         -0.0197 |
|        DeltaLossV |           -16.6 |
|                KL |         0.00952 |
|    BacktrackIters |               0 |
|              Time |         3.4e+03 |
---------------------------------------
Warning: trajectory cut off by epoch at 35 steps.
Warning: trajectory cut off by epoch at 70 steps.
Warning: trajectory cut off by epoch at 58 steps.
Warning: trajectory cut off by epoch at 80 steps.
[32;1mAccepting new params at step 0 of line search.[0m
---------------------------------------
|             Epoch |              48 |
|      AverageEpRet |             325 |
|          StdEpRet |            14.7 |
|          MaxEpRet |             350 |
|          MinEpRet |             295 |
|             EpLen |             157 |
|      AverageVVals |             109 |
|          StdVVals |            41.2 |
|          MaxVVals |             147 |
|          MinVVals |           -0.11 |
| TotalEnvInteracts |        1.96e+05 |
|            LossPi |       -2.33e-08 |
|             LossV |            34.1 |
|       DeltaLossPi |         -0.0199 |
|        DeltaLossV |           -19.2 |
|                KL |         0.00976 |
|    BacktrackIters |               0 |
|              Time |        3.47e+03 |
---------------------------------------
Warning: trajectory cut off by epoch at 75 steps.
Warning: trajectory cut off by epoch at 17 steps.
Warning: trajectory cut off by epoch at 74 steps.
Warning: trajectory cut off by epoch at 19 steps.
[32;1mAccepting new params at step 0 of line search.[0m
---------------------------------------
|             Epoch |              49 |
|      AverageEpRet |             329 |
|          StdEpRet |            18.6 |
|          MaxEpRet |             374 |
|          MinEpRet |             281 |
|             EpLen |             159 |
|      AverageVVals |             112 |
|          StdVVals |            41.1 |
|          MaxVVals |             150 |
|          MinVVals |           -1.05 |
| TotalEnvInteracts |           2e+05 |
|            LossPi |        7.45e-09 |
|             LossV |            45.7 |
|       DeltaLossPi |         -0.0164 |
|        DeltaLossV |           -8.53 |
|                KL |         0.00915 |
|    BacktrackIters |               0 |
|              Time |        3.53e+03 |
---------------------------------------
