--------------------------------------------------------------------------
[[26737,1],0]: A high-performance Open MPI point-to-point messaging module
was unable to find any relevant network interfaces:

Module: OpenFabrics (openib)
  Host: GCRAZGDL0429

Another transport will be used instead, although this may result in
lower performance.

NOTE: You can disable this warning by setting the MCA parameter
btl_base_warn_component_unused to 0.
--------------------------------------------------------------------------
2022-04-15 04:29:38.809794: I tensorflow/core/platform/cpu_feature_guard.cc:142] Your CPU supports instructions that this TensorFlow binary was not compiled to use: AVX2 FMA
2022-04-15 04:29:38.817483: I tensorflow/core/platform/profile_utils/cpu_utils.cc:94] CPU Frequency: 2593990000 Hz
2022-04-15 04:29:38.817880: I tensorflow/compiler/xla/service/service.cc:168] XLA service 0x55985b918d50 initialized for platform Host (this does not guarantee that XLA will be used). Devices:
2022-04-15 04:29:38.817917: I tensorflow/compiler/xla/service/service.cc:176]   StreamExecutor device (0): Host, Default Version
Warning: Log dir exp/wtrpo_HalfCheetah-v3/wtrpo_HalfCheetah-v3_s4 already exists! Storing info there anyway.
[32;1mLogging data to exp/wtrpo_HalfCheetah-v3/wtrpo_HalfCheetah-v3_s4/progress.txt[0m
[36;1mSaving config:
[0m
{
    "ac_kwargs":	{
        "hidden_sizes":	[
            64,
            64
        ]
    },
    "actor_critic":	"mlp_actor_critic",
    "algo":	"trpo",
    "backtrack_coeff":	0.8,
    "backtrack_iters":	10,
    "cg_iters":	10,
    "damping_coeff":	0.1,
    "delta":	0.01,
    "env_fn":	"<function <lambda> at 0x7f7dd254f290>",
    "epochs":	50,
    "exp_name":	"wtrpo_HalfCheetah-v3",
    "gamma":	0.99,
    "lam":	0.97,
    "logger":	{
        "<spinup.utils.logx.EpochLogger object at 0x7f7dd256ca10>":	{
            "epoch_dict":	{},
            "exp_name":	"wtrpo_HalfCheetah-v3",
            "first_row":	true,
            "log_current_row":	{},
            "log_headers":	[],
            "output_dir":	"exp/wtrpo_HalfCheetah-v3/wtrpo_HalfCheetah-v3_s4",
            "output_file":	{
                "<_io.TextIOWrapper name='exp/wtrpo_HalfCheetah-v3/wtrpo_HalfCheetah-v3_s4/progress.txt' mode='w' encoding='UTF-8'>":	{
                    "mode":	"w"
                }
            }
        }
    },
    "logger_kwargs":	{
        "exp_name":	"wtrpo_HalfCheetah-v3",
        "output_dir":	"exp/wtrpo_HalfCheetah-v3/wtrpo_HalfCheetah-v3_s4"
    },
    "max_ep_len":	1000,
    "save_freq":	10,
    "seed":	4,
    "steps_per_epoch":	4000,
    "train_v_iters":	80,
    "vf_lr":	0.001
}
[32;1m
Number of parameters: 	 pi: 5708, 	 v: 5377
[0m
[32;1mLine search failed! Keeping old params.[0m
---------------------------------------
|             Epoch |               0 |
|      AverageEpRet |            -703 |
|          StdEpRet |              69 |
|          MaxEpRet |            -618 |
|          MinEpRet |            -810 |
|             EpLen |           1e+03 |
|      AverageVVals |           0.147 |
|          StdVVals |            0.62 |
|          MaxVVals |            2.08 |
|          MinVVals |           -1.61 |
| TotalEnvInteracts |           4e+03 |
|            LossPi |       -5.78e-08 |
|             LossV |        4.29e+03 |
|       DeltaLossPi |        2.98e-09 |
|        DeltaLossV |       -1.25e+03 |
|                KL |        5.82e+04 |
|    BacktrackIters |               9 |
|              Time |            4.86 |
---------------------------------------
[32;1mLine search failed! Keeping old params.[0m
---------------------------------------
|             Epoch |               1 |
|      AverageEpRet |            -699 |
|          StdEpRet |            14.5 |
|          MaxEpRet |            -684 |
|          MinEpRet |            -718 |
|             EpLen |           1e+03 |
|      AverageVVals |           -6.82 |
|          StdVVals |            9.55 |
|          MaxVVals |            13.5 |
|          MinVVals |           -14.1 |
| TotalEnvInteracts |           8e+03 |
|            LossPi |        6.52e-08 |
|             LossV |        3.47e+03 |
|       DeltaLossPi |       -1.43e-09 |
|        DeltaLossV |       -1.03e+03 |
|                KL |        5.82e+04 |
|    BacktrackIters |               9 |
|              Time |             9.2 |
---------------------------------------
[32;1mLine search failed! Keeping old params.[0m
---------------------------------------
|             Epoch |               2 |
|      AverageEpRet |            -694 |
|          StdEpRet |              63 |
|          MaxEpRet |            -590 |
|          MinEpRet |            -750 |
|             EpLen |           1e+03 |
|      AverageVVals |           -15.5 |
|          StdVVals |            5.65 |
|          MaxVVals |            9.34 |
|          MinVVals |           -20.3 |
| TotalEnvInteracts |         1.2e+04 |
|            LossPi |       -6.99e-08 |
|             LossV |        2.67e+03 |
|       DeltaLossPi |       -2.38e-10 |
|        DeltaLossV |            -972 |
|                KL |        5.82e+04 |
|    BacktrackIters |               9 |
|              Time |            13.3 |
---------------------------------------
[32;1mLine search failed! Keeping old params.[0m
---------------------------------------
|             Epoch |               3 |
|      AverageEpRet |            -771 |
|          StdEpRet |            70.7 |
|          MaxEpRet |            -655 |
|          MinEpRet |            -845 |
|             EpLen |           1e+03 |
|      AverageVVals |           -26.7 |
|          StdVVals |           0.696 |
|          MaxVVals |           -20.9 |
|          MinVVals |           -27.2 |
| TotalEnvInteracts |         1.6e+04 |
|            LossPi |       -5.42e-09 |
|             LossV |        2.46e+03 |
|       DeltaLossPi |       -9.54e-10 |
|        DeltaLossV |            -558 |
|                KL |        5.82e+04 |
|    BacktrackIters |               9 |
|              Time |            17.1 |
---------------------------------------
[32;1mLine search failed! Keeping old params.[0m
---------------------------------------
|             Epoch |               4 |
|      AverageEpRet |            -720 |
|          StdEpRet |            66.9 |
|          MaxEpRet |            -661 |
|          MinEpRet |            -833 |
|             EpLen |           1e+03 |
|      AverageVVals |           -33.6 |
|          StdVVals |           0.218 |
|          MaxVVals |           -30.8 |
|          MinVVals |           -33.7 |
| TotalEnvInteracts |           2e+04 |
|            LossPi |         2.3e-08 |
|             LossV |        1.47e+03 |
|       DeltaLossPi |               0 |
|        DeltaLossV |            -268 |
|                KL |        5.82e+04 |
|    BacktrackIters |               9 |
|              Time |            20.9 |
---------------------------------------
[32;1mLine search failed! Keeping old params.[0m
---------------------------------------
|             Epoch |               5 |
|      AverageEpRet |            -597 |
|          StdEpRet |            64.7 |
|          MaxEpRet |            -512 |
|          MinEpRet |            -663 |
|             EpLen |           1e+03 |
|      AverageVVals |           -38.3 |
|          StdVVals |           0.159 |
|          MaxVVals |           -36.3 |
|          MinVVals |           -38.4 |
| TotalEnvInteracts |         2.4e+04 |
|            LossPi |       -2.15e-09 |
|             LossV |             602 |
|       DeltaLossPi |       -4.77e-10 |
|        DeltaLossV |           -81.6 |
|                KL |        5.82e+04 |
|    BacktrackIters |               9 |
|              Time |            24.8 |
---------------------------------------
[32;1mLine search failed! Keeping old params.[0m
---------------------------------------
|             Epoch |               6 |
|      AverageEpRet |            -689 |
|          StdEpRet |            30.6 |
|          MaxEpRet |            -654 |
|          MinEpRet |            -737 |
|             EpLen |           1e+03 |
|      AverageVVals |           -41.1 |
|          StdVVals |          0.0824 |
|          MaxVVals |           -39.5 |
|          MinVVals |           -41.2 |
| TotalEnvInteracts |         2.8e+04 |
|            LossPi |        5.34e-08 |
|             LossV |             935 |
|       DeltaLossPi |        7.15e-10 |
|        DeltaLossV |            -155 |
|                KL |        5.82e+04 |
|    BacktrackIters |               9 |
|              Time |            28.7 |
---------------------------------------
[32;1mLine search failed! Keeping old params.[0m
---------------------------------------
|             Epoch |               7 |
|      AverageEpRet |            -684 |
|          StdEpRet |            29.5 |
|          MaxEpRet |            -636 |
|          MinEpRet |            -715 |
|             EpLen |           1e+03 |
|      AverageVVals |           -44.8 |
|          StdVVals |           0.117 |
|          MaxVVals |           -43.4 |
|          MinVVals |           -44.9 |
| TotalEnvInteracts |         3.2e+04 |
|            LossPi |        1.07e-09 |
|             LossV |             678 |
|       DeltaLossPi |       -4.77e-10 |
|        DeltaLossV |            -104 |
|                KL |        5.82e+04 |
|    BacktrackIters |               9 |
|              Time |            32.6 |
---------------------------------------
[32;1mLine search failed! Keeping old params.[0m
---------------------------------------
|             Epoch |               8 |
|      AverageEpRet |            -738 |
|          StdEpRet |            34.4 |
|          MaxEpRet |            -689 |
|          MinEpRet |            -785 |
|             EpLen |           1e+03 |
|      AverageVVals |             -48 |
|          StdVVals |           0.125 |
|          MaxVVals |           -45.7 |
|          MinVVals |           -48.1 |
| TotalEnvInteracts |         3.6e+04 |
|            LossPi |        7.15e-10 |
|             LossV |             656 |
|       DeltaLossPi |        3.81e-09 |
|        DeltaLossV |            -115 |
|                KL |        5.82e+04 |
|    BacktrackIters |               9 |
|              Time |            36.5 |
---------------------------------------
[32;1mLine search failed! Keeping old params.[0m
---------------------------------------
|             Epoch |               9 |
|      AverageEpRet |            -669 |
|          StdEpRet |            21.8 |
|          MaxEpRet |            -635 |
|          MinEpRet |            -696 |
|             EpLen |           1e+03 |
|      AverageVVals |           -51.4 |
|          StdVVals |          0.0764 |
|          MaxVVals |           -50.6 |
|          MinVVals |           -51.5 |
| TotalEnvInteracts |           4e+04 |
|            LossPi |       -7.51e-09 |
|             LossV |             357 |
|       DeltaLossPi |       -1.43e-09 |
|        DeltaLossV |           -31.1 |
|                KL |        5.82e+04 |
|    BacktrackIters |               9 |
|              Time |            40.4 |
---------------------------------------
[32;1mLine search failed! Keeping old params.[0m
---------------------------------------
|             Epoch |              10 |
|      AverageEpRet |            -753 |
|          StdEpRet |             101 |
|          MaxEpRet |            -605 |
|          MinEpRet |            -852 |
|             EpLen |           1e+03 |
|      AverageVVals |           -53.3 |
|          StdVVals |          0.0975 |
|          MaxVVals |           -52.1 |
|          MinVVals |           -53.4 |
| TotalEnvInteracts |         4.4e+04 |
|            LossPi |       -1.38e-08 |
|             LossV |             818 |
|       DeltaLossPi |       -4.77e-10 |
|        DeltaLossV |           -76.2 |
|                KL |        5.82e+04 |
|    BacktrackIters |               9 |
|              Time |              45 |
---------------------------------------
[32;1mLine search failed! Keeping old params.[0m
---------------------------------------
|             Epoch |              11 |
|      AverageEpRet |            -634 |
|          StdEpRet |            26.2 |
|          MaxEpRet |            -600 |
|          MinEpRet |            -672 |
|             EpLen |           1e+03 |
|      AverageVVals |           -56.2 |
|          StdVVals |          0.0911 |
|          MaxVVals |           -54.5 |
|          MinVVals |           -56.3 |
| TotalEnvInteracts |         4.8e+04 |
|            LossPi |       -7.63e-09 |
|             LossV |             362 |
|       DeltaLossPi |       -7.15e-10 |
|        DeltaLossV |           -4.97 |
|                KL |        5.82e+04 |
|    BacktrackIters |               9 |
|              Time |              49 |
---------------------------------------
[32;1mLine search failed! Keeping old params.[0m
---------------------------------------
|             Epoch |              12 |
|      AverageEpRet |            -641 |
|          StdEpRet |            12.6 |
|          MaxEpRet |            -628 |
|          MinEpRet |            -656 |
|             EpLen |           1e+03 |
|      AverageVVals |           -56.7 |
|          StdVVals |            1.61 |
|          MaxVVals |           -17.1 |
|          MinVVals |           -56.9 |
| TotalEnvInteracts |         5.2e+04 |
|            LossPi |        1.12e-08 |
|             LossV |             361 |
|       DeltaLossPi |       -9.54e-10 |
|        DeltaLossV |           -14.4 |
|                KL |        5.82e+04 |
|    BacktrackIters |               9 |
|              Time |            53.1 |
---------------------------------------
[32;1mLine search failed! Keeping old params.[0m
---------------------------------------
|             Epoch |              13 |
|      AverageEpRet |            -750 |
|          StdEpRet |            86.5 |
|          MaxEpRet |            -667 |
|          MinEpRet |            -871 |
|             EpLen |           1e+03 |
|      AverageVVals |           -54.9 |
|          StdVVals |            4.68 |
|          MaxVVals |          -0.731 |
|          MinVVals |           -57.1 |
| TotalEnvInteracts |         5.6e+04 |
|            LossPi |       -8.58e-09 |
|             LossV |             925 |
|       DeltaLossPi |       -4.77e-10 |
|        DeltaLossV |            -123 |
|                KL |        5.82e+04 |
|    BacktrackIters |               9 |
|              Time |            57.1 |
---------------------------------------
[32;1mLine search failed! Keeping old params.[0m
---------------------------------------
|             Epoch |              14 |
|      AverageEpRet |            -702 |
|          StdEpRet |            67.1 |
|          MaxEpRet |            -651 |
|          MinEpRet |            -816 |
|             EpLen |           1e+03 |
|      AverageVVals |           -59.7 |
|          StdVVals |           0.451 |
|          MaxVVals |           -43.5 |
|          MinVVals |           -59.8 |
| TotalEnvInteracts |           6e+04 |
|            LossPi |          -1e-08 |
|             LossV |             457 |
|       DeltaLossPi |        9.54e-10 |
|        DeltaLossV |           -6.26 |
|                KL |        5.82e+04 |
|    BacktrackIters |               9 |
|              Time |            61.1 |
---------------------------------------
[32;1mLine search failed! Keeping old params.[0m
---------------------------------------
|             Epoch |              15 |
|      AverageEpRet |            -721 |
|          StdEpRet |            48.6 |
|          MaxEpRet |            -658 |
|          MinEpRet |            -781 |
|             EpLen |           1e+03 |
|      AverageVVals |           -60.8 |
|          StdVVals |           0.173 |
|          MaxVVals |           -55.7 |
|          MinVVals |           -60.8 |
| TotalEnvInteracts |         6.4e+04 |
|            LossPi |       -4.01e-08 |
|             LossV |             269 |
|       DeltaLossPi |               0 |
|        DeltaLossV |           -5.24 |
|                KL |        5.82e+04 |
|    BacktrackIters |               9 |
|              Time |            64.9 |
---------------------------------------
[32;1mLine search failed! Keeping old params.[0m
---------------------------------------
|             Epoch |              16 |
|      AverageEpRet |            -690 |
|          StdEpRet |            78.6 |
|          MaxEpRet |            -619 |
|          MinEpRet |            -822 |
|             EpLen |           1e+03 |
|      AverageVVals |           -61.7 |
|          StdVVals |           0.354 |
|          MaxVVals |           -43.3 |
|          MinVVals |           -61.7 |
| TotalEnvInteracts |         6.8e+04 |
|            LossPi |        4.18e-08 |
|             LossV |             473 |
|       DeltaLossPi |        3.34e-09 |
|        DeltaLossV |           -0.95 |
|                KL |        5.82e+04 |
|    BacktrackIters |               9 |
|              Time |            68.9 |
---------------------------------------
[32;1mLine search failed! Keeping old params.[0m
---------------------------------------
|             Epoch |              17 |
|      AverageEpRet |            -646 |
|          StdEpRet |            56.3 |
|          MaxEpRet |            -550 |
|          MinEpRet |            -688 |
|             EpLen |           1e+03 |
|      AverageVVals |           -61.9 |
|          StdVVals |            1.62 |
|          MaxVVals |            12.3 |
|          MinVVals |             -62 |
| TotalEnvInteracts |         7.2e+04 |
|            LossPi |       -9.54e-09 |
|             LossV |             370 |
|       DeltaLossPi |       -4.77e-10 |
|        DeltaLossV |           -16.3 |
|                KL |        5.82e+04 |
|    BacktrackIters |               9 |
|              Time |            72.9 |
---------------------------------------
[32;1mLine search failed! Keeping old params.[0m
---------------------------------------
|             Epoch |              18 |
|      AverageEpRet |            -718 |
|          StdEpRet |            42.8 |
|          MaxEpRet |            -669 |
|          MinEpRet |            -771 |
|             EpLen |           1e+03 |
|      AverageVVals |           -60.2 |
|          StdVVals |            3.67 |
|          MaxVVals |           -2.06 |
|          MinVVals |             -61 |
| TotalEnvInteracts |         7.6e+04 |
|            LossPi |        1.19e-08 |
|             LossV |             405 |
|       DeltaLossPi |               0 |
|        DeltaLossV |           -26.1 |
|                KL |        5.82e+04 |
|    BacktrackIters |               9 |
|              Time |            76.8 |
---------------------------------------
[32;1mLine search failed! Keeping old params.[0m
---------------------------------------
|             Epoch |              19 |
|      AverageEpRet |            -688 |
|          StdEpRet |             133 |
|          MaxEpRet |            -540 |
|          MinEpRet |            -903 |
|             EpLen |           1e+03 |
|      AverageVVals |           -61.6 |
|          StdVVals |             3.6 |
|          MaxVVals |            27.3 |
|          MinVVals |           -62.2 |
| TotalEnvInteracts |           8e+04 |
|            LossPi |       -2.12e-08 |
|             LossV |             483 |
|       DeltaLossPi |        4.77e-10 |
|        DeltaLossV |           -27.6 |
|                KL |        5.82e+04 |
|    BacktrackIters |               9 |
|              Time |            80.7 |
---------------------------------------
[32;1mLine search failed! Keeping old params.[0m
---------------------------------------
|             Epoch |              20 |
|      AverageEpRet |            -608 |
|          StdEpRet |              32 |
|          MaxEpRet |            -557 |
|          MinEpRet |            -644 |
|             EpLen |           1e+03 |
|      AverageVVals |           -62.5 |
|          StdVVals |           0.155 |
|          MaxVVals |           -59.8 |
|          MinVVals |           -62.6 |
| TotalEnvInteracts |         8.4e+04 |
|            LossPi |       -1.62e-08 |
|             LossV |             519 |
|       DeltaLossPi |        1.43e-09 |
|        DeltaLossV |           -36.2 |
|                KL |        5.82e+04 |
|    BacktrackIters |               9 |
|              Time |            85.9 |
---------------------------------------
[32;1mLine search failed! Keeping old params.[0m
---------------------------------------
|             Epoch |              21 |
|      AverageEpRet |            -654 |
|          StdEpRet |            8.18 |
|          MaxEpRet |            -643 |
|          MinEpRet |            -664 |
|             EpLen |           1e+03 |
|      AverageVVals |           -60.1 |
|          StdVVals |            2.54 |
|          MaxVVals |          -0.939 |
|          MinVVals |           -60.5 |
| TotalEnvInteracts |         8.8e+04 |
|            LossPi |       -4.77e-09 |
|             LossV |             325 |
|       DeltaLossPi |               0 |
|        DeltaLossV |           -5.87 |
|                KL |        5.82e+04 |
|    BacktrackIters |               9 |
|              Time |            90.2 |
---------------------------------------
[32;1mLine search failed! Keeping old params.[0m
---------------------------------------
|             Epoch |              22 |
|      AverageEpRet |            -664 |
|          StdEpRet |            63.6 |
|          MaxEpRet |            -596 |
|          MinEpRet |            -744 |
|             EpLen |           1e+03 |
|      AverageVVals |           -59.8 |
|          StdVVals |            2.88 |
|          MaxVVals |            4.06 |
|          MinVVals |           -60.3 |
| TotalEnvInteracts |         9.2e+04 |
|            LossPi |         3.7e-09 |
|             LossV |             315 |
|       DeltaLossPi |        9.54e-10 |
|        DeltaLossV |           -7.86 |
|                KL |        5.82e+04 |
|    BacktrackIters |               9 |
|              Time |            94.1 |
---------------------------------------
[32;1mLine search failed! Keeping old params.[0m
---------------------------------------
|             Epoch |              23 |
|      AverageEpRet |            -719 |
|          StdEpRet |            63.6 |
|          MaxEpRet |            -645 |
|          MinEpRet |            -808 |
|             EpLen |           1e+03 |
|      AverageVVals |           -59.9 |
|          StdVVals |            2.13 |
|          MaxVVals |             -24 |
|          MinVVals |           -60.5 |
| TotalEnvInteracts |         9.6e+04 |
|            LossPi |        1.72e-08 |
|             LossV |             529 |
|       DeltaLossPi |               0 |
|        DeltaLossV |           -28.1 |
|                KL |        5.82e+04 |
|    BacktrackIters |               9 |
|              Time |              98 |
---------------------------------------
[32;1mLine search failed! Keeping old params.[0m
---------------------------------------
|             Epoch |              24 |
|      AverageEpRet |            -646 |
|          StdEpRet |             120 |
|          MaxEpRet |            -477 |
|          MinEpRet |            -793 |
|             EpLen |           1e+03 |
|      AverageVVals |             -62 |
|          StdVVals |            2.07 |
|          MaxVVals |           -8.67 |
|          MinVVals |           -62.4 |
| TotalEnvInteracts |           1e+05 |
|            LossPi |         1.5e-08 |
|             LossV |             385 |
|       DeltaLossPi |        2.38e-09 |
|        DeltaLossV |           -19.8 |
|                KL |        5.82e+04 |
|    BacktrackIters |               9 |
|              Time |             102 |
---------------------------------------
[32;1mLine search failed! Keeping old params.[0m
---------------------------------------
|             Epoch |              25 |
|      AverageEpRet |            -683 |
|          StdEpRet |            63.4 |
|          MaxEpRet |            -619 |
|          MinEpRet |            -754 |
|             EpLen |           1e+03 |
|      AverageVVals |           -60.7 |
|          StdVVals |             4.1 |
|          MaxVVals |           -0.34 |
|          MinVVals |             -62 |
| TotalEnvInteracts |        1.04e+05 |
|            LossPi |       -2.62e-09 |
|             LossV |             375 |
|       DeltaLossPi |       -1.91e-09 |
|        DeltaLossV |           -13.8 |
|                KL |        5.82e+04 |
|    BacktrackIters |               9 |
|              Time |             106 |
---------------------------------------
[32;1mLine search failed! Keeping old params.[0m
---------------------------------------
|             Epoch |              26 |
|      AverageEpRet |            -671 |
|          StdEpRet |            19.4 |
|          MaxEpRet |            -638 |
|          MinEpRet |            -687 |
|             EpLen |           1e+03 |
|      AverageVVals |           -59.7 |
|          StdVVals |            5.95 |
|          MaxVVals |            31.6 |
|          MinVVals |           -61.7 |
| TotalEnvInteracts |        1.08e+05 |
|            LossPi |       -2.86e-09 |
|             LossV |             374 |
|       DeltaLossPi |               0 |
|        DeltaLossV |           -31.2 |
|                KL |        5.82e+04 |
|    BacktrackIters |               9 |
|              Time |             110 |
---------------------------------------
[32;1mLine search failed! Keeping old params.[0m
---------------------------------------
|             Epoch |              27 |
|      AverageEpRet |            -707 |
|          StdEpRet |            92.7 |
|          MaxEpRet |            -553 |
|          MinEpRet |            -802 |
|             EpLen |           1e+03 |
|      AverageVVals |           -60.1 |
|          StdVVals |            4.06 |
|          MaxVVals |            2.28 |
|          MinVVals |           -61.7 |
| TotalEnvInteracts |        1.12e+05 |
|            LossPi |        3.72e-08 |
|             LossV |             512 |
|       DeltaLossPi |       -9.54e-10 |
|        DeltaLossV |             -47 |
|                KL |        5.82e+04 |
|    BacktrackIters |               9 |
|              Time |             113 |
---------------------------------------
[32;1mLine search failed! Keeping old params.[0m
---------------------------------------
|             Epoch |              28 |
|      AverageEpRet |            -715 |
|          StdEpRet |            37.9 |
|          MaxEpRet |            -662 |
|          MinEpRet |            -753 |
|             EpLen |           1e+03 |
|      AverageVVals |           -62.8 |
|          StdVVals |            1.11 |
|          MaxVVals |           -39.8 |
|          MinVVals |             -63 |
| TotalEnvInteracts |        1.16e+05 |
|            LossPi |       -2.24e-08 |
|             LossV |             318 |
|       DeltaLossPi |        1.67e-09 |
|        DeltaLossV |           -3.28 |
|                KL |        5.82e+04 |
|    BacktrackIters |               9 |
|              Time |             117 |
---------------------------------------
[32;1mLine search failed! Keeping old params.[0m
---------------------------------------
|             Epoch |              29 |
|      AverageEpRet |            -655 |
|          StdEpRet |            39.3 |
|          MaxEpRet |            -611 |
|          MinEpRet |            -698 |
|             EpLen |           1e+03 |
|      AverageVVals |           -63.4 |
|          StdVVals |            1.19 |
|          MaxVVals |           -22.7 |
|          MinVVals |           -63.7 |
| TotalEnvInteracts |         1.2e+05 |
|            LossPi |       -1.67e-08 |
|             LossV |             298 |
|       DeltaLossPi |        4.77e-10 |
|        DeltaLossV |           -11.4 |
|                KL |        5.82e+04 |
|    BacktrackIters |               9 |
|              Time |             121 |
---------------------------------------
[32;1mLine search failed! Keeping old params.[0m
---------------------------------------
|             Epoch |              30 |
|      AverageEpRet |            -682 |
|          StdEpRet |            35.4 |
|          MaxEpRet |            -628 |
|          MinEpRet |            -727 |
|             EpLen |           1e+03 |
|      AverageVVals |           -61.5 |
|          StdVVals |            2.54 |
|          MaxVVals |           -11.7 |
|          MinVVals |           -62.5 |
| TotalEnvInteracts |        1.24e+05 |
|            LossPi |        2.19e-08 |
|             LossV |             314 |
|       DeltaLossPi |               0 |
|        DeltaLossV |           -9.87 |
|                KL |        5.82e+04 |
|    BacktrackIters |               9 |
|              Time |             126 |
---------------------------------------
[32;1mLine search failed! Keeping old params.[0m
---------------------------------------
|             Epoch |              31 |
|      AverageEpRet |            -711 |
|          StdEpRet |            90.9 |
|          MaxEpRet |            -560 |
|          MinEpRet |            -784 |
|             EpLen |           1e+03 |
|      AverageVVals |           -56.4 |
|          StdVVals |            15.8 |
|          MaxVVals |            51.7 |
|          MinVVals |           -62.8 |
| TotalEnvInteracts |        1.28e+05 |
|            LossPi |       -2.05e-08 |
|             LossV |             744 |
|       DeltaLossPi |               0 |
|        DeltaLossV |            -323 |
|                KL |        5.82e+04 |
|    BacktrackIters |               9 |
|              Time |             130 |
---------------------------------------
[32;1mLine search failed! Keeping old params.[0m
---------------------------------------
|             Epoch |              32 |
|      AverageEpRet |            -725 |
|          StdEpRet |            71.6 |
|          MaxEpRet |            -633 |
|          MinEpRet |            -834 |
|             EpLen |           1e+03 |
|      AverageVVals |           -63.6 |
|          StdVVals |           0.518 |
|          MaxVVals |           -60.8 |
|          MinVVals |           -63.8 |
| TotalEnvInteracts |        1.32e+05 |
|            LossPi |       -4.55e-08 |
|             LossV |             409 |
|       DeltaLossPi |       -2.86e-09 |
|        DeltaLossV |           -1.86 |
|                KL |        5.82e+04 |
|    BacktrackIters |               9 |
|              Time |             134 |
---------------------------------------
[32;1mLine search failed! Keeping old params.[0m
---------------------------------------
|             Epoch |              33 |
|      AverageEpRet |            -726 |
|          StdEpRet |            21.4 |
|          MaxEpRet |            -693 |
|          MinEpRet |            -752 |
|             EpLen |           1e+03 |
|      AverageVVals |           -63.5 |
|          StdVVals |           0.781 |
|          MaxVVals |           -55.1 |
|          MinVVals |           -64.1 |
| TotalEnvInteracts |        1.36e+05 |
|            LossPi |        2.59e-08 |
|             LossV |             400 |
|       DeltaLossPi |        1.43e-09 |
|        DeltaLossV |           -11.6 |
|                KL |        5.82e+04 |
|    BacktrackIters |               9 |
|              Time |             138 |
---------------------------------------
[32;1mLine search failed! Keeping old params.[0m
---------------------------------------
|             Epoch |              34 |
|      AverageEpRet |            -635 |
|          StdEpRet |            34.5 |
|          MaxEpRet |            -580 |
|          MinEpRet |            -672 |
|             EpLen |           1e+03 |
|      AverageVVals |           -64.6 |
|          StdVVals |            2.21 |
|          MaxVVals |           -11.6 |
|          MinVVals |           -65.2 |
| TotalEnvInteracts |         1.4e+05 |
|            LossPi |        5.72e-09 |
|             LossV |             428 |
|       DeltaLossPi |               0 |
|        DeltaLossV |           -78.6 |
|                KL |        5.82e+04 |
|    BacktrackIters |               9 |
|              Time |             142 |
---------------------------------------
[32;1mLine search failed! Keeping old params.[0m
---------------------------------------
|             Epoch |              35 |
|      AverageEpRet |            -665 |
|          StdEpRet |            72.7 |
|          MaxEpRet |            -566 |
|          MinEpRet |            -762 |
|             EpLen |           1e+03 |
|      AverageVVals |           -59.5 |
|          StdVVals |            4.78 |
|          MaxVVals |           -5.82 |
|          MinVVals |           -62.8 |
| TotalEnvInteracts |        1.44e+05 |
|            LossPi |       -3.34e-09 |
|             LossV |             345 |
|       DeltaLossPi |        1.91e-09 |
|        DeltaLossV |             -23 |
|                KL |        5.82e+04 |
|    BacktrackIters |               9 |
|              Time |             145 |
---------------------------------------
[32;1mLine search failed! Keeping old params.[0m
---------------------------------------
|             Epoch |              36 |
|      AverageEpRet |            -680 |
|          StdEpRet |             104 |
|          MaxEpRet |            -586 |
|          MinEpRet |            -850 |
|             EpLen |           1e+03 |
|      AverageVVals |           -59.8 |
|          StdVVals |             2.6 |
|          MaxVVals |           -27.8 |
|          MinVVals |           -62.3 |
| TotalEnvInteracts |        1.48e+05 |
|            LossPi |       -3.58e-10 |
|             LossV |             550 |
|       DeltaLossPi |               0 |
|        DeltaLossV |             -28 |
|                KL |        5.82e+04 |
|    BacktrackIters |               9 |
|              Time |             149 |
---------------------------------------
[32;1mLine search failed! Keeping old params.[0m
---------------------------------------
|             Epoch |              37 |
|      AverageEpRet |            -640 |
|          StdEpRet |            39.1 |
|          MaxEpRet |            -587 |
|          MinEpRet |            -689 |
|             EpLen |           1e+03 |
|      AverageVVals |           -59.1 |
|          StdVVals |               4 |
|          MaxVVals |           -8.31 |
|          MinVVals |           -62.9 |
| TotalEnvInteracts |        1.52e+05 |
|            LossPi |        9.66e-09 |
|             LossV |             327 |
|       DeltaLossPi |               0 |
|        DeltaLossV |           -30.6 |
|                KL |        5.82e+04 |
|    BacktrackIters |               9 |
|              Time |             153 |
---------------------------------------
[32;1mLine search failed! Keeping old params.[0m
---------------------------------------
|             Epoch |              38 |
|      AverageEpRet |            -736 |
|          StdEpRet |            49.1 |
|          MaxEpRet |            -661 |
|          MinEpRet |            -784 |
|             EpLen |           1e+03 |
|      AverageVVals |           -58.1 |
|          StdVVals |            6.97 |
|          MaxVVals |             9.7 |
|          MinVVals |           -63.3 |
| TotalEnvInteracts |        1.56e+05 |
|            LossPi |       -4.77e-10 |
|             LossV |             667 |
|       DeltaLossPi |               0 |
|        DeltaLossV |            -120 |
|                KL |        5.82e+04 |
|    BacktrackIters |               9 |
|              Time |             157 |
---------------------------------------
[32;1mLine search failed! Keeping old params.[0m
---------------------------------------
|             Epoch |              39 |
|      AverageEpRet |            -737 |
|          StdEpRet |            26.5 |
|          MaxEpRet |            -705 |
|          MinEpRet |            -766 |
|             EpLen |           1e+03 |
|      AverageVVals |             -64 |
|          StdVVals |            4.48 |
|          MaxVVals |            44.5 |
|          MinVVals |           -65.7 |
| TotalEnvInteracts |         1.6e+05 |
|            LossPi |        -8.7e-09 |
|             LossV |             516 |
|       DeltaLossPi |        1.43e-09 |
|        DeltaLossV |           -29.5 |
|                KL |        5.82e+04 |
|    BacktrackIters |               9 |
|              Time |             161 |
---------------------------------------
[32;1mLine search failed! Keeping old params.[0m
---------------------------------------
|             Epoch |              40 |
|      AverageEpRet |            -694 |
|          StdEpRet |            37.4 |
|          MaxEpRet |            -658 |
|          MinEpRet |            -745 |
|             EpLen |           1e+03 |
|      AverageVVals |           -65.9 |
|          StdVVals |            2.36 |
|          MaxVVals |           -28.2 |
|          MinVVals |           -67.5 |
| TotalEnvInteracts |        1.64e+05 |
|            LossPi |       -3.11e-08 |
|             LossV |             298 |
|       DeltaLossPi |       -4.77e-10 |
|        DeltaLossV |           -22.7 |
|                KL |        5.82e+04 |
|    BacktrackIters |               9 |
|              Time |             165 |
---------------------------------------
[32;1mLine search failed! Keeping old params.[0m
---------------------------------------
|             Epoch |              41 |
|      AverageEpRet |            -709 |
|          StdEpRet |            42.9 |
|          MaxEpRet |            -659 |
|          MinEpRet |            -776 |
|             EpLen |           1e+03 |
|      AverageVVals |           -62.3 |
|          StdVVals |            2.52 |
|          MaxVVals |           -26.6 |
|          MinVVals |           -65.9 |
| TotalEnvInteracts |        1.68e+05 |
|            LossPi |       -1.57e-08 |
|             LossV |             350 |
|       DeltaLossPi |               0 |
|        DeltaLossV |           -6.65 |
|                KL |        5.82e+04 |
|    BacktrackIters |               9 |
|              Time |             169 |
---------------------------------------
[32;1mLine search failed! Keeping old params.[0m
---------------------------------------
|             Epoch |              42 |
|      AverageEpRet |            -697 |
|          StdEpRet |             128 |
|          MaxEpRet |            -603 |
|          MinEpRet |            -918 |
|             EpLen |           1e+03 |
|      AverageVVals |           -63.4 |
|          StdVVals |            2.33 |
|          MaxVVals |             -44 |
|          MinVVals |           -66.2 |
| TotalEnvInteracts |        1.72e+05 |
|            LossPi |        9.66e-09 |
|             LossV |             628 |
|       DeltaLossPi |               0 |
|        DeltaLossV |           -25.3 |
|                KL |        5.82e+04 |
|    BacktrackIters |               9 |
|              Time |             173 |
---------------------------------------
[32;1mLine search failed! Keeping old params.[0m
---------------------------------------
|             Epoch |              43 |
|      AverageEpRet |            -752 |
|          StdEpRet |            80.5 |
|          MaxEpRet |            -667 |
|          MinEpRet |            -882 |
|             EpLen |           1e+03 |
|      AverageVVals |           -62.5 |
|          StdVVals |            4.71 |
|          MaxVVals |            16.4 |
|          MinVVals |           -66.7 |
| TotalEnvInteracts |        1.76e+05 |
|            LossPi |        3.24e-08 |
|             LossV |             767 |
|       DeltaLossPi |               0 |
|        DeltaLossV |           -85.6 |
|                KL |        5.82e+04 |
|    BacktrackIters |               9 |
|              Time |             177 |
---------------------------------------
[32;1mLine search failed! Keeping old params.[0m
---------------------------------------
|             Epoch |              44 |
|      AverageEpRet |            -688 |
|          StdEpRet |            60.1 |
|          MaxEpRet |            -584 |
|          MinEpRet |            -724 |
|             EpLen |           1e+03 |
|      AverageVVals |           -62.6 |
|          StdVVals |            7.45 |
|          MaxVVals |            9.71 |
|          MinVVals |           -70.5 |
| TotalEnvInteracts |         1.8e+05 |
|            LossPi |       -3.81e-08 |
|             LossV |             415 |
|       DeltaLossPi |       -9.54e-10 |
|        DeltaLossV |           -50.7 |
|                KL |        5.82e+04 |
|    BacktrackIters |               9 |
|              Time |             181 |
---------------------------------------
[32;1mLine search failed! Keeping old params.[0m
---------------------------------------
|             Epoch |              45 |
|      AverageEpRet |            -695 |
|          StdEpRet |            59.5 |
|          MaxEpRet |            -609 |
|          MinEpRet |            -766 |
|             EpLen |           1e+03 |
|      AverageVVals |           -61.2 |
|          StdVVals |            4.02 |
|          MaxVVals |           -13.8 |
|          MinVVals |           -70.5 |
| TotalEnvInteracts |        1.84e+05 |
|            LossPi |        2.67e-08 |
|             LossV |             316 |
|       DeltaLossPi |               0 |
|        DeltaLossV |           -23.9 |
|                KL |        5.82e+04 |
|    BacktrackIters |               9 |
|              Time |             185 |
---------------------------------------
[32;1mLine search failed! Keeping old params.[0m
---------------------------------------
|             Epoch |              46 |
|      AverageEpRet |            -729 |
|          StdEpRet |            83.1 |
|          MaxEpRet |            -636 |
|          MinEpRet |            -864 |
|             EpLen |           1e+03 |
|      AverageVVals |           -58.5 |
|          StdVVals |            15.9 |
|          MaxVVals |              61 |
|          MinVVals |             -71 |
| TotalEnvInteracts |        1.88e+05 |
|            LossPi |        1.38e-08 |
|             LossV |             756 |
|       DeltaLossPi |               0 |
|        DeltaLossV |            -385 |
|                KL |        5.82e+04 |
|    BacktrackIters |               9 |
|              Time |             189 |
---------------------------------------
[32;1mLine search failed! Keeping old params.[0m
---------------------------------------
|             Epoch |              47 |
|      AverageEpRet |            -655 |
|          StdEpRet |            39.6 |
|          MaxEpRet |            -612 |
|          MinEpRet |            -720 |
|             EpLen |           1e+03 |
|      AverageVVals |             -64 |
|          StdVVals |            3.99 |
|          MaxVVals |           -31.9 |
|          MinVVals |           -72.3 |
| TotalEnvInteracts |        1.92e+05 |
|            LossPi |       -1.14e-08 |
|             LossV |             428 |
|       DeltaLossPi |        9.54e-10 |
|        DeltaLossV |           -61.2 |
|                KL |        5.82e+04 |
|    BacktrackIters |               9 |
|              Time |             193 |
---------------------------------------
[32;1mLine search failed! Keeping old params.[0m
---------------------------------------
|             Epoch |              48 |
|      AverageEpRet |            -620 |
|          StdEpRet |            62.4 |
|          MaxEpRet |            -535 |
|          MinEpRet |            -680 |
|             EpLen |           1e+03 |
|      AverageVVals |           -57.6 |
|          StdVVals |            6.74 |
|          MaxVVals |           -10.6 |
|          MinVVals |             -72 |
| TotalEnvInteracts |        1.96e+05 |
|            LossPi |       -2.38e-09 |
|             LossV |             492 |
|       DeltaLossPi |        1.91e-09 |
|        DeltaLossV |            -128 |
|                KL |        5.82e+04 |
|    BacktrackIters |               9 |
|              Time |             197 |
---------------------------------------
[32;1mLine search failed! Keeping old params.[0m
---------------------------------------
|             Epoch |              49 |
|      AverageEpRet |            -658 |
|          StdEpRet |            44.4 |
|          MaxEpRet |            -613 |
|          MinEpRet |            -715 |
|             EpLen |           1e+03 |
|      AverageVVals |           -56.7 |
|          StdVVals |            6.04 |
|          MaxVVals |            7.76 |
|          MinVVals |           -70.9 |
| TotalEnvInteracts |           2e+05 |
|            LossPi |       -8.94e-09 |
|             LossV |             302 |
|       DeltaLossPi |       -4.77e-10 |
|        DeltaLossV |           -50.5 |
|                KL |        5.82e+04 |
|    BacktrackIters |               9 |
|              Time |             201 |
---------------------------------------
