--------------------------------------------------------------------------
[[26742,1],0]: A high-performance Open MPI point-to-point messaging module
was unable to find any relevant network interfaces:

Module: OpenFabrics (openib)
  Host: GCRAZGDL0429

Another transport will be used instead, although this may result in
lower performance.

NOTE: You can disable this warning by setting the MCA parameter
btl_base_warn_component_unused to 0.
--------------------------------------------------------------------------
2022-04-15 04:29:39.031278: I tensorflow/core/platform/cpu_feature_guard.cc:142] Your CPU supports instructions that this TensorFlow binary was not compiled to use: AVX2 FMA
2022-04-15 04:29:39.037031: I tensorflow/core/platform/profile_utils/cpu_utils.cc:94] CPU Frequency: 2593990000 Hz
2022-04-15 04:29:39.037874: I tensorflow/compiler/xla/service/service.cc:168] XLA service 0x55a7907b5310 initialized for platform Host (this does not guarantee that XLA will be used). Devices:
2022-04-15 04:29:39.037899: I tensorflow/compiler/xla/service/service.cc:176]   StreamExecutor device (0): Host, Default Version
Warning: Log dir exp/wtrpo_HalfCheetah-v3/wtrpo_HalfCheetah-v3_s3 already exists! Storing info there anyway.
[32;1mLogging data to exp/wtrpo_HalfCheetah-v3/wtrpo_HalfCheetah-v3_s3/progress.txt[0m
[36;1mSaving config:
[0m
{
    "ac_kwargs":	{
        "hidden_sizes":	[
            64,
            64
        ]
    },
    "actor_critic":	"mlp_actor_critic",
    "algo":	"trpo",
    "backtrack_coeff":	0.8,
    "backtrack_iters":	10,
    "cg_iters":	10,
    "damping_coeff":	0.1,
    "delta":	0.01,
    "env_fn":	"<function <lambda> at 0x7fc738907290>",
    "epochs":	50,
    "exp_name":	"wtrpo_HalfCheetah-v3",
    "gamma":	0.99,
    "lam":	0.97,
    "logger":	{
        "<spinup.utils.logx.EpochLogger object at 0x7fc738924a10>":	{
            "epoch_dict":	{},
            "exp_name":	"wtrpo_HalfCheetah-v3",
            "first_row":	true,
            "log_current_row":	{},
            "log_headers":	[],
            "output_dir":	"exp/wtrpo_HalfCheetah-v3/wtrpo_HalfCheetah-v3_s3",
            "output_file":	{
                "<_io.TextIOWrapper name='exp/wtrpo_HalfCheetah-v3/wtrpo_HalfCheetah-v3_s3/progress.txt' mode='w' encoding='UTF-8'>":	{
                    "mode":	"w"
                }
            }
        }
    },
    "logger_kwargs":	{
        "exp_name":	"wtrpo_HalfCheetah-v3",
        "output_dir":	"exp/wtrpo_HalfCheetah-v3/wtrpo_HalfCheetah-v3_s3"
    },
    "max_ep_len":	1000,
    "save_freq":	10,
    "seed":	3,
    "steps_per_epoch":	4000,
    "train_v_iters":	80,
    "vf_lr":	0.001
}
[32;1m
Number of parameters: 	 pi: 5708, 	 v: 5377
[0m
[32;1mLine search failed! Keeping old params.[0m
---------------------------------------
|             Epoch |               0 |
|      AverageEpRet |            -972 |
|          StdEpRet |            36.9 |
|          MaxEpRet |            -928 |
|          MinEpRet |       -1.01e+03 |
|             EpLen |           1e+03 |
|      AverageVVals |         -0.0136 |
|          StdVVals |           0.503 |
|          MaxVVals |            1.81 |
|          MinVVals |           -1.78 |
| TotalEnvInteracts |           4e+03 |
|            LossPi |        2.62e-09 |
|             LossV |         8.6e+03 |
|       DeltaLossPi |       -1.91e-09 |
|        DeltaLossV |       -1.07e+03 |
|                KL |        5.82e+04 |
|    BacktrackIters |               9 |
|              Time |            4.91 |
---------------------------------------
[32;1mLine search failed! Keeping old params.[0m
---------------------------------------
|             Epoch |               1 |
|      AverageEpRet |            -975 |
|          StdEpRet |             107 |
|          MaxEpRet |            -841 |
|          MinEpRet |       -1.14e+03 |
|             EpLen |           1e+03 |
|      AverageVVals |           -4.56 |
|          StdVVals |            6.74 |
|          MaxVVals |            12.8 |
|          MinVVals |             -15 |
| TotalEnvInteracts |           8e+03 |
|            LossPi |       -1.14e-08 |
|             LossV |        7.69e+03 |
|       DeltaLossPi |       -2.86e-09 |
|        DeltaLossV |       -2.66e+03 |
|                KL |        5.82e+04 |
|    BacktrackIters |               9 |
|              Time |            9.31 |
---------------------------------------
[32;1mLine search failed! Keeping old params.[0m
---------------------------------------
|             Epoch |               2 |
|      AverageEpRet |            -920 |
|          StdEpRet |            97.8 |
|          MaxEpRet |            -772 |
|          MinEpRet |       -1.03e+03 |
|             EpLen |           1e+03 |
|      AverageVVals |           -22.2 |
|          StdVVals |            3.01 |
|          MaxVVals |            14.8 |
|          MinVVals |             -24 |
| TotalEnvInteracts |         1.2e+04 |
|            LossPi |       -1.47e-08 |
|             LossV |        4.48e+03 |
|       DeltaLossPi |       -1.43e-09 |
|        DeltaLossV |            -955 |
|                KL |        5.82e+04 |
|    BacktrackIters |               9 |
|              Time |            13.4 |
---------------------------------------
[32;1mLine search failed! Keeping old params.[0m
---------------------------------------
|             Epoch |               3 |
|      AverageEpRet |            -775 |
|          StdEpRet |             128 |
|          MaxEpRet |            -624 |
|          MinEpRet |            -906 |
|             EpLen |           1e+03 |
|      AverageVVals |           -30.4 |
|          StdVVals |             1.2 |
|          MaxVVals |           -8.12 |
|          MinVVals |             -31 |
| TotalEnvInteracts |         1.6e+04 |
|            LossPi |       -4.66e-08 |
|             LossV |        2.38e+03 |
|       DeltaLossPi |               0 |
|        DeltaLossV |            -361 |
|                KL |        5.82e+04 |
|    BacktrackIters |               9 |
|              Time |            17.2 |
---------------------------------------
[32;1mLine search failed! Keeping old params.[0m
---------------------------------------
|             Epoch |               4 |
|      AverageEpRet |            -885 |
|          StdEpRet |            65.4 |
|          MaxEpRet |            -789 |
|          MinEpRet |            -950 |
|             EpLen |           1e+03 |
|      AverageVVals |           -35.5 |
|          StdVVals |           0.287 |
|          MaxVVals |           -30.8 |
|          MinVVals |           -35.6 |
| TotalEnvInteracts |           2e+04 |
|            LossPi |        7.15e-10 |
|             LossV |        2.68e+03 |
|       DeltaLossPi |       -1.91e-09 |
|        DeltaLossV |            -455 |
|                KL |        5.82e+04 |
|    BacktrackIters |               9 |
|              Time |            21.2 |
---------------------------------------
[32;1mLine search failed! Keeping old params.[0m
---------------------------------------
|             Epoch |               5 |
|      AverageEpRet |       -1.05e+03 |
|          StdEpRet |             112 |
|          MaxEpRet |            -968 |
|          MinEpRet |       -1.24e+03 |
|             EpLen |           1e+03 |
|      AverageVVals |           -40.7 |
|          StdVVals |           0.185 |
|          MaxVVals |           -38.1 |
|          MinVVals |           -40.8 |
| TotalEnvInteracts |         2.4e+04 |
|            LossPi |        5.73e-08 |
|             LossV |        4.78e+03 |
|       DeltaLossPi |       -2.38e-09 |
|        DeltaLossV |            -675 |
|                KL |        5.82e+04 |
|    BacktrackIters |               9 |
|              Time |            25.1 |
---------------------------------------
[32;1mLine search failed! Keeping old params.[0m
---------------------------------------
|             Epoch |               6 |
|      AverageEpRet |            -930 |
|          StdEpRet |            48.5 |
|          MaxEpRet |            -862 |
|          MinEpRet |            -994 |
|             EpLen |           1e+03 |
|      AverageVVals |           -46.9 |
|          StdVVals |           0.354 |
|          MaxVVals |           -38.2 |
|          MinVVals |             -47 |
| TotalEnvInteracts |         2.8e+04 |
|            LossPi |       -4.89e-09 |
|             LossV |        2.13e+03 |
|       DeltaLossPi |       -2.38e-10 |
|        DeltaLossV |            -309 |
|                KL |        5.82e+04 |
|    BacktrackIters |               9 |
|              Time |            28.9 |
---------------------------------------
[32;1mLine search failed! Keeping old params.[0m
---------------------------------------
|             Epoch |               7 |
|      AverageEpRet |            -873 |
|          StdEpRet |             118 |
|          MaxEpRet |            -721 |
|          MinEpRet |       -1.01e+03 |
|             EpLen |           1e+03 |
|      AverageVVals |           -51.3 |
|          StdVVals |           0.163 |
|          MaxVVals |           -49.1 |
|          MinVVals |           -51.4 |
| TotalEnvInteracts |         3.2e+04 |
|            LossPi |       -3.81e-09 |
|             LossV |         1.9e+03 |
|       DeltaLossPi |               0 |
|        DeltaLossV |            -179 |
|                KL |        5.82e+04 |
|    BacktrackIters |               9 |
|              Time |            32.8 |
---------------------------------------
[32;1mLine search failed! Keeping old params.[0m
---------------------------------------
|             Epoch |               8 |
|      AverageEpRet |            -960 |
|          StdEpRet |            50.9 |
|          MaxEpRet |            -878 |
|          MinEpRet |       -1.02e+03 |
|             EpLen |           1e+03 |
|      AverageVVals |           -54.7 |
|          StdVVals |          0.0604 |
|          MaxVVals |           -53.6 |
|          MinVVals |           -54.8 |
| TotalEnvInteracts |         3.6e+04 |
|            LossPi |        2.61e-08 |
|             LossV |        1.48e+03 |
|       DeltaLossPi |       -9.54e-10 |
|        DeltaLossV |            -226 |
|                KL |        5.82e+04 |
|    BacktrackIters |               9 |
|              Time |            36.6 |
---------------------------------------
[32;1mLine search failed! Keeping old params.[0m
---------------------------------------
|             Epoch |               9 |
|      AverageEpRet |            -865 |
|          StdEpRet |             147 |
|          MaxEpRet |            -628 |
|          MinEpRet |       -1.01e+03 |
|             EpLen |           1e+03 |
|      AverageVVals |           -58.5 |
|          StdVVals |           0.202 |
|          MaxVVals |           -52.3 |
|          MinVVals |           -58.5 |
| TotalEnvInteracts |           4e+04 |
|            LossPi |       -2.15e-08 |
|             LossV |        1.44e+03 |
|       DeltaLossPi |        9.54e-10 |
|        DeltaLossV |            -129 |
|                KL |        5.82e+04 |
|    BacktrackIters |               9 |
|              Time |            40.5 |
---------------------------------------
[32;1mLine search failed! Keeping old params.[0m
---------------------------------------
|             Epoch |              10 |
|      AverageEpRet |            -943 |
|          StdEpRet |            92.2 |
|          MaxEpRet |            -842 |
|          MinEpRet |       -1.09e+03 |
|             EpLen |           1e+03 |
|      AverageVVals |           -61.3 |
|          StdVVals |           0.933 |
|          MaxVVals |           -33.3 |
|          MinVVals |           -61.4 |
| TotalEnvInteracts |         4.4e+04 |
|            LossPi |        2.38e-08 |
|             LossV |        1.17e+03 |
|       DeltaLossPi |        4.77e-10 |
|        DeltaLossV |            -147 |
|                KL |        5.82e+04 |
|    BacktrackIters |               9 |
|              Time |              45 |
---------------------------------------
[32;1mLine search failed! Keeping old params.[0m
---------------------------------------
|             Epoch |              11 |
|      AverageEpRet |            -919 |
|          StdEpRet |             112 |
|          MaxEpRet |            -761 |
|          MinEpRet |       -1.07e+03 |
|             EpLen |           1e+03 |
|      AverageVVals |           -64.5 |
|          StdVVals |           0.316 |
|          MaxVVals |           -53.7 |
|          MinVVals |           -64.6 |
| TotalEnvInteracts |         4.8e+04 |
|            LossPi |        1.44e-08 |
|             LossV |        1.28e+03 |
|       DeltaLossPi |       -9.54e-10 |
|        DeltaLossV |           -97.2 |
|                KL |        5.82e+04 |
|    BacktrackIters |               9 |
|              Time |            49.4 |
---------------------------------------
[32;1mLine search failed! Keeping old params.[0m
---------------------------------------
|             Epoch |              12 |
|      AverageEpRet |            -979 |
|          StdEpRet |            31.9 |
|          MaxEpRet |            -930 |
|          MinEpRet |       -1.02e+03 |
|             EpLen |           1e+03 |
|      AverageVVals |           -67.2 |
|          StdVVals |           0.471 |
|          MaxVVals |           -52.6 |
|          MinVVals |           -67.3 |
| TotalEnvInteracts |         5.2e+04 |
|            LossPi |         3.3e-08 |
|             LossV |        1.18e+03 |
|       DeltaLossPi |        9.54e-10 |
|        DeltaLossV |            -103 |
|                KL |        5.82e+04 |
|    BacktrackIters |               9 |
|              Time |            53.5 |
---------------------------------------
[32;1mLine search failed! Keeping old params.[0m
---------------------------------------
|             Epoch |              13 |
|      AverageEpRet |            -899 |
|          StdEpRet |             228 |
|          MaxEpRet |            -615 |
|          MinEpRet |       -1.14e+03 |
|             EpLen |           1e+03 |
|      AverageVVals |             -70 |
|          StdVVals |           0.364 |
|          MaxVVals |           -61.3 |
|          MinVVals |           -70.1 |
| TotalEnvInteracts |         5.6e+04 |
|            LossPi |        2.32e-08 |
|             LossV |        1.15e+03 |
|       DeltaLossPi |       -3.81e-09 |
|        DeltaLossV |           -47.5 |
|                KL |        5.82e+04 |
|    BacktrackIters |               9 |
|              Time |            57.6 |
---------------------------------------
[32;1mLine search failed! Keeping old params.[0m
---------------------------------------
|             Epoch |              14 |
|      AverageEpRet |            -916 |
|          StdEpRet |             113 |
|          MaxEpRet |            -744 |
|          MinEpRet |       -1.05e+03 |
|             EpLen |           1e+03 |
|      AverageVVals |           -71.3 |
|          StdVVals |            3.32 |
|          MaxVVals |            14.6 |
|          MinVVals |           -71.9 |
| TotalEnvInteracts |           6e+04 |
|            LossPi |       -2.91e-08 |
|             LossV |        1.59e+03 |
|       DeltaLossPi |       -3.81e-09 |
|        DeltaLossV |           -75.9 |
|                KL |        5.82e+04 |
|    BacktrackIters |               9 |
|              Time |            61.6 |
---------------------------------------
[32;1mLine search failed! Keeping old params.[0m
---------------------------------------
|             Epoch |              15 |
|      AverageEpRet |            -988 |
|          StdEpRet |            29.1 |
|          MaxEpRet |            -965 |
|          MinEpRet |       -1.04e+03 |
|             EpLen |           1e+03 |
|      AverageVVals |           -73.6 |
|          StdVVals |            3.36 |
|          MaxVVals |            21.9 |
|          MinVVals |           -74.1 |
| TotalEnvInteracts |         6.4e+04 |
|            LossPi |         1.1e-08 |
|             LossV |        1.08e+03 |
|       DeltaLossPi |       -9.54e-10 |
|        DeltaLossV |           -87.6 |
|                KL |        5.82e+04 |
|    BacktrackIters |               9 |
|              Time |            65.6 |
---------------------------------------
[32;1mLine search failed! Keeping old params.[0m
---------------------------------------
|             Epoch |              16 |
|      AverageEpRet |            -931 |
|          StdEpRet |             130 |
|          MaxEpRet |            -708 |
|          MinEpRet |       -1.03e+03 |
|             EpLen |           1e+03 |
|      AverageVVals |           -76.4 |
|          StdVVals |             0.7 |
|          MaxVVals |           -52.2 |
|          MinVVals |           -76.6 |
| TotalEnvInteracts |         6.8e+04 |
|            LossPi |       -7.99e-09 |
|             LossV |        1.86e+03 |
|       DeltaLossPi |        4.77e-10 |
|        DeltaLossV |             -72 |
|                KL |        5.82e+04 |
|    BacktrackIters |               9 |
|              Time |            69.6 |
---------------------------------------
[32;1mLine search failed! Keeping old params.[0m
---------------------------------------
|             Epoch |              17 |
|      AverageEpRet |            -859 |
|          StdEpRet |             117 |
|          MaxEpRet |            -683 |
|          MinEpRet |       -1.01e+03 |
|             EpLen |           1e+03 |
|      AverageVVals |             -77 |
|          StdVVals |            7.38 |
|          MaxVVals |            59.9 |
|          MinVVals |           -78.7 |
| TotalEnvInteracts |         7.2e+04 |
|            LossPi |        1.39e-08 |
|             LossV |        1.19e+03 |
|       DeltaLossPi |       -7.15e-10 |
|        DeltaLossV |            -175 |
|                KL |        5.82e+04 |
|    BacktrackIters |               9 |
|              Time |            73.6 |
---------------------------------------
[32;1mLine search failed! Keeping old params.[0m
---------------------------------------
|             Epoch |              18 |
|      AverageEpRet |            -887 |
|          StdEpRet |             105 |
|          MaxEpRet |            -781 |
|          MinEpRet |       -1.06e+03 |
|             EpLen |           1e+03 |
|      AverageVVals |           -73.1 |
|          StdVVals |            13.4 |
|          MaxVVals |              47 |
|          MinVVals |           -79.2 |
| TotalEnvInteracts |         7.6e+04 |
|            LossPi |       -4.05e-09 |
|             LossV |             960 |
|       DeltaLossPi |       -1.19e-09 |
|        DeltaLossV |            -152 |
|                KL |        5.82e+04 |
|    BacktrackIters |               9 |
|              Time |            77.5 |
---------------------------------------
[32;1mLine search failed! Keeping old params.[0m
---------------------------------------
|             Epoch |              19 |
|      AverageEpRet |            -867 |
|          StdEpRet |            36.3 |
|          MaxEpRet |            -830 |
|          MinEpRet |            -912 |
|             EpLen |           1e+03 |
|      AverageVVals |             -74 |
|          StdVVals |            11.4 |
|          MaxVVals |            28.7 |
|          MinVVals |           -79.8 |
| TotalEnvInteracts |           8e+04 |
|            LossPi |        6.68e-09 |
|             LossV |             783 |
|       DeltaLossPi |       -9.54e-10 |
|        DeltaLossV |            -162 |
|                KL |        5.82e+04 |
|    BacktrackIters |               9 |
|              Time |            81.4 |
---------------------------------------
[32;1mLine search failed! Keeping old params.[0m
---------------------------------------
|             Epoch |              20 |
|      AverageEpRet |            -934 |
|          StdEpRet |             136 |
|          MaxEpRet |            -718 |
|          MinEpRet |       -1.09e+03 |
|             EpLen |           1e+03 |
|      AverageVVals |           -76.8 |
|          StdVVals |            5.55 |
|          MaxVVals |           -9.88 |
|          MinVVals |           -80.2 |
| TotalEnvInteracts |         8.4e+04 |
|            LossPi |               0 |
|             LossV |        1.14e+03 |
|       DeltaLossPi |        4.77e-10 |
|        DeltaLossV |           -99.7 |
|                KL |        5.82e+04 |
|    BacktrackIters |               9 |
|              Time |            86.5 |
---------------------------------------
[32;1mLine search failed! Keeping old params.[0m
---------------------------------------
|             Epoch |              21 |
|      AverageEpRet |            -919 |
|          StdEpRet |            76.4 |
|          MaxEpRet |            -821 |
|          MinEpRet |       -1.03e+03 |
|             EpLen |           1e+03 |
|      AverageVVals |           -80.5 |
|          StdVVals |            3.12 |
|          MaxVVals |           -4.08 |
|          MinVVals |           -81.3 |
| TotalEnvInteracts |         8.8e+04 |
|            LossPi |        1.91e-08 |
|             LossV |             683 |
|       DeltaLossPi |       -4.77e-10 |
|        DeltaLossV |           -23.4 |
|                KL |        5.82e+04 |
|    BacktrackIters |               9 |
|              Time |              91 |
---------------------------------------
[32;1mLine search failed! Keeping old params.[0m
---------------------------------------
|             Epoch |              22 |
|      AverageEpRet |       -1.02e+03 |
|          StdEpRet |            88.1 |
|          MaxEpRet |            -892 |
|          MinEpRet |       -1.14e+03 |
|             EpLen |           1e+03 |
|      AverageVVals |           -80.1 |
|          StdVVals |            7.07 |
|          MaxVVals |            69.1 |
|          MinVVals |           -81.9 |
| TotalEnvInteracts |         9.2e+04 |
|            LossPi |        1.36e-08 |
|             LossV |        1.17e+03 |
|       DeltaLossPi |       -1.91e-09 |
|        DeltaLossV |            -103 |
|                KL |        5.82e+04 |
|    BacktrackIters |               9 |
|              Time |            94.8 |
---------------------------------------
[32;1mLine search failed! Keeping old params.[0m
---------------------------------------
|             Epoch |              23 |
|      AverageEpRet |            -880 |
|          StdEpRet |            51.6 |
|          MaxEpRet |            -827 |
|          MinEpRet |            -949 |
|             EpLen |           1e+03 |
|      AverageVVals |           -83.3 |
|          StdVVals |            4.02 |
|          MaxVVals |            14.4 |
|          MinVVals |           -84.2 |
| TotalEnvInteracts |         9.6e+04 |
|            LossPi |        1.91e-09 |
|             LossV |             704 |
|       DeltaLossPi |        9.54e-10 |
|        DeltaLossV |           -98.2 |
|                KL |        5.82e+04 |
|    BacktrackIters |               9 |
|              Time |            98.5 |
---------------------------------------
[32;1mLine search failed! Keeping old params.[0m
---------------------------------------
|             Epoch |              24 |
|      AverageEpRet |            -914 |
|          StdEpRet |            89.1 |
|          MaxEpRet |            -805 |
|          MinEpRet |       -1.05e+03 |
|             EpLen |           1e+03 |
|      AverageVVals |             -83 |
|          StdVVals |            3.26 |
|          MaxVVals |           -19.7 |
|          MinVVals |           -84.1 |
| TotalEnvInteracts |           1e+05 |
|            LossPi |       -1.73e-08 |
|             LossV |             686 |
|       DeltaLossPi |       -9.54e-10 |
|        DeltaLossV |             -41 |
|                KL |        5.82e+04 |
|    BacktrackIters |               9 |
|              Time |             102 |
---------------------------------------
[32;1mLine search failed! Keeping old params.[0m
---------------------------------------
|             Epoch |              25 |
|      AverageEpRet |            -884 |
|          StdEpRet |            89.6 |
|          MaxEpRet |            -731 |
|          MinEpRet |            -956 |
|             EpLen |           1e+03 |
|      AverageVVals |           -82.3 |
|          StdVVals |            6.28 |
|          MaxVVals |            37.8 |
|          MinVVals |           -84.5 |
| TotalEnvInteracts |        1.04e+05 |
|            LossPi |       -5.48e-09 |
|             LossV |             804 |
|       DeltaLossPi |        1.43e-09 |
|        DeltaLossV |           -53.6 |
|                KL |        5.82e+04 |
|    BacktrackIters |               9 |
|              Time |             106 |
---------------------------------------
[32;1mLine search failed! Keeping old params.[0m
---------------------------------------
|             Epoch |              26 |
|      AverageEpRet |       -1.02e+03 |
|          StdEpRet |            39.4 |
|          MaxEpRet |            -965 |
|          MinEpRet |       -1.07e+03 |
|             EpLen |           1e+03 |
|      AverageVVals |           -81.5 |
|          StdVVals |             5.1 |
|          MaxVVals |           -20.6 |
|          MinVVals |           -84.2 |
| TotalEnvInteracts |        1.08e+05 |
|            LossPi |       -1.41e-08 |
|             LossV |         1.1e+03 |
|       DeltaLossPi |       -9.54e-10 |
|        DeltaLossV |           -91.7 |
|                KL |        5.82e+04 |
|    BacktrackIters |               9 |
|              Time |             110 |
---------------------------------------
[32;1mLine search failed! Keeping old params.[0m
---------------------------------------
|             Epoch |              27 |
|      AverageEpRet |            -917 |
|          StdEpRet |              35 |
|          MaxEpRet |            -862 |
|          MinEpRet |            -956 |
|             EpLen |           1e+03 |
|      AverageVVals |           -84.4 |
|          StdVVals |            7.35 |
|          MaxVVals |              36 |
|          MinVVals |             -86 |
| TotalEnvInteracts |        1.12e+05 |
|            LossPi |       -7.39e-09 |
|             LossV |             909 |
|       DeltaLossPi |       -2.15e-09 |
|        DeltaLossV |           -87.2 |
|                KL |        5.82e+04 |
|    BacktrackIters |               9 |
|              Time |             114 |
---------------------------------------
[32;1mLine search failed! Keeping old params.[0m
---------------------------------------
|             Epoch |              28 |
|      AverageEpRet |            -929 |
|          StdEpRet |            37.6 |
|          MaxEpRet |            -865 |
|          MinEpRet |            -954 |
|             EpLen |           1e+03 |
|      AverageVVals |           -80.6 |
|          StdVVals |              12 |
|          MaxVVals |            59.7 |
|          MinVVals |             -86 |
| TotalEnvInteracts |        1.16e+05 |
|            LossPi |        1.88e-08 |
|             LossV |             731 |
|       DeltaLossPi |       -1.43e-09 |
|        DeltaLossV |            -137 |
|                KL |        5.82e+04 |
|    BacktrackIters |               9 |
|              Time |             118 |
---------------------------------------
[32;1mLine search failed! Keeping old params.[0m
---------------------------------------
|             Epoch |              29 |
|      AverageEpRet |            -987 |
|          StdEpRet |            63.4 |
|          MaxEpRet |            -888 |
|          MinEpRet |       -1.05e+03 |
|             EpLen |           1e+03 |
|      AverageVVals |           -82.5 |
|          StdVVals |            5.69 |
|          MaxVVals |           -30.4 |
|          MinVVals |           -86.7 |
| TotalEnvInteracts |         1.2e+05 |
|            LossPi |        -4.1e-08 |
|             LossV |             850 |
|       DeltaLossPi |       -4.29e-09 |
|        DeltaLossV |             -93 |
|                KL |        5.82e+04 |
|    BacktrackIters |               9 |
|              Time |             123 |
---------------------------------------
[32;1mLine search failed! Keeping old params.[0m
---------------------------------------
|             Epoch |              30 |
|      AverageEpRet |            -900 |
|          StdEpRet |            28.1 |
|          MaxEpRet |            -871 |
|          MinEpRet |            -940 |
|             EpLen |           1e+03 |
|      AverageVVals |           -79.7 |
|          StdVVals |            8.47 |
|          MaxVVals |           -8.69 |
|          MinVVals |           -88.6 |
| TotalEnvInteracts |        1.24e+05 |
|            LossPi |       -5.96e-09 |
|             LossV |             594 |
|       DeltaLossPi |        1.91e-09 |
|        DeltaLossV |            -101 |
|                KL |        5.82e+04 |
|    BacktrackIters |               9 |
|              Time |             127 |
---------------------------------------
[32;1mLine search failed! Keeping old params.[0m
---------------------------------------
|             Epoch |              31 |
|      AverageEpRet |            -916 |
|          StdEpRet |            26.6 |
|          MaxEpRet |            -873 |
|          MinEpRet |            -942 |
|             EpLen |           1e+03 |
|      AverageVVals |           -84.6 |
|          StdVVals |            5.46 |
|          MaxVVals |           -20.8 |
|          MinVVals |           -88.5 |
| TotalEnvInteracts |        1.28e+05 |
|            LossPi |       -4.58e-08 |
|             LossV |             509 |
|       DeltaLossPi |               0 |
|        DeltaLossV |           -43.5 |
|                KL |        5.82e+04 |
|    BacktrackIters |               9 |
|              Time |             131 |
---------------------------------------
[32;1mLine search failed! Keeping old params.[0m
---------------------------------------
|             Epoch |              32 |
|      AverageEpRet |            -949 |
|          StdEpRet |              57 |
|          MaxEpRet |            -891 |
|          MinEpRet |       -1.03e+03 |
|             EpLen |           1e+03 |
|      AverageVVals |           -83.5 |
|          StdVVals |            5.25 |
|          MaxVVals |           -30.3 |
|          MinVVals |           -88.1 |
| TotalEnvInteracts |        1.32e+05 |
|            LossPi |       -4.17e-09 |
|             LossV |             830 |
|       DeltaLossPi |       -1.91e-09 |
|        DeltaLossV |           -75.1 |
|                KL |        5.82e+04 |
|    BacktrackIters |               9 |
|              Time |             135 |
---------------------------------------
[32;1mLine search failed! Keeping old params.[0m
---------------------------------------
|             Epoch |              33 |
|      AverageEpRet |       -1.02e+03 |
|          StdEpRet |            78.4 |
|          MaxEpRet |            -907 |
|          MinEpRet |        -1.1e+03 |
|             EpLen |           1e+03 |
|      AverageVVals |           -83.6 |
|          StdVVals |            5.08 |
|          MaxVVals |           -30.1 |
|          MinVVals |           -88.7 |
| TotalEnvInteracts |        1.36e+05 |
|            LossPi |        2.34e-08 |
|             LossV |        1.17e+03 |
|       DeltaLossPi |       -9.54e-10 |
|        DeltaLossV |           -91.2 |
|                KL |        5.82e+04 |
|    BacktrackIters |               9 |
|              Time |             139 |
---------------------------------------
[32;1mLine search failed! Keeping old params.[0m
---------------------------------------
|             Epoch |              34 |
|      AverageEpRet |            -884 |
|          StdEpRet |             115 |
|          MaxEpRet |            -766 |
|          MinEpRet |       -1.05e+03 |
|             EpLen |           1e+03 |
|      AverageVVals |           -88.9 |
|          StdVVals |            4.98 |
|          MaxVVals |           -16.8 |
|          MinVVals |           -91.3 |
| TotalEnvInteracts |         1.4e+05 |
|            LossPi |        1.54e-08 |
|             LossV |             778 |
|       DeltaLossPi |        4.77e-10 |
|        DeltaLossV |            -196 |
|                KL |        5.82e+04 |
|    BacktrackIters |               9 |
|              Time |             142 |
---------------------------------------
[32;1mLine search failed! Keeping old params.[0m
---------------------------------------
|             Epoch |              35 |
|      AverageEpRet |            -887 |
|          StdEpRet |            28.3 |
|          MaxEpRet |            -858 |
|          MinEpRet |            -932 |
|             EpLen |           1e+03 |
|      AverageVVals |           -81.8 |
|          StdVVals |            11.1 |
|          MaxVVals |            55.7 |
|          MinVVals |           -90.2 |
| TotalEnvInteracts |        1.44e+05 |
|            LossPi |        7.39e-09 |
|             LossV |             557 |
|       DeltaLossPi |       -9.54e-10 |
|        DeltaLossV |            -120 |
|                KL |        5.82e+04 |
|    BacktrackIters |               9 |
|              Time |             146 |
---------------------------------------
[32;1mLine search failed! Keeping old params.[0m
---------------------------------------
|             Epoch |              36 |
|      AverageEpRet |            -905 |
|          StdEpRet |             132 |
|          MaxEpRet |            -712 |
|          MinEpRet |       -1.08e+03 |
|             EpLen |           1e+03 |
|      AverageVVals |           -81.2 |
|          StdVVals |             5.3 |
|          MaxVVals |             -27 |
|          MinVVals |           -89.8 |
| TotalEnvInteracts |        1.48e+05 |
|            LossPi |       -5.13e-09 |
|             LossV |             781 |
|       DeltaLossPi |         3.1e-09 |
|        DeltaLossV |           -84.1 |
|                KL |        5.82e+04 |
|    BacktrackIters |               9 |
|              Time |             150 |
---------------------------------------
[32;1mLine search failed! Keeping old params.[0m
---------------------------------------
|             Epoch |              37 |
|      AverageEpRet |            -951 |
|          StdEpRet |            39.6 |
|          MaxEpRet |            -907 |
|          MinEpRet |       -1.01e+03 |
|             EpLen |           1e+03 |
|      AverageVVals |             -80 |
|          StdVVals |            6.84 |
|          MaxVVals |           -20.2 |
|          MinVVals |           -90.1 |
| TotalEnvInteracts |        1.52e+05 |
|            LossPi |       -1.86e-08 |
|             LossV |             756 |
|       DeltaLossPi |       -9.54e-10 |
|        DeltaLossV |           -96.6 |
|                KL |        5.82e+04 |
|    BacktrackIters |               9 |
|              Time |             154 |
---------------------------------------
[32;1mLine search failed! Keeping old params.[0m
---------------------------------------
|             Epoch |              38 |
|      AverageEpRet |            -976 |
|          StdEpRet |            32.2 |
|          MaxEpRet |            -933 |
|          MinEpRet |       -1.02e+03 |
|             EpLen |           1e+03 |
|      AverageVVals |           -84.4 |
|          StdVVals |            4.29 |
|          MaxVVals |           -48.2 |
|          MinVVals |           -91.3 |
| TotalEnvInteracts |        1.56e+05 |
|            LossPi |        7.39e-09 |
|             LossV |             450 |
|       DeltaLossPi |        1.91e-09 |
|        DeltaLossV |           -34.5 |
|                KL |        5.82e+04 |
|    BacktrackIters |               9 |
|              Time |             157 |
---------------------------------------
[32;1mLine search failed! Keeping old params.[0m
---------------------------------------
|             Epoch |              39 |
|      AverageEpRet |            -993 |
|          StdEpRet |            93.8 |
|          MaxEpRet |            -910 |
|          MinEpRet |       -1.15e+03 |
|             EpLen |           1e+03 |
|      AverageVVals |           -86.2 |
|          StdVVals |            4.22 |
|          MaxVVals |           -45.2 |
|          MinVVals |           -92.4 |
| TotalEnvInteracts |         1.6e+05 |
|            LossPi |       -4.84e-08 |
|             LossV |             694 |
|       DeltaLossPi |        1.91e-09 |
|        DeltaLossV |           -84.5 |
|                KL |        5.82e+04 |
|    BacktrackIters |               9 |
|              Time |             161 |
---------------------------------------
[32;1mLine search failed! Keeping old params.[0m
---------------------------------------
|             Epoch |              40 |
|      AverageEpRet |            -901 |
|          StdEpRet |            82.2 |
|          MaxEpRet |            -765 |
|          MinEpRet |            -986 |
|             EpLen |           1e+03 |
|      AverageVVals |             -91 |
|          StdVVals |            6.43 |
|          MaxVVals |           -56.2 |
|          MinVVals |           -95.2 |
| TotalEnvInteracts |        1.64e+05 |
|            LossPi |        3.34e-09 |
|             LossV |             879 |
|       DeltaLossPi |               0 |
|        DeltaLossV |            -218 |
|                KL |        5.82e+04 |
|    BacktrackIters |               9 |
|              Time |             166 |
---------------------------------------
[32;1mLine search failed! Keeping old params.[0m
---------------------------------------
|             Epoch |              41 |
|      AverageEpRet |            -967 |
|          StdEpRet |             148 |
|          MaxEpRet |            -733 |
|          MinEpRet |       -1.14e+03 |
|             EpLen |           1e+03 |
|      AverageVVals |           -79.3 |
|          StdVVals |            9.77 |
|          MaxVVals |            8.38 |
|          MinVVals |           -94.1 |
| TotalEnvInteracts |        1.68e+05 |
|            LossPi |        9.54e-09 |
|             LossV |             922 |
|       DeltaLossPi |        1.91e-09 |
|        DeltaLossV |            -162 |
|                KL |        5.82e+04 |
|    BacktrackIters |               9 |
|              Time |             170 |
---------------------------------------
[32;1mLine search failed! Keeping old params.[0m
---------------------------------------
|             Epoch |              42 |
|      AverageEpRet |            -925 |
|          StdEpRet |            12.1 |
|          MaxEpRet |            -912 |
|          MinEpRet |            -944 |
|             EpLen |           1e+03 |
|      AverageVVals |           -83.2 |
|          StdVVals |            9.03 |
|          MaxVVals |              14 |
|          MinVVals |           -95.2 |
| TotalEnvInteracts |        1.72e+05 |
|            LossPi |       -1.48e-08 |
|             LossV |             852 |
|       DeltaLossPi |               0 |
|        DeltaLossV |            -137 |
|                KL |        5.82e+04 |
|    BacktrackIters |               9 |
|              Time |             174 |
---------------------------------------
[32;1mLine search failed! Keeping old params.[0m
---------------------------------------
|             Epoch |              43 |
|      AverageEpRet |            -962 |
|          StdEpRet |            66.1 |
|          MaxEpRet |            -860 |
|          MinEpRet |       -1.04e+03 |
|             EpLen |           1e+03 |
|      AverageVVals |           -82.8 |
|          StdVVals |            6.94 |
|          MaxVVals |           -22.7 |
|          MinVVals |           -96.6 |
| TotalEnvInteracts |        1.76e+05 |
|            LossPi |        7.15e-09 |
|             LossV |             513 |
|       DeltaLossPi |        4.77e-10 |
|        DeltaLossV |           -60.4 |
|                KL |        5.82e+04 |
|    BacktrackIters |               9 |
|              Time |             178 |
---------------------------------------
[32;1mLine search failed! Keeping old params.[0m
---------------------------------------
|             Epoch |              44 |
|      AverageEpRet |            -803 |
|          StdEpRet |            94.4 |
|          MaxEpRet |            -661 |
|          MinEpRet |            -912 |
|             EpLen |           1e+03 |
|      AverageVVals |           -89.5 |
|          StdVVals |            8.48 |
|          MaxVVals |           -11.8 |
|          MinVVals |           -97.2 |
| TotalEnvInteracts |         1.8e+05 |
|            LossPi |       -1.48e-08 |
|             LossV |        1.45e+03 |
|       DeltaLossPi |       -9.54e-10 |
|        DeltaLossV |            -470 |
|                KL |        5.82e+04 |
|    BacktrackIters |               9 |
|              Time |             182 |
---------------------------------------
[32;1mLine search failed! Keeping old params.[0m
---------------------------------------
|             Epoch |              45 |
|      AverageEpRet |            -831 |
|          StdEpRet |            87.9 |
|          MaxEpRet |            -711 |
|          MinEpRet |            -954 |
|             EpLen |           1e+03 |
|      AverageVVals |           -65.6 |
|          StdVVals |              16 |
|          MaxVVals |            18.6 |
|          MinVVals |             -96 |
| TotalEnvInteracts |        1.84e+05 |
|            LossPi |        1.72e-08 |
|             LossV |        1.05e+03 |
|       DeltaLossPi |       -9.54e-10 |
|        DeltaLossV |            -394 |
|                KL |        5.82e+04 |
|    BacktrackIters |               9 |
|              Time |             185 |
---------------------------------------
[32;1mLine search failed! Keeping old params.[0m
---------------------------------------
|             Epoch |              46 |
|      AverageEpRet |            -927 |
|          StdEpRet |             171 |
|          MaxEpRet |            -671 |
|          MinEpRet |       -1.15e+03 |
|             EpLen |           1e+03 |
|      AverageVVals |           -74.1 |
|          StdVVals |            14.7 |
|          MaxVVals |              50 |
|          MinVVals |           -96.1 |
| TotalEnvInteracts |        1.88e+05 |
|            LossPi |        2.62e-09 |
|             LossV |        1.12e+03 |
|       DeltaLossPi |               0 |
|        DeltaLossV |            -261 |
|                KL |        5.82e+04 |
|    BacktrackIters |               9 |
|              Time |             189 |
---------------------------------------
[32;1mLine search failed! Keeping old params.[0m
---------------------------------------
|             Epoch |              47 |
|      AverageEpRet |            -948 |
|          StdEpRet |              60 |
|          MaxEpRet |            -868 |
|          MinEpRet |       -1.04e+03 |
|             EpLen |           1e+03 |
|      AverageVVals |           -81.5 |
|          StdVVals |             9.9 |
|          MaxVVals |           -10.4 |
|          MinVVals |           -97.4 |
| TotalEnvInteracts |        1.92e+05 |
|            LossPi |        1.04e-08 |
|             LossV |             900 |
|       DeltaLossPi |       -9.54e-10 |
|        DeltaLossV |            -159 |
|                KL |        5.82e+04 |
|    BacktrackIters |               9 |
|              Time |             193 |
---------------------------------------
[32;1mLine search failed! Keeping old params.[0m
---------------------------------------
|             Epoch |              48 |
|      AverageEpRet |            -872 |
|          StdEpRet |            89.4 |
|          MaxEpRet |            -777 |
|          MinEpRet |            -994 |
|             EpLen |           1e+03 |
|      AverageVVals |           -85.7 |
|          StdVVals |            9.84 |
|          MaxVVals |           -17.3 |
|          MinVVals |           -99.4 |
| TotalEnvInteracts |        1.96e+05 |
|            LossPi |       -9.54e-10 |
|             LossV |             734 |
|       DeltaLossPi |       -4.77e-10 |
|        DeltaLossV |            -150 |
|                KL |        5.82e+04 |
|    BacktrackIters |               9 |
|              Time |             197 |
---------------------------------------
[32;1mLine search failed! Keeping old params.[0m
---------------------------------------
|             Epoch |              49 |
|      AverageEpRet |       -1.02e+03 |
|          StdEpRet |            58.2 |
|          MaxEpRet |            -954 |
|          MinEpRet |       -1.08e+03 |
|             EpLen |           1e+03 |
|      AverageVVals |           -78.7 |
|          StdVVals |            8.14 |
|          MaxVVals |            40.5 |
|          MinVVals |           -97.8 |
| TotalEnvInteracts |           2e+05 |
|            LossPi |        1.07e-08 |
|             LossV |             941 |
|       DeltaLossPi |       -1.43e-09 |
|        DeltaLossV |            -221 |
|                KL |        5.82e+04 |
|    BacktrackIters |               9 |
|              Time |             201 |
---------------------------------------
